created virtual environment CPython3.10.13.final.0-64 in 8888ms
  creator CPython3Posix(dest=/localscratch/pedro36.56883188.0/env, clear=False, no_vcs_ignore=False, global=False)
  seeder FromAppData(download=False, pip=bundle, setuptools=bundle, wheel=bundle, via=copy, app_data_dir=/home/pedro36/.local/share/virtualenv)
    added seed packages: pip==25.1.1, setuptools==80.7.1, wheel==0.45.1+computecanada
  activators BashActivator,CShellActivator,FishActivator,NushellActivator,PowerShellActivator,PythonActivator
Looking in links: /cvmfs/soft.computecanada.ca/custom/python/wheelhouse/gentoo2023/x86-64-v4, /cvmfs/soft.computecanada.ca/custom/python/wheelhouse/gentoo2023/x86-64-v3, /cvmfs/soft.computecanada.ca/custom/python/wheelhouse/gentoo2023/generic, /cvmfs/soft.computecanada.ca/custom/python/wheelhouse/generic
Requirement already satisfied: pip in /localscratch/pedro36.56883188.0/env/lib/python3.10/site-packages (25.1.1)
Looking in links: /cvmfs/soft.computecanada.ca/custom/python/wheelhouse/gentoo2023/x86-64-v4, /cvmfs/soft.computecanada.ca/custom/python/wheelhouse/gentoo2023/x86-64-v3, /cvmfs/soft.computecanada.ca/custom/python/wheelhouse/gentoo2023/generic, /cvmfs/soft.computecanada.ca/custom/python/wheelhouse/generic
Processing /cvmfs/soft.computecanada.ca/custom/python/wheelhouse/gentoo2023/x86-64-v3/torch-2.6.0+computecanada-cp310-cp310-linux_x86_64.whl
Processing /cvmfs/soft.computecanada.ca/custom/python/wheelhouse/gentoo2023/generic/torchvision-0.21.0+computecanada-cp310-cp310-linux_x86_64.whl
Processing /cvmfs/soft.computecanada.ca/custom/python/wheelhouse/gentoo2023/x86-64-v3/torchaudio-2.6.0+computecanada-cp310-cp310-linux_x86_64.whl
Processing /cvmfs/soft.computecanada.ca/custom/python/wheelhouse/generic/ftfy-6.3.0+computecanada-py3-none-any.whl
Processing /cvmfs/soft.computecanada.ca/custom/python/wheelhouse/gentoo2023/generic/scipy-1.15.1+computecanada-cp310-cp310-linux_x86_64.whl
Processing /cvmfs/soft.computecanada.ca/custom/python/wheelhouse/generic/regex-2024.9.11+computecanada-cp310-cp310-linux_x86_64.whl
Processing /cvmfs/soft.computecanada.ca/custom/python/wheelhouse/generic/tqdm-4.67.1+computecanada-py3-none-any.whl
Processing /cvmfs/soft.computecanada.ca/custom/python/wheelhouse/generic/gdown-5.2.0+computecanada-py3-none-any.whl
Processing /cvmfs/soft.computecanada.ca/custom/python/wheelhouse/gentoo2023/x86-64-v3/pandas-2.2.3+computecanada-cp310-cp310-linux_x86_64.whl
Processing /cvmfs/soft.computecanada.ca/custom/python/wheelhouse/generic/filelock-3.18.0+computecanada-py3-none-any.whl (from torch)
Processing /cvmfs/soft.computecanada.ca/custom/python/wheelhouse/generic/typing_extensions-4.14.0+computecanada-py3-none-any.whl (from torch)
Processing /cvmfs/soft.computecanada.ca/custom/python/wheelhouse/generic/networkx-3.5+computecanada-py3-none-any.whl (from torch)
Processing /cvmfs/soft.computecanada.ca/custom/python/wheelhouse/generic/jinja2-3.1.6+computecanada-py3-none-any.whl (from torch)
Processing /cvmfs/soft.computecanada.ca/custom/python/wheelhouse/generic/fsspec-2025.5.1+computecanada-py3-none-any.whl (from torch)
Processing /cvmfs/soft.computecanada.ca/custom/python/wheelhouse/generic/sympy-1.13.1+computecanada-py3-none-any.whl (from torch)
Processing /cvmfs/soft.computecanada.ca/custom/python/wheelhouse/generic/mpmath-1.3.0+computecanada-py3-none-any.whl (from sympy==1.13.1->torch)
Processing /cvmfs/soft.computecanada.ca/custom/python/wheelhouse/gentoo2023/generic/numpy-2.2.2+computecanada-cp310-cp310-linux_x86_64.whl (from torchvision)
Processing /cvmfs/soft.computecanada.ca/custom/python/wheelhouse/gentoo2023/x86-64-v3/Pillow_SIMD-9.5.0.post2+computecanada-cp310-cp310-linux_x86_64.whl (from torchvision)
Processing /cvmfs/soft.computecanada.ca/custom/python/wheelhouse/generic/wcwidth-0.2.13+computecanada-py2.py3-none-any.whl (from ftfy)
Processing /cvmfs/soft.computecanada.ca/custom/python/wheelhouse/generic/beautifulsoup4-4.13.4+computecanada-py3-none-any.whl (from gdown)
Processing /cvmfs/soft.computecanada.ca/custom/python/wheelhouse/generic/requests-2.32.4+computecanada-py3-none-any.whl (from gdown)
Processing /cvmfs/soft.computecanada.ca/custom/python/wheelhouse/generic/python_dateutil-2.9.0.post0+computecanada-py2.py3-none-any.whl (from pandas)
Processing /cvmfs/soft.computecanada.ca/custom/python/wheelhouse/generic/pytz-2025.2+computecanada-py2.py3-none-any.whl (from pandas)
Processing /cvmfs/soft.computecanada.ca/custom/python/wheelhouse/generic/tzdata-2025.2+computecanada-py2.py3-none-any.whl (from pandas)
Processing /cvmfs/soft.computecanada.ca/custom/python/wheelhouse/generic/six-1.17.0+computecanada-py2.py3-none-any.whl (from python-dateutil>=2.8.2->pandas)
Processing /cvmfs/soft.computecanada.ca/custom/python/wheelhouse/generic/soupsieve-2.7+computecanada-py3-none-any.whl (from beautifulsoup4->gdown)
Processing /cvmfs/soft.computecanada.ca/custom/python/wheelhouse/generic/MarkupSafe-2.1.5+computecanada-cp310-cp310-linux_x86_64.whl (from jinja2->torch)
INFO: pip is looking at multiple versions of networkx to determine which version is compatible with other requirements. This could take a while.
Processing /cvmfs/soft.computecanada.ca/custom/python/wheelhouse/generic/networkx-3.4.2+computecanada-py3-none-any.whl (from torch)
Processing /cvmfs/soft.computecanada.ca/custom/python/wheelhouse/generic/charset_normalizer-3.4.2+computecanada-py3-none-any.whl (from requests[socks]->gdown)
Processing /cvmfs/soft.computecanada.ca/custom/python/wheelhouse/generic/idna-3.10+computecanada-py3-none-any.whl (from requests[socks]->gdown)
Processing /cvmfs/soft.computecanada.ca/custom/python/wheelhouse/generic/urllib3-2.5.0+computecanada-py3-none-any.whl (from requests[socks]->gdown)
Processing /cvmfs/soft.computecanada.ca/custom/python/wheelhouse/generic/certifi-2025.6.15+computecanada-py3-none-any.whl (from requests[socks]->gdown)
Processing /cvmfs/soft.computecanada.ca/custom/python/wheelhouse/generic/PySocks-1.7.1+computecanada-py3-none-any.whl (from requests[socks]->gdown)
Installing collected packages: wcwidth, pytz, mpmath, urllib3, tzdata, typing-extensions, tqdm, sympy, soupsieve, six, regex, PySocks, pillow-simd, numpy, networkx, MarkupSafe, idna, ftfy, fsspec, filelock, charset-normalizer, certifi, scipy, requests, python-dateutil, jinja2, beautifulsoup4, torch, pandas, torchvision, torchaudio, gdown

Successfully installed MarkupSafe-2.1.5+computecanada PySocks-1.7.1+computecanada beautifulsoup4-4.13.4+computecanada certifi-2025.6.15+computecanada charset-normalizer-3.4.2+computecanada filelock-3.18.0+computecanada fsspec-2025.5.1+computecanada ftfy-6.3.0+computecanada gdown-5.2.0+computecanada idna-3.10+computecanada jinja2-3.1.6+computecanada mpmath-1.3.0+computecanada networkx-3.4.2+computecanada numpy-2.2.2+computecanada pandas-2.2.3+computecanada pillow-simd-9.5.0.post2+computecanada python-dateutil-2.9.0.post0+computecanada pytz-2025.2+computecanada regex-2024.9.11+computecanada requests-2.32.4+computecanada scipy-1.15.1+computecanada six-1.17.0+computecanada soupsieve-2.7+computecanada sympy-1.13.1+computecanada torch-2.6.0+computecanada torchaudio-2.6.0+computecanada torchvision-0.21.0+computecanada tqdm-4.67.1+computecanada typing-extensions-4.14.0+computecanada tzdata-2025.2+computecanada urllib3-2.5.0+computecanada wcwidth-0.2.13+computecanada
Preparing dataset.
Reading split from /home/pedro36/projects/def-leszek/pedro36/datasets/DATA/eurosat/split_zhou_EuroSAT.json
Creating a 4-shot dataset
Creating a 4-shot dataset

Getting textual features as CLIP's classifier.

Loading visual features and labels from val set.

Loading visual features and labels from test set.

**** Zero-shot CLIP's test accuracy: 42.25. ****

Residual Attention Block 0: ResidualAttentionBlock(
  (attn): MultiheadAttention(
    (out_proj): NonDynamicallyQuantizableLinear(in_features=512, out_features=512, bias=True)
  )
  (ln_1): LayerNorm((512,), eps=1e-05, elementwise_affine=True)
  (mlp): Sequential(
    (c_fc): Linear(in_features=512, out_features=2048, bias=True)
    (gelu): QuickGELU()
    (c_proj): Linear(in_features=2048, out_features=512, bias=True)
  )
  (ln_2): LayerNorm((512,), eps=1e-05, elementwise_affine=True)
)
Residual Attention Block 1: ResidualAttentionBlock(
  (attn): MultiheadAttention(
    (out_proj): NonDynamicallyQuantizableLinear(in_features=512, out_features=512, bias=True)
  )
  (ln_1): LayerNorm((512,), eps=1e-05, elementwise_affine=True)
  (mlp): Sequential(
    (c_fc): Linear(in_features=512, out_features=2048, bias=True)
    (gelu): QuickGELU()
    (c_proj): Linear(in_features=2048, out_features=512, bias=True)
  )
  (ln_2): LayerNorm((512,), eps=1e-05, elementwise_affine=True)
)
Residual Attention Block 2: ResidualAttentionBlock(
  (attn): MultiheadAttention(
    (out_proj): NonDynamicallyQuantizableLinear(in_features=512, out_features=512, bias=True)
  )
  (ln_1): LayerNorm((512,), eps=1e-05, elementwise_affine=True)
  (mlp): Sequential(
    (c_fc): Linear(in_features=512, out_features=2048, bias=True)
    (gelu): QuickGELU()
    (c_proj): Linear(in_features=2048, out_features=512, bias=True)
  )
  (ln_2): LayerNorm((512,), eps=1e-05, elementwise_affine=True)
)
Residual Attention Block 3: ResidualAttentionBlock(
  (attn): MultiheadAttention(
    (out_proj): NonDynamicallyQuantizableLinear(in_features=512, out_features=512, bias=True)
  )
  (ln_1): LayerNorm((512,), eps=1e-05, elementwise_affine=True)
  (mlp): Sequential(
    (c_fc): Linear(in_features=512, out_features=2048, bias=True)
    (gelu): QuickGELU()
    (c_proj): Linear(in_features=2048, out_features=512, bias=True)
  )
  (ln_2): LayerNorm((512,), eps=1e-05, elementwise_affine=True)
)
Residual Attention Block 4: ResidualAttentionBlock(
  (attn): MultiheadAttention(
    (out_proj): NonDynamicallyQuantizableLinear(in_features=512, out_features=512, bias=True)
  )
  (ln_1): LayerNorm((512,), eps=1e-05, elementwise_affine=True)
  (mlp): Sequential(
    (c_fc): Linear(in_features=512, out_features=2048, bias=True)
    (gelu): QuickGELU()
    (c_proj): Linear(in_features=2048, out_features=512, bias=True)
  )
  (ln_2): LayerNorm((512,), eps=1e-05, elementwise_affine=True)
)
Residual Attention Block 5: ResidualAttentionBlock(
  (attn): MultiheadAttention(
    (out_proj): NonDynamicallyQuantizableLinear(in_features=512, out_features=512, bias=True)
  )
  (ln_1): LayerNorm((512,), eps=1e-05, elementwise_affine=True)
  (mlp): Sequential(
    (c_fc): Linear(in_features=512, out_features=2048, bias=True)
    (gelu): QuickGELU()
    (c_proj): Linear(in_features=2048, out_features=512, bias=True)
  )
  (ln_2): LayerNorm((512,), eps=1e-05, elementwise_affine=True)
)
Residual Attention Block 6: ResidualAttentionBlock(
  (attn): MultiheadAttention(
    (out_proj): NonDynamicallyQuantizableLinear(in_features=512, out_features=512, bias=True)
  )
  (ln_1): LayerNorm((512,), eps=1e-05, elementwise_affine=True)
  (mlp): Sequential(
    (c_fc): Linear(in_features=512, out_features=2048, bias=True)
    (gelu): QuickGELU()
    (c_proj): Linear(in_features=2048, out_features=512, bias=True)
  )
  (ln_2): LayerNorm((512,), eps=1e-05, elementwise_affine=True)
)
Residual Attention Block 7: ResidualAttentionBlock(
  (attn): MultiheadAttention(
    (out_proj): NonDynamicallyQuantizableLinear(in_features=512, out_features=512, bias=True)
  )
  (ln_1): LayerNorm((512,), eps=1e-05, elementwise_affine=True)
  (mlp): Sequential(
    (c_fc): Linear(in_features=512, out_features=2048, bias=True)
    (gelu): QuickGELU()
    (c_proj): Linear(in_features=2048, out_features=512, bias=True)
  )
  (ln_2): LayerNorm((512,), eps=1e-05, elementwise_affine=True)
)
Residual Attention Block 8: ResidualAttentionBlock(
  (attn): MultiheadAttention(
    (out_proj): NonDynamicallyQuantizableLinear(in_features=512, out_features=512, bias=True)
  )
  (ln_1): LayerNorm((512,), eps=1e-05, elementwise_affine=True)
  (mlp): Sequential(
    (c_fc): Linear(in_features=512, out_features=2048, bias=True)
    (gelu): QuickGELU()
    (c_proj): Linear(in_features=2048, out_features=512, bias=True)
  )
  (ln_2): LayerNorm((512,), eps=1e-05, elementwise_affine=True)
)
Residual Attention Block 9: ResidualAttentionBlock(
  (attn): MultiheadAttention(
    (out_proj): NonDynamicallyQuantizableLinear(in_features=512, out_features=512, bias=True)
  )
  (ln_1): LayerNorm((512,), eps=1e-05, elementwise_affine=True)
  (mlp): Sequential(
    (c_fc): Linear(in_features=512, out_features=2048, bias=True)
    (gelu): QuickGELU()
    (c_proj): Linear(in_features=2048, out_features=512, bias=True)
  )
  (ln_2): LayerNorm((512,), eps=1e-05, elementwise_affine=True)
)
Residual Attention Block 10: ResidualAttentionBlock(
  (attn): MultiheadAttention(
    (out_proj): NonDynamicallyQuantizableLinear(in_features=512, out_features=512, bias=True)
  )
  (ln_1): LayerNorm((512,), eps=1e-05, elementwise_affine=True)
  (mlp): Sequential(
    (c_fc): Linear(in_features=512, out_features=2048, bias=True)
    (gelu): QuickGELU()
    (c_proj): Linear(in_features=2048, out_features=512, bias=True)
  )
  (ln_2): LayerNorm((512,), eps=1e-05, elementwise_affine=True)
)
Residual Attention Block 11: ResidualAttentionBlock(
  (attn): MultiheadAttention(
    (out_proj): NonDynamicallyQuantizableLinear(in_features=512, out_features=512, bias=True)
  )
  (ln_1): LayerNorm((512,), eps=1e-05, elementwise_affine=True)
  (mlp): Sequential(
    (c_fc): Linear(in_features=512, out_features=2048, bias=True)
    (gelu): QuickGELU()
    (c_proj): Linear(in_features=2048, out_features=512, bias=True)
  )
  (ln_2): LayerNorm((512,), eps=1e-05, elementwise_affine=True)
)
Residual Attention Block 0: ResidualAttentionBlock(
  (attn): MultiheadAttention(
    (out_proj): NonDynamicallyQuantizableLinear(in_features=768, out_features=768, bias=True)
  )
  (ln_1): LayerNorm((768,), eps=1e-05, elementwise_affine=True)
  (mlp): Sequential(
    (c_fc): Linear(in_features=768, out_features=3072, bias=True)
    (gelu): QuickGELU()
    (c_proj): Linear(in_features=3072, out_features=768, bias=True)
  )
  (ln_2): LayerNorm((768,), eps=1e-05, elementwise_affine=True)
)
Residual Attention Block 1: ResidualAttentionBlock(
  (attn): MultiheadAttention(
    (out_proj): NonDynamicallyQuantizableLinear(in_features=768, out_features=768, bias=True)
  )
  (ln_1): LayerNorm((768,), eps=1e-05, elementwise_affine=True)
  (mlp): Sequential(
    (c_fc): Linear(in_features=768, out_features=3072, bias=True)
    (gelu): QuickGELU()
    (c_proj): Linear(in_features=3072, out_features=768, bias=True)
  )
  (ln_2): LayerNorm((768,), eps=1e-05, elementwise_affine=True)
)
Residual Attention Block 2: ResidualAttentionBlock(
  (attn): MultiheadAttention(
    (out_proj): NonDynamicallyQuantizableLinear(in_features=768, out_features=768, bias=True)
  )
  (ln_1): LayerNorm((768,), eps=1e-05, elementwise_affine=True)
  (mlp): Sequential(
    (c_fc): Linear(in_features=768, out_features=3072, bias=True)
    (gelu): QuickGELU()
    (c_proj): Linear(in_features=3072, out_features=768, bias=True)
  )
  (ln_2): LayerNorm((768,), eps=1e-05, elementwise_affine=True)
)
Residual Attention Block 3: ResidualAttentionBlock(
  (attn): MultiheadAttention(
    (out_proj): NonDynamicallyQuantizableLinear(in_features=768, out_features=768, bias=True)
  )
  (ln_1): LayerNorm((768,), eps=1e-05, elementwise_affine=True)
  (mlp): Sequential(
    (c_fc): Linear(in_features=768, out_features=3072, bias=True)
    (gelu): QuickGELU()
    (c_proj): Linear(in_features=3072, out_features=768, bias=True)
  )
  (ln_2): LayerNorm((768,), eps=1e-05, elementwise_affine=True)
)
Residual Attention Block 4: ResidualAttentionBlock(
  (attn): MultiheadAttention(
    (out_proj): NonDynamicallyQuantizableLinear(in_features=768, out_features=768, bias=True)
  )
  (ln_1): LayerNorm((768,), eps=1e-05, elementwise_affine=True)
  (mlp): Sequential(
    (c_fc): Linear(in_features=768, out_features=3072, bias=True)
    (gelu): QuickGELU()
    (c_proj): Linear(in_features=3072, out_features=768, bias=True)
  )
  (ln_2): LayerNorm((768,), eps=1e-05, elementwise_affine=True)
)
Residual Attention Block 5: ResidualAttentionBlock(
  (attn): MultiheadAttention(
    (out_proj): NonDynamicallyQuantizableLinear(in_features=768, out_features=768, bias=True)
  )
  (ln_1): LayerNorm((768,), eps=1e-05, elementwise_affine=True)
  (mlp): Sequential(
    (c_fc): Linear(in_features=768, out_features=3072, bias=True)
    (gelu): QuickGELU()
    (c_proj): Linear(in_features=3072, out_features=768, bias=True)
  )
  (ln_2): LayerNorm((768,), eps=1e-05, elementwise_affine=True)
)
Residual Attention Block 6: ResidualAttentionBlock(
  (attn): MultiheadAttention(
    (out_proj): NonDynamicallyQuantizableLinear(in_features=768, out_features=768, bias=True)
  )
  (ln_1): LayerNorm((768,), eps=1e-05, elementwise_affine=True)
  (mlp): Sequential(
    (c_fc): Linear(in_features=768, out_features=3072, bias=True)
    (gelu): QuickGELU()
    (c_proj): Linear(in_features=3072, out_features=768, bias=True)
  )
  (ln_2): LayerNorm((768,), eps=1e-05, elementwise_affine=True)
)
Residual Attention Block 7: ResidualAttentionBlock(
  (attn): MultiheadAttention(
    (out_proj): NonDynamicallyQuantizableLinear(in_features=768, out_features=768, bias=True)
  )
  (ln_1): LayerNorm((768,), eps=1e-05, elementwise_affine=True)
  (mlp): Sequential(
    (c_fc): Linear(in_features=768, out_features=3072, bias=True)
    (gelu): QuickGELU()
    (c_proj): Linear(in_features=3072, out_features=768, bias=True)
  )
  (ln_2): LayerNorm((768,), eps=1e-05, elementwise_affine=True)
)
Residual Attention Block 8: ResidualAttentionBlock(
  (attn): MultiheadAttention(
    (out_proj): NonDynamicallyQuantizableLinear(in_features=768, out_features=768, bias=True)
  )
  (ln_1): LayerNorm((768,), eps=1e-05, elementwise_affine=True)
  (mlp): Sequential(
    (c_fc): Linear(in_features=768, out_features=3072, bias=True)
    (gelu): QuickGELU()
    (c_proj): Linear(in_features=3072, out_features=768, bias=True)
  )
  (ln_2): LayerNorm((768,), eps=1e-05, elementwise_affine=True)
)
Residual Attention Block 9: ResidualAttentionBlock(
  (attn): MultiheadAttention(
    (out_proj): NonDynamicallyQuantizableLinear(in_features=768, out_features=768, bias=True)
  )
  (ln_1): LayerNorm((768,), eps=1e-05, elementwise_affine=True)
  (mlp): Sequential(
    (c_fc): Linear(in_features=768, out_features=3072, bias=True)
    (gelu): QuickGELU()
    (c_proj): Linear(in_features=3072, out_features=768, bias=True)
  )
  (ln_2): LayerNorm((768,), eps=1e-05, elementwise_affine=True)
)
Residual Attention Block 10: ResidualAttentionBlock(
  (attn): MultiheadAttention(
    (out_proj): NonDynamicallyQuantizableLinear(in_features=768, out_features=768, bias=True)
  )
  (ln_1): LayerNorm((768,), eps=1e-05, elementwise_affine=True)
  (mlp): Sequential(
    (c_fc): Linear(in_features=768, out_features=3072, bias=True)
    (gelu): QuickGELU()
    (c_proj): Linear(in_features=3072, out_features=768, bias=True)
  )
  (ln_2): LayerNorm((768,), eps=1e-05, elementwise_affine=True)
)
Residual Attention Block 11: ResidualAttentionBlock(
  (attn): MultiheadAttention(
    (out_proj): NonDynamicallyQuantizableLinear(in_features=768, out_features=768, bias=True)
  )
  (ln_1): LayerNorm((768,), eps=1e-05, elementwise_affine=True)
  (mlp): Sequential(
    (c_fc): Linear(in_features=768, out_features=3072, bias=True)
    (gelu): QuickGELU()
    (c_proj): Linear(in_features=3072, out_features=768, bias=True)
  )
  (ln_2): LayerNorm((768,), eps=1e-05, elementwise_affine=True)
)
LR: 0.000200, Acc: 35.0000, Loss: 2.1039
LR: 0.000200, Acc: 25.0000, Loss: 2.1313
LR: 0.000200, Acc: 30.0000, Loss: 2.0010
LR: 0.000200, Acc: 27.5000, Loss: 2.0301
LR: 0.000200, Acc: 30.0000, Loss: 2.0293
LR: 0.000200, Acc: 27.5000, Loss: 1.9428
LR: 0.000200, Acc: 30.0000, Loss: 1.9605
LR: 0.000200, Acc: 42.5000, Loss: 1.6246
LR: 0.000200, Acc: 35.0000, Loss: 1.7293
LR: 0.000200, Acc: 40.0000, Loss: 1.6096
LR: 0.000200, Acc: 50.0000, Loss: 1.6074
LR: 0.000200, Acc: 50.0000, Loss: 1.5240
LR: 0.000200, Acc: 45.0000, Loss: 1.4416
LR: 0.000200, Acc: 47.5000, Loss: 1.4279
LR: 0.000200, Acc: 62.5000, Loss: 1.2506
LR: 0.000200, Acc: 52.5000, Loss: 1.3781
LR: 0.000200, Acc: 67.5000, Loss: 1.1428
LR: 0.000200, Acc: 62.5000, Loss: 1.1660
LR: 0.000200, Acc: 67.5000, Loss: 1.0591
LR: 0.000200, Acc: 70.0000, Loss: 1.0424
LR: 0.000200, Acc: 72.5000, Loss: 1.0309
LR: 0.000200, Acc: 77.5000, Loss: 0.9512
LR: 0.000200, Acc: 67.5000, Loss: 0.9951
LR: 0.000200, Acc: 80.0000, Loss: 0.7891
LR: 0.000200, Acc: 75.0000, Loss: 0.8443
LR: 0.000200, Acc: 70.0000, Loss: 0.9089
LR: 0.000200, Acc: 75.0000, Loss: 0.8473
LR: 0.000200, Acc: 75.0000, Loss: 0.8357
LR: 0.000200, Acc: 90.0000, Loss: 0.7126
LR: 0.000200, Acc: 85.0000, Loss: 0.6803
LR: 0.000200, Acc: 87.5000, Loss: 0.7149
LR: 0.000199, Acc: 90.0000, Loss: 0.5068
LR: 0.000199, Acc: 87.5000, Loss: 0.5175
LR: 0.000199, Acc: 87.5000, Loss: 0.4981
LR: 0.000199, Acc: 87.5000, Loss: 0.5811
LR: 0.000199, Acc: 97.5000, Loss: 0.3600
LR: 0.000199, Acc: 95.0000, Loss: 0.4099
LR: 0.000199, Acc: 85.0000, Loss: 0.5770
LR: 0.000199, Acc: 92.5000, Loss: 0.6254
LR: 0.000199, Acc: 87.5000, Loss: 0.4161
LR: 0.000199, Acc: 95.0000, Loss: 0.2891
LR: 0.000199, Acc: 92.5000, Loss: 0.3495
LR: 0.000199, Acc: 85.0000, Loss: 0.3833
LR: 0.000199, Acc: 95.0000, Loss: 0.2813
LR: 0.000199, Acc: 90.0000, Loss: 0.5536
LR: 0.000199, Acc: 87.5000, Loss: 0.3314
LR: 0.000199, Acc: 95.0000, Loss: 0.2444
LR: 0.000199, Acc: 92.5000, Loss: 0.3886
LR: 0.000199, Acc: 90.0000, Loss: 0.3130
LR: 0.000199, Acc: 100.0000, Loss: 0.1747
LR: 0.000199, Acc: 92.5000, Loss: 0.4396
LR: 0.000199, Acc: 87.5000, Loss: 0.5708
LR: 0.000199, Acc: 95.0000, Loss: 0.2391
LR: 0.000199, Acc: 100.0000, Loss: 0.1564
LR: 0.000199, Acc: 95.0000, Loss: 0.3138
LR: 0.000198, Acc: 95.0000, Loss: 0.2284
LR: 0.000198, Acc: 95.0000, Loss: 0.2607
LR: 0.000198, Acc: 95.0000, Loss: 0.2315
LR: 0.000198, Acc: 90.0000, Loss: 0.3321
LR: 0.000198, Acc: 95.0000, Loss: 0.1770
LR: 0.000198, Acc: 92.5000, Loss: 0.2107
LR: 0.000198, Acc: 92.5000, Loss: 0.2288
LR: 0.000198, Acc: 97.5000, Loss: 0.1700
LR: 0.000198, Acc: 92.5000, Loss: 0.2589
LR: 0.000198, Acc: 92.5000, Loss: 0.2938
LR: 0.000198, Acc: 95.0000, Loss: 0.2110
LR: 0.000198, Acc: 100.0000, Loss: 0.0670
LR: 0.000198, Acc: 97.5000, Loss: 0.1362
LR: 0.000198, Acc: 97.5000, Loss: 0.1334
LR: 0.000198, Acc: 92.5000, Loss: 0.2718
LR: 0.000198, Acc: 95.0000, Loss: 0.1320
LR: 0.000197, Acc: 95.0000, Loss: 0.1226
LR: 0.000197, Acc: 95.0000, Loss: 0.1504
LR: 0.000197, Acc: 92.5000, Loss: 0.3354
LR: 0.000197, Acc: 100.0000, Loss: 0.0461
LR: 0.000197, Acc: 95.0000, Loss: 0.1819
LR: 0.000197, Acc: 97.5000, Loss: 0.1334
LR: 0.000197, Acc: 97.5000, Loss: 0.0719
LR: 0.000197, Acc: 95.0000, Loss: 0.1510
LR: 0.000197, Acc: 92.5000, Loss: 0.1872
LR: 0.000197, Acc: 97.5000, Loss: 0.1023
LR: 0.000197, Acc: 92.5000, Loss: 0.1323
LR: 0.000197, Acc: 97.5000, Loss: 0.1066
LR: 0.000197, Acc: 95.0000, Loss: 0.2587
LR: 0.000196, Acc: 97.5000, Loss: 0.1480
LR: 0.000196, Acc: 95.0000, Loss: 0.3861
LR: 0.000196, Acc: 100.0000, Loss: 0.0429
LR: 0.000196, Acc: 97.5000, Loss: 0.1379
LR: 0.000196, Acc: 97.5000, Loss: 0.0980
LR: 0.000196, Acc: 97.5000, Loss: 0.1700
LR: 0.000196, Acc: 100.0000, Loss: 0.0442
LR: 0.000196, Acc: 97.5000, Loss: 0.1199
LR: 0.000196, Acc: 97.5000, Loss: 0.0904
LR: 0.000196, Acc: 92.5000, Loss: 0.2212
LR: 0.000196, Acc: 97.5000, Loss: 0.0693
LR: 0.000196, Acc: 92.5000, Loss: 0.1656
LR: 0.000195, Acc: 97.5000, Loss: 0.0926
LR: 0.000195, Acc: 87.5000, Loss: 0.2653
LR: 0.000195, Acc: 97.5000, Loss: 0.0711
LR: 0.000195, Acc: 100.0000, Loss: 0.0638
LR: 0.000195, Acc: 97.5000, Loss: 0.1723
LR: 0.000195, Acc: 97.5000, Loss: 0.0695
LR: 0.000195, Acc: 97.5000, Loss: 0.1113
LR: 0.000195, Acc: 95.0000, Loss: 0.2148
LR: 0.000195, Acc: 95.0000, Loss: 0.0470
LR: 0.000195, Acc: 97.5000, Loss: 0.0834
LR: 0.000194, Acc: 95.0000, Loss: 0.1787
LR: 0.000194, Acc: 100.0000, Loss: 0.0264
LR: 0.000194, Acc: 97.5000, Loss: 0.0686
LR: 0.000194, Acc: 92.5000, Loss: 0.1282
LR: 0.000194, Acc: 100.0000, Loss: 0.0111
LR: 0.000194, Acc: 97.5000, Loss: 0.0849
LR: 0.000194, Acc: 100.0000, Loss: 0.0338
LR: 0.000194, Acc: 97.5000, Loss: 0.0613
LR: 0.000194, Acc: 92.5000, Loss: 0.0919
LR: 0.000193, Acc: 90.0000, Loss: 0.2524
LR: 0.000193, Acc: 97.5000, Loss: 0.0592
LR: 0.000193, Acc: 100.0000, Loss: 0.0203
LR: 0.000193, Acc: 95.0000, Loss: 0.1091
LR: 0.000193, Acc: 100.0000, Loss: 0.0260
LR: 0.000193, Acc: 95.0000, Loss: 0.1490
LR: 0.000193, Acc: 97.5000, Loss: 0.0516
LR: 0.000193, Acc: 100.0000, Loss: 0.0385
LR: 0.000193, Acc: 92.5000, Loss: 0.2478
LR: 0.000192, Acc: 92.5000, Loss: 0.2925
LR: 0.000192, Acc: 100.0000, Loss: 0.0096
LR: 0.000192, Acc: 97.5000, Loss: 0.0647
LR: 0.000192, Acc: 95.0000, Loss: 0.1457
LR: 0.000192, Acc: 97.5000, Loss: 0.0718
LR: 0.000192, Acc: 100.0000, Loss: 0.0154
LR: 0.000192, Acc: 97.5000, Loss: 0.0617
LR: 0.000192, Acc: 95.0000, Loss: 0.1394
LR: 0.000191, Acc: 100.0000, Loss: 0.0234
LR: 0.000191, Acc: 100.0000, Loss: 0.0302
LR: 0.000191, Acc: 100.0000, Loss: 0.0365
LR: 0.000191, Acc: 100.0000, Loss: 0.0344
LR: 0.000191, Acc: 100.0000, Loss: 0.0152
LR: 0.000191, Acc: 100.0000, Loss: 0.0205
LR: 0.000191, Acc: 97.5000, Loss: 0.0772
LR: 0.000191, Acc: 100.0000, Loss: 0.0295
LR: 0.000190, Acc: 97.5000, Loss: 0.0557
LR: 0.000190, Acc: 97.5000, Loss: 0.0788
LR: 0.000190, Acc: 100.0000, Loss: 0.0096
LR: 0.000190, Acc: 97.5000, Loss: 0.0667
LR: 0.000190, Acc: 100.0000, Loss: 0.0188
LR: 0.000190, Acc: 92.5000, Loss: 0.1093
LR: 0.000190, Acc: 97.5000, Loss: 0.0519
LR: 0.000189, Acc: 100.0000, Loss: 0.0324
LR: 0.000189, Acc: 100.0000, Loss: 0.0072
LR: 0.000189, Acc: 95.0000, Loss: 0.2448
LR: 0.000189, Acc: 97.5000, Loss: 0.0564
LR: 0.000189, Acc: 100.0000, Loss: 0.0059
LR: 0.000189, Acc: 100.0000, Loss: 0.0609
LR: 0.000189, Acc: 100.0000, Loss: 0.0127
LR: 0.000188, Acc: 97.5000, Loss: 0.0360
LR: 0.000188, Acc: 97.5000, Loss: 0.0844
LR: 0.000188, Acc: 97.5000, Loss: 0.0791
LR: 0.000188, Acc: 100.0000, Loss: 0.0061
LR: 0.000188, Acc: 97.5000, Loss: 0.0407
LR: 0.000188, Acc: 100.0000, Loss: 0.0085
LR: 0.000188, Acc: 100.0000, Loss: 0.0098
LR: 0.000187, Acc: 100.0000, Loss: 0.0083
LR: 0.000187, Acc: 97.5000, Loss: 0.2055
LR: 0.000187, Acc: 97.5000, Loss: 0.0730
LR: 0.000187, Acc: 100.0000, Loss: 0.0176
LR: 0.000187, Acc: 95.0000, Loss: 0.1740
LR: 0.000187, Acc: 100.0000, Loss: 0.0089
LR: 0.000186, Acc: 92.5000, Loss: 0.2377
LR: 0.000186, Acc: 97.5000, Loss: 0.0753
LR: 0.000186, Acc: 97.5000, Loss: 0.1015
LR: 0.000186, Acc: 97.5000, Loss: 0.0580
LR: 0.000186, Acc: 92.5000, Loss: 0.2912
LR: 0.000186, Acc: 97.5000, Loss: 0.0787
LR: 0.000186, Acc: 97.5000, Loss: 0.0828
LR: 0.000185, Acc: 95.0000, Loss: 0.1807
LR: 0.000185, Acc: 100.0000, Loss: 0.0334
LR: 0.000185, Acc: 92.5000, Loss: 0.1924
LR: 0.000185, Acc: 100.0000, Loss: 0.0108
LR: 0.000185, Acc: 92.5000, Loss: 0.1924
LR: 0.000185, Acc: 100.0000, Loss: 0.0207
LR: 0.000184, Acc: 100.0000, Loss: 0.0095
LR: 0.000184, Acc: 100.0000, Loss: 0.0210
LR: 0.000184, Acc: 100.0000, Loss: 0.0333
LR: 0.000184, Acc: 97.5000, Loss: 0.0591
LR: 0.000184, Acc: 97.5000, Loss: 0.0705
LR: 0.000183, Acc: 100.0000, Loss: 0.0136
LR: 0.000183, Acc: 97.5000, Loss: 0.0430
LR: 0.000183, Acc: 97.5000, Loss: 0.0755
LR: 0.000183, Acc: 100.0000, Loss: 0.0059
LR: 0.000183, Acc: 100.0000, Loss: 0.0204
LR: 0.000183, Acc: 97.5000, Loss: 0.0272
LR: 0.000182, Acc: 100.0000, Loss: 0.0078
LR: 0.000182, Acc: 95.0000, Loss: 0.2130
LR: 0.000182, Acc: 100.0000, Loss: 0.0403
LR: 0.000182, Acc: 95.0000, Loss: 0.0762
LR: 0.000182, Acc: 92.5000, Loss: 0.1682
LR: 0.000182, Acc: 95.0000, Loss: 0.1343
LR: 0.000181, Acc: 97.5000, Loss: 0.0536
LR: 0.000181, Acc: 97.5000, Loss: 0.0613
LR: 0.000181, Acc: 100.0000, Loss: 0.0205
LR: 0.000181, Acc: 100.0000, Loss: 0.0080
LR: 0.000181, Acc: 95.0000, Loss: 0.2585
LR: 0.000180, Acc: 97.5000, Loss: 0.0754
LR: 0.000180, Acc: 95.0000, Loss: 0.1149
LR: 0.000180, Acc: 100.0000, Loss: 0.0076
LR: 0.000180, Acc: 95.0000, Loss: 0.0921
LR: 0.000180, Acc: 97.5000, Loss: 0.0303
LR: 0.000180, Acc: 100.0000, Loss: 0.0312
LR: 0.000179, Acc: 97.5000, Loss: 0.1165
LR: 0.000179, Acc: 97.5000, Loss: 0.0582
LR: 0.000179, Acc: 100.0000, Loss: 0.0051
LR: 0.000179, Acc: 100.0000, Loss: 0.0147
LR: 0.000179, Acc: 97.5000, Loss: 0.0862
LR: 0.000178, Acc: 100.0000, Loss: 0.0265
LR: 0.000178, Acc: 100.0000, Loss: 0.0134
LR: 0.000178, Acc: 100.0000, Loss: 0.0129
LR: 0.000178, Acc: 100.0000, Loss: 0.0174
LR: 0.000178, Acc: 95.0000, Loss: 0.2885
LR: 0.000177, Acc: 100.0000, Loss: 0.0306
LR: 0.000177, Acc: 100.0000, Loss: 0.0080
LR: 0.000177, Acc: 100.0000, Loss: 0.0044
LR: 0.000177, Acc: 100.0000, Loss: 0.0178
LR: 0.000177, Acc: 97.5000, Loss: 0.0664
LR: 0.000176, Acc: 100.0000, Loss: 0.0102
LR: 0.000176, Acc: 97.5000, Loss: 0.0914
LR: 0.000176, Acc: 100.0000, Loss: 0.0151
LR: 0.000176, Acc: 100.0000, Loss: 0.0154
LR: 0.000176, Acc: 100.0000, Loss: 0.0051
LR: 0.000175, Acc: 95.0000, Loss: 0.0794
LR: 0.000175, Acc: 95.0000, Loss: 0.1557
LR: 0.000175, Acc: 100.0000, Loss: 0.0080
LR: 0.000175, Acc: 100.0000, Loss: 0.0309
LR: 0.000175, Acc: 100.0000, Loss: 0.0168
LR: 0.000174, Acc: 97.5000, Loss: 0.0532
LR: 0.000174, Acc: 97.5000, Loss: 0.0365
LR: 0.000174, Acc: 100.0000, Loss: 0.0057
LR: 0.000174, Acc: 100.0000, Loss: 0.0031
LR: 0.000173, Acc: 97.5000, Loss: 0.1350
LR: 0.000173, Acc: 100.0000, Loss: 0.0084
LR: 0.000173, Acc: 97.5000, Loss: 0.0619
LR: 0.000173, Acc: 100.0000, Loss: 0.0039
LR: 0.000173, Acc: 92.5000, Loss: 0.2158
LR: 0.000172, Acc: 100.0000, Loss: 0.0062
LR: 0.000172, Acc: 100.0000, Loss: 0.0383
LR: 0.000172, Acc: 100.0000, Loss: 0.0050
LR: 0.000172, Acc: 100.0000, Loss: 0.0242
LR: 0.000172, Acc: 100.0000, Loss: 0.0227
LR: 0.000171, Acc: 95.0000, Loss: 0.1012
LR: 0.000171, Acc: 100.0000, Loss: 0.0182
LR: 0.000171, Acc: 95.0000, Loss: 0.1151
LR: 0.000171, Acc: 100.0000, Loss: 0.0204
LR: 0.000170, Acc: 97.5000, Loss: 0.0737
LR: 0.000170, Acc: 97.5000, Loss: 0.1005
LR: 0.000170, Acc: 95.0000, Loss: 0.1516
LR: 0.000170, Acc: 97.5000, Loss: 0.0497
LR: 0.000170, Acc: 100.0000, Loss: 0.0046
LR: 0.000169, Acc: 100.0000, Loss: 0.0124
LR: 0.000169, Acc: 100.0000, Loss: 0.0107
LR: 0.000169, Acc: 100.0000, Loss: 0.0207
LR: 0.000169, Acc: 97.5000, Loss: 0.1439
LR: 0.000168, Acc: 97.5000, Loss: 0.0455
LR: 0.000168, Acc: 100.0000, Loss: 0.0105
LR: 0.000168, Acc: 95.0000, Loss: 0.0910
LR: 0.000168, Acc: 100.0000, Loss: 0.0057
LR: 0.000167, Acc: 100.0000, Loss: 0.0136
LR: 0.000167, Acc: 100.0000, Loss: 0.0064
LR: 0.000167, Acc: 97.5000, Loss: 0.0680
LR: 0.000167, Acc: 97.5000, Loss: 0.0414
LR: 0.000167, Acc: 100.0000, Loss: 0.0186
LR: 0.000166, Acc: 100.0000, Loss: 0.0069
LR: 0.000166, Acc: 97.5000, Loss: 0.0868
LR: 0.000166, Acc: 97.5000, Loss: 0.1956
LR: 0.000166, Acc: 97.5000, Loss: 0.0554
LR: 0.000165, Acc: 97.5000, Loss: 0.0310
LR: 0.000165, Acc: 97.5000, Loss: 0.0462
LR: 0.000165, Acc: 92.5000, Loss: 0.2048
LR: 0.000165, Acc: 100.0000, Loss: 0.0039
LR: 0.000164, Acc: 95.0000, Loss: 0.0656
LR: 0.000164, Acc: 97.5000, Loss: 0.0766
LR: 0.000164, Acc: 100.0000, Loss: 0.0093
LR: 0.000164, Acc: 100.0000, Loss: 0.0029
LR: 0.000163, Acc: 97.5000, Loss: 0.0436
LR: 0.000163, Acc: 100.0000, Loss: 0.0079
LR: 0.000163, Acc: 100.0000, Loss: 0.0100
LR: 0.000163, Acc: 100.0000, Loss: 0.0236
LR: 0.000162, Acc: 95.0000, Loss: 0.1563
LR: 0.000162, Acc: 100.0000, Loss: 0.0086
LR: 0.000162, Acc: 100.0000, Loss: 0.0088
LR: 0.000162, Acc: 100.0000, Loss: 0.0063
LR: 0.000161, Acc: 100.0000, Loss: 0.0017
LR: 0.000161, Acc: 100.0000, Loss: 0.0051
LR: 0.000161, Acc: 100.0000, Loss: 0.0046
LR: 0.000161, Acc: 100.0000, Loss: 0.0018
LR: 0.000160, Acc: 100.0000, Loss: 0.0020
LR: 0.000160, Acc: 100.0000, Loss: 0.0075
LR: 0.000160, Acc: 97.5000, Loss: 0.1116
LR: 0.000160, Acc: 100.0000, Loss: 0.0027
LR: 0.000159, Acc: 95.0000, Loss: 0.1883
LR: 0.000159, Acc: 97.5000, Loss: 0.0479
LR: 0.000159, Acc: 100.0000, Loss: 0.0266
LR: 0.000159, Acc: 97.5000, Loss: 0.1074
LR: 0.000158, Acc: 100.0000, Loss: 0.0248
LR: 0.000158, Acc: 95.0000, Loss: 0.1236
LR: 0.000158, Acc: 95.0000, Loss: 0.0568
LR: 0.000158, Acc: 97.5000, Loss: 0.0763
LR: 0.000157, Acc: 95.0000, Loss: 0.1722
LR: 0.000157, Acc: 100.0000, Loss: 0.0128
LR: 0.000157, Acc: 100.0000, Loss: 0.0129
LR: 0.000157, Acc: 97.5000, Loss: 0.0983
LR: 0.000156, Acc: 95.0000, Loss: 0.0700
LR: 0.000156, Acc: 97.5000, Loss: 0.0486
LR: 0.000156, Acc: 97.5000, Loss: 0.0649
LR: 0.000156, Acc: 97.5000, Loss: 0.0727
LR: 0.000155, Acc: 100.0000, Loss: 0.0332
LR: 0.000155, Acc: 100.0000, Loss: 0.0248
LR: 0.000155, Acc: 97.5000, Loss: 0.0647
LR: 0.000155, Acc: 100.0000, Loss: 0.0059
LR: 0.000154, Acc: 100.0000, Loss: 0.0092
LR: 0.000154, Acc: 97.5000, Loss: 0.0736
LR: 0.000154, Acc: 97.5000, Loss: 0.0506
LR: 0.000154, Acc: 97.5000, Loss: 0.0422
LR: 0.000153, Acc: 100.0000, Loss: 0.0304
LR: 0.000153, Acc: 100.0000, Loss: 0.0284
LR: 0.000153, Acc: 100.0000, Loss: 0.0089
LR: 0.000152, Acc: 97.5000, Loss: 0.0599
LR: 0.000152, Acc: 100.0000, Loss: 0.0148
LR: 0.000152, Acc: 97.5000, Loss: 0.1489
LR: 0.000152, Acc: 100.0000, Loss: 0.0126
LR: 0.000151, Acc: 100.0000, Loss: 0.0213
LR: 0.000151, Acc: 100.0000, Loss: 0.0033
LR: 0.000151, Acc: 100.0000, Loss: 0.0031
LR: 0.000151, Acc: 100.0000, Loss: 0.0017
LR: 0.000150, Acc: 97.5000, Loss: 0.0582
LR: 0.000150, Acc: 100.0000, Loss: 0.0146
LR: 0.000150, Acc: 100.0000, Loss: 0.0084
LR: 0.000150, Acc: 97.5000, Loss: 0.0338
LR: 0.000149, Acc: 97.5000, Loss: 0.0254
LR: 0.000149, Acc: 100.0000, Loss: 0.0193
LR: 0.000149, Acc: 100.0000, Loss: 0.0015
LR: 0.000148, Acc: 97.5000, Loss: 0.1286
LR: 0.000148, Acc: 100.0000, Loss: 0.0014
LR: 0.000148, Acc: 100.0000, Loss: 0.0053
LR: 0.000148, Acc: 100.0000, Loss: 0.0052
LR: 0.000147, Acc: 97.5000, Loss: 0.0689
LR: 0.000147, Acc: 97.5000, Loss: 0.0395
LR: 0.000147, Acc: 100.0000, Loss: 0.0216
LR: 0.000147, Acc: 100.0000, Loss: 0.0062
LR: 0.000146, Acc: 100.0000, Loss: 0.0070
LR: 0.000146, Acc: 97.5000, Loss: 0.0398
LR: 0.000146, Acc: 95.0000, Loss: 0.0591
LR: 0.000145, Acc: 100.0000, Loss: 0.0217
LR: 0.000145, Acc: 100.0000, Loss: 0.0075
LR: 0.000145, Acc: 100.0000, Loss: 0.0011
LR: 0.000145, Acc: 100.0000, Loss: 0.0077
LR: 0.000144, Acc: 100.0000, Loss: 0.0021
LR: 0.000144, Acc: 97.5000, Loss: 0.0530
LR: 0.000144, Acc: 100.0000, Loss: 0.0024
LR: 0.000143, Acc: 100.0000, Loss: 0.0021
LR: 0.000143, Acc: 97.5000, Loss: 0.0211
LR: 0.000143, Acc: 100.0000, Loss: 0.0015
LR: 0.000143, Acc: 100.0000, Loss: 0.0012
LR: 0.000142, Acc: 97.5000, Loss: 0.0465
LR: 0.000142, Acc: 100.0000, Loss: 0.0132
LR: 0.000142, Acc: 100.0000, Loss: 0.0202
LR: 0.000141, Acc: 100.0000, Loss: 0.0103
LR: 0.000141, Acc: 100.0000, Loss: 0.0048
LR: 0.000141, Acc: 100.0000, Loss: 0.0036
LR: 0.000141, Acc: 100.0000, Loss: 0.0240
LR: 0.000140, Acc: 100.0000, Loss: 0.0129
LR: 0.000140, Acc: 100.0000, Loss: 0.0022
LR: 0.000140, Acc: 100.0000, Loss: 0.0143
LR: 0.000139, Acc: 100.0000, Loss: 0.0238
LR: 0.000139, Acc: 100.0000, Loss: 0.0027
LR: 0.000139, Acc: 100.0000, Loss: 0.0045
LR: 0.000139, Acc: 100.0000, Loss: 0.0059
LR: 0.000138, Acc: 100.0000, Loss: 0.0037
LR: 0.000138, Acc: 92.5000, Loss: 0.1124
LR: 0.000138, Acc: 100.0000, Loss: 0.0079
LR: 0.000137, Acc: 100.0000, Loss: 0.0047
LR: 0.000137, Acc: 100.0000, Loss: 0.0165
LR: 0.000137, Acc: 100.0000, Loss: 0.0148
LR: 0.000137, Acc: 97.5000, Loss: 0.0442
LR: 0.000136, Acc: 100.0000, Loss: 0.0021
LR: 0.000136, Acc: 95.0000, Loss: 0.1572
LR: 0.000136, Acc: 97.5000, Loss: 0.1089
LR: 0.000135, Acc: 100.0000, Loss: 0.0209
LR: 0.000135, Acc: 100.0000, Loss: 0.0304
LR: 0.000135, Acc: 100.0000, Loss: 0.0056
LR: 0.000134, Acc: 100.0000, Loss: 0.0084
LR: 0.000134, Acc: 100.0000, Loss: 0.0087
LR: 0.000134, Acc: 95.0000, Loss: 0.1036
LR: 0.000134, Acc: 100.0000, Loss: 0.0195
LR: 0.000133, Acc: 97.5000, Loss: 0.0373
LR: 0.000133, Acc: 100.0000, Loss: 0.0164
LR: 0.000133, Acc: 100.0000, Loss: 0.0195
LR: 0.000132, Acc: 100.0000, Loss: 0.0049
LR: 0.000132, Acc: 97.5000, Loss: 0.0617
LR: 0.000132, Acc: 100.0000, Loss: 0.0076
LR: 0.000132, Acc: 97.5000, Loss: 0.0624
LR: 0.000131, Acc: 100.0000, Loss: 0.0144
LR: 0.000131, Acc: 97.5000, Loss: 0.0592
LR: 0.000131, Acc: 97.5000, Loss: 0.0651
LR: 0.000130, Acc: 100.0000, Loss: 0.0187
LR: 0.000130, Acc: 100.0000, Loss: 0.0024
LR: 0.000130, Acc: 97.5000, Loss: 0.0560
LR: 0.000129, Acc: 97.5000, Loss: 0.0274
LR: 0.000129, Acc: 100.0000, Loss: 0.0014
LR: 0.000129, Acc: 97.5000, Loss: 0.0788
LR: 0.000129, Acc: 100.0000, Loss: 0.0166
LR: 0.000128, Acc: 100.0000, Loss: 0.0045
LR: 0.000128, Acc: 100.0000, Loss: 0.0026
LR: 0.000128, Acc: 100.0000, Loss: 0.0116
LR: 0.000127, Acc: 100.0000, Loss: 0.0184
LR: 0.000127, Acc: 100.0000, Loss: 0.0174
LR: 0.000127, Acc: 100.0000, Loss: 0.0234
LR: 0.000126, Acc: 100.0000, Loss: 0.0153
LR: 0.000126, Acc: 100.0000, Loss: 0.0138
LR: 0.000126, Acc: 100.0000, Loss: 0.0067
LR: 0.000126, Acc: 100.0000, Loss: 0.0213
LR: 0.000125, Acc: 95.0000, Loss: 0.0773
LR: 0.000125, Acc: 97.5000, Loss: 0.0576
LR: 0.000125, Acc: 100.0000, Loss: 0.0021
LR: 0.000124, Acc: 100.0000, Loss: 0.0065
LR: 0.000124, Acc: 100.0000, Loss: 0.0194
LR: 0.000124, Acc: 100.0000, Loss: 0.0039
LR: 0.000123, Acc: 100.0000, Loss: 0.0363
LR: 0.000123, Acc: 100.0000, Loss: 0.0266
LR: 0.000123, Acc: 97.5000, Loss: 0.1469
LR: 0.000123, Acc: 100.0000, Loss: 0.0209
LR: 0.000122, Acc: 100.0000, Loss: 0.0307
LR: 0.000122, Acc: 100.0000, Loss: 0.0016
LR: 0.000122, Acc: 100.0000, Loss: 0.0054
LR: 0.000121, Acc: 97.5000, Loss: 0.0267
LR: 0.000121, Acc: 100.0000, Loss: 0.0131
LR: 0.000121, Acc: 100.0000, Loss: 0.0179
LR: 0.000120, Acc: 97.5000, Loss: 0.1671
LR: 0.000120, Acc: 97.5000, Loss: 0.0282
LR: 0.000120, Acc: 100.0000, Loss: 0.0099
LR: 0.000119, Acc: 100.0000, Loss: 0.0009
LR: 0.000119, Acc: 100.0000, Loss: 0.0205
LR: 0.000119, Acc: 100.0000, Loss: 0.0009
LR: 0.000119, Acc: 100.0000, Loss: 0.0165
LR: 0.000118, Acc: 100.0000, Loss: 0.0094
LR: 0.000118, Acc: 100.0000, Loss: 0.0228
LR: 0.000118, Acc: 100.0000, Loss: 0.0082
LR: 0.000117, Acc: 97.5000, Loss: 0.0387
LR: 0.000117, Acc: 100.0000, Loss: 0.0011
LR: 0.000117, Acc: 100.0000, Loss: 0.0041
LR: 0.000116, Acc: 100.0000, Loss: 0.0139
LR: 0.000116, Acc: 100.0000, Loss: 0.0127
LR: 0.000116, Acc: 100.0000, Loss: 0.0014
LR: 0.000115, Acc: 100.0000, Loss: 0.0093
LR: 0.000115, Acc: 100.0000, Loss: 0.0131
LR: 0.000115, Acc: 100.0000, Loss: 0.0052
LR: 0.000115, Acc: 95.0000, Loss: 0.1150
LR: 0.000114, Acc: 97.5000, Loss: 0.0653
LR: 0.000114, Acc: 97.5000, Loss: 0.0636
LR: 0.000114, Acc: 100.0000, Loss: 0.0025
LR: 0.000113, Acc: 100.0000, Loss: 0.0022
LR: 0.000113, Acc: 100.0000, Loss: 0.0048
LR: 0.000113, Acc: 100.0000, Loss: 0.0145
LR: 0.000112, Acc: 100.0000, Loss: 0.0211
LR: 0.000112, Acc: 100.0000, Loss: 0.0037
LR: 0.000112, Acc: 100.0000, Loss: 0.0033
LR: 0.000111, Acc: 100.0000, Loss: 0.0327
LR: 0.000111, Acc: 100.0000, Loss: 0.0027
LR: 0.000111, Acc: 100.0000, Loss: 0.0048
LR: 0.000110, Acc: 97.5000, Loss: 0.0211
LR: 0.000110, Acc: 97.5000, Loss: 0.1396
LR: 0.000110, Acc: 100.0000, Loss: 0.0050
LR: 0.000110, Acc: 97.5000, Loss: 0.0344
LR: 0.000109, Acc: 97.5000, Loss: 0.0479
LR: 0.000109, Acc: 100.0000, Loss: 0.0022
LR: 0.000109, Acc: 100.0000, Loss: 0.0221
LR: 0.000108, Acc: 100.0000, Loss: 0.0162
LR: 0.000108, Acc: 100.0000, Loss: 0.0236
LR: 0.000108, Acc: 100.0000, Loss: 0.0029
LR: 0.000107, Acc: 100.0000, Loss: 0.0105
LR: 0.000107, Acc: 100.0000, Loss: 0.0039
LR: 0.000107, Acc: 97.5000, Loss: 0.0348
LR: 0.000106, Acc: 100.0000, Loss: 0.0012
LR: 0.000106, Acc: 97.5000, Loss: 0.0939
LR: 0.000106, Acc: 100.0000, Loss: 0.0056
LR: 0.000105, Acc: 100.0000, Loss: 0.0076
LR: 0.000105, Acc: 97.5000, Loss: 0.0558
LR: 0.000105, Acc: 100.0000, Loss: 0.0015
LR: 0.000105, Acc: 100.0000, Loss: 0.0215
LR: 0.000104, Acc: 100.0000, Loss: 0.0016
LR: 0.000104, Acc: 100.0000, Loss: 0.0195
LR: 0.000104, Acc: 97.5000, Loss: 0.1395
LR: 0.000103, Acc: 100.0000, Loss: 0.0033
LR: 0.000103, Acc: 97.5000, Loss: 0.0785
LR: 0.000103, Acc: 97.5000, Loss: 0.0402
LR: 0.000102, Acc: 97.5000, Loss: 0.0486
LR: 0.000102, Acc: 100.0000, Loss: 0.0214
LR: 0.000102, Acc: 100.0000, Loss: 0.0142
LR: 0.000101, Acc: 100.0000, Loss: 0.0041
LR: 0.000101, Acc: 97.5000, Loss: 0.0715
LR: 0.000101, Acc: 100.0000, Loss: 0.0203
LR: 0.000100, Acc: 100.0000, Loss: 0.0068
LR: 0.000100, Acc: 100.0000, Loss: 0.0056
LR: 0.000100, Acc: 100.0000, Loss: 0.0311
LR: 0.000100, Acc: 97.5000, Loss: 0.0383
LR: 0.000099, Acc: 100.0000, Loss: 0.0051
LR: 0.000099, Acc: 97.5000, Loss: 0.0497
LR: 0.000099, Acc: 100.0000, Loss: 0.0063
LR: 0.000098, Acc: 100.0000, Loss: 0.0201
LR: 0.000098, Acc: 100.0000, Loss: 0.0021
LR: 0.000098, Acc: 100.0000, Loss: 0.0222
LR: 0.000097, Acc: 97.5000, Loss: 0.0564
LR: 0.000097, Acc: 95.0000, Loss: 0.1830
LR: 0.000097, Acc: 100.0000, Loss: 0.0009
LR: 0.000096, Acc: 100.0000, Loss: 0.0113
LR: 0.000096, Acc: 100.0000, Loss: 0.0009
LR: 0.000096, Acc: 100.0000, Loss: 0.0035
LR: 0.000096, Acc: 100.0000, Loss: 0.0054
LR: 0.000095, Acc: 100.0000, Loss: 0.0241
LR: 0.000095, Acc: 100.0000, Loss: 0.0042
LR: 0.000095, Acc: 100.0000, Loss: 0.0051
LR: 0.000094, Acc: 100.0000, Loss: 0.0233
LR: 0.000094, Acc: 97.5000, Loss: 0.1243
LR: 0.000094, Acc: 97.5000, Loss: 0.0641
LR: 0.000093, Acc: 100.0000, Loss: 0.0107
LR: 0.000093, Acc: 100.0000, Loss: 0.0088
LR: 0.000093, Acc: 100.0000, Loss: 0.0019
LR: 0.000092, Acc: 100.0000, Loss: 0.0215
LR: 0.000092, Acc: 100.0000, Loss: 0.0127
LR: 0.000092, Acc: 100.0000, Loss: 0.0052
LR: 0.000091, Acc: 100.0000, Loss: 0.0145
LR: 0.000091, Acc: 100.0000, Loss: 0.0041
LR: 0.000091, Acc: 100.0000, Loss: 0.0031
LR: 0.000091, Acc: 100.0000, Loss: 0.0143
LR: 0.000090, Acc: 100.0000, Loss: 0.0198
LR: 0.000090, Acc: 100.0000, Loss: 0.0062
LR: 0.000090, Acc: 100.0000, Loss: 0.0056
LR: 0.000089, Acc: 100.0000, Loss: 0.0111
LR: 0.000089, Acc: 100.0000, Loss: 0.0064
LR: 0.000089, Acc: 100.0000, Loss: 0.0064
LR: 0.000088, Acc: 97.5000, Loss: 0.0749
LR: 0.000088, Acc: 100.0000, Loss: 0.0138
LR: 0.000088, Acc: 100.0000, Loss: 0.0080
LR: 0.000087, Acc: 97.5000, Loss: 0.0414
LR: 0.000087, Acc: 100.0000, Loss: 0.0025
LR: 0.000087, Acc: 97.5000, Loss: 0.0457
LR: 0.000086, Acc: 100.0000, Loss: 0.0014
LR: 0.000086, Acc: 100.0000, Loss: 0.0189
LR: 0.000086, Acc: 100.0000, Loss: 0.0067
LR: 0.000086, Acc: 100.0000, Loss: 0.0115
LR: 0.000085, Acc: 100.0000, Loss: 0.0011
LR: 0.000085, Acc: 100.0000, Loss: 0.0271
LR: 0.000085, Acc: 100.0000, Loss: 0.0100
LR: 0.000084, Acc: 97.5000, Loss: 0.0607
LR: 0.000084, Acc: 97.5000, Loss: 0.1062
LR: 0.000084, Acc: 100.0000, Loss: 0.0020
LR: 0.000083, Acc: 100.0000, Loss: 0.0014
LR: 0.000083, Acc: 100.0000, Loss: 0.0024
LR: 0.000083, Acc: 100.0000, Loss: 0.0180
LR: 0.000082, Acc: 100.0000, Loss: 0.0269
LR: 0.000082, Acc: 100.0000, Loss: 0.0233
LR: 0.000082, Acc: 100.0000, Loss: 0.0014
LR: 0.000082, Acc: 100.0000, Loss: 0.0028
LR: 0.000081, Acc: 100.0000, Loss: 0.0201
LR: 0.000081, Acc: 100.0000, Loss: 0.0015
LR: 0.000081, Acc: 100.0000, Loss: 0.0003
LR: 0.000080, Acc: 97.5000, Loss: 0.0412
LR: 0.000080, Acc: 100.0000, Loss: 0.0029
LR: 0.000080, Acc: 97.5000, Loss: 0.0739
LR: 0.000079, Acc: 92.5000, Loss: 0.2058
LR: 0.000079, Acc: 97.5000, Loss: 0.0922
LR: 0.000079, Acc: 100.0000, Loss: 0.0060
LR: 0.000078, Acc: 100.0000, Loss: 0.0078
LR: 0.000078, Acc: 100.0000, Loss: 0.0020
LR: 0.000078, Acc: 100.0000, Loss: 0.0009
LR: 0.000078, Acc: 97.5000, Loss: 0.0437
LR: 0.000077, Acc: 100.0000, Loss: 0.0009
LR: 0.000077, Acc: 100.0000, Loss: 0.0062
LR: 0.000077, Acc: 100.0000, Loss: 0.0124
LR: 0.000076, Acc: 97.5000, Loss: 0.1001
LR: 0.000076, Acc: 97.5000, Loss: 0.1620
LR: 0.000076, Acc: 97.5000, Loss: 0.2717
LR: 0.000075, Acc: 100.0000, Loss: 0.0034
LR: 0.000075, Acc: 100.0000, Loss: 0.0039
LR: 0.000075, Acc: 100.0000, Loss: 0.0085
LR: 0.000075, Acc: 100.0000, Loss: 0.0183
LR: 0.000074, Acc: 97.5000, Loss: 0.1309
LR: 0.000074, Acc: 100.0000, Loss: 0.0085
LR: 0.000074, Acc: 100.0000, Loss: 0.0006
LR: 0.000073, Acc: 100.0000, Loss: 0.0004
LR: 0.000073, Acc: 100.0000, Loss: 0.0153
LR: 0.000073, Acc: 97.5000, Loss: 0.0520
LR: 0.000072, Acc: 100.0000, Loss: 0.0096
LR: 0.000072, Acc: 100.0000, Loss: 0.0091
LR: 0.000072, Acc: 100.0000, Loss: 0.0016
LR: 0.000072, Acc: 97.5000, Loss: 0.0241
LR: 0.000071, Acc: 100.0000, Loss: 0.0132
LR: 0.000071, Acc: 100.0000, Loss: 0.0012
LR: 0.000071, Acc: 100.0000, Loss: 0.0092
LR: 0.000070, Acc: 100.0000, Loss: 0.0099
LR: 0.000070, Acc: 100.0000, Loss: 0.0053
LR: 0.000070, Acc: 100.0000, Loss: 0.0046
LR: 0.000069, Acc: 100.0000, Loss: 0.0064
LR: 0.000069, Acc: 100.0000, Loss: 0.0118
LR: 0.000069, Acc: 100.0000, Loss: 0.0099
LR: 0.000069, Acc: 100.0000, Loss: 0.0412
LR: 0.000068, Acc: 100.0000, Loss: 0.0018
LR: 0.000068, Acc: 100.0000, Loss: 0.0167
LR: 0.000068, Acc: 100.0000, Loss: 0.0031
LR: 0.000067, Acc: 100.0000, Loss: 0.0103
LR: 0.000067, Acc: 100.0000, Loss: 0.0021
LR: 0.000067, Acc: 100.0000, Loss: 0.0166
LR: 0.000067, Acc: 100.0000, Loss: 0.0115
LR: 0.000066, Acc: 95.0000, Loss: 0.1680
LR: 0.000066, Acc: 97.5000, Loss: 0.0811
LR: 0.000066, Acc: 100.0000, Loss: 0.0086
LR: 0.000065, Acc: 100.0000, Loss: 0.0015
LR: 0.000065, Acc: 100.0000, Loss: 0.0022
LR: 0.000065, Acc: 100.0000, Loss: 0.0139
LR: 0.000064, Acc: 97.5000, Loss: 0.0228
LR: 0.000064, Acc: 100.0000, Loss: 0.0022
LR: 0.000064, Acc: 100.0000, Loss: 0.0016
LR: 0.000064, Acc: 97.5000, Loss: 0.0675
LR: 0.000063, Acc: 100.0000, Loss: 0.0106
LR: 0.000063, Acc: 100.0000, Loss: 0.0045
LR: 0.000063, Acc: 100.0000, Loss: 0.0146
LR: 0.000062, Acc: 100.0000, Loss: 0.0017
LR: 0.000062, Acc: 100.0000, Loss: 0.0196
LR: 0.000062, Acc: 100.0000, Loss: 0.0142
LR: 0.000062, Acc: 100.0000, Loss: 0.0025
LR: 0.000061, Acc: 100.0000, Loss: 0.0150
LR: 0.000061, Acc: 100.0000, Loss: 0.0025
LR: 0.000061, Acc: 100.0000, Loss: 0.0162
LR: 0.000060, Acc: 100.0000, Loss: 0.0038
LR: 0.000060, Acc: 97.5000, Loss: 0.0251
LR: 0.000060, Acc: 100.0000, Loss: 0.0114
LR: 0.000060, Acc: 97.5000, Loss: 0.0399
LR: 0.000059, Acc: 100.0000, Loss: 0.0209
LR: 0.000059, Acc: 100.0000, Loss: 0.0164
LR: 0.000059, Acc: 100.0000, Loss: 0.0109
LR: 0.000058, Acc: 100.0000, Loss: 0.0079
LR: 0.000058, Acc: 100.0000, Loss: 0.0046
LR: 0.000058, Acc: 100.0000, Loss: 0.0094
LR: 0.000058, Acc: 97.5000, Loss: 0.0717
LR: 0.000057, Acc: 97.5000, Loss: 0.0382
LR: 0.000057, Acc: 100.0000, Loss: 0.0009
LR: 0.000057, Acc: 97.5000, Loss: 0.0343
LR: 0.000056, Acc: 100.0000, Loss: 0.0015
LR: 0.000056, Acc: 100.0000, Loss: 0.0203
LR: 0.000056, Acc: 97.5000, Loss: 0.0335
LR: 0.000056, Acc: 100.0000, Loss: 0.0007
LR: 0.000055, Acc: 100.0000, Loss: 0.0213
LR: 0.000055, Acc: 100.0000, Loss: 0.0013
LR: 0.000055, Acc: 100.0000, Loss: 0.0116
LR: 0.000054, Acc: 100.0000, Loss: 0.0071
LR: 0.000054, Acc: 97.5000, Loss: 0.0349
LR: 0.000054, Acc: 100.0000, Loss: 0.0144
LR: 0.000054, Acc: 100.0000, Loss: 0.0211
LR: 0.000053, Acc: 100.0000, Loss: 0.0280
LR: 0.000053, Acc: 100.0000, Loss: 0.0103
LR: 0.000053, Acc: 100.0000, Loss: 0.0015
LR: 0.000053, Acc: 100.0000, Loss: 0.0069
LR: 0.000052, Acc: 97.5000, Loss: 0.1081
LR: 0.000052, Acc: 100.0000, Loss: 0.0009
LR: 0.000052, Acc: 100.0000, Loss: 0.0032
LR: 0.000051, Acc: 100.0000, Loss: 0.0049
LR: 0.000051, Acc: 100.0000, Loss: 0.0022
LR: 0.000051, Acc: 100.0000, Loss: 0.0110
LR: 0.000051, Acc: 100.0000, Loss: 0.0032
LR: 0.000050, Acc: 97.5000, Loss: 0.0369
LR: 0.000050, Acc: 100.0000, Loss: 0.0014
LR: 0.000050, Acc: 97.5000, Loss: 0.0214
LR: 0.000050, Acc: 100.0000, Loss: 0.0264
LR: 0.000049, Acc: 100.0000, Loss: 0.0029
LR: 0.000049, Acc: 100.0000, Loss: 0.0161
LR: 0.000049, Acc: 100.0000, Loss: 0.0112
LR: 0.000049, Acc: 100.0000, Loss: 0.0023
LR: 0.000048, Acc: 100.0000, Loss: 0.0117
LR: 0.000048, Acc: 100.0000, Loss: 0.0037
LR: 0.000048, Acc: 100.0000, Loss: 0.0184
LR: 0.000047, Acc: 97.5000, Loss: 0.1171
LR: 0.000047, Acc: 100.0000, Loss: 0.0018
LR: 0.000047, Acc: 100.0000, Loss: 0.0079
LR: 0.000047, Acc: 92.5000, Loss: 0.1894
LR: 0.000046, Acc: 100.0000, Loss: 0.0012
LR: 0.000046, Acc: 97.5000, Loss: 0.0480
LR: 0.000046, Acc: 100.0000, Loss: 0.0041
LR: 0.000046, Acc: 100.0000, Loss: 0.0197
LR: 0.000045, Acc: 97.5000, Loss: 0.0362
LR: 0.000045, Acc: 100.0000, Loss: 0.0014
LR: 0.000045, Acc: 100.0000, Loss: 0.0007
LR: 0.000045, Acc: 100.0000, Loss: 0.0019
LR: 0.000044, Acc: 97.5000, Loss: 0.0745
LR: 0.000044, Acc: 100.0000, Loss: 0.0013
LR: 0.000044, Acc: 100.0000, Loss: 0.0006
LR: 0.000044, Acc: 97.5000, Loss: 0.1008
LR: 0.000043, Acc: 100.0000, Loss: 0.0032
LR: 0.000043, Acc: 100.0000, Loss: 0.0023
LR: 0.000043, Acc: 97.5000, Loss: 0.2049
LR: 0.000043, Acc: 97.5000, Loss: 0.1813
LR: 0.000042, Acc: 97.5000, Loss: 0.0894
LR: 0.000042, Acc: 100.0000, Loss: 0.0014
LR: 0.000042, Acc: 100.0000, Loss: 0.0012
LR: 0.000042, Acc: 100.0000, Loss: 0.0038
LR: 0.000041, Acc: 100.0000, Loss: 0.0149
LR: 0.000041, Acc: 100.0000, Loss: 0.0007
LR: 0.000041, Acc: 100.0000, Loss: 0.0012
LR: 0.000041, Acc: 100.0000, Loss: 0.0129
LR: 0.000040, Acc: 100.0000, Loss: 0.0016
LR: 0.000040, Acc: 100.0000, Loss: 0.0282
LR: 0.000040, Acc: 100.0000, Loss: 0.0020
LR: 0.000040, Acc: 100.0000, Loss: 0.0171
LR: 0.000039, Acc: 100.0000, Loss: 0.0115
LR: 0.000039, Acc: 100.0000, Loss: 0.0092
LR: 0.000039, Acc: 100.0000, Loss: 0.0074
LR: 0.000039, Acc: 100.0000, Loss: 0.0377
LR: 0.000038, Acc: 100.0000, Loss: 0.0018
LR: 0.000038, Acc: 100.0000, Loss: 0.0067
LR: 0.000038, Acc: 100.0000, Loss: 0.0133
LR: 0.000038, Acc: 100.0000, Loss: 0.0042
LR: 0.000037, Acc: 100.0000, Loss: 0.0006
LR: 0.000037, Acc: 97.5000, Loss: 0.0737
LR: 0.000037, Acc: 100.0000, Loss: 0.0121
LR: 0.000037, Acc: 100.0000, Loss: 0.0029
LR: 0.000036, Acc: 100.0000, Loss: 0.0033
LR: 0.000036, Acc: 100.0000, Loss: 0.0200
LR: 0.000036, Acc: 100.0000, Loss: 0.0017
LR: 0.000036, Acc: 100.0000, Loss: 0.0014
LR: 0.000035, Acc: 100.0000, Loss: 0.0054
LR: 0.000035, Acc: 100.0000, Loss: 0.0050
LR: 0.000035, Acc: 97.5000, Loss: 0.0588
LR: 0.000035, Acc: 100.0000, Loss: 0.0043
LR: 0.000034, Acc: 97.5000, Loss: 0.0317
LR: 0.000034, Acc: 97.5000, Loss: 0.0522
LR: 0.000034, Acc: 100.0000, Loss: 0.0006
LR: 0.000034, Acc: 100.0000, Loss: 0.0026
LR: 0.000034, Acc: 100.0000, Loss: 0.0038
LR: 0.000033, Acc: 100.0000, Loss: 0.0175
LR: 0.000033, Acc: 100.0000, Loss: 0.0037
LR: 0.000033, Acc: 100.0000, Loss: 0.0025
LR: 0.000033, Acc: 100.0000, Loss: 0.0092
LR: 0.000032, Acc: 97.5000, Loss: 0.0253
LR: 0.000032, Acc: 100.0000, Loss: 0.0078
LR: 0.000032, Acc: 100.0000, Loss: 0.0069
LR: 0.000032, Acc: 100.0000, Loss: 0.0027
LR: 0.000031, Acc: 100.0000, Loss: 0.0062
LR: 0.000031, Acc: 100.0000, Loss: 0.0060
LR: 0.000031, Acc: 100.0000, Loss: 0.0007
LR: 0.000031, Acc: 100.0000, Loss: 0.0008
LR: 0.000031, Acc: 97.5000, Loss: 0.0346
LR: 0.000030, Acc: 100.0000, Loss: 0.0074
LR: 0.000030, Acc: 100.0000, Loss: 0.0016
LR: 0.000030, Acc: 100.0000, Loss: 0.0037
LR: 0.000030, Acc: 100.0000, Loss: 0.0010
LR: 0.000029, Acc: 100.0000, Loss: 0.0056
LR: 0.000029, Acc: 95.0000, Loss: 0.1513
LR: 0.000029, Acc: 100.0000, Loss: 0.0014
LR: 0.000029, Acc: 100.0000, Loss: 0.0106
LR: 0.000029, Acc: 100.0000, Loss: 0.0012
LR: 0.000028, Acc: 100.0000, Loss: 0.0085
LR: 0.000028, Acc: 100.0000, Loss: 0.0186
LR: 0.000028, Acc: 100.0000, Loss: 0.0094
LR: 0.000028, Acc: 100.0000, Loss: 0.0082
LR: 0.000028, Acc: 100.0000, Loss: 0.0108
LR: 0.000027, Acc: 100.0000, Loss: 0.0021
LR: 0.000027, Acc: 100.0000, Loss: 0.0085
LR: 0.000027, Acc: 100.0000, Loss: 0.0007
LR: 0.000027, Acc: 100.0000, Loss: 0.0074
LR: 0.000026, Acc: 97.5000, Loss: 0.0265
LR: 0.000026, Acc: 100.0000, Loss: 0.0012
LR: 0.000026, Acc: 100.0000, Loss: 0.0051
LR: 0.000026, Acc: 100.0000, Loss: 0.0166
LR: 0.000026, Acc: 100.0000, Loss: 0.0009
LR: 0.000025, Acc: 100.0000, Loss: 0.0135
LR: 0.000025, Acc: 100.0000, Loss: 0.0010
LR: 0.000025, Acc: 97.5000, Loss: 0.0279
LR: 0.000025, Acc: 97.5000, Loss: 0.0532
LR: 0.000025, Acc: 100.0000, Loss: 0.0065
LR: 0.000024, Acc: 100.0000, Loss: 0.0013
LR: 0.000024, Acc: 100.0000, Loss: 0.0006
LR: 0.000024, Acc: 100.0000, Loss: 0.0091
LR: 0.000024, Acc: 100.0000, Loss: 0.0057
LR: 0.000024, Acc: 100.0000, Loss: 0.0157
LR: 0.000023, Acc: 100.0000, Loss: 0.0003
LR: 0.000023, Acc: 100.0000, Loss: 0.0046
LR: 0.000023, Acc: 100.0000, Loss: 0.0021
LR: 0.000023, Acc: 100.0000, Loss: 0.0045
LR: 0.000023, Acc: 100.0000, Loss: 0.0068
LR: 0.000022, Acc: 100.0000, Loss: 0.0211
LR: 0.000022, Acc: 100.0000, Loss: 0.0044
LR: 0.000022, Acc: 100.0000, Loss: 0.0046
LR: 0.000022, Acc: 100.0000, Loss: 0.0062
LR: 0.000022, Acc: 100.0000, Loss: 0.0034
LR: 0.000021, Acc: 100.0000, Loss: 0.0049
LR: 0.000021, Acc: 100.0000, Loss: 0.0272
LR: 0.000021, Acc: 100.0000, Loss: 0.0033
LR: 0.000021, Acc: 100.0000, Loss: 0.0027
LR: 0.000021, Acc: 100.0000, Loss: 0.0009
LR: 0.000021, Acc: 100.0000, Loss: 0.0016
LR: 0.000020, Acc: 100.0000, Loss: 0.0122
LR: 0.000020, Acc: 97.5000, Loss: 0.0496
LR: 0.000020, Acc: 100.0000, Loss: 0.0158
LR: 0.000020, Acc: 100.0000, Loss: 0.0008
LR: 0.000020, Acc: 100.0000, Loss: 0.0250
LR: 0.000019, Acc: 97.5000, Loss: 0.0755
LR: 0.000019, Acc: 100.0000, Loss: 0.0037
LR: 0.000019, Acc: 97.5000, Loss: 0.0288
LR: 0.000019, Acc: 97.5000, Loss: 0.1076
LR: 0.000019, Acc: 97.5000, Loss: 0.0290
LR: 0.000019, Acc: 100.0000, Loss: 0.0038
LR: 0.000018, Acc: 100.0000, Loss: 0.0006
LR: 0.000018, Acc: 100.0000, Loss: 0.0024
LR: 0.000018, Acc: 97.5000, Loss: 0.0862
LR: 0.000018, Acc: 100.0000, Loss: 0.0080
LR: 0.000018, Acc: 100.0000, Loss: 0.0006
LR: 0.000018, Acc: 100.0000, Loss: 0.0007
LR: 0.000017, Acc: 100.0000, Loss: 0.0004
LR: 0.000017, Acc: 97.5000, Loss: 0.0914
LR: 0.000017, Acc: 100.0000, Loss: 0.0055
LR: 0.000017, Acc: 92.5000, Loss: 0.1249
LR: 0.000017, Acc: 97.5000, Loss: 0.0427
LR: 0.000016, Acc: 100.0000, Loss: 0.0037
LR: 0.000016, Acc: 100.0000, Loss: 0.0068
LR: 0.000016, Acc: 100.0000, Loss: 0.0043
LR: 0.000016, Acc: 100.0000, Loss: 0.0015
LR: 0.000016, Acc: 100.0000, Loss: 0.0105
LR: 0.000016, Acc: 100.0000, Loss: 0.0008
LR: 0.000015, Acc: 100.0000, Loss: 0.0037
LR: 0.000015, Acc: 100.0000, Loss: 0.0111
LR: 0.000015, Acc: 100.0000, Loss: 0.0006
LR: 0.000015, Acc: 100.0000, Loss: 0.0039
LR: 0.000015, Acc: 100.0000, Loss: 0.0111
LR: 0.000015, Acc: 100.0000, Loss: 0.0047
LR: 0.000015, Acc: 100.0000, Loss: 0.0095
LR: 0.000014, Acc: 97.5000, Loss: 0.0726
LR: 0.000014, Acc: 97.5000, Loss: 0.0436
LR: 0.000014, Acc: 97.5000, Loss: 0.0463
LR: 0.000014, Acc: 100.0000, Loss: 0.0004
LR: 0.000014, Acc: 100.0000, Loss: 0.0015
LR: 0.000014, Acc: 100.0000, Loss: 0.0109
LR: 0.000013, Acc: 100.0000, Loss: 0.0037
LR: 0.000013, Acc: 100.0000, Loss: 0.0018
LR: 0.000013, Acc: 100.0000, Loss: 0.0068
LR: 0.000013, Acc: 100.0000, Loss: 0.0029
LR: 0.000013, Acc: 100.0000, Loss: 0.0104
LR: 0.000013, Acc: 100.0000, Loss: 0.0225
LR: 0.000013, Acc: 100.0000, Loss: 0.0031
LR: 0.000012, Acc: 100.0000, Loss: 0.0007
LR: 0.000012, Acc: 100.0000, Loss: 0.0048
LR: 0.000012, Acc: 97.5000, Loss: 0.0435
LR: 0.000012, Acc: 100.0000, Loss: 0.0026
LR: 0.000012, Acc: 100.0000, Loss: 0.0058
LR: 0.000012, Acc: 100.0000, Loss: 0.0029
LR: 0.000012, Acc: 100.0000, Loss: 0.0148
LR: 0.000011, Acc: 100.0000, Loss: 0.0117
LR: 0.000011, Acc: 97.5000, Loss: 0.0303
LR: 0.000011, Acc: 100.0000, Loss: 0.0137
LR: 0.000011, Acc: 100.0000, Loss: 0.0025
LR: 0.000011, Acc: 100.0000, Loss: 0.0023
LR: 0.000011, Acc: 100.0000, Loss: 0.0044
LR: 0.000011, Acc: 100.0000, Loss: 0.0020
LR: 0.000010, Acc: 100.0000, Loss: 0.0094
LR: 0.000010, Acc: 100.0000, Loss: 0.0030
LR: 0.000010, Acc: 100.0000, Loss: 0.0073
LR: 0.000010, Acc: 100.0000, Loss: 0.0004
LR: 0.000010, Acc: 100.0000, Loss: 0.0005
LR: 0.000010, Acc: 100.0000, Loss: 0.0004
LR: 0.000010, Acc: 100.0000, Loss: 0.0031
LR: 0.000010, Acc: 100.0000, Loss: 0.0018
LR: 0.000009, Acc: 100.0000, Loss: 0.0046
LR: 0.000009, Acc: 100.0000, Loss: 0.0005
LR: 0.000009, Acc: 100.0000, Loss: 0.0053
LR: 0.000009, Acc: 100.0000, Loss: 0.0016
LR: 0.000009, Acc: 97.5000, Loss: 0.0540
LR: 0.000009, Acc: 97.5000, Loss: 0.0419
LR: 0.000009, Acc: 100.0000, Loss: 0.0032
LR: 0.000009, Acc: 100.0000, Loss: 0.0006
LR: 0.000008, Acc: 100.0000, Loss: 0.0133
LR: 0.000008, Acc: 100.0000, Loss: 0.0018
LR: 0.000008, Acc: 100.0000, Loss: 0.0007
LR: 0.000008, Acc: 100.0000, Loss: 0.0008
LR: 0.000008, Acc: 100.0000, Loss: 0.0186
LR: 0.000008, Acc: 100.0000, Loss: 0.0006
LR: 0.000008, Acc: 100.0000, Loss: 0.0003
LR: 0.000008, Acc: 100.0000, Loss: 0.0207
LR: 0.000008, Acc: 100.0000, Loss: 0.0012
LR: 0.000007, Acc: 100.0000, Loss: 0.0056
LR: 0.000007, Acc: 100.0000, Loss: 0.0127
LR: 0.000007, Acc: 100.0000, Loss: 0.0007
LR: 0.000007, Acc: 100.0000, Loss: 0.0059
LR: 0.000007, Acc: 100.0000, Loss: 0.0011
LR: 0.000007, Acc: 100.0000, Loss: 0.0010
LR: 0.000007, Acc: 100.0000, Loss: 0.0047
LR: 0.000007, Acc: 100.0000, Loss: 0.0017
LR: 0.000007, Acc: 97.5000, Loss: 0.1649
LR: 0.000006, Acc: 100.0000, Loss: 0.0017
LR: 0.000006, Acc: 100.0000, Loss: 0.0027
LR: 0.000006, Acc: 100.0000, Loss: 0.0071
LR: 0.000006, Acc: 100.0000, Loss: 0.0022
LR: 0.000006, Acc: 100.0000, Loss: 0.0106
LR: 0.000006, Acc: 100.0000, Loss: 0.0014
LR: 0.000006, Acc: 100.0000, Loss: 0.0011
LR: 0.000006, Acc: 100.0000, Loss: 0.0005
LR: 0.000006, Acc: 97.5000, Loss: 0.0916
LR: 0.000006, Acc: 100.0000, Loss: 0.0065
LR: 0.000005, Acc: 100.0000, Loss: 0.0020
LR: 0.000005, Acc: 100.0000, Loss: 0.0026
LR: 0.000005, Acc: 100.0000, Loss: 0.0048
LR: 0.000005, Acc: 100.0000, Loss: 0.0069
LR: 0.000005, Acc: 97.5000, Loss: 0.0294
LR: 0.000005, Acc: 97.5000, Loss: 0.0272
LR: 0.000005, Acc: 97.5000, Loss: 0.0372
LR: 0.000005, Acc: 100.0000, Loss: 0.0017
LR: 0.000005, Acc: 97.5000, Loss: 0.1061
LR: 0.000005, Acc: 97.5000, Loss: 0.0979
LR: 0.000005, Acc: 100.0000, Loss: 0.0064
LR: 0.000005, Acc: 100.0000, Loss: 0.0004
LR: 0.000004, Acc: 100.0000, Loss: 0.0131
LR: 0.000004, Acc: 97.5000, Loss: 0.0281
LR: 0.000004, Acc: 100.0000, Loss: 0.0040
LR: 0.000004, Acc: 100.0000, Loss: 0.0020
LR: 0.000004, Acc: 100.0000, Loss: 0.0072
LR: 0.000004, Acc: 100.0000, Loss: 0.0066
LR: 0.000004, Acc: 100.0000, Loss: 0.0018
LR: 0.000004, Acc: 100.0000, Loss: 0.0090
LR: 0.000004, Acc: 97.5000, Loss: 0.0994
LR: 0.000004, Acc: 100.0000, Loss: 0.0004
LR: 0.000004, Acc: 100.0000, Loss: 0.0028
LR: 0.000004, Acc: 100.0000, Loss: 0.0011
LR: 0.000004, Acc: 100.0000, Loss: 0.0064
LR: 0.000003, Acc: 100.0000, Loss: 0.0087
LR: 0.000003, Acc: 100.0000, Loss: 0.0025
LR: 0.000003, Acc: 97.5000, Loss: 0.0978
LR: 0.000003, Acc: 100.0000, Loss: 0.0047
LR: 0.000003, Acc: 100.0000, Loss: 0.0124
LR: 0.000003, Acc: 100.0000, Loss: 0.0048
LR: 0.000003, Acc: 100.0000, Loss: 0.0134
LR: 0.000003, Acc: 100.0000, Loss: 0.0139
LR: 0.000003, Acc: 100.0000, Loss: 0.0008
LR: 0.000003, Acc: 100.0000, Loss: 0.0018
LR: 0.000003, Acc: 100.0000, Loss: 0.0111
LR: 0.000003, Acc: 100.0000, Loss: 0.0010
LR: 0.000003, Acc: 100.0000, Loss: 0.0029
LR: 0.000003, Acc: 100.0000, Loss: 0.0084
LR: 0.000003, Acc: 100.0000, Loss: 0.0092
LR: 0.000003, Acc: 100.0000, Loss: 0.0019
LR: 0.000002, Acc: 100.0000, Loss: 0.0017
LR: 0.000002, Acc: 100.0000, Loss: 0.0035
LR: 0.000002, Acc: 100.0000, Loss: 0.0051
LR: 0.000002, Acc: 100.0000, Loss: 0.0240
LR: 0.000002, Acc: 97.5000, Loss: 0.0256
LR: 0.000002, Acc: 100.0000, Loss: 0.0148
LR: 0.000002, Acc: 100.0000, Loss: 0.0008
LR: 0.000002, Acc: 100.0000, Loss: 0.0011
LR: 0.000002, Acc: 100.0000, Loss: 0.0037
LR: 0.000002, Acc: 100.0000, Loss: 0.0083
LR: 0.000002, Acc: 100.0000, Loss: 0.0015
LR: 0.000002, Acc: 97.5000, Loss: 0.0402
LR: 0.000002, Acc: 100.0000, Loss: 0.0011
LR: 0.000002, Acc: 100.0000, Loss: 0.0206
LR: 0.000002, Acc: 100.0000, Loss: 0.0016
LR: 0.000002, Acc: 100.0000, Loss: 0.0256
LR: 0.000002, Acc: 100.0000, Loss: 0.0017
LR: 0.000002, Acc: 100.0000, Loss: 0.0029
LR: 0.000002, Acc: 100.0000, Loss: 0.0260
LR: 0.000002, Acc: 100.0000, Loss: 0.0005
LR: 0.000002, Acc: 100.0000, Loss: 0.0041
LR: 0.000002, Acc: 100.0000, Loss: 0.0128
LR: 0.000002, Acc: 100.0000, Loss: 0.0177
LR: 0.000002, Acc: 100.0000, Loss: 0.0006
LR: 0.000001, Acc: 100.0000, Loss: 0.0008
LR: 0.000001, Acc: 100.0000, Loss: 0.0158
LR: 0.000001, Acc: 100.0000, Loss: 0.0008
LR: 0.000001, Acc: 100.0000, Loss: 0.0051
LR: 0.000001, Acc: 100.0000, Loss: 0.0013
LR: 0.000001, Acc: 100.0000, Loss: 0.0036
LR: 0.000001, Acc: 100.0000, Loss: 0.0022
LR: 0.000001, Acc: 100.0000, Loss: 0.0043
LR: 0.000001, Acc: 100.0000, Loss: 0.0038
LR: 0.000001, Acc: 100.0000, Loss: 0.0015
LR: 0.000001, Acc: 100.0000, Loss: 0.0196
LR: 0.000001, Acc: 100.0000, Loss: 0.0054
LR: 0.000001, Acc: 100.0000, Loss: 0.0023
LR: 0.000001, Acc: 100.0000, Loss: 0.0039
LR: 0.000001, Acc: 100.0000, Loss: 0.0061
LR: 0.000001, Acc: 97.5000, Loss: 0.0352
LR: 0.000001, Acc: 100.0000, Loss: 0.0086
LR: 0.000001, Acc: 100.0000, Loss: 0.0050
LR: 0.000001, Acc: 100.0000, Loss: 0.0019
LR: 0.000001, Acc: 97.5000, Loss: 0.0532
LR: 0.000001, Acc: 100.0000, Loss: 0.0051
LR: 0.000001, Acc: 100.0000, Loss: 0.0090
LR: 0.000001, Acc: 100.0000, Loss: 0.0020
LR: 0.000001, Acc: 100.0000, Loss: 0.0017
LR: 0.000001, Acc: 100.0000, Loss: 0.0146
LR: 0.000001, Acc: 100.0000, Loss: 0.0020
LR: 0.000001, Acc: 100.0000, Loss: 0.0048
LR: 0.000001, Acc: 97.5000, Loss: 0.0518
LR: 0.000001, Acc: 100.0000, Loss: 0.0062
LR: 0.000001, Acc: 100.0000, Loss: 0.0045
LR: 0.000001, Acc: 100.0000, Loss: 0.0039
**** Final test accuracy: 87.40. ****

LoRA weights saved to weights/vitb16/eurosat/4shots/seed1/CLIP-LoRA_eurosat.pt
