created virtual environment CPython3.10.13.final.0-64 in 3307ms
  creator CPython3Posix(dest=/localscratch/pedro36.56834454.0/env, clear=False, no_vcs_ignore=False, global=False)
  seeder FromAppData(download=False, pip=bundle, setuptools=bundle, wheel=bundle, via=copy, app_data_dir=/home/pedro36/.local/share/virtualenv)
    added seed packages: pip==25.1.1, setuptools==80.7.1, wheel==0.45.1+computecanada
  activators BashActivator,CShellActivator,FishActivator,NushellActivator,PowerShellActivator,PythonActivator
Looking in links: /cvmfs/soft.computecanada.ca/custom/python/wheelhouse/gentoo2023/x86-64-v4, /cvmfs/soft.computecanada.ca/custom/python/wheelhouse/gentoo2023/x86-64-v3, /cvmfs/soft.computecanada.ca/custom/python/wheelhouse/gentoo2023/generic, /cvmfs/soft.computecanada.ca/custom/python/wheelhouse/generic
Requirement already satisfied: pip in /localscratch/pedro36.56834454.0/env/lib/python3.10/site-packages (25.1.1)
Looking in links: /cvmfs/soft.computecanada.ca/custom/python/wheelhouse/gentoo2023/x86-64-v4, /cvmfs/soft.computecanada.ca/custom/python/wheelhouse/gentoo2023/x86-64-v3, /cvmfs/soft.computecanada.ca/custom/python/wheelhouse/gentoo2023/generic, /cvmfs/soft.computecanada.ca/custom/python/wheelhouse/generic
Processing /cvmfs/soft.computecanada.ca/custom/python/wheelhouse/gentoo2023/x86-64-v3/torch-2.6.0+computecanada-cp310-cp310-linux_x86_64.whl
Processing /cvmfs/soft.computecanada.ca/custom/python/wheelhouse/gentoo2023/generic/torchvision-0.21.0+computecanada-cp310-cp310-linux_x86_64.whl
Processing /cvmfs/soft.computecanada.ca/custom/python/wheelhouse/gentoo2023/x86-64-v3/torchaudio-2.6.0+computecanada-cp310-cp310-linux_x86_64.whl
Processing /cvmfs/soft.computecanada.ca/custom/python/wheelhouse/generic/ftfy-6.3.0+computecanada-py3-none-any.whl
Processing /cvmfs/soft.computecanada.ca/custom/python/wheelhouse/gentoo2023/generic/scipy-1.15.1+computecanada-cp310-cp310-linux_x86_64.whl
Processing /cvmfs/soft.computecanada.ca/custom/python/wheelhouse/generic/regex-2024.9.11+computecanada-cp310-cp310-linux_x86_64.whl
Processing /cvmfs/soft.computecanada.ca/custom/python/wheelhouse/generic/tqdm-4.67.1+computecanada-py3-none-any.whl
Processing /cvmfs/soft.computecanada.ca/custom/python/wheelhouse/generic/gdown-5.2.0+computecanada-py3-none-any.whl
Processing /cvmfs/soft.computecanada.ca/custom/python/wheelhouse/gentoo2023/x86-64-v3/pandas-2.2.3+computecanada-cp310-cp310-linux_x86_64.whl
Processing /cvmfs/soft.computecanada.ca/custom/python/wheelhouse/generic/filelock-3.18.0+computecanada-py3-none-any.whl (from torch)
Processing /cvmfs/soft.computecanada.ca/custom/python/wheelhouse/generic/typing_extensions-4.14.0+computecanada-py3-none-any.whl (from torch)
Processing /cvmfs/soft.computecanada.ca/custom/python/wheelhouse/generic/networkx-3.5+computecanada-py3-none-any.whl (from torch)
Processing /cvmfs/soft.computecanada.ca/custom/python/wheelhouse/generic/jinja2-3.1.6+computecanada-py3-none-any.whl (from torch)
Processing /cvmfs/soft.computecanada.ca/custom/python/wheelhouse/generic/fsspec-2025.5.1+computecanada-py3-none-any.whl (from torch)
Processing /cvmfs/soft.computecanada.ca/custom/python/wheelhouse/generic/sympy-1.13.1+computecanada-py3-none-any.whl (from torch)
Processing /cvmfs/soft.computecanada.ca/custom/python/wheelhouse/generic/mpmath-1.3.0+computecanada-py3-none-any.whl (from sympy==1.13.1->torch)
Processing /cvmfs/soft.computecanada.ca/custom/python/wheelhouse/gentoo2023/generic/numpy-2.2.2+computecanada-cp310-cp310-linux_x86_64.whl (from torchvision)
Processing /cvmfs/soft.computecanada.ca/custom/python/wheelhouse/gentoo2023/x86-64-v3/Pillow_SIMD-9.5.0.post2+computecanada-cp310-cp310-linux_x86_64.whl (from torchvision)
Processing /cvmfs/soft.computecanada.ca/custom/python/wheelhouse/generic/wcwidth-0.2.13+computecanada-py2.py3-none-any.whl (from ftfy)
Processing /cvmfs/soft.computecanada.ca/custom/python/wheelhouse/generic/beautifulsoup4-4.13.4+computecanada-py3-none-any.whl (from gdown)
Processing /cvmfs/soft.computecanada.ca/custom/python/wheelhouse/generic/requests-2.32.4+computecanada-py3-none-any.whl (from gdown)
Processing /cvmfs/soft.computecanada.ca/custom/python/wheelhouse/generic/python_dateutil-2.9.0.post0+computecanada-py2.py3-none-any.whl (from pandas)
Processing /cvmfs/soft.computecanada.ca/custom/python/wheelhouse/generic/pytz-2025.2+computecanada-py2.py3-none-any.whl (from pandas)
Processing /cvmfs/soft.computecanada.ca/custom/python/wheelhouse/generic/tzdata-2025.2+computecanada-py2.py3-none-any.whl (from pandas)
Processing /cvmfs/soft.computecanada.ca/custom/python/wheelhouse/generic/six-1.17.0+computecanada-py2.py3-none-any.whl (from python-dateutil>=2.8.2->pandas)
Processing /cvmfs/soft.computecanada.ca/custom/python/wheelhouse/generic/soupsieve-2.7+computecanada-py3-none-any.whl (from beautifulsoup4->gdown)
Processing /cvmfs/soft.computecanada.ca/custom/python/wheelhouse/generic/MarkupSafe-2.1.5+computecanada-cp310-cp310-linux_x86_64.whl (from jinja2->torch)
INFO: pip is looking at multiple versions of networkx to determine which version is compatible with other requirements. This could take a while.
Processing /cvmfs/soft.computecanada.ca/custom/python/wheelhouse/generic/networkx-3.4.2+computecanada-py3-none-any.whl (from torch)
Processing /cvmfs/soft.computecanada.ca/custom/python/wheelhouse/generic/charset_normalizer-3.4.2+computecanada-py3-none-any.whl (from requests[socks]->gdown)
Processing /cvmfs/soft.computecanada.ca/custom/python/wheelhouse/generic/idna-3.10+computecanada-py3-none-any.whl (from requests[socks]->gdown)
Processing /cvmfs/soft.computecanada.ca/custom/python/wheelhouse/generic/urllib3-2.5.0+computecanada-py3-none-any.whl (from requests[socks]->gdown)
Processing /cvmfs/soft.computecanada.ca/custom/python/wheelhouse/generic/certifi-2025.6.15+computecanada-py3-none-any.whl (from requests[socks]->gdown)
Processing /cvmfs/soft.computecanada.ca/custom/python/wheelhouse/generic/PySocks-1.7.1+computecanada-py3-none-any.whl (from requests[socks]->gdown)
Installing collected packages: wcwidth, pytz, mpmath, urllib3, tzdata, typing-extensions, tqdm, sympy, soupsieve, six, regex, PySocks, pillow-simd, numpy, networkx, MarkupSafe, idna, ftfy, fsspec, filelock, charset-normalizer, certifi, scipy, requests, python-dateutil, jinja2, beautifulsoup4, torch, pandas, torchvision, torchaudio, gdown

Successfully installed MarkupSafe-2.1.5+computecanada PySocks-1.7.1+computecanada beautifulsoup4-4.13.4+computecanada certifi-2025.6.15+computecanada charset-normalizer-3.4.2+computecanada filelock-3.18.0+computecanada fsspec-2025.5.1+computecanada ftfy-6.3.0+computecanada gdown-5.2.0+computecanada idna-3.10+computecanada jinja2-3.1.6+computecanada mpmath-1.3.0+computecanada networkx-3.4.2+computecanada numpy-2.2.2+computecanada pandas-2.2.3+computecanada pillow-simd-9.5.0.post2+computecanada python-dateutil-2.9.0.post0+computecanada pytz-2025.2+computecanada regex-2024.9.11+computecanada requests-2.32.4+computecanada scipy-1.15.1+computecanada six-1.17.0+computecanada soupsieve-2.7+computecanada sympy-1.13.1+computecanada torch-2.6.0+computecanada torchaudio-2.6.0+computecanada torchvision-0.21.0+computecanada tqdm-4.67.1+computecanada typing-extensions-4.14.0+computecanada tzdata-2025.2+computecanada urllib3-2.5.0+computecanada wcwidth-0.2.13+computecanada
Preparing dataset.
Reading split from /home/pedro36/projects/def-leszek/pedro36/datasets/DATA/OxfordPets/split_zhou_OxfordPets.json
Creating a 4-shot dataset
Creating a 8-shot dataset

Getting textual features as CLIP's classifier.

Loading visual features and labels from val set.

Loading visual features and labels from test set.

**** Zero-shot CLIP's test accuracy: 88.20. ****

Residual Attention Block 0: ResidualAttentionBlock(
  (attn): MultiheadAttention(
    (out_proj): NonDynamicallyQuantizableLinear(in_features=512, out_features=512, bias=True)
  )
  (ln_1): LayerNorm((512,), eps=1e-05, elementwise_affine=True)
  (mlp): Sequential(
    (c_fc): Linear(in_features=512, out_features=2048, bias=True)
    (gelu): QuickGELU()
    (c_proj): Linear(in_features=2048, out_features=512, bias=True)
  )
  (ln_2): LayerNorm((512,), eps=1e-05, elementwise_affine=True)
)
Residual Attention Block 1: ResidualAttentionBlock(
  (attn): MultiheadAttention(
    (out_proj): NonDynamicallyQuantizableLinear(in_features=512, out_features=512, bias=True)
  )
  (ln_1): LayerNorm((512,), eps=1e-05, elementwise_affine=True)
  (mlp): Sequential(
    (c_fc): Linear(in_features=512, out_features=2048, bias=True)
    (gelu): QuickGELU()
    (c_proj): Linear(in_features=2048, out_features=512, bias=True)
  )
  (ln_2): LayerNorm((512,), eps=1e-05, elementwise_affine=True)
)
Residual Attention Block 2: ResidualAttentionBlock(
  (attn): MultiheadAttention(
    (out_proj): NonDynamicallyQuantizableLinear(in_features=512, out_features=512, bias=True)
  )
  (ln_1): LayerNorm((512,), eps=1e-05, elementwise_affine=True)
  (mlp): Sequential(
    (c_fc): Linear(in_features=512, out_features=2048, bias=True)
    (gelu): QuickGELU()
    (c_proj): Linear(in_features=2048, out_features=512, bias=True)
  )
  (ln_2): LayerNorm((512,), eps=1e-05, elementwise_affine=True)
)
Residual Attention Block 3: ResidualAttentionBlock(
  (attn): MultiheadAttention(
    (out_proj): NonDynamicallyQuantizableLinear(in_features=512, out_features=512, bias=True)
  )
  (ln_1): LayerNorm((512,), eps=1e-05, elementwise_affine=True)
  (mlp): Sequential(
    (c_fc): Linear(in_features=512, out_features=2048, bias=True)
    (gelu): QuickGELU()
    (c_proj): Linear(in_features=2048, out_features=512, bias=True)
  )
  (ln_2): LayerNorm((512,), eps=1e-05, elementwise_affine=True)
)
Residual Attention Block 4: ResidualAttentionBlock(
  (attn): MultiheadAttention(
    (out_proj): NonDynamicallyQuantizableLinear(in_features=512, out_features=512, bias=True)
  )
  (ln_1): LayerNorm((512,), eps=1e-05, elementwise_affine=True)
  (mlp): Sequential(
    (c_fc): Linear(in_features=512, out_features=2048, bias=True)
    (gelu): QuickGELU()
    (c_proj): Linear(in_features=2048, out_features=512, bias=True)
  )
  (ln_2): LayerNorm((512,), eps=1e-05, elementwise_affine=True)
)
Residual Attention Block 5: ResidualAttentionBlock(
  (attn): MultiheadAttention(
    (out_proj): NonDynamicallyQuantizableLinear(in_features=512, out_features=512, bias=True)
  )
  (ln_1): LayerNorm((512,), eps=1e-05, elementwise_affine=True)
  (mlp): Sequential(
    (c_fc): Linear(in_features=512, out_features=2048, bias=True)
    (gelu): QuickGELU()
    (c_proj): Linear(in_features=2048, out_features=512, bias=True)
  )
  (ln_2): LayerNorm((512,), eps=1e-05, elementwise_affine=True)
)
Residual Attention Block 6: ResidualAttentionBlock(
  (attn): MultiheadAttention(
    (out_proj): NonDynamicallyQuantizableLinear(in_features=512, out_features=512, bias=True)
  )
  (ln_1): LayerNorm((512,), eps=1e-05, elementwise_affine=True)
  (mlp): Sequential(
    (c_fc): Linear(in_features=512, out_features=2048, bias=True)
    (gelu): QuickGELU()
    (c_proj): Linear(in_features=2048, out_features=512, bias=True)
  )
  (ln_2): LayerNorm((512,), eps=1e-05, elementwise_affine=True)
)
Residual Attention Block 7: ResidualAttentionBlock(
  (attn): MultiheadAttention(
    (out_proj): NonDynamicallyQuantizableLinear(in_features=512, out_features=512, bias=True)
  )
  (ln_1): LayerNorm((512,), eps=1e-05, elementwise_affine=True)
  (mlp): Sequential(
    (c_fc): Linear(in_features=512, out_features=2048, bias=True)
    (gelu): QuickGELU()
    (c_proj): Linear(in_features=2048, out_features=512, bias=True)
  )
  (ln_2): LayerNorm((512,), eps=1e-05, elementwise_affine=True)
)
Residual Attention Block 8: ResidualAttentionBlock(
  (attn): MultiheadAttention(
    (out_proj): NonDynamicallyQuantizableLinear(in_features=512, out_features=512, bias=True)
  )
  (ln_1): LayerNorm((512,), eps=1e-05, elementwise_affine=True)
  (mlp): Sequential(
    (c_fc): Linear(in_features=512, out_features=2048, bias=True)
    (gelu): QuickGELU()
    (c_proj): Linear(in_features=2048, out_features=512, bias=True)
  )
  (ln_2): LayerNorm((512,), eps=1e-05, elementwise_affine=True)
)
Residual Attention Block 9: ResidualAttentionBlock(
  (attn): MultiheadAttention(
    (out_proj): NonDynamicallyQuantizableLinear(in_features=512, out_features=512, bias=True)
  )
  (ln_1): LayerNorm((512,), eps=1e-05, elementwise_affine=True)
  (mlp): Sequential(
    (c_fc): Linear(in_features=512, out_features=2048, bias=True)
    (gelu): QuickGELU()
    (c_proj): Linear(in_features=2048, out_features=512, bias=True)
  )
  (ln_2): LayerNorm((512,), eps=1e-05, elementwise_affine=True)
)
Residual Attention Block 10: ResidualAttentionBlock(
  (attn): MultiheadAttention(
    (out_proj): NonDynamicallyQuantizableLinear(in_features=512, out_features=512, bias=True)
  )
  (ln_1): LayerNorm((512,), eps=1e-05, elementwise_affine=True)
  (mlp): Sequential(
    (c_fc): Linear(in_features=512, out_features=2048, bias=True)
    (gelu): QuickGELU()
    (c_proj): Linear(in_features=2048, out_features=512, bias=True)
  )
  (ln_2): LayerNorm((512,), eps=1e-05, elementwise_affine=True)
)
Residual Attention Block 11: ResidualAttentionBlock(
  (attn): MultiheadAttention(
    (out_proj): NonDynamicallyQuantizableLinear(in_features=512, out_features=512, bias=True)
  )
  (ln_1): LayerNorm((512,), eps=1e-05, elementwise_affine=True)
  (mlp): Sequential(
    (c_fc): Linear(in_features=512, out_features=2048, bias=True)
    (gelu): QuickGELU()
    (c_proj): Linear(in_features=2048, out_features=512, bias=True)
  )
  (ln_2): LayerNorm((512,), eps=1e-05, elementwise_affine=True)
)
Residual Attention Block 0: ResidualAttentionBlock(
  (attn): MultiheadAttention(
    (out_proj): NonDynamicallyQuantizableLinear(in_features=768, out_features=768, bias=True)
  )
  (ln_1): LayerNorm((768,), eps=1e-05, elementwise_affine=True)
  (mlp): Sequential(
    (c_fc): Linear(in_features=768, out_features=3072, bias=True)
    (gelu): QuickGELU()
    (c_proj): Linear(in_features=3072, out_features=768, bias=True)
  )
  (ln_2): LayerNorm((768,), eps=1e-05, elementwise_affine=True)
)
Residual Attention Block 1: ResidualAttentionBlock(
  (attn): MultiheadAttention(
    (out_proj): NonDynamicallyQuantizableLinear(in_features=768, out_features=768, bias=True)
  )
  (ln_1): LayerNorm((768,), eps=1e-05, elementwise_affine=True)
  (mlp): Sequential(
    (c_fc): Linear(in_features=768, out_features=3072, bias=True)
    (gelu): QuickGELU()
    (c_proj): Linear(in_features=3072, out_features=768, bias=True)
  )
  (ln_2): LayerNorm((768,), eps=1e-05, elementwise_affine=True)
)
Residual Attention Block 2: ResidualAttentionBlock(
  (attn): MultiheadAttention(
    (out_proj): NonDynamicallyQuantizableLinear(in_features=768, out_features=768, bias=True)
  )
  (ln_1): LayerNorm((768,), eps=1e-05, elementwise_affine=True)
  (mlp): Sequential(
    (c_fc): Linear(in_features=768, out_features=3072, bias=True)
    (gelu): QuickGELU()
    (c_proj): Linear(in_features=3072, out_features=768, bias=True)
  )
  (ln_2): LayerNorm((768,), eps=1e-05, elementwise_affine=True)
)
Residual Attention Block 3: ResidualAttentionBlock(
  (attn): MultiheadAttention(
    (out_proj): NonDynamicallyQuantizableLinear(in_features=768, out_features=768, bias=True)
  )
  (ln_1): LayerNorm((768,), eps=1e-05, elementwise_affine=True)
  (mlp): Sequential(
    (c_fc): Linear(in_features=768, out_features=3072, bias=True)
    (gelu): QuickGELU()
    (c_proj): Linear(in_features=3072, out_features=768, bias=True)
  )
  (ln_2): LayerNorm((768,), eps=1e-05, elementwise_affine=True)
)
Residual Attention Block 4: ResidualAttentionBlock(
  (attn): MultiheadAttention(
    (out_proj): NonDynamicallyQuantizableLinear(in_features=768, out_features=768, bias=True)
  )
  (ln_1): LayerNorm((768,), eps=1e-05, elementwise_affine=True)
  (mlp): Sequential(
    (c_fc): Linear(in_features=768, out_features=3072, bias=True)
    (gelu): QuickGELU()
    (c_proj): Linear(in_features=3072, out_features=768, bias=True)
  )
  (ln_2): LayerNorm((768,), eps=1e-05, elementwise_affine=True)
)
Residual Attention Block 5: ResidualAttentionBlock(
  (attn): MultiheadAttention(
    (out_proj): NonDynamicallyQuantizableLinear(in_features=768, out_features=768, bias=True)
  )
  (ln_1): LayerNorm((768,), eps=1e-05, elementwise_affine=True)
  (mlp): Sequential(
    (c_fc): Linear(in_features=768, out_features=3072, bias=True)
    (gelu): QuickGELU()
    (c_proj): Linear(in_features=3072, out_features=768, bias=True)
  )
  (ln_2): LayerNorm((768,), eps=1e-05, elementwise_affine=True)
)
Residual Attention Block 6: ResidualAttentionBlock(
  (attn): MultiheadAttention(
    (out_proj): NonDynamicallyQuantizableLinear(in_features=768, out_features=768, bias=True)
  )
  (ln_1): LayerNorm((768,), eps=1e-05, elementwise_affine=True)
  (mlp): Sequential(
    (c_fc): Linear(in_features=768, out_features=3072, bias=True)
    (gelu): QuickGELU()
    (c_proj): Linear(in_features=3072, out_features=768, bias=True)
  )
  (ln_2): LayerNorm((768,), eps=1e-05, elementwise_affine=True)
)
Residual Attention Block 7: ResidualAttentionBlock(
  (attn): MultiheadAttention(
    (out_proj): NonDynamicallyQuantizableLinear(in_features=768, out_features=768, bias=True)
  )
  (ln_1): LayerNorm((768,), eps=1e-05, elementwise_affine=True)
  (mlp): Sequential(
    (c_fc): Linear(in_features=768, out_features=3072, bias=True)
    (gelu): QuickGELU()
    (c_proj): Linear(in_features=3072, out_features=768, bias=True)
  )
  (ln_2): LayerNorm((768,), eps=1e-05, elementwise_affine=True)
)
Residual Attention Block 8: ResidualAttentionBlock(
  (attn): MultiheadAttention(
    (out_proj): NonDynamicallyQuantizableLinear(in_features=768, out_features=768, bias=True)
  )
  (ln_1): LayerNorm((768,), eps=1e-05, elementwise_affine=True)
  (mlp): Sequential(
    (c_fc): Linear(in_features=768, out_features=3072, bias=True)
    (gelu): QuickGELU()
    (c_proj): Linear(in_features=3072, out_features=768, bias=True)
  )
  (ln_2): LayerNorm((768,), eps=1e-05, elementwise_affine=True)
)
Residual Attention Block 9: ResidualAttentionBlock(
  (attn): MultiheadAttention(
    (out_proj): NonDynamicallyQuantizableLinear(in_features=768, out_features=768, bias=True)
  )
  (ln_1): LayerNorm((768,), eps=1e-05, elementwise_affine=True)
  (mlp): Sequential(
    (c_fc): Linear(in_features=768, out_features=3072, bias=True)
    (gelu): QuickGELU()
    (c_proj): Linear(in_features=3072, out_features=768, bias=True)
  )
  (ln_2): LayerNorm((768,), eps=1e-05, elementwise_affine=True)
)
Residual Attention Block 10: ResidualAttentionBlock(
  (attn): MultiheadAttention(
    (out_proj): NonDynamicallyQuantizableLinear(in_features=768, out_features=768, bias=True)
  )
  (ln_1): LayerNorm((768,), eps=1e-05, elementwise_affine=True)
  (mlp): Sequential(
    (c_fc): Linear(in_features=768, out_features=3072, bias=True)
    (gelu): QuickGELU()
    (c_proj): Linear(in_features=3072, out_features=768, bias=True)
  )
  (ln_2): LayerNorm((768,), eps=1e-05, elementwise_affine=True)
)
Residual Attention Block 11: ResidualAttentionBlock(
  (attn): MultiheadAttention(
    (out_proj): NonDynamicallyQuantizableLinear(in_features=768, out_features=768, bias=True)
  )
  (ln_1): LayerNorm((768,), eps=1e-05, elementwise_affine=True)
  (mlp): Sequential(
    (c_fc): Linear(in_features=768, out_features=3072, bias=True)
    (gelu): QuickGELU()
    (c_proj): Linear(in_features=3072, out_features=768, bias=True)
  )
  (ln_2): LayerNorm((768,), eps=1e-05, elementwise_affine=True)
)
LR: 0.000200, Acc: 68.9189, Loss: 1.0964
LR: 0.000200, Acc: 75.0000, Loss: 0.8837
LR: 0.000200, Acc: 76.6892, Loss: 0.7781
LR: 0.000200, Acc: 78.3784, Loss: 0.6837
LR: 0.000200, Acc: 77.7027, Loss: 0.6833
LR: 0.000200, Acc: 78.3784, Loss: 0.6919
LR: 0.000200, Acc: 78.0405, Loss: 0.6102
LR: 0.000200, Acc: 84.4595, Loss: 0.5032
LR: 0.000200, Acc: 83.7838, Loss: 0.5649
LR: 0.000200, Acc: 81.7568, Loss: 0.4863
LR: 0.000200, Acc: 84.1216, Loss: 0.5398
LR: 0.000200, Acc: 81.0811, Loss: 0.5442
LR: 0.000199, Acc: 85.4730, Loss: 0.4519
LR: 0.000199, Acc: 82.7703, Loss: 0.4857
LR: 0.000199, Acc: 86.1486, Loss: 0.4587
LR: 0.000199, Acc: 88.1757, Loss: 0.4278
LR: 0.000199, Acc: 88.8514, Loss: 0.3786
LR: 0.000199, Acc: 88.1757, Loss: 0.4100
LR: 0.000199, Acc: 88.8514, Loss: 0.3525
LR: 0.000199, Acc: 89.1892, Loss: 0.3546
LR: 0.000199, Acc: 88.5135, Loss: 0.4111
LR: 0.000199, Acc: 87.8378, Loss: 0.3912
LR: 0.000198, Acc: 90.8784, Loss: 0.3232
LR: 0.000198, Acc: 91.5541, Loss: 0.3166
LR: 0.000198, Acc: 88.5135, Loss: 0.3600
LR: 0.000198, Acc: 90.2027, Loss: 0.3183
LR: 0.000198, Acc: 89.1892, Loss: 0.3112
LR: 0.000198, Acc: 92.9054, Loss: 0.2940
LR: 0.000197, Acc: 90.8784, Loss: 0.2715
LR: 0.000197, Acc: 92.2297, Loss: 0.2734
LR: 0.000197, Acc: 90.8784, Loss: 0.2509
LR: 0.000197, Acc: 87.8378, Loss: 0.3610
LR: 0.000197, Acc: 91.5541, Loss: 0.2552
LR: 0.000196, Acc: 92.9054, Loss: 0.2350
LR: 0.000196, Acc: 92.5676, Loss: 0.2581
LR: 0.000196, Acc: 92.2297, Loss: 0.3049
LR: 0.000196, Acc: 91.5541, Loss: 0.2833
LR: 0.000196, Acc: 92.2297, Loss: 0.2926
LR: 0.000195, Acc: 90.2027, Loss: 0.3201
LR: 0.000195, Acc: 92.9054, Loss: 0.2762
LR: 0.000195, Acc: 88.5135, Loss: 0.3761
LR: 0.000195, Acc: 93.2432, Loss: 0.2307
LR: 0.000194, Acc: 90.8784, Loss: 0.2556
LR: 0.000194, Acc: 91.2162, Loss: 0.3047
LR: 0.000194, Acc: 92.9054, Loss: 0.2211
LR: 0.000194, Acc: 91.8919, Loss: 0.3202
LR: 0.000193, Acc: 90.5405, Loss: 0.3259
LR: 0.000193, Acc: 95.2703, Loss: 0.2017
LR: 0.000193, Acc: 92.5676, Loss: 0.2384
LR: 0.000192, Acc: 93.5811, Loss: 0.2031
LR: 0.000192, Acc: 93.9189, Loss: 0.2329
LR: 0.000192, Acc: 88.8514, Loss: 0.3274
LR: 0.000192, Acc: 93.9189, Loss: 0.2318
LR: 0.000191, Acc: 93.2432, Loss: 0.2039
LR: 0.000191, Acc: 95.6081, Loss: 0.1590
LR: 0.000191, Acc: 93.5811, Loss: 0.2477
LR: 0.000190, Acc: 92.5676, Loss: 0.2442
LR: 0.000190, Acc: 92.5676, Loss: 0.2438
LR: 0.000190, Acc: 91.8919, Loss: 0.2659
LR: 0.000189, Acc: 92.9054, Loss: 0.1817
LR: 0.000189, Acc: 92.5676, Loss: 0.2232
LR: 0.000188, Acc: 95.6081, Loss: 0.1469
LR: 0.000188, Acc: 91.2162, Loss: 0.2875
LR: 0.000188, Acc: 92.9054, Loss: 0.2144
LR: 0.000187, Acc: 95.6081, Loss: 0.1670
LR: 0.000187, Acc: 93.9189, Loss: 0.2361
LR: 0.000187, Acc: 93.5811, Loss: 0.1993
LR: 0.000186, Acc: 94.2568, Loss: 0.2133
LR: 0.000186, Acc: 93.9189, Loss: 0.1653
LR: 0.000185, Acc: 93.5811, Loss: 0.1704
LR: 0.000185, Acc: 94.5946, Loss: 0.2092
LR: 0.000185, Acc: 94.9324, Loss: 0.2187
LR: 0.000184, Acc: 92.5676, Loss: 0.2292
LR: 0.000184, Acc: 93.5811, Loss: 0.1981
LR: 0.000183, Acc: 95.9459, Loss: 0.1511
LR: 0.000183, Acc: 94.9324, Loss: 0.1545
LR: 0.000182, Acc: 96.2838, Loss: 0.1696
LR: 0.000182, Acc: 92.2297, Loss: 0.2288
LR: 0.000181, Acc: 94.2568, Loss: 0.1905
LR: 0.000181, Acc: 97.9730, Loss: 0.1084
LR: 0.000181, Acc: 95.6081, Loss: 0.1657
LR: 0.000180, Acc: 96.2838, Loss: 0.1352
LR: 0.000180, Acc: 94.5946, Loss: 0.1760
LR: 0.000179, Acc: 95.9459, Loss: 0.1285
LR: 0.000179, Acc: 94.5946, Loss: 0.1533
LR: 0.000178, Acc: 95.9459, Loss: 0.1173
LR: 0.000178, Acc: 96.9595, Loss: 0.1389
LR: 0.000177, Acc: 95.2703, Loss: 0.1703
LR: 0.000177, Acc: 96.6216, Loss: 0.1635
LR: 0.000176, Acc: 94.5946, Loss: 0.1613
LR: 0.000176, Acc: 95.6081, Loss: 0.1702
LR: 0.000175, Acc: 93.2432, Loss: 0.2290
LR: 0.000175, Acc: 93.9189, Loss: 0.1803
LR: 0.000174, Acc: 94.9324, Loss: 0.1866
LR: 0.000174, Acc: 96.2838, Loss: 0.1606
LR: 0.000173, Acc: 93.9189, Loss: 0.1878
LR: 0.000172, Acc: 95.6081, Loss: 0.1500
LR: 0.000172, Acc: 94.5946, Loss: 0.1563
LR: 0.000171, Acc: 96.6216, Loss: 0.1589
LR: 0.000171, Acc: 96.2838, Loss: 0.1196
LR: 0.000170, Acc: 97.9730, Loss: 0.1200
LR: 0.000170, Acc: 95.9459, Loss: 0.1306
LR: 0.000169, Acc: 93.5811, Loss: 0.2074
LR: 0.000169, Acc: 95.2703, Loss: 0.1583
LR: 0.000168, Acc: 96.2838, Loss: 0.1213
LR: 0.000167, Acc: 96.2838, Loss: 0.1226
LR: 0.000167, Acc: 95.6081, Loss: 0.1262
LR: 0.000166, Acc: 94.9324, Loss: 0.1658
LR: 0.000166, Acc: 93.5811, Loss: 0.2364
LR: 0.000165, Acc: 95.2703, Loss: 0.1908
LR: 0.000165, Acc: 96.6216, Loss: 0.1210
LR: 0.000164, Acc: 97.6351, Loss: 0.1265
LR: 0.000163, Acc: 96.2838, Loss: 0.1424
LR: 0.000163, Acc: 96.9595, Loss: 0.1204
LR: 0.000162, Acc: 92.2297, Loss: 0.2378
LR: 0.000161, Acc: 94.2568, Loss: 0.1893
LR: 0.000161, Acc: 96.9595, Loss: 0.1175
LR: 0.000160, Acc: 96.9595, Loss: 0.1344
LR: 0.000160, Acc: 93.2432, Loss: 0.2295
LR: 0.000159, Acc: 94.9324, Loss: 0.1562
LR: 0.000158, Acc: 96.6216, Loss: 0.1069
LR: 0.000158, Acc: 96.6216, Loss: 0.1582
LR: 0.000157, Acc: 95.9459, Loss: 0.1257
LR: 0.000156, Acc: 96.9595, Loss: 0.1089
LR: 0.000156, Acc: 96.9595, Loss: 0.1063
LR: 0.000155, Acc: 96.2838, Loss: 0.1606
LR: 0.000154, Acc: 95.9459, Loss: 0.1140
LR: 0.000154, Acc: 95.9459, Loss: 0.1575
LR: 0.000153, Acc: 97.6351, Loss: 0.0625
LR: 0.000152, Acc: 95.9459, Loss: 0.1357
LR: 0.000152, Acc: 97.6351, Loss: 0.0813
LR: 0.000151, Acc: 96.6216, Loss: 0.1112
LR: 0.000150, Acc: 96.6216, Loss: 0.1076
LR: 0.000150, Acc: 94.9324, Loss: 0.1580
LR: 0.000149, Acc: 96.6216, Loss: 0.1051
LR: 0.000148, Acc: 95.6081, Loss: 0.1297
LR: 0.000148, Acc: 95.2703, Loss: 0.1675
LR: 0.000147, Acc: 96.2838, Loss: 0.1357
LR: 0.000146, Acc: 96.2838, Loss: 0.1181
LR: 0.000146, Acc: 95.6081, Loss: 0.1395
LR: 0.000145, Acc: 97.9730, Loss: 0.0777
LR: 0.000144, Acc: 96.6216, Loss: 0.1082
LR: 0.000144, Acc: 98.3108, Loss: 0.0717
LR: 0.000143, Acc: 96.6216, Loss: 0.1182
LR: 0.000142, Acc: 95.6081, Loss: 0.1751
LR: 0.000141, Acc: 96.9595, Loss: 0.1170
LR: 0.000141, Acc: 96.2838, Loss: 0.1013
LR: 0.000140, Acc: 96.6216, Loss: 0.0956
LR: 0.000139, Acc: 96.6216, Loss: 0.1298
LR: 0.000139, Acc: 95.9459, Loss: 0.1406
LR: 0.000138, Acc: 95.9459, Loss: 0.1160
LR: 0.000137, Acc: 95.2703, Loss: 0.1648
LR: 0.000136, Acc: 98.3108, Loss: 0.1020
LR: 0.000136, Acc: 96.2838, Loss: 0.1123
LR: 0.000135, Acc: 96.9595, Loss: 0.1478
LR: 0.000134, Acc: 97.9730, Loss: 0.0917
LR: 0.000133, Acc: 98.3108, Loss: 0.1025
LR: 0.000133, Acc: 97.6351, Loss: 0.0953
LR: 0.000132, Acc: 97.2973, Loss: 0.0916
LR: 0.000131, Acc: 97.9730, Loss: 0.0750
LR: 0.000131, Acc: 97.2973, Loss: 0.0653
LR: 0.000130, Acc: 96.2838, Loss: 0.1383
LR: 0.000129, Acc: 96.2838, Loss: 0.1556
LR: 0.000128, Acc: 96.2838, Loss: 0.1238
LR: 0.000128, Acc: 98.6486, Loss: 0.0675
LR: 0.000127, Acc: 97.6351, Loss: 0.0957
LR: 0.000126, Acc: 97.6351, Loss: 0.0652
LR: 0.000125, Acc: 96.9595, Loss: 0.1023
LR: 0.000124, Acc: 97.6351, Loss: 0.1081
LR: 0.000124, Acc: 98.3108, Loss: 0.0833
LR: 0.000123, Acc: 96.9595, Loss: 0.1158
LR: 0.000122, Acc: 97.6351, Loss: 0.1173
LR: 0.000121, Acc: 97.2973, Loss: 0.1122
LR: 0.000121, Acc: 98.3108, Loss: 0.0797
LR: 0.000120, Acc: 96.2838, Loss: 0.1684
LR: 0.000119, Acc: 97.6351, Loss: 0.1224
LR: 0.000118, Acc: 96.9595, Loss: 0.0787
LR: 0.000118, Acc: 97.6351, Loss: 0.1124
LR: 0.000117, Acc: 96.9595, Loss: 0.1025
LR: 0.000116, Acc: 97.6351, Loss: 0.0976
LR: 0.000115, Acc: 97.2973, Loss: 0.1390
LR: 0.000115, Acc: 96.6216, Loss: 0.1469
LR: 0.000114, Acc: 94.9324, Loss: 0.1713
LR: 0.000113, Acc: 94.5946, Loss: 0.1868
LR: 0.000112, Acc: 96.9595, Loss: 0.0959
LR: 0.000111, Acc: 95.6081, Loss: 0.1133
LR: 0.000111, Acc: 97.9730, Loss: 0.0842
LR: 0.000110, Acc: 97.2973, Loss: 0.0864
LR: 0.000109, Acc: 97.2973, Loss: 0.0906
LR: 0.000108, Acc: 97.6351, Loss: 0.1161
LR: 0.000108, Acc: 97.6351, Loss: 0.1010
LR: 0.000107, Acc: 98.9865, Loss: 0.0453
LR: 0.000106, Acc: 95.2703, Loss: 0.1431
LR: 0.000105, Acc: 97.2973, Loss: 0.0906
LR: 0.000104, Acc: 97.2973, Loss: 0.0941
LR: 0.000104, Acc: 98.6486, Loss: 0.0655
LR: 0.000103, Acc: 96.2838, Loss: 0.1531
LR: 0.000102, Acc: 96.9595, Loss: 0.0935
LR: 0.000101, Acc: 95.6081, Loss: 0.1399
LR: 0.000100, Acc: 97.9730, Loss: 0.0757
LR: 0.000100, Acc: 97.9730, Loss: 0.0700
LR: 0.000099, Acc: 96.6216, Loss: 0.1210
LR: 0.000098, Acc: 97.2973, Loss: 0.1043
LR: 0.000097, Acc: 98.6486, Loss: 0.0459
LR: 0.000097, Acc: 96.9595, Loss: 0.1093
LR: 0.000096, Acc: 95.9459, Loss: 0.1050
LR: 0.000095, Acc: 94.5946, Loss: 0.1795
LR: 0.000094, Acc: 97.6351, Loss: 0.0924
LR: 0.000093, Acc: 95.9459, Loss: 0.1013
LR: 0.000093, Acc: 97.2973, Loss: 0.0799
LR: 0.000092, Acc: 96.9595, Loss: 0.1187
LR: 0.000091, Acc: 96.9595, Loss: 0.1086
LR: 0.000090, Acc: 96.9595, Loss: 0.1250
LR: 0.000090, Acc: 96.6216, Loss: 0.0979
LR: 0.000089, Acc: 98.3108, Loss: 0.0831
LR: 0.000088, Acc: 96.9595, Loss: 0.1114
LR: 0.000087, Acc: 96.9595, Loss: 0.1019
LR: 0.000086, Acc: 98.3108, Loss: 0.0581
LR: 0.000086, Acc: 96.9595, Loss: 0.1368
LR: 0.000085, Acc: 98.6486, Loss: 0.0686
LR: 0.000084, Acc: 96.9595, Loss: 0.0951
LR: 0.000083, Acc: 95.6081, Loss: 0.1311
LR: 0.000083, Acc: 98.3108, Loss: 0.0663
LR: 0.000082, Acc: 97.9730, Loss: 0.0687
LR: 0.000081, Acc: 97.9730, Loss: 0.0771
LR: 0.000080, Acc: 97.6351, Loss: 0.0713
LR: 0.000080, Acc: 98.6486, Loss: 0.0833
LR: 0.000079, Acc: 97.9730, Loss: 0.0746
LR: 0.000078, Acc: 98.6486, Loss: 0.0633
LR: 0.000077, Acc: 98.3108, Loss: 0.0750
LR: 0.000077, Acc: 98.3108, Loss: 0.0639
LR: 0.000076, Acc: 96.9595, Loss: 0.1051
LR: 0.000075, Acc: 97.9730, Loss: 0.0797
LR: 0.000074, Acc: 97.9730, Loss: 0.0511
LR: 0.000073, Acc: 96.2838, Loss: 0.1250
LR: 0.000073, Acc: 95.6081, Loss: 0.1392
LR: 0.000072, Acc: 99.3243, Loss: 0.0289
LR: 0.000071, Acc: 97.9730, Loss: 0.0818
LR: 0.000070, Acc: 97.2973, Loss: 0.0832
LR: 0.000070, Acc: 98.3108, Loss: 0.0573
LR: 0.000069, Acc: 97.6351, Loss: 0.1081
LR: 0.000068, Acc: 97.6351, Loss: 0.0720
LR: 0.000068, Acc: 96.9595, Loss: 0.1078
LR: 0.000067, Acc: 96.9595, Loss: 0.1019
LR: 0.000066, Acc: 98.3108, Loss: 0.0848
LR: 0.000065, Acc: 97.9730, Loss: 0.0942
LR: 0.000065, Acc: 97.6351, Loss: 0.0744
LR: 0.000064, Acc: 97.2973, Loss: 0.0781
LR: 0.000063, Acc: 96.2838, Loss: 0.1313
LR: 0.000062, Acc: 97.9730, Loss: 0.0596
LR: 0.000062, Acc: 97.9730, Loss: 0.0622
LR: 0.000061, Acc: 97.9730, Loss: 0.0893
LR: 0.000060, Acc: 96.2838, Loss: 0.1227
LR: 0.000060, Acc: 98.3108, Loss: 0.0648
LR: 0.000059, Acc: 97.9730, Loss: 0.0853
LR: 0.000058, Acc: 98.3108, Loss: 0.0671
LR: 0.000057, Acc: 97.9730, Loss: 0.0795
LR: 0.000057, Acc: 95.9459, Loss: 0.1863
LR: 0.000056, Acc: 96.9595, Loss: 0.0957
LR: 0.000055, Acc: 97.2973, Loss: 0.1098
LR: 0.000055, Acc: 97.2973, Loss: 0.0743
LR: 0.000054, Acc: 95.9459, Loss: 0.1363
LR: 0.000053, Acc: 97.6351, Loss: 0.0836
LR: 0.000053, Acc: 97.2973, Loss: 0.1198
LR: 0.000052, Acc: 96.9595, Loss: 0.0667
LR: 0.000051, Acc: 98.3108, Loss: 0.0496
LR: 0.000051, Acc: 96.9595, Loss: 0.1183
LR: 0.000050, Acc: 97.6351, Loss: 0.0767
LR: 0.000049, Acc: 97.2973, Loss: 0.0690
LR: 0.000049, Acc: 97.9730, Loss: 0.0898
LR: 0.000048, Acc: 97.9730, Loss: 0.0806
LR: 0.000047, Acc: 95.9459, Loss: 0.1030
LR: 0.000047, Acc: 97.6351, Loss: 0.1257
LR: 0.000046, Acc: 98.6486, Loss: 0.0485
LR: 0.000045, Acc: 97.9730, Loss: 0.0731
LR: 0.000045, Acc: 96.9595, Loss: 0.1183
LR: 0.000044, Acc: 98.3108, Loss: 0.0523
LR: 0.000043, Acc: 98.9865, Loss: 0.0719
LR: 0.000043, Acc: 96.9595, Loss: 0.1115
LR: 0.000042, Acc: 97.6351, Loss: 0.0712
LR: 0.000041, Acc: 98.3108, Loss: 0.0690
LR: 0.000041, Acc: 98.3108, Loss: 0.0567
LR: 0.000040, Acc: 97.9730, Loss: 0.0611
LR: 0.000040, Acc: 97.6351, Loss: 0.0948
LR: 0.000039, Acc: 97.2973, Loss: 0.0914
LR: 0.000038, Acc: 97.2973, Loss: 0.0863
LR: 0.000038, Acc: 97.6351, Loss: 0.0765
LR: 0.000037, Acc: 98.3108, Loss: 0.0624
LR: 0.000036, Acc: 98.9865, Loss: 0.0547
LR: 0.000036, Acc: 97.2973, Loss: 0.0967
LR: 0.000035, Acc: 97.9730, Loss: 0.0623
LR: 0.000035, Acc: 97.2973, Loss: 0.1061
LR: 0.000034, Acc: 95.6081, Loss: 0.1760
LR: 0.000034, Acc: 99.6622, Loss: 0.0369
LR: 0.000033, Acc: 98.6486, Loss: 0.0709
LR: 0.000032, Acc: 97.9730, Loss: 0.0861
LR: 0.000032, Acc: 97.6351, Loss: 0.0791
LR: 0.000031, Acc: 97.9730, Loss: 0.0904
LR: 0.000031, Acc: 99.3243, Loss: 0.0369
LR: 0.000030, Acc: 97.6351, Loss: 0.0932
LR: 0.000030, Acc: 97.9730, Loss: 0.0657
LR: 0.000029, Acc: 98.3108, Loss: 0.0947
LR: 0.000029, Acc: 98.6486, Loss: 0.0729
LR: 0.000028, Acc: 96.6216, Loss: 0.1255
LR: 0.000027, Acc: 96.6216, Loss: 0.1268
LR: 0.000027, Acc: 97.2973, Loss: 0.0877
LR: 0.000026, Acc: 98.3108, Loss: 0.0562
LR: 0.000026, Acc: 96.6216, Loss: 0.0991
LR: 0.000025, Acc: 96.2838, Loss: 0.1332
LR: 0.000025, Acc: 98.3108, Loss: 0.0720
LR: 0.000024, Acc: 96.6216, Loss: 0.0984
LR: 0.000024, Acc: 98.3108, Loss: 0.0846
LR: 0.000023, Acc: 95.9459, Loss: 0.1087
LR: 0.000023, Acc: 96.9595, Loss: 0.1310
LR: 0.000022, Acc: 98.3108, Loss: 0.0595
LR: 0.000022, Acc: 98.3108, Loss: 0.0564
LR: 0.000021, Acc: 96.2838, Loss: 0.1132
LR: 0.000021, Acc: 97.2973, Loss: 0.1178
LR: 0.000020, Acc: 98.6486, Loss: 0.0578
LR: 0.000020, Acc: 97.6351, Loss: 0.0810
LR: 0.000020, Acc: 96.9595, Loss: 0.1062
LR: 0.000019, Acc: 97.2973, Loss: 0.0830
LR: 0.000019, Acc: 98.3108, Loss: 0.0684
LR: 0.000018, Acc: 98.6486, Loss: 0.0485
LR: 0.000018, Acc: 99.3243, Loss: 0.0301
LR: 0.000017, Acc: 98.9865, Loss: 0.0503
LR: 0.000017, Acc: 98.3108, Loss: 0.0551
LR: 0.000016, Acc: 98.3108, Loss: 0.0583
LR: 0.000016, Acc: 99.3243, Loss: 0.0358
LR: 0.000016, Acc: 97.2973, Loss: 0.0897
LR: 0.000015, Acc: 96.9595, Loss: 0.0883
LR: 0.000015, Acc: 98.6486, Loss: 0.0410
LR: 0.000014, Acc: 98.9865, Loss: 0.0466
LR: 0.000014, Acc: 98.3108, Loss: 0.0601
LR: 0.000014, Acc: 98.6486, Loss: 0.0584
LR: 0.000013, Acc: 95.9459, Loss: 0.1348
LR: 0.000013, Acc: 97.9730, Loss: 0.0838
LR: 0.000013, Acc: 96.2838, Loss: 0.1129
LR: 0.000012, Acc: 97.6351, Loss: 0.0864
LR: 0.000012, Acc: 96.6216, Loss: 0.1013
LR: 0.000011, Acc: 97.2973, Loss: 0.1144
LR: 0.000011, Acc: 98.3108, Loss: 0.0816
LR: 0.000011, Acc: 96.2838, Loss: 0.0948
LR: 0.000010, Acc: 99.3243, Loss: 0.0478
LR: 0.000010, Acc: 97.2973, Loss: 0.0722
LR: 0.000010, Acc: 98.3108, Loss: 0.0649
LR: 0.000009, Acc: 97.6351, Loss: 0.0970
LR: 0.000009, Acc: 97.2973, Loss: 0.0768
LR: 0.000009, Acc: 96.9595, Loss: 0.0810
LR: 0.000009, Acc: 98.6486, Loss: 0.0688
LR: 0.000008, Acc: 96.9595, Loss: 0.1000
LR: 0.000008, Acc: 98.9865, Loss: 0.0410
LR: 0.000008, Acc: 97.2973, Loss: 0.0766
LR: 0.000007, Acc: 98.6486, Loss: 0.0550
LR: 0.000007, Acc: 98.6486, Loss: 0.0692
LR: 0.000007, Acc: 97.6351, Loss: 0.0596
LR: 0.000007, Acc: 97.6351, Loss: 0.0802
LR: 0.000006, Acc: 97.6351, Loss: 0.0870
LR: 0.000006, Acc: 97.6351, Loss: 0.0623
LR: 0.000006, Acc: 97.6351, Loss: 0.0881
LR: 0.000006, Acc: 97.2973, Loss: 0.0840
LR: 0.000005, Acc: 98.3108, Loss: 0.0590
LR: 0.000005, Acc: 99.6622, Loss: 0.0337
LR: 0.000005, Acc: 97.6351, Loss: 0.0713
LR: 0.000005, Acc: 98.3108, Loss: 0.0588
LR: 0.000005, Acc: 98.3108, Loss: 0.0468
LR: 0.000004, Acc: 98.3108, Loss: 0.0535
LR: 0.000004, Acc: 98.6486, Loss: 0.0578
LR: 0.000004, Acc: 97.6351, Loss: 0.0809
LR: 0.000004, Acc: 97.6351, Loss: 0.1044
LR: 0.000004, Acc: 97.2973, Loss: 0.0878
LR: 0.000003, Acc: 97.6351, Loss: 0.0741
LR: 0.000003, Acc: 97.6351, Loss: 0.0756
LR: 0.000003, Acc: 96.9595, Loss: 0.1202
LR: 0.000003, Acc: 98.6486, Loss: 0.0566
LR: 0.000003, Acc: 98.6486, Loss: 0.0620
LR: 0.000003, Acc: 97.9730, Loss: 0.0645
LR: 0.000002, Acc: 99.3243, Loss: 0.0614
LR: 0.000002, Acc: 99.3243, Loss: 0.0753
LR: 0.000002, Acc: 99.3243, Loss: 0.0452
LR: 0.000002, Acc: 97.2973, Loss: 0.0771
LR: 0.000002, Acc: 97.2973, Loss: 0.1117
LR: 0.000002, Acc: 97.9730, Loss: 0.0652
LR: 0.000002, Acc: 98.3108, Loss: 0.0764
LR: 0.000002, Acc: 97.9730, Loss: 0.1093
LR: 0.000002, Acc: 97.6351, Loss: 0.0686
LR: 0.000002, Acc: 97.9730, Loss: 0.0582
LR: 0.000001, Acc: 96.9595, Loss: 0.0986
LR: 0.000001, Acc: 98.6486, Loss: 0.0671
LR: 0.000001, Acc: 97.2973, Loss: 0.0984
LR: 0.000001, Acc: 97.6351, Loss: 0.0876
LR: 0.000001, Acc: 98.3108, Loss: 0.0686
LR: 0.000001, Acc: 99.3243, Loss: 0.0368
LR: 0.000001, Acc: 97.9730, Loss: 0.0790
LR: 0.000001, Acc: 97.6351, Loss: 0.0881
LR: 0.000001, Acc: 98.9865, Loss: 0.0446
LR: 0.000001, Acc: 97.6351, Loss: 0.0932
LR: 0.000001, Acc: 98.3108, Loss: 0.0647
LR: 0.000001, Acc: 98.3108, Loss: 0.0758
**** Final test accuracy: 92.10. ****

LoRA weights saved to weights/vitb16/oxford_pets/8shots/seed1/CLIP-LoRA_oxford_pets.pt
