created virtual environment CPython3.10.13.final.0-64 in 4910ms
  creator CPython3Posix(dest=/localscratch/pedro36.56832551.0/env, clear=False, no_vcs_ignore=False, global=False)
  seeder FromAppData(download=False, pip=bundle, setuptools=bundle, wheel=bundle, via=copy, app_data_dir=/home/pedro36/.local/share/virtualenv)
    added seed packages: pip==25.1.1, setuptools==80.7.1, wheel==0.45.1+computecanada
  activators BashActivator,CShellActivator,FishActivator,NushellActivator,PowerShellActivator,PythonActivator
Looking in links: /cvmfs/soft.computecanada.ca/custom/python/wheelhouse/gentoo2023/x86-64-v4, /cvmfs/soft.computecanada.ca/custom/python/wheelhouse/gentoo2023/x86-64-v3, /cvmfs/soft.computecanada.ca/custom/python/wheelhouse/gentoo2023/generic, /cvmfs/soft.computecanada.ca/custom/python/wheelhouse/generic
Requirement already satisfied: pip in /localscratch/pedro36.56832551.0/env/lib/python3.10/site-packages (25.1.1)
Looking in links: /cvmfs/soft.computecanada.ca/custom/python/wheelhouse/gentoo2023/x86-64-v4, /cvmfs/soft.computecanada.ca/custom/python/wheelhouse/gentoo2023/x86-64-v3, /cvmfs/soft.computecanada.ca/custom/python/wheelhouse/gentoo2023/generic, /cvmfs/soft.computecanada.ca/custom/python/wheelhouse/generic
Processing /cvmfs/soft.computecanada.ca/custom/python/wheelhouse/gentoo2023/x86-64-v3/torch-2.6.0+computecanada-cp310-cp310-linux_x86_64.whl
Processing /cvmfs/soft.computecanada.ca/custom/python/wheelhouse/gentoo2023/generic/torchvision-0.21.0+computecanada-cp310-cp310-linux_x86_64.whl
Processing /cvmfs/soft.computecanada.ca/custom/python/wheelhouse/gentoo2023/x86-64-v3/torchaudio-2.6.0+computecanada-cp310-cp310-linux_x86_64.whl
Processing /cvmfs/soft.computecanada.ca/custom/python/wheelhouse/generic/ftfy-6.3.0+computecanada-py3-none-any.whl
Processing /cvmfs/soft.computecanada.ca/custom/python/wheelhouse/gentoo2023/generic/scipy-1.15.1+computecanada-cp310-cp310-linux_x86_64.whl
Processing /cvmfs/soft.computecanada.ca/custom/python/wheelhouse/generic/regex-2024.9.11+computecanada-cp310-cp310-linux_x86_64.whl
Processing /cvmfs/soft.computecanada.ca/custom/python/wheelhouse/generic/tqdm-4.67.1+computecanada-py3-none-any.whl
Processing /cvmfs/soft.computecanada.ca/custom/python/wheelhouse/generic/gdown-5.2.0+computecanada-py3-none-any.whl
Processing /cvmfs/soft.computecanada.ca/custom/python/wheelhouse/gentoo2023/x86-64-v3/pandas-2.2.3+computecanada-cp310-cp310-linux_x86_64.whl
Processing /cvmfs/soft.computecanada.ca/custom/python/wheelhouse/generic/filelock-3.18.0+computecanada-py3-none-any.whl (from torch)
Processing /cvmfs/soft.computecanada.ca/custom/python/wheelhouse/generic/typing_extensions-4.14.0+computecanada-py3-none-any.whl (from torch)
Processing /cvmfs/soft.computecanada.ca/custom/python/wheelhouse/generic/networkx-3.5+computecanada-py3-none-any.whl (from torch)
Processing /cvmfs/soft.computecanada.ca/custom/python/wheelhouse/generic/jinja2-3.1.6+computecanada-py3-none-any.whl (from torch)
Processing /cvmfs/soft.computecanada.ca/custom/python/wheelhouse/generic/fsspec-2025.5.1+computecanada-py3-none-any.whl (from torch)
Processing /cvmfs/soft.computecanada.ca/custom/python/wheelhouse/generic/sympy-1.13.1+computecanada-py3-none-any.whl (from torch)
Processing /cvmfs/soft.computecanada.ca/custom/python/wheelhouse/generic/mpmath-1.3.0+computecanada-py3-none-any.whl (from sympy==1.13.1->torch)
Processing /cvmfs/soft.computecanada.ca/custom/python/wheelhouse/gentoo2023/generic/numpy-2.2.2+computecanada-cp310-cp310-linux_x86_64.whl (from torchvision)
Processing /cvmfs/soft.computecanada.ca/custom/python/wheelhouse/gentoo2023/x86-64-v3/Pillow_SIMD-9.5.0.post2+computecanada-cp310-cp310-linux_x86_64.whl (from torchvision)
Processing /cvmfs/soft.computecanada.ca/custom/python/wheelhouse/generic/wcwidth-0.2.13+computecanada-py2.py3-none-any.whl (from ftfy)
Processing /cvmfs/soft.computecanada.ca/custom/python/wheelhouse/generic/beautifulsoup4-4.13.4+computecanada-py3-none-any.whl (from gdown)
Processing /cvmfs/soft.computecanada.ca/custom/python/wheelhouse/generic/requests-2.32.4+computecanada-py3-none-any.whl (from gdown)
Processing /cvmfs/soft.computecanada.ca/custom/python/wheelhouse/generic/python_dateutil-2.9.0.post0+computecanada-py2.py3-none-any.whl (from pandas)
Processing /cvmfs/soft.computecanada.ca/custom/python/wheelhouse/generic/pytz-2025.2+computecanada-py2.py3-none-any.whl (from pandas)
Processing /cvmfs/soft.computecanada.ca/custom/python/wheelhouse/generic/tzdata-2025.2+computecanada-py2.py3-none-any.whl (from pandas)
Processing /cvmfs/soft.computecanada.ca/custom/python/wheelhouse/generic/six-1.17.0+computecanada-py2.py3-none-any.whl (from python-dateutil>=2.8.2->pandas)
Processing /cvmfs/soft.computecanada.ca/custom/python/wheelhouse/generic/soupsieve-2.7+computecanada-py3-none-any.whl (from beautifulsoup4->gdown)
Processing /cvmfs/soft.computecanada.ca/custom/python/wheelhouse/generic/MarkupSafe-2.1.5+computecanada-cp310-cp310-linux_x86_64.whl (from jinja2->torch)
INFO: pip is looking at multiple versions of networkx to determine which version is compatible with other requirements. This could take a while.
Processing /cvmfs/soft.computecanada.ca/custom/python/wheelhouse/generic/networkx-3.4.2+computecanada-py3-none-any.whl (from torch)
Processing /cvmfs/soft.computecanada.ca/custom/python/wheelhouse/generic/charset_normalizer-3.4.2+computecanada-py3-none-any.whl (from requests[socks]->gdown)
Processing /cvmfs/soft.computecanada.ca/custom/python/wheelhouse/generic/idna-3.10+computecanada-py3-none-any.whl (from requests[socks]->gdown)
Processing /cvmfs/soft.computecanada.ca/custom/python/wheelhouse/generic/urllib3-2.5.0+computecanada-py3-none-any.whl (from requests[socks]->gdown)
Processing /cvmfs/soft.computecanada.ca/custom/python/wheelhouse/generic/certifi-2025.6.15+computecanada-py3-none-any.whl (from requests[socks]->gdown)
Processing /cvmfs/soft.computecanada.ca/custom/python/wheelhouse/generic/PySocks-1.7.1+computecanada-py3-none-any.whl (from requests[socks]->gdown)
Installing collected packages: wcwidth, pytz, mpmath, urllib3, tzdata, typing-extensions, tqdm, sympy, soupsieve, six, regex, PySocks, pillow-simd, numpy, networkx, MarkupSafe, idna, ftfy, fsspec, filelock, charset-normalizer, certifi, scipy, requests, python-dateutil, jinja2, beautifulsoup4, torch, pandas, torchvision, torchaudio, gdown

Successfully installed MarkupSafe-2.1.5+computecanada PySocks-1.7.1+computecanada beautifulsoup4-4.13.4+computecanada certifi-2025.6.15+computecanada charset-normalizer-3.4.2+computecanada filelock-3.18.0+computecanada fsspec-2025.5.1+computecanada ftfy-6.3.0+computecanada gdown-5.2.0+computecanada idna-3.10+computecanada jinja2-3.1.6+computecanada mpmath-1.3.0+computecanada networkx-3.4.2+computecanada numpy-2.2.2+computecanada pandas-2.2.3+computecanada pillow-simd-9.5.0.post2+computecanada python-dateutil-2.9.0.post0+computecanada pytz-2025.2+computecanada regex-2024.9.11+computecanada requests-2.32.4+computecanada scipy-1.15.1+computecanada six-1.17.0+computecanada soupsieve-2.7+computecanada sympy-1.13.1+computecanada torch-2.6.0+computecanada torchaudio-2.6.0+computecanada torchvision-0.21.0+computecanada tqdm-4.67.1+computecanada typing-extensions-4.14.0+computecanada tzdata-2025.2+computecanada urllib3-2.5.0+computecanada wcwidth-0.2.13+computecanada
Preparing dataset.
Reading split from /home/pedro36/projects/def-leszek/pedro36/datasets/DATA/Flower102/split_zhou_OxfordFlowers.json
Creating a 1-shot dataset
Creating a 1-shot dataset

Getting textual features as CLIP's classifier.

Loading visual features and labels from val set.

Loading visual features and labels from test set.

**** Zero-shot CLIP's test accuracy: 67.36. ****

Residual Attention Block 0: ResidualAttentionBlock(
  (attn): MultiheadAttention(
    (out_proj): NonDynamicallyQuantizableLinear(in_features=512, out_features=512, bias=True)
  )
  (ln_1): LayerNorm((512,), eps=1e-05, elementwise_affine=True)
  (mlp): Sequential(
    (c_fc): Linear(in_features=512, out_features=2048, bias=True)
    (gelu): QuickGELU()
    (c_proj): Linear(in_features=2048, out_features=512, bias=True)
  )
  (ln_2): LayerNorm((512,), eps=1e-05, elementwise_affine=True)
)
Residual Attention Block 1: ResidualAttentionBlock(
  (attn): MultiheadAttention(
    (out_proj): NonDynamicallyQuantizableLinear(in_features=512, out_features=512, bias=True)
  )
  (ln_1): LayerNorm((512,), eps=1e-05, elementwise_affine=True)
  (mlp): Sequential(
    (c_fc): Linear(in_features=512, out_features=2048, bias=True)
    (gelu): QuickGELU()
    (c_proj): Linear(in_features=2048, out_features=512, bias=True)
  )
  (ln_2): LayerNorm((512,), eps=1e-05, elementwise_affine=True)
)
Residual Attention Block 2: ResidualAttentionBlock(
  (attn): MultiheadAttention(
    (out_proj): NonDynamicallyQuantizableLinear(in_features=512, out_features=512, bias=True)
  )
  (ln_1): LayerNorm((512,), eps=1e-05, elementwise_affine=True)
  (mlp): Sequential(
    (c_fc): Linear(in_features=512, out_features=2048, bias=True)
    (gelu): QuickGELU()
    (c_proj): Linear(in_features=2048, out_features=512, bias=True)
  )
  (ln_2): LayerNorm((512,), eps=1e-05, elementwise_affine=True)
)
Residual Attention Block 3: ResidualAttentionBlock(
  (attn): MultiheadAttention(
    (out_proj): NonDynamicallyQuantizableLinear(in_features=512, out_features=512, bias=True)
  )
  (ln_1): LayerNorm((512,), eps=1e-05, elementwise_affine=True)
  (mlp): Sequential(
    (c_fc): Linear(in_features=512, out_features=2048, bias=True)
    (gelu): QuickGELU()
    (c_proj): Linear(in_features=2048, out_features=512, bias=True)
  )
  (ln_2): LayerNorm((512,), eps=1e-05, elementwise_affine=True)
)
Residual Attention Block 4: ResidualAttentionBlock(
  (attn): MultiheadAttention(
    (out_proj): NonDynamicallyQuantizableLinear(in_features=512, out_features=512, bias=True)
  )
  (ln_1): LayerNorm((512,), eps=1e-05, elementwise_affine=True)
  (mlp): Sequential(
    (c_fc): Linear(in_features=512, out_features=2048, bias=True)
    (gelu): QuickGELU()
    (c_proj): Linear(in_features=2048, out_features=512, bias=True)
  )
  (ln_2): LayerNorm((512,), eps=1e-05, elementwise_affine=True)
)
Residual Attention Block 5: ResidualAttentionBlock(
  (attn): MultiheadAttention(
    (out_proj): NonDynamicallyQuantizableLinear(in_features=512, out_features=512, bias=True)
  )
  (ln_1): LayerNorm((512,), eps=1e-05, elementwise_affine=True)
  (mlp): Sequential(
    (c_fc): Linear(in_features=512, out_features=2048, bias=True)
    (gelu): QuickGELU()
    (c_proj): Linear(in_features=2048, out_features=512, bias=True)
  )
  (ln_2): LayerNorm((512,), eps=1e-05, elementwise_affine=True)
)
Residual Attention Block 6: ResidualAttentionBlock(
  (attn): MultiheadAttention(
    (out_proj): NonDynamicallyQuantizableLinear(in_features=512, out_features=512, bias=True)
  )
  (ln_1): LayerNorm((512,), eps=1e-05, elementwise_affine=True)
  (mlp): Sequential(
    (c_fc): Linear(in_features=512, out_features=2048, bias=True)
    (gelu): QuickGELU()
    (c_proj): Linear(in_features=2048, out_features=512, bias=True)
  )
  (ln_2): LayerNorm((512,), eps=1e-05, elementwise_affine=True)
)
Residual Attention Block 7: ResidualAttentionBlock(
  (attn): MultiheadAttention(
    (out_proj): NonDynamicallyQuantizableLinear(in_features=512, out_features=512, bias=True)
  )
  (ln_1): LayerNorm((512,), eps=1e-05, elementwise_affine=True)
  (mlp): Sequential(
    (c_fc): Linear(in_features=512, out_features=2048, bias=True)
    (gelu): QuickGELU()
    (c_proj): Linear(in_features=2048, out_features=512, bias=True)
  )
  (ln_2): LayerNorm((512,), eps=1e-05, elementwise_affine=True)
)
Residual Attention Block 8: ResidualAttentionBlock(
  (attn): MultiheadAttention(
    (out_proj): NonDynamicallyQuantizableLinear(in_features=512, out_features=512, bias=True)
  )
  (ln_1): LayerNorm((512,), eps=1e-05, elementwise_affine=True)
  (mlp): Sequential(
    (c_fc): Linear(in_features=512, out_features=2048, bias=True)
    (gelu): QuickGELU()
    (c_proj): Linear(in_features=2048, out_features=512, bias=True)
  )
  (ln_2): LayerNorm((512,), eps=1e-05, elementwise_affine=True)
)
Residual Attention Block 9: ResidualAttentionBlock(
  (attn): MultiheadAttention(
    (out_proj): NonDynamicallyQuantizableLinear(in_features=512, out_features=512, bias=True)
  )
  (ln_1): LayerNorm((512,), eps=1e-05, elementwise_affine=True)
  (mlp): Sequential(
    (c_fc): Linear(in_features=512, out_features=2048, bias=True)
    (gelu): QuickGELU()
    (c_proj): Linear(in_features=2048, out_features=512, bias=True)
  )
  (ln_2): LayerNorm((512,), eps=1e-05, elementwise_affine=True)
)
Residual Attention Block 10: ResidualAttentionBlock(
  (attn): MultiheadAttention(
    (out_proj): NonDynamicallyQuantizableLinear(in_features=512, out_features=512, bias=True)
  )
  (ln_1): LayerNorm((512,), eps=1e-05, elementwise_affine=True)
  (mlp): Sequential(
    (c_fc): Linear(in_features=512, out_features=2048, bias=True)
    (gelu): QuickGELU()
    (c_proj): Linear(in_features=2048, out_features=512, bias=True)
  )
  (ln_2): LayerNorm((512,), eps=1e-05, elementwise_affine=True)
)
Residual Attention Block 11: ResidualAttentionBlock(
  (attn): MultiheadAttention(
    (out_proj): NonDynamicallyQuantizableLinear(in_features=512, out_features=512, bias=True)
  )
  (ln_1): LayerNorm((512,), eps=1e-05, elementwise_affine=True)
  (mlp): Sequential(
    (c_fc): Linear(in_features=512, out_features=2048, bias=True)
    (gelu): QuickGELU()
    (c_proj): Linear(in_features=2048, out_features=512, bias=True)
  )
  (ln_2): LayerNorm((512,), eps=1e-05, elementwise_affine=True)
)
Residual Attention Block 0: ResidualAttentionBlock(
  (attn): MultiheadAttention(
    (out_proj): NonDynamicallyQuantizableLinear(in_features=768, out_features=768, bias=True)
  )
  (ln_1): LayerNorm((768,), eps=1e-05, elementwise_affine=True)
  (mlp): Sequential(
    (c_fc): Linear(in_features=768, out_features=3072, bias=True)
    (gelu): QuickGELU()
    (c_proj): Linear(in_features=3072, out_features=768, bias=True)
  )
  (ln_2): LayerNorm((768,), eps=1e-05, elementwise_affine=True)
)
Residual Attention Block 1: ResidualAttentionBlock(
  (attn): MultiheadAttention(
    (out_proj): NonDynamicallyQuantizableLinear(in_features=768, out_features=768, bias=True)
  )
  (ln_1): LayerNorm((768,), eps=1e-05, elementwise_affine=True)
  (mlp): Sequential(
    (c_fc): Linear(in_features=768, out_features=3072, bias=True)
    (gelu): QuickGELU()
    (c_proj): Linear(in_features=3072, out_features=768, bias=True)
  )
  (ln_2): LayerNorm((768,), eps=1e-05, elementwise_affine=True)
)
Residual Attention Block 2: ResidualAttentionBlock(
  (attn): MultiheadAttention(
    (out_proj): NonDynamicallyQuantizableLinear(in_features=768, out_features=768, bias=True)
  )
  (ln_1): LayerNorm((768,), eps=1e-05, elementwise_affine=True)
  (mlp): Sequential(
    (c_fc): Linear(in_features=768, out_features=3072, bias=True)
    (gelu): QuickGELU()
    (c_proj): Linear(in_features=3072, out_features=768, bias=True)
  )
  (ln_2): LayerNorm((768,), eps=1e-05, elementwise_affine=True)
)
Residual Attention Block 3: ResidualAttentionBlock(
  (attn): MultiheadAttention(
    (out_proj): NonDynamicallyQuantizableLinear(in_features=768, out_features=768, bias=True)
  )
  (ln_1): LayerNorm((768,), eps=1e-05, elementwise_affine=True)
  (mlp): Sequential(
    (c_fc): Linear(in_features=768, out_features=3072, bias=True)
    (gelu): QuickGELU()
    (c_proj): Linear(in_features=3072, out_features=768, bias=True)
  )
  (ln_2): LayerNorm((768,), eps=1e-05, elementwise_affine=True)
)
Residual Attention Block 4: ResidualAttentionBlock(
  (attn): MultiheadAttention(
    (out_proj): NonDynamicallyQuantizableLinear(in_features=768, out_features=768, bias=True)
  )
  (ln_1): LayerNorm((768,), eps=1e-05, elementwise_affine=True)
  (mlp): Sequential(
    (c_fc): Linear(in_features=768, out_features=3072, bias=True)
    (gelu): QuickGELU()
    (c_proj): Linear(in_features=3072, out_features=768, bias=True)
  )
  (ln_2): LayerNorm((768,), eps=1e-05, elementwise_affine=True)
)
Residual Attention Block 5: ResidualAttentionBlock(
  (attn): MultiheadAttention(
    (out_proj): NonDynamicallyQuantizableLinear(in_features=768, out_features=768, bias=True)
  )
  (ln_1): LayerNorm((768,), eps=1e-05, elementwise_affine=True)
  (mlp): Sequential(
    (c_fc): Linear(in_features=768, out_features=3072, bias=True)
    (gelu): QuickGELU()
    (c_proj): Linear(in_features=3072, out_features=768, bias=True)
  )
  (ln_2): LayerNorm((768,), eps=1e-05, elementwise_affine=True)
)
Residual Attention Block 6: ResidualAttentionBlock(
  (attn): MultiheadAttention(
    (out_proj): NonDynamicallyQuantizableLinear(in_features=768, out_features=768, bias=True)
  )
  (ln_1): LayerNorm((768,), eps=1e-05, elementwise_affine=True)
  (mlp): Sequential(
    (c_fc): Linear(in_features=768, out_features=3072, bias=True)
    (gelu): QuickGELU()
    (c_proj): Linear(in_features=3072, out_features=768, bias=True)
  )
  (ln_2): LayerNorm((768,), eps=1e-05, elementwise_affine=True)
)
Residual Attention Block 7: ResidualAttentionBlock(
  (attn): MultiheadAttention(
    (out_proj): NonDynamicallyQuantizableLinear(in_features=768, out_features=768, bias=True)
  )
  (ln_1): LayerNorm((768,), eps=1e-05, elementwise_affine=True)
  (mlp): Sequential(
    (c_fc): Linear(in_features=768, out_features=3072, bias=True)
    (gelu): QuickGELU()
    (c_proj): Linear(in_features=3072, out_features=768, bias=True)
  )
  (ln_2): LayerNorm((768,), eps=1e-05, elementwise_affine=True)
)
Residual Attention Block 8: ResidualAttentionBlock(
  (attn): MultiheadAttention(
    (out_proj): NonDynamicallyQuantizableLinear(in_features=768, out_features=768, bias=True)
  )
  (ln_1): LayerNorm((768,), eps=1e-05, elementwise_affine=True)
  (mlp): Sequential(
    (c_fc): Linear(in_features=768, out_features=3072, bias=True)
    (gelu): QuickGELU()
    (c_proj): Linear(in_features=3072, out_features=768, bias=True)
  )
  (ln_2): LayerNorm((768,), eps=1e-05, elementwise_affine=True)
)
Residual Attention Block 9: ResidualAttentionBlock(
  (attn): MultiheadAttention(
    (out_proj): NonDynamicallyQuantizableLinear(in_features=768, out_features=768, bias=True)
  )
  (ln_1): LayerNorm((768,), eps=1e-05, elementwise_affine=True)
  (mlp): Sequential(
    (c_fc): Linear(in_features=768, out_features=3072, bias=True)
    (gelu): QuickGELU()
    (c_proj): Linear(in_features=3072, out_features=768, bias=True)
  )
  (ln_2): LayerNorm((768,), eps=1e-05, elementwise_affine=True)
)
Residual Attention Block 10: ResidualAttentionBlock(
  (attn): MultiheadAttention(
    (out_proj): NonDynamicallyQuantizableLinear(in_features=768, out_features=768, bias=True)
  )
  (ln_1): LayerNorm((768,), eps=1e-05, elementwise_affine=True)
  (mlp): Sequential(
    (c_fc): Linear(in_features=768, out_features=3072, bias=True)
    (gelu): QuickGELU()
    (c_proj): Linear(in_features=3072, out_features=768, bias=True)
  )
  (ln_2): LayerNorm((768,), eps=1e-05, elementwise_affine=True)
)
Residual Attention Block 11: ResidualAttentionBlock(
  (attn): MultiheadAttention(
    (out_proj): NonDynamicallyQuantizableLinear(in_features=768, out_features=768, bias=True)
  )
  (ln_1): LayerNorm((768,), eps=1e-05, elementwise_affine=True)
  (mlp): Sequential(
    (c_fc): Linear(in_features=768, out_features=3072, bias=True)
    (gelu): QuickGELU()
    (c_proj): Linear(in_features=3072, out_features=768, bias=True)
  )
  (ln_2): LayerNorm((768,), eps=1e-05, elementwise_affine=True)
)
LR: 0.000200, Acc: 51.9608, Loss: 2.2567
LR: 0.000200, Acc: 51.9608, Loss: 2.3326
LR: 0.000200, Acc: 50.9804, Loss: 2.2328
LR: 0.000199, Acc: 51.9608, Loss: 2.2603
LR: 0.000199, Acc: 55.8824, Loss: 2.0907
LR: 0.000199, Acc: 54.9020, Loss: 2.0985
LR: 0.000198, Acc: 52.9412, Loss: 2.2222
LR: 0.000198, Acc: 56.8627, Loss: 2.0002
LR: 0.000197, Acc: 61.7647, Loss: 1.9077
LR: 0.000197, Acc: 57.8431, Loss: 1.8901
LR: 0.000196, Acc: 60.7843, Loss: 1.7771
LR: 0.000196, Acc: 57.8431, Loss: 1.7776
LR: 0.000195, Acc: 62.7451, Loss: 1.4625
LR: 0.000194, Acc: 57.8431, Loss: 1.6663
LR: 0.000193, Acc: 67.6471, Loss: 1.3892
LR: 0.000192, Acc: 70.5882, Loss: 1.2687
LR: 0.000191, Acc: 65.6863, Loss: 1.3434
LR: 0.000190, Acc: 70.5882, Loss: 1.2498
LR: 0.000189, Acc: 67.6471, Loss: 1.2026
LR: 0.000188, Acc: 76.4706, Loss: 1.0709
LR: 0.000186, Acc: 71.5686, Loss: 1.1310
LR: 0.000185, Acc: 71.5686, Loss: 1.0241
LR: 0.000184, Acc: 67.6471, Loss: 1.3075
LR: 0.000182, Acc: 76.4706, Loss: 0.9387
LR: 0.000181, Acc: 78.4314, Loss: 0.8820
LR: 0.000180, Acc: 79.4118, Loss: 0.8542
LR: 0.000178, Acc: 83.3333, Loss: 0.7611
LR: 0.000176, Acc: 84.3137, Loss: 0.7195
LR: 0.000175, Acc: 79.4118, Loss: 0.8034
LR: 0.000173, Acc: 77.4510, Loss: 0.8326
LR: 0.000171, Acc: 84.3137, Loss: 0.8153
LR: 0.000170, Acc: 87.2549, Loss: 0.6011
LR: 0.000168, Acc: 84.3137, Loss: 0.7394
LR: 0.000166, Acc: 89.2157, Loss: 0.4740
LR: 0.000164, Acc: 82.3529, Loss: 0.7639
LR: 0.000162, Acc: 92.1569, Loss: 0.4548
LR: 0.000160, Acc: 86.2745, Loss: 0.5647
LR: 0.000158, Acc: 84.3137, Loss: 0.7005
LR: 0.000156, Acc: 86.2745, Loss: 0.5610
LR: 0.000154, Acc: 88.2353, Loss: 0.4953
LR: 0.000152, Acc: 90.1961, Loss: 0.4235
LR: 0.000150, Acc: 94.1176, Loss: 0.3726
LR: 0.000147, Acc: 93.1373, Loss: 0.3097
LR: 0.000145, Acc: 86.2745, Loss: 0.5609
LR: 0.000143, Acc: 92.1569, Loss: 0.3764
LR: 0.000141, Acc: 90.1961, Loss: 0.3864
LR: 0.000138, Acc: 88.2353, Loss: 0.5700
LR: 0.000136, Acc: 93.1373, Loss: 0.3820
LR: 0.000134, Acc: 90.1961, Loss: 0.4307
LR: 0.000131, Acc: 95.0980, Loss: 0.2890
LR: 0.000129, Acc: 96.0784, Loss: 0.2672
LR: 0.000126, Acc: 92.1569, Loss: 0.4820
LR: 0.000124, Acc: 93.1373, Loss: 0.3819
LR: 0.000122, Acc: 93.1373, Loss: 0.2416
LR: 0.000119, Acc: 91.1765, Loss: 0.4115
LR: 0.000117, Acc: 91.1765, Loss: 0.3717
LR: 0.000114, Acc: 94.1176, Loss: 0.2716
LR: 0.000112, Acc: 86.2745, Loss: 0.6587
LR: 0.000109, Acc: 94.1176, Loss: 0.2759
LR: 0.000107, Acc: 94.1176, Loss: 0.2914
LR: 0.000104, Acc: 95.0980, Loss: 0.2959
LR: 0.000102, Acc: 97.0588, Loss: 0.2541
LR: 0.000099, Acc: 90.1961, Loss: 0.5345
LR: 0.000097, Acc: 89.2157, Loss: 0.5328
LR: 0.000094, Acc: 99.0196, Loss: 0.1379
LR: 0.000092, Acc: 91.1765, Loss: 0.3152
LR: 0.000089, Acc: 92.1569, Loss: 0.3880
LR: 0.000087, Acc: 93.1373, Loss: 0.2796
LR: 0.000084, Acc: 91.1765, Loss: 0.3160
LR: 0.000082, Acc: 97.0588, Loss: 0.1485
LR: 0.000079, Acc: 91.1765, Loss: 0.2979
LR: 0.000077, Acc: 92.1569, Loss: 0.3006
LR: 0.000075, Acc: 94.1176, Loss: 0.2343
LR: 0.000072, Acc: 95.0980, Loss: 0.1794
LR: 0.000070, Acc: 95.0980, Loss: 0.3393
LR: 0.000067, Acc: 92.1569, Loss: 0.3091
LR: 0.000065, Acc: 90.1961, Loss: 0.3724
LR: 0.000063, Acc: 95.0980, Loss: 0.2156
LR: 0.000060, Acc: 93.1373, Loss: 0.2694
LR: 0.000058, Acc: 95.0980, Loss: 0.1740
LR: 0.000056, Acc: 99.0196, Loss: 0.1435
LR: 0.000054, Acc: 91.1765, Loss: 0.2868
LR: 0.000051, Acc: 91.1765, Loss: 0.3820
LR: 0.000049, Acc: 95.0980, Loss: 0.2172
LR: 0.000047, Acc: 99.0196, Loss: 0.0802
LR: 0.000045, Acc: 91.1765, Loss: 0.3013
LR: 0.000043, Acc: 89.2157, Loss: 0.4385
LR: 0.000041, Acc: 94.1176, Loss: 0.2397
LR: 0.000039, Acc: 97.0588, Loss: 0.1476
LR: 0.000037, Acc: 96.0784, Loss: 0.2554
LR: 0.000035, Acc: 94.1176, Loss: 0.3045
LR: 0.000033, Acc: 95.0980, Loss: 0.2522
LR: 0.000031, Acc: 98.0392, Loss: 0.1203
LR: 0.000030, Acc: 96.0784, Loss: 0.2369
LR: 0.000028, Acc: 96.0784, Loss: 0.1420
LR: 0.000026, Acc: 95.0980, Loss: 0.2521
LR: 0.000025, Acc: 94.1176, Loss: 0.1846
LR: 0.000023, Acc: 92.1569, Loss: 0.3606
LR: 0.000021, Acc: 91.1765, Loss: 0.3326
LR: 0.000020, Acc: 94.1176, Loss: 0.2054
LR: 0.000019, Acc: 97.0588, Loss: 0.1715
LR: 0.000017, Acc: 90.1961, Loss: 0.2893
LR: 0.000016, Acc: 92.1569, Loss: 0.2747
LR: 0.000015, Acc: 95.0980, Loss: 0.2745
LR: 0.000013, Acc: 97.0588, Loss: 0.1755
LR: 0.000012, Acc: 94.1176, Loss: 0.1875
LR: 0.000011, Acc: 96.0784, Loss: 0.1661
LR: 0.000010, Acc: 89.2157, Loss: 0.4210
LR: 0.000009, Acc: 93.1373, Loss: 0.2387
LR: 0.000008, Acc: 95.0980, Loss: 0.1533
LR: 0.000007, Acc: 97.0588, Loss: 0.1615
LR: 0.000006, Acc: 93.1373, Loss: 0.3332
LR: 0.000005, Acc: 98.0392, Loss: 0.1143
LR: 0.000005, Acc: 93.1373, Loss: 0.2001
LR: 0.000004, Acc: 95.0980, Loss: 0.1982
LR: 0.000004, Acc: 97.0588, Loss: 0.1981
LR: 0.000003, Acc: 95.0980, Loss: 0.3692
LR: 0.000003, Acc: 98.0392, Loss: 0.1234
LR: 0.000002, Acc: 92.1569, Loss: 0.2987
LR: 0.000002, Acc: 93.1373, Loss: 0.2755
LR: 0.000002, Acc: 95.0980, Loss: 0.1882
LR: 0.000001, Acc: 93.1373, Loss: 0.2811
LR: 0.000001, Acc: 96.0784, Loss: 0.2230
LR: 0.000001, Acc: 93.1373, Loss: 0.2338
**** Final test accuracy: 81.36. ****

LoRA weights saved to weights/vitb16/oxford_flowers/1shots/seed1/CLIP-LoRA_oxford_flowers.pt
