created virtual environment CPython3.10.13.final.0-64 in 22074ms
  creator CPython3Posix(dest=/localscratch/pedro36.57161274.0/env, clear=False, no_vcs_ignore=False, global=False)
  seeder FromAppData(download=False, pip=bundle, setuptools=bundle, wheel=bundle, via=copy, app_data_dir=/home/pedro36/.local/share/virtualenv)
    added seed packages: pip==25.1.1, setuptools==80.7.1, wheel==0.45.1+computecanada
  activators BashActivator,CShellActivator,FishActivator,NushellActivator,PowerShellActivator,PythonActivator
Looking in links: /cvmfs/soft.computecanada.ca/custom/python/wheelhouse/gentoo2023/x86-64-v4, /cvmfs/soft.computecanada.ca/custom/python/wheelhouse/gentoo2023/x86-64-v3, /cvmfs/soft.computecanada.ca/custom/python/wheelhouse/gentoo2023/generic, /cvmfs/soft.computecanada.ca/custom/python/wheelhouse/generic
Requirement already satisfied: pip in /localscratch/pedro36.57161274.0/env/lib/python3.10/site-packages (25.1.1)
Looking in links: /cvmfs/soft.computecanada.ca/custom/python/wheelhouse/gentoo2023/x86-64-v4, /cvmfs/soft.computecanada.ca/custom/python/wheelhouse/gentoo2023/x86-64-v3, /cvmfs/soft.computecanada.ca/custom/python/wheelhouse/gentoo2023/generic, /cvmfs/soft.computecanada.ca/custom/python/wheelhouse/generic
Processing /cvmfs/soft.computecanada.ca/custom/python/wheelhouse/gentoo2023/x86-64-v3/torch-2.6.0+computecanada-cp310-cp310-linux_x86_64.whl
Processing /cvmfs/soft.computecanada.ca/custom/python/wheelhouse/gentoo2023/generic/torchvision-0.21.0+computecanada-cp310-cp310-linux_x86_64.whl
Processing /cvmfs/soft.computecanada.ca/custom/python/wheelhouse/gentoo2023/x86-64-v3/torchaudio-2.6.0+computecanada-cp310-cp310-linux_x86_64.whl
Processing /cvmfs/soft.computecanada.ca/custom/python/wheelhouse/generic/ftfy-6.3.1+computecanada-py3-none-any.whl
Processing /cvmfs/soft.computecanada.ca/custom/python/wheelhouse/gentoo2023/generic/scipy-1.15.1+computecanada-cp310-cp310-linux_x86_64.whl
Processing /cvmfs/soft.computecanada.ca/custom/python/wheelhouse/generic/regex-2024.9.11+computecanada-cp310-cp310-linux_x86_64.whl
Processing /cvmfs/soft.computecanada.ca/custom/python/wheelhouse/generic/tqdm-4.67.1+computecanada-py3-none-any.whl
Processing /cvmfs/soft.computecanada.ca/custom/python/wheelhouse/generic/gdown-5.2.0+computecanada-py3-none-any.whl
Processing /cvmfs/soft.computecanada.ca/custom/python/wheelhouse/gentoo2023/x86-64-v3/pandas-2.2.3+computecanada-cp310-cp310-linux_x86_64.whl
Processing /cvmfs/soft.computecanada.ca/custom/python/wheelhouse/generic/filelock-3.18.0+computecanada-py3-none-any.whl (from torch)
Processing /cvmfs/soft.computecanada.ca/custom/python/wheelhouse/generic/typing_extensions-4.14.0+computecanada-py3-none-any.whl (from torch)
Processing /cvmfs/soft.computecanada.ca/custom/python/wheelhouse/generic/networkx-3.5+computecanada-py3-none-any.whl (from torch)
Processing /cvmfs/soft.computecanada.ca/custom/python/wheelhouse/generic/jinja2-3.1.6+computecanada-py3-none-any.whl (from torch)
Processing /cvmfs/soft.computecanada.ca/custom/python/wheelhouse/generic/fsspec-2025.5.1+computecanada-py3-none-any.whl (from torch)
Processing /cvmfs/soft.computecanada.ca/custom/python/wheelhouse/generic/sympy-1.13.1+computecanada-py3-none-any.whl (from torch)
Processing /cvmfs/soft.computecanada.ca/custom/python/wheelhouse/generic/mpmath-1.3.0+computecanada-py3-none-any.whl (from sympy==1.13.1->torch)
Processing /cvmfs/soft.computecanada.ca/custom/python/wheelhouse/gentoo2023/generic/numpy-2.2.2+computecanada-cp310-cp310-linux_x86_64.whl (from torchvision)
Processing /cvmfs/soft.computecanada.ca/custom/python/wheelhouse/gentoo2023/x86-64-v3/Pillow_SIMD-9.5.0.post2+computecanada-cp310-cp310-linux_x86_64.whl (from torchvision)
Processing /cvmfs/soft.computecanada.ca/custom/python/wheelhouse/generic/wcwidth-0.2.13+computecanada-py2.py3-none-any.whl (from ftfy)
Processing /cvmfs/soft.computecanada.ca/custom/python/wheelhouse/generic/beautifulsoup4-4.13.4+computecanada-py3-none-any.whl (from gdown)
Processing /cvmfs/soft.computecanada.ca/custom/python/wheelhouse/generic/requests-2.32.4+computecanada-py3-none-any.whl (from gdown)
Processing /cvmfs/soft.computecanada.ca/custom/python/wheelhouse/generic/python_dateutil-2.9.0.post0+computecanada-py2.py3-none-any.whl (from pandas)
Processing /cvmfs/soft.computecanada.ca/custom/python/wheelhouse/generic/pytz-2025.2+computecanada-py2.py3-none-any.whl (from pandas)
Processing /cvmfs/soft.computecanada.ca/custom/python/wheelhouse/generic/tzdata-2025.2+computecanada-py2.py3-none-any.whl (from pandas)
Processing /cvmfs/soft.computecanada.ca/custom/python/wheelhouse/generic/six-1.17.0+computecanada-py2.py3-none-any.whl (from python-dateutil>=2.8.2->pandas)
Processing /cvmfs/soft.computecanada.ca/custom/python/wheelhouse/generic/soupsieve-2.7+computecanada-py3-none-any.whl (from beautifulsoup4->gdown)
Processing /cvmfs/soft.computecanada.ca/custom/python/wheelhouse/generic/MarkupSafe-2.1.5+computecanada-cp310-cp310-linux_x86_64.whl (from jinja2->torch)
INFO: pip is looking at multiple versions of networkx to determine which version is compatible with other requirements. This could take a while.
Processing /cvmfs/soft.computecanada.ca/custom/python/wheelhouse/generic/networkx-3.4.2+computecanada-py3-none-any.whl (from torch)
Processing /cvmfs/soft.computecanada.ca/custom/python/wheelhouse/generic/charset_normalizer-3.4.2+computecanada-py3-none-any.whl (from requests[socks]->gdown)
Processing /cvmfs/soft.computecanada.ca/custom/python/wheelhouse/generic/idna-3.10+computecanada-py3-none-any.whl (from requests[socks]->gdown)
Processing /cvmfs/soft.computecanada.ca/custom/python/wheelhouse/generic/urllib3-2.5.0+computecanada-py3-none-any.whl (from requests[socks]->gdown)
Processing /cvmfs/soft.computecanada.ca/custom/python/wheelhouse/generic/certifi-2025.6.15+computecanada-py3-none-any.whl (from requests[socks]->gdown)
Processing /cvmfs/soft.computecanada.ca/custom/python/wheelhouse/generic/PySocks-1.7.1+computecanada-py3-none-any.whl (from requests[socks]->gdown)
Installing collected packages: wcwidth, pytz, mpmath, urllib3, tzdata, typing-extensions, tqdm, sympy, soupsieve, six, regex, PySocks, pillow-simd, numpy, networkx, MarkupSafe, idna, ftfy, fsspec, filelock, charset-normalizer, certifi, scipy, requests, python-dateutil, jinja2, beautifulsoup4, torch, pandas, torchvision, torchaudio, gdown

Successfully installed MarkupSafe-2.1.5+computecanada PySocks-1.7.1+computecanada beautifulsoup4-4.13.4+computecanada certifi-2025.6.15+computecanada charset-normalizer-3.4.2+computecanada filelock-3.18.0+computecanada fsspec-2025.5.1+computecanada ftfy-6.3.1+computecanada gdown-5.2.0+computecanada idna-3.10+computecanada jinja2-3.1.6+computecanada mpmath-1.3.0+computecanada networkx-3.4.2+computecanada numpy-2.2.2+computecanada pandas-2.2.3+computecanada pillow-simd-9.5.0.post2+computecanada python-dateutil-2.9.0.post0+computecanada pytz-2025.2+computecanada regex-2024.9.11+computecanada requests-2.32.4+computecanada scipy-1.15.1+computecanada six-1.17.0+computecanada soupsieve-2.7+computecanada sympy-1.13.1+computecanada torch-2.6.0+computecanada torchaudio-2.6.0+computecanada torchvision-0.21.0+computecanada tqdm-4.67.1+computecanada typing-extensions-4.14.0+computecanada tzdata-2025.2+computecanada urllib3-2.5.0+computecanada wcwidth-0.2.13+computecanada
Preparing dataset.
Reading split from /home/pedro36/projects/def-leszek/pedro36/datasets/DATA/eurosat/split_zhou_EuroSAT.json
Creating a 4-shot dataset
Creating a 4-shot dataset

Getting textual features as CLIP's classifier.

Loading visual features and labels from val set.

Loading visual features and labels from test set.

**** Zero-shot CLIP's test accuracy: 42.25. ****

Residual Attention Block 0: ResidualAttentionBlock(
  (attn): MultiheadAttention(
    (out_proj): NonDynamicallyQuantizableLinear(in_features=512, out_features=512, bias=True)
  )
  (ln_1): LayerNorm((512,), eps=1e-05, elementwise_affine=True)
  (mlp): Sequential(
    (c_fc): Linear(in_features=512, out_features=2048, bias=True)
    (gelu): QuickGELU()
    (c_proj): Linear(in_features=2048, out_features=512, bias=True)
  )
  (ln_2): LayerNorm((512,), eps=1e-05, elementwise_affine=True)
)
Residual Attention Block 1: ResidualAttentionBlock(
  (attn): MultiheadAttention(
    (out_proj): NonDynamicallyQuantizableLinear(in_features=512, out_features=512, bias=True)
  )
  (ln_1): LayerNorm((512,), eps=1e-05, elementwise_affine=True)
  (mlp): Sequential(
    (c_fc): Linear(in_features=512, out_features=2048, bias=True)
    (gelu): QuickGELU()
    (c_proj): Linear(in_features=2048, out_features=512, bias=True)
  )
  (ln_2): LayerNorm((512,), eps=1e-05, elementwise_affine=True)
)
Residual Attention Block 2: ResidualAttentionBlock(
  (attn): MultiheadAttention(
    (out_proj): NonDynamicallyQuantizableLinear(in_features=512, out_features=512, bias=True)
  )
  (ln_1): LayerNorm((512,), eps=1e-05, elementwise_affine=True)
  (mlp): Sequential(
    (c_fc): Linear(in_features=512, out_features=2048, bias=True)
    (gelu): QuickGELU()
    (c_proj): Linear(in_features=2048, out_features=512, bias=True)
  )
  (ln_2): LayerNorm((512,), eps=1e-05, elementwise_affine=True)
)
Residual Attention Block 3: ResidualAttentionBlock(
  (attn): MultiheadAttention(
    (out_proj): NonDynamicallyQuantizableLinear(in_features=512, out_features=512, bias=True)
  )
  (ln_1): LayerNorm((512,), eps=1e-05, elementwise_affine=True)
  (mlp): Sequential(
    (c_fc): Linear(in_features=512, out_features=2048, bias=True)
    (gelu): QuickGELU()
    (c_proj): Linear(in_features=2048, out_features=512, bias=True)
  )
  (ln_2): LayerNorm((512,), eps=1e-05, elementwise_affine=True)
)
Residual Attention Block 4: ResidualAttentionBlock(
  (attn): MultiheadAttention(
    (out_proj): NonDynamicallyQuantizableLinear(in_features=512, out_features=512, bias=True)
  )
  (ln_1): LayerNorm((512,), eps=1e-05, elementwise_affine=True)
  (mlp): Sequential(
    (c_fc): Linear(in_features=512, out_features=2048, bias=True)
    (gelu): QuickGELU()
    (c_proj): Linear(in_features=2048, out_features=512, bias=True)
  )
  (ln_2): LayerNorm((512,), eps=1e-05, elementwise_affine=True)
)
Residual Attention Block 5: ResidualAttentionBlock(
  (attn): MultiheadAttention(
    (out_proj): NonDynamicallyQuantizableLinear(in_features=512, out_features=512, bias=True)
  )
  (ln_1): LayerNorm((512,), eps=1e-05, elementwise_affine=True)
  (mlp): Sequential(
    (c_fc): Linear(in_features=512, out_features=2048, bias=True)
    (gelu): QuickGELU()
    (c_proj): Linear(in_features=2048, out_features=512, bias=True)
  )
  (ln_2): LayerNorm((512,), eps=1e-05, elementwise_affine=True)
)
Residual Attention Block 6: ResidualAttentionBlock(
  (attn): MultiheadAttention(
    (out_proj): NonDynamicallyQuantizableLinear(in_features=512, out_features=512, bias=True)
  )
  (ln_1): LayerNorm((512,), eps=1e-05, elementwise_affine=True)
  (mlp): Sequential(
    (c_fc): Linear(in_features=512, out_features=2048, bias=True)
    (gelu): QuickGELU()
    (c_proj): Linear(in_features=2048, out_features=512, bias=True)
  )
  (ln_2): LayerNorm((512,), eps=1e-05, elementwise_affine=True)
)
Residual Attention Block 7: ResidualAttentionBlock(
  (attn): MultiheadAttention(
    (out_proj): NonDynamicallyQuantizableLinear(in_features=512, out_features=512, bias=True)
  )
  (ln_1): LayerNorm((512,), eps=1e-05, elementwise_affine=True)
  (mlp): Sequential(
    (c_fc): Linear(in_features=512, out_features=2048, bias=True)
    (gelu): QuickGELU()
    (c_proj): Linear(in_features=2048, out_features=512, bias=True)
  )
  (ln_2): LayerNorm((512,), eps=1e-05, elementwise_affine=True)
)
Residual Attention Block 8: ResidualAttentionBlock(
  (attn): MultiheadAttention(
    (out_proj): NonDynamicallyQuantizableLinear(in_features=512, out_features=512, bias=True)
  )
  (ln_1): LayerNorm((512,), eps=1e-05, elementwise_affine=True)
  (mlp): Sequential(
    (c_fc): Linear(in_features=512, out_features=2048, bias=True)
    (gelu): QuickGELU()
    (c_proj): Linear(in_features=2048, out_features=512, bias=True)
  )
  (ln_2): LayerNorm((512,), eps=1e-05, elementwise_affine=True)
)
Residual Attention Block 9: ResidualAttentionBlock(
  (attn): MultiheadAttention(
    (out_proj): NonDynamicallyQuantizableLinear(in_features=512, out_features=512, bias=True)
  )
  (ln_1): LayerNorm((512,), eps=1e-05, elementwise_affine=True)
  (mlp): Sequential(
    (c_fc): Linear(in_features=512, out_features=2048, bias=True)
    (gelu): QuickGELU()
    (c_proj): Linear(in_features=2048, out_features=512, bias=True)
  )
  (ln_2): LayerNorm((512,), eps=1e-05, elementwise_affine=True)
)
Residual Attention Block 10: ResidualAttentionBlock(
  (attn): MultiheadAttention(
    (out_proj): NonDynamicallyQuantizableLinear(in_features=512, out_features=512, bias=True)
  )
  (ln_1): LayerNorm((512,), eps=1e-05, elementwise_affine=True)
  (mlp): Sequential(
    (c_fc): Linear(in_features=512, out_features=2048, bias=True)
    (gelu): QuickGELU()
    (c_proj): Linear(in_features=2048, out_features=512, bias=True)
  )
  (ln_2): LayerNorm((512,), eps=1e-05, elementwise_affine=True)
)
Residual Attention Block 11: ResidualAttentionBlock(
  (attn): MultiheadAttention(
    (out_proj): NonDynamicallyQuantizableLinear(in_features=512, out_features=512, bias=True)
  )
  (ln_1): LayerNorm((512,), eps=1e-05, elementwise_affine=True)
  (mlp): Sequential(
    (c_fc): Linear(in_features=512, out_features=2048, bias=True)
    (gelu): QuickGELU()
    (c_proj): Linear(in_features=2048, out_features=512, bias=True)
  )
  (ln_2): LayerNorm((512,), eps=1e-05, elementwise_affine=True)
)
Residual Attention Block 0: ResidualAttentionBlock(
  (attn): MultiheadAttention(
    (out_proj): NonDynamicallyQuantizableLinear(in_features=768, out_features=768, bias=True)
  )
  (ln_1): LayerNorm((768,), eps=1e-05, elementwise_affine=True)
  (mlp): Sequential(
    (c_fc): Linear(in_features=768, out_features=3072, bias=True)
    (gelu): QuickGELU()
    (c_proj): Linear(in_features=3072, out_features=768, bias=True)
  )
  (ln_2): LayerNorm((768,), eps=1e-05, elementwise_affine=True)
)
Residual Attention Block 1: ResidualAttentionBlock(
  (attn): MultiheadAttention(
    (out_proj): NonDynamicallyQuantizableLinear(in_features=768, out_features=768, bias=True)
  )
  (ln_1): LayerNorm((768,), eps=1e-05, elementwise_affine=True)
  (mlp): Sequential(
    (c_fc): Linear(in_features=768, out_features=3072, bias=True)
    (gelu): QuickGELU()
    (c_proj): Linear(in_features=3072, out_features=768, bias=True)
  )
  (ln_2): LayerNorm((768,), eps=1e-05, elementwise_affine=True)
)
Residual Attention Block 2: ResidualAttentionBlock(
  (attn): MultiheadAttention(
    (out_proj): NonDynamicallyQuantizableLinear(in_features=768, out_features=768, bias=True)
  )
  (ln_1): LayerNorm((768,), eps=1e-05, elementwise_affine=True)
  (mlp): Sequential(
    (c_fc): Linear(in_features=768, out_features=3072, bias=True)
    (gelu): QuickGELU()
    (c_proj): Linear(in_features=3072, out_features=768, bias=True)
  )
  (ln_2): LayerNorm((768,), eps=1e-05, elementwise_affine=True)
)
Residual Attention Block 3: ResidualAttentionBlock(
  (attn): MultiheadAttention(
    (out_proj): NonDynamicallyQuantizableLinear(in_features=768, out_features=768, bias=True)
  )
  (ln_1): LayerNorm((768,), eps=1e-05, elementwise_affine=True)
  (mlp): Sequential(
    (c_fc): Linear(in_features=768, out_features=3072, bias=True)
    (gelu): QuickGELU()
    (c_proj): Linear(in_features=3072, out_features=768, bias=True)
  )
  (ln_2): LayerNorm((768,), eps=1e-05, elementwise_affine=True)
)
Residual Attention Block 4: ResidualAttentionBlock(
  (attn): MultiheadAttention(
    (out_proj): NonDynamicallyQuantizableLinear(in_features=768, out_features=768, bias=True)
  )
  (ln_1): LayerNorm((768,), eps=1e-05, elementwise_affine=True)
  (mlp): Sequential(
    (c_fc): Linear(in_features=768, out_features=3072, bias=True)
    (gelu): QuickGELU()
    (c_proj): Linear(in_features=3072, out_features=768, bias=True)
  )
  (ln_2): LayerNorm((768,), eps=1e-05, elementwise_affine=True)
)
Residual Attention Block 5: ResidualAttentionBlock(
  (attn): MultiheadAttention(
    (out_proj): NonDynamicallyQuantizableLinear(in_features=768, out_features=768, bias=True)
  )
  (ln_1): LayerNorm((768,), eps=1e-05, elementwise_affine=True)
  (mlp): Sequential(
    (c_fc): Linear(in_features=768, out_features=3072, bias=True)
    (gelu): QuickGELU()
    (c_proj): Linear(in_features=3072, out_features=768, bias=True)
  )
  (ln_2): LayerNorm((768,), eps=1e-05, elementwise_affine=True)
)
Residual Attention Block 6: ResidualAttentionBlock(
  (attn): MultiheadAttention(
    (out_proj): NonDynamicallyQuantizableLinear(in_features=768, out_features=768, bias=True)
  )
  (ln_1): LayerNorm((768,), eps=1e-05, elementwise_affine=True)
  (mlp): Sequential(
    (c_fc): Linear(in_features=768, out_features=3072, bias=True)
    (gelu): QuickGELU()
    (c_proj): Linear(in_features=3072, out_features=768, bias=True)
  )
  (ln_2): LayerNorm((768,), eps=1e-05, elementwise_affine=True)
)
Residual Attention Block 7: ResidualAttentionBlock(
  (attn): MultiheadAttention(
    (out_proj): NonDynamicallyQuantizableLinear(in_features=768, out_features=768, bias=True)
  )
  (ln_1): LayerNorm((768,), eps=1e-05, elementwise_affine=True)
  (mlp): Sequential(
    (c_fc): Linear(in_features=768, out_features=3072, bias=True)
    (gelu): QuickGELU()
    (c_proj): Linear(in_features=3072, out_features=768, bias=True)
  )
  (ln_2): LayerNorm((768,), eps=1e-05, elementwise_affine=True)
)
Residual Attention Block 8: ResidualAttentionBlock(
  (attn): MultiheadAttention(
    (out_proj): NonDynamicallyQuantizableLinear(in_features=768, out_features=768, bias=True)
  )
  (ln_1): LayerNorm((768,), eps=1e-05, elementwise_affine=True)
  (mlp): Sequential(
    (c_fc): Linear(in_features=768, out_features=3072, bias=True)
    (gelu): QuickGELU()
    (c_proj): Linear(in_features=3072, out_features=768, bias=True)
  )
  (ln_2): LayerNorm((768,), eps=1e-05, elementwise_affine=True)
)
Residual Attention Block 9: ResidualAttentionBlock(
  (attn): MultiheadAttention(
    (out_proj): NonDynamicallyQuantizableLinear(in_features=768, out_features=768, bias=True)
  )
  (ln_1): LayerNorm((768,), eps=1e-05, elementwise_affine=True)
  (mlp): Sequential(
    (c_fc): Linear(in_features=768, out_features=3072, bias=True)
    (gelu): QuickGELU()
    (c_proj): Linear(in_features=3072, out_features=768, bias=True)
  )
  (ln_2): LayerNorm((768,), eps=1e-05, elementwise_affine=True)
)
Residual Attention Block 10: ResidualAttentionBlock(
  (attn): MultiheadAttention(
    (out_proj): NonDynamicallyQuantizableLinear(in_features=768, out_features=768, bias=True)
  )
  (ln_1): LayerNorm((768,), eps=1e-05, elementwise_affine=True)
  (mlp): Sequential(
    (c_fc): Linear(in_features=768, out_features=3072, bias=True)
    (gelu): QuickGELU()
    (c_proj): Linear(in_features=3072, out_features=768, bias=True)
  )
  (ln_2): LayerNorm((768,), eps=1e-05, elementwise_affine=True)
)
Residual Attention Block 11: ResidualAttentionBlock(
  (attn): MultiheadAttention(
    (out_proj): NonDynamicallyQuantizableLinear(in_features=768, out_features=768, bias=True)
  )
  (ln_1): LayerNorm((768,), eps=1e-05, elementwise_affine=True)
  (mlp): Sequential(
    (c_fc): Linear(in_features=768, out_features=3072, bias=True)
    (gelu): QuickGELU()
    (c_proj): Linear(in_features=3072, out_features=768, bias=True)
  )
  (ln_2): LayerNorm((768,), eps=1e-05, elementwise_affine=True)
)
Trainable parameters: ['visual.transformer.resblocks.0.attn.q_proj.router.gate.weight', 'visual.transformer.resblocks.0.attn.q_proj.experts.0.w_lora_A', 'visual.transformer.resblocks.0.attn.q_proj.experts.0.w_lora_B', 'visual.transformer.resblocks.0.attn.q_proj.experts.1.w_lora_A', 'visual.transformer.resblocks.0.attn.q_proj.experts.1.w_lora_B', 'visual.transformer.resblocks.0.attn.k_proj.router.gate.weight', 'visual.transformer.resblocks.0.attn.k_proj.experts.0.w_lora_A', 'visual.transformer.resblocks.0.attn.k_proj.experts.0.w_lora_B', 'visual.transformer.resblocks.0.attn.k_proj.experts.1.w_lora_A', 'visual.transformer.resblocks.0.attn.k_proj.experts.1.w_lora_B', 'visual.transformer.resblocks.0.attn.v_proj.router.gate.weight', 'visual.transformer.resblocks.0.attn.v_proj.experts.0.w_lora_A', 'visual.transformer.resblocks.0.attn.v_proj.experts.0.w_lora_B', 'visual.transformer.resblocks.0.attn.v_proj.experts.1.w_lora_A', 'visual.transformer.resblocks.0.attn.v_proj.experts.1.w_lora_B', 'visual.transformer.resblocks.1.attn.q_proj.router.gate.weight', 'visual.transformer.resblocks.1.attn.q_proj.experts.0.w_lora_A', 'visual.transformer.resblocks.1.attn.q_proj.experts.0.w_lora_B', 'visual.transformer.resblocks.1.attn.q_proj.experts.1.w_lora_A', 'visual.transformer.resblocks.1.attn.q_proj.experts.1.w_lora_B', 'visual.transformer.resblocks.1.attn.k_proj.router.gate.weight', 'visual.transformer.resblocks.1.attn.k_proj.experts.0.w_lora_A', 'visual.transformer.resblocks.1.attn.k_proj.experts.0.w_lora_B', 'visual.transformer.resblocks.1.attn.k_proj.experts.1.w_lora_A', 'visual.transformer.resblocks.1.attn.k_proj.experts.1.w_lora_B', 'visual.transformer.resblocks.1.attn.v_proj.router.gate.weight', 'visual.transformer.resblocks.1.attn.v_proj.experts.0.w_lora_A', 'visual.transformer.resblocks.1.attn.v_proj.experts.0.w_lora_B', 'visual.transformer.resblocks.1.attn.v_proj.experts.1.w_lora_A', 'visual.transformer.resblocks.1.attn.v_proj.experts.1.w_lora_B', 'visual.transformer.resblocks.2.attn.q_proj.router.gate.weight', 'visual.transformer.resblocks.2.attn.q_proj.experts.0.w_lora_A', 'visual.transformer.resblocks.2.attn.q_proj.experts.0.w_lora_B', 'visual.transformer.resblocks.2.attn.q_proj.experts.1.w_lora_A', 'visual.transformer.resblocks.2.attn.q_proj.experts.1.w_lora_B', 'visual.transformer.resblocks.2.attn.k_proj.router.gate.weight', 'visual.transformer.resblocks.2.attn.k_proj.experts.0.w_lora_A', 'visual.transformer.resblocks.2.attn.k_proj.experts.0.w_lora_B', 'visual.transformer.resblocks.2.attn.k_proj.experts.1.w_lora_A', 'visual.transformer.resblocks.2.attn.k_proj.experts.1.w_lora_B', 'visual.transformer.resblocks.2.attn.v_proj.router.gate.weight', 'visual.transformer.resblocks.2.attn.v_proj.experts.0.w_lora_A', 'visual.transformer.resblocks.2.attn.v_proj.experts.0.w_lora_B', 'visual.transformer.resblocks.2.attn.v_proj.experts.1.w_lora_A', 'visual.transformer.resblocks.2.attn.v_proj.experts.1.w_lora_B', 'visual.transformer.resblocks.3.attn.q_proj.router.gate.weight', 'visual.transformer.resblocks.3.attn.q_proj.experts.0.w_lora_A', 'visual.transformer.resblocks.3.attn.q_proj.experts.0.w_lora_B', 'visual.transformer.resblocks.3.attn.q_proj.experts.1.w_lora_A', 'visual.transformer.resblocks.3.attn.q_proj.experts.1.w_lora_B', 'visual.transformer.resblocks.3.attn.k_proj.router.gate.weight', 'visual.transformer.resblocks.3.attn.k_proj.experts.0.w_lora_A', 'visual.transformer.resblocks.3.attn.k_proj.experts.0.w_lora_B', 'visual.transformer.resblocks.3.attn.k_proj.experts.1.w_lora_A', 'visual.transformer.resblocks.3.attn.k_proj.experts.1.w_lora_B', 'visual.transformer.resblocks.3.attn.v_proj.router.gate.weight', 'visual.transformer.resblocks.3.attn.v_proj.experts.0.w_lora_A', 'visual.transformer.resblocks.3.attn.v_proj.experts.0.w_lora_B', 'visual.transformer.resblocks.3.attn.v_proj.experts.1.w_lora_A', 'visual.transformer.resblocks.3.attn.v_proj.experts.1.w_lora_B', 'visual.transformer.resblocks.4.attn.q_proj.router.gate.weight', 'visual.transformer.resblocks.4.attn.q_proj.experts.0.w_lora_A', 'visual.transformer.resblocks.4.attn.q_proj.experts.0.w_lora_B', 'visual.transformer.resblocks.4.attn.q_proj.experts.1.w_lora_A', 'visual.transformer.resblocks.4.attn.q_proj.experts.1.w_lora_B', 'visual.transformer.resblocks.4.attn.k_proj.router.gate.weight', 'visual.transformer.resblocks.4.attn.k_proj.experts.0.w_lora_A', 'visual.transformer.resblocks.4.attn.k_proj.experts.0.w_lora_B', 'visual.transformer.resblocks.4.attn.k_proj.experts.1.w_lora_A', 'visual.transformer.resblocks.4.attn.k_proj.experts.1.w_lora_B', 'visual.transformer.resblocks.4.attn.v_proj.router.gate.weight', 'visual.transformer.resblocks.4.attn.v_proj.experts.0.w_lora_A', 'visual.transformer.resblocks.4.attn.v_proj.experts.0.w_lora_B', 'visual.transformer.resblocks.4.attn.v_proj.experts.1.w_lora_A', 'visual.transformer.resblocks.4.attn.v_proj.experts.1.w_lora_B', 'visual.transformer.resblocks.5.attn.q_proj.router.gate.weight', 'visual.transformer.resblocks.5.attn.q_proj.experts.0.w_lora_A', 'visual.transformer.resblocks.5.attn.q_proj.experts.0.w_lora_B', 'visual.transformer.resblocks.5.attn.q_proj.experts.1.w_lora_A', 'visual.transformer.resblocks.5.attn.q_proj.experts.1.w_lora_B', 'visual.transformer.resblocks.5.attn.k_proj.router.gate.weight', 'visual.transformer.resblocks.5.attn.k_proj.experts.0.w_lora_A', 'visual.transformer.resblocks.5.attn.k_proj.experts.0.w_lora_B', 'visual.transformer.resblocks.5.attn.k_proj.experts.1.w_lora_A', 'visual.transformer.resblocks.5.attn.k_proj.experts.1.w_lora_B', 'visual.transformer.resblocks.5.attn.v_proj.router.gate.weight', 'visual.transformer.resblocks.5.attn.v_proj.experts.0.w_lora_A', 'visual.transformer.resblocks.5.attn.v_proj.experts.0.w_lora_B', 'visual.transformer.resblocks.5.attn.v_proj.experts.1.w_lora_A', 'visual.transformer.resblocks.5.attn.v_proj.experts.1.w_lora_B', 'visual.transformer.resblocks.6.attn.q_proj.router.gate.weight', 'visual.transformer.resblocks.6.attn.q_proj.experts.0.w_lora_A', 'visual.transformer.resblocks.6.attn.q_proj.experts.0.w_lora_B', 'visual.transformer.resblocks.6.attn.q_proj.experts.1.w_lora_A', 'visual.transformer.resblocks.6.attn.q_proj.experts.1.w_lora_B', 'visual.transformer.resblocks.6.attn.k_proj.router.gate.weight', 'visual.transformer.resblocks.6.attn.k_proj.experts.0.w_lora_A', 'visual.transformer.resblocks.6.attn.k_proj.experts.0.w_lora_B', 'visual.transformer.resblocks.6.attn.k_proj.experts.1.w_lora_A', 'visual.transformer.resblocks.6.attn.k_proj.experts.1.w_lora_B', 'visual.transformer.resblocks.6.attn.v_proj.router.gate.weight', 'visual.transformer.resblocks.6.attn.v_proj.experts.0.w_lora_A', 'visual.transformer.resblocks.6.attn.v_proj.experts.0.w_lora_B', 'visual.transformer.resblocks.6.attn.v_proj.experts.1.w_lora_A', 'visual.transformer.resblocks.6.attn.v_proj.experts.1.w_lora_B', 'visual.transformer.resblocks.7.attn.q_proj.router.gate.weight', 'visual.transformer.resblocks.7.attn.q_proj.experts.0.w_lora_A', 'visual.transformer.resblocks.7.attn.q_proj.experts.0.w_lora_B', 'visual.transformer.resblocks.7.attn.q_proj.experts.1.w_lora_A', 'visual.transformer.resblocks.7.attn.q_proj.experts.1.w_lora_B', 'visual.transformer.resblocks.7.attn.k_proj.router.gate.weight', 'visual.transformer.resblocks.7.attn.k_proj.experts.0.w_lora_A', 'visual.transformer.resblocks.7.attn.k_proj.experts.0.w_lora_B', 'visual.transformer.resblocks.7.attn.k_proj.experts.1.w_lora_A', 'visual.transformer.resblocks.7.attn.k_proj.experts.1.w_lora_B', 'visual.transformer.resblocks.7.attn.v_proj.router.gate.weight', 'visual.transformer.resblocks.7.attn.v_proj.experts.0.w_lora_A', 'visual.transformer.resblocks.7.attn.v_proj.experts.0.w_lora_B', 'visual.transformer.resblocks.7.attn.v_proj.experts.1.w_lora_A', 'visual.transformer.resblocks.7.attn.v_proj.experts.1.w_lora_B', 'visual.transformer.resblocks.8.attn.q_proj.router.gate.weight', 'visual.transformer.resblocks.8.attn.q_proj.experts.0.w_lora_A', 'visual.transformer.resblocks.8.attn.q_proj.experts.0.w_lora_B', 'visual.transformer.resblocks.8.attn.q_proj.experts.1.w_lora_A', 'visual.transformer.resblocks.8.attn.q_proj.experts.1.w_lora_B', 'visual.transformer.resblocks.8.attn.k_proj.router.gate.weight', 'visual.transformer.resblocks.8.attn.k_proj.experts.0.w_lora_A', 'visual.transformer.resblocks.8.attn.k_proj.experts.0.w_lora_B', 'visual.transformer.resblocks.8.attn.k_proj.experts.1.w_lora_A', 'visual.transformer.resblocks.8.attn.k_proj.experts.1.w_lora_B', 'visual.transformer.resblocks.8.attn.v_proj.router.gate.weight', 'visual.transformer.resblocks.8.attn.v_proj.experts.0.w_lora_A', 'visual.transformer.resblocks.8.attn.v_proj.experts.0.w_lora_B', 'visual.transformer.resblocks.8.attn.v_proj.experts.1.w_lora_A', 'visual.transformer.resblocks.8.attn.v_proj.experts.1.w_lora_B', 'visual.transformer.resblocks.9.attn.q_proj.router.gate.weight', 'visual.transformer.resblocks.9.attn.q_proj.experts.0.w_lora_A', 'visual.transformer.resblocks.9.attn.q_proj.experts.0.w_lora_B', 'visual.transformer.resblocks.9.attn.q_proj.experts.1.w_lora_A', 'visual.transformer.resblocks.9.attn.q_proj.experts.1.w_lora_B', 'visual.transformer.resblocks.9.attn.k_proj.router.gate.weight', 'visual.transformer.resblocks.9.attn.k_proj.experts.0.w_lora_A', 'visual.transformer.resblocks.9.attn.k_proj.experts.0.w_lora_B', 'visual.transformer.resblocks.9.attn.k_proj.experts.1.w_lora_A', 'visual.transformer.resblocks.9.attn.k_proj.experts.1.w_lora_B', 'visual.transformer.resblocks.9.attn.v_proj.router.gate.weight', 'visual.transformer.resblocks.9.attn.v_proj.experts.0.w_lora_A', 'visual.transformer.resblocks.9.attn.v_proj.experts.0.w_lora_B', 'visual.transformer.resblocks.9.attn.v_proj.experts.1.w_lora_A', 'visual.transformer.resblocks.9.attn.v_proj.experts.1.w_lora_B', 'visual.transformer.resblocks.10.attn.q_proj.router.gate.weight', 'visual.transformer.resblocks.10.attn.q_proj.experts.0.w_lora_A', 'visual.transformer.resblocks.10.attn.q_proj.experts.0.w_lora_B', 'visual.transformer.resblocks.10.attn.q_proj.experts.1.w_lora_A', 'visual.transformer.resblocks.10.attn.q_proj.experts.1.w_lora_B', 'visual.transformer.resblocks.10.attn.k_proj.router.gate.weight', 'visual.transformer.resblocks.10.attn.k_proj.experts.0.w_lora_A', 'visual.transformer.resblocks.10.attn.k_proj.experts.0.w_lora_B', 'visual.transformer.resblocks.10.attn.k_proj.experts.1.w_lora_A', 'visual.transformer.resblocks.10.attn.k_proj.experts.1.w_lora_B', 'visual.transformer.resblocks.10.attn.v_proj.router.gate.weight', 'visual.transformer.resblocks.10.attn.v_proj.experts.0.w_lora_A', 'visual.transformer.resblocks.10.attn.v_proj.experts.0.w_lora_B', 'visual.transformer.resblocks.10.attn.v_proj.experts.1.w_lora_A', 'visual.transformer.resblocks.10.attn.v_proj.experts.1.w_lora_B', 'visual.transformer.resblocks.11.attn.q_proj.router.gate.weight', 'visual.transformer.resblocks.11.attn.q_proj.experts.0.w_lora_A', 'visual.transformer.resblocks.11.attn.q_proj.experts.0.w_lora_B', 'visual.transformer.resblocks.11.attn.q_proj.experts.1.w_lora_A', 'visual.transformer.resblocks.11.attn.q_proj.experts.1.w_lora_B', 'visual.transformer.resblocks.11.attn.k_proj.router.gate.weight', 'visual.transformer.resblocks.11.attn.k_proj.experts.0.w_lora_A', 'visual.transformer.resblocks.11.attn.k_proj.experts.0.w_lora_B', 'visual.transformer.resblocks.11.attn.k_proj.experts.1.w_lora_A', 'visual.transformer.resblocks.11.attn.k_proj.experts.1.w_lora_B', 'visual.transformer.resblocks.11.attn.v_proj.router.gate.weight', 'visual.transformer.resblocks.11.attn.v_proj.experts.0.w_lora_A', 'visual.transformer.resblocks.11.attn.v_proj.experts.0.w_lora_B', 'visual.transformer.resblocks.11.attn.v_proj.experts.1.w_lora_A', 'visual.transformer.resblocks.11.attn.v_proj.experts.1.w_lora_B', 'transformer.resblocks.0.attn.q_proj.router.gate.weight', 'transformer.resblocks.0.attn.q_proj.experts.0.w_lora_A', 'transformer.resblocks.0.attn.q_proj.experts.0.w_lora_B', 'transformer.resblocks.0.attn.q_proj.experts.1.w_lora_A', 'transformer.resblocks.0.attn.q_proj.experts.1.w_lora_B', 'transformer.resblocks.0.attn.k_proj.router.gate.weight', 'transformer.resblocks.0.attn.k_proj.experts.0.w_lora_A', 'transformer.resblocks.0.attn.k_proj.experts.0.w_lora_B', 'transformer.resblocks.0.attn.k_proj.experts.1.w_lora_A', 'transformer.resblocks.0.attn.k_proj.experts.1.w_lora_B', 'transformer.resblocks.0.attn.v_proj.router.gate.weight', 'transformer.resblocks.0.attn.v_proj.experts.0.w_lora_A', 'transformer.resblocks.0.attn.v_proj.experts.0.w_lora_B', 'transformer.resblocks.0.attn.v_proj.experts.1.w_lora_A', 'transformer.resblocks.0.attn.v_proj.experts.1.w_lora_B', 'transformer.resblocks.1.attn.q_proj.router.gate.weight', 'transformer.resblocks.1.attn.q_proj.experts.0.w_lora_A', 'transformer.resblocks.1.attn.q_proj.experts.0.w_lora_B', 'transformer.resblocks.1.attn.q_proj.experts.1.w_lora_A', 'transformer.resblocks.1.attn.q_proj.experts.1.w_lora_B', 'transformer.resblocks.1.attn.k_proj.router.gate.weight', 'transformer.resblocks.1.attn.k_proj.experts.0.w_lora_A', 'transformer.resblocks.1.attn.k_proj.experts.0.w_lora_B', 'transformer.resblocks.1.attn.k_proj.experts.1.w_lora_A', 'transformer.resblocks.1.attn.k_proj.experts.1.w_lora_B', 'transformer.resblocks.1.attn.v_proj.router.gate.weight', 'transformer.resblocks.1.attn.v_proj.experts.0.w_lora_A', 'transformer.resblocks.1.attn.v_proj.experts.0.w_lora_B', 'transformer.resblocks.1.attn.v_proj.experts.1.w_lora_A', 'transformer.resblocks.1.attn.v_proj.experts.1.w_lora_B', 'transformer.resblocks.2.attn.q_proj.router.gate.weight', 'transformer.resblocks.2.attn.q_proj.experts.0.w_lora_A', 'transformer.resblocks.2.attn.q_proj.experts.0.w_lora_B', 'transformer.resblocks.2.attn.q_proj.experts.1.w_lora_A', 'transformer.resblocks.2.attn.q_proj.experts.1.w_lora_B', 'transformer.resblocks.2.attn.k_proj.router.gate.weight', 'transformer.resblocks.2.attn.k_proj.experts.0.w_lora_A', 'transformer.resblocks.2.attn.k_proj.experts.0.w_lora_B', 'transformer.resblocks.2.attn.k_proj.experts.1.w_lora_A', 'transformer.resblocks.2.attn.k_proj.experts.1.w_lora_B', 'transformer.resblocks.2.attn.v_proj.router.gate.weight', 'transformer.resblocks.2.attn.v_proj.experts.0.w_lora_A', 'transformer.resblocks.2.attn.v_proj.experts.0.w_lora_B', 'transformer.resblocks.2.attn.v_proj.experts.1.w_lora_A', 'transformer.resblocks.2.attn.v_proj.experts.1.w_lora_B', 'transformer.resblocks.3.attn.q_proj.router.gate.weight', 'transformer.resblocks.3.attn.q_proj.experts.0.w_lora_A', 'transformer.resblocks.3.attn.q_proj.experts.0.w_lora_B', 'transformer.resblocks.3.attn.q_proj.experts.1.w_lora_A', 'transformer.resblocks.3.attn.q_proj.experts.1.w_lora_B', 'transformer.resblocks.3.attn.k_proj.router.gate.weight', 'transformer.resblocks.3.attn.k_proj.experts.0.w_lora_A', 'transformer.resblocks.3.attn.k_proj.experts.0.w_lora_B', 'transformer.resblocks.3.attn.k_proj.experts.1.w_lora_A', 'transformer.resblocks.3.attn.k_proj.experts.1.w_lora_B', 'transformer.resblocks.3.attn.v_proj.router.gate.weight', 'transformer.resblocks.3.attn.v_proj.experts.0.w_lora_A', 'transformer.resblocks.3.attn.v_proj.experts.0.w_lora_B', 'transformer.resblocks.3.attn.v_proj.experts.1.w_lora_A', 'transformer.resblocks.3.attn.v_proj.experts.1.w_lora_B', 'transformer.resblocks.4.attn.q_proj.router.gate.weight', 'transformer.resblocks.4.attn.q_proj.experts.0.w_lora_A', 'transformer.resblocks.4.attn.q_proj.experts.0.w_lora_B', 'transformer.resblocks.4.attn.q_proj.experts.1.w_lora_A', 'transformer.resblocks.4.attn.q_proj.experts.1.w_lora_B', 'transformer.resblocks.4.attn.k_proj.router.gate.weight', 'transformer.resblocks.4.attn.k_proj.experts.0.w_lora_A', 'transformer.resblocks.4.attn.k_proj.experts.0.w_lora_B', 'transformer.resblocks.4.attn.k_proj.experts.1.w_lora_A', 'transformer.resblocks.4.attn.k_proj.experts.1.w_lora_B', 'transformer.resblocks.4.attn.v_proj.router.gate.weight', 'transformer.resblocks.4.attn.v_proj.experts.0.w_lora_A', 'transformer.resblocks.4.attn.v_proj.experts.0.w_lora_B', 'transformer.resblocks.4.attn.v_proj.experts.1.w_lora_A', 'transformer.resblocks.4.attn.v_proj.experts.1.w_lora_B', 'transformer.resblocks.5.attn.q_proj.router.gate.weight', 'transformer.resblocks.5.attn.q_proj.experts.0.w_lora_A', 'transformer.resblocks.5.attn.q_proj.experts.0.w_lora_B', 'transformer.resblocks.5.attn.q_proj.experts.1.w_lora_A', 'transformer.resblocks.5.attn.q_proj.experts.1.w_lora_B', 'transformer.resblocks.5.attn.k_proj.router.gate.weight', 'transformer.resblocks.5.attn.k_proj.experts.0.w_lora_A', 'transformer.resblocks.5.attn.k_proj.experts.0.w_lora_B', 'transformer.resblocks.5.attn.k_proj.experts.1.w_lora_A', 'transformer.resblocks.5.attn.k_proj.experts.1.w_lora_B', 'transformer.resblocks.5.attn.v_proj.router.gate.weight', 'transformer.resblocks.5.attn.v_proj.experts.0.w_lora_A', 'transformer.resblocks.5.attn.v_proj.experts.0.w_lora_B', 'transformer.resblocks.5.attn.v_proj.experts.1.w_lora_A', 'transformer.resblocks.5.attn.v_proj.experts.1.w_lora_B', 'transformer.resblocks.6.attn.q_proj.router.gate.weight', 'transformer.resblocks.6.attn.q_proj.experts.0.w_lora_A', 'transformer.resblocks.6.attn.q_proj.experts.0.w_lora_B', 'transformer.resblocks.6.attn.q_proj.experts.1.w_lora_A', 'transformer.resblocks.6.attn.q_proj.experts.1.w_lora_B', 'transformer.resblocks.6.attn.k_proj.router.gate.weight', 'transformer.resblocks.6.attn.k_proj.experts.0.w_lora_A', 'transformer.resblocks.6.attn.k_proj.experts.0.w_lora_B', 'transformer.resblocks.6.attn.k_proj.experts.1.w_lora_A', 'transformer.resblocks.6.attn.k_proj.experts.1.w_lora_B', 'transformer.resblocks.6.attn.v_proj.router.gate.weight', 'transformer.resblocks.6.attn.v_proj.experts.0.w_lora_A', 'transformer.resblocks.6.attn.v_proj.experts.0.w_lora_B', 'transformer.resblocks.6.attn.v_proj.experts.1.w_lora_A', 'transformer.resblocks.6.attn.v_proj.experts.1.w_lora_B', 'transformer.resblocks.7.attn.q_proj.router.gate.weight', 'transformer.resblocks.7.attn.q_proj.experts.0.w_lora_A', 'transformer.resblocks.7.attn.q_proj.experts.0.w_lora_B', 'transformer.resblocks.7.attn.q_proj.experts.1.w_lora_A', 'transformer.resblocks.7.attn.q_proj.experts.1.w_lora_B', 'transformer.resblocks.7.attn.k_proj.router.gate.weight', 'transformer.resblocks.7.attn.k_proj.experts.0.w_lora_A', 'transformer.resblocks.7.attn.k_proj.experts.0.w_lora_B', 'transformer.resblocks.7.attn.k_proj.experts.1.w_lora_A', 'transformer.resblocks.7.attn.k_proj.experts.1.w_lora_B', 'transformer.resblocks.7.attn.v_proj.router.gate.weight', 'transformer.resblocks.7.attn.v_proj.experts.0.w_lora_A', 'transformer.resblocks.7.attn.v_proj.experts.0.w_lora_B', 'transformer.resblocks.7.attn.v_proj.experts.1.w_lora_A', 'transformer.resblocks.7.attn.v_proj.experts.1.w_lora_B', 'transformer.resblocks.8.attn.q_proj.router.gate.weight', 'transformer.resblocks.8.attn.q_proj.experts.0.w_lora_A', 'transformer.resblocks.8.attn.q_proj.experts.0.w_lora_B', 'transformer.resblocks.8.attn.q_proj.experts.1.w_lora_A', 'transformer.resblocks.8.attn.q_proj.experts.1.w_lora_B', 'transformer.resblocks.8.attn.k_proj.router.gate.weight', 'transformer.resblocks.8.attn.k_proj.experts.0.w_lora_A', 'transformer.resblocks.8.attn.k_proj.experts.0.w_lora_B', 'transformer.resblocks.8.attn.k_proj.experts.1.w_lora_A', 'transformer.resblocks.8.attn.k_proj.experts.1.w_lora_B', 'transformer.resblocks.8.attn.v_proj.router.gate.weight', 'transformer.resblocks.8.attn.v_proj.experts.0.w_lora_A', 'transformer.resblocks.8.attn.v_proj.experts.0.w_lora_B', 'transformer.resblocks.8.attn.v_proj.experts.1.w_lora_A', 'transformer.resblocks.8.attn.v_proj.experts.1.w_lora_B', 'transformer.resblocks.9.attn.q_proj.router.gate.weight', 'transformer.resblocks.9.attn.q_proj.experts.0.w_lora_A', 'transformer.resblocks.9.attn.q_proj.experts.0.w_lora_B', 'transformer.resblocks.9.attn.q_proj.experts.1.w_lora_A', 'transformer.resblocks.9.attn.q_proj.experts.1.w_lora_B', 'transformer.resblocks.9.attn.k_proj.router.gate.weight', 'transformer.resblocks.9.attn.k_proj.experts.0.w_lora_A', 'transformer.resblocks.9.attn.k_proj.experts.0.w_lora_B', 'transformer.resblocks.9.attn.k_proj.experts.1.w_lora_A', 'transformer.resblocks.9.attn.k_proj.experts.1.w_lora_B', 'transformer.resblocks.9.attn.v_proj.router.gate.weight', 'transformer.resblocks.9.attn.v_proj.experts.0.w_lora_A', 'transformer.resblocks.9.attn.v_proj.experts.0.w_lora_B', 'transformer.resblocks.9.attn.v_proj.experts.1.w_lora_A', 'transformer.resblocks.9.attn.v_proj.experts.1.w_lora_B', 'transformer.resblocks.10.attn.q_proj.router.gate.weight', 'transformer.resblocks.10.attn.q_proj.experts.0.w_lora_A', 'transformer.resblocks.10.attn.q_proj.experts.0.w_lora_B', 'transformer.resblocks.10.attn.q_proj.experts.1.w_lora_A', 'transformer.resblocks.10.attn.q_proj.experts.1.w_lora_B', 'transformer.resblocks.10.attn.k_proj.router.gate.weight', 'transformer.resblocks.10.attn.k_proj.experts.0.w_lora_A', 'transformer.resblocks.10.attn.k_proj.experts.0.w_lora_B', 'transformer.resblocks.10.attn.k_proj.experts.1.w_lora_A', 'transformer.resblocks.10.attn.k_proj.experts.1.w_lora_B', 'transformer.resblocks.10.attn.v_proj.router.gate.weight', 'transformer.resblocks.10.attn.v_proj.experts.0.w_lora_A', 'transformer.resblocks.10.attn.v_proj.experts.0.w_lora_B', 'transformer.resblocks.10.attn.v_proj.experts.1.w_lora_A', 'transformer.resblocks.10.attn.v_proj.experts.1.w_lora_B', 'transformer.resblocks.11.attn.q_proj.router.gate.weight', 'transformer.resblocks.11.attn.q_proj.experts.0.w_lora_A', 'transformer.resblocks.11.attn.q_proj.experts.0.w_lora_B', 'transformer.resblocks.11.attn.q_proj.experts.1.w_lora_A', 'transformer.resblocks.11.attn.q_proj.experts.1.w_lora_B', 'transformer.resblocks.11.attn.k_proj.router.gate.weight', 'transformer.resblocks.11.attn.k_proj.experts.0.w_lora_A', 'transformer.resblocks.11.attn.k_proj.experts.0.w_lora_B', 'transformer.resblocks.11.attn.k_proj.experts.1.w_lora_A', 'transformer.resblocks.11.attn.k_proj.experts.1.w_lora_B', 'transformer.resblocks.11.attn.v_proj.router.gate.weight', 'transformer.resblocks.11.attn.v_proj.experts.0.w_lora_A', 'transformer.resblocks.11.attn.v_proj.experts.0.w_lora_B', 'transformer.resblocks.11.attn.v_proj.experts.1.w_lora_A', 'transformer.resblocks.11.attn.v_proj.experts.1.w_lora_B']
LR: 0.000200, Acc: 40.0000, Loss: 1.7996
LR: 0.000200, Acc: 30.0000, Loss: 1.9688
LR: 0.000200, Acc: 22.5000, Loss: 2.1629
LR: 0.000200, Acc: 30.0000, Loss: 2.1078
LR: 0.000200, Acc: 45.0000, Loss: 1.7992
LR: 0.000200, Acc: 32.5000, Loss: 1.8943
LR: 0.000200, Acc: 40.0000, Loss: 1.9848
LR: 0.000200, Acc: 35.0000, Loss: 2.0777
LR: 0.000200, Acc: 42.5000, Loss: 1.6691
LR: 0.000200, Acc: 37.5000, Loss: 1.7904
LR: 0.000200, Acc: 35.0000, Loss: 1.8871
LR: 0.000200, Acc: 55.0000, Loss: 1.5035
LR: 0.000200, Acc: 45.0000, Loss: 1.5732
LR: 0.000200, Acc: 45.0000, Loss: 1.5291
LR: 0.000200, Acc: 45.0000, Loss: 1.5629
LR: 0.000200, Acc: 45.0000, Loss: 1.5881
LR: 0.000200, Acc: 50.0000, Loss: 1.3080
LR: 0.000200, Acc: 40.0000, Loss: 1.5887
LR: 0.000200, Acc: 50.0000, Loss: 1.3270
LR: 0.000200, Acc: 57.5000, Loss: 1.1879
LR: 0.000200, Acc: 70.0000, Loss: 1.0377
LR: 0.000200, Acc: 70.0000, Loss: 1.0652
LR: 0.000200, Acc: 72.5000, Loss: 1.0752
LR: 0.000200, Acc: 67.5000, Loss: 1.0887
LR: 0.000200, Acc: 72.5000, Loss: 0.9953
LR: 0.000200, Acc: 70.0000, Loss: 0.9083
LR: 0.000200, Acc: 72.5000, Loss: 0.9344
LR: 0.000200, Acc: 82.5000, Loss: 0.7588
LR: 0.000200, Acc: 80.0000, Loss: 0.7774
LR: 0.000200, Acc: 72.5000, Loss: 0.9424
LR: 0.000200, Acc: 77.5000, Loss: 0.7838
LR: 0.000199, Acc: 85.0000, Loss: 0.8383
LR: 0.000199, Acc: 87.5000, Loss: 0.7071
LR: 0.000199, Acc: 90.0000, Loss: 0.5781
LR: 0.000199, Acc: 75.0000, Loss: 0.6889
LR: 0.000199, Acc: 87.5000, Loss: 0.5715
LR: 0.000199, Acc: 87.5000, Loss: 0.6404
LR: 0.000199, Acc: 75.0000, Loss: 0.8554
LR: 0.000199, Acc: 82.5000, Loss: 0.5900
LR: 0.000199, Acc: 82.5000, Loss: 0.7239
LR: 0.000199, Acc: 85.0000, Loss: 0.5959
LR: 0.000199, Acc: 85.0000, Loss: 0.4281
LR: 0.000199, Acc: 85.0000, Loss: 0.4731
LR: 0.000199, Acc: 90.0000, Loss: 0.4429
LR: 0.000199, Acc: 87.5000, Loss: 0.5528
LR: 0.000199, Acc: 92.5000, Loss: 0.4750
LR: 0.000199, Acc: 92.5000, Loss: 0.2861
LR: 0.000199, Acc: 92.5000, Loss: 0.3258
LR: 0.000199, Acc: 95.0000, Loss: 0.3249
LR: 0.000199, Acc: 92.5000, Loss: 0.4414
LR: 0.000199, Acc: 92.5000, Loss: 0.3136
LR: 0.000199, Acc: 95.0000, Loss: 0.3150
LR: 0.000199, Acc: 92.5000, Loss: 0.2710
LR: 0.000199, Acc: 97.5000, Loss: 0.2688
LR: 0.000199, Acc: 90.0000, Loss: 0.3875
LR: 0.000198, Acc: 95.0000, Loss: 0.2882
LR: 0.000198, Acc: 97.5000, Loss: 0.1862
LR: 0.000198, Acc: 97.5000, Loss: 0.2198
LR: 0.000198, Acc: 95.0000, Loss: 0.2694
LR: 0.000198, Acc: 97.5000, Loss: 0.1970
LR: 0.000198, Acc: 100.0000, Loss: 0.1549
LR: 0.000198, Acc: 95.0000, Loss: 0.1922
LR: 0.000198, Acc: 90.0000, Loss: 0.3428
LR: 0.000198, Acc: 90.0000, Loss: 0.2908
LR: 0.000198, Acc: 92.5000, Loss: 0.2777
LR: 0.000198, Acc: 92.5000, Loss: 0.2701
LR: 0.000198, Acc: 97.5000, Loss: 0.1345
LR: 0.000198, Acc: 97.5000, Loss: 0.2406
LR: 0.000198, Acc: 90.0000, Loss: 0.2559
LR: 0.000198, Acc: 95.0000, Loss: 0.2007
LR: 0.000198, Acc: 95.0000, Loss: 0.2120
LR: 0.000197, Acc: 97.5000, Loss: 0.1995
LR: 0.000197, Acc: 100.0000, Loss: 0.1073
LR: 0.000197, Acc: 100.0000, Loss: 0.0838
LR: 0.000197, Acc: 97.5000, Loss: 0.1674
LR: 0.000197, Acc: 100.0000, Loss: 0.0779
LR: 0.000197, Acc: 95.0000, Loss: 0.1424
LR: 0.000197, Acc: 95.0000, Loss: 0.2268
LR: 0.000197, Acc: 92.5000, Loss: 0.2286
LR: 0.000197, Acc: 97.5000, Loss: 0.2795
LR: 0.000197, Acc: 85.0000, Loss: 0.3484
LR: 0.000197, Acc: 97.5000, Loss: 0.1088
LR: 0.000197, Acc: 100.0000, Loss: 0.0933
LR: 0.000197, Acc: 97.5000, Loss: 0.0927
LR: 0.000196, Acc: 97.5000, Loss: 0.0855
LR: 0.000196, Acc: 95.0000, Loss: 0.1947
LR: 0.000196, Acc: 100.0000, Loss: 0.0511
LR: 0.000196, Acc: 92.5000, Loss: 0.1676
LR: 0.000196, Acc: 95.0000, Loss: 0.1923
LR: 0.000196, Acc: 92.5000, Loss: 0.1561
LR: 0.000196, Acc: 100.0000, Loss: 0.0690
LR: 0.000196, Acc: 95.0000, Loss: 0.1339
LR: 0.000196, Acc: 95.0000, Loss: 0.2519
LR: 0.000196, Acc: 95.0000, Loss: 0.1250
LR: 0.000196, Acc: 97.5000, Loss: 0.1759
LR: 0.000196, Acc: 97.5000, Loss: 0.1087
LR: 0.000195, Acc: 100.0000, Loss: 0.0311
LR: 0.000195, Acc: 97.5000, Loss: 0.0835
LR: 0.000195, Acc: 97.5000, Loss: 0.1062
LR: 0.000195, Acc: 95.0000, Loss: 0.1462
LR: 0.000195, Acc: 100.0000, Loss: 0.0297
LR: 0.000195, Acc: 97.5000, Loss: 0.0795
LR: 0.000195, Acc: 97.5000, Loss: 0.0641
LR: 0.000195, Acc: 100.0000, Loss: 0.0484
LR: 0.000195, Acc: 97.5000, Loss: 0.0905
LR: 0.000195, Acc: 100.0000, Loss: 0.0543
LR: 0.000194, Acc: 100.0000, Loss: 0.0657
LR: 0.000194, Acc: 100.0000, Loss: 0.0715
LR: 0.000194, Acc: 100.0000, Loss: 0.0576
LR: 0.000194, Acc: 100.0000, Loss: 0.0266
LR: 0.000194, Acc: 95.0000, Loss: 0.1756
LR: 0.000194, Acc: 95.0000, Loss: 0.2196
LR: 0.000194, Acc: 100.0000, Loss: 0.0349
LR: 0.000194, Acc: 100.0000, Loss: 0.0379
LR: 0.000194, Acc: 100.0000, Loss: 0.0226
LR: 0.000193, Acc: 97.5000, Loss: 0.0702
LR: 0.000193, Acc: 95.0000, Loss: 0.1098
LR: 0.000193, Acc: 100.0000, Loss: 0.0228
LR: 0.000193, Acc: 100.0000, Loss: 0.0380
LR: 0.000193, Acc: 97.5000, Loss: 0.1230
LR: 0.000193, Acc: 95.0000, Loss: 0.1960
LR: 0.000193, Acc: 100.0000, Loss: 0.0448
LR: 0.000193, Acc: 95.0000, Loss: 0.1209
LR: 0.000193, Acc: 95.0000, Loss: 0.1351
LR: 0.000192, Acc: 95.0000, Loss: 0.1152
LR: 0.000192, Acc: 95.0000, Loss: 0.1309
LR: 0.000192, Acc: 97.5000, Loss: 0.1162
LR: 0.000192, Acc: 95.0000, Loss: 0.1441
LR: 0.000192, Acc: 100.0000, Loss: 0.0331
LR: 0.000192, Acc: 97.5000, Loss: 0.1720
LR: 0.000192, Acc: 100.0000, Loss: 0.0531
LR: 0.000192, Acc: 97.5000, Loss: 0.0468
LR: 0.000191, Acc: 95.0000, Loss: 0.1032
LR: 0.000191, Acc: 97.5000, Loss: 0.0797
LR: 0.000191, Acc: 97.5000, Loss: 0.1164
LR: 0.000191, Acc: 100.0000, Loss: 0.0501
LR: 0.000191, Acc: 92.5000, Loss: 0.1559
LR: 0.000191, Acc: 92.5000, Loss: 0.1447
LR: 0.000191, Acc: 100.0000, Loss: 0.0109
LR: 0.000191, Acc: 97.5000, Loss: 0.0397
LR: 0.000190, Acc: 97.5000, Loss: 0.0752
LR: 0.000190, Acc: 95.0000, Loss: 0.1808
LR: 0.000190, Acc: 97.5000, Loss: 0.0435
LR: 0.000190, Acc: 97.5000, Loss: 0.1032
LR: 0.000190, Acc: 95.0000, Loss: 0.0904
LR: 0.000190, Acc: 100.0000, Loss: 0.0245
LR: 0.000190, Acc: 97.5000, Loss: 0.0359
LR: 0.000189, Acc: 87.5000, Loss: 0.1658
LR: 0.000189, Acc: 100.0000, Loss: 0.0157
LR: 0.000189, Acc: 95.0000, Loss: 0.1712
LR: 0.000189, Acc: 100.0000, Loss: 0.0318
LR: 0.000189, Acc: 95.0000, Loss: 0.1226
LR: 0.000189, Acc: 97.5000, Loss: 0.0698
LR: 0.000189, Acc: 92.5000, Loss: 0.1258
LR: 0.000188, Acc: 95.0000, Loss: 0.2058
LR: 0.000188, Acc: 95.0000, Loss: 0.1238
LR: 0.000188, Acc: 100.0000, Loss: 0.0068
LR: 0.000188, Acc: 92.5000, Loss: 0.2992
LR: 0.000188, Acc: 100.0000, Loss: 0.0359
LR: 0.000188, Acc: 95.0000, Loss: 0.1539
LR: 0.000188, Acc: 100.0000, Loss: 0.0228
LR: 0.000187, Acc: 97.5000, Loss: 0.0920
LR: 0.000187, Acc: 100.0000, Loss: 0.0065
LR: 0.000187, Acc: 95.0000, Loss: 0.1300
LR: 0.000187, Acc: 97.5000, Loss: 0.1162
LR: 0.000187, Acc: 95.0000, Loss: 0.1286
LR: 0.000187, Acc: 92.5000, Loss: 0.2202
LR: 0.000186, Acc: 95.0000, Loss: 0.1849
LR: 0.000186, Acc: 100.0000, Loss: 0.0333
LR: 0.000186, Acc: 92.5000, Loss: 0.2524
LR: 0.000186, Acc: 100.0000, Loss: 0.0460
LR: 0.000186, Acc: 97.5000, Loss: 0.1143
LR: 0.000186, Acc: 100.0000, Loss: 0.0159
LR: 0.000186, Acc: 100.0000, Loss: 0.0137
LR: 0.000185, Acc: 100.0000, Loss: 0.0238
LR: 0.000185, Acc: 90.0000, Loss: 0.2074
LR: 0.000185, Acc: 95.0000, Loss: 0.1042
LR: 0.000185, Acc: 100.0000, Loss: 0.0246
LR: 0.000185, Acc: 100.0000, Loss: 0.0076
LR: 0.000185, Acc: 97.5000, Loss: 0.0594
LR: 0.000184, Acc: 100.0000, Loss: 0.0291
LR: 0.000184, Acc: 100.0000, Loss: 0.0136
LR: 0.000184, Acc: 97.5000, Loss: 0.1282
LR: 0.000184, Acc: 100.0000, Loss: 0.0224
LR: 0.000184, Acc: 97.5000, Loss: 0.1136
LR: 0.000183, Acc: 100.0000, Loss: 0.0218
LR: 0.000183, Acc: 95.0000, Loss: 0.1017
LR: 0.000183, Acc: 97.5000, Loss: 0.0910
LR: 0.000183, Acc: 100.0000, Loss: 0.0273
LR: 0.000183, Acc: 95.0000, Loss: 0.1346
LR: 0.000183, Acc: 97.5000, Loss: 0.0540
LR: 0.000182, Acc: 100.0000, Loss: 0.0490
LR: 0.000182, Acc: 100.0000, Loss: 0.0080
LR: 0.000182, Acc: 100.0000, Loss: 0.0256
LR: 0.000182, Acc: 97.5000, Loss: 0.0528
LR: 0.000182, Acc: 100.0000, Loss: 0.0220
LR: 0.000182, Acc: 92.5000, Loss: 0.2745
LR: 0.000181, Acc: 100.0000, Loss: 0.0449
LR: 0.000181, Acc: 97.5000, Loss: 0.1390
LR: 0.000181, Acc: 95.0000, Loss: 0.0663
LR: 0.000181, Acc: 100.0000, Loss: 0.0089
LR: 0.000181, Acc: 97.5000, Loss: 0.0340
LR: 0.000180, Acc: 97.5000, Loss: 0.0704
LR: 0.000180, Acc: 100.0000, Loss: 0.0147
LR: 0.000180, Acc: 100.0000, Loss: 0.0162
LR: 0.000180, Acc: 100.0000, Loss: 0.0244
LR: 0.000180, Acc: 97.5000, Loss: 0.0498
LR: 0.000180, Acc: 100.0000, Loss: 0.0037
LR: 0.000179, Acc: 97.5000, Loss: 0.0362
LR: 0.000179, Acc: 97.5000, Loss: 0.1688
LR: 0.000179, Acc: 97.5000, Loss: 0.1109
LR: 0.000179, Acc: 95.0000, Loss: 0.1368
LR: 0.000179, Acc: 95.0000, Loss: 0.2147
LR: 0.000178, Acc: 100.0000, Loss: 0.0224
LR: 0.000178, Acc: 100.0000, Loss: 0.0082
LR: 0.000178, Acc: 100.0000, Loss: 0.0392
LR: 0.000178, Acc: 100.0000, Loss: 0.0067
LR: 0.000178, Acc: 100.0000, Loss: 0.0113
LR: 0.000177, Acc: 95.0000, Loss: 0.1941
LR: 0.000177, Acc: 100.0000, Loss: 0.0125
LR: 0.000177, Acc: 100.0000, Loss: 0.0074
LR: 0.000177, Acc: 100.0000, Loss: 0.0193
LR: 0.000177, Acc: 100.0000, Loss: 0.0126
LR: 0.000176, Acc: 100.0000, Loss: 0.0098
LR: 0.000176, Acc: 100.0000, Loss: 0.0169
LR: 0.000176, Acc: 100.0000, Loss: 0.0290
LR: 0.000176, Acc: 97.5000, Loss: 0.1107
LR: 0.000176, Acc: 97.5000, Loss: 0.0756
LR: 0.000175, Acc: 100.0000, Loss: 0.0034
LR: 0.000175, Acc: 95.0000, Loss: 0.1329
LR: 0.000175, Acc: 100.0000, Loss: 0.0156
LR: 0.000175, Acc: 100.0000, Loss: 0.0205
LR: 0.000175, Acc: 100.0000, Loss: 0.0243
LR: 0.000174, Acc: 95.0000, Loss: 0.0850
LR: 0.000174, Acc: 97.5000, Loss: 0.0421
LR: 0.000174, Acc: 97.5000, Loss: 0.0591
LR: 0.000174, Acc: 100.0000, Loss: 0.0046
LR: 0.000173, Acc: 100.0000, Loss: 0.0191
LR: 0.000173, Acc: 100.0000, Loss: 0.0053
LR: 0.000173, Acc: 100.0000, Loss: 0.0387
LR: 0.000173, Acc: 100.0000, Loss: 0.0232
LR: 0.000173, Acc: 100.0000, Loss: 0.0183
LR: 0.000172, Acc: 100.0000, Loss: 0.0348
LR: 0.000172, Acc: 97.5000, Loss: 0.0314
LR: 0.000172, Acc: 100.0000, Loss: 0.0053
LR: 0.000172, Acc: 97.5000, Loss: 0.1078
LR: 0.000172, Acc: 100.0000, Loss: 0.0063
LR: 0.000171, Acc: 95.0000, Loss: 0.0598
LR: 0.000171, Acc: 100.0000, Loss: 0.0086
LR: 0.000171, Acc: 100.0000, Loss: 0.0063
LR: 0.000171, Acc: 100.0000, Loss: 0.0200
LR: 0.000170, Acc: 92.5000, Loss: 0.1074
LR: 0.000170, Acc: 97.5000, Loss: 0.0274
LR: 0.000170, Acc: 97.5000, Loss: 0.0432
LR: 0.000170, Acc: 95.0000, Loss: 0.0592
LR: 0.000170, Acc: 97.5000, Loss: 0.0617
LR: 0.000169, Acc: 97.5000, Loss: 0.1540
LR: 0.000169, Acc: 97.5000, Loss: 0.0662
LR: 0.000169, Acc: 97.5000, Loss: 0.0448
LR: 0.000169, Acc: 95.0000, Loss: 0.0963
LR: 0.000168, Acc: 97.5000, Loss: 0.0465
LR: 0.000168, Acc: 100.0000, Loss: 0.0104
LR: 0.000168, Acc: 100.0000, Loss: 0.0340
LR: 0.000168, Acc: 100.0000, Loss: 0.0360
LR: 0.000167, Acc: 100.0000, Loss: 0.0114
LR: 0.000167, Acc: 100.0000, Loss: 0.0319
LR: 0.000167, Acc: 100.0000, Loss: 0.0049
LR: 0.000167, Acc: 97.5000, Loss: 0.0612
LR: 0.000167, Acc: 100.0000, Loss: 0.0225
LR: 0.000166, Acc: 100.0000, Loss: 0.0025
LR: 0.000166, Acc: 100.0000, Loss: 0.0218
LR: 0.000166, Acc: 100.0000, Loss: 0.0112
LR: 0.000166, Acc: 97.5000, Loss: 0.1241
LR: 0.000165, Acc: 100.0000, Loss: 0.0232
LR: 0.000165, Acc: 95.0000, Loss: 0.0993
LR: 0.000165, Acc: 97.5000, Loss: 0.0669
LR: 0.000165, Acc: 100.0000, Loss: 0.0256
LR: 0.000164, Acc: 97.5000, Loss: 0.0480
LR: 0.000164, Acc: 100.0000, Loss: 0.0054
LR: 0.000164, Acc: 100.0000, Loss: 0.0111
LR: 0.000164, Acc: 100.0000, Loss: 0.0091
LR: 0.000163, Acc: 95.0000, Loss: 0.0464
LR: 0.000163, Acc: 97.5000, Loss: 0.0828
LR: 0.000163, Acc: 95.0000, Loss: 0.0832
LR: 0.000163, Acc: 97.5000, Loss: 0.0472
LR: 0.000162, Acc: 100.0000, Loss: 0.0178
LR: 0.000162, Acc: 95.0000, Loss: 0.1440
LR: 0.000162, Acc: 100.0000, Loss: 0.0088
LR: 0.000162, Acc: 100.0000, Loss: 0.0215
LR: 0.000161, Acc: 100.0000, Loss: 0.0295
LR: 0.000161, Acc: 100.0000, Loss: 0.0303
LR: 0.000161, Acc: 100.0000, Loss: 0.0055
LR: 0.000161, Acc: 100.0000, Loss: 0.0054
LR: 0.000160, Acc: 97.5000, Loss: 0.0720
LR: 0.000160, Acc: 100.0000, Loss: 0.0109
LR: 0.000160, Acc: 100.0000, Loss: 0.0180
LR: 0.000160, Acc: 95.0000, Loss: 0.0847
LR: 0.000159, Acc: 97.5000, Loss: 0.0431
LR: 0.000159, Acc: 100.0000, Loss: 0.0088
LR: 0.000159, Acc: 100.0000, Loss: 0.0146
LR: 0.000159, Acc: 97.5000, Loss: 0.0524
LR: 0.000158, Acc: 100.0000, Loss: 0.0171
LR: 0.000158, Acc: 97.5000, Loss: 0.0893
LR: 0.000158, Acc: 100.0000, Loss: 0.0134
LR: 0.000158, Acc: 100.0000, Loss: 0.0265
LR: 0.000157, Acc: 100.0000, Loss: 0.0172
LR: 0.000157, Acc: 97.5000, Loss: 0.0518
LR: 0.000157, Acc: 100.0000, Loss: 0.0350
LR: 0.000157, Acc: 100.0000, Loss: 0.0062
LR: 0.000156, Acc: 97.5000, Loss: 0.0465
LR: 0.000156, Acc: 97.5000, Loss: 0.0223
LR: 0.000156, Acc: 95.0000, Loss: 0.0808
LR: 0.000156, Acc: 100.0000, Loss: 0.0056
LR: 0.000155, Acc: 100.0000, Loss: 0.0261
LR: 0.000155, Acc: 100.0000, Loss: 0.0099
LR: 0.000155, Acc: 100.0000, Loss: 0.0214
LR: 0.000155, Acc: 95.0000, Loss: 0.1786
LR: 0.000154, Acc: 100.0000, Loss: 0.0060
LR: 0.000154, Acc: 97.5000, Loss: 0.0932
LR: 0.000154, Acc: 100.0000, Loss: 0.0022
LR: 0.000154, Acc: 97.5000, Loss: 0.0463
LR: 0.000153, Acc: 97.5000, Loss: 0.0301
LR: 0.000153, Acc: 100.0000, Loss: 0.0181
LR: 0.000153, Acc: 100.0000, Loss: 0.0025
LR: 0.000152, Acc: 97.5000, Loss: 0.0471
LR: 0.000152, Acc: 100.0000, Loss: 0.0174
LR: 0.000152, Acc: 100.0000, Loss: 0.0032
LR: 0.000152, Acc: 100.0000, Loss: 0.0145
LR: 0.000151, Acc: 95.0000, Loss: 0.2358
LR: 0.000151, Acc: 100.0000, Loss: 0.0048
LR: 0.000151, Acc: 100.0000, Loss: 0.0166
LR: 0.000151, Acc: 97.5000, Loss: 0.0801
LR: 0.000150, Acc: 100.0000, Loss: 0.0216
LR: 0.000150, Acc: 97.5000, Loss: 0.0220
LR: 0.000150, Acc: 100.0000, Loss: 0.0101
LR: 0.000150, Acc: 100.0000, Loss: 0.0113
LR: 0.000149, Acc: 97.5000, Loss: 0.0480
LR: 0.000149, Acc: 100.0000, Loss: 0.0037
LR: 0.000149, Acc: 97.5000, Loss: 0.1267
LR: 0.000148, Acc: 100.0000, Loss: 0.0054
LR: 0.000148, Acc: 100.0000, Loss: 0.0098
LR: 0.000148, Acc: 97.5000, Loss: 0.0681
LR: 0.000148, Acc: 97.5000, Loss: 0.1159
LR: 0.000147, Acc: 97.5000, Loss: 0.0528
LR: 0.000147, Acc: 95.0000, Loss: 0.1438
LR: 0.000147, Acc: 100.0000, Loss: 0.0031
LR: 0.000147, Acc: 95.0000, Loss: 0.0914
LR: 0.000146, Acc: 97.5000, Loss: 0.0749
LR: 0.000146, Acc: 100.0000, Loss: 0.0363
LR: 0.000146, Acc: 97.5000, Loss: 0.0312
LR: 0.000145, Acc: 97.5000, Loss: 0.0286
LR: 0.000145, Acc: 97.5000, Loss: 0.0406
LR: 0.000145, Acc: 100.0000, Loss: 0.0129
LR: 0.000145, Acc: 100.0000, Loss: 0.0328
LR: 0.000144, Acc: 100.0000, Loss: 0.0083
LR: 0.000144, Acc: 100.0000, Loss: 0.0018
LR: 0.000144, Acc: 100.0000, Loss: 0.0214
LR: 0.000143, Acc: 100.0000, Loss: 0.0030
LR: 0.000143, Acc: 97.5000, Loss: 0.0442
LR: 0.000143, Acc: 100.0000, Loss: 0.0227
LR: 0.000143, Acc: 100.0000, Loss: 0.0249
LR: 0.000142, Acc: 100.0000, Loss: 0.0212
LR: 0.000142, Acc: 100.0000, Loss: 0.0066
LR: 0.000142, Acc: 100.0000, Loss: 0.0158
LR: 0.000141, Acc: 100.0000, Loss: 0.0045
LR: 0.000141, Acc: 97.5000, Loss: 0.0714
LR: 0.000141, Acc: 100.0000, Loss: 0.0015
LR: 0.000141, Acc: 97.5000, Loss: 0.0616
LR: 0.000140, Acc: 100.0000, Loss: 0.0063
LR: 0.000140, Acc: 95.0000, Loss: 0.1634
LR: 0.000140, Acc: 100.0000, Loss: 0.0019
LR: 0.000139, Acc: 97.5000, Loss: 0.0809
LR: 0.000139, Acc: 100.0000, Loss: 0.0197
LR: 0.000139, Acc: 100.0000, Loss: 0.0062
LR: 0.000139, Acc: 100.0000, Loss: 0.0066
LR: 0.000138, Acc: 100.0000, Loss: 0.0198
LR: 0.000138, Acc: 97.5000, Loss: 0.0283
LR: 0.000138, Acc: 100.0000, Loss: 0.0241
LR: 0.000137, Acc: 97.5000, Loss: 0.0728
LR: 0.000137, Acc: 100.0000, Loss: 0.0087
LR: 0.000137, Acc: 97.5000, Loss: 0.0951
LR: 0.000137, Acc: 97.5000, Loss: 0.0371
LR: 0.000136, Acc: 100.0000, Loss: 0.0165
LR: 0.000136, Acc: 100.0000, Loss: 0.0159
LR: 0.000136, Acc: 97.5000, Loss: 0.0434
LR: 0.000135, Acc: 97.5000, Loss: 0.1851
LR: 0.000135, Acc: 100.0000, Loss: 0.0023
LR: 0.000135, Acc: 97.5000, Loss: 0.0321
LR: 0.000134, Acc: 95.0000, Loss: 0.0840
LR: 0.000134, Acc: 100.0000, Loss: 0.0053
LR: 0.000134, Acc: 97.5000, Loss: 0.0836
LR: 0.000134, Acc: 100.0000, Loss: 0.0092
LR: 0.000133, Acc: 97.5000, Loss: 0.1309
LR: 0.000133, Acc: 97.5000, Loss: 0.0567
LR: 0.000133, Acc: 100.0000, Loss: 0.0171
LR: 0.000132, Acc: 97.5000, Loss: 0.0691
LR: 0.000132, Acc: 100.0000, Loss: 0.0165
LR: 0.000132, Acc: 92.5000, Loss: 0.1231
LR: 0.000132, Acc: 100.0000, Loss: 0.0273
LR: 0.000131, Acc: 100.0000, Loss: 0.0176
LR: 0.000131, Acc: 100.0000, Loss: 0.0125
LR: 0.000131, Acc: 97.5000, Loss: 0.0560
LR: 0.000130, Acc: 97.5000, Loss: 0.0533
LR: 0.000130, Acc: 100.0000, Loss: 0.0162
LR: 0.000130, Acc: 100.0000, Loss: 0.0507
LR: 0.000129, Acc: 100.0000, Loss: 0.0323
LR: 0.000129, Acc: 100.0000, Loss: 0.0276
LR: 0.000129, Acc: 100.0000, Loss: 0.0045
LR: 0.000129, Acc: 100.0000, Loss: 0.0023
LR: 0.000128, Acc: 100.0000, Loss: 0.0044
LR: 0.000128, Acc: 100.0000, Loss: 0.0214
LR: 0.000128, Acc: 100.0000, Loss: 0.0079
LR: 0.000127, Acc: 97.5000, Loss: 0.0627
LR: 0.000127, Acc: 95.0000, Loss: 0.1581
LR: 0.000127, Acc: 97.5000, Loss: 0.0416
LR: 0.000126, Acc: 100.0000, Loss: 0.0150
LR: 0.000126, Acc: 100.0000, Loss: 0.0029
LR: 0.000126, Acc: 100.0000, Loss: 0.0255
LR: 0.000126, Acc: 100.0000, Loss: 0.0049
LR: 0.000125, Acc: 100.0000, Loss: 0.0221
LR: 0.000125, Acc: 100.0000, Loss: 0.0125
LR: 0.000125, Acc: 100.0000, Loss: 0.0053
LR: 0.000124, Acc: 97.5000, Loss: 0.0496
LR: 0.000124, Acc: 97.5000, Loss: 0.0643
LR: 0.000124, Acc: 97.5000, Loss: 0.0985
LR: 0.000123, Acc: 100.0000, Loss: 0.0183
LR: 0.000123, Acc: 97.5000, Loss: 0.0942
LR: 0.000123, Acc: 100.0000, Loss: 0.0215
LR: 0.000123, Acc: 97.5000, Loss: 0.0290
LR: 0.000122, Acc: 100.0000, Loss: 0.0138
LR: 0.000122, Acc: 97.5000, Loss: 0.0693
LR: 0.000122, Acc: 97.5000, Loss: 0.0770
LR: 0.000121, Acc: 100.0000, Loss: 0.0100
LR: 0.000121, Acc: 100.0000, Loss: 0.0070
LR: 0.000121, Acc: 97.5000, Loss: 0.1752
LR: 0.000120, Acc: 100.0000, Loss: 0.0104
LR: 0.000120, Acc: 100.0000, Loss: 0.0097
LR: 0.000120, Acc: 97.5000, Loss: 0.0299
LR: 0.000119, Acc: 95.0000, Loss: 0.0787
LR: 0.000119, Acc: 100.0000, Loss: 0.0089
LR: 0.000119, Acc: 100.0000, Loss: 0.0090
LR: 0.000119, Acc: 100.0000, Loss: 0.0111
LR: 0.000118, Acc: 97.5000, Loss: 0.0353
LR: 0.000118, Acc: 95.0000, Loss: 0.1486
LR: 0.000118, Acc: 97.5000, Loss: 0.0757
LR: 0.000117, Acc: 97.5000, Loss: 0.0296
LR: 0.000117, Acc: 100.0000, Loss: 0.0185
LR: 0.000117, Acc: 97.5000, Loss: 0.0967
LR: 0.000116, Acc: 100.0000, Loss: 0.0028
LR: 0.000116, Acc: 100.0000, Loss: 0.0069
LR: 0.000116, Acc: 100.0000, Loss: 0.0127
LR: 0.000115, Acc: 100.0000, Loss: 0.0126
LR: 0.000115, Acc: 100.0000, Loss: 0.0025
LR: 0.000115, Acc: 95.0000, Loss: 0.1008
LR: 0.000115, Acc: 97.5000, Loss: 0.0432
LR: 0.000114, Acc: 100.0000, Loss: 0.0010
LR: 0.000114, Acc: 100.0000, Loss: 0.0153
LR: 0.000114, Acc: 100.0000, Loss: 0.0096
LR: 0.000113, Acc: 100.0000, Loss: 0.0050
LR: 0.000113, Acc: 100.0000, Loss: 0.0090
LR: 0.000113, Acc: 97.5000, Loss: 0.0779
LR: 0.000112, Acc: 97.5000, Loss: 0.0360
LR: 0.000112, Acc: 100.0000, Loss: 0.0027
LR: 0.000112, Acc: 100.0000, Loss: 0.0090
LR: 0.000111, Acc: 100.0000, Loss: 0.0021
LR: 0.000111, Acc: 97.5000, Loss: 0.0211
LR: 0.000111, Acc: 100.0000, Loss: 0.0214
LR: 0.000110, Acc: 100.0000, Loss: 0.0042
LR: 0.000110, Acc: 100.0000, Loss: 0.0246
LR: 0.000110, Acc: 97.5000, Loss: 0.0423
LR: 0.000110, Acc: 100.0000, Loss: 0.0174
LR: 0.000109, Acc: 97.5000, Loss: 0.0582
LR: 0.000109, Acc: 100.0000, Loss: 0.0040
LR: 0.000109, Acc: 97.5000, Loss: 0.0478
LR: 0.000108, Acc: 92.5000, Loss: 0.0786
LR: 0.000108, Acc: 100.0000, Loss: 0.0034
LR: 0.000108, Acc: 100.0000, Loss: 0.0203
LR: 0.000107, Acc: 100.0000, Loss: 0.0177
LR: 0.000107, Acc: 100.0000, Loss: 0.0284
LR: 0.000107, Acc: 97.5000, Loss: 0.1392
LR: 0.000106, Acc: 100.0000, Loss: 0.0290
LR: 0.000106, Acc: 100.0000, Loss: 0.0022
LR: 0.000106, Acc: 95.0000, Loss: 0.0916
LR: 0.000105, Acc: 97.5000, Loss: 0.1304
LR: 0.000105, Acc: 95.0000, Loss: 0.0770
LR: 0.000105, Acc: 100.0000, Loss: 0.0211
LR: 0.000105, Acc: 97.5000, Loss: 0.1928
LR: 0.000104, Acc: 100.0000, Loss: 0.0143
LR: 0.000104, Acc: 100.0000, Loss: 0.0013
LR: 0.000104, Acc: 100.0000, Loss: 0.0064
LR: 0.000103, Acc: 97.5000, Loss: 0.0815
LR: 0.000103, Acc: 100.0000, Loss: 0.0059
LR: 0.000103, Acc: 100.0000, Loss: 0.0064
LR: 0.000102, Acc: 97.5000, Loss: 0.1774
LR: 0.000102, Acc: 97.5000, Loss: 0.0363
LR: 0.000102, Acc: 100.0000, Loss: 0.0018
LR: 0.000101, Acc: 100.0000, Loss: 0.0021
LR: 0.000101, Acc: 100.0000, Loss: 0.0054
LR: 0.000101, Acc: 100.0000, Loss: 0.0021
LR: 0.000100, Acc: 100.0000, Loss: 0.0171
LR: 0.000100, Acc: 97.5000, Loss: 0.0291
LR: 0.000100, Acc: 100.0000, Loss: 0.0308
LR: 0.000100, Acc: 100.0000, Loss: 0.0057
LR: 0.000099, Acc: 100.0000, Loss: 0.0124
LR: 0.000099, Acc: 100.0000, Loss: 0.0112
LR: 0.000099, Acc: 100.0000, Loss: 0.0074
LR: 0.000098, Acc: 100.0000, Loss: 0.0046
LR: 0.000098, Acc: 100.0000, Loss: 0.0025
LR: 0.000098, Acc: 97.5000, Loss: 0.0217
LR: 0.000097, Acc: 100.0000, Loss: 0.0015
LR: 0.000097, Acc: 100.0000, Loss: 0.0019
LR: 0.000097, Acc: 97.5000, Loss: 0.1022
LR: 0.000096, Acc: 100.0000, Loss: 0.0019
LR: 0.000096, Acc: 97.5000, Loss: 0.0381
LR: 0.000096, Acc: 100.0000, Loss: 0.0009
LR: 0.000096, Acc: 100.0000, Loss: 0.0033
LR: 0.000095, Acc: 100.0000, Loss: 0.0095
LR: 0.000095, Acc: 97.5000, Loss: 0.0286
LR: 0.000095, Acc: 100.0000, Loss: 0.0027
LR: 0.000094, Acc: 100.0000, Loss: 0.0035
LR: 0.000094, Acc: 100.0000, Loss: 0.0225
LR: 0.000094, Acc: 95.0000, Loss: 0.0843
LR: 0.000093, Acc: 100.0000, Loss: 0.0089
LR: 0.000093, Acc: 100.0000, Loss: 0.0137
LR: 0.000093, Acc: 100.0000, Loss: 0.0119
LR: 0.000092, Acc: 100.0000, Loss: 0.0008
LR: 0.000092, Acc: 100.0000, Loss: 0.0027
LR: 0.000092, Acc: 100.0000, Loss: 0.0029
LR: 0.000091, Acc: 97.5000, Loss: 0.0406
LR: 0.000091, Acc: 100.0000, Loss: 0.0246
LR: 0.000091, Acc: 97.5000, Loss: 0.1449
LR: 0.000091, Acc: 100.0000, Loss: 0.0115
LR: 0.000090, Acc: 100.0000, Loss: 0.0024
LR: 0.000090, Acc: 97.5000, Loss: 0.0689
LR: 0.000090, Acc: 100.0000, Loss: 0.0012
LR: 0.000089, Acc: 100.0000, Loss: 0.0062
LR: 0.000089, Acc: 100.0000, Loss: 0.0042
LR: 0.000089, Acc: 100.0000, Loss: 0.0172
LR: 0.000088, Acc: 100.0000, Loss: 0.0063
LR: 0.000088, Acc: 97.5000, Loss: 0.1183
LR: 0.000088, Acc: 100.0000, Loss: 0.0138
LR: 0.000087, Acc: 100.0000, Loss: 0.0019
LR: 0.000087, Acc: 100.0000, Loss: 0.0099
LR: 0.000087, Acc: 100.0000, Loss: 0.0034
LR: 0.000086, Acc: 100.0000, Loss: 0.0040
LR: 0.000086, Acc: 100.0000, Loss: 0.0049
LR: 0.000086, Acc: 97.5000, Loss: 0.0348
LR: 0.000086, Acc: 100.0000, Loss: 0.0031
LR: 0.000085, Acc: 100.0000, Loss: 0.0024
LR: 0.000085, Acc: 100.0000, Loss: 0.0014
LR: 0.000085, Acc: 100.0000, Loss: 0.0043
LR: 0.000084, Acc: 100.0000, Loss: 0.0145
LR: 0.000084, Acc: 100.0000, Loss: 0.0010
LR: 0.000084, Acc: 97.5000, Loss: 0.0315
LR: 0.000083, Acc: 100.0000, Loss: 0.0008
LR: 0.000083, Acc: 100.0000, Loss: 0.0087
LR: 0.000083, Acc: 97.5000, Loss: 0.0649
LR: 0.000082, Acc: 100.0000, Loss: 0.0017
LR: 0.000082, Acc: 100.0000, Loss: 0.0205
LR: 0.000082, Acc: 97.5000, Loss: 0.0659
LR: 0.000082, Acc: 100.0000, Loss: 0.0054
LR: 0.000081, Acc: 100.0000, Loss: 0.0188
LR: 0.000081, Acc: 100.0000, Loss: 0.0045
LR: 0.000081, Acc: 100.0000, Loss: 0.0012
LR: 0.000080, Acc: 97.5000, Loss: 0.0575
LR: 0.000080, Acc: 100.0000, Loss: 0.0020
LR: 0.000080, Acc: 100.0000, Loss: 0.0133
LR: 0.000079, Acc: 100.0000, Loss: 0.0012
LR: 0.000079, Acc: 100.0000, Loss: 0.0121
LR: 0.000079, Acc: 97.5000, Loss: 0.0745
LR: 0.000078, Acc: 100.0000, Loss: 0.0130
LR: 0.000078, Acc: 100.0000, Loss: 0.0012
LR: 0.000078, Acc: 100.0000, Loss: 0.0031
LR: 0.000078, Acc: 100.0000, Loss: 0.0013
LR: 0.000077, Acc: 100.0000, Loss: 0.0044
LR: 0.000077, Acc: 100.0000, Loss: 0.0195
LR: 0.000077, Acc: 100.0000, Loss: 0.0011
LR: 0.000076, Acc: 100.0000, Loss: 0.0178
LR: 0.000076, Acc: 100.0000, Loss: 0.0057
LR: 0.000076, Acc: 100.0000, Loss: 0.0081
LR: 0.000075, Acc: 100.0000, Loss: 0.0042
LR: 0.000075, Acc: 100.0000, Loss: 0.0392
LR: 0.000075, Acc: 97.5000, Loss: 0.1106
LR: 0.000075, Acc: 97.5000, Loss: 0.0235
LR: 0.000074, Acc: 100.0000, Loss: 0.0016
LR: 0.000074, Acc: 100.0000, Loss: 0.0017
LR: 0.000074, Acc: 100.0000, Loss: 0.0123
LR: 0.000073, Acc: 100.0000, Loss: 0.0013
LR: 0.000073, Acc: 100.0000, Loss: 0.0014
LR: 0.000073, Acc: 97.5000, Loss: 0.1623
LR: 0.000072, Acc: 100.0000, Loss: 0.0009
LR: 0.000072, Acc: 97.5000, Loss: 0.1218
LR: 0.000072, Acc: 97.5000, Loss: 0.0827
LR: 0.000072, Acc: 100.0000, Loss: 0.0016
LR: 0.000071, Acc: 97.5000, Loss: 0.0620
LR: 0.000071, Acc: 100.0000, Loss: 0.0017
LR: 0.000071, Acc: 100.0000, Loss: 0.0086
LR: 0.000070, Acc: 97.5000, Loss: 0.0749
LR: 0.000070, Acc: 100.0000, Loss: 0.0027
LR: 0.000070, Acc: 95.0000, Loss: 0.1432
LR: 0.000069, Acc: 100.0000, Loss: 0.0059
LR: 0.000069, Acc: 100.0000, Loss: 0.0037
LR: 0.000069, Acc: 100.0000, Loss: 0.0104
LR: 0.000069, Acc: 100.0000, Loss: 0.0029
LR: 0.000068, Acc: 100.0000, Loss: 0.0037
LR: 0.000068, Acc: 97.5000, Loss: 0.0355
LR: 0.000068, Acc: 100.0000, Loss: 0.0028
LR: 0.000067, Acc: 100.0000, Loss: 0.0206
LR: 0.000067, Acc: 100.0000, Loss: 0.0010
LR: 0.000067, Acc: 97.5000, Loss: 0.0862
LR: 0.000067, Acc: 100.0000, Loss: 0.0006
LR: 0.000066, Acc: 100.0000, Loss: 0.0011
LR: 0.000066, Acc: 97.5000, Loss: 0.1404
LR: 0.000066, Acc: 100.0000, Loss: 0.0045
LR: 0.000065, Acc: 97.5000, Loss: 0.0439
LR: 0.000065, Acc: 100.0000, Loss: 0.0011
LR: 0.000065, Acc: 100.0000, Loss: 0.0031
LR: 0.000064, Acc: 100.0000, Loss: 0.0148
LR: 0.000064, Acc: 100.0000, Loss: 0.0183
LR: 0.000064, Acc: 100.0000, Loss: 0.0015
LR: 0.000064, Acc: 97.5000, Loss: 0.0282
LR: 0.000063, Acc: 100.0000, Loss: 0.0030
LR: 0.000063, Acc: 97.5000, Loss: 0.0849
LR: 0.000063, Acc: 100.0000, Loss: 0.0220
LR: 0.000062, Acc: 100.0000, Loss: 0.0231
LR: 0.000062, Acc: 100.0000, Loss: 0.0043
LR: 0.000062, Acc: 100.0000, Loss: 0.0045
LR: 0.000062, Acc: 100.0000, Loss: 0.0018
LR: 0.000061, Acc: 100.0000, Loss: 0.0026
LR: 0.000061, Acc: 97.5000, Loss: 0.0354
LR: 0.000061, Acc: 97.5000, Loss: 0.0269
LR: 0.000060, Acc: 100.0000, Loss: 0.0009
LR: 0.000060, Acc: 97.5000, Loss: 0.1024
LR: 0.000060, Acc: 100.0000, Loss: 0.0038
LR: 0.000060, Acc: 97.5000, Loss: 0.0504
LR: 0.000059, Acc: 97.5000, Loss: 0.0782
LR: 0.000059, Acc: 100.0000, Loss: 0.0034
LR: 0.000059, Acc: 100.0000, Loss: 0.0011
LR: 0.000058, Acc: 100.0000, Loss: 0.0018
LR: 0.000058, Acc: 95.0000, Loss: 0.0869
LR: 0.000058, Acc: 100.0000, Loss: 0.0017
LR: 0.000058, Acc: 100.0000, Loss: 0.0090
LR: 0.000057, Acc: 100.0000, Loss: 0.0059
LR: 0.000057, Acc: 100.0000, Loss: 0.0057
LR: 0.000057, Acc: 100.0000, Loss: 0.0101
LR: 0.000056, Acc: 100.0000, Loss: 0.0058
LR: 0.000056, Acc: 100.0000, Loss: 0.0035
LR: 0.000056, Acc: 97.5000, Loss: 0.0485
LR: 0.000056, Acc: 100.0000, Loss: 0.0155
LR: 0.000055, Acc: 100.0000, Loss: 0.0053
LR: 0.000055, Acc: 100.0000, Loss: 0.0200
LR: 0.000055, Acc: 100.0000, Loss: 0.0042
LR: 0.000054, Acc: 100.0000, Loss: 0.0157
LR: 0.000054, Acc: 97.5000, Loss: 0.0624
LR: 0.000054, Acc: 100.0000, Loss: 0.0054
LR: 0.000054, Acc: 100.0000, Loss: 0.0073
LR: 0.000053, Acc: 100.0000, Loss: 0.0121
LR: 0.000053, Acc: 97.5000, Loss: 0.0265
LR: 0.000053, Acc: 97.5000, Loss: 0.1002
LR: 0.000053, Acc: 100.0000, Loss: 0.0022
LR: 0.000052, Acc: 97.5000, Loss: 0.0291
LR: 0.000052, Acc: 97.5000, Loss: 0.0612
LR: 0.000052, Acc: 97.5000, Loss: 0.0543
LR: 0.000051, Acc: 100.0000, Loss: 0.0015
LR: 0.000051, Acc: 100.0000, Loss: 0.0137
LR: 0.000051, Acc: 100.0000, Loss: 0.0100
LR: 0.000051, Acc: 100.0000, Loss: 0.0130
LR: 0.000050, Acc: 100.0000, Loss: 0.0097
LR: 0.000050, Acc: 100.0000, Loss: 0.0149
LR: 0.000050, Acc: 100.0000, Loss: 0.0090
LR: 0.000050, Acc: 100.0000, Loss: 0.0204
LR: 0.000049, Acc: 97.5000, Loss: 0.0589
LR: 0.000049, Acc: 100.0000, Loss: 0.0024
LR: 0.000049, Acc: 100.0000, Loss: 0.0175
LR: 0.000049, Acc: 97.5000, Loss: 0.0468
LR: 0.000048, Acc: 100.0000, Loss: 0.0068
LR: 0.000048, Acc: 100.0000, Loss: 0.0235
LR: 0.000048, Acc: 100.0000, Loss: 0.0015
LR: 0.000047, Acc: 100.0000, Loss: 0.0024
LR: 0.000047, Acc: 100.0000, Loss: 0.0023
LR: 0.000047, Acc: 100.0000, Loss: 0.0063
LR: 0.000047, Acc: 100.0000, Loss: 0.0015
LR: 0.000046, Acc: 100.0000, Loss: 0.0063
LR: 0.000046, Acc: 100.0000, Loss: 0.0113
LR: 0.000046, Acc: 100.0000, Loss: 0.0009
LR: 0.000046, Acc: 100.0000, Loss: 0.0033
LR: 0.000045, Acc: 100.0000, Loss: 0.0054
LR: 0.000045, Acc: 100.0000, Loss: 0.0129
LR: 0.000045, Acc: 100.0000, Loss: 0.0112
LR: 0.000045, Acc: 100.0000, Loss: 0.0006
LR: 0.000044, Acc: 100.0000, Loss: 0.0045
LR: 0.000044, Acc: 100.0000, Loss: 0.0135
LR: 0.000044, Acc: 100.0000, Loss: 0.0012
LR: 0.000044, Acc: 100.0000, Loss: 0.0051
LR: 0.000043, Acc: 97.5000, Loss: 0.0292
LR: 0.000043, Acc: 97.5000, Loss: 0.0470
LR: 0.000043, Acc: 97.5000, Loss: 0.0214
LR: 0.000043, Acc: 100.0000, Loss: 0.0143
LR: 0.000042, Acc: 100.0000, Loss: 0.0076
LR: 0.000042, Acc: 100.0000, Loss: 0.0026
LR: 0.000042, Acc: 100.0000, Loss: 0.0008
LR: 0.000042, Acc: 100.0000, Loss: 0.0010
LR: 0.000041, Acc: 97.5000, Loss: 0.0341
LR: 0.000041, Acc: 100.0000, Loss: 0.0126
LR: 0.000041, Acc: 100.0000, Loss: 0.0057
LR: 0.000041, Acc: 100.0000, Loss: 0.0047
LR: 0.000040, Acc: 100.0000, Loss: 0.0007
LR: 0.000040, Acc: 100.0000, Loss: 0.0073
LR: 0.000040, Acc: 97.5000, Loss: 0.0319
LR: 0.000040, Acc: 97.5000, Loss: 0.0757
LR: 0.000039, Acc: 100.0000, Loss: 0.0187
LR: 0.000039, Acc: 100.0000, Loss: 0.0073
LR: 0.000039, Acc: 100.0000, Loss: 0.0022
LR: 0.000039, Acc: 100.0000, Loss: 0.0176
LR: 0.000038, Acc: 100.0000, Loss: 0.0015
LR: 0.000038, Acc: 100.0000, Loss: 0.0017
LR: 0.000038, Acc: 97.5000, Loss: 0.0863
LR: 0.000038, Acc: 100.0000, Loss: 0.0069
LR: 0.000037, Acc: 100.0000, Loss: 0.0078
LR: 0.000037, Acc: 100.0000, Loss: 0.0184
LR: 0.000037, Acc: 100.0000, Loss: 0.0031
LR: 0.000037, Acc: 100.0000, Loss: 0.0066
LR: 0.000036, Acc: 97.5000, Loss: 0.0335
LR: 0.000036, Acc: 100.0000, Loss: 0.0078
LR: 0.000036, Acc: 97.5000, Loss: 0.0209
LR: 0.000036, Acc: 97.5000, Loss: 0.0614
LR: 0.000035, Acc: 100.0000, Loss: 0.0043
LR: 0.000035, Acc: 100.0000, Loss: 0.0010
LR: 0.000035, Acc: 100.0000, Loss: 0.0024
LR: 0.000035, Acc: 100.0000, Loss: 0.0048
LR: 0.000034, Acc: 97.5000, Loss: 0.1027
LR: 0.000034, Acc: 100.0000, Loss: 0.0006
LR: 0.000034, Acc: 100.0000, Loss: 0.0016
LR: 0.000034, Acc: 100.0000, Loss: 0.0066
LR: 0.000034, Acc: 100.0000, Loss: 0.0215
LR: 0.000033, Acc: 97.5000, Loss: 0.0378
LR: 0.000033, Acc: 100.0000, Loss: 0.0046
LR: 0.000033, Acc: 100.0000, Loss: 0.0186
LR: 0.000033, Acc: 100.0000, Loss: 0.0125
LR: 0.000032, Acc: 100.0000, Loss: 0.0145
LR: 0.000032, Acc: 97.5000, Loss: 0.0929
LR: 0.000032, Acc: 100.0000, Loss: 0.0042
LR: 0.000032, Acc: 100.0000, Loss: 0.0021
LR: 0.000031, Acc: 97.5000, Loss: 0.0328
LR: 0.000031, Acc: 100.0000, Loss: 0.0122
LR: 0.000031, Acc: 100.0000, Loss: 0.0106
LR: 0.000031, Acc: 100.0000, Loss: 0.0160
LR: 0.000031, Acc: 100.0000, Loss: 0.0198
LR: 0.000030, Acc: 100.0000, Loss: 0.0056
LR: 0.000030, Acc: 100.0000, Loss: 0.0021
LR: 0.000030, Acc: 100.0000, Loss: 0.0010
LR: 0.000030, Acc: 97.5000, Loss: 0.0494
LR: 0.000029, Acc: 100.0000, Loss: 0.0200
LR: 0.000029, Acc: 100.0000, Loss: 0.0029
LR: 0.000029, Acc: 97.5000, Loss: 0.0278
LR: 0.000029, Acc: 100.0000, Loss: 0.0008
LR: 0.000029, Acc: 100.0000, Loss: 0.0190
LR: 0.000028, Acc: 100.0000, Loss: 0.0011
LR: 0.000028, Acc: 100.0000, Loss: 0.0038
LR: 0.000028, Acc: 100.0000, Loss: 0.0024
LR: 0.000028, Acc: 100.0000, Loss: 0.0095
LR: 0.000028, Acc: 100.0000, Loss: 0.0137
LR: 0.000027, Acc: 100.0000, Loss: 0.0023
LR: 0.000027, Acc: 100.0000, Loss: 0.0027
LR: 0.000027, Acc: 100.0000, Loss: 0.0044
LR: 0.000027, Acc: 100.0000, Loss: 0.0025
LR: 0.000026, Acc: 100.0000, Loss: 0.0042
LR: 0.000026, Acc: 100.0000, Loss: 0.0081
LR: 0.000026, Acc: 100.0000, Loss: 0.0087
LR: 0.000026, Acc: 97.5000, Loss: 0.1428
LR: 0.000026, Acc: 100.0000, Loss: 0.0026
LR: 0.000025, Acc: 97.5000, Loss: 0.0526
LR: 0.000025, Acc: 100.0000, Loss: 0.0052
LR: 0.000025, Acc: 100.0000, Loss: 0.0010
LR: 0.000025, Acc: 97.5000, Loss: 0.0410
LR: 0.000025, Acc: 100.0000, Loss: 0.0020
LR: 0.000024, Acc: 100.0000, Loss: 0.0115
LR: 0.000024, Acc: 100.0000, Loss: 0.0102
LR: 0.000024, Acc: 100.0000, Loss: 0.0017
LR: 0.000024, Acc: 100.0000, Loss: 0.0015
LR: 0.000024, Acc: 100.0000, Loss: 0.0038
LR: 0.000023, Acc: 97.5000, Loss: 0.0639
LR: 0.000023, Acc: 100.0000, Loss: 0.0021
LR: 0.000023, Acc: 100.0000, Loss: 0.0102
LR: 0.000023, Acc: 100.0000, Loss: 0.0017
LR: 0.000023, Acc: 100.0000, Loss: 0.0010
LR: 0.000022, Acc: 97.5000, Loss: 0.0370
LR: 0.000022, Acc: 100.0000, Loss: 0.0032
LR: 0.000022, Acc: 97.5000, Loss: 0.0310
LR: 0.000022, Acc: 100.0000, Loss: 0.0209
LR: 0.000022, Acc: 100.0000, Loss: 0.0014
LR: 0.000021, Acc: 100.0000, Loss: 0.0076
LR: 0.000021, Acc: 97.5000, Loss: 0.0314
LR: 0.000021, Acc: 100.0000, Loss: 0.0208
LR: 0.000021, Acc: 100.0000, Loss: 0.0187
LR: 0.000021, Acc: 100.0000, Loss: 0.0031
LR: 0.000021, Acc: 100.0000, Loss: 0.0024
LR: 0.000020, Acc: 100.0000, Loss: 0.0092
LR: 0.000020, Acc: 95.0000, Loss: 0.1230
LR: 0.000020, Acc: 100.0000, Loss: 0.0041
LR: 0.000020, Acc: 100.0000, Loss: 0.0020
LR: 0.000020, Acc: 97.5000, Loss: 0.0432
LR: 0.000019, Acc: 100.0000, Loss: 0.0132
LR: 0.000019, Acc: 97.5000, Loss: 0.0388
LR: 0.000019, Acc: 100.0000, Loss: 0.0008
LR: 0.000019, Acc: 100.0000, Loss: 0.0013
LR: 0.000019, Acc: 100.0000, Loss: 0.0062
LR: 0.000019, Acc: 100.0000, Loss: 0.0007
LR: 0.000018, Acc: 100.0000, Loss: 0.0037
LR: 0.000018, Acc: 97.5000, Loss: 0.0681
LR: 0.000018, Acc: 100.0000, Loss: 0.0005
LR: 0.000018, Acc: 100.0000, Loss: 0.0010
LR: 0.000018, Acc: 97.5000, Loss: 0.0355
LR: 0.000018, Acc: 100.0000, Loss: 0.0136
LR: 0.000017, Acc: 100.0000, Loss: 0.0070
LR: 0.000017, Acc: 100.0000, Loss: 0.0009
LR: 0.000017, Acc: 100.0000, Loss: 0.0069
LR: 0.000017, Acc: 100.0000, Loss: 0.0055
LR: 0.000017, Acc: 100.0000, Loss: 0.0012
LR: 0.000016, Acc: 100.0000, Loss: 0.0089
LR: 0.000016, Acc: 95.0000, Loss: 0.0827
LR: 0.000016, Acc: 100.0000, Loss: 0.0270
LR: 0.000016, Acc: 100.0000, Loss: 0.0026
LR: 0.000016, Acc: 100.0000, Loss: 0.0114
LR: 0.000016, Acc: 100.0000, Loss: 0.0028
LR: 0.000015, Acc: 100.0000, Loss: 0.0146
LR: 0.000015, Acc: 100.0000, Loss: 0.0021
LR: 0.000015, Acc: 100.0000, Loss: 0.0022
LR: 0.000015, Acc: 100.0000, Loss: 0.0084
LR: 0.000015, Acc: 100.0000, Loss: 0.0020
LR: 0.000015, Acc: 97.5000, Loss: 0.0449
LR: 0.000015, Acc: 100.0000, Loss: 0.0025
LR: 0.000014, Acc: 100.0000, Loss: 0.0019
LR: 0.000014, Acc: 100.0000, Loss: 0.0075
LR: 0.000014, Acc: 100.0000, Loss: 0.0026
LR: 0.000014, Acc: 100.0000, Loss: 0.0082
LR: 0.000014, Acc: 100.0000, Loss: 0.0017
LR: 0.000014, Acc: 100.0000, Loss: 0.0120
LR: 0.000013, Acc: 100.0000, Loss: 0.0022
LR: 0.000013, Acc: 100.0000, Loss: 0.0033
LR: 0.000013, Acc: 100.0000, Loss: 0.0006
LR: 0.000013, Acc: 100.0000, Loss: 0.0112
LR: 0.000013, Acc: 100.0000, Loss: 0.0118
LR: 0.000013, Acc: 100.0000, Loss: 0.0122
LR: 0.000013, Acc: 100.0000, Loss: 0.0025
LR: 0.000012, Acc: 100.0000, Loss: 0.0015
LR: 0.000012, Acc: 100.0000, Loss: 0.0028
LR: 0.000012, Acc: 100.0000, Loss: 0.0016
LR: 0.000012, Acc: 100.0000, Loss: 0.0163
LR: 0.000012, Acc: 100.0000, Loss: 0.0010
LR: 0.000012, Acc: 100.0000, Loss: 0.0021
LR: 0.000012, Acc: 100.0000, Loss: 0.0012
LR: 0.000011, Acc: 100.0000, Loss: 0.0142
LR: 0.000011, Acc: 97.5000, Loss: 0.0383
LR: 0.000011, Acc: 100.0000, Loss: 0.0019
LR: 0.000011, Acc: 100.0000, Loss: 0.0037
LR: 0.000011, Acc: 100.0000, Loss: 0.0149
LR: 0.000011, Acc: 100.0000, Loss: 0.0029
LR: 0.000011, Acc: 100.0000, Loss: 0.0049
LR: 0.000010, Acc: 100.0000, Loss: 0.0175
LR: 0.000010, Acc: 100.0000, Loss: 0.0040
LR: 0.000010, Acc: 100.0000, Loss: 0.0040
LR: 0.000010, Acc: 100.0000, Loss: 0.0060
LR: 0.000010, Acc: 97.5000, Loss: 0.0222
LR: 0.000010, Acc: 100.0000, Loss: 0.0011
LR: 0.000010, Acc: 97.5000, Loss: 0.0687
LR: 0.000010, Acc: 100.0000, Loss: 0.0034
LR: 0.000009, Acc: 100.0000, Loss: 0.0020
LR: 0.000009, Acc: 100.0000, Loss: 0.0285
LR: 0.000009, Acc: 100.0000, Loss: 0.0164
LR: 0.000009, Acc: 100.0000, Loss: 0.0019
LR: 0.000009, Acc: 97.5000, Loss: 0.0227
LR: 0.000009, Acc: 100.0000, Loss: 0.0019
LR: 0.000009, Acc: 100.0000, Loss: 0.0006
LR: 0.000009, Acc: 100.0000, Loss: 0.0007
LR: 0.000008, Acc: 97.5000, Loss: 0.0299
LR: 0.000008, Acc: 100.0000, Loss: 0.0017
LR: 0.000008, Acc: 100.0000, Loss: 0.0088
LR: 0.000008, Acc: 100.0000, Loss: 0.0186
LR: 0.000008, Acc: 100.0000, Loss: 0.0006
LR: 0.000008, Acc: 97.5000, Loss: 0.0226
LR: 0.000008, Acc: 100.0000, Loss: 0.0009
LR: 0.000008, Acc: 97.5000, Loss: 0.0333
LR: 0.000008, Acc: 100.0000, Loss: 0.0030
LR: 0.000007, Acc: 100.0000, Loss: 0.0055
LR: 0.000007, Acc: 97.5000, Loss: 0.0332
LR: 0.000007, Acc: 100.0000, Loss: 0.0019
LR: 0.000007, Acc: 100.0000, Loss: 0.0143
LR: 0.000007, Acc: 100.0000, Loss: 0.0022
LR: 0.000007, Acc: 100.0000, Loss: 0.0034
LR: 0.000007, Acc: 100.0000, Loss: 0.0011
LR: 0.000007, Acc: 100.0000, Loss: 0.0022
LR: 0.000007, Acc: 100.0000, Loss: 0.0031
LR: 0.000006, Acc: 97.5000, Loss: 0.0274
LR: 0.000006, Acc: 100.0000, Loss: 0.0096
LR: 0.000006, Acc: 100.0000, Loss: 0.0024
LR: 0.000006, Acc: 100.0000, Loss: 0.0168
LR: 0.000006, Acc: 100.0000, Loss: 0.0168
LR: 0.000006, Acc: 100.0000, Loss: 0.0027
LR: 0.000006, Acc: 97.5000, Loss: 0.0671
>>> Switching to ROUTER-ONLY finetuning <<<
LR: 0.000200, Acc: 97.5000, Loss: 0.0354
LR: 0.000200, Acc: 100.0000, Loss: 0.0007
LR: 0.000200, Acc: 97.5000, Loss: 0.0265
LR: 0.000199, Acc: 100.0000, Loss: 0.0007
LR: 0.000199, Acc: 100.0000, Loss: 0.0026
LR: 0.000198, Acc: 100.0000, Loss: 0.0112
LR: 0.000198, Acc: 100.0000, Loss: 0.0028
LR: 0.000197, Acc: 100.0000, Loss: 0.0025
LR: 0.000196, Acc: 100.0000, Loss: 0.0177
LR: 0.000195, Acc: 100.0000, Loss: 0.0019
LR: 0.000194, Acc: 100.0000, Loss: 0.0207
LR: 0.000193, Acc: 100.0000, Loss: 0.0181
LR: 0.000192, Acc: 100.0000, Loss: 0.0182
LR: 0.000191, Acc: 100.0000, Loss: 0.0008
LR: 0.000189, Acc: 100.0000, Loss: 0.0058
LR: 0.000188, Acc: 100.0000, Loss: 0.0028
LR: 0.000186, Acc: 100.0000, Loss: 0.0012
LR: 0.000185, Acc: 100.0000, Loss: 0.0006
LR: 0.000183, Acc: 97.5000, Loss: 0.0371
LR: 0.000181, Acc: 100.0000, Loss: 0.0028
LR: 0.000179, Acc: 97.5000, Loss: 0.0561
LR: 0.000177, Acc: 100.0000, Loss: 0.0111
LR: 0.000175, Acc: 100.0000, Loss: 0.0012
LR: 0.000173, Acc: 100.0000, Loss: 0.0235
LR: 0.000171, Acc: 100.0000, Loss: 0.0009
LR: 0.000169, Acc: 100.0000, Loss: 0.0015
LR: 0.000166, Acc: 97.5000, Loss: 0.0374
LR: 0.000164, Acc: 100.0000, Loss: 0.0006
LR: 0.000161, Acc: 100.0000, Loss: 0.0029
LR: 0.000159, Acc: 100.0000, Loss: 0.0019
LR: 0.000156, Acc: 100.0000, Loss: 0.0056
LR: 0.000154, Acc: 100.0000, Loss: 0.0021
LR: 0.000151, Acc: 100.0000, Loss: 0.0021
LR: 0.000148, Acc: 100.0000, Loss: 0.0008
LR: 0.000146, Acc: 97.5000, Loss: 0.0244
LR: 0.000143, Acc: 100.0000, Loss: 0.0013
LR: 0.000140, Acc: 100.0000, Loss: 0.0044
LR: 0.000137, Acc: 100.0000, Loss: 0.0088
LR: 0.000134, Acc: 100.0000, Loss: 0.0017
LR: 0.000131, Acc: 100.0000, Loss: 0.0065
LR: 0.000128, Acc: 97.5000, Loss: 0.0567
LR: 0.000125, Acc: 100.0000, Loss: 0.0258
LR: 0.000122, Acc: 100.0000, Loss: 0.0038
LR: 0.000119, Acc: 100.0000, Loss: 0.0005
LR: 0.000116, Acc: 100.0000, Loss: 0.0009
LR: 0.000113, Acc: 100.0000, Loss: 0.0035
LR: 0.000110, Acc: 100.0000, Loss: 0.0023
LR: 0.000107, Acc: 100.0000, Loss: 0.0046
LR: 0.000104, Acc: 100.0000, Loss: 0.0008
LR: 0.000100, Acc: 100.0000, Loss: 0.0074
LR: 0.000097, Acc: 100.0000, Loss: 0.0010
LR: 0.000094, Acc: 100.0000, Loss: 0.0009
LR: 0.000091, Acc: 100.0000, Loss: 0.0021
LR: 0.000088, Acc: 100.0000, Loss: 0.0037
LR: 0.000085, Acc: 100.0000, Loss: 0.0007
LR: 0.000082, Acc: 100.0000, Loss: 0.0091
LR: 0.000079, Acc: 100.0000, Loss: 0.0010
LR: 0.000076, Acc: 100.0000, Loss: 0.0006
LR: 0.000073, Acc: 100.0000, Loss: 0.0201
LR: 0.000070, Acc: 100.0000, Loss: 0.0008
LR: 0.000067, Acc: 100.0000, Loss: 0.0010
LR: 0.000064, Acc: 100.0000, Loss: 0.0041
LR: 0.000061, Acc: 100.0000, Loss: 0.0071
LR: 0.000058, Acc: 100.0000, Loss: 0.0008
LR: 0.000055, Acc: 100.0000, Loss: 0.0009
LR: 0.000053, Acc: 100.0000, Loss: 0.0005
LR: 0.000050, Acc: 100.0000, Loss: 0.0030
LR: 0.000047, Acc: 100.0000, Loss: 0.0018
LR: 0.000045, Acc: 100.0000, Loss: 0.0011
LR: 0.000042, Acc: 100.0000, Loss: 0.0133
LR: 0.000040, Acc: 100.0000, Loss: 0.0054
LR: 0.000037, Acc: 97.5000, Loss: 0.0416
LR: 0.000035, Acc: 100.0000, Loss: 0.0182
LR: 0.000032, Acc: 100.0000, Loss: 0.0054
LR: 0.000030, Acc: 100.0000, Loss: 0.0311
LR: 0.000028, Acc: 97.5000, Loss: 0.0290
LR: 0.000026, Acc: 100.0000, Loss: 0.0117
LR: 0.000024, Acc: 100.0000, Loss: 0.0008
LR: 0.000022, Acc: 100.0000, Loss: 0.0007
LR: 0.000020, Acc: 97.5000, Loss: 0.0970
LR: 0.000018, Acc: 100.0000, Loss: 0.0081
LR: 0.000016, Acc: 100.0000, Loss: 0.0023
LR: 0.000015, Acc: 100.0000, Loss: 0.0059
LR: 0.000013, Acc: 100.0000, Loss: 0.0059
LR: 0.000012, Acc: 100.0000, Loss: 0.0004
LR: 0.000010, Acc: 100.0000, Loss: 0.0227
LR: 0.000009, Acc: 100.0000, Loss: 0.0074
LR: 0.000008, Acc: 100.0000, Loss: 0.0093
LR: 0.000007, Acc: 100.0000, Loss: 0.0031
LR: 0.000006, Acc: 97.5000, Loss: 0.0295
LR: 0.000005, Acc: 100.0000, Loss: 0.0025
LR: 0.000004, Acc: 100.0000, Loss: 0.0020
LR: 0.000003, Acc: 100.0000, Loss: 0.0023
LR: 0.000003, Acc: 100.0000, Loss: 0.0011
LR: 0.000002, Acc: 100.0000, Loss: 0.0120
LR: 0.000002, Acc: 100.0000, Loss: 0.0032
LR: 0.000001, Acc: 100.0000, Loss: 0.0030
LR: 0.000001, Acc: 100.0000, Loss: 0.0031
LR: 0.000001, Acc: 100.0000, Loss: 0.0124
**** Final test accuracy: 88.74. ****

LoRA weights saved to weights/vitb16/eurosat/4shots/2experts/seed1/CLIP-MoLE_eurosat.pt
