created virtual environment CPython3.10.13.final.0-64 in 541ms
  creator CPython3Posix(dest=/localscratch/pedro36.57070904.0/env, clear=False, no_vcs_ignore=False, global=False)
  seeder FromAppData(download=False, pip=bundle, setuptools=bundle, wheel=bundle, via=copy, app_data_dir=/home/pedro36/.local/share/virtualenv)
    added seed packages: pip==25.1.1, setuptools==80.7.1, wheel==0.45.1+computecanada
  activators BashActivator,CShellActivator,FishActivator,NushellActivator,PowerShellActivator,PythonActivator
Looking in links: /cvmfs/soft.computecanada.ca/custom/python/wheelhouse/gentoo2023/x86-64-v4, /cvmfs/soft.computecanada.ca/custom/python/wheelhouse/gentoo2023/x86-64-v3, /cvmfs/soft.computecanada.ca/custom/python/wheelhouse/gentoo2023/generic, /cvmfs/soft.computecanada.ca/custom/python/wheelhouse/generic
Requirement already satisfied: pip in /localscratch/pedro36.57070904.0/env/lib/python3.10/site-packages (25.1.1)
Looking in links: /cvmfs/soft.computecanada.ca/custom/python/wheelhouse/gentoo2023/x86-64-v4, /cvmfs/soft.computecanada.ca/custom/python/wheelhouse/gentoo2023/x86-64-v3, /cvmfs/soft.computecanada.ca/custom/python/wheelhouse/gentoo2023/generic, /cvmfs/soft.computecanada.ca/custom/python/wheelhouse/generic
Processing /cvmfs/soft.computecanada.ca/custom/python/wheelhouse/gentoo2023/x86-64-v3/torch-2.6.0+computecanada-cp310-cp310-linux_x86_64.whl
Processing /cvmfs/soft.computecanada.ca/custom/python/wheelhouse/gentoo2023/generic/torchvision-0.21.0+computecanada-cp310-cp310-linux_x86_64.whl
Processing /cvmfs/soft.computecanada.ca/custom/python/wheelhouse/gentoo2023/x86-64-v3/torchaudio-2.6.0+computecanada-cp310-cp310-linux_x86_64.whl
Processing /cvmfs/soft.computecanada.ca/custom/python/wheelhouse/generic/ftfy-6.3.0+computecanada-py3-none-any.whl
Processing /cvmfs/soft.computecanada.ca/custom/python/wheelhouse/gentoo2023/generic/scipy-1.15.1+computecanada-cp310-cp310-linux_x86_64.whl
Processing /cvmfs/soft.computecanada.ca/custom/python/wheelhouse/generic/regex-2024.9.11+computecanada-cp310-cp310-linux_x86_64.whl
Processing /cvmfs/soft.computecanada.ca/custom/python/wheelhouse/generic/tqdm-4.67.1+computecanada-py3-none-any.whl
Processing /cvmfs/soft.computecanada.ca/custom/python/wheelhouse/generic/gdown-5.2.0+computecanada-py3-none-any.whl
Processing /cvmfs/soft.computecanada.ca/custom/python/wheelhouse/gentoo2023/x86-64-v3/pandas-2.2.3+computecanada-cp310-cp310-linux_x86_64.whl
Processing /cvmfs/soft.computecanada.ca/custom/python/wheelhouse/generic/filelock-3.18.0+computecanada-py3-none-any.whl (from torch)
Processing /cvmfs/soft.computecanada.ca/custom/python/wheelhouse/generic/typing_extensions-4.14.0+computecanada-py3-none-any.whl (from torch)
Processing /cvmfs/soft.computecanada.ca/custom/python/wheelhouse/generic/networkx-3.5+computecanada-py3-none-any.whl (from torch)
Processing /cvmfs/soft.computecanada.ca/custom/python/wheelhouse/generic/jinja2-3.1.6+computecanada-py3-none-any.whl (from torch)
Processing /cvmfs/soft.computecanada.ca/custom/python/wheelhouse/generic/fsspec-2025.5.1+computecanada-py3-none-any.whl (from torch)
Processing /cvmfs/soft.computecanada.ca/custom/python/wheelhouse/generic/sympy-1.13.1+computecanada-py3-none-any.whl (from torch)
Processing /cvmfs/soft.computecanada.ca/custom/python/wheelhouse/generic/mpmath-1.3.0+computecanada-py3-none-any.whl (from sympy==1.13.1->torch)
Processing /cvmfs/soft.computecanada.ca/custom/python/wheelhouse/gentoo2023/generic/numpy-2.2.2+computecanada-cp310-cp310-linux_x86_64.whl (from torchvision)
Processing /cvmfs/soft.computecanada.ca/custom/python/wheelhouse/gentoo2023/x86-64-v3/Pillow_SIMD-9.5.0.post2+computecanada-cp310-cp310-linux_x86_64.whl (from torchvision)
Processing /cvmfs/soft.computecanada.ca/custom/python/wheelhouse/generic/wcwidth-0.2.13+computecanada-py2.py3-none-any.whl (from ftfy)
Processing /cvmfs/soft.computecanada.ca/custom/python/wheelhouse/generic/beautifulsoup4-4.13.4+computecanada-py3-none-any.whl (from gdown)
Processing /cvmfs/soft.computecanada.ca/custom/python/wheelhouse/generic/requests-2.32.4+computecanada-py3-none-any.whl (from gdown)
Processing /cvmfs/soft.computecanada.ca/custom/python/wheelhouse/generic/python_dateutil-2.9.0.post0+computecanada-py2.py3-none-any.whl (from pandas)
Processing /cvmfs/soft.computecanada.ca/custom/python/wheelhouse/generic/pytz-2025.2+computecanada-py2.py3-none-any.whl (from pandas)
Processing /cvmfs/soft.computecanada.ca/custom/python/wheelhouse/generic/tzdata-2025.2+computecanada-py2.py3-none-any.whl (from pandas)
Processing /cvmfs/soft.computecanada.ca/custom/python/wheelhouse/generic/six-1.17.0+computecanada-py2.py3-none-any.whl (from python-dateutil>=2.8.2->pandas)
Processing /cvmfs/soft.computecanada.ca/custom/python/wheelhouse/generic/soupsieve-2.7+computecanada-py3-none-any.whl (from beautifulsoup4->gdown)
Processing /cvmfs/soft.computecanada.ca/custom/python/wheelhouse/generic/MarkupSafe-2.1.5+computecanada-cp310-cp310-linux_x86_64.whl (from jinja2->torch)
INFO: pip is looking at multiple versions of networkx to determine which version is compatible with other requirements. This could take a while.
Processing /cvmfs/soft.computecanada.ca/custom/python/wheelhouse/generic/networkx-3.4.2+computecanada-py3-none-any.whl (from torch)
Processing /cvmfs/soft.computecanada.ca/custom/python/wheelhouse/generic/charset_normalizer-3.4.2+computecanada-py3-none-any.whl (from requests[socks]->gdown)
Processing /cvmfs/soft.computecanada.ca/custom/python/wheelhouse/generic/idna-3.10+computecanada-py3-none-any.whl (from requests[socks]->gdown)
Processing /cvmfs/soft.computecanada.ca/custom/python/wheelhouse/generic/urllib3-2.5.0+computecanada-py3-none-any.whl (from requests[socks]->gdown)
Processing /cvmfs/soft.computecanada.ca/custom/python/wheelhouse/generic/certifi-2025.6.15+computecanada-py3-none-any.whl (from requests[socks]->gdown)
Processing /cvmfs/soft.computecanada.ca/custom/python/wheelhouse/generic/PySocks-1.7.1+computecanada-py3-none-any.whl (from requests[socks]->gdown)
Installing collected packages: wcwidth, pytz, mpmath, urllib3, tzdata, typing-extensions, tqdm, sympy, soupsieve, six, regex, PySocks, pillow-simd, numpy, networkx, MarkupSafe, idna, ftfy, fsspec, filelock, charset-normalizer, certifi, scipy, requests, python-dateutil, jinja2, beautifulsoup4, torch, pandas, torchvision, torchaudio, gdown

Successfully installed MarkupSafe-2.1.5+computecanada PySocks-1.7.1+computecanada beautifulsoup4-4.13.4+computecanada certifi-2025.6.15+computecanada charset-normalizer-3.4.2+computecanada filelock-3.18.0+computecanada fsspec-2025.5.1+computecanada ftfy-6.3.0+computecanada gdown-5.2.0+computecanada idna-3.10+computecanada jinja2-3.1.6+computecanada mpmath-1.3.0+computecanada networkx-3.4.2+computecanada numpy-2.2.2+computecanada pandas-2.2.3+computecanada pillow-simd-9.5.0.post2+computecanada python-dateutil-2.9.0.post0+computecanada pytz-2025.2+computecanada regex-2024.9.11+computecanada requests-2.32.4+computecanada scipy-1.15.1+computecanada six-1.17.0+computecanada soupsieve-2.7+computecanada sympy-1.13.1+computecanada torch-2.6.0+computecanada torchaudio-2.6.0+computecanada torchvision-0.21.0+computecanada tqdm-4.67.1+computecanada typing-extensions-4.14.0+computecanada tzdata-2025.2+computecanada urllib3-2.5.0+computecanada wcwidth-0.2.13+computecanada
Preparing dataset.
Reading split from /home/pedro36/projects/def-leszek/pedro36/datasets/DATA/OxfordPets/split_zhou_OxfordPets.json
Creating a 4-shot dataset
Creating a 4-shot dataset

Getting textual features as CLIP's classifier.

Loading visual features and labels from val set.

Loading visual features and labels from test set.

**** Zero-shot CLIP's test accuracy: 88.20. ****

Residual Attention Block 0: ResidualAttentionBlock(
  (attn): MultiheadAttention(
    (out_proj): NonDynamicallyQuantizableLinear(in_features=512, out_features=512, bias=True)
  )
  (ln_1): LayerNorm((512,), eps=1e-05, elementwise_affine=True)
  (mlp): Sequential(
    (c_fc): Linear(in_features=512, out_features=2048, bias=True)
    (gelu): QuickGELU()
    (c_proj): Linear(in_features=2048, out_features=512, bias=True)
  )
  (ln_2): LayerNorm((512,), eps=1e-05, elementwise_affine=True)
)
Residual Attention Block 1: ResidualAttentionBlock(
  (attn): MultiheadAttention(
    (out_proj): NonDynamicallyQuantizableLinear(in_features=512, out_features=512, bias=True)
  )
  (ln_1): LayerNorm((512,), eps=1e-05, elementwise_affine=True)
  (mlp): Sequential(
    (c_fc): Linear(in_features=512, out_features=2048, bias=True)
    (gelu): QuickGELU()
    (c_proj): Linear(in_features=2048, out_features=512, bias=True)
  )
  (ln_2): LayerNorm((512,), eps=1e-05, elementwise_affine=True)
)
Residual Attention Block 2: ResidualAttentionBlock(
  (attn): MultiheadAttention(
    (out_proj): NonDynamicallyQuantizableLinear(in_features=512, out_features=512, bias=True)
  )
  (ln_1): LayerNorm((512,), eps=1e-05, elementwise_affine=True)
  (mlp): Sequential(
    (c_fc): Linear(in_features=512, out_features=2048, bias=True)
    (gelu): QuickGELU()
    (c_proj): Linear(in_features=2048, out_features=512, bias=True)
  )
  (ln_2): LayerNorm((512,), eps=1e-05, elementwise_affine=True)
)
Residual Attention Block 3: ResidualAttentionBlock(
  (attn): MultiheadAttention(
    (out_proj): NonDynamicallyQuantizableLinear(in_features=512, out_features=512, bias=True)
  )
  (ln_1): LayerNorm((512,), eps=1e-05, elementwise_affine=True)
  (mlp): Sequential(
    (c_fc): Linear(in_features=512, out_features=2048, bias=True)
    (gelu): QuickGELU()
    (c_proj): Linear(in_features=2048, out_features=512, bias=True)
  )
  (ln_2): LayerNorm((512,), eps=1e-05, elementwise_affine=True)
)
Residual Attention Block 4: ResidualAttentionBlock(
  (attn): MultiheadAttention(
    (out_proj): NonDynamicallyQuantizableLinear(in_features=512, out_features=512, bias=True)
  )
  (ln_1): LayerNorm((512,), eps=1e-05, elementwise_affine=True)
  (mlp): Sequential(
    (c_fc): Linear(in_features=512, out_features=2048, bias=True)
    (gelu): QuickGELU()
    (c_proj): Linear(in_features=2048, out_features=512, bias=True)
  )
  (ln_2): LayerNorm((512,), eps=1e-05, elementwise_affine=True)
)
Residual Attention Block 5: ResidualAttentionBlock(
  (attn): MultiheadAttention(
    (out_proj): NonDynamicallyQuantizableLinear(in_features=512, out_features=512, bias=True)
  )
  (ln_1): LayerNorm((512,), eps=1e-05, elementwise_affine=True)
  (mlp): Sequential(
    (c_fc): Linear(in_features=512, out_features=2048, bias=True)
    (gelu): QuickGELU()
    (c_proj): Linear(in_features=2048, out_features=512, bias=True)
  )
  (ln_2): LayerNorm((512,), eps=1e-05, elementwise_affine=True)
)
Residual Attention Block 6: ResidualAttentionBlock(
  (attn): MultiheadAttention(
    (out_proj): NonDynamicallyQuantizableLinear(in_features=512, out_features=512, bias=True)
  )
  (ln_1): LayerNorm((512,), eps=1e-05, elementwise_affine=True)
  (mlp): Sequential(
    (c_fc): Linear(in_features=512, out_features=2048, bias=True)
    (gelu): QuickGELU()
    (c_proj): Linear(in_features=2048, out_features=512, bias=True)
  )
  (ln_2): LayerNorm((512,), eps=1e-05, elementwise_affine=True)
)
Residual Attention Block 7: ResidualAttentionBlock(
  (attn): MultiheadAttention(
    (out_proj): NonDynamicallyQuantizableLinear(in_features=512, out_features=512, bias=True)
  )
  (ln_1): LayerNorm((512,), eps=1e-05, elementwise_affine=True)
  (mlp): Sequential(
    (c_fc): Linear(in_features=512, out_features=2048, bias=True)
    (gelu): QuickGELU()
    (c_proj): Linear(in_features=2048, out_features=512, bias=True)
  )
  (ln_2): LayerNorm((512,), eps=1e-05, elementwise_affine=True)
)
Residual Attention Block 8: ResidualAttentionBlock(
  (attn): MultiheadAttention(
    (out_proj): NonDynamicallyQuantizableLinear(in_features=512, out_features=512, bias=True)
  )
  (ln_1): LayerNorm((512,), eps=1e-05, elementwise_affine=True)
  (mlp): Sequential(
    (c_fc): Linear(in_features=512, out_features=2048, bias=True)
    (gelu): QuickGELU()
    (c_proj): Linear(in_features=2048, out_features=512, bias=True)
  )
  (ln_2): LayerNorm((512,), eps=1e-05, elementwise_affine=True)
)
Residual Attention Block 9: ResidualAttentionBlock(
  (attn): MultiheadAttention(
    (out_proj): NonDynamicallyQuantizableLinear(in_features=512, out_features=512, bias=True)
  )
  (ln_1): LayerNorm((512,), eps=1e-05, elementwise_affine=True)
  (mlp): Sequential(
    (c_fc): Linear(in_features=512, out_features=2048, bias=True)
    (gelu): QuickGELU()
    (c_proj): Linear(in_features=2048, out_features=512, bias=True)
  )
  (ln_2): LayerNorm((512,), eps=1e-05, elementwise_affine=True)
)
Residual Attention Block 10: ResidualAttentionBlock(
  (attn): MultiheadAttention(
    (out_proj): NonDynamicallyQuantizableLinear(in_features=512, out_features=512, bias=True)
  )
  (ln_1): LayerNorm((512,), eps=1e-05, elementwise_affine=True)
  (mlp): Sequential(
    (c_fc): Linear(in_features=512, out_features=2048, bias=True)
    (gelu): QuickGELU()
    (c_proj): Linear(in_features=2048, out_features=512, bias=True)
  )
  (ln_2): LayerNorm((512,), eps=1e-05, elementwise_affine=True)
)
Residual Attention Block 11: ResidualAttentionBlock(
  (attn): MultiheadAttention(
    (out_proj): NonDynamicallyQuantizableLinear(in_features=512, out_features=512, bias=True)
  )
  (ln_1): LayerNorm((512,), eps=1e-05, elementwise_affine=True)
  (mlp): Sequential(
    (c_fc): Linear(in_features=512, out_features=2048, bias=True)
    (gelu): QuickGELU()
    (c_proj): Linear(in_features=2048, out_features=512, bias=True)
  )
  (ln_2): LayerNorm((512,), eps=1e-05, elementwise_affine=True)
)
Residual Attention Block 0: ResidualAttentionBlock(
  (attn): MultiheadAttention(
    (out_proj): NonDynamicallyQuantizableLinear(in_features=768, out_features=768, bias=True)
  )
  (ln_1): LayerNorm((768,), eps=1e-05, elementwise_affine=True)
  (mlp): Sequential(
    (c_fc): Linear(in_features=768, out_features=3072, bias=True)
    (gelu): QuickGELU()
    (c_proj): Linear(in_features=3072, out_features=768, bias=True)
  )
  (ln_2): LayerNorm((768,), eps=1e-05, elementwise_affine=True)
)
Residual Attention Block 1: ResidualAttentionBlock(
  (attn): MultiheadAttention(
    (out_proj): NonDynamicallyQuantizableLinear(in_features=768, out_features=768, bias=True)
  )
  (ln_1): LayerNorm((768,), eps=1e-05, elementwise_affine=True)
  (mlp): Sequential(
    (c_fc): Linear(in_features=768, out_features=3072, bias=True)
    (gelu): QuickGELU()
    (c_proj): Linear(in_features=3072, out_features=768, bias=True)
  )
  (ln_2): LayerNorm((768,), eps=1e-05, elementwise_affine=True)
)
Residual Attention Block 2: ResidualAttentionBlock(
  (attn): MultiheadAttention(
    (out_proj): NonDynamicallyQuantizableLinear(in_features=768, out_features=768, bias=True)
  )
  (ln_1): LayerNorm((768,), eps=1e-05, elementwise_affine=True)
  (mlp): Sequential(
    (c_fc): Linear(in_features=768, out_features=3072, bias=True)
    (gelu): QuickGELU()
    (c_proj): Linear(in_features=3072, out_features=768, bias=True)
  )
  (ln_2): LayerNorm((768,), eps=1e-05, elementwise_affine=True)
)
Residual Attention Block 3: ResidualAttentionBlock(
  (attn): MultiheadAttention(
    (out_proj): NonDynamicallyQuantizableLinear(in_features=768, out_features=768, bias=True)
  )
  (ln_1): LayerNorm((768,), eps=1e-05, elementwise_affine=True)
  (mlp): Sequential(
    (c_fc): Linear(in_features=768, out_features=3072, bias=True)
    (gelu): QuickGELU()
    (c_proj): Linear(in_features=3072, out_features=768, bias=True)
  )
  (ln_2): LayerNorm((768,), eps=1e-05, elementwise_affine=True)
)
Residual Attention Block 4: ResidualAttentionBlock(
  (attn): MultiheadAttention(
    (out_proj): NonDynamicallyQuantizableLinear(in_features=768, out_features=768, bias=True)
  )
  (ln_1): LayerNorm((768,), eps=1e-05, elementwise_affine=True)
  (mlp): Sequential(
    (c_fc): Linear(in_features=768, out_features=3072, bias=True)
    (gelu): QuickGELU()
    (c_proj): Linear(in_features=3072, out_features=768, bias=True)
  )
  (ln_2): LayerNorm((768,), eps=1e-05, elementwise_affine=True)
)
Residual Attention Block 5: ResidualAttentionBlock(
  (attn): MultiheadAttention(
    (out_proj): NonDynamicallyQuantizableLinear(in_features=768, out_features=768, bias=True)
  )
  (ln_1): LayerNorm((768,), eps=1e-05, elementwise_affine=True)
  (mlp): Sequential(
    (c_fc): Linear(in_features=768, out_features=3072, bias=True)
    (gelu): QuickGELU()
    (c_proj): Linear(in_features=3072, out_features=768, bias=True)
  )
  (ln_2): LayerNorm((768,), eps=1e-05, elementwise_affine=True)
)
Residual Attention Block 6: ResidualAttentionBlock(
  (attn): MultiheadAttention(
    (out_proj): NonDynamicallyQuantizableLinear(in_features=768, out_features=768, bias=True)
  )
  (ln_1): LayerNorm((768,), eps=1e-05, elementwise_affine=True)
  (mlp): Sequential(
    (c_fc): Linear(in_features=768, out_features=3072, bias=True)
    (gelu): QuickGELU()
    (c_proj): Linear(in_features=3072, out_features=768, bias=True)
  )
  (ln_2): LayerNorm((768,), eps=1e-05, elementwise_affine=True)
)
Residual Attention Block 7: ResidualAttentionBlock(
  (attn): MultiheadAttention(
    (out_proj): NonDynamicallyQuantizableLinear(in_features=768, out_features=768, bias=True)
  )
  (ln_1): LayerNorm((768,), eps=1e-05, elementwise_affine=True)
  (mlp): Sequential(
    (c_fc): Linear(in_features=768, out_features=3072, bias=True)
    (gelu): QuickGELU()
    (c_proj): Linear(in_features=3072, out_features=768, bias=True)
  )
  (ln_2): LayerNorm((768,), eps=1e-05, elementwise_affine=True)
)
Residual Attention Block 8: ResidualAttentionBlock(
  (attn): MultiheadAttention(
    (out_proj): NonDynamicallyQuantizableLinear(in_features=768, out_features=768, bias=True)
  )
  (ln_1): LayerNorm((768,), eps=1e-05, elementwise_affine=True)
  (mlp): Sequential(
    (c_fc): Linear(in_features=768, out_features=3072, bias=True)
    (gelu): QuickGELU()
    (c_proj): Linear(in_features=3072, out_features=768, bias=True)
  )
  (ln_2): LayerNorm((768,), eps=1e-05, elementwise_affine=True)
)
Residual Attention Block 9: ResidualAttentionBlock(
  (attn): MultiheadAttention(
    (out_proj): NonDynamicallyQuantizableLinear(in_features=768, out_features=768, bias=True)
  )
  (ln_1): LayerNorm((768,), eps=1e-05, elementwise_affine=True)
  (mlp): Sequential(
    (c_fc): Linear(in_features=768, out_features=3072, bias=True)
    (gelu): QuickGELU()
    (c_proj): Linear(in_features=3072, out_features=768, bias=True)
  )
  (ln_2): LayerNorm((768,), eps=1e-05, elementwise_affine=True)
)
Residual Attention Block 10: ResidualAttentionBlock(
  (attn): MultiheadAttention(
    (out_proj): NonDynamicallyQuantizableLinear(in_features=768, out_features=768, bias=True)
  )
  (ln_1): LayerNorm((768,), eps=1e-05, elementwise_affine=True)
  (mlp): Sequential(
    (c_fc): Linear(in_features=768, out_features=3072, bias=True)
    (gelu): QuickGELU()
    (c_proj): Linear(in_features=3072, out_features=768, bias=True)
  )
  (ln_2): LayerNorm((768,), eps=1e-05, elementwise_affine=True)
)
Residual Attention Block 11: ResidualAttentionBlock(
  (attn): MultiheadAttention(
    (out_proj): NonDynamicallyQuantizableLinear(in_features=768, out_features=768, bias=True)
  )
  (ln_1): LayerNorm((768,), eps=1e-05, elementwise_affine=True)
  (mlp): Sequential(
    (c_fc): Linear(in_features=768, out_features=3072, bias=True)
    (gelu): QuickGELU()
    (c_proj): Linear(in_features=3072, out_features=768, bias=True)
  )
  (ln_2): LayerNorm((768,), eps=1e-05, elementwise_affine=True)
)
Trainable parameters: ['visual.transformer.resblocks.0.attn.q_proj.router.gate.weight', 'visual.transformer.resblocks.0.attn.q_proj.experts.0.w_lora_A', 'visual.transformer.resblocks.0.attn.q_proj.experts.0.w_lora_B', 'visual.transformer.resblocks.0.attn.q_proj.experts.1.w_lora_A', 'visual.transformer.resblocks.0.attn.q_proj.experts.1.w_lora_B', 'visual.transformer.resblocks.0.attn.q_proj.experts.2.w_lora_A', 'visual.transformer.resblocks.0.attn.q_proj.experts.2.w_lora_B', 'visual.transformer.resblocks.0.attn.q_proj.experts.3.w_lora_A', 'visual.transformer.resblocks.0.attn.q_proj.experts.3.w_lora_B', 'visual.transformer.resblocks.0.attn.q_proj.experts.4.w_lora_A', 'visual.transformer.resblocks.0.attn.q_proj.experts.4.w_lora_B', 'visual.transformer.resblocks.0.attn.q_proj.experts.5.w_lora_A', 'visual.transformer.resblocks.0.attn.q_proj.experts.5.w_lora_B', 'visual.transformer.resblocks.0.attn.k_proj.router.gate.weight', 'visual.transformer.resblocks.0.attn.k_proj.experts.0.w_lora_A', 'visual.transformer.resblocks.0.attn.k_proj.experts.0.w_lora_B', 'visual.transformer.resblocks.0.attn.k_proj.experts.1.w_lora_A', 'visual.transformer.resblocks.0.attn.k_proj.experts.1.w_lora_B', 'visual.transformer.resblocks.0.attn.k_proj.experts.2.w_lora_A', 'visual.transformer.resblocks.0.attn.k_proj.experts.2.w_lora_B', 'visual.transformer.resblocks.0.attn.k_proj.experts.3.w_lora_A', 'visual.transformer.resblocks.0.attn.k_proj.experts.3.w_lora_B', 'visual.transformer.resblocks.0.attn.k_proj.experts.4.w_lora_A', 'visual.transformer.resblocks.0.attn.k_proj.experts.4.w_lora_B', 'visual.transformer.resblocks.0.attn.k_proj.experts.5.w_lora_A', 'visual.transformer.resblocks.0.attn.k_proj.experts.5.w_lora_B', 'visual.transformer.resblocks.0.attn.v_proj.router.gate.weight', 'visual.transformer.resblocks.0.attn.v_proj.experts.0.w_lora_A', 'visual.transformer.resblocks.0.attn.v_proj.experts.0.w_lora_B', 'visual.transformer.resblocks.0.attn.v_proj.experts.1.w_lora_A', 'visual.transformer.resblocks.0.attn.v_proj.experts.1.w_lora_B', 'visual.transformer.resblocks.0.attn.v_proj.experts.2.w_lora_A', 'visual.transformer.resblocks.0.attn.v_proj.experts.2.w_lora_B', 'visual.transformer.resblocks.0.attn.v_proj.experts.3.w_lora_A', 'visual.transformer.resblocks.0.attn.v_proj.experts.3.w_lora_B', 'visual.transformer.resblocks.0.attn.v_proj.experts.4.w_lora_A', 'visual.transformer.resblocks.0.attn.v_proj.experts.4.w_lora_B', 'visual.transformer.resblocks.0.attn.v_proj.experts.5.w_lora_A', 'visual.transformer.resblocks.0.attn.v_proj.experts.5.w_lora_B', 'visual.transformer.resblocks.1.attn.q_proj.router.gate.weight', 'visual.transformer.resblocks.1.attn.q_proj.experts.0.w_lora_A', 'visual.transformer.resblocks.1.attn.q_proj.experts.0.w_lora_B', 'visual.transformer.resblocks.1.attn.q_proj.experts.1.w_lora_A', 'visual.transformer.resblocks.1.attn.q_proj.experts.1.w_lora_B', 'visual.transformer.resblocks.1.attn.q_proj.experts.2.w_lora_A', 'visual.transformer.resblocks.1.attn.q_proj.experts.2.w_lora_B', 'visual.transformer.resblocks.1.attn.q_proj.experts.3.w_lora_A', 'visual.transformer.resblocks.1.attn.q_proj.experts.3.w_lora_B', 'visual.transformer.resblocks.1.attn.q_proj.experts.4.w_lora_A', 'visual.transformer.resblocks.1.attn.q_proj.experts.4.w_lora_B', 'visual.transformer.resblocks.1.attn.q_proj.experts.5.w_lora_A', 'visual.transformer.resblocks.1.attn.q_proj.experts.5.w_lora_B', 'visual.transformer.resblocks.1.attn.k_proj.router.gate.weight', 'visual.transformer.resblocks.1.attn.k_proj.experts.0.w_lora_A', 'visual.transformer.resblocks.1.attn.k_proj.experts.0.w_lora_B', 'visual.transformer.resblocks.1.attn.k_proj.experts.1.w_lora_A', 'visual.transformer.resblocks.1.attn.k_proj.experts.1.w_lora_B', 'visual.transformer.resblocks.1.attn.k_proj.experts.2.w_lora_A', 'visual.transformer.resblocks.1.attn.k_proj.experts.2.w_lora_B', 'visual.transformer.resblocks.1.attn.k_proj.experts.3.w_lora_A', 'visual.transformer.resblocks.1.attn.k_proj.experts.3.w_lora_B', 'visual.transformer.resblocks.1.attn.k_proj.experts.4.w_lora_A', 'visual.transformer.resblocks.1.attn.k_proj.experts.4.w_lora_B', 'visual.transformer.resblocks.1.attn.k_proj.experts.5.w_lora_A', 'visual.transformer.resblocks.1.attn.k_proj.experts.5.w_lora_B', 'visual.transformer.resblocks.1.attn.v_proj.router.gate.weight', 'visual.transformer.resblocks.1.attn.v_proj.experts.0.w_lora_A', 'visual.transformer.resblocks.1.attn.v_proj.experts.0.w_lora_B', 'visual.transformer.resblocks.1.attn.v_proj.experts.1.w_lora_A', 'visual.transformer.resblocks.1.attn.v_proj.experts.1.w_lora_B', 'visual.transformer.resblocks.1.attn.v_proj.experts.2.w_lora_A', 'visual.transformer.resblocks.1.attn.v_proj.experts.2.w_lora_B', 'visual.transformer.resblocks.1.attn.v_proj.experts.3.w_lora_A', 'visual.transformer.resblocks.1.attn.v_proj.experts.3.w_lora_B', 'visual.transformer.resblocks.1.attn.v_proj.experts.4.w_lora_A', 'visual.transformer.resblocks.1.attn.v_proj.experts.4.w_lora_B', 'visual.transformer.resblocks.1.attn.v_proj.experts.5.w_lora_A', 'visual.transformer.resblocks.1.attn.v_proj.experts.5.w_lora_B', 'visual.transformer.resblocks.2.attn.q_proj.router.gate.weight', 'visual.transformer.resblocks.2.attn.q_proj.experts.0.w_lora_A', 'visual.transformer.resblocks.2.attn.q_proj.experts.0.w_lora_B', 'visual.transformer.resblocks.2.attn.q_proj.experts.1.w_lora_A', 'visual.transformer.resblocks.2.attn.q_proj.experts.1.w_lora_B', 'visual.transformer.resblocks.2.attn.q_proj.experts.2.w_lora_A', 'visual.transformer.resblocks.2.attn.q_proj.experts.2.w_lora_B', 'visual.transformer.resblocks.2.attn.q_proj.experts.3.w_lora_A', 'visual.transformer.resblocks.2.attn.q_proj.experts.3.w_lora_B', 'visual.transformer.resblocks.2.attn.q_proj.experts.4.w_lora_A', 'visual.transformer.resblocks.2.attn.q_proj.experts.4.w_lora_B', 'visual.transformer.resblocks.2.attn.q_proj.experts.5.w_lora_A', 'visual.transformer.resblocks.2.attn.q_proj.experts.5.w_lora_B', 'visual.transformer.resblocks.2.attn.k_proj.router.gate.weight', 'visual.transformer.resblocks.2.attn.k_proj.experts.0.w_lora_A', 'visual.transformer.resblocks.2.attn.k_proj.experts.0.w_lora_B', 'visual.transformer.resblocks.2.attn.k_proj.experts.1.w_lora_A', 'visual.transformer.resblocks.2.attn.k_proj.experts.1.w_lora_B', 'visual.transformer.resblocks.2.attn.k_proj.experts.2.w_lora_A', 'visual.transformer.resblocks.2.attn.k_proj.experts.2.w_lora_B', 'visual.transformer.resblocks.2.attn.k_proj.experts.3.w_lora_A', 'visual.transformer.resblocks.2.attn.k_proj.experts.3.w_lora_B', 'visual.transformer.resblocks.2.attn.k_proj.experts.4.w_lora_A', 'visual.transformer.resblocks.2.attn.k_proj.experts.4.w_lora_B', 'visual.transformer.resblocks.2.attn.k_proj.experts.5.w_lora_A', 'visual.transformer.resblocks.2.attn.k_proj.experts.5.w_lora_B', 'visual.transformer.resblocks.2.attn.v_proj.router.gate.weight', 'visual.transformer.resblocks.2.attn.v_proj.experts.0.w_lora_A', 'visual.transformer.resblocks.2.attn.v_proj.experts.0.w_lora_B', 'visual.transformer.resblocks.2.attn.v_proj.experts.1.w_lora_A', 'visual.transformer.resblocks.2.attn.v_proj.experts.1.w_lora_B', 'visual.transformer.resblocks.2.attn.v_proj.experts.2.w_lora_A', 'visual.transformer.resblocks.2.attn.v_proj.experts.2.w_lora_B', 'visual.transformer.resblocks.2.attn.v_proj.experts.3.w_lora_A', 'visual.transformer.resblocks.2.attn.v_proj.experts.3.w_lora_B', 'visual.transformer.resblocks.2.attn.v_proj.experts.4.w_lora_A', 'visual.transformer.resblocks.2.attn.v_proj.experts.4.w_lora_B', 'visual.transformer.resblocks.2.attn.v_proj.experts.5.w_lora_A', 'visual.transformer.resblocks.2.attn.v_proj.experts.5.w_lora_B', 'visual.transformer.resblocks.3.attn.q_proj.router.gate.weight', 'visual.transformer.resblocks.3.attn.q_proj.experts.0.w_lora_A', 'visual.transformer.resblocks.3.attn.q_proj.experts.0.w_lora_B', 'visual.transformer.resblocks.3.attn.q_proj.experts.1.w_lora_A', 'visual.transformer.resblocks.3.attn.q_proj.experts.1.w_lora_B', 'visual.transformer.resblocks.3.attn.q_proj.experts.2.w_lora_A', 'visual.transformer.resblocks.3.attn.q_proj.experts.2.w_lora_B', 'visual.transformer.resblocks.3.attn.q_proj.experts.3.w_lora_A', 'visual.transformer.resblocks.3.attn.q_proj.experts.3.w_lora_B', 'visual.transformer.resblocks.3.attn.q_proj.experts.4.w_lora_A', 'visual.transformer.resblocks.3.attn.q_proj.experts.4.w_lora_B', 'visual.transformer.resblocks.3.attn.q_proj.experts.5.w_lora_A', 'visual.transformer.resblocks.3.attn.q_proj.experts.5.w_lora_B', 'visual.transformer.resblocks.3.attn.k_proj.router.gate.weight', 'visual.transformer.resblocks.3.attn.k_proj.experts.0.w_lora_A', 'visual.transformer.resblocks.3.attn.k_proj.experts.0.w_lora_B', 'visual.transformer.resblocks.3.attn.k_proj.experts.1.w_lora_A', 'visual.transformer.resblocks.3.attn.k_proj.experts.1.w_lora_B', 'visual.transformer.resblocks.3.attn.k_proj.experts.2.w_lora_A', 'visual.transformer.resblocks.3.attn.k_proj.experts.2.w_lora_B', 'visual.transformer.resblocks.3.attn.k_proj.experts.3.w_lora_A', 'visual.transformer.resblocks.3.attn.k_proj.experts.3.w_lora_B', 'visual.transformer.resblocks.3.attn.k_proj.experts.4.w_lora_A', 'visual.transformer.resblocks.3.attn.k_proj.experts.4.w_lora_B', 'visual.transformer.resblocks.3.attn.k_proj.experts.5.w_lora_A', 'visual.transformer.resblocks.3.attn.k_proj.experts.5.w_lora_B', 'visual.transformer.resblocks.3.attn.v_proj.router.gate.weight', 'visual.transformer.resblocks.3.attn.v_proj.experts.0.w_lora_A', 'visual.transformer.resblocks.3.attn.v_proj.experts.0.w_lora_B', 'visual.transformer.resblocks.3.attn.v_proj.experts.1.w_lora_A', 'visual.transformer.resblocks.3.attn.v_proj.experts.1.w_lora_B', 'visual.transformer.resblocks.3.attn.v_proj.experts.2.w_lora_A', 'visual.transformer.resblocks.3.attn.v_proj.experts.2.w_lora_B', 'visual.transformer.resblocks.3.attn.v_proj.experts.3.w_lora_A', 'visual.transformer.resblocks.3.attn.v_proj.experts.3.w_lora_B', 'visual.transformer.resblocks.3.attn.v_proj.experts.4.w_lora_A', 'visual.transformer.resblocks.3.attn.v_proj.experts.4.w_lora_B', 'visual.transformer.resblocks.3.attn.v_proj.experts.5.w_lora_A', 'visual.transformer.resblocks.3.attn.v_proj.experts.5.w_lora_B', 'visual.transformer.resblocks.4.attn.q_proj.router.gate.weight', 'visual.transformer.resblocks.4.attn.q_proj.experts.0.w_lora_A', 'visual.transformer.resblocks.4.attn.q_proj.experts.0.w_lora_B', 'visual.transformer.resblocks.4.attn.q_proj.experts.1.w_lora_A', 'visual.transformer.resblocks.4.attn.q_proj.experts.1.w_lora_B', 'visual.transformer.resblocks.4.attn.q_proj.experts.2.w_lora_A', 'visual.transformer.resblocks.4.attn.q_proj.experts.2.w_lora_B', 'visual.transformer.resblocks.4.attn.q_proj.experts.3.w_lora_A', 'visual.transformer.resblocks.4.attn.q_proj.experts.3.w_lora_B', 'visual.transformer.resblocks.4.attn.q_proj.experts.4.w_lora_A', 'visual.transformer.resblocks.4.attn.q_proj.experts.4.w_lora_B', 'visual.transformer.resblocks.4.attn.q_proj.experts.5.w_lora_A', 'visual.transformer.resblocks.4.attn.q_proj.experts.5.w_lora_B', 'visual.transformer.resblocks.4.attn.k_proj.router.gate.weight', 'visual.transformer.resblocks.4.attn.k_proj.experts.0.w_lora_A', 'visual.transformer.resblocks.4.attn.k_proj.experts.0.w_lora_B', 'visual.transformer.resblocks.4.attn.k_proj.experts.1.w_lora_A', 'visual.transformer.resblocks.4.attn.k_proj.experts.1.w_lora_B', 'visual.transformer.resblocks.4.attn.k_proj.experts.2.w_lora_A', 'visual.transformer.resblocks.4.attn.k_proj.experts.2.w_lora_B', 'visual.transformer.resblocks.4.attn.k_proj.experts.3.w_lora_A', 'visual.transformer.resblocks.4.attn.k_proj.experts.3.w_lora_B', 'visual.transformer.resblocks.4.attn.k_proj.experts.4.w_lora_A', 'visual.transformer.resblocks.4.attn.k_proj.experts.4.w_lora_B', 'visual.transformer.resblocks.4.attn.k_proj.experts.5.w_lora_A', 'visual.transformer.resblocks.4.attn.k_proj.experts.5.w_lora_B', 'visual.transformer.resblocks.4.attn.v_proj.router.gate.weight', 'visual.transformer.resblocks.4.attn.v_proj.experts.0.w_lora_A', 'visual.transformer.resblocks.4.attn.v_proj.experts.0.w_lora_B', 'visual.transformer.resblocks.4.attn.v_proj.experts.1.w_lora_A', 'visual.transformer.resblocks.4.attn.v_proj.experts.1.w_lora_B', 'visual.transformer.resblocks.4.attn.v_proj.experts.2.w_lora_A', 'visual.transformer.resblocks.4.attn.v_proj.experts.2.w_lora_B', 'visual.transformer.resblocks.4.attn.v_proj.experts.3.w_lora_A', 'visual.transformer.resblocks.4.attn.v_proj.experts.3.w_lora_B', 'visual.transformer.resblocks.4.attn.v_proj.experts.4.w_lora_A', 'visual.transformer.resblocks.4.attn.v_proj.experts.4.w_lora_B', 'visual.transformer.resblocks.4.attn.v_proj.experts.5.w_lora_A', 'visual.transformer.resblocks.4.attn.v_proj.experts.5.w_lora_B', 'visual.transformer.resblocks.5.attn.q_proj.router.gate.weight', 'visual.transformer.resblocks.5.attn.q_proj.experts.0.w_lora_A', 'visual.transformer.resblocks.5.attn.q_proj.experts.0.w_lora_B', 'visual.transformer.resblocks.5.attn.q_proj.experts.1.w_lora_A', 'visual.transformer.resblocks.5.attn.q_proj.experts.1.w_lora_B', 'visual.transformer.resblocks.5.attn.q_proj.experts.2.w_lora_A', 'visual.transformer.resblocks.5.attn.q_proj.experts.2.w_lora_B', 'visual.transformer.resblocks.5.attn.q_proj.experts.3.w_lora_A', 'visual.transformer.resblocks.5.attn.q_proj.experts.3.w_lora_B', 'visual.transformer.resblocks.5.attn.q_proj.experts.4.w_lora_A', 'visual.transformer.resblocks.5.attn.q_proj.experts.4.w_lora_B', 'visual.transformer.resblocks.5.attn.q_proj.experts.5.w_lora_A', 'visual.transformer.resblocks.5.attn.q_proj.experts.5.w_lora_B', 'visual.transformer.resblocks.5.attn.k_proj.router.gate.weight', 'visual.transformer.resblocks.5.attn.k_proj.experts.0.w_lora_A', 'visual.transformer.resblocks.5.attn.k_proj.experts.0.w_lora_B', 'visual.transformer.resblocks.5.attn.k_proj.experts.1.w_lora_A', 'visual.transformer.resblocks.5.attn.k_proj.experts.1.w_lora_B', 'visual.transformer.resblocks.5.attn.k_proj.experts.2.w_lora_A', 'visual.transformer.resblocks.5.attn.k_proj.experts.2.w_lora_B', 'visual.transformer.resblocks.5.attn.k_proj.experts.3.w_lora_A', 'visual.transformer.resblocks.5.attn.k_proj.experts.3.w_lora_B', 'visual.transformer.resblocks.5.attn.k_proj.experts.4.w_lora_A', 'visual.transformer.resblocks.5.attn.k_proj.experts.4.w_lora_B', 'visual.transformer.resblocks.5.attn.k_proj.experts.5.w_lora_A', 'visual.transformer.resblocks.5.attn.k_proj.experts.5.w_lora_B', 'visual.transformer.resblocks.5.attn.v_proj.router.gate.weight', 'visual.transformer.resblocks.5.attn.v_proj.experts.0.w_lora_A', 'visual.transformer.resblocks.5.attn.v_proj.experts.0.w_lora_B', 'visual.transformer.resblocks.5.attn.v_proj.experts.1.w_lora_A', 'visual.transformer.resblocks.5.attn.v_proj.experts.1.w_lora_B', 'visual.transformer.resblocks.5.attn.v_proj.experts.2.w_lora_A', 'visual.transformer.resblocks.5.attn.v_proj.experts.2.w_lora_B', 'visual.transformer.resblocks.5.attn.v_proj.experts.3.w_lora_A', 'visual.transformer.resblocks.5.attn.v_proj.experts.3.w_lora_B', 'visual.transformer.resblocks.5.attn.v_proj.experts.4.w_lora_A', 'visual.transformer.resblocks.5.attn.v_proj.experts.4.w_lora_B', 'visual.transformer.resblocks.5.attn.v_proj.experts.5.w_lora_A', 'visual.transformer.resblocks.5.attn.v_proj.experts.5.w_lora_B', 'visual.transformer.resblocks.6.attn.q_proj.router.gate.weight', 'visual.transformer.resblocks.6.attn.q_proj.experts.0.w_lora_A', 'visual.transformer.resblocks.6.attn.q_proj.experts.0.w_lora_B', 'visual.transformer.resblocks.6.attn.q_proj.experts.1.w_lora_A', 'visual.transformer.resblocks.6.attn.q_proj.experts.1.w_lora_B', 'visual.transformer.resblocks.6.attn.q_proj.experts.2.w_lora_A', 'visual.transformer.resblocks.6.attn.q_proj.experts.2.w_lora_B', 'visual.transformer.resblocks.6.attn.q_proj.experts.3.w_lora_A', 'visual.transformer.resblocks.6.attn.q_proj.experts.3.w_lora_B', 'visual.transformer.resblocks.6.attn.q_proj.experts.4.w_lora_A', 'visual.transformer.resblocks.6.attn.q_proj.experts.4.w_lora_B', 'visual.transformer.resblocks.6.attn.q_proj.experts.5.w_lora_A', 'visual.transformer.resblocks.6.attn.q_proj.experts.5.w_lora_B', 'visual.transformer.resblocks.6.attn.k_proj.router.gate.weight', 'visual.transformer.resblocks.6.attn.k_proj.experts.0.w_lora_A', 'visual.transformer.resblocks.6.attn.k_proj.experts.0.w_lora_B', 'visual.transformer.resblocks.6.attn.k_proj.experts.1.w_lora_A', 'visual.transformer.resblocks.6.attn.k_proj.experts.1.w_lora_B', 'visual.transformer.resblocks.6.attn.k_proj.experts.2.w_lora_A', 'visual.transformer.resblocks.6.attn.k_proj.experts.2.w_lora_B', 'visual.transformer.resblocks.6.attn.k_proj.experts.3.w_lora_A', 'visual.transformer.resblocks.6.attn.k_proj.experts.3.w_lora_B', 'visual.transformer.resblocks.6.attn.k_proj.experts.4.w_lora_A', 'visual.transformer.resblocks.6.attn.k_proj.experts.4.w_lora_B', 'visual.transformer.resblocks.6.attn.k_proj.experts.5.w_lora_A', 'visual.transformer.resblocks.6.attn.k_proj.experts.5.w_lora_B', 'visual.transformer.resblocks.6.attn.v_proj.router.gate.weight', 'visual.transformer.resblocks.6.attn.v_proj.experts.0.w_lora_A', 'visual.transformer.resblocks.6.attn.v_proj.experts.0.w_lora_B', 'visual.transformer.resblocks.6.attn.v_proj.experts.1.w_lora_A', 'visual.transformer.resblocks.6.attn.v_proj.experts.1.w_lora_B', 'visual.transformer.resblocks.6.attn.v_proj.experts.2.w_lora_A', 'visual.transformer.resblocks.6.attn.v_proj.experts.2.w_lora_B', 'visual.transformer.resblocks.6.attn.v_proj.experts.3.w_lora_A', 'visual.transformer.resblocks.6.attn.v_proj.experts.3.w_lora_B', 'visual.transformer.resblocks.6.attn.v_proj.experts.4.w_lora_A', 'visual.transformer.resblocks.6.attn.v_proj.experts.4.w_lora_B', 'visual.transformer.resblocks.6.attn.v_proj.experts.5.w_lora_A', 'visual.transformer.resblocks.6.attn.v_proj.experts.5.w_lora_B', 'visual.transformer.resblocks.7.attn.q_proj.router.gate.weight', 'visual.transformer.resblocks.7.attn.q_proj.experts.0.w_lora_A', 'visual.transformer.resblocks.7.attn.q_proj.experts.0.w_lora_B', 'visual.transformer.resblocks.7.attn.q_proj.experts.1.w_lora_A', 'visual.transformer.resblocks.7.attn.q_proj.experts.1.w_lora_B', 'visual.transformer.resblocks.7.attn.q_proj.experts.2.w_lora_A', 'visual.transformer.resblocks.7.attn.q_proj.experts.2.w_lora_B', 'visual.transformer.resblocks.7.attn.q_proj.experts.3.w_lora_A', 'visual.transformer.resblocks.7.attn.q_proj.experts.3.w_lora_B', 'visual.transformer.resblocks.7.attn.q_proj.experts.4.w_lora_A', 'visual.transformer.resblocks.7.attn.q_proj.experts.4.w_lora_B', 'visual.transformer.resblocks.7.attn.q_proj.experts.5.w_lora_A', 'visual.transformer.resblocks.7.attn.q_proj.experts.5.w_lora_B', 'visual.transformer.resblocks.7.attn.k_proj.router.gate.weight', 'visual.transformer.resblocks.7.attn.k_proj.experts.0.w_lora_A', 'visual.transformer.resblocks.7.attn.k_proj.experts.0.w_lora_B', 'visual.transformer.resblocks.7.attn.k_proj.experts.1.w_lora_A', 'visual.transformer.resblocks.7.attn.k_proj.experts.1.w_lora_B', 'visual.transformer.resblocks.7.attn.k_proj.experts.2.w_lora_A', 'visual.transformer.resblocks.7.attn.k_proj.experts.2.w_lora_B', 'visual.transformer.resblocks.7.attn.k_proj.experts.3.w_lora_A', 'visual.transformer.resblocks.7.attn.k_proj.experts.3.w_lora_B', 'visual.transformer.resblocks.7.attn.k_proj.experts.4.w_lora_A', 'visual.transformer.resblocks.7.attn.k_proj.experts.4.w_lora_B', 'visual.transformer.resblocks.7.attn.k_proj.experts.5.w_lora_A', 'visual.transformer.resblocks.7.attn.k_proj.experts.5.w_lora_B', 'visual.transformer.resblocks.7.attn.v_proj.router.gate.weight', 'visual.transformer.resblocks.7.attn.v_proj.experts.0.w_lora_A', 'visual.transformer.resblocks.7.attn.v_proj.experts.0.w_lora_B', 'visual.transformer.resblocks.7.attn.v_proj.experts.1.w_lora_A', 'visual.transformer.resblocks.7.attn.v_proj.experts.1.w_lora_B', 'visual.transformer.resblocks.7.attn.v_proj.experts.2.w_lora_A', 'visual.transformer.resblocks.7.attn.v_proj.experts.2.w_lora_B', 'visual.transformer.resblocks.7.attn.v_proj.experts.3.w_lora_A', 'visual.transformer.resblocks.7.attn.v_proj.experts.3.w_lora_B', 'visual.transformer.resblocks.7.attn.v_proj.experts.4.w_lora_A', 'visual.transformer.resblocks.7.attn.v_proj.experts.4.w_lora_B', 'visual.transformer.resblocks.7.attn.v_proj.experts.5.w_lora_A', 'visual.transformer.resblocks.7.attn.v_proj.experts.5.w_lora_B', 'visual.transformer.resblocks.8.attn.q_proj.router.gate.weight', 'visual.transformer.resblocks.8.attn.q_proj.experts.0.w_lora_A', 'visual.transformer.resblocks.8.attn.q_proj.experts.0.w_lora_B', 'visual.transformer.resblocks.8.attn.q_proj.experts.1.w_lora_A', 'visual.transformer.resblocks.8.attn.q_proj.experts.1.w_lora_B', 'visual.transformer.resblocks.8.attn.q_proj.experts.2.w_lora_A', 'visual.transformer.resblocks.8.attn.q_proj.experts.2.w_lora_B', 'visual.transformer.resblocks.8.attn.q_proj.experts.3.w_lora_A', 'visual.transformer.resblocks.8.attn.q_proj.experts.3.w_lora_B', 'visual.transformer.resblocks.8.attn.q_proj.experts.4.w_lora_A', 'visual.transformer.resblocks.8.attn.q_proj.experts.4.w_lora_B', 'visual.transformer.resblocks.8.attn.q_proj.experts.5.w_lora_A', 'visual.transformer.resblocks.8.attn.q_proj.experts.5.w_lora_B', 'visual.transformer.resblocks.8.attn.k_proj.router.gate.weight', 'visual.transformer.resblocks.8.attn.k_proj.experts.0.w_lora_A', 'visual.transformer.resblocks.8.attn.k_proj.experts.0.w_lora_B', 'visual.transformer.resblocks.8.attn.k_proj.experts.1.w_lora_A', 'visual.transformer.resblocks.8.attn.k_proj.experts.1.w_lora_B', 'visual.transformer.resblocks.8.attn.k_proj.experts.2.w_lora_A', 'visual.transformer.resblocks.8.attn.k_proj.experts.2.w_lora_B', 'visual.transformer.resblocks.8.attn.k_proj.experts.3.w_lora_A', 'visual.transformer.resblocks.8.attn.k_proj.experts.3.w_lora_B', 'visual.transformer.resblocks.8.attn.k_proj.experts.4.w_lora_A', 'visual.transformer.resblocks.8.attn.k_proj.experts.4.w_lora_B', 'visual.transformer.resblocks.8.attn.k_proj.experts.5.w_lora_A', 'visual.transformer.resblocks.8.attn.k_proj.experts.5.w_lora_B', 'visual.transformer.resblocks.8.attn.v_proj.router.gate.weight', 'visual.transformer.resblocks.8.attn.v_proj.experts.0.w_lora_A', 'visual.transformer.resblocks.8.attn.v_proj.experts.0.w_lora_B', 'visual.transformer.resblocks.8.attn.v_proj.experts.1.w_lora_A', 'visual.transformer.resblocks.8.attn.v_proj.experts.1.w_lora_B', 'visual.transformer.resblocks.8.attn.v_proj.experts.2.w_lora_A', 'visual.transformer.resblocks.8.attn.v_proj.experts.2.w_lora_B', 'visual.transformer.resblocks.8.attn.v_proj.experts.3.w_lora_A', 'visual.transformer.resblocks.8.attn.v_proj.experts.3.w_lora_B', 'visual.transformer.resblocks.8.attn.v_proj.experts.4.w_lora_A', 'visual.transformer.resblocks.8.attn.v_proj.experts.4.w_lora_B', 'visual.transformer.resblocks.8.attn.v_proj.experts.5.w_lora_A', 'visual.transformer.resblocks.8.attn.v_proj.experts.5.w_lora_B', 'visual.transformer.resblocks.9.attn.q_proj.router.gate.weight', 'visual.transformer.resblocks.9.attn.q_proj.experts.0.w_lora_A', 'visual.transformer.resblocks.9.attn.q_proj.experts.0.w_lora_B', 'visual.transformer.resblocks.9.attn.q_proj.experts.1.w_lora_A', 'visual.transformer.resblocks.9.attn.q_proj.experts.1.w_lora_B', 'visual.transformer.resblocks.9.attn.q_proj.experts.2.w_lora_A', 'visual.transformer.resblocks.9.attn.q_proj.experts.2.w_lora_B', 'visual.transformer.resblocks.9.attn.q_proj.experts.3.w_lora_A', 'visual.transformer.resblocks.9.attn.q_proj.experts.3.w_lora_B', 'visual.transformer.resblocks.9.attn.q_proj.experts.4.w_lora_A', 'visual.transformer.resblocks.9.attn.q_proj.experts.4.w_lora_B', 'visual.transformer.resblocks.9.attn.q_proj.experts.5.w_lora_A', 'visual.transformer.resblocks.9.attn.q_proj.experts.5.w_lora_B', 'visual.transformer.resblocks.9.attn.k_proj.router.gate.weight', 'visual.transformer.resblocks.9.attn.k_proj.experts.0.w_lora_A', 'visual.transformer.resblocks.9.attn.k_proj.experts.0.w_lora_B', 'visual.transformer.resblocks.9.attn.k_proj.experts.1.w_lora_A', 'visual.transformer.resblocks.9.attn.k_proj.experts.1.w_lora_B', 'visual.transformer.resblocks.9.attn.k_proj.experts.2.w_lora_A', 'visual.transformer.resblocks.9.attn.k_proj.experts.2.w_lora_B', 'visual.transformer.resblocks.9.attn.k_proj.experts.3.w_lora_A', 'visual.transformer.resblocks.9.attn.k_proj.experts.3.w_lora_B', 'visual.transformer.resblocks.9.attn.k_proj.experts.4.w_lora_A', 'visual.transformer.resblocks.9.attn.k_proj.experts.4.w_lora_B', 'visual.transformer.resblocks.9.attn.k_proj.experts.5.w_lora_A', 'visual.transformer.resblocks.9.attn.k_proj.experts.5.w_lora_B', 'visual.transformer.resblocks.9.attn.v_proj.router.gate.weight', 'visual.transformer.resblocks.9.attn.v_proj.experts.0.w_lora_A', 'visual.transformer.resblocks.9.attn.v_proj.experts.0.w_lora_B', 'visual.transformer.resblocks.9.attn.v_proj.experts.1.w_lora_A', 'visual.transformer.resblocks.9.attn.v_proj.experts.1.w_lora_B', 'visual.transformer.resblocks.9.attn.v_proj.experts.2.w_lora_A', 'visual.transformer.resblocks.9.attn.v_proj.experts.2.w_lora_B', 'visual.transformer.resblocks.9.attn.v_proj.experts.3.w_lora_A', 'visual.transformer.resblocks.9.attn.v_proj.experts.3.w_lora_B', 'visual.transformer.resblocks.9.attn.v_proj.experts.4.w_lora_A', 'visual.transformer.resblocks.9.attn.v_proj.experts.4.w_lora_B', 'visual.transformer.resblocks.9.attn.v_proj.experts.5.w_lora_A', 'visual.transformer.resblocks.9.attn.v_proj.experts.5.w_lora_B', 'visual.transformer.resblocks.10.attn.q_proj.router.gate.weight', 'visual.transformer.resblocks.10.attn.q_proj.experts.0.w_lora_A', 'visual.transformer.resblocks.10.attn.q_proj.experts.0.w_lora_B', 'visual.transformer.resblocks.10.attn.q_proj.experts.1.w_lora_A', 'visual.transformer.resblocks.10.attn.q_proj.experts.1.w_lora_B', 'visual.transformer.resblocks.10.attn.q_proj.experts.2.w_lora_A', 'visual.transformer.resblocks.10.attn.q_proj.experts.2.w_lora_B', 'visual.transformer.resblocks.10.attn.q_proj.experts.3.w_lora_A', 'visual.transformer.resblocks.10.attn.q_proj.experts.3.w_lora_B', 'visual.transformer.resblocks.10.attn.q_proj.experts.4.w_lora_A', 'visual.transformer.resblocks.10.attn.q_proj.experts.4.w_lora_B', 'visual.transformer.resblocks.10.attn.q_proj.experts.5.w_lora_A', 'visual.transformer.resblocks.10.attn.q_proj.experts.5.w_lora_B', 'visual.transformer.resblocks.10.attn.k_proj.router.gate.weight', 'visual.transformer.resblocks.10.attn.k_proj.experts.0.w_lora_A', 'visual.transformer.resblocks.10.attn.k_proj.experts.0.w_lora_B', 'visual.transformer.resblocks.10.attn.k_proj.experts.1.w_lora_A', 'visual.transformer.resblocks.10.attn.k_proj.experts.1.w_lora_B', 'visual.transformer.resblocks.10.attn.k_proj.experts.2.w_lora_A', 'visual.transformer.resblocks.10.attn.k_proj.experts.2.w_lora_B', 'visual.transformer.resblocks.10.attn.k_proj.experts.3.w_lora_A', 'visual.transformer.resblocks.10.attn.k_proj.experts.3.w_lora_B', 'visual.transformer.resblocks.10.attn.k_proj.experts.4.w_lora_A', 'visual.transformer.resblocks.10.attn.k_proj.experts.4.w_lora_B', 'visual.transformer.resblocks.10.attn.k_proj.experts.5.w_lora_A', 'visual.transformer.resblocks.10.attn.k_proj.experts.5.w_lora_B', 'visual.transformer.resblocks.10.attn.v_proj.router.gate.weight', 'visual.transformer.resblocks.10.attn.v_proj.experts.0.w_lora_A', 'visual.transformer.resblocks.10.attn.v_proj.experts.0.w_lora_B', 'visual.transformer.resblocks.10.attn.v_proj.experts.1.w_lora_A', 'visual.transformer.resblocks.10.attn.v_proj.experts.1.w_lora_B', 'visual.transformer.resblocks.10.attn.v_proj.experts.2.w_lora_A', 'visual.transformer.resblocks.10.attn.v_proj.experts.2.w_lora_B', 'visual.transformer.resblocks.10.attn.v_proj.experts.3.w_lora_A', 'visual.transformer.resblocks.10.attn.v_proj.experts.3.w_lora_B', 'visual.transformer.resblocks.10.attn.v_proj.experts.4.w_lora_A', 'visual.transformer.resblocks.10.attn.v_proj.experts.4.w_lora_B', 'visual.transformer.resblocks.10.attn.v_proj.experts.5.w_lora_A', 'visual.transformer.resblocks.10.attn.v_proj.experts.5.w_lora_B', 'visual.transformer.resblocks.11.attn.q_proj.router.gate.weight', 'visual.transformer.resblocks.11.attn.q_proj.experts.0.w_lora_A', 'visual.transformer.resblocks.11.attn.q_proj.experts.0.w_lora_B', 'visual.transformer.resblocks.11.attn.q_proj.experts.1.w_lora_A', 'visual.transformer.resblocks.11.attn.q_proj.experts.1.w_lora_B', 'visual.transformer.resblocks.11.attn.q_proj.experts.2.w_lora_A', 'visual.transformer.resblocks.11.attn.q_proj.experts.2.w_lora_B', 'visual.transformer.resblocks.11.attn.q_proj.experts.3.w_lora_A', 'visual.transformer.resblocks.11.attn.q_proj.experts.3.w_lora_B', 'visual.transformer.resblocks.11.attn.q_proj.experts.4.w_lora_A', 'visual.transformer.resblocks.11.attn.q_proj.experts.4.w_lora_B', 'visual.transformer.resblocks.11.attn.q_proj.experts.5.w_lora_A', 'visual.transformer.resblocks.11.attn.q_proj.experts.5.w_lora_B', 'visual.transformer.resblocks.11.attn.k_proj.router.gate.weight', 'visual.transformer.resblocks.11.attn.k_proj.experts.0.w_lora_A', 'visual.transformer.resblocks.11.attn.k_proj.experts.0.w_lora_B', 'visual.transformer.resblocks.11.attn.k_proj.experts.1.w_lora_A', 'visual.transformer.resblocks.11.attn.k_proj.experts.1.w_lora_B', 'visual.transformer.resblocks.11.attn.k_proj.experts.2.w_lora_A', 'visual.transformer.resblocks.11.attn.k_proj.experts.2.w_lora_B', 'visual.transformer.resblocks.11.attn.k_proj.experts.3.w_lora_A', 'visual.transformer.resblocks.11.attn.k_proj.experts.3.w_lora_B', 'visual.transformer.resblocks.11.attn.k_proj.experts.4.w_lora_A', 'visual.transformer.resblocks.11.attn.k_proj.experts.4.w_lora_B', 'visual.transformer.resblocks.11.attn.k_proj.experts.5.w_lora_A', 'visual.transformer.resblocks.11.attn.k_proj.experts.5.w_lora_B', 'visual.transformer.resblocks.11.attn.v_proj.router.gate.weight', 'visual.transformer.resblocks.11.attn.v_proj.experts.0.w_lora_A', 'visual.transformer.resblocks.11.attn.v_proj.experts.0.w_lora_B', 'visual.transformer.resblocks.11.attn.v_proj.experts.1.w_lora_A', 'visual.transformer.resblocks.11.attn.v_proj.experts.1.w_lora_B', 'visual.transformer.resblocks.11.attn.v_proj.experts.2.w_lora_A', 'visual.transformer.resblocks.11.attn.v_proj.experts.2.w_lora_B', 'visual.transformer.resblocks.11.attn.v_proj.experts.3.w_lora_A', 'visual.transformer.resblocks.11.attn.v_proj.experts.3.w_lora_B', 'visual.transformer.resblocks.11.attn.v_proj.experts.4.w_lora_A', 'visual.transformer.resblocks.11.attn.v_proj.experts.4.w_lora_B', 'visual.transformer.resblocks.11.attn.v_proj.experts.5.w_lora_A', 'visual.transformer.resblocks.11.attn.v_proj.experts.5.w_lora_B', 'transformer.resblocks.0.attn.q_proj.router.gate.weight', 'transformer.resblocks.0.attn.q_proj.experts.0.w_lora_A', 'transformer.resblocks.0.attn.q_proj.experts.0.w_lora_B', 'transformer.resblocks.0.attn.q_proj.experts.1.w_lora_A', 'transformer.resblocks.0.attn.q_proj.experts.1.w_lora_B', 'transformer.resblocks.0.attn.q_proj.experts.2.w_lora_A', 'transformer.resblocks.0.attn.q_proj.experts.2.w_lora_B', 'transformer.resblocks.0.attn.q_proj.experts.3.w_lora_A', 'transformer.resblocks.0.attn.q_proj.experts.3.w_lora_B', 'transformer.resblocks.0.attn.q_proj.experts.4.w_lora_A', 'transformer.resblocks.0.attn.q_proj.experts.4.w_lora_B', 'transformer.resblocks.0.attn.q_proj.experts.5.w_lora_A', 'transformer.resblocks.0.attn.q_proj.experts.5.w_lora_B', 'transformer.resblocks.0.attn.k_proj.router.gate.weight', 'transformer.resblocks.0.attn.k_proj.experts.0.w_lora_A', 'transformer.resblocks.0.attn.k_proj.experts.0.w_lora_B', 'transformer.resblocks.0.attn.k_proj.experts.1.w_lora_A', 'transformer.resblocks.0.attn.k_proj.experts.1.w_lora_B', 'transformer.resblocks.0.attn.k_proj.experts.2.w_lora_A', 'transformer.resblocks.0.attn.k_proj.experts.2.w_lora_B', 'transformer.resblocks.0.attn.k_proj.experts.3.w_lora_A', 'transformer.resblocks.0.attn.k_proj.experts.3.w_lora_B', 'transformer.resblocks.0.attn.k_proj.experts.4.w_lora_A', 'transformer.resblocks.0.attn.k_proj.experts.4.w_lora_B', 'transformer.resblocks.0.attn.k_proj.experts.5.w_lora_A', 'transformer.resblocks.0.attn.k_proj.experts.5.w_lora_B', 'transformer.resblocks.0.attn.v_proj.router.gate.weight', 'transformer.resblocks.0.attn.v_proj.experts.0.w_lora_A', 'transformer.resblocks.0.attn.v_proj.experts.0.w_lora_B', 'transformer.resblocks.0.attn.v_proj.experts.1.w_lora_A', 'transformer.resblocks.0.attn.v_proj.experts.1.w_lora_B', 'transformer.resblocks.0.attn.v_proj.experts.2.w_lora_A', 'transformer.resblocks.0.attn.v_proj.experts.2.w_lora_B', 'transformer.resblocks.0.attn.v_proj.experts.3.w_lora_A', 'transformer.resblocks.0.attn.v_proj.experts.3.w_lora_B', 'transformer.resblocks.0.attn.v_proj.experts.4.w_lora_A', 'transformer.resblocks.0.attn.v_proj.experts.4.w_lora_B', 'transformer.resblocks.0.attn.v_proj.experts.5.w_lora_A', 'transformer.resblocks.0.attn.v_proj.experts.5.w_lora_B', 'transformer.resblocks.1.attn.q_proj.router.gate.weight', 'transformer.resblocks.1.attn.q_proj.experts.0.w_lora_A', 'transformer.resblocks.1.attn.q_proj.experts.0.w_lora_B', 'transformer.resblocks.1.attn.q_proj.experts.1.w_lora_A', 'transformer.resblocks.1.attn.q_proj.experts.1.w_lora_B', 'transformer.resblocks.1.attn.q_proj.experts.2.w_lora_A', 'transformer.resblocks.1.attn.q_proj.experts.2.w_lora_B', 'transformer.resblocks.1.attn.q_proj.experts.3.w_lora_A', 'transformer.resblocks.1.attn.q_proj.experts.3.w_lora_B', 'transformer.resblocks.1.attn.q_proj.experts.4.w_lora_A', 'transformer.resblocks.1.attn.q_proj.experts.4.w_lora_B', 'transformer.resblocks.1.attn.q_proj.experts.5.w_lora_A', 'transformer.resblocks.1.attn.q_proj.experts.5.w_lora_B', 'transformer.resblocks.1.attn.k_proj.router.gate.weight', 'transformer.resblocks.1.attn.k_proj.experts.0.w_lora_A', 'transformer.resblocks.1.attn.k_proj.experts.0.w_lora_B', 'transformer.resblocks.1.attn.k_proj.experts.1.w_lora_A', 'transformer.resblocks.1.attn.k_proj.experts.1.w_lora_B', 'transformer.resblocks.1.attn.k_proj.experts.2.w_lora_A', 'transformer.resblocks.1.attn.k_proj.experts.2.w_lora_B', 'transformer.resblocks.1.attn.k_proj.experts.3.w_lora_A', 'transformer.resblocks.1.attn.k_proj.experts.3.w_lora_B', 'transformer.resblocks.1.attn.k_proj.experts.4.w_lora_A', 'transformer.resblocks.1.attn.k_proj.experts.4.w_lora_B', 'transformer.resblocks.1.attn.k_proj.experts.5.w_lora_A', 'transformer.resblocks.1.attn.k_proj.experts.5.w_lora_B', 'transformer.resblocks.1.attn.v_proj.router.gate.weight', 'transformer.resblocks.1.attn.v_proj.experts.0.w_lora_A', 'transformer.resblocks.1.attn.v_proj.experts.0.w_lora_B', 'transformer.resblocks.1.attn.v_proj.experts.1.w_lora_A', 'transformer.resblocks.1.attn.v_proj.experts.1.w_lora_B', 'transformer.resblocks.1.attn.v_proj.experts.2.w_lora_A', 'transformer.resblocks.1.attn.v_proj.experts.2.w_lora_B', 'transformer.resblocks.1.attn.v_proj.experts.3.w_lora_A', 'transformer.resblocks.1.attn.v_proj.experts.3.w_lora_B', 'transformer.resblocks.1.attn.v_proj.experts.4.w_lora_A', 'transformer.resblocks.1.attn.v_proj.experts.4.w_lora_B', 'transformer.resblocks.1.attn.v_proj.experts.5.w_lora_A', 'transformer.resblocks.1.attn.v_proj.experts.5.w_lora_B', 'transformer.resblocks.2.attn.q_proj.router.gate.weight', 'transformer.resblocks.2.attn.q_proj.experts.0.w_lora_A', 'transformer.resblocks.2.attn.q_proj.experts.0.w_lora_B', 'transformer.resblocks.2.attn.q_proj.experts.1.w_lora_A', 'transformer.resblocks.2.attn.q_proj.experts.1.w_lora_B', 'transformer.resblocks.2.attn.q_proj.experts.2.w_lora_A', 'transformer.resblocks.2.attn.q_proj.experts.2.w_lora_B', 'transformer.resblocks.2.attn.q_proj.experts.3.w_lora_A', 'transformer.resblocks.2.attn.q_proj.experts.3.w_lora_B', 'transformer.resblocks.2.attn.q_proj.experts.4.w_lora_A', 'transformer.resblocks.2.attn.q_proj.experts.4.w_lora_B', 'transformer.resblocks.2.attn.q_proj.experts.5.w_lora_A', 'transformer.resblocks.2.attn.q_proj.experts.5.w_lora_B', 'transformer.resblocks.2.attn.k_proj.router.gate.weight', 'transformer.resblocks.2.attn.k_proj.experts.0.w_lora_A', 'transformer.resblocks.2.attn.k_proj.experts.0.w_lora_B', 'transformer.resblocks.2.attn.k_proj.experts.1.w_lora_A', 'transformer.resblocks.2.attn.k_proj.experts.1.w_lora_B', 'transformer.resblocks.2.attn.k_proj.experts.2.w_lora_A', 'transformer.resblocks.2.attn.k_proj.experts.2.w_lora_B', 'transformer.resblocks.2.attn.k_proj.experts.3.w_lora_A', 'transformer.resblocks.2.attn.k_proj.experts.3.w_lora_B', 'transformer.resblocks.2.attn.k_proj.experts.4.w_lora_A', 'transformer.resblocks.2.attn.k_proj.experts.4.w_lora_B', 'transformer.resblocks.2.attn.k_proj.experts.5.w_lora_A', 'transformer.resblocks.2.attn.k_proj.experts.5.w_lora_B', 'transformer.resblocks.2.attn.v_proj.router.gate.weight', 'transformer.resblocks.2.attn.v_proj.experts.0.w_lora_A', 'transformer.resblocks.2.attn.v_proj.experts.0.w_lora_B', 'transformer.resblocks.2.attn.v_proj.experts.1.w_lora_A', 'transformer.resblocks.2.attn.v_proj.experts.1.w_lora_B', 'transformer.resblocks.2.attn.v_proj.experts.2.w_lora_A', 'transformer.resblocks.2.attn.v_proj.experts.2.w_lora_B', 'transformer.resblocks.2.attn.v_proj.experts.3.w_lora_A', 'transformer.resblocks.2.attn.v_proj.experts.3.w_lora_B', 'transformer.resblocks.2.attn.v_proj.experts.4.w_lora_A', 'transformer.resblocks.2.attn.v_proj.experts.4.w_lora_B', 'transformer.resblocks.2.attn.v_proj.experts.5.w_lora_A', 'transformer.resblocks.2.attn.v_proj.experts.5.w_lora_B', 'transformer.resblocks.3.attn.q_proj.router.gate.weight', 'transformer.resblocks.3.attn.q_proj.experts.0.w_lora_A', 'transformer.resblocks.3.attn.q_proj.experts.0.w_lora_B', 'transformer.resblocks.3.attn.q_proj.experts.1.w_lora_A', 'transformer.resblocks.3.attn.q_proj.experts.1.w_lora_B', 'transformer.resblocks.3.attn.q_proj.experts.2.w_lora_A', 'transformer.resblocks.3.attn.q_proj.experts.2.w_lora_B', 'transformer.resblocks.3.attn.q_proj.experts.3.w_lora_A', 'transformer.resblocks.3.attn.q_proj.experts.3.w_lora_B', 'transformer.resblocks.3.attn.q_proj.experts.4.w_lora_A', 'transformer.resblocks.3.attn.q_proj.experts.4.w_lora_B', 'transformer.resblocks.3.attn.q_proj.experts.5.w_lora_A', 'transformer.resblocks.3.attn.q_proj.experts.5.w_lora_B', 'transformer.resblocks.3.attn.k_proj.router.gate.weight', 'transformer.resblocks.3.attn.k_proj.experts.0.w_lora_A', 'transformer.resblocks.3.attn.k_proj.experts.0.w_lora_B', 'transformer.resblocks.3.attn.k_proj.experts.1.w_lora_A', 'transformer.resblocks.3.attn.k_proj.experts.1.w_lora_B', 'transformer.resblocks.3.attn.k_proj.experts.2.w_lora_A', 'transformer.resblocks.3.attn.k_proj.experts.2.w_lora_B', 'transformer.resblocks.3.attn.k_proj.experts.3.w_lora_A', 'transformer.resblocks.3.attn.k_proj.experts.3.w_lora_B', 'transformer.resblocks.3.attn.k_proj.experts.4.w_lora_A', 'transformer.resblocks.3.attn.k_proj.experts.4.w_lora_B', 'transformer.resblocks.3.attn.k_proj.experts.5.w_lora_A', 'transformer.resblocks.3.attn.k_proj.experts.5.w_lora_B', 'transformer.resblocks.3.attn.v_proj.router.gate.weight', 'transformer.resblocks.3.attn.v_proj.experts.0.w_lora_A', 'transformer.resblocks.3.attn.v_proj.experts.0.w_lora_B', 'transformer.resblocks.3.attn.v_proj.experts.1.w_lora_A', 'transformer.resblocks.3.attn.v_proj.experts.1.w_lora_B', 'transformer.resblocks.3.attn.v_proj.experts.2.w_lora_A', 'transformer.resblocks.3.attn.v_proj.experts.2.w_lora_B', 'transformer.resblocks.3.attn.v_proj.experts.3.w_lora_A', 'transformer.resblocks.3.attn.v_proj.experts.3.w_lora_B', 'transformer.resblocks.3.attn.v_proj.experts.4.w_lora_A', 'transformer.resblocks.3.attn.v_proj.experts.4.w_lora_B', 'transformer.resblocks.3.attn.v_proj.experts.5.w_lora_A', 'transformer.resblocks.3.attn.v_proj.experts.5.w_lora_B', 'transformer.resblocks.4.attn.q_proj.router.gate.weight', 'transformer.resblocks.4.attn.q_proj.experts.0.w_lora_A', 'transformer.resblocks.4.attn.q_proj.experts.0.w_lora_B', 'transformer.resblocks.4.attn.q_proj.experts.1.w_lora_A', 'transformer.resblocks.4.attn.q_proj.experts.1.w_lora_B', 'transformer.resblocks.4.attn.q_proj.experts.2.w_lora_A', 'transformer.resblocks.4.attn.q_proj.experts.2.w_lora_B', 'transformer.resblocks.4.attn.q_proj.experts.3.w_lora_A', 'transformer.resblocks.4.attn.q_proj.experts.3.w_lora_B', 'transformer.resblocks.4.attn.q_proj.experts.4.w_lora_A', 'transformer.resblocks.4.attn.q_proj.experts.4.w_lora_B', 'transformer.resblocks.4.attn.q_proj.experts.5.w_lora_A', 'transformer.resblocks.4.attn.q_proj.experts.5.w_lora_B', 'transformer.resblocks.4.attn.k_proj.router.gate.weight', 'transformer.resblocks.4.attn.k_proj.experts.0.w_lora_A', 'transformer.resblocks.4.attn.k_proj.experts.0.w_lora_B', 'transformer.resblocks.4.attn.k_proj.experts.1.w_lora_A', 'transformer.resblocks.4.attn.k_proj.experts.1.w_lora_B', 'transformer.resblocks.4.attn.k_proj.experts.2.w_lora_A', 'transformer.resblocks.4.attn.k_proj.experts.2.w_lora_B', 'transformer.resblocks.4.attn.k_proj.experts.3.w_lora_A', 'transformer.resblocks.4.attn.k_proj.experts.3.w_lora_B', 'transformer.resblocks.4.attn.k_proj.experts.4.w_lora_A', 'transformer.resblocks.4.attn.k_proj.experts.4.w_lora_B', 'transformer.resblocks.4.attn.k_proj.experts.5.w_lora_A', 'transformer.resblocks.4.attn.k_proj.experts.5.w_lora_B', 'transformer.resblocks.4.attn.v_proj.router.gate.weight', 'transformer.resblocks.4.attn.v_proj.experts.0.w_lora_A', 'transformer.resblocks.4.attn.v_proj.experts.0.w_lora_B', 'transformer.resblocks.4.attn.v_proj.experts.1.w_lora_A', 'transformer.resblocks.4.attn.v_proj.experts.1.w_lora_B', 'transformer.resblocks.4.attn.v_proj.experts.2.w_lora_A', 'transformer.resblocks.4.attn.v_proj.experts.2.w_lora_B', 'transformer.resblocks.4.attn.v_proj.experts.3.w_lora_A', 'transformer.resblocks.4.attn.v_proj.experts.3.w_lora_B', 'transformer.resblocks.4.attn.v_proj.experts.4.w_lora_A', 'transformer.resblocks.4.attn.v_proj.experts.4.w_lora_B', 'transformer.resblocks.4.attn.v_proj.experts.5.w_lora_A', 'transformer.resblocks.4.attn.v_proj.experts.5.w_lora_B', 'transformer.resblocks.5.attn.q_proj.router.gate.weight', 'transformer.resblocks.5.attn.q_proj.experts.0.w_lora_A', 'transformer.resblocks.5.attn.q_proj.experts.0.w_lora_B', 'transformer.resblocks.5.attn.q_proj.experts.1.w_lora_A', 'transformer.resblocks.5.attn.q_proj.experts.1.w_lora_B', 'transformer.resblocks.5.attn.q_proj.experts.2.w_lora_A', 'transformer.resblocks.5.attn.q_proj.experts.2.w_lora_B', 'transformer.resblocks.5.attn.q_proj.experts.3.w_lora_A', 'transformer.resblocks.5.attn.q_proj.experts.3.w_lora_B', 'transformer.resblocks.5.attn.q_proj.experts.4.w_lora_A', 'transformer.resblocks.5.attn.q_proj.experts.4.w_lora_B', 'transformer.resblocks.5.attn.q_proj.experts.5.w_lora_A', 'transformer.resblocks.5.attn.q_proj.experts.5.w_lora_B', 'transformer.resblocks.5.attn.k_proj.router.gate.weight', 'transformer.resblocks.5.attn.k_proj.experts.0.w_lora_A', 'transformer.resblocks.5.attn.k_proj.experts.0.w_lora_B', 'transformer.resblocks.5.attn.k_proj.experts.1.w_lora_A', 'transformer.resblocks.5.attn.k_proj.experts.1.w_lora_B', 'transformer.resblocks.5.attn.k_proj.experts.2.w_lora_A', 'transformer.resblocks.5.attn.k_proj.experts.2.w_lora_B', 'transformer.resblocks.5.attn.k_proj.experts.3.w_lora_A', 'transformer.resblocks.5.attn.k_proj.experts.3.w_lora_B', 'transformer.resblocks.5.attn.k_proj.experts.4.w_lora_A', 'transformer.resblocks.5.attn.k_proj.experts.4.w_lora_B', 'transformer.resblocks.5.attn.k_proj.experts.5.w_lora_A', 'transformer.resblocks.5.attn.k_proj.experts.5.w_lora_B', 'transformer.resblocks.5.attn.v_proj.router.gate.weight', 'transformer.resblocks.5.attn.v_proj.experts.0.w_lora_A', 'transformer.resblocks.5.attn.v_proj.experts.0.w_lora_B', 'transformer.resblocks.5.attn.v_proj.experts.1.w_lora_A', 'transformer.resblocks.5.attn.v_proj.experts.1.w_lora_B', 'transformer.resblocks.5.attn.v_proj.experts.2.w_lora_A', 'transformer.resblocks.5.attn.v_proj.experts.2.w_lora_B', 'transformer.resblocks.5.attn.v_proj.experts.3.w_lora_A', 'transformer.resblocks.5.attn.v_proj.experts.3.w_lora_B', 'transformer.resblocks.5.attn.v_proj.experts.4.w_lora_A', 'transformer.resblocks.5.attn.v_proj.experts.4.w_lora_B', 'transformer.resblocks.5.attn.v_proj.experts.5.w_lora_A', 'transformer.resblocks.5.attn.v_proj.experts.5.w_lora_B', 'transformer.resblocks.6.attn.q_proj.router.gate.weight', 'transformer.resblocks.6.attn.q_proj.experts.0.w_lora_A', 'transformer.resblocks.6.attn.q_proj.experts.0.w_lora_B', 'transformer.resblocks.6.attn.q_proj.experts.1.w_lora_A', 'transformer.resblocks.6.attn.q_proj.experts.1.w_lora_B', 'transformer.resblocks.6.attn.q_proj.experts.2.w_lora_A', 'transformer.resblocks.6.attn.q_proj.experts.2.w_lora_B', 'transformer.resblocks.6.attn.q_proj.experts.3.w_lora_A', 'transformer.resblocks.6.attn.q_proj.experts.3.w_lora_B', 'transformer.resblocks.6.attn.q_proj.experts.4.w_lora_A', 'transformer.resblocks.6.attn.q_proj.experts.4.w_lora_B', 'transformer.resblocks.6.attn.q_proj.experts.5.w_lora_A', 'transformer.resblocks.6.attn.q_proj.experts.5.w_lora_B', 'transformer.resblocks.6.attn.k_proj.router.gate.weight', 'transformer.resblocks.6.attn.k_proj.experts.0.w_lora_A', 'transformer.resblocks.6.attn.k_proj.experts.0.w_lora_B', 'transformer.resblocks.6.attn.k_proj.experts.1.w_lora_A', 'transformer.resblocks.6.attn.k_proj.experts.1.w_lora_B', 'transformer.resblocks.6.attn.k_proj.experts.2.w_lora_A', 'transformer.resblocks.6.attn.k_proj.experts.2.w_lora_B', 'transformer.resblocks.6.attn.k_proj.experts.3.w_lora_A', 'transformer.resblocks.6.attn.k_proj.experts.3.w_lora_B', 'transformer.resblocks.6.attn.k_proj.experts.4.w_lora_A', 'transformer.resblocks.6.attn.k_proj.experts.4.w_lora_B', 'transformer.resblocks.6.attn.k_proj.experts.5.w_lora_A', 'transformer.resblocks.6.attn.k_proj.experts.5.w_lora_B', 'transformer.resblocks.6.attn.v_proj.router.gate.weight', 'transformer.resblocks.6.attn.v_proj.experts.0.w_lora_A', 'transformer.resblocks.6.attn.v_proj.experts.0.w_lora_B', 'transformer.resblocks.6.attn.v_proj.experts.1.w_lora_A', 'transformer.resblocks.6.attn.v_proj.experts.1.w_lora_B', 'transformer.resblocks.6.attn.v_proj.experts.2.w_lora_A', 'transformer.resblocks.6.attn.v_proj.experts.2.w_lora_B', 'transformer.resblocks.6.attn.v_proj.experts.3.w_lora_A', 'transformer.resblocks.6.attn.v_proj.experts.3.w_lora_B', 'transformer.resblocks.6.attn.v_proj.experts.4.w_lora_A', 'transformer.resblocks.6.attn.v_proj.experts.4.w_lora_B', 'transformer.resblocks.6.attn.v_proj.experts.5.w_lora_A', 'transformer.resblocks.6.attn.v_proj.experts.5.w_lora_B', 'transformer.resblocks.7.attn.q_proj.router.gate.weight', 'transformer.resblocks.7.attn.q_proj.experts.0.w_lora_A', 'transformer.resblocks.7.attn.q_proj.experts.0.w_lora_B', 'transformer.resblocks.7.attn.q_proj.experts.1.w_lora_A', 'transformer.resblocks.7.attn.q_proj.experts.1.w_lora_B', 'transformer.resblocks.7.attn.q_proj.experts.2.w_lora_A', 'transformer.resblocks.7.attn.q_proj.experts.2.w_lora_B', 'transformer.resblocks.7.attn.q_proj.experts.3.w_lora_A', 'transformer.resblocks.7.attn.q_proj.experts.3.w_lora_B', 'transformer.resblocks.7.attn.q_proj.experts.4.w_lora_A', 'transformer.resblocks.7.attn.q_proj.experts.4.w_lora_B', 'transformer.resblocks.7.attn.q_proj.experts.5.w_lora_A', 'transformer.resblocks.7.attn.q_proj.experts.5.w_lora_B', 'transformer.resblocks.7.attn.k_proj.router.gate.weight', 'transformer.resblocks.7.attn.k_proj.experts.0.w_lora_A', 'transformer.resblocks.7.attn.k_proj.experts.0.w_lora_B', 'transformer.resblocks.7.attn.k_proj.experts.1.w_lora_A', 'transformer.resblocks.7.attn.k_proj.experts.1.w_lora_B', 'transformer.resblocks.7.attn.k_proj.experts.2.w_lora_A', 'transformer.resblocks.7.attn.k_proj.experts.2.w_lora_B', 'transformer.resblocks.7.attn.k_proj.experts.3.w_lora_A', 'transformer.resblocks.7.attn.k_proj.experts.3.w_lora_B', 'transformer.resblocks.7.attn.k_proj.experts.4.w_lora_A', 'transformer.resblocks.7.attn.k_proj.experts.4.w_lora_B', 'transformer.resblocks.7.attn.k_proj.experts.5.w_lora_A', 'transformer.resblocks.7.attn.k_proj.experts.5.w_lora_B', 'transformer.resblocks.7.attn.v_proj.router.gate.weight', 'transformer.resblocks.7.attn.v_proj.experts.0.w_lora_A', 'transformer.resblocks.7.attn.v_proj.experts.0.w_lora_B', 'transformer.resblocks.7.attn.v_proj.experts.1.w_lora_A', 'transformer.resblocks.7.attn.v_proj.experts.1.w_lora_B', 'transformer.resblocks.7.attn.v_proj.experts.2.w_lora_A', 'transformer.resblocks.7.attn.v_proj.experts.2.w_lora_B', 'transformer.resblocks.7.attn.v_proj.experts.3.w_lora_A', 'transformer.resblocks.7.attn.v_proj.experts.3.w_lora_B', 'transformer.resblocks.7.attn.v_proj.experts.4.w_lora_A', 'transformer.resblocks.7.attn.v_proj.experts.4.w_lora_B', 'transformer.resblocks.7.attn.v_proj.experts.5.w_lora_A', 'transformer.resblocks.7.attn.v_proj.experts.5.w_lora_B', 'transformer.resblocks.8.attn.q_proj.router.gate.weight', 'transformer.resblocks.8.attn.q_proj.experts.0.w_lora_A', 'transformer.resblocks.8.attn.q_proj.experts.0.w_lora_B', 'transformer.resblocks.8.attn.q_proj.experts.1.w_lora_A', 'transformer.resblocks.8.attn.q_proj.experts.1.w_lora_B', 'transformer.resblocks.8.attn.q_proj.experts.2.w_lora_A', 'transformer.resblocks.8.attn.q_proj.experts.2.w_lora_B', 'transformer.resblocks.8.attn.q_proj.experts.3.w_lora_A', 'transformer.resblocks.8.attn.q_proj.experts.3.w_lora_B', 'transformer.resblocks.8.attn.q_proj.experts.4.w_lora_A', 'transformer.resblocks.8.attn.q_proj.experts.4.w_lora_B', 'transformer.resblocks.8.attn.q_proj.experts.5.w_lora_A', 'transformer.resblocks.8.attn.q_proj.experts.5.w_lora_B', 'transformer.resblocks.8.attn.k_proj.router.gate.weight', 'transformer.resblocks.8.attn.k_proj.experts.0.w_lora_A', 'transformer.resblocks.8.attn.k_proj.experts.0.w_lora_B', 'transformer.resblocks.8.attn.k_proj.experts.1.w_lora_A', 'transformer.resblocks.8.attn.k_proj.experts.1.w_lora_B', 'transformer.resblocks.8.attn.k_proj.experts.2.w_lora_A', 'transformer.resblocks.8.attn.k_proj.experts.2.w_lora_B', 'transformer.resblocks.8.attn.k_proj.experts.3.w_lora_A', 'transformer.resblocks.8.attn.k_proj.experts.3.w_lora_B', 'transformer.resblocks.8.attn.k_proj.experts.4.w_lora_A', 'transformer.resblocks.8.attn.k_proj.experts.4.w_lora_B', 'transformer.resblocks.8.attn.k_proj.experts.5.w_lora_A', 'transformer.resblocks.8.attn.k_proj.experts.5.w_lora_B', 'transformer.resblocks.8.attn.v_proj.router.gate.weight', 'transformer.resblocks.8.attn.v_proj.experts.0.w_lora_A', 'transformer.resblocks.8.attn.v_proj.experts.0.w_lora_B', 'transformer.resblocks.8.attn.v_proj.experts.1.w_lora_A', 'transformer.resblocks.8.attn.v_proj.experts.1.w_lora_B', 'transformer.resblocks.8.attn.v_proj.experts.2.w_lora_A', 'transformer.resblocks.8.attn.v_proj.experts.2.w_lora_B', 'transformer.resblocks.8.attn.v_proj.experts.3.w_lora_A', 'transformer.resblocks.8.attn.v_proj.experts.3.w_lora_B', 'transformer.resblocks.8.attn.v_proj.experts.4.w_lora_A', 'transformer.resblocks.8.attn.v_proj.experts.4.w_lora_B', 'transformer.resblocks.8.attn.v_proj.experts.5.w_lora_A', 'transformer.resblocks.8.attn.v_proj.experts.5.w_lora_B', 'transformer.resblocks.9.attn.q_proj.router.gate.weight', 'transformer.resblocks.9.attn.q_proj.experts.0.w_lora_A', 'transformer.resblocks.9.attn.q_proj.experts.0.w_lora_B', 'transformer.resblocks.9.attn.q_proj.experts.1.w_lora_A', 'transformer.resblocks.9.attn.q_proj.experts.1.w_lora_B', 'transformer.resblocks.9.attn.q_proj.experts.2.w_lora_A', 'transformer.resblocks.9.attn.q_proj.experts.2.w_lora_B', 'transformer.resblocks.9.attn.q_proj.experts.3.w_lora_A', 'transformer.resblocks.9.attn.q_proj.experts.3.w_lora_B', 'transformer.resblocks.9.attn.q_proj.experts.4.w_lora_A', 'transformer.resblocks.9.attn.q_proj.experts.4.w_lora_B', 'transformer.resblocks.9.attn.q_proj.experts.5.w_lora_A', 'transformer.resblocks.9.attn.q_proj.experts.5.w_lora_B', 'transformer.resblocks.9.attn.k_proj.router.gate.weight', 'transformer.resblocks.9.attn.k_proj.experts.0.w_lora_A', 'transformer.resblocks.9.attn.k_proj.experts.0.w_lora_B', 'transformer.resblocks.9.attn.k_proj.experts.1.w_lora_A', 'transformer.resblocks.9.attn.k_proj.experts.1.w_lora_B', 'transformer.resblocks.9.attn.k_proj.experts.2.w_lora_A', 'transformer.resblocks.9.attn.k_proj.experts.2.w_lora_B', 'transformer.resblocks.9.attn.k_proj.experts.3.w_lora_A', 'transformer.resblocks.9.attn.k_proj.experts.3.w_lora_B', 'transformer.resblocks.9.attn.k_proj.experts.4.w_lora_A', 'transformer.resblocks.9.attn.k_proj.experts.4.w_lora_B', 'transformer.resblocks.9.attn.k_proj.experts.5.w_lora_A', 'transformer.resblocks.9.attn.k_proj.experts.5.w_lora_B', 'transformer.resblocks.9.attn.v_proj.router.gate.weight', 'transformer.resblocks.9.attn.v_proj.experts.0.w_lora_A', 'transformer.resblocks.9.attn.v_proj.experts.0.w_lora_B', 'transformer.resblocks.9.attn.v_proj.experts.1.w_lora_A', 'transformer.resblocks.9.attn.v_proj.experts.1.w_lora_B', 'transformer.resblocks.9.attn.v_proj.experts.2.w_lora_A', 'transformer.resblocks.9.attn.v_proj.experts.2.w_lora_B', 'transformer.resblocks.9.attn.v_proj.experts.3.w_lora_A', 'transformer.resblocks.9.attn.v_proj.experts.3.w_lora_B', 'transformer.resblocks.9.attn.v_proj.experts.4.w_lora_A', 'transformer.resblocks.9.attn.v_proj.experts.4.w_lora_B', 'transformer.resblocks.9.attn.v_proj.experts.5.w_lora_A', 'transformer.resblocks.9.attn.v_proj.experts.5.w_lora_B', 'transformer.resblocks.10.attn.q_proj.router.gate.weight', 'transformer.resblocks.10.attn.q_proj.experts.0.w_lora_A', 'transformer.resblocks.10.attn.q_proj.experts.0.w_lora_B', 'transformer.resblocks.10.attn.q_proj.experts.1.w_lora_A', 'transformer.resblocks.10.attn.q_proj.experts.1.w_lora_B', 'transformer.resblocks.10.attn.q_proj.experts.2.w_lora_A', 'transformer.resblocks.10.attn.q_proj.experts.2.w_lora_B', 'transformer.resblocks.10.attn.q_proj.experts.3.w_lora_A', 'transformer.resblocks.10.attn.q_proj.experts.3.w_lora_B', 'transformer.resblocks.10.attn.q_proj.experts.4.w_lora_A', 'transformer.resblocks.10.attn.q_proj.experts.4.w_lora_B', 'transformer.resblocks.10.attn.q_proj.experts.5.w_lora_A', 'transformer.resblocks.10.attn.q_proj.experts.5.w_lora_B', 'transformer.resblocks.10.attn.k_proj.router.gate.weight', 'transformer.resblocks.10.attn.k_proj.experts.0.w_lora_A', 'transformer.resblocks.10.attn.k_proj.experts.0.w_lora_B', 'transformer.resblocks.10.attn.k_proj.experts.1.w_lora_A', 'transformer.resblocks.10.attn.k_proj.experts.1.w_lora_B', 'transformer.resblocks.10.attn.k_proj.experts.2.w_lora_A', 'transformer.resblocks.10.attn.k_proj.experts.2.w_lora_B', 'transformer.resblocks.10.attn.k_proj.experts.3.w_lora_A', 'transformer.resblocks.10.attn.k_proj.experts.3.w_lora_B', 'transformer.resblocks.10.attn.k_proj.experts.4.w_lora_A', 'transformer.resblocks.10.attn.k_proj.experts.4.w_lora_B', 'transformer.resblocks.10.attn.k_proj.experts.5.w_lora_A', 'transformer.resblocks.10.attn.k_proj.experts.5.w_lora_B', 'transformer.resblocks.10.attn.v_proj.router.gate.weight', 'transformer.resblocks.10.attn.v_proj.experts.0.w_lora_A', 'transformer.resblocks.10.attn.v_proj.experts.0.w_lora_B', 'transformer.resblocks.10.attn.v_proj.experts.1.w_lora_A', 'transformer.resblocks.10.attn.v_proj.experts.1.w_lora_B', 'transformer.resblocks.10.attn.v_proj.experts.2.w_lora_A', 'transformer.resblocks.10.attn.v_proj.experts.2.w_lora_B', 'transformer.resblocks.10.attn.v_proj.experts.3.w_lora_A', 'transformer.resblocks.10.attn.v_proj.experts.3.w_lora_B', 'transformer.resblocks.10.attn.v_proj.experts.4.w_lora_A', 'transformer.resblocks.10.attn.v_proj.experts.4.w_lora_B', 'transformer.resblocks.10.attn.v_proj.experts.5.w_lora_A', 'transformer.resblocks.10.attn.v_proj.experts.5.w_lora_B', 'transformer.resblocks.11.attn.q_proj.router.gate.weight', 'transformer.resblocks.11.attn.q_proj.experts.0.w_lora_A', 'transformer.resblocks.11.attn.q_proj.experts.0.w_lora_B', 'transformer.resblocks.11.attn.q_proj.experts.1.w_lora_A', 'transformer.resblocks.11.attn.q_proj.experts.1.w_lora_B', 'transformer.resblocks.11.attn.q_proj.experts.2.w_lora_A', 'transformer.resblocks.11.attn.q_proj.experts.2.w_lora_B', 'transformer.resblocks.11.attn.q_proj.experts.3.w_lora_A', 'transformer.resblocks.11.attn.q_proj.experts.3.w_lora_B', 'transformer.resblocks.11.attn.q_proj.experts.4.w_lora_A', 'transformer.resblocks.11.attn.q_proj.experts.4.w_lora_B', 'transformer.resblocks.11.attn.q_proj.experts.5.w_lora_A', 'transformer.resblocks.11.attn.q_proj.experts.5.w_lora_B', 'transformer.resblocks.11.attn.k_proj.router.gate.weight', 'transformer.resblocks.11.attn.k_proj.experts.0.w_lora_A', 'transformer.resblocks.11.attn.k_proj.experts.0.w_lora_B', 'transformer.resblocks.11.attn.k_proj.experts.1.w_lora_A', 'transformer.resblocks.11.attn.k_proj.experts.1.w_lora_B', 'transformer.resblocks.11.attn.k_proj.experts.2.w_lora_A', 'transformer.resblocks.11.attn.k_proj.experts.2.w_lora_B', 'transformer.resblocks.11.attn.k_proj.experts.3.w_lora_A', 'transformer.resblocks.11.attn.k_proj.experts.3.w_lora_B', 'transformer.resblocks.11.attn.k_proj.experts.4.w_lora_A', 'transformer.resblocks.11.attn.k_proj.experts.4.w_lora_B', 'transformer.resblocks.11.attn.k_proj.experts.5.w_lora_A', 'transformer.resblocks.11.attn.k_proj.experts.5.w_lora_B', 'transformer.resblocks.11.attn.v_proj.router.gate.weight', 'transformer.resblocks.11.attn.v_proj.experts.0.w_lora_A', 'transformer.resblocks.11.attn.v_proj.experts.0.w_lora_B', 'transformer.resblocks.11.attn.v_proj.experts.1.w_lora_A', 'transformer.resblocks.11.attn.v_proj.experts.1.w_lora_B', 'transformer.resblocks.11.attn.v_proj.experts.2.w_lora_A', 'transformer.resblocks.11.attn.v_proj.experts.2.w_lora_B', 'transformer.resblocks.11.attn.v_proj.experts.3.w_lora_A', 'transformer.resblocks.11.attn.v_proj.experts.3.w_lora_B', 'transformer.resblocks.11.attn.v_proj.experts.4.w_lora_A', 'transformer.resblocks.11.attn.v_proj.experts.4.w_lora_B', 'transformer.resblocks.11.attn.v_proj.experts.5.w_lora_A', 'transformer.resblocks.11.attn.v_proj.experts.5.w_lora_B']
LR: 0.000200, Acc: 72.2973, Loss: 0.9057
LR: 0.000200, Acc: 72.9730, Loss: 0.9491
LR: 0.000200, Acc: 77.7027, Loss: 0.7456
LR: 0.000200, Acc: 81.7568, Loss: 0.7084
LR: 0.000200, Acc: 81.7568, Loss: 0.6515
LR: 0.000200, Acc: 83.7838, Loss: 0.5210
LR: 0.000200, Acc: 83.1081, Loss: 0.4346
LR: 0.000200, Acc: 78.3784, Loss: 0.5845
LR: 0.000200, Acc: 82.4324, Loss: 0.5287
LR: 0.000200, Acc: 83.1081, Loss: 0.5256
LR: 0.000200, Acc: 87.1622, Loss: 0.4682
LR: 0.000200, Acc: 89.8649, Loss: 0.3336
LR: 0.000199, Acc: 93.2432, Loss: 0.2463
LR: 0.000199, Acc: 88.5135, Loss: 0.3559
LR: 0.000199, Acc: 85.1351, Loss: 0.4588
LR: 0.000199, Acc: 92.5676, Loss: 0.2920
LR: 0.000199, Acc: 93.2432, Loss: 0.3074
LR: 0.000199, Acc: 91.8919, Loss: 0.2842
LR: 0.000199, Acc: 91.8919, Loss: 0.2547
LR: 0.000199, Acc: 91.8919, Loss: 0.2399
LR: 0.000199, Acc: 94.5946, Loss: 0.2093
LR: 0.000199, Acc: 83.7838, Loss: 0.4435
LR: 0.000198, Acc: 95.2703, Loss: 0.1721
LR: 0.000198, Acc: 87.8378, Loss: 0.4198
LR: 0.000198, Acc: 91.2162, Loss: 0.2999
LR: 0.000198, Acc: 93.2432, Loss: 0.2216
LR: 0.000198, Acc: 93.9189, Loss: 0.1799
LR: 0.000198, Acc: 91.8919, Loss: 0.2202
LR: 0.000197, Acc: 94.5946, Loss: 0.2146
LR: 0.000197, Acc: 97.9730, Loss: 0.1000
LR: 0.000197, Acc: 94.5946, Loss: 0.1925
LR: 0.000197, Acc: 93.2432, Loss: 0.2692
LR: 0.000197, Acc: 89.8649, Loss: 0.2958
LR: 0.000196, Acc: 97.2973, Loss: 0.0761
LR: 0.000196, Acc: 93.2432, Loss: 0.2808
LR: 0.000196, Acc: 94.5946, Loss: 0.1568
LR: 0.000196, Acc: 92.5676, Loss: 0.2321
LR: 0.000196, Acc: 92.5676, Loss: 0.2831
LR: 0.000195, Acc: 95.2703, Loss: 0.1246
LR: 0.000195, Acc: 97.2973, Loss: 0.1086
LR: 0.000195, Acc: 93.2432, Loss: 0.2521
LR: 0.000195, Acc: 91.2162, Loss: 0.2598
LR: 0.000194, Acc: 91.8919, Loss: 0.3038
LR: 0.000194, Acc: 95.2703, Loss: 0.1534
LR: 0.000194, Acc: 95.9459, Loss: 0.1967
LR: 0.000194, Acc: 95.9459, Loss: 0.1924
LR: 0.000193, Acc: 98.6486, Loss: 0.0684
LR: 0.000193, Acc: 95.9459, Loss: 0.1174
LR: 0.000193, Acc: 94.5946, Loss: 0.1643
LR: 0.000192, Acc: 95.9459, Loss: 0.1663
LR: 0.000192, Acc: 95.2703, Loss: 0.1461
LR: 0.000192, Acc: 91.8919, Loss: 0.2671
LR: 0.000192, Acc: 99.3243, Loss: 0.0503
LR: 0.000191, Acc: 95.9459, Loss: 0.0826
LR: 0.000191, Acc: 95.2703, Loss: 0.1740
LR: 0.000191, Acc: 97.9730, Loss: 0.0993
LR: 0.000190, Acc: 99.3243, Loss: 0.0450
LR: 0.000190, Acc: 93.2432, Loss: 0.1898
LR: 0.000190, Acc: 95.9459, Loss: 0.1439
LR: 0.000189, Acc: 96.6216, Loss: 0.1620
LR: 0.000189, Acc: 98.6486, Loss: 0.0694
LR: 0.000188, Acc: 94.5946, Loss: 0.1956
LR: 0.000188, Acc: 95.9459, Loss: 0.1027
LR: 0.000188, Acc: 97.2973, Loss: 0.1321
LR: 0.000187, Acc: 97.2973, Loss: 0.0936
LR: 0.000187, Acc: 95.2703, Loss: 0.1883
LR: 0.000187, Acc: 95.9459, Loss: 0.1342
LR: 0.000186, Acc: 96.6216, Loss: 0.1648
LR: 0.000186, Acc: 97.9730, Loss: 0.0923
LR: 0.000185, Acc: 94.5946, Loss: 0.1658
LR: 0.000185, Acc: 94.5946, Loss: 0.1713
LR: 0.000185, Acc: 95.2703, Loss: 0.1488
LR: 0.000184, Acc: 96.6216, Loss: 0.1364
LR: 0.000184, Acc: 98.6486, Loss: 0.0590
LR: 0.000183, Acc: 96.6216, Loss: 0.1139
LR: 0.000183, Acc: 99.3243, Loss: 0.0298
LR: 0.000182, Acc: 97.9730, Loss: 0.1120
LR: 0.000182, Acc: 100.0000, Loss: 0.0201
LR: 0.000181, Acc: 96.6216, Loss: 0.0934
LR: 0.000181, Acc: 97.9730, Loss: 0.0840
LR: 0.000181, Acc: 95.2703, Loss: 0.1821
LR: 0.000180, Acc: 95.2703, Loss: 0.1536
LR: 0.000180, Acc: 96.6216, Loss: 0.1258
LR: 0.000179, Acc: 97.9730, Loss: 0.0921
LR: 0.000179, Acc: 98.6486, Loss: 0.0897
LR: 0.000178, Acc: 97.9730, Loss: 0.0777
LR: 0.000178, Acc: 97.9730, Loss: 0.0993
LR: 0.000177, Acc: 97.2973, Loss: 0.1292
LR: 0.000177, Acc: 97.9730, Loss: 0.0766
LR: 0.000176, Acc: 97.9730, Loss: 0.0716
LR: 0.000176, Acc: 96.6216, Loss: 0.1326
LR: 0.000175, Acc: 97.9730, Loss: 0.0653
LR: 0.000175, Acc: 97.2973, Loss: 0.0833
LR: 0.000174, Acc: 97.2973, Loss: 0.1070
LR: 0.000174, Acc: 99.3243, Loss: 0.0360
LR: 0.000173, Acc: 100.0000, Loss: 0.0191
LR: 0.000172, Acc: 97.9730, Loss: 0.0802
LR: 0.000172, Acc: 95.9459, Loss: 0.1288
LR: 0.000171, Acc: 99.3243, Loss: 0.0420
LR: 0.000171, Acc: 97.9730, Loss: 0.0726
LR: 0.000170, Acc: 97.9730, Loss: 0.0490
LR: 0.000170, Acc: 93.9189, Loss: 0.1904
LR: 0.000169, Acc: 97.9730, Loss: 0.1092
LR: 0.000169, Acc: 100.0000, Loss: 0.0097
LR: 0.000168, Acc: 98.6486, Loss: 0.0537
LR: 0.000167, Acc: 97.9730, Loss: 0.0919
LR: 0.000167, Acc: 97.2973, Loss: 0.0692
LR: 0.000166, Acc: 94.5946, Loss: 0.1850
LR: 0.000166, Acc: 97.2973, Loss: 0.0976
LR: 0.000165, Acc: 97.2973, Loss: 0.0865
LR: 0.000165, Acc: 97.9730, Loss: 0.0545
LR: 0.000164, Acc: 97.9730, Loss: 0.0726
LR: 0.000163, Acc: 96.6216, Loss: 0.0959
LR: 0.000163, Acc: 97.9730, Loss: 0.0492
LR: 0.000162, Acc: 100.0000, Loss: 0.0275
LR: 0.000161, Acc: 98.6486, Loss: 0.0624
LR: 0.000161, Acc: 95.2703, Loss: 0.1488
LR: 0.000160, Acc: 99.3243, Loss: 0.0260
LR: 0.000160, Acc: 97.2973, Loss: 0.0939
LR: 0.000159, Acc: 97.2973, Loss: 0.1640
LR: 0.000158, Acc: 99.3243, Loss: 0.0671
LR: 0.000158, Acc: 97.2973, Loss: 0.1004
LR: 0.000157, Acc: 97.2973, Loss: 0.0804
LR: 0.000156, Acc: 97.9730, Loss: 0.0664
LR: 0.000156, Acc: 97.9730, Loss: 0.1052
LR: 0.000155, Acc: 97.9730, Loss: 0.0740
LR: 0.000154, Acc: 96.6216, Loss: 0.1367
LR: 0.000154, Acc: 99.3243, Loss: 0.0423
LR: 0.000153, Acc: 98.6486, Loss: 0.0522
LR: 0.000152, Acc: 97.9730, Loss: 0.0612
LR: 0.000152, Acc: 96.6216, Loss: 0.1158
LR: 0.000151, Acc: 97.2973, Loss: 0.0634
LR: 0.000150, Acc: 99.3243, Loss: 0.0135
LR: 0.000150, Acc: 97.9730, Loss: 0.0670
LR: 0.000149, Acc: 97.2973, Loss: 0.0591
LR: 0.000148, Acc: 97.9730, Loss: 0.0883
LR: 0.000148, Acc: 97.9730, Loss: 0.0548
LR: 0.000147, Acc: 98.6486, Loss: 0.0883
LR: 0.000146, Acc: 97.9730, Loss: 0.0402
LR: 0.000146, Acc: 98.6486, Loss: 0.0268
LR: 0.000145, Acc: 98.6486, Loss: 0.0555
LR: 0.000144, Acc: 98.6486, Loss: 0.0321
LR: 0.000144, Acc: 96.6216, Loss: 0.0863
LR: 0.000143, Acc: 97.2973, Loss: 0.0475
LR: 0.000142, Acc: 99.3243, Loss: 0.0405
LR: 0.000141, Acc: 99.3243, Loss: 0.0478
LR: 0.000141, Acc: 98.6486, Loss: 0.0511
LR: 0.000140, Acc: 97.9730, Loss: 0.0595
LR: 0.000139, Acc: 97.9730, Loss: 0.0912
LR: 0.000139, Acc: 99.3243, Loss: 0.0289
LR: 0.000138, Acc: 99.3243, Loss: 0.0549
LR: 0.000137, Acc: 99.3243, Loss: 0.0636
LR: 0.000136, Acc: 97.2973, Loss: 0.1151
LR: 0.000136, Acc: 98.6486, Loss: 0.0574
LR: 0.000135, Acc: 98.6486, Loss: 0.0326
LR: 0.000134, Acc: 97.9730, Loss: 0.0677
LR: 0.000133, Acc: 97.9730, Loss: 0.0346
LR: 0.000133, Acc: 100.0000, Loss: 0.0125
LR: 0.000132, Acc: 99.3243, Loss: 0.0135
LR: 0.000131, Acc: 99.3243, Loss: 0.0255
LR: 0.000131, Acc: 97.2973, Loss: 0.1621
LR: 0.000130, Acc: 99.3243, Loss: 0.0283
LR: 0.000129, Acc: 97.9730, Loss: 0.0843
LR: 0.000128, Acc: 99.3243, Loss: 0.0379
LR: 0.000128, Acc: 98.6486, Loss: 0.0629
LR: 0.000127, Acc: 100.0000, Loss: 0.0046
LR: 0.000126, Acc: 99.3243, Loss: 0.0220
LR: 0.000125, Acc: 98.6486, Loss: 0.0383
LR: 0.000124, Acc: 98.6486, Loss: 0.0483
LR: 0.000124, Acc: 98.6486, Loss: 0.0499
LR: 0.000123, Acc: 97.9730, Loss: 0.0991
LR: 0.000122, Acc: 97.9730, Loss: 0.0440
LR: 0.000121, Acc: 98.6486, Loss: 0.0324
LR: 0.000121, Acc: 96.6216, Loss: 0.0936
LR: 0.000120, Acc: 98.6486, Loss: 0.0449
LR: 0.000119, Acc: 97.9730, Loss: 0.0763
LR: 0.000118, Acc: 97.2973, Loss: 0.0744
LR: 0.000118, Acc: 97.9730, Loss: 0.0451
LR: 0.000117, Acc: 99.3243, Loss: 0.0436
LR: 0.000116, Acc: 97.9730, Loss: 0.0491
LR: 0.000115, Acc: 98.6486, Loss: 0.0288
LR: 0.000115, Acc: 98.6486, Loss: 0.0694
LR: 0.000114, Acc: 100.0000, Loss: 0.0092
LR: 0.000113, Acc: 98.6486, Loss: 0.1193
LR: 0.000112, Acc: 99.3243, Loss: 0.0302
LR: 0.000111, Acc: 98.6486, Loss: 0.0380
LR: 0.000111, Acc: 98.6486, Loss: 0.0736
LR: 0.000110, Acc: 97.9730, Loss: 0.0758
LR: 0.000109, Acc: 99.3243, Loss: 0.0270
LR: 0.000108, Acc: 98.6486, Loss: 0.0410
LR: 0.000108, Acc: 100.0000, Loss: 0.0162
LR: 0.000107, Acc: 97.2973, Loss: 0.0793
LR: 0.000106, Acc: 99.3243, Loss: 0.0307
LR: 0.000105, Acc: 99.3243, Loss: 0.0595
LR: 0.000104, Acc: 100.0000, Loss: 0.0130
LR: 0.000104, Acc: 99.3243, Loss: 0.0248
LR: 0.000103, Acc: 96.6216, Loss: 0.0936
LR: 0.000102, Acc: 98.6486, Loss: 0.0560
LR: 0.000101, Acc: 99.3243, Loss: 0.0567
LR: 0.000100, Acc: 99.3243, Loss: 0.0455
LR: 0.000100, Acc: 99.3243, Loss: 0.0470
LR: 0.000099, Acc: 99.3243, Loss: 0.0223
LR: 0.000098, Acc: 97.9730, Loss: 0.0475
LR: 0.000097, Acc: 97.9730, Loss: 0.0951
LR: 0.000097, Acc: 98.6486, Loss: 0.0324
LR: 0.000096, Acc: 98.6486, Loss: 0.0734
LR: 0.000095, Acc: 100.0000, Loss: 0.0241
LR: 0.000094, Acc: 100.0000, Loss: 0.0237
LR: 0.000093, Acc: 98.6486, Loss: 0.0350
LR: 0.000093, Acc: 100.0000, Loss: 0.0115
LR: 0.000092, Acc: 100.0000, Loss: 0.0231
LR: 0.000091, Acc: 100.0000, Loss: 0.0112
LR: 0.000090, Acc: 98.6486, Loss: 0.0389
LR: 0.000090, Acc: 100.0000, Loss: 0.0059
LR: 0.000089, Acc: 99.3243, Loss: 0.0468
LR: 0.000088, Acc: 99.3243, Loss: 0.0309
LR: 0.000087, Acc: 97.9730, Loss: 0.0566
LR: 0.000086, Acc: 99.3243, Loss: 0.0558
LR: 0.000086, Acc: 98.6486, Loss: 0.0558
LR: 0.000085, Acc: 98.6486, Loss: 0.0474
LR: 0.000084, Acc: 99.3243, Loss: 0.0356
LR: 0.000083, Acc: 99.3243, Loss: 0.0368
LR: 0.000083, Acc: 98.6486, Loss: 0.0344
LR: 0.000082, Acc: 99.3243, Loss: 0.0371
LR: 0.000081, Acc: 97.2973, Loss: 0.0696
LR: 0.000080, Acc: 98.6486, Loss: 0.0479
LR: 0.000080, Acc: 99.3243, Loss: 0.0207
LR: 0.000079, Acc: 98.6486, Loss: 0.0471
LR: 0.000078, Acc: 100.0000, Loss: 0.0174
LR: 0.000077, Acc: 98.6486, Loss: 0.0336
LR: 0.000077, Acc: 99.3243, Loss: 0.0295
LR: 0.000076, Acc: 99.3243, Loss: 0.0082
LR: 0.000075, Acc: 100.0000, Loss: 0.0060
LR: 0.000074, Acc: 98.6486, Loss: 0.0391
LR: 0.000073, Acc: 98.6486, Loss: 0.0612
LR: 0.000073, Acc: 96.6216, Loss: 0.1058
LR: 0.000072, Acc: 98.6486, Loss: 0.0452
LR: 0.000071, Acc: 100.0000, Loss: 0.0101
LR: 0.000070, Acc: 100.0000, Loss: 0.0057
LR: 0.000070, Acc: 99.3243, Loss: 0.0245
LR: 0.000069, Acc: 95.9459, Loss: 0.1025
LR: 0.000068, Acc: 99.3243, Loss: 0.0397
LR: 0.000068, Acc: 100.0000, Loss: 0.0030
LR: 0.000067, Acc: 97.9730, Loss: 0.0591
LR: 0.000066, Acc: 97.9730, Loss: 0.0443
LR: 0.000065, Acc: 98.6486, Loss: 0.0503
LR: 0.000065, Acc: 100.0000, Loss: 0.0088
LR: 0.000064, Acc: 100.0000, Loss: 0.0080
LR: 0.000063, Acc: 99.3243, Loss: 0.0366
LR: 0.000062, Acc: 100.0000, Loss: 0.0106
LR: 0.000062, Acc: 99.3243, Loss: 0.0101
LR: 0.000061, Acc: 97.2973, Loss: 0.0651
LR: 0.000060, Acc: 100.0000, Loss: 0.0166
LR: 0.000060, Acc: 98.6486, Loss: 0.0575
LR: 0.000059, Acc: 98.6486, Loss: 0.0628
LR: 0.000058, Acc: 98.6486, Loss: 0.0469
LR: 0.000057, Acc: 98.6486, Loss: 0.0208
LR: 0.000057, Acc: 98.6486, Loss: 0.0255
LR: 0.000056, Acc: 97.9730, Loss: 0.0844
LR: 0.000055, Acc: 98.6486, Loss: 0.0373
LR: 0.000055, Acc: 99.3243, Loss: 0.0408
LR: 0.000054, Acc: 98.6486, Loss: 0.0560
LR: 0.000053, Acc: 99.3243, Loss: 0.0254
LR: 0.000053, Acc: 100.0000, Loss: 0.0095
LR: 0.000052, Acc: 100.0000, Loss: 0.0084
LR: 0.000051, Acc: 98.6486, Loss: 0.0390
LR: 0.000051, Acc: 99.3243, Loss: 0.0117
LR: 0.000050, Acc: 97.9730, Loss: 0.0344
LR: 0.000049, Acc: 100.0000, Loss: 0.0128
LR: 0.000049, Acc: 98.6486, Loss: 0.0387
LR: 0.000048, Acc: 97.9730, Loss: 0.0515
LR: 0.000047, Acc: 99.3243, Loss: 0.0229
LR: 0.000047, Acc: 99.3243, Loss: 0.0454
LR: 0.000046, Acc: 99.3243, Loss: 0.0427
LR: 0.000045, Acc: 97.9730, Loss: 0.0741
LR: 0.000045, Acc: 99.3243, Loss: 0.0309
LR: 0.000044, Acc: 100.0000, Loss: 0.0066
LR: 0.000043, Acc: 99.3243, Loss: 0.0404
LR: 0.000043, Acc: 100.0000, Loss: 0.0129
LR: 0.000042, Acc: 100.0000, Loss: 0.0046
LR: 0.000041, Acc: 98.6486, Loss: 0.0562
LR: 0.000041, Acc: 98.6486, Loss: 0.0389
LR: 0.000040, Acc: 99.3243, Loss: 0.0119
LR: 0.000040, Acc: 99.3243, Loss: 0.0128
LR: 0.000039, Acc: 100.0000, Loss: 0.0135
LR: 0.000038, Acc: 99.3243, Loss: 0.0146
LR: 0.000038, Acc: 99.3243, Loss: 0.0184
LR: 0.000037, Acc: 99.3243, Loss: 0.0245
LR: 0.000036, Acc: 99.3243, Loss: 0.0215
LR: 0.000036, Acc: 100.0000, Loss: 0.0114
LR: 0.000035, Acc: 99.3243, Loss: 0.0524
LR: 0.000035, Acc: 99.3243, Loss: 0.0179
LR: 0.000034, Acc: 99.3243, Loss: 0.0436
LR: 0.000034, Acc: 100.0000, Loss: 0.0117
LR: 0.000033, Acc: 98.6486, Loss: 0.0451
LR: 0.000032, Acc: 100.0000, Loss: 0.0018
LR: 0.000032, Acc: 98.6486, Loss: 0.0536
LR: 0.000031, Acc: 99.3243, Loss: 0.0141
LR: 0.000031, Acc: 99.3243, Loss: 0.0124
LR: 0.000030, Acc: 99.3243, Loss: 0.0273
LR: 0.000030, Acc: 98.6486, Loss: 0.0645
LR: 0.000029, Acc: 97.2973, Loss: 0.0500
LR: 0.000029, Acc: 99.3243, Loss: 0.0191
LR: 0.000028, Acc: 98.6486, Loss: 0.0263
LR: 0.000027, Acc: 99.3243, Loss: 0.0202
LR: 0.000027, Acc: 100.0000, Loss: 0.0066
LR: 0.000026, Acc: 99.3243, Loss: 0.0127
LR: 0.000026, Acc: 99.3243, Loss: 0.0189
LR: 0.000025, Acc: 99.3243, Loss: 0.0175
LR: 0.000025, Acc: 99.3243, Loss: 0.0275
LR: 0.000024, Acc: 100.0000, Loss: 0.0014
LR: 0.000024, Acc: 100.0000, Loss: 0.0079
LR: 0.000023, Acc: 98.6486, Loss: 0.0342
LR: 0.000023, Acc: 99.3243, Loss: 0.0285
LR: 0.000022, Acc: 100.0000, Loss: 0.0178
LR: 0.000022, Acc: 99.3243, Loss: 0.0284
LR: 0.000021, Acc: 98.6486, Loss: 0.0278
LR: 0.000021, Acc: 98.6486, Loss: 0.0431
LR: 0.000020, Acc: 99.3243, Loss: 0.0164
LR: 0.000020, Acc: 99.3243, Loss: 0.0518
LR: 0.000020, Acc: 99.3243, Loss: 0.0178
LR: 0.000019, Acc: 100.0000, Loss: 0.0018
LR: 0.000019, Acc: 99.3243, Loss: 0.0126
LR: 0.000018, Acc: 100.0000, Loss: 0.0111
LR: 0.000018, Acc: 99.3243, Loss: 0.0214
LR: 0.000017, Acc: 100.0000, Loss: 0.0148
LR: 0.000017, Acc: 99.3243, Loss: 0.0370
LR: 0.000016, Acc: 99.3243, Loss: 0.0124
LR: 0.000016, Acc: 99.3243, Loss: 0.0153
LR: 0.000016, Acc: 97.9730, Loss: 0.0737
LR: 0.000015, Acc: 97.9730, Loss: 0.0872
LR: 0.000015, Acc: 100.0000, Loss: 0.0150
LR: 0.000014, Acc: 99.3243, Loss: 0.0503
LR: 0.000014, Acc: 98.6486, Loss: 0.0387
LR: 0.000014, Acc: 98.6486, Loss: 0.0340
LR: 0.000013, Acc: 97.9730, Loss: 0.1051
LR: 0.000013, Acc: 99.3243, Loss: 0.0139
LR: 0.000013, Acc: 99.3243, Loss: 0.0205
LR: 0.000012, Acc: 99.3243, Loss: 0.0303
LR: 0.000012, Acc: 98.6486, Loss: 0.0505
LR: 0.000011, Acc: 97.9730, Loss: 0.0648
LR: 0.000011, Acc: 99.3243, Loss: 0.0136
LR: 0.000011, Acc: 99.3243, Loss: 0.0235
LR: 0.000010, Acc: 98.6486, Loss: 0.0282
LR: 0.000010, Acc: 98.6486, Loss: 0.0757
LR: 0.000010, Acc: 100.0000, Loss: 0.0023
LR: 0.000009, Acc: 99.3243, Loss: 0.0258
LR: 0.000009, Acc: 98.6486, Loss: 0.0816
LR: 0.000009, Acc: 100.0000, Loss: 0.0016
LR: 0.000009, Acc: 98.6486, Loss: 0.0256
LR: 0.000008, Acc: 99.3243, Loss: 0.0250
LR: 0.000008, Acc: 100.0000, Loss: 0.0114
LR: 0.000008, Acc: 97.2973, Loss: 0.1180
LR: 0.000007, Acc: 98.6486, Loss: 0.0333
LR: 0.000007, Acc: 99.3243, Loss: 0.0413
LR: 0.000007, Acc: 97.9730, Loss: 0.0622
LR: 0.000007, Acc: 98.6486, Loss: 0.0202
LR: 0.000006, Acc: 97.9730, Loss: 0.0785
LR: 0.000006, Acc: 100.0000, Loss: 0.0078
LR: 0.000006, Acc: 99.3243, Loss: 0.0184
LR: 0.000006, Acc: 99.3243, Loss: 0.0180
LR: 0.000005, Acc: 99.3243, Loss: 0.0215
LR: 0.000005, Acc: 100.0000, Loss: 0.0229
LR: 0.000005, Acc: 99.3243, Loss: 0.0162
LR: 0.000005, Acc: 100.0000, Loss: 0.0097
LR: 0.000005, Acc: 99.3243, Loss: 0.0225
LR: 0.000004, Acc: 100.0000, Loss: 0.0231
LR: 0.000004, Acc: 100.0000, Loss: 0.0067
LR: 0.000004, Acc: 100.0000, Loss: 0.0103
LR: 0.000004, Acc: 100.0000, Loss: 0.0109
LR: 0.000004, Acc: 100.0000, Loss: 0.0069
LR: 0.000003, Acc: 100.0000, Loss: 0.0029
LR: 0.000003, Acc: 99.3243, Loss: 0.0324
LR: 0.000003, Acc: 98.6486, Loss: 0.0384
LR: 0.000003, Acc: 98.6486, Loss: 0.0258
LR: 0.000003, Acc: 98.6486, Loss: 0.0589
LR: 0.000003, Acc: 99.3243, Loss: 0.0238
LR: 0.000002, Acc: 99.3243, Loss: 0.0258
LR: 0.000002, Acc: 99.3243, Loss: 0.0286
LR: 0.000002, Acc: 99.3243, Loss: 0.0197
LR: 0.000002, Acc: 99.3243, Loss: 0.0336
LR: 0.000002, Acc: 98.6486, Loss: 0.0413
LR: 0.000002, Acc: 97.2973, Loss: 0.0440
LR: 0.000002, Acc: 99.3243, Loss: 0.0280
LR: 0.000002, Acc: 99.3243, Loss: 0.0353
LR: 0.000002, Acc: 99.3243, Loss: 0.0234
LR: 0.000002, Acc: 96.6216, Loss: 0.0618
LR: 0.000001, Acc: 100.0000, Loss: 0.0063
LR: 0.000001, Acc: 100.0000, Loss: 0.0141
LR: 0.000001, Acc: 100.0000, Loss: 0.0176
LR: 0.000001, Acc: 99.3243, Loss: 0.0300
LR: 0.000001, Acc: 99.3243, Loss: 0.0429
LR: 0.000001, Acc: 100.0000, Loss: 0.0101
LR: 0.000001, Acc: 98.6486, Loss: 0.0334
LR: 0.000001, Acc: 98.6486, Loss: 0.0492
LR: 0.000001, Acc: 97.2973, Loss: 0.0532
LR: 0.000001, Acc: 99.3243, Loss: 0.0181
LR: 0.000001, Acc: 98.6486, Loss: 0.0500
LR: 0.000001, Acc: 98.6486, Loss: 0.0533
**** Final test accuracy: 86.67. ****

LoRA weights saved to weights/vitb16/oxford_pets/4shots/6experts/seed1/CLIP-MoLE_oxford_pets.pt
