created virtual environment CPython3.10.13.final.0-64 in 14012ms
  creator CPython3Posix(dest=/localscratch/pedro36.57070901.0/env, clear=False, no_vcs_ignore=False, global=False)
  seeder FromAppData(download=False, pip=bundle, setuptools=bundle, wheel=bundle, via=copy, app_data_dir=/home/pedro36/.local/share/virtualenv)
    added seed packages: pip==25.1.1, setuptools==80.7.1, wheel==0.45.1+computecanada
  activators BashActivator,CShellActivator,FishActivator,NushellActivator,PowerShellActivator,PythonActivator
Looking in links: /cvmfs/soft.computecanada.ca/custom/python/wheelhouse/gentoo2023/x86-64-v4, /cvmfs/soft.computecanada.ca/custom/python/wheelhouse/gentoo2023/x86-64-v3, /cvmfs/soft.computecanada.ca/custom/python/wheelhouse/gentoo2023/generic, /cvmfs/soft.computecanada.ca/custom/python/wheelhouse/generic
Requirement already satisfied: pip in /localscratch/pedro36.57070901.0/env/lib/python3.10/site-packages (25.1.1)
Looking in links: /cvmfs/soft.computecanada.ca/custom/python/wheelhouse/gentoo2023/x86-64-v4, /cvmfs/soft.computecanada.ca/custom/python/wheelhouse/gentoo2023/x86-64-v3, /cvmfs/soft.computecanada.ca/custom/python/wheelhouse/gentoo2023/generic, /cvmfs/soft.computecanada.ca/custom/python/wheelhouse/generic
Processing /cvmfs/soft.computecanada.ca/custom/python/wheelhouse/gentoo2023/x86-64-v3/torch-2.6.0+computecanada-cp310-cp310-linux_x86_64.whl
Processing /cvmfs/soft.computecanada.ca/custom/python/wheelhouse/gentoo2023/generic/torchvision-0.21.0+computecanada-cp310-cp310-linux_x86_64.whl
Processing /cvmfs/soft.computecanada.ca/custom/python/wheelhouse/gentoo2023/x86-64-v3/torchaudio-2.6.0+computecanada-cp310-cp310-linux_x86_64.whl
Processing /cvmfs/soft.computecanada.ca/custom/python/wheelhouse/generic/ftfy-6.3.0+computecanada-py3-none-any.whl
Processing /cvmfs/soft.computecanada.ca/custom/python/wheelhouse/gentoo2023/generic/scipy-1.15.1+computecanada-cp310-cp310-linux_x86_64.whl
Processing /cvmfs/soft.computecanada.ca/custom/python/wheelhouse/generic/regex-2024.9.11+computecanada-cp310-cp310-linux_x86_64.whl
Processing /cvmfs/soft.computecanada.ca/custom/python/wheelhouse/generic/tqdm-4.67.1+computecanada-py3-none-any.whl
Processing /cvmfs/soft.computecanada.ca/custom/python/wheelhouse/generic/gdown-5.2.0+computecanada-py3-none-any.whl
Processing /cvmfs/soft.computecanada.ca/custom/python/wheelhouse/gentoo2023/x86-64-v3/pandas-2.2.3+computecanada-cp310-cp310-linux_x86_64.whl
Processing /cvmfs/soft.computecanada.ca/custom/python/wheelhouse/generic/filelock-3.18.0+computecanada-py3-none-any.whl (from torch)
Processing /cvmfs/soft.computecanada.ca/custom/python/wheelhouse/generic/typing_extensions-4.14.0+computecanada-py3-none-any.whl (from torch)
Processing /cvmfs/soft.computecanada.ca/custom/python/wheelhouse/generic/networkx-3.5+computecanada-py3-none-any.whl (from torch)
Processing /cvmfs/soft.computecanada.ca/custom/python/wheelhouse/generic/jinja2-3.1.6+computecanada-py3-none-any.whl (from torch)
Processing /cvmfs/soft.computecanada.ca/custom/python/wheelhouse/generic/fsspec-2025.5.1+computecanada-py3-none-any.whl (from torch)
Processing /cvmfs/soft.computecanada.ca/custom/python/wheelhouse/generic/sympy-1.13.1+computecanada-py3-none-any.whl (from torch)
Processing /cvmfs/soft.computecanada.ca/custom/python/wheelhouse/generic/mpmath-1.3.0+computecanada-py3-none-any.whl (from sympy==1.13.1->torch)
Processing /cvmfs/soft.computecanada.ca/custom/python/wheelhouse/gentoo2023/generic/numpy-2.2.2+computecanada-cp310-cp310-linux_x86_64.whl (from torchvision)
Processing /cvmfs/soft.computecanada.ca/custom/python/wheelhouse/gentoo2023/x86-64-v3/Pillow_SIMD-9.5.0.post2+computecanada-cp310-cp310-linux_x86_64.whl (from torchvision)
Processing /cvmfs/soft.computecanada.ca/custom/python/wheelhouse/generic/wcwidth-0.2.13+computecanada-py2.py3-none-any.whl (from ftfy)
Processing /cvmfs/soft.computecanada.ca/custom/python/wheelhouse/generic/beautifulsoup4-4.13.4+computecanada-py3-none-any.whl (from gdown)
Processing /cvmfs/soft.computecanada.ca/custom/python/wheelhouse/generic/requests-2.32.4+computecanada-py3-none-any.whl (from gdown)
Processing /cvmfs/soft.computecanada.ca/custom/python/wheelhouse/generic/python_dateutil-2.9.0.post0+computecanada-py2.py3-none-any.whl (from pandas)
Processing /cvmfs/soft.computecanada.ca/custom/python/wheelhouse/generic/pytz-2025.2+computecanada-py2.py3-none-any.whl (from pandas)
Processing /cvmfs/soft.computecanada.ca/custom/python/wheelhouse/generic/tzdata-2025.2+computecanada-py2.py3-none-any.whl (from pandas)
Processing /cvmfs/soft.computecanada.ca/custom/python/wheelhouse/generic/six-1.17.0+computecanada-py2.py3-none-any.whl (from python-dateutil>=2.8.2->pandas)
Processing /cvmfs/soft.computecanada.ca/custom/python/wheelhouse/generic/soupsieve-2.7+computecanada-py3-none-any.whl (from beautifulsoup4->gdown)
Processing /cvmfs/soft.computecanada.ca/custom/python/wheelhouse/generic/MarkupSafe-2.1.5+computecanada-cp310-cp310-linux_x86_64.whl (from jinja2->torch)
INFO: pip is looking at multiple versions of networkx to determine which version is compatible with other requirements. This could take a while.
Processing /cvmfs/soft.computecanada.ca/custom/python/wheelhouse/generic/networkx-3.4.2+computecanada-py3-none-any.whl (from torch)
Processing /cvmfs/soft.computecanada.ca/custom/python/wheelhouse/generic/charset_normalizer-3.4.2+computecanada-py3-none-any.whl (from requests[socks]->gdown)
Processing /cvmfs/soft.computecanada.ca/custom/python/wheelhouse/generic/idna-3.10+computecanada-py3-none-any.whl (from requests[socks]->gdown)
Processing /cvmfs/soft.computecanada.ca/custom/python/wheelhouse/generic/urllib3-2.5.0+computecanada-py3-none-any.whl (from requests[socks]->gdown)
Processing /cvmfs/soft.computecanada.ca/custom/python/wheelhouse/generic/certifi-2025.6.15+computecanada-py3-none-any.whl (from requests[socks]->gdown)
Processing /cvmfs/soft.computecanada.ca/custom/python/wheelhouse/generic/PySocks-1.7.1+computecanada-py3-none-any.whl (from requests[socks]->gdown)
Installing collected packages: wcwidth, pytz, mpmath, urllib3, tzdata, typing-extensions, tqdm, sympy, soupsieve, six, regex, PySocks, pillow-simd, numpy, networkx, MarkupSafe, idna, ftfy, fsspec, filelock, charset-normalizer, certifi, scipy, requests, python-dateutil, jinja2, beautifulsoup4, torch, pandas, torchvision, torchaudio, gdown

Successfully installed MarkupSafe-2.1.5+computecanada PySocks-1.7.1+computecanada beautifulsoup4-4.13.4+computecanada certifi-2025.6.15+computecanada charset-normalizer-3.4.2+computecanada filelock-3.18.0+computecanada fsspec-2025.5.1+computecanada ftfy-6.3.0+computecanada gdown-5.2.0+computecanada idna-3.10+computecanada jinja2-3.1.6+computecanada mpmath-1.3.0+computecanada networkx-3.4.2+computecanada numpy-2.2.2+computecanada pandas-2.2.3+computecanada pillow-simd-9.5.0.post2+computecanada python-dateutil-2.9.0.post0+computecanada pytz-2025.2+computecanada regex-2024.9.11+computecanada requests-2.32.4+computecanada scipy-1.15.1+computecanada six-1.17.0+computecanada soupsieve-2.7+computecanada sympy-1.13.1+computecanada torch-2.6.0+computecanada torchaudio-2.6.0+computecanada torchvision-0.21.0+computecanada tqdm-4.67.1+computecanada typing-extensions-4.14.0+computecanada tzdata-2025.2+computecanada urllib3-2.5.0+computecanada wcwidth-0.2.13+computecanada
Preparing dataset.
Reading split from /home/pedro36/projects/def-leszek/pedro36/datasets/DATA/OxfordPets/split_zhou_OxfordPets.json
Creating a 2-shot dataset
Creating a 2-shot dataset

Getting textual features as CLIP's classifier.

Loading visual features and labels from val set.

Loading visual features and labels from test set.

**** Zero-shot CLIP's test accuracy: 88.20. ****

Residual Attention Block 0: ResidualAttentionBlock(
  (attn): MultiheadAttention(
    (out_proj): NonDynamicallyQuantizableLinear(in_features=512, out_features=512, bias=True)
  )
  (ln_1): LayerNorm((512,), eps=1e-05, elementwise_affine=True)
  (mlp): Sequential(
    (c_fc): Linear(in_features=512, out_features=2048, bias=True)
    (gelu): QuickGELU()
    (c_proj): Linear(in_features=2048, out_features=512, bias=True)
  )
  (ln_2): LayerNorm((512,), eps=1e-05, elementwise_affine=True)
)
Residual Attention Block 1: ResidualAttentionBlock(
  (attn): MultiheadAttention(
    (out_proj): NonDynamicallyQuantizableLinear(in_features=512, out_features=512, bias=True)
  )
  (ln_1): LayerNorm((512,), eps=1e-05, elementwise_affine=True)
  (mlp): Sequential(
    (c_fc): Linear(in_features=512, out_features=2048, bias=True)
    (gelu): QuickGELU()
    (c_proj): Linear(in_features=2048, out_features=512, bias=True)
  )
  (ln_2): LayerNorm((512,), eps=1e-05, elementwise_affine=True)
)
Residual Attention Block 2: ResidualAttentionBlock(
  (attn): MultiheadAttention(
    (out_proj): NonDynamicallyQuantizableLinear(in_features=512, out_features=512, bias=True)
  )
  (ln_1): LayerNorm((512,), eps=1e-05, elementwise_affine=True)
  (mlp): Sequential(
    (c_fc): Linear(in_features=512, out_features=2048, bias=True)
    (gelu): QuickGELU()
    (c_proj): Linear(in_features=2048, out_features=512, bias=True)
  )
  (ln_2): LayerNorm((512,), eps=1e-05, elementwise_affine=True)
)
Residual Attention Block 3: ResidualAttentionBlock(
  (attn): MultiheadAttention(
    (out_proj): NonDynamicallyQuantizableLinear(in_features=512, out_features=512, bias=True)
  )
  (ln_1): LayerNorm((512,), eps=1e-05, elementwise_affine=True)
  (mlp): Sequential(
    (c_fc): Linear(in_features=512, out_features=2048, bias=True)
    (gelu): QuickGELU()
    (c_proj): Linear(in_features=2048, out_features=512, bias=True)
  )
  (ln_2): LayerNorm((512,), eps=1e-05, elementwise_affine=True)
)
Residual Attention Block 4: ResidualAttentionBlock(
  (attn): MultiheadAttention(
    (out_proj): NonDynamicallyQuantizableLinear(in_features=512, out_features=512, bias=True)
  )
  (ln_1): LayerNorm((512,), eps=1e-05, elementwise_affine=True)
  (mlp): Sequential(
    (c_fc): Linear(in_features=512, out_features=2048, bias=True)
    (gelu): QuickGELU()
    (c_proj): Linear(in_features=2048, out_features=512, bias=True)
  )
  (ln_2): LayerNorm((512,), eps=1e-05, elementwise_affine=True)
)
Residual Attention Block 5: ResidualAttentionBlock(
  (attn): MultiheadAttention(
    (out_proj): NonDynamicallyQuantizableLinear(in_features=512, out_features=512, bias=True)
  )
  (ln_1): LayerNorm((512,), eps=1e-05, elementwise_affine=True)
  (mlp): Sequential(
    (c_fc): Linear(in_features=512, out_features=2048, bias=True)
    (gelu): QuickGELU()
    (c_proj): Linear(in_features=2048, out_features=512, bias=True)
  )
  (ln_2): LayerNorm((512,), eps=1e-05, elementwise_affine=True)
)
Residual Attention Block 6: ResidualAttentionBlock(
  (attn): MultiheadAttention(
    (out_proj): NonDynamicallyQuantizableLinear(in_features=512, out_features=512, bias=True)
  )
  (ln_1): LayerNorm((512,), eps=1e-05, elementwise_affine=True)
  (mlp): Sequential(
    (c_fc): Linear(in_features=512, out_features=2048, bias=True)
    (gelu): QuickGELU()
    (c_proj): Linear(in_features=2048, out_features=512, bias=True)
  )
  (ln_2): LayerNorm((512,), eps=1e-05, elementwise_affine=True)
)
Residual Attention Block 7: ResidualAttentionBlock(
  (attn): MultiheadAttention(
    (out_proj): NonDynamicallyQuantizableLinear(in_features=512, out_features=512, bias=True)
  )
  (ln_1): LayerNorm((512,), eps=1e-05, elementwise_affine=True)
  (mlp): Sequential(
    (c_fc): Linear(in_features=512, out_features=2048, bias=True)
    (gelu): QuickGELU()
    (c_proj): Linear(in_features=2048, out_features=512, bias=True)
  )
  (ln_2): LayerNorm((512,), eps=1e-05, elementwise_affine=True)
)
Residual Attention Block 8: ResidualAttentionBlock(
  (attn): MultiheadAttention(
    (out_proj): NonDynamicallyQuantizableLinear(in_features=512, out_features=512, bias=True)
  )
  (ln_1): LayerNorm((512,), eps=1e-05, elementwise_affine=True)
  (mlp): Sequential(
    (c_fc): Linear(in_features=512, out_features=2048, bias=True)
    (gelu): QuickGELU()
    (c_proj): Linear(in_features=2048, out_features=512, bias=True)
  )
  (ln_2): LayerNorm((512,), eps=1e-05, elementwise_affine=True)
)
Residual Attention Block 9: ResidualAttentionBlock(
  (attn): MultiheadAttention(
    (out_proj): NonDynamicallyQuantizableLinear(in_features=512, out_features=512, bias=True)
  )
  (ln_1): LayerNorm((512,), eps=1e-05, elementwise_affine=True)
  (mlp): Sequential(
    (c_fc): Linear(in_features=512, out_features=2048, bias=True)
    (gelu): QuickGELU()
    (c_proj): Linear(in_features=2048, out_features=512, bias=True)
  )
  (ln_2): LayerNorm((512,), eps=1e-05, elementwise_affine=True)
)
Residual Attention Block 10: ResidualAttentionBlock(
  (attn): MultiheadAttention(
    (out_proj): NonDynamicallyQuantizableLinear(in_features=512, out_features=512, bias=True)
  )
  (ln_1): LayerNorm((512,), eps=1e-05, elementwise_affine=True)
  (mlp): Sequential(
    (c_fc): Linear(in_features=512, out_features=2048, bias=True)
    (gelu): QuickGELU()
    (c_proj): Linear(in_features=2048, out_features=512, bias=True)
  )
  (ln_2): LayerNorm((512,), eps=1e-05, elementwise_affine=True)
)
Residual Attention Block 11: ResidualAttentionBlock(
  (attn): MultiheadAttention(
    (out_proj): NonDynamicallyQuantizableLinear(in_features=512, out_features=512, bias=True)
  )
  (ln_1): LayerNorm((512,), eps=1e-05, elementwise_affine=True)
  (mlp): Sequential(
    (c_fc): Linear(in_features=512, out_features=2048, bias=True)
    (gelu): QuickGELU()
    (c_proj): Linear(in_features=2048, out_features=512, bias=True)
  )
  (ln_2): LayerNorm((512,), eps=1e-05, elementwise_affine=True)
)
Residual Attention Block 0: ResidualAttentionBlock(
  (attn): MultiheadAttention(
    (out_proj): NonDynamicallyQuantizableLinear(in_features=768, out_features=768, bias=True)
  )
  (ln_1): LayerNorm((768,), eps=1e-05, elementwise_affine=True)
  (mlp): Sequential(
    (c_fc): Linear(in_features=768, out_features=3072, bias=True)
    (gelu): QuickGELU()
    (c_proj): Linear(in_features=3072, out_features=768, bias=True)
  )
  (ln_2): LayerNorm((768,), eps=1e-05, elementwise_affine=True)
)
Residual Attention Block 1: ResidualAttentionBlock(
  (attn): MultiheadAttention(
    (out_proj): NonDynamicallyQuantizableLinear(in_features=768, out_features=768, bias=True)
  )
  (ln_1): LayerNorm((768,), eps=1e-05, elementwise_affine=True)
  (mlp): Sequential(
    (c_fc): Linear(in_features=768, out_features=3072, bias=True)
    (gelu): QuickGELU()
    (c_proj): Linear(in_features=3072, out_features=768, bias=True)
  )
  (ln_2): LayerNorm((768,), eps=1e-05, elementwise_affine=True)
)
Residual Attention Block 2: ResidualAttentionBlock(
  (attn): MultiheadAttention(
    (out_proj): NonDynamicallyQuantizableLinear(in_features=768, out_features=768, bias=True)
  )
  (ln_1): LayerNorm((768,), eps=1e-05, elementwise_affine=True)
  (mlp): Sequential(
    (c_fc): Linear(in_features=768, out_features=3072, bias=True)
    (gelu): QuickGELU()
    (c_proj): Linear(in_features=3072, out_features=768, bias=True)
  )
  (ln_2): LayerNorm((768,), eps=1e-05, elementwise_affine=True)
)
Residual Attention Block 3: ResidualAttentionBlock(
  (attn): MultiheadAttention(
    (out_proj): NonDynamicallyQuantizableLinear(in_features=768, out_features=768, bias=True)
  )
  (ln_1): LayerNorm((768,), eps=1e-05, elementwise_affine=True)
  (mlp): Sequential(
    (c_fc): Linear(in_features=768, out_features=3072, bias=True)
    (gelu): QuickGELU()
    (c_proj): Linear(in_features=3072, out_features=768, bias=True)
  )
  (ln_2): LayerNorm((768,), eps=1e-05, elementwise_affine=True)
)
Residual Attention Block 4: ResidualAttentionBlock(
  (attn): MultiheadAttention(
    (out_proj): NonDynamicallyQuantizableLinear(in_features=768, out_features=768, bias=True)
  )
  (ln_1): LayerNorm((768,), eps=1e-05, elementwise_affine=True)
  (mlp): Sequential(
    (c_fc): Linear(in_features=768, out_features=3072, bias=True)
    (gelu): QuickGELU()
    (c_proj): Linear(in_features=3072, out_features=768, bias=True)
  )
  (ln_2): LayerNorm((768,), eps=1e-05, elementwise_affine=True)
)
Residual Attention Block 5: ResidualAttentionBlock(
  (attn): MultiheadAttention(
    (out_proj): NonDynamicallyQuantizableLinear(in_features=768, out_features=768, bias=True)
  )
  (ln_1): LayerNorm((768,), eps=1e-05, elementwise_affine=True)
  (mlp): Sequential(
    (c_fc): Linear(in_features=768, out_features=3072, bias=True)
    (gelu): QuickGELU()
    (c_proj): Linear(in_features=3072, out_features=768, bias=True)
  )
  (ln_2): LayerNorm((768,), eps=1e-05, elementwise_affine=True)
)
Residual Attention Block 6: ResidualAttentionBlock(
  (attn): MultiheadAttention(
    (out_proj): NonDynamicallyQuantizableLinear(in_features=768, out_features=768, bias=True)
  )
  (ln_1): LayerNorm((768,), eps=1e-05, elementwise_affine=True)
  (mlp): Sequential(
    (c_fc): Linear(in_features=768, out_features=3072, bias=True)
    (gelu): QuickGELU()
    (c_proj): Linear(in_features=3072, out_features=768, bias=True)
  )
  (ln_2): LayerNorm((768,), eps=1e-05, elementwise_affine=True)
)
Residual Attention Block 7: ResidualAttentionBlock(
  (attn): MultiheadAttention(
    (out_proj): NonDynamicallyQuantizableLinear(in_features=768, out_features=768, bias=True)
  )
  (ln_1): LayerNorm((768,), eps=1e-05, elementwise_affine=True)
  (mlp): Sequential(
    (c_fc): Linear(in_features=768, out_features=3072, bias=True)
    (gelu): QuickGELU()
    (c_proj): Linear(in_features=3072, out_features=768, bias=True)
  )
  (ln_2): LayerNorm((768,), eps=1e-05, elementwise_affine=True)
)
Residual Attention Block 8: ResidualAttentionBlock(
  (attn): MultiheadAttention(
    (out_proj): NonDynamicallyQuantizableLinear(in_features=768, out_features=768, bias=True)
  )
  (ln_1): LayerNorm((768,), eps=1e-05, elementwise_affine=True)
  (mlp): Sequential(
    (c_fc): Linear(in_features=768, out_features=3072, bias=True)
    (gelu): QuickGELU()
    (c_proj): Linear(in_features=3072, out_features=768, bias=True)
  )
  (ln_2): LayerNorm((768,), eps=1e-05, elementwise_affine=True)
)
Residual Attention Block 9: ResidualAttentionBlock(
  (attn): MultiheadAttention(
    (out_proj): NonDynamicallyQuantizableLinear(in_features=768, out_features=768, bias=True)
  )
  (ln_1): LayerNorm((768,), eps=1e-05, elementwise_affine=True)
  (mlp): Sequential(
    (c_fc): Linear(in_features=768, out_features=3072, bias=True)
    (gelu): QuickGELU()
    (c_proj): Linear(in_features=3072, out_features=768, bias=True)
  )
  (ln_2): LayerNorm((768,), eps=1e-05, elementwise_affine=True)
)
Residual Attention Block 10: ResidualAttentionBlock(
  (attn): MultiheadAttention(
    (out_proj): NonDynamicallyQuantizableLinear(in_features=768, out_features=768, bias=True)
  )
  (ln_1): LayerNorm((768,), eps=1e-05, elementwise_affine=True)
  (mlp): Sequential(
    (c_fc): Linear(in_features=768, out_features=3072, bias=True)
    (gelu): QuickGELU()
    (c_proj): Linear(in_features=3072, out_features=768, bias=True)
  )
  (ln_2): LayerNorm((768,), eps=1e-05, elementwise_affine=True)
)
Residual Attention Block 11: ResidualAttentionBlock(
  (attn): MultiheadAttention(
    (out_proj): NonDynamicallyQuantizableLinear(in_features=768, out_features=768, bias=True)
  )
  (ln_1): LayerNorm((768,), eps=1e-05, elementwise_affine=True)
  (mlp): Sequential(
    (c_fc): Linear(in_features=768, out_features=3072, bias=True)
    (gelu): QuickGELU()
    (c_proj): Linear(in_features=3072, out_features=768, bias=True)
  )
  (ln_2): LayerNorm((768,), eps=1e-05, elementwise_affine=True)
)
Trainable parameters: ['visual.transformer.resblocks.0.attn.q_proj.router.gate.weight', 'visual.transformer.resblocks.0.attn.q_proj.experts.0.w_lora_A', 'visual.transformer.resblocks.0.attn.q_proj.experts.0.w_lora_B', 'visual.transformer.resblocks.0.attn.q_proj.experts.1.w_lora_A', 'visual.transformer.resblocks.0.attn.q_proj.experts.1.w_lora_B', 'visual.transformer.resblocks.0.attn.q_proj.experts.2.w_lora_A', 'visual.transformer.resblocks.0.attn.q_proj.experts.2.w_lora_B', 'visual.transformer.resblocks.0.attn.q_proj.experts.3.w_lora_A', 'visual.transformer.resblocks.0.attn.q_proj.experts.3.w_lora_B', 'visual.transformer.resblocks.0.attn.q_proj.experts.4.w_lora_A', 'visual.transformer.resblocks.0.attn.q_proj.experts.4.w_lora_B', 'visual.transformer.resblocks.0.attn.q_proj.experts.5.w_lora_A', 'visual.transformer.resblocks.0.attn.q_proj.experts.5.w_lora_B', 'visual.transformer.resblocks.0.attn.k_proj.router.gate.weight', 'visual.transformer.resblocks.0.attn.k_proj.experts.0.w_lora_A', 'visual.transformer.resblocks.0.attn.k_proj.experts.0.w_lora_B', 'visual.transformer.resblocks.0.attn.k_proj.experts.1.w_lora_A', 'visual.transformer.resblocks.0.attn.k_proj.experts.1.w_lora_B', 'visual.transformer.resblocks.0.attn.k_proj.experts.2.w_lora_A', 'visual.transformer.resblocks.0.attn.k_proj.experts.2.w_lora_B', 'visual.transformer.resblocks.0.attn.k_proj.experts.3.w_lora_A', 'visual.transformer.resblocks.0.attn.k_proj.experts.3.w_lora_B', 'visual.transformer.resblocks.0.attn.k_proj.experts.4.w_lora_A', 'visual.transformer.resblocks.0.attn.k_proj.experts.4.w_lora_B', 'visual.transformer.resblocks.0.attn.k_proj.experts.5.w_lora_A', 'visual.transformer.resblocks.0.attn.k_proj.experts.5.w_lora_B', 'visual.transformer.resblocks.0.attn.v_proj.router.gate.weight', 'visual.transformer.resblocks.0.attn.v_proj.experts.0.w_lora_A', 'visual.transformer.resblocks.0.attn.v_proj.experts.0.w_lora_B', 'visual.transformer.resblocks.0.attn.v_proj.experts.1.w_lora_A', 'visual.transformer.resblocks.0.attn.v_proj.experts.1.w_lora_B', 'visual.transformer.resblocks.0.attn.v_proj.experts.2.w_lora_A', 'visual.transformer.resblocks.0.attn.v_proj.experts.2.w_lora_B', 'visual.transformer.resblocks.0.attn.v_proj.experts.3.w_lora_A', 'visual.transformer.resblocks.0.attn.v_proj.experts.3.w_lora_B', 'visual.transformer.resblocks.0.attn.v_proj.experts.4.w_lora_A', 'visual.transformer.resblocks.0.attn.v_proj.experts.4.w_lora_B', 'visual.transformer.resblocks.0.attn.v_proj.experts.5.w_lora_A', 'visual.transformer.resblocks.0.attn.v_proj.experts.5.w_lora_B', 'visual.transformer.resblocks.1.attn.q_proj.router.gate.weight', 'visual.transformer.resblocks.1.attn.q_proj.experts.0.w_lora_A', 'visual.transformer.resblocks.1.attn.q_proj.experts.0.w_lora_B', 'visual.transformer.resblocks.1.attn.q_proj.experts.1.w_lora_A', 'visual.transformer.resblocks.1.attn.q_proj.experts.1.w_lora_B', 'visual.transformer.resblocks.1.attn.q_proj.experts.2.w_lora_A', 'visual.transformer.resblocks.1.attn.q_proj.experts.2.w_lora_B', 'visual.transformer.resblocks.1.attn.q_proj.experts.3.w_lora_A', 'visual.transformer.resblocks.1.attn.q_proj.experts.3.w_lora_B', 'visual.transformer.resblocks.1.attn.q_proj.experts.4.w_lora_A', 'visual.transformer.resblocks.1.attn.q_proj.experts.4.w_lora_B', 'visual.transformer.resblocks.1.attn.q_proj.experts.5.w_lora_A', 'visual.transformer.resblocks.1.attn.q_proj.experts.5.w_lora_B', 'visual.transformer.resblocks.1.attn.k_proj.router.gate.weight', 'visual.transformer.resblocks.1.attn.k_proj.experts.0.w_lora_A', 'visual.transformer.resblocks.1.attn.k_proj.experts.0.w_lora_B', 'visual.transformer.resblocks.1.attn.k_proj.experts.1.w_lora_A', 'visual.transformer.resblocks.1.attn.k_proj.experts.1.w_lora_B', 'visual.transformer.resblocks.1.attn.k_proj.experts.2.w_lora_A', 'visual.transformer.resblocks.1.attn.k_proj.experts.2.w_lora_B', 'visual.transformer.resblocks.1.attn.k_proj.experts.3.w_lora_A', 'visual.transformer.resblocks.1.attn.k_proj.experts.3.w_lora_B', 'visual.transformer.resblocks.1.attn.k_proj.experts.4.w_lora_A', 'visual.transformer.resblocks.1.attn.k_proj.experts.4.w_lora_B', 'visual.transformer.resblocks.1.attn.k_proj.experts.5.w_lora_A', 'visual.transformer.resblocks.1.attn.k_proj.experts.5.w_lora_B', 'visual.transformer.resblocks.1.attn.v_proj.router.gate.weight', 'visual.transformer.resblocks.1.attn.v_proj.experts.0.w_lora_A', 'visual.transformer.resblocks.1.attn.v_proj.experts.0.w_lora_B', 'visual.transformer.resblocks.1.attn.v_proj.experts.1.w_lora_A', 'visual.transformer.resblocks.1.attn.v_proj.experts.1.w_lora_B', 'visual.transformer.resblocks.1.attn.v_proj.experts.2.w_lora_A', 'visual.transformer.resblocks.1.attn.v_proj.experts.2.w_lora_B', 'visual.transformer.resblocks.1.attn.v_proj.experts.3.w_lora_A', 'visual.transformer.resblocks.1.attn.v_proj.experts.3.w_lora_B', 'visual.transformer.resblocks.1.attn.v_proj.experts.4.w_lora_A', 'visual.transformer.resblocks.1.attn.v_proj.experts.4.w_lora_B', 'visual.transformer.resblocks.1.attn.v_proj.experts.5.w_lora_A', 'visual.transformer.resblocks.1.attn.v_proj.experts.5.w_lora_B', 'visual.transformer.resblocks.2.attn.q_proj.router.gate.weight', 'visual.transformer.resblocks.2.attn.q_proj.experts.0.w_lora_A', 'visual.transformer.resblocks.2.attn.q_proj.experts.0.w_lora_B', 'visual.transformer.resblocks.2.attn.q_proj.experts.1.w_lora_A', 'visual.transformer.resblocks.2.attn.q_proj.experts.1.w_lora_B', 'visual.transformer.resblocks.2.attn.q_proj.experts.2.w_lora_A', 'visual.transformer.resblocks.2.attn.q_proj.experts.2.w_lora_B', 'visual.transformer.resblocks.2.attn.q_proj.experts.3.w_lora_A', 'visual.transformer.resblocks.2.attn.q_proj.experts.3.w_lora_B', 'visual.transformer.resblocks.2.attn.q_proj.experts.4.w_lora_A', 'visual.transformer.resblocks.2.attn.q_proj.experts.4.w_lora_B', 'visual.transformer.resblocks.2.attn.q_proj.experts.5.w_lora_A', 'visual.transformer.resblocks.2.attn.q_proj.experts.5.w_lora_B', 'visual.transformer.resblocks.2.attn.k_proj.router.gate.weight', 'visual.transformer.resblocks.2.attn.k_proj.experts.0.w_lora_A', 'visual.transformer.resblocks.2.attn.k_proj.experts.0.w_lora_B', 'visual.transformer.resblocks.2.attn.k_proj.experts.1.w_lora_A', 'visual.transformer.resblocks.2.attn.k_proj.experts.1.w_lora_B', 'visual.transformer.resblocks.2.attn.k_proj.experts.2.w_lora_A', 'visual.transformer.resblocks.2.attn.k_proj.experts.2.w_lora_B', 'visual.transformer.resblocks.2.attn.k_proj.experts.3.w_lora_A', 'visual.transformer.resblocks.2.attn.k_proj.experts.3.w_lora_B', 'visual.transformer.resblocks.2.attn.k_proj.experts.4.w_lora_A', 'visual.transformer.resblocks.2.attn.k_proj.experts.4.w_lora_B', 'visual.transformer.resblocks.2.attn.k_proj.experts.5.w_lora_A', 'visual.transformer.resblocks.2.attn.k_proj.experts.5.w_lora_B', 'visual.transformer.resblocks.2.attn.v_proj.router.gate.weight', 'visual.transformer.resblocks.2.attn.v_proj.experts.0.w_lora_A', 'visual.transformer.resblocks.2.attn.v_proj.experts.0.w_lora_B', 'visual.transformer.resblocks.2.attn.v_proj.experts.1.w_lora_A', 'visual.transformer.resblocks.2.attn.v_proj.experts.1.w_lora_B', 'visual.transformer.resblocks.2.attn.v_proj.experts.2.w_lora_A', 'visual.transformer.resblocks.2.attn.v_proj.experts.2.w_lora_B', 'visual.transformer.resblocks.2.attn.v_proj.experts.3.w_lora_A', 'visual.transformer.resblocks.2.attn.v_proj.experts.3.w_lora_B', 'visual.transformer.resblocks.2.attn.v_proj.experts.4.w_lora_A', 'visual.transformer.resblocks.2.attn.v_proj.experts.4.w_lora_B', 'visual.transformer.resblocks.2.attn.v_proj.experts.5.w_lora_A', 'visual.transformer.resblocks.2.attn.v_proj.experts.5.w_lora_B', 'visual.transformer.resblocks.3.attn.q_proj.router.gate.weight', 'visual.transformer.resblocks.3.attn.q_proj.experts.0.w_lora_A', 'visual.transformer.resblocks.3.attn.q_proj.experts.0.w_lora_B', 'visual.transformer.resblocks.3.attn.q_proj.experts.1.w_lora_A', 'visual.transformer.resblocks.3.attn.q_proj.experts.1.w_lora_B', 'visual.transformer.resblocks.3.attn.q_proj.experts.2.w_lora_A', 'visual.transformer.resblocks.3.attn.q_proj.experts.2.w_lora_B', 'visual.transformer.resblocks.3.attn.q_proj.experts.3.w_lora_A', 'visual.transformer.resblocks.3.attn.q_proj.experts.3.w_lora_B', 'visual.transformer.resblocks.3.attn.q_proj.experts.4.w_lora_A', 'visual.transformer.resblocks.3.attn.q_proj.experts.4.w_lora_B', 'visual.transformer.resblocks.3.attn.q_proj.experts.5.w_lora_A', 'visual.transformer.resblocks.3.attn.q_proj.experts.5.w_lora_B', 'visual.transformer.resblocks.3.attn.k_proj.router.gate.weight', 'visual.transformer.resblocks.3.attn.k_proj.experts.0.w_lora_A', 'visual.transformer.resblocks.3.attn.k_proj.experts.0.w_lora_B', 'visual.transformer.resblocks.3.attn.k_proj.experts.1.w_lora_A', 'visual.transformer.resblocks.3.attn.k_proj.experts.1.w_lora_B', 'visual.transformer.resblocks.3.attn.k_proj.experts.2.w_lora_A', 'visual.transformer.resblocks.3.attn.k_proj.experts.2.w_lora_B', 'visual.transformer.resblocks.3.attn.k_proj.experts.3.w_lora_A', 'visual.transformer.resblocks.3.attn.k_proj.experts.3.w_lora_B', 'visual.transformer.resblocks.3.attn.k_proj.experts.4.w_lora_A', 'visual.transformer.resblocks.3.attn.k_proj.experts.4.w_lora_B', 'visual.transformer.resblocks.3.attn.k_proj.experts.5.w_lora_A', 'visual.transformer.resblocks.3.attn.k_proj.experts.5.w_lora_B', 'visual.transformer.resblocks.3.attn.v_proj.router.gate.weight', 'visual.transformer.resblocks.3.attn.v_proj.experts.0.w_lora_A', 'visual.transformer.resblocks.3.attn.v_proj.experts.0.w_lora_B', 'visual.transformer.resblocks.3.attn.v_proj.experts.1.w_lora_A', 'visual.transformer.resblocks.3.attn.v_proj.experts.1.w_lora_B', 'visual.transformer.resblocks.3.attn.v_proj.experts.2.w_lora_A', 'visual.transformer.resblocks.3.attn.v_proj.experts.2.w_lora_B', 'visual.transformer.resblocks.3.attn.v_proj.experts.3.w_lora_A', 'visual.transformer.resblocks.3.attn.v_proj.experts.3.w_lora_B', 'visual.transformer.resblocks.3.attn.v_proj.experts.4.w_lora_A', 'visual.transformer.resblocks.3.attn.v_proj.experts.4.w_lora_B', 'visual.transformer.resblocks.3.attn.v_proj.experts.5.w_lora_A', 'visual.transformer.resblocks.3.attn.v_proj.experts.5.w_lora_B', 'visual.transformer.resblocks.4.attn.q_proj.router.gate.weight', 'visual.transformer.resblocks.4.attn.q_proj.experts.0.w_lora_A', 'visual.transformer.resblocks.4.attn.q_proj.experts.0.w_lora_B', 'visual.transformer.resblocks.4.attn.q_proj.experts.1.w_lora_A', 'visual.transformer.resblocks.4.attn.q_proj.experts.1.w_lora_B', 'visual.transformer.resblocks.4.attn.q_proj.experts.2.w_lora_A', 'visual.transformer.resblocks.4.attn.q_proj.experts.2.w_lora_B', 'visual.transformer.resblocks.4.attn.q_proj.experts.3.w_lora_A', 'visual.transformer.resblocks.4.attn.q_proj.experts.3.w_lora_B', 'visual.transformer.resblocks.4.attn.q_proj.experts.4.w_lora_A', 'visual.transformer.resblocks.4.attn.q_proj.experts.4.w_lora_B', 'visual.transformer.resblocks.4.attn.q_proj.experts.5.w_lora_A', 'visual.transformer.resblocks.4.attn.q_proj.experts.5.w_lora_B', 'visual.transformer.resblocks.4.attn.k_proj.router.gate.weight', 'visual.transformer.resblocks.4.attn.k_proj.experts.0.w_lora_A', 'visual.transformer.resblocks.4.attn.k_proj.experts.0.w_lora_B', 'visual.transformer.resblocks.4.attn.k_proj.experts.1.w_lora_A', 'visual.transformer.resblocks.4.attn.k_proj.experts.1.w_lora_B', 'visual.transformer.resblocks.4.attn.k_proj.experts.2.w_lora_A', 'visual.transformer.resblocks.4.attn.k_proj.experts.2.w_lora_B', 'visual.transformer.resblocks.4.attn.k_proj.experts.3.w_lora_A', 'visual.transformer.resblocks.4.attn.k_proj.experts.3.w_lora_B', 'visual.transformer.resblocks.4.attn.k_proj.experts.4.w_lora_A', 'visual.transformer.resblocks.4.attn.k_proj.experts.4.w_lora_B', 'visual.transformer.resblocks.4.attn.k_proj.experts.5.w_lora_A', 'visual.transformer.resblocks.4.attn.k_proj.experts.5.w_lora_B', 'visual.transformer.resblocks.4.attn.v_proj.router.gate.weight', 'visual.transformer.resblocks.4.attn.v_proj.experts.0.w_lora_A', 'visual.transformer.resblocks.4.attn.v_proj.experts.0.w_lora_B', 'visual.transformer.resblocks.4.attn.v_proj.experts.1.w_lora_A', 'visual.transformer.resblocks.4.attn.v_proj.experts.1.w_lora_B', 'visual.transformer.resblocks.4.attn.v_proj.experts.2.w_lora_A', 'visual.transformer.resblocks.4.attn.v_proj.experts.2.w_lora_B', 'visual.transformer.resblocks.4.attn.v_proj.experts.3.w_lora_A', 'visual.transformer.resblocks.4.attn.v_proj.experts.3.w_lora_B', 'visual.transformer.resblocks.4.attn.v_proj.experts.4.w_lora_A', 'visual.transformer.resblocks.4.attn.v_proj.experts.4.w_lora_B', 'visual.transformer.resblocks.4.attn.v_proj.experts.5.w_lora_A', 'visual.transformer.resblocks.4.attn.v_proj.experts.5.w_lora_B', 'visual.transformer.resblocks.5.attn.q_proj.router.gate.weight', 'visual.transformer.resblocks.5.attn.q_proj.experts.0.w_lora_A', 'visual.transformer.resblocks.5.attn.q_proj.experts.0.w_lora_B', 'visual.transformer.resblocks.5.attn.q_proj.experts.1.w_lora_A', 'visual.transformer.resblocks.5.attn.q_proj.experts.1.w_lora_B', 'visual.transformer.resblocks.5.attn.q_proj.experts.2.w_lora_A', 'visual.transformer.resblocks.5.attn.q_proj.experts.2.w_lora_B', 'visual.transformer.resblocks.5.attn.q_proj.experts.3.w_lora_A', 'visual.transformer.resblocks.5.attn.q_proj.experts.3.w_lora_B', 'visual.transformer.resblocks.5.attn.q_proj.experts.4.w_lora_A', 'visual.transformer.resblocks.5.attn.q_proj.experts.4.w_lora_B', 'visual.transformer.resblocks.5.attn.q_proj.experts.5.w_lora_A', 'visual.transformer.resblocks.5.attn.q_proj.experts.5.w_lora_B', 'visual.transformer.resblocks.5.attn.k_proj.router.gate.weight', 'visual.transformer.resblocks.5.attn.k_proj.experts.0.w_lora_A', 'visual.transformer.resblocks.5.attn.k_proj.experts.0.w_lora_B', 'visual.transformer.resblocks.5.attn.k_proj.experts.1.w_lora_A', 'visual.transformer.resblocks.5.attn.k_proj.experts.1.w_lora_B', 'visual.transformer.resblocks.5.attn.k_proj.experts.2.w_lora_A', 'visual.transformer.resblocks.5.attn.k_proj.experts.2.w_lora_B', 'visual.transformer.resblocks.5.attn.k_proj.experts.3.w_lora_A', 'visual.transformer.resblocks.5.attn.k_proj.experts.3.w_lora_B', 'visual.transformer.resblocks.5.attn.k_proj.experts.4.w_lora_A', 'visual.transformer.resblocks.5.attn.k_proj.experts.4.w_lora_B', 'visual.transformer.resblocks.5.attn.k_proj.experts.5.w_lora_A', 'visual.transformer.resblocks.5.attn.k_proj.experts.5.w_lora_B', 'visual.transformer.resblocks.5.attn.v_proj.router.gate.weight', 'visual.transformer.resblocks.5.attn.v_proj.experts.0.w_lora_A', 'visual.transformer.resblocks.5.attn.v_proj.experts.0.w_lora_B', 'visual.transformer.resblocks.5.attn.v_proj.experts.1.w_lora_A', 'visual.transformer.resblocks.5.attn.v_proj.experts.1.w_lora_B', 'visual.transformer.resblocks.5.attn.v_proj.experts.2.w_lora_A', 'visual.transformer.resblocks.5.attn.v_proj.experts.2.w_lora_B', 'visual.transformer.resblocks.5.attn.v_proj.experts.3.w_lora_A', 'visual.transformer.resblocks.5.attn.v_proj.experts.3.w_lora_B', 'visual.transformer.resblocks.5.attn.v_proj.experts.4.w_lora_A', 'visual.transformer.resblocks.5.attn.v_proj.experts.4.w_lora_B', 'visual.transformer.resblocks.5.attn.v_proj.experts.5.w_lora_A', 'visual.transformer.resblocks.5.attn.v_proj.experts.5.w_lora_B', 'visual.transformer.resblocks.6.attn.q_proj.router.gate.weight', 'visual.transformer.resblocks.6.attn.q_proj.experts.0.w_lora_A', 'visual.transformer.resblocks.6.attn.q_proj.experts.0.w_lora_B', 'visual.transformer.resblocks.6.attn.q_proj.experts.1.w_lora_A', 'visual.transformer.resblocks.6.attn.q_proj.experts.1.w_lora_B', 'visual.transformer.resblocks.6.attn.q_proj.experts.2.w_lora_A', 'visual.transformer.resblocks.6.attn.q_proj.experts.2.w_lora_B', 'visual.transformer.resblocks.6.attn.q_proj.experts.3.w_lora_A', 'visual.transformer.resblocks.6.attn.q_proj.experts.3.w_lora_B', 'visual.transformer.resblocks.6.attn.q_proj.experts.4.w_lora_A', 'visual.transformer.resblocks.6.attn.q_proj.experts.4.w_lora_B', 'visual.transformer.resblocks.6.attn.q_proj.experts.5.w_lora_A', 'visual.transformer.resblocks.6.attn.q_proj.experts.5.w_lora_B', 'visual.transformer.resblocks.6.attn.k_proj.router.gate.weight', 'visual.transformer.resblocks.6.attn.k_proj.experts.0.w_lora_A', 'visual.transformer.resblocks.6.attn.k_proj.experts.0.w_lora_B', 'visual.transformer.resblocks.6.attn.k_proj.experts.1.w_lora_A', 'visual.transformer.resblocks.6.attn.k_proj.experts.1.w_lora_B', 'visual.transformer.resblocks.6.attn.k_proj.experts.2.w_lora_A', 'visual.transformer.resblocks.6.attn.k_proj.experts.2.w_lora_B', 'visual.transformer.resblocks.6.attn.k_proj.experts.3.w_lora_A', 'visual.transformer.resblocks.6.attn.k_proj.experts.3.w_lora_B', 'visual.transformer.resblocks.6.attn.k_proj.experts.4.w_lora_A', 'visual.transformer.resblocks.6.attn.k_proj.experts.4.w_lora_B', 'visual.transformer.resblocks.6.attn.k_proj.experts.5.w_lora_A', 'visual.transformer.resblocks.6.attn.k_proj.experts.5.w_lora_B', 'visual.transformer.resblocks.6.attn.v_proj.router.gate.weight', 'visual.transformer.resblocks.6.attn.v_proj.experts.0.w_lora_A', 'visual.transformer.resblocks.6.attn.v_proj.experts.0.w_lora_B', 'visual.transformer.resblocks.6.attn.v_proj.experts.1.w_lora_A', 'visual.transformer.resblocks.6.attn.v_proj.experts.1.w_lora_B', 'visual.transformer.resblocks.6.attn.v_proj.experts.2.w_lora_A', 'visual.transformer.resblocks.6.attn.v_proj.experts.2.w_lora_B', 'visual.transformer.resblocks.6.attn.v_proj.experts.3.w_lora_A', 'visual.transformer.resblocks.6.attn.v_proj.experts.3.w_lora_B', 'visual.transformer.resblocks.6.attn.v_proj.experts.4.w_lora_A', 'visual.transformer.resblocks.6.attn.v_proj.experts.4.w_lora_B', 'visual.transformer.resblocks.6.attn.v_proj.experts.5.w_lora_A', 'visual.transformer.resblocks.6.attn.v_proj.experts.5.w_lora_B', 'visual.transformer.resblocks.7.attn.q_proj.router.gate.weight', 'visual.transformer.resblocks.7.attn.q_proj.experts.0.w_lora_A', 'visual.transformer.resblocks.7.attn.q_proj.experts.0.w_lora_B', 'visual.transformer.resblocks.7.attn.q_proj.experts.1.w_lora_A', 'visual.transformer.resblocks.7.attn.q_proj.experts.1.w_lora_B', 'visual.transformer.resblocks.7.attn.q_proj.experts.2.w_lora_A', 'visual.transformer.resblocks.7.attn.q_proj.experts.2.w_lora_B', 'visual.transformer.resblocks.7.attn.q_proj.experts.3.w_lora_A', 'visual.transformer.resblocks.7.attn.q_proj.experts.3.w_lora_B', 'visual.transformer.resblocks.7.attn.q_proj.experts.4.w_lora_A', 'visual.transformer.resblocks.7.attn.q_proj.experts.4.w_lora_B', 'visual.transformer.resblocks.7.attn.q_proj.experts.5.w_lora_A', 'visual.transformer.resblocks.7.attn.q_proj.experts.5.w_lora_B', 'visual.transformer.resblocks.7.attn.k_proj.router.gate.weight', 'visual.transformer.resblocks.7.attn.k_proj.experts.0.w_lora_A', 'visual.transformer.resblocks.7.attn.k_proj.experts.0.w_lora_B', 'visual.transformer.resblocks.7.attn.k_proj.experts.1.w_lora_A', 'visual.transformer.resblocks.7.attn.k_proj.experts.1.w_lora_B', 'visual.transformer.resblocks.7.attn.k_proj.experts.2.w_lora_A', 'visual.transformer.resblocks.7.attn.k_proj.experts.2.w_lora_B', 'visual.transformer.resblocks.7.attn.k_proj.experts.3.w_lora_A', 'visual.transformer.resblocks.7.attn.k_proj.experts.3.w_lora_B', 'visual.transformer.resblocks.7.attn.k_proj.experts.4.w_lora_A', 'visual.transformer.resblocks.7.attn.k_proj.experts.4.w_lora_B', 'visual.transformer.resblocks.7.attn.k_proj.experts.5.w_lora_A', 'visual.transformer.resblocks.7.attn.k_proj.experts.5.w_lora_B', 'visual.transformer.resblocks.7.attn.v_proj.router.gate.weight', 'visual.transformer.resblocks.7.attn.v_proj.experts.0.w_lora_A', 'visual.transformer.resblocks.7.attn.v_proj.experts.0.w_lora_B', 'visual.transformer.resblocks.7.attn.v_proj.experts.1.w_lora_A', 'visual.transformer.resblocks.7.attn.v_proj.experts.1.w_lora_B', 'visual.transformer.resblocks.7.attn.v_proj.experts.2.w_lora_A', 'visual.transformer.resblocks.7.attn.v_proj.experts.2.w_lora_B', 'visual.transformer.resblocks.7.attn.v_proj.experts.3.w_lora_A', 'visual.transformer.resblocks.7.attn.v_proj.experts.3.w_lora_B', 'visual.transformer.resblocks.7.attn.v_proj.experts.4.w_lora_A', 'visual.transformer.resblocks.7.attn.v_proj.experts.4.w_lora_B', 'visual.transformer.resblocks.7.attn.v_proj.experts.5.w_lora_A', 'visual.transformer.resblocks.7.attn.v_proj.experts.5.w_lora_B', 'visual.transformer.resblocks.8.attn.q_proj.router.gate.weight', 'visual.transformer.resblocks.8.attn.q_proj.experts.0.w_lora_A', 'visual.transformer.resblocks.8.attn.q_proj.experts.0.w_lora_B', 'visual.transformer.resblocks.8.attn.q_proj.experts.1.w_lora_A', 'visual.transformer.resblocks.8.attn.q_proj.experts.1.w_lora_B', 'visual.transformer.resblocks.8.attn.q_proj.experts.2.w_lora_A', 'visual.transformer.resblocks.8.attn.q_proj.experts.2.w_lora_B', 'visual.transformer.resblocks.8.attn.q_proj.experts.3.w_lora_A', 'visual.transformer.resblocks.8.attn.q_proj.experts.3.w_lora_B', 'visual.transformer.resblocks.8.attn.q_proj.experts.4.w_lora_A', 'visual.transformer.resblocks.8.attn.q_proj.experts.4.w_lora_B', 'visual.transformer.resblocks.8.attn.q_proj.experts.5.w_lora_A', 'visual.transformer.resblocks.8.attn.q_proj.experts.5.w_lora_B', 'visual.transformer.resblocks.8.attn.k_proj.router.gate.weight', 'visual.transformer.resblocks.8.attn.k_proj.experts.0.w_lora_A', 'visual.transformer.resblocks.8.attn.k_proj.experts.0.w_lora_B', 'visual.transformer.resblocks.8.attn.k_proj.experts.1.w_lora_A', 'visual.transformer.resblocks.8.attn.k_proj.experts.1.w_lora_B', 'visual.transformer.resblocks.8.attn.k_proj.experts.2.w_lora_A', 'visual.transformer.resblocks.8.attn.k_proj.experts.2.w_lora_B', 'visual.transformer.resblocks.8.attn.k_proj.experts.3.w_lora_A', 'visual.transformer.resblocks.8.attn.k_proj.experts.3.w_lora_B', 'visual.transformer.resblocks.8.attn.k_proj.experts.4.w_lora_A', 'visual.transformer.resblocks.8.attn.k_proj.experts.4.w_lora_B', 'visual.transformer.resblocks.8.attn.k_proj.experts.5.w_lora_A', 'visual.transformer.resblocks.8.attn.k_proj.experts.5.w_lora_B', 'visual.transformer.resblocks.8.attn.v_proj.router.gate.weight', 'visual.transformer.resblocks.8.attn.v_proj.experts.0.w_lora_A', 'visual.transformer.resblocks.8.attn.v_proj.experts.0.w_lora_B', 'visual.transformer.resblocks.8.attn.v_proj.experts.1.w_lora_A', 'visual.transformer.resblocks.8.attn.v_proj.experts.1.w_lora_B', 'visual.transformer.resblocks.8.attn.v_proj.experts.2.w_lora_A', 'visual.transformer.resblocks.8.attn.v_proj.experts.2.w_lora_B', 'visual.transformer.resblocks.8.attn.v_proj.experts.3.w_lora_A', 'visual.transformer.resblocks.8.attn.v_proj.experts.3.w_lora_B', 'visual.transformer.resblocks.8.attn.v_proj.experts.4.w_lora_A', 'visual.transformer.resblocks.8.attn.v_proj.experts.4.w_lora_B', 'visual.transformer.resblocks.8.attn.v_proj.experts.5.w_lora_A', 'visual.transformer.resblocks.8.attn.v_proj.experts.5.w_lora_B', 'visual.transformer.resblocks.9.attn.q_proj.router.gate.weight', 'visual.transformer.resblocks.9.attn.q_proj.experts.0.w_lora_A', 'visual.transformer.resblocks.9.attn.q_proj.experts.0.w_lora_B', 'visual.transformer.resblocks.9.attn.q_proj.experts.1.w_lora_A', 'visual.transformer.resblocks.9.attn.q_proj.experts.1.w_lora_B', 'visual.transformer.resblocks.9.attn.q_proj.experts.2.w_lora_A', 'visual.transformer.resblocks.9.attn.q_proj.experts.2.w_lora_B', 'visual.transformer.resblocks.9.attn.q_proj.experts.3.w_lora_A', 'visual.transformer.resblocks.9.attn.q_proj.experts.3.w_lora_B', 'visual.transformer.resblocks.9.attn.q_proj.experts.4.w_lora_A', 'visual.transformer.resblocks.9.attn.q_proj.experts.4.w_lora_B', 'visual.transformer.resblocks.9.attn.q_proj.experts.5.w_lora_A', 'visual.transformer.resblocks.9.attn.q_proj.experts.5.w_lora_B', 'visual.transformer.resblocks.9.attn.k_proj.router.gate.weight', 'visual.transformer.resblocks.9.attn.k_proj.experts.0.w_lora_A', 'visual.transformer.resblocks.9.attn.k_proj.experts.0.w_lora_B', 'visual.transformer.resblocks.9.attn.k_proj.experts.1.w_lora_A', 'visual.transformer.resblocks.9.attn.k_proj.experts.1.w_lora_B', 'visual.transformer.resblocks.9.attn.k_proj.experts.2.w_lora_A', 'visual.transformer.resblocks.9.attn.k_proj.experts.2.w_lora_B', 'visual.transformer.resblocks.9.attn.k_proj.experts.3.w_lora_A', 'visual.transformer.resblocks.9.attn.k_proj.experts.3.w_lora_B', 'visual.transformer.resblocks.9.attn.k_proj.experts.4.w_lora_A', 'visual.transformer.resblocks.9.attn.k_proj.experts.4.w_lora_B', 'visual.transformer.resblocks.9.attn.k_proj.experts.5.w_lora_A', 'visual.transformer.resblocks.9.attn.k_proj.experts.5.w_lora_B', 'visual.transformer.resblocks.9.attn.v_proj.router.gate.weight', 'visual.transformer.resblocks.9.attn.v_proj.experts.0.w_lora_A', 'visual.transformer.resblocks.9.attn.v_proj.experts.0.w_lora_B', 'visual.transformer.resblocks.9.attn.v_proj.experts.1.w_lora_A', 'visual.transformer.resblocks.9.attn.v_proj.experts.1.w_lora_B', 'visual.transformer.resblocks.9.attn.v_proj.experts.2.w_lora_A', 'visual.transformer.resblocks.9.attn.v_proj.experts.2.w_lora_B', 'visual.transformer.resblocks.9.attn.v_proj.experts.3.w_lora_A', 'visual.transformer.resblocks.9.attn.v_proj.experts.3.w_lora_B', 'visual.transformer.resblocks.9.attn.v_proj.experts.4.w_lora_A', 'visual.transformer.resblocks.9.attn.v_proj.experts.4.w_lora_B', 'visual.transformer.resblocks.9.attn.v_proj.experts.5.w_lora_A', 'visual.transformer.resblocks.9.attn.v_proj.experts.5.w_lora_B', 'visual.transformer.resblocks.10.attn.q_proj.router.gate.weight', 'visual.transformer.resblocks.10.attn.q_proj.experts.0.w_lora_A', 'visual.transformer.resblocks.10.attn.q_proj.experts.0.w_lora_B', 'visual.transformer.resblocks.10.attn.q_proj.experts.1.w_lora_A', 'visual.transformer.resblocks.10.attn.q_proj.experts.1.w_lora_B', 'visual.transformer.resblocks.10.attn.q_proj.experts.2.w_lora_A', 'visual.transformer.resblocks.10.attn.q_proj.experts.2.w_lora_B', 'visual.transformer.resblocks.10.attn.q_proj.experts.3.w_lora_A', 'visual.transformer.resblocks.10.attn.q_proj.experts.3.w_lora_B', 'visual.transformer.resblocks.10.attn.q_proj.experts.4.w_lora_A', 'visual.transformer.resblocks.10.attn.q_proj.experts.4.w_lora_B', 'visual.transformer.resblocks.10.attn.q_proj.experts.5.w_lora_A', 'visual.transformer.resblocks.10.attn.q_proj.experts.5.w_lora_B', 'visual.transformer.resblocks.10.attn.k_proj.router.gate.weight', 'visual.transformer.resblocks.10.attn.k_proj.experts.0.w_lora_A', 'visual.transformer.resblocks.10.attn.k_proj.experts.0.w_lora_B', 'visual.transformer.resblocks.10.attn.k_proj.experts.1.w_lora_A', 'visual.transformer.resblocks.10.attn.k_proj.experts.1.w_lora_B', 'visual.transformer.resblocks.10.attn.k_proj.experts.2.w_lora_A', 'visual.transformer.resblocks.10.attn.k_proj.experts.2.w_lora_B', 'visual.transformer.resblocks.10.attn.k_proj.experts.3.w_lora_A', 'visual.transformer.resblocks.10.attn.k_proj.experts.3.w_lora_B', 'visual.transformer.resblocks.10.attn.k_proj.experts.4.w_lora_A', 'visual.transformer.resblocks.10.attn.k_proj.experts.4.w_lora_B', 'visual.transformer.resblocks.10.attn.k_proj.experts.5.w_lora_A', 'visual.transformer.resblocks.10.attn.k_proj.experts.5.w_lora_B', 'visual.transformer.resblocks.10.attn.v_proj.router.gate.weight', 'visual.transformer.resblocks.10.attn.v_proj.experts.0.w_lora_A', 'visual.transformer.resblocks.10.attn.v_proj.experts.0.w_lora_B', 'visual.transformer.resblocks.10.attn.v_proj.experts.1.w_lora_A', 'visual.transformer.resblocks.10.attn.v_proj.experts.1.w_lora_B', 'visual.transformer.resblocks.10.attn.v_proj.experts.2.w_lora_A', 'visual.transformer.resblocks.10.attn.v_proj.experts.2.w_lora_B', 'visual.transformer.resblocks.10.attn.v_proj.experts.3.w_lora_A', 'visual.transformer.resblocks.10.attn.v_proj.experts.3.w_lora_B', 'visual.transformer.resblocks.10.attn.v_proj.experts.4.w_lora_A', 'visual.transformer.resblocks.10.attn.v_proj.experts.4.w_lora_B', 'visual.transformer.resblocks.10.attn.v_proj.experts.5.w_lora_A', 'visual.transformer.resblocks.10.attn.v_proj.experts.5.w_lora_B', 'visual.transformer.resblocks.11.attn.q_proj.router.gate.weight', 'visual.transformer.resblocks.11.attn.q_proj.experts.0.w_lora_A', 'visual.transformer.resblocks.11.attn.q_proj.experts.0.w_lora_B', 'visual.transformer.resblocks.11.attn.q_proj.experts.1.w_lora_A', 'visual.transformer.resblocks.11.attn.q_proj.experts.1.w_lora_B', 'visual.transformer.resblocks.11.attn.q_proj.experts.2.w_lora_A', 'visual.transformer.resblocks.11.attn.q_proj.experts.2.w_lora_B', 'visual.transformer.resblocks.11.attn.q_proj.experts.3.w_lora_A', 'visual.transformer.resblocks.11.attn.q_proj.experts.3.w_lora_B', 'visual.transformer.resblocks.11.attn.q_proj.experts.4.w_lora_A', 'visual.transformer.resblocks.11.attn.q_proj.experts.4.w_lora_B', 'visual.transformer.resblocks.11.attn.q_proj.experts.5.w_lora_A', 'visual.transformer.resblocks.11.attn.q_proj.experts.5.w_lora_B', 'visual.transformer.resblocks.11.attn.k_proj.router.gate.weight', 'visual.transformer.resblocks.11.attn.k_proj.experts.0.w_lora_A', 'visual.transformer.resblocks.11.attn.k_proj.experts.0.w_lora_B', 'visual.transformer.resblocks.11.attn.k_proj.experts.1.w_lora_A', 'visual.transformer.resblocks.11.attn.k_proj.experts.1.w_lora_B', 'visual.transformer.resblocks.11.attn.k_proj.experts.2.w_lora_A', 'visual.transformer.resblocks.11.attn.k_proj.experts.2.w_lora_B', 'visual.transformer.resblocks.11.attn.k_proj.experts.3.w_lora_A', 'visual.transformer.resblocks.11.attn.k_proj.experts.3.w_lora_B', 'visual.transformer.resblocks.11.attn.k_proj.experts.4.w_lora_A', 'visual.transformer.resblocks.11.attn.k_proj.experts.4.w_lora_B', 'visual.transformer.resblocks.11.attn.k_proj.experts.5.w_lora_A', 'visual.transformer.resblocks.11.attn.k_proj.experts.5.w_lora_B', 'visual.transformer.resblocks.11.attn.v_proj.router.gate.weight', 'visual.transformer.resblocks.11.attn.v_proj.experts.0.w_lora_A', 'visual.transformer.resblocks.11.attn.v_proj.experts.0.w_lora_B', 'visual.transformer.resblocks.11.attn.v_proj.experts.1.w_lora_A', 'visual.transformer.resblocks.11.attn.v_proj.experts.1.w_lora_B', 'visual.transformer.resblocks.11.attn.v_proj.experts.2.w_lora_A', 'visual.transformer.resblocks.11.attn.v_proj.experts.2.w_lora_B', 'visual.transformer.resblocks.11.attn.v_proj.experts.3.w_lora_A', 'visual.transformer.resblocks.11.attn.v_proj.experts.3.w_lora_B', 'visual.transformer.resblocks.11.attn.v_proj.experts.4.w_lora_A', 'visual.transformer.resblocks.11.attn.v_proj.experts.4.w_lora_B', 'visual.transformer.resblocks.11.attn.v_proj.experts.5.w_lora_A', 'visual.transformer.resblocks.11.attn.v_proj.experts.5.w_lora_B', 'transformer.resblocks.0.attn.q_proj.router.gate.weight', 'transformer.resblocks.0.attn.q_proj.experts.0.w_lora_A', 'transformer.resblocks.0.attn.q_proj.experts.0.w_lora_B', 'transformer.resblocks.0.attn.q_proj.experts.1.w_lora_A', 'transformer.resblocks.0.attn.q_proj.experts.1.w_lora_B', 'transformer.resblocks.0.attn.q_proj.experts.2.w_lora_A', 'transformer.resblocks.0.attn.q_proj.experts.2.w_lora_B', 'transformer.resblocks.0.attn.q_proj.experts.3.w_lora_A', 'transformer.resblocks.0.attn.q_proj.experts.3.w_lora_B', 'transformer.resblocks.0.attn.q_proj.experts.4.w_lora_A', 'transformer.resblocks.0.attn.q_proj.experts.4.w_lora_B', 'transformer.resblocks.0.attn.q_proj.experts.5.w_lora_A', 'transformer.resblocks.0.attn.q_proj.experts.5.w_lora_B', 'transformer.resblocks.0.attn.k_proj.router.gate.weight', 'transformer.resblocks.0.attn.k_proj.experts.0.w_lora_A', 'transformer.resblocks.0.attn.k_proj.experts.0.w_lora_B', 'transformer.resblocks.0.attn.k_proj.experts.1.w_lora_A', 'transformer.resblocks.0.attn.k_proj.experts.1.w_lora_B', 'transformer.resblocks.0.attn.k_proj.experts.2.w_lora_A', 'transformer.resblocks.0.attn.k_proj.experts.2.w_lora_B', 'transformer.resblocks.0.attn.k_proj.experts.3.w_lora_A', 'transformer.resblocks.0.attn.k_proj.experts.3.w_lora_B', 'transformer.resblocks.0.attn.k_proj.experts.4.w_lora_A', 'transformer.resblocks.0.attn.k_proj.experts.4.w_lora_B', 'transformer.resblocks.0.attn.k_proj.experts.5.w_lora_A', 'transformer.resblocks.0.attn.k_proj.experts.5.w_lora_B', 'transformer.resblocks.0.attn.v_proj.router.gate.weight', 'transformer.resblocks.0.attn.v_proj.experts.0.w_lora_A', 'transformer.resblocks.0.attn.v_proj.experts.0.w_lora_B', 'transformer.resblocks.0.attn.v_proj.experts.1.w_lora_A', 'transformer.resblocks.0.attn.v_proj.experts.1.w_lora_B', 'transformer.resblocks.0.attn.v_proj.experts.2.w_lora_A', 'transformer.resblocks.0.attn.v_proj.experts.2.w_lora_B', 'transformer.resblocks.0.attn.v_proj.experts.3.w_lora_A', 'transformer.resblocks.0.attn.v_proj.experts.3.w_lora_B', 'transformer.resblocks.0.attn.v_proj.experts.4.w_lora_A', 'transformer.resblocks.0.attn.v_proj.experts.4.w_lora_B', 'transformer.resblocks.0.attn.v_proj.experts.5.w_lora_A', 'transformer.resblocks.0.attn.v_proj.experts.5.w_lora_B', 'transformer.resblocks.1.attn.q_proj.router.gate.weight', 'transformer.resblocks.1.attn.q_proj.experts.0.w_lora_A', 'transformer.resblocks.1.attn.q_proj.experts.0.w_lora_B', 'transformer.resblocks.1.attn.q_proj.experts.1.w_lora_A', 'transformer.resblocks.1.attn.q_proj.experts.1.w_lora_B', 'transformer.resblocks.1.attn.q_proj.experts.2.w_lora_A', 'transformer.resblocks.1.attn.q_proj.experts.2.w_lora_B', 'transformer.resblocks.1.attn.q_proj.experts.3.w_lora_A', 'transformer.resblocks.1.attn.q_proj.experts.3.w_lora_B', 'transformer.resblocks.1.attn.q_proj.experts.4.w_lora_A', 'transformer.resblocks.1.attn.q_proj.experts.4.w_lora_B', 'transformer.resblocks.1.attn.q_proj.experts.5.w_lora_A', 'transformer.resblocks.1.attn.q_proj.experts.5.w_lora_B', 'transformer.resblocks.1.attn.k_proj.router.gate.weight', 'transformer.resblocks.1.attn.k_proj.experts.0.w_lora_A', 'transformer.resblocks.1.attn.k_proj.experts.0.w_lora_B', 'transformer.resblocks.1.attn.k_proj.experts.1.w_lora_A', 'transformer.resblocks.1.attn.k_proj.experts.1.w_lora_B', 'transformer.resblocks.1.attn.k_proj.experts.2.w_lora_A', 'transformer.resblocks.1.attn.k_proj.experts.2.w_lora_B', 'transformer.resblocks.1.attn.k_proj.experts.3.w_lora_A', 'transformer.resblocks.1.attn.k_proj.experts.3.w_lora_B', 'transformer.resblocks.1.attn.k_proj.experts.4.w_lora_A', 'transformer.resblocks.1.attn.k_proj.experts.4.w_lora_B', 'transformer.resblocks.1.attn.k_proj.experts.5.w_lora_A', 'transformer.resblocks.1.attn.k_proj.experts.5.w_lora_B', 'transformer.resblocks.1.attn.v_proj.router.gate.weight', 'transformer.resblocks.1.attn.v_proj.experts.0.w_lora_A', 'transformer.resblocks.1.attn.v_proj.experts.0.w_lora_B', 'transformer.resblocks.1.attn.v_proj.experts.1.w_lora_A', 'transformer.resblocks.1.attn.v_proj.experts.1.w_lora_B', 'transformer.resblocks.1.attn.v_proj.experts.2.w_lora_A', 'transformer.resblocks.1.attn.v_proj.experts.2.w_lora_B', 'transformer.resblocks.1.attn.v_proj.experts.3.w_lora_A', 'transformer.resblocks.1.attn.v_proj.experts.3.w_lora_B', 'transformer.resblocks.1.attn.v_proj.experts.4.w_lora_A', 'transformer.resblocks.1.attn.v_proj.experts.4.w_lora_B', 'transformer.resblocks.1.attn.v_proj.experts.5.w_lora_A', 'transformer.resblocks.1.attn.v_proj.experts.5.w_lora_B', 'transformer.resblocks.2.attn.q_proj.router.gate.weight', 'transformer.resblocks.2.attn.q_proj.experts.0.w_lora_A', 'transformer.resblocks.2.attn.q_proj.experts.0.w_lora_B', 'transformer.resblocks.2.attn.q_proj.experts.1.w_lora_A', 'transformer.resblocks.2.attn.q_proj.experts.1.w_lora_B', 'transformer.resblocks.2.attn.q_proj.experts.2.w_lora_A', 'transformer.resblocks.2.attn.q_proj.experts.2.w_lora_B', 'transformer.resblocks.2.attn.q_proj.experts.3.w_lora_A', 'transformer.resblocks.2.attn.q_proj.experts.3.w_lora_B', 'transformer.resblocks.2.attn.q_proj.experts.4.w_lora_A', 'transformer.resblocks.2.attn.q_proj.experts.4.w_lora_B', 'transformer.resblocks.2.attn.q_proj.experts.5.w_lora_A', 'transformer.resblocks.2.attn.q_proj.experts.5.w_lora_B', 'transformer.resblocks.2.attn.k_proj.router.gate.weight', 'transformer.resblocks.2.attn.k_proj.experts.0.w_lora_A', 'transformer.resblocks.2.attn.k_proj.experts.0.w_lora_B', 'transformer.resblocks.2.attn.k_proj.experts.1.w_lora_A', 'transformer.resblocks.2.attn.k_proj.experts.1.w_lora_B', 'transformer.resblocks.2.attn.k_proj.experts.2.w_lora_A', 'transformer.resblocks.2.attn.k_proj.experts.2.w_lora_B', 'transformer.resblocks.2.attn.k_proj.experts.3.w_lora_A', 'transformer.resblocks.2.attn.k_proj.experts.3.w_lora_B', 'transformer.resblocks.2.attn.k_proj.experts.4.w_lora_A', 'transformer.resblocks.2.attn.k_proj.experts.4.w_lora_B', 'transformer.resblocks.2.attn.k_proj.experts.5.w_lora_A', 'transformer.resblocks.2.attn.k_proj.experts.5.w_lora_B', 'transformer.resblocks.2.attn.v_proj.router.gate.weight', 'transformer.resblocks.2.attn.v_proj.experts.0.w_lora_A', 'transformer.resblocks.2.attn.v_proj.experts.0.w_lora_B', 'transformer.resblocks.2.attn.v_proj.experts.1.w_lora_A', 'transformer.resblocks.2.attn.v_proj.experts.1.w_lora_B', 'transformer.resblocks.2.attn.v_proj.experts.2.w_lora_A', 'transformer.resblocks.2.attn.v_proj.experts.2.w_lora_B', 'transformer.resblocks.2.attn.v_proj.experts.3.w_lora_A', 'transformer.resblocks.2.attn.v_proj.experts.3.w_lora_B', 'transformer.resblocks.2.attn.v_proj.experts.4.w_lora_A', 'transformer.resblocks.2.attn.v_proj.experts.4.w_lora_B', 'transformer.resblocks.2.attn.v_proj.experts.5.w_lora_A', 'transformer.resblocks.2.attn.v_proj.experts.5.w_lora_B', 'transformer.resblocks.3.attn.q_proj.router.gate.weight', 'transformer.resblocks.3.attn.q_proj.experts.0.w_lora_A', 'transformer.resblocks.3.attn.q_proj.experts.0.w_lora_B', 'transformer.resblocks.3.attn.q_proj.experts.1.w_lora_A', 'transformer.resblocks.3.attn.q_proj.experts.1.w_lora_B', 'transformer.resblocks.3.attn.q_proj.experts.2.w_lora_A', 'transformer.resblocks.3.attn.q_proj.experts.2.w_lora_B', 'transformer.resblocks.3.attn.q_proj.experts.3.w_lora_A', 'transformer.resblocks.3.attn.q_proj.experts.3.w_lora_B', 'transformer.resblocks.3.attn.q_proj.experts.4.w_lora_A', 'transformer.resblocks.3.attn.q_proj.experts.4.w_lora_B', 'transformer.resblocks.3.attn.q_proj.experts.5.w_lora_A', 'transformer.resblocks.3.attn.q_proj.experts.5.w_lora_B', 'transformer.resblocks.3.attn.k_proj.router.gate.weight', 'transformer.resblocks.3.attn.k_proj.experts.0.w_lora_A', 'transformer.resblocks.3.attn.k_proj.experts.0.w_lora_B', 'transformer.resblocks.3.attn.k_proj.experts.1.w_lora_A', 'transformer.resblocks.3.attn.k_proj.experts.1.w_lora_B', 'transformer.resblocks.3.attn.k_proj.experts.2.w_lora_A', 'transformer.resblocks.3.attn.k_proj.experts.2.w_lora_B', 'transformer.resblocks.3.attn.k_proj.experts.3.w_lora_A', 'transformer.resblocks.3.attn.k_proj.experts.3.w_lora_B', 'transformer.resblocks.3.attn.k_proj.experts.4.w_lora_A', 'transformer.resblocks.3.attn.k_proj.experts.4.w_lora_B', 'transformer.resblocks.3.attn.k_proj.experts.5.w_lora_A', 'transformer.resblocks.3.attn.k_proj.experts.5.w_lora_B', 'transformer.resblocks.3.attn.v_proj.router.gate.weight', 'transformer.resblocks.3.attn.v_proj.experts.0.w_lora_A', 'transformer.resblocks.3.attn.v_proj.experts.0.w_lora_B', 'transformer.resblocks.3.attn.v_proj.experts.1.w_lora_A', 'transformer.resblocks.3.attn.v_proj.experts.1.w_lora_B', 'transformer.resblocks.3.attn.v_proj.experts.2.w_lora_A', 'transformer.resblocks.3.attn.v_proj.experts.2.w_lora_B', 'transformer.resblocks.3.attn.v_proj.experts.3.w_lora_A', 'transformer.resblocks.3.attn.v_proj.experts.3.w_lora_B', 'transformer.resblocks.3.attn.v_proj.experts.4.w_lora_A', 'transformer.resblocks.3.attn.v_proj.experts.4.w_lora_B', 'transformer.resblocks.3.attn.v_proj.experts.5.w_lora_A', 'transformer.resblocks.3.attn.v_proj.experts.5.w_lora_B', 'transformer.resblocks.4.attn.q_proj.router.gate.weight', 'transformer.resblocks.4.attn.q_proj.experts.0.w_lora_A', 'transformer.resblocks.4.attn.q_proj.experts.0.w_lora_B', 'transformer.resblocks.4.attn.q_proj.experts.1.w_lora_A', 'transformer.resblocks.4.attn.q_proj.experts.1.w_lora_B', 'transformer.resblocks.4.attn.q_proj.experts.2.w_lora_A', 'transformer.resblocks.4.attn.q_proj.experts.2.w_lora_B', 'transformer.resblocks.4.attn.q_proj.experts.3.w_lora_A', 'transformer.resblocks.4.attn.q_proj.experts.3.w_lora_B', 'transformer.resblocks.4.attn.q_proj.experts.4.w_lora_A', 'transformer.resblocks.4.attn.q_proj.experts.4.w_lora_B', 'transformer.resblocks.4.attn.q_proj.experts.5.w_lora_A', 'transformer.resblocks.4.attn.q_proj.experts.5.w_lora_B', 'transformer.resblocks.4.attn.k_proj.router.gate.weight', 'transformer.resblocks.4.attn.k_proj.experts.0.w_lora_A', 'transformer.resblocks.4.attn.k_proj.experts.0.w_lora_B', 'transformer.resblocks.4.attn.k_proj.experts.1.w_lora_A', 'transformer.resblocks.4.attn.k_proj.experts.1.w_lora_B', 'transformer.resblocks.4.attn.k_proj.experts.2.w_lora_A', 'transformer.resblocks.4.attn.k_proj.experts.2.w_lora_B', 'transformer.resblocks.4.attn.k_proj.experts.3.w_lora_A', 'transformer.resblocks.4.attn.k_proj.experts.3.w_lora_B', 'transformer.resblocks.4.attn.k_proj.experts.4.w_lora_A', 'transformer.resblocks.4.attn.k_proj.experts.4.w_lora_B', 'transformer.resblocks.4.attn.k_proj.experts.5.w_lora_A', 'transformer.resblocks.4.attn.k_proj.experts.5.w_lora_B', 'transformer.resblocks.4.attn.v_proj.router.gate.weight', 'transformer.resblocks.4.attn.v_proj.experts.0.w_lora_A', 'transformer.resblocks.4.attn.v_proj.experts.0.w_lora_B', 'transformer.resblocks.4.attn.v_proj.experts.1.w_lora_A', 'transformer.resblocks.4.attn.v_proj.experts.1.w_lora_B', 'transformer.resblocks.4.attn.v_proj.experts.2.w_lora_A', 'transformer.resblocks.4.attn.v_proj.experts.2.w_lora_B', 'transformer.resblocks.4.attn.v_proj.experts.3.w_lora_A', 'transformer.resblocks.4.attn.v_proj.experts.3.w_lora_B', 'transformer.resblocks.4.attn.v_proj.experts.4.w_lora_A', 'transformer.resblocks.4.attn.v_proj.experts.4.w_lora_B', 'transformer.resblocks.4.attn.v_proj.experts.5.w_lora_A', 'transformer.resblocks.4.attn.v_proj.experts.5.w_lora_B', 'transformer.resblocks.5.attn.q_proj.router.gate.weight', 'transformer.resblocks.5.attn.q_proj.experts.0.w_lora_A', 'transformer.resblocks.5.attn.q_proj.experts.0.w_lora_B', 'transformer.resblocks.5.attn.q_proj.experts.1.w_lora_A', 'transformer.resblocks.5.attn.q_proj.experts.1.w_lora_B', 'transformer.resblocks.5.attn.q_proj.experts.2.w_lora_A', 'transformer.resblocks.5.attn.q_proj.experts.2.w_lora_B', 'transformer.resblocks.5.attn.q_proj.experts.3.w_lora_A', 'transformer.resblocks.5.attn.q_proj.experts.3.w_lora_B', 'transformer.resblocks.5.attn.q_proj.experts.4.w_lora_A', 'transformer.resblocks.5.attn.q_proj.experts.4.w_lora_B', 'transformer.resblocks.5.attn.q_proj.experts.5.w_lora_A', 'transformer.resblocks.5.attn.q_proj.experts.5.w_lora_B', 'transformer.resblocks.5.attn.k_proj.router.gate.weight', 'transformer.resblocks.5.attn.k_proj.experts.0.w_lora_A', 'transformer.resblocks.5.attn.k_proj.experts.0.w_lora_B', 'transformer.resblocks.5.attn.k_proj.experts.1.w_lora_A', 'transformer.resblocks.5.attn.k_proj.experts.1.w_lora_B', 'transformer.resblocks.5.attn.k_proj.experts.2.w_lora_A', 'transformer.resblocks.5.attn.k_proj.experts.2.w_lora_B', 'transformer.resblocks.5.attn.k_proj.experts.3.w_lora_A', 'transformer.resblocks.5.attn.k_proj.experts.3.w_lora_B', 'transformer.resblocks.5.attn.k_proj.experts.4.w_lora_A', 'transformer.resblocks.5.attn.k_proj.experts.4.w_lora_B', 'transformer.resblocks.5.attn.k_proj.experts.5.w_lora_A', 'transformer.resblocks.5.attn.k_proj.experts.5.w_lora_B', 'transformer.resblocks.5.attn.v_proj.router.gate.weight', 'transformer.resblocks.5.attn.v_proj.experts.0.w_lora_A', 'transformer.resblocks.5.attn.v_proj.experts.0.w_lora_B', 'transformer.resblocks.5.attn.v_proj.experts.1.w_lora_A', 'transformer.resblocks.5.attn.v_proj.experts.1.w_lora_B', 'transformer.resblocks.5.attn.v_proj.experts.2.w_lora_A', 'transformer.resblocks.5.attn.v_proj.experts.2.w_lora_B', 'transformer.resblocks.5.attn.v_proj.experts.3.w_lora_A', 'transformer.resblocks.5.attn.v_proj.experts.3.w_lora_B', 'transformer.resblocks.5.attn.v_proj.experts.4.w_lora_A', 'transformer.resblocks.5.attn.v_proj.experts.4.w_lora_B', 'transformer.resblocks.5.attn.v_proj.experts.5.w_lora_A', 'transformer.resblocks.5.attn.v_proj.experts.5.w_lora_B', 'transformer.resblocks.6.attn.q_proj.router.gate.weight', 'transformer.resblocks.6.attn.q_proj.experts.0.w_lora_A', 'transformer.resblocks.6.attn.q_proj.experts.0.w_lora_B', 'transformer.resblocks.6.attn.q_proj.experts.1.w_lora_A', 'transformer.resblocks.6.attn.q_proj.experts.1.w_lora_B', 'transformer.resblocks.6.attn.q_proj.experts.2.w_lora_A', 'transformer.resblocks.6.attn.q_proj.experts.2.w_lora_B', 'transformer.resblocks.6.attn.q_proj.experts.3.w_lora_A', 'transformer.resblocks.6.attn.q_proj.experts.3.w_lora_B', 'transformer.resblocks.6.attn.q_proj.experts.4.w_lora_A', 'transformer.resblocks.6.attn.q_proj.experts.4.w_lora_B', 'transformer.resblocks.6.attn.q_proj.experts.5.w_lora_A', 'transformer.resblocks.6.attn.q_proj.experts.5.w_lora_B', 'transformer.resblocks.6.attn.k_proj.router.gate.weight', 'transformer.resblocks.6.attn.k_proj.experts.0.w_lora_A', 'transformer.resblocks.6.attn.k_proj.experts.0.w_lora_B', 'transformer.resblocks.6.attn.k_proj.experts.1.w_lora_A', 'transformer.resblocks.6.attn.k_proj.experts.1.w_lora_B', 'transformer.resblocks.6.attn.k_proj.experts.2.w_lora_A', 'transformer.resblocks.6.attn.k_proj.experts.2.w_lora_B', 'transformer.resblocks.6.attn.k_proj.experts.3.w_lora_A', 'transformer.resblocks.6.attn.k_proj.experts.3.w_lora_B', 'transformer.resblocks.6.attn.k_proj.experts.4.w_lora_A', 'transformer.resblocks.6.attn.k_proj.experts.4.w_lora_B', 'transformer.resblocks.6.attn.k_proj.experts.5.w_lora_A', 'transformer.resblocks.6.attn.k_proj.experts.5.w_lora_B', 'transformer.resblocks.6.attn.v_proj.router.gate.weight', 'transformer.resblocks.6.attn.v_proj.experts.0.w_lora_A', 'transformer.resblocks.6.attn.v_proj.experts.0.w_lora_B', 'transformer.resblocks.6.attn.v_proj.experts.1.w_lora_A', 'transformer.resblocks.6.attn.v_proj.experts.1.w_lora_B', 'transformer.resblocks.6.attn.v_proj.experts.2.w_lora_A', 'transformer.resblocks.6.attn.v_proj.experts.2.w_lora_B', 'transformer.resblocks.6.attn.v_proj.experts.3.w_lora_A', 'transformer.resblocks.6.attn.v_proj.experts.3.w_lora_B', 'transformer.resblocks.6.attn.v_proj.experts.4.w_lora_A', 'transformer.resblocks.6.attn.v_proj.experts.4.w_lora_B', 'transformer.resblocks.6.attn.v_proj.experts.5.w_lora_A', 'transformer.resblocks.6.attn.v_proj.experts.5.w_lora_B', 'transformer.resblocks.7.attn.q_proj.router.gate.weight', 'transformer.resblocks.7.attn.q_proj.experts.0.w_lora_A', 'transformer.resblocks.7.attn.q_proj.experts.0.w_lora_B', 'transformer.resblocks.7.attn.q_proj.experts.1.w_lora_A', 'transformer.resblocks.7.attn.q_proj.experts.1.w_lora_B', 'transformer.resblocks.7.attn.q_proj.experts.2.w_lora_A', 'transformer.resblocks.7.attn.q_proj.experts.2.w_lora_B', 'transformer.resblocks.7.attn.q_proj.experts.3.w_lora_A', 'transformer.resblocks.7.attn.q_proj.experts.3.w_lora_B', 'transformer.resblocks.7.attn.q_proj.experts.4.w_lora_A', 'transformer.resblocks.7.attn.q_proj.experts.4.w_lora_B', 'transformer.resblocks.7.attn.q_proj.experts.5.w_lora_A', 'transformer.resblocks.7.attn.q_proj.experts.5.w_lora_B', 'transformer.resblocks.7.attn.k_proj.router.gate.weight', 'transformer.resblocks.7.attn.k_proj.experts.0.w_lora_A', 'transformer.resblocks.7.attn.k_proj.experts.0.w_lora_B', 'transformer.resblocks.7.attn.k_proj.experts.1.w_lora_A', 'transformer.resblocks.7.attn.k_proj.experts.1.w_lora_B', 'transformer.resblocks.7.attn.k_proj.experts.2.w_lora_A', 'transformer.resblocks.7.attn.k_proj.experts.2.w_lora_B', 'transformer.resblocks.7.attn.k_proj.experts.3.w_lora_A', 'transformer.resblocks.7.attn.k_proj.experts.3.w_lora_B', 'transformer.resblocks.7.attn.k_proj.experts.4.w_lora_A', 'transformer.resblocks.7.attn.k_proj.experts.4.w_lora_B', 'transformer.resblocks.7.attn.k_proj.experts.5.w_lora_A', 'transformer.resblocks.7.attn.k_proj.experts.5.w_lora_B', 'transformer.resblocks.7.attn.v_proj.router.gate.weight', 'transformer.resblocks.7.attn.v_proj.experts.0.w_lora_A', 'transformer.resblocks.7.attn.v_proj.experts.0.w_lora_B', 'transformer.resblocks.7.attn.v_proj.experts.1.w_lora_A', 'transformer.resblocks.7.attn.v_proj.experts.1.w_lora_B', 'transformer.resblocks.7.attn.v_proj.experts.2.w_lora_A', 'transformer.resblocks.7.attn.v_proj.experts.2.w_lora_B', 'transformer.resblocks.7.attn.v_proj.experts.3.w_lora_A', 'transformer.resblocks.7.attn.v_proj.experts.3.w_lora_B', 'transformer.resblocks.7.attn.v_proj.experts.4.w_lora_A', 'transformer.resblocks.7.attn.v_proj.experts.4.w_lora_B', 'transformer.resblocks.7.attn.v_proj.experts.5.w_lora_A', 'transformer.resblocks.7.attn.v_proj.experts.5.w_lora_B', 'transformer.resblocks.8.attn.q_proj.router.gate.weight', 'transformer.resblocks.8.attn.q_proj.experts.0.w_lora_A', 'transformer.resblocks.8.attn.q_proj.experts.0.w_lora_B', 'transformer.resblocks.8.attn.q_proj.experts.1.w_lora_A', 'transformer.resblocks.8.attn.q_proj.experts.1.w_lora_B', 'transformer.resblocks.8.attn.q_proj.experts.2.w_lora_A', 'transformer.resblocks.8.attn.q_proj.experts.2.w_lora_B', 'transformer.resblocks.8.attn.q_proj.experts.3.w_lora_A', 'transformer.resblocks.8.attn.q_proj.experts.3.w_lora_B', 'transformer.resblocks.8.attn.q_proj.experts.4.w_lora_A', 'transformer.resblocks.8.attn.q_proj.experts.4.w_lora_B', 'transformer.resblocks.8.attn.q_proj.experts.5.w_lora_A', 'transformer.resblocks.8.attn.q_proj.experts.5.w_lora_B', 'transformer.resblocks.8.attn.k_proj.router.gate.weight', 'transformer.resblocks.8.attn.k_proj.experts.0.w_lora_A', 'transformer.resblocks.8.attn.k_proj.experts.0.w_lora_B', 'transformer.resblocks.8.attn.k_proj.experts.1.w_lora_A', 'transformer.resblocks.8.attn.k_proj.experts.1.w_lora_B', 'transformer.resblocks.8.attn.k_proj.experts.2.w_lora_A', 'transformer.resblocks.8.attn.k_proj.experts.2.w_lora_B', 'transformer.resblocks.8.attn.k_proj.experts.3.w_lora_A', 'transformer.resblocks.8.attn.k_proj.experts.3.w_lora_B', 'transformer.resblocks.8.attn.k_proj.experts.4.w_lora_A', 'transformer.resblocks.8.attn.k_proj.experts.4.w_lora_B', 'transformer.resblocks.8.attn.k_proj.experts.5.w_lora_A', 'transformer.resblocks.8.attn.k_proj.experts.5.w_lora_B', 'transformer.resblocks.8.attn.v_proj.router.gate.weight', 'transformer.resblocks.8.attn.v_proj.experts.0.w_lora_A', 'transformer.resblocks.8.attn.v_proj.experts.0.w_lora_B', 'transformer.resblocks.8.attn.v_proj.experts.1.w_lora_A', 'transformer.resblocks.8.attn.v_proj.experts.1.w_lora_B', 'transformer.resblocks.8.attn.v_proj.experts.2.w_lora_A', 'transformer.resblocks.8.attn.v_proj.experts.2.w_lora_B', 'transformer.resblocks.8.attn.v_proj.experts.3.w_lora_A', 'transformer.resblocks.8.attn.v_proj.experts.3.w_lora_B', 'transformer.resblocks.8.attn.v_proj.experts.4.w_lora_A', 'transformer.resblocks.8.attn.v_proj.experts.4.w_lora_B', 'transformer.resblocks.8.attn.v_proj.experts.5.w_lora_A', 'transformer.resblocks.8.attn.v_proj.experts.5.w_lora_B', 'transformer.resblocks.9.attn.q_proj.router.gate.weight', 'transformer.resblocks.9.attn.q_proj.experts.0.w_lora_A', 'transformer.resblocks.9.attn.q_proj.experts.0.w_lora_B', 'transformer.resblocks.9.attn.q_proj.experts.1.w_lora_A', 'transformer.resblocks.9.attn.q_proj.experts.1.w_lora_B', 'transformer.resblocks.9.attn.q_proj.experts.2.w_lora_A', 'transformer.resblocks.9.attn.q_proj.experts.2.w_lora_B', 'transformer.resblocks.9.attn.q_proj.experts.3.w_lora_A', 'transformer.resblocks.9.attn.q_proj.experts.3.w_lora_B', 'transformer.resblocks.9.attn.q_proj.experts.4.w_lora_A', 'transformer.resblocks.9.attn.q_proj.experts.4.w_lora_B', 'transformer.resblocks.9.attn.q_proj.experts.5.w_lora_A', 'transformer.resblocks.9.attn.q_proj.experts.5.w_lora_B', 'transformer.resblocks.9.attn.k_proj.router.gate.weight', 'transformer.resblocks.9.attn.k_proj.experts.0.w_lora_A', 'transformer.resblocks.9.attn.k_proj.experts.0.w_lora_B', 'transformer.resblocks.9.attn.k_proj.experts.1.w_lora_A', 'transformer.resblocks.9.attn.k_proj.experts.1.w_lora_B', 'transformer.resblocks.9.attn.k_proj.experts.2.w_lora_A', 'transformer.resblocks.9.attn.k_proj.experts.2.w_lora_B', 'transformer.resblocks.9.attn.k_proj.experts.3.w_lora_A', 'transformer.resblocks.9.attn.k_proj.experts.3.w_lora_B', 'transformer.resblocks.9.attn.k_proj.experts.4.w_lora_A', 'transformer.resblocks.9.attn.k_proj.experts.4.w_lora_B', 'transformer.resblocks.9.attn.k_proj.experts.5.w_lora_A', 'transformer.resblocks.9.attn.k_proj.experts.5.w_lora_B', 'transformer.resblocks.9.attn.v_proj.router.gate.weight', 'transformer.resblocks.9.attn.v_proj.experts.0.w_lora_A', 'transformer.resblocks.9.attn.v_proj.experts.0.w_lora_B', 'transformer.resblocks.9.attn.v_proj.experts.1.w_lora_A', 'transformer.resblocks.9.attn.v_proj.experts.1.w_lora_B', 'transformer.resblocks.9.attn.v_proj.experts.2.w_lora_A', 'transformer.resblocks.9.attn.v_proj.experts.2.w_lora_B', 'transformer.resblocks.9.attn.v_proj.experts.3.w_lora_A', 'transformer.resblocks.9.attn.v_proj.experts.3.w_lora_B', 'transformer.resblocks.9.attn.v_proj.experts.4.w_lora_A', 'transformer.resblocks.9.attn.v_proj.experts.4.w_lora_B', 'transformer.resblocks.9.attn.v_proj.experts.5.w_lora_A', 'transformer.resblocks.9.attn.v_proj.experts.5.w_lora_B', 'transformer.resblocks.10.attn.q_proj.router.gate.weight', 'transformer.resblocks.10.attn.q_proj.experts.0.w_lora_A', 'transformer.resblocks.10.attn.q_proj.experts.0.w_lora_B', 'transformer.resblocks.10.attn.q_proj.experts.1.w_lora_A', 'transformer.resblocks.10.attn.q_proj.experts.1.w_lora_B', 'transformer.resblocks.10.attn.q_proj.experts.2.w_lora_A', 'transformer.resblocks.10.attn.q_proj.experts.2.w_lora_B', 'transformer.resblocks.10.attn.q_proj.experts.3.w_lora_A', 'transformer.resblocks.10.attn.q_proj.experts.3.w_lora_B', 'transformer.resblocks.10.attn.q_proj.experts.4.w_lora_A', 'transformer.resblocks.10.attn.q_proj.experts.4.w_lora_B', 'transformer.resblocks.10.attn.q_proj.experts.5.w_lora_A', 'transformer.resblocks.10.attn.q_proj.experts.5.w_lora_B', 'transformer.resblocks.10.attn.k_proj.router.gate.weight', 'transformer.resblocks.10.attn.k_proj.experts.0.w_lora_A', 'transformer.resblocks.10.attn.k_proj.experts.0.w_lora_B', 'transformer.resblocks.10.attn.k_proj.experts.1.w_lora_A', 'transformer.resblocks.10.attn.k_proj.experts.1.w_lora_B', 'transformer.resblocks.10.attn.k_proj.experts.2.w_lora_A', 'transformer.resblocks.10.attn.k_proj.experts.2.w_lora_B', 'transformer.resblocks.10.attn.k_proj.experts.3.w_lora_A', 'transformer.resblocks.10.attn.k_proj.experts.3.w_lora_B', 'transformer.resblocks.10.attn.k_proj.experts.4.w_lora_A', 'transformer.resblocks.10.attn.k_proj.experts.4.w_lora_B', 'transformer.resblocks.10.attn.k_proj.experts.5.w_lora_A', 'transformer.resblocks.10.attn.k_proj.experts.5.w_lora_B', 'transformer.resblocks.10.attn.v_proj.router.gate.weight', 'transformer.resblocks.10.attn.v_proj.experts.0.w_lora_A', 'transformer.resblocks.10.attn.v_proj.experts.0.w_lora_B', 'transformer.resblocks.10.attn.v_proj.experts.1.w_lora_A', 'transformer.resblocks.10.attn.v_proj.experts.1.w_lora_B', 'transformer.resblocks.10.attn.v_proj.experts.2.w_lora_A', 'transformer.resblocks.10.attn.v_proj.experts.2.w_lora_B', 'transformer.resblocks.10.attn.v_proj.experts.3.w_lora_A', 'transformer.resblocks.10.attn.v_proj.experts.3.w_lora_B', 'transformer.resblocks.10.attn.v_proj.experts.4.w_lora_A', 'transformer.resblocks.10.attn.v_proj.experts.4.w_lora_B', 'transformer.resblocks.10.attn.v_proj.experts.5.w_lora_A', 'transformer.resblocks.10.attn.v_proj.experts.5.w_lora_B', 'transformer.resblocks.11.attn.q_proj.router.gate.weight', 'transformer.resblocks.11.attn.q_proj.experts.0.w_lora_A', 'transformer.resblocks.11.attn.q_proj.experts.0.w_lora_B', 'transformer.resblocks.11.attn.q_proj.experts.1.w_lora_A', 'transformer.resblocks.11.attn.q_proj.experts.1.w_lora_B', 'transformer.resblocks.11.attn.q_proj.experts.2.w_lora_A', 'transformer.resblocks.11.attn.q_proj.experts.2.w_lora_B', 'transformer.resblocks.11.attn.q_proj.experts.3.w_lora_A', 'transformer.resblocks.11.attn.q_proj.experts.3.w_lora_B', 'transformer.resblocks.11.attn.q_proj.experts.4.w_lora_A', 'transformer.resblocks.11.attn.q_proj.experts.4.w_lora_B', 'transformer.resblocks.11.attn.q_proj.experts.5.w_lora_A', 'transformer.resblocks.11.attn.q_proj.experts.5.w_lora_B', 'transformer.resblocks.11.attn.k_proj.router.gate.weight', 'transformer.resblocks.11.attn.k_proj.experts.0.w_lora_A', 'transformer.resblocks.11.attn.k_proj.experts.0.w_lora_B', 'transformer.resblocks.11.attn.k_proj.experts.1.w_lora_A', 'transformer.resblocks.11.attn.k_proj.experts.1.w_lora_B', 'transformer.resblocks.11.attn.k_proj.experts.2.w_lora_A', 'transformer.resblocks.11.attn.k_proj.experts.2.w_lora_B', 'transformer.resblocks.11.attn.k_proj.experts.3.w_lora_A', 'transformer.resblocks.11.attn.k_proj.experts.3.w_lora_B', 'transformer.resblocks.11.attn.k_proj.experts.4.w_lora_A', 'transformer.resblocks.11.attn.k_proj.experts.4.w_lora_B', 'transformer.resblocks.11.attn.k_proj.experts.5.w_lora_A', 'transformer.resblocks.11.attn.k_proj.experts.5.w_lora_B', 'transformer.resblocks.11.attn.v_proj.router.gate.weight', 'transformer.resblocks.11.attn.v_proj.experts.0.w_lora_A', 'transformer.resblocks.11.attn.v_proj.experts.0.w_lora_B', 'transformer.resblocks.11.attn.v_proj.experts.1.w_lora_A', 'transformer.resblocks.11.attn.v_proj.experts.1.w_lora_B', 'transformer.resblocks.11.attn.v_proj.experts.2.w_lora_A', 'transformer.resblocks.11.attn.v_proj.experts.2.w_lora_B', 'transformer.resblocks.11.attn.v_proj.experts.3.w_lora_A', 'transformer.resblocks.11.attn.v_proj.experts.3.w_lora_B', 'transformer.resblocks.11.attn.v_proj.experts.4.w_lora_A', 'transformer.resblocks.11.attn.v_proj.experts.4.w_lora_B', 'transformer.resblocks.11.attn.v_proj.experts.5.w_lora_A', 'transformer.resblocks.11.attn.v_proj.experts.5.w_lora_B']
LR: 0.000200, Acc: 78.3784, Loss: 0.8126
LR: 0.000200, Acc: 68.9189, Loss: 1.0189
LR: 0.000200, Acc: 74.3243, Loss: 0.9065
LR: 0.000200, Acc: 75.6757, Loss: 0.7672
LR: 0.000200, Acc: 72.9730, Loss: 0.8798
LR: 0.000200, Acc: 78.3784, Loss: 0.9189
LR: 0.000200, Acc: 81.0811, Loss: 0.7749
LR: 0.000200, Acc: 81.0811, Loss: 0.7392
LR: 0.000200, Acc: 81.0811, Loss: 0.6624
LR: 0.000200, Acc: 81.0811, Loss: 0.6306
LR: 0.000199, Acc: 81.0811, Loss: 0.6516
LR: 0.000199, Acc: 89.1892, Loss: 0.4436
LR: 0.000199, Acc: 85.1351, Loss: 0.5898
LR: 0.000199, Acc: 87.8378, Loss: 0.4044
LR: 0.000199, Acc: 87.8378, Loss: 0.3857
LR: 0.000199, Acc: 91.8919, Loss: 0.3121
LR: 0.000199, Acc: 87.8378, Loss: 0.4470
LR: 0.000199, Acc: 91.8919, Loss: 0.3218
LR: 0.000198, Acc: 91.8919, Loss: 0.2528
LR: 0.000198, Acc: 93.2432, Loss: 0.2243
LR: 0.000198, Acc: 90.5405, Loss: 0.3938
LR: 0.000198, Acc: 86.4865, Loss: 0.4902
LR: 0.000198, Acc: 90.5405, Loss: 0.3120
LR: 0.000197, Acc: 90.5405, Loss: 0.3875
LR: 0.000197, Acc: 94.5946, Loss: 0.2816
LR: 0.000197, Acc: 89.1892, Loss: 0.3896
LR: 0.000197, Acc: 90.5405, Loss: 0.3435
LR: 0.000197, Acc: 90.5405, Loss: 0.4448
LR: 0.000196, Acc: 91.8919, Loss: 0.2868
LR: 0.000196, Acc: 93.2432, Loss: 0.2914
LR: 0.000196, Acc: 93.2432, Loss: 0.2415
LR: 0.000196, Acc: 89.1892, Loss: 0.3035
LR: 0.000195, Acc: 94.5946, Loss: 0.2100
LR: 0.000195, Acc: 91.8919, Loss: 0.2538
LR: 0.000195, Acc: 91.8919, Loss: 0.2068
LR: 0.000194, Acc: 94.5946, Loss: 0.2234
LR: 0.000194, Acc: 93.2432, Loss: 0.3184
LR: 0.000194, Acc: 95.9459, Loss: 0.1557
LR: 0.000193, Acc: 89.1892, Loss: 0.2877
LR: 0.000193, Acc: 94.5946, Loss: 0.1534
LR: 0.000193, Acc: 90.5405, Loss: 0.2623
LR: 0.000192, Acc: 93.2432, Loss: 0.2305
LR: 0.000192, Acc: 90.5405, Loss: 0.3849
LR: 0.000192, Acc: 95.9459, Loss: 0.1564
LR: 0.000191, Acc: 93.2432, Loss: 0.2506
LR: 0.000191, Acc: 91.8919, Loss: 0.2632
LR: 0.000190, Acc: 98.6486, Loss: 0.0832
LR: 0.000190, Acc: 94.5946, Loss: 0.2264
LR: 0.000190, Acc: 94.5946, Loss: 0.2469
LR: 0.000189, Acc: 94.5946, Loss: 0.1746
LR: 0.000189, Acc: 97.2973, Loss: 0.1156
LR: 0.000188, Acc: 95.9459, Loss: 0.1511
LR: 0.000188, Acc: 95.9459, Loss: 0.1279
LR: 0.000187, Acc: 93.2432, Loss: 0.1790
LR: 0.000187, Acc: 93.2432, Loss: 0.1906
LR: 0.000186, Acc: 94.5946, Loss: 0.1830
LR: 0.000186, Acc: 97.2973, Loss: 0.0826
LR: 0.000186, Acc: 97.2973, Loss: 0.0971
LR: 0.000185, Acc: 97.2973, Loss: 0.0820
LR: 0.000185, Acc: 94.5946, Loss: 0.2500
LR: 0.000184, Acc: 97.2973, Loss: 0.1152
LR: 0.000183, Acc: 98.6486, Loss: 0.0720
LR: 0.000183, Acc: 94.5946, Loss: 0.1296
LR: 0.000182, Acc: 97.2973, Loss: 0.0869
LR: 0.000182, Acc: 95.9459, Loss: 0.1352
LR: 0.000181, Acc: 98.6486, Loss: 0.0874
LR: 0.000181, Acc: 97.2973, Loss: 0.1060
LR: 0.000180, Acc: 95.9459, Loss: 0.1375
LR: 0.000180, Acc: 94.5946, Loss: 0.1342
LR: 0.000179, Acc: 98.6486, Loss: 0.0618
LR: 0.000179, Acc: 95.9459, Loss: 0.1491
LR: 0.000178, Acc: 94.5946, Loss: 0.2098
LR: 0.000177, Acc: 97.2973, Loss: 0.1743
LR: 0.000177, Acc: 97.2973, Loss: 0.1385
LR: 0.000176, Acc: 97.2973, Loss: 0.0858
LR: 0.000176, Acc: 95.9459, Loss: 0.1617
LR: 0.000175, Acc: 95.9459, Loss: 0.1418
LR: 0.000174, Acc: 97.2973, Loss: 0.0504
LR: 0.000174, Acc: 95.9459, Loss: 0.1609
LR: 0.000173, Acc: 97.2973, Loss: 0.1674
LR: 0.000172, Acc: 97.2973, Loss: 0.1111
LR: 0.000172, Acc: 94.5946, Loss: 0.1222
LR: 0.000171, Acc: 94.5946, Loss: 0.2204
LR: 0.000170, Acc: 97.2973, Loss: 0.1104
LR: 0.000170, Acc: 100.0000, Loss: 0.0324
LR: 0.000169, Acc: 93.2432, Loss: 0.1651
LR: 0.000168, Acc: 98.6486, Loss: 0.0967
LR: 0.000168, Acc: 98.6486, Loss: 0.0641
LR: 0.000167, Acc: 97.2973, Loss: 0.1208
LR: 0.000166, Acc: 95.9459, Loss: 0.0875
LR: 0.000166, Acc: 98.6486, Loss: 0.0827
LR: 0.000165, Acc: 98.6486, Loss: 0.0504
LR: 0.000164, Acc: 95.9459, Loss: 0.2800
LR: 0.000163, Acc: 97.2973, Loss: 0.1105
LR: 0.000163, Acc: 98.6486, Loss: 0.0657
LR: 0.000162, Acc: 98.6486, Loss: 0.0688
LR: 0.000161, Acc: 97.2973, Loss: 0.0792
LR: 0.000160, Acc: 94.5946, Loss: 0.2451
LR: 0.000160, Acc: 97.2973, Loss: 0.1204
LR: 0.000159, Acc: 98.6486, Loss: 0.0823
LR: 0.000158, Acc: 95.9459, Loss: 0.0721
LR: 0.000157, Acc: 94.5946, Loss: 0.2273
LR: 0.000157, Acc: 100.0000, Loss: 0.0250
LR: 0.000156, Acc: 98.6486, Loss: 0.0825
LR: 0.000155, Acc: 100.0000, Loss: 0.0085
LR: 0.000154, Acc: 94.5946, Loss: 0.2108
LR: 0.000154, Acc: 98.6486, Loss: 0.1109
LR: 0.000153, Acc: 95.9459, Loss: 0.1761
LR: 0.000152, Acc: 98.6486, Loss: 0.0683
LR: 0.000151, Acc: 95.9459, Loss: 0.1554
LR: 0.000150, Acc: 100.0000, Loss: 0.0406
LR: 0.000150, Acc: 98.6486, Loss: 0.0464
LR: 0.000149, Acc: 93.2432, Loss: 0.1892
LR: 0.000148, Acc: 95.9459, Loss: 0.1520
LR: 0.000147, Acc: 95.9459, Loss: 0.0957
LR: 0.000146, Acc: 95.9459, Loss: 0.1544
LR: 0.000145, Acc: 97.2973, Loss: 0.1806
LR: 0.000145, Acc: 97.2973, Loss: 0.0414
LR: 0.000144, Acc: 97.2973, Loss: 0.1406
LR: 0.000143, Acc: 100.0000, Loss: 0.0090
LR: 0.000142, Acc: 97.2973, Loss: 0.1174
LR: 0.000141, Acc: 95.9459, Loss: 0.0822
LR: 0.000140, Acc: 97.2973, Loss: 0.0931
LR: 0.000139, Acc: 97.2973, Loss: 0.1010
LR: 0.000139, Acc: 95.9459, Loss: 0.1280
LR: 0.000138, Acc: 100.0000, Loss: 0.0285
LR: 0.000137, Acc: 95.9459, Loss: 0.0975
LR: 0.000136, Acc: 97.2973, Loss: 0.0835
LR: 0.000135, Acc: 98.6486, Loss: 0.0771
LR: 0.000134, Acc: 100.0000, Loss: 0.0257
LR: 0.000133, Acc: 97.2973, Loss: 0.0820
LR: 0.000132, Acc: 97.2973, Loss: 0.0878
LR: 0.000132, Acc: 98.6486, Loss: 0.0931
LR: 0.000131, Acc: 98.6486, Loss: 0.0752
LR: 0.000130, Acc: 100.0000, Loss: 0.0104
LR: 0.000129, Acc: 98.6486, Loss: 0.0666
LR: 0.000128, Acc: 98.6486, Loss: 0.0727
LR: 0.000127, Acc: 97.2973, Loss: 0.1107
LR: 0.000126, Acc: 98.6486, Loss: 0.0848
LR: 0.000125, Acc: 98.6486, Loss: 0.0618
LR: 0.000124, Acc: 98.6486, Loss: 0.0528
LR: 0.000123, Acc: 98.6486, Loss: 0.0648
LR: 0.000123, Acc: 100.0000, Loss: 0.0118
LR: 0.000122, Acc: 94.5946, Loss: 0.1622
LR: 0.000121, Acc: 98.6486, Loss: 0.0727
LR: 0.000120, Acc: 97.2973, Loss: 0.0860
LR: 0.000119, Acc: 97.2973, Loss: 0.0916
LR: 0.000118, Acc: 93.2432, Loss: 0.1879
LR: 0.000117, Acc: 95.9459, Loss: 0.2181
LR: 0.000116, Acc: 100.0000, Loss: 0.0084
LR: 0.000115, Acc: 97.2973, Loss: 0.1434
LR: 0.000114, Acc: 98.6486, Loss: 0.0361
LR: 0.000113, Acc: 97.2973, Loss: 0.0554
LR: 0.000112, Acc: 97.2973, Loss: 0.1052
LR: 0.000111, Acc: 97.2973, Loss: 0.0832
LR: 0.000110, Acc: 98.6486, Loss: 0.0806
LR: 0.000110, Acc: 100.0000, Loss: 0.0269
LR: 0.000109, Acc: 97.2973, Loss: 0.0841
LR: 0.000108, Acc: 100.0000, Loss: 0.0186
LR: 0.000107, Acc: 94.5946, Loss: 0.1446
LR: 0.000106, Acc: 98.6486, Loss: 0.0404
LR: 0.000105, Acc: 98.6486, Loss: 0.0179
LR: 0.000104, Acc: 98.6486, Loss: 0.0444
LR: 0.000103, Acc: 100.0000, Loss: 0.0278
LR: 0.000102, Acc: 95.9459, Loss: 0.1295
LR: 0.000101, Acc: 98.6486, Loss: 0.0228
LR: 0.000100, Acc: 97.2973, Loss: 0.0945
LR: 0.000099, Acc: 95.9459, Loss: 0.1002
LR: 0.000098, Acc: 98.6486, Loss: 0.0276
LR: 0.000097, Acc: 98.6486, Loss: 0.0432
LR: 0.000096, Acc: 100.0000, Loss: 0.0208
LR: 0.000096, Acc: 98.6486, Loss: 0.0699
LR: 0.000095, Acc: 97.2973, Loss: 0.0769
LR: 0.000094, Acc: 95.9459, Loss: 0.1354
LR: 0.000093, Acc: 95.9459, Loss: 0.1503
LR: 0.000092, Acc: 95.9459, Loss: 0.0988
LR: 0.000091, Acc: 100.0000, Loss: 0.0123
LR: 0.000090, Acc: 94.5946, Loss: 0.1923
LR: 0.000089, Acc: 98.6486, Loss: 0.0617
LR: 0.000088, Acc: 100.0000, Loss: 0.0261
LR: 0.000087, Acc: 97.2973, Loss: 0.0842
LR: 0.000086, Acc: 97.2973, Loss: 0.0815
LR: 0.000085, Acc: 100.0000, Loss: 0.0280
LR: 0.000084, Acc: 100.0000, Loss: 0.0072
LR: 0.000083, Acc: 95.9459, Loss: 0.2403
LR: 0.000082, Acc: 98.6486, Loss: 0.0225
LR: 0.000082, Acc: 93.2432, Loss: 0.2182
LR: 0.000081, Acc: 98.6486, Loss: 0.0419
LR: 0.000080, Acc: 95.9459, Loss: 0.1331
LR: 0.000079, Acc: 97.2973, Loss: 0.1018
LR: 0.000078, Acc: 95.9459, Loss: 0.1436
LR: 0.000077, Acc: 97.2973, Loss: 0.1203
LR: 0.000076, Acc: 100.0000, Loss: 0.0063
LR: 0.000075, Acc: 100.0000, Loss: 0.0918
LR: 0.000074, Acc: 100.0000, Loss: 0.0190
LR: 0.000073, Acc: 100.0000, Loss: 0.0074
LR: 0.000072, Acc: 98.6486, Loss: 0.1143
LR: 0.000072, Acc: 97.2973, Loss: 0.1268
LR: 0.000071, Acc: 98.6486, Loss: 0.0389
LR: 0.000070, Acc: 100.0000, Loss: 0.0175
LR: 0.000069, Acc: 97.2973, Loss: 0.0553
LR: 0.000068, Acc: 97.2973, Loss: 0.0461
LR: 0.000067, Acc: 97.2973, Loss: 0.0687
LR: 0.000066, Acc: 97.2973, Loss: 0.0783
LR: 0.000065, Acc: 100.0000, Loss: 0.0244
LR: 0.000064, Acc: 94.5946, Loss: 0.1929
LR: 0.000064, Acc: 100.0000, Loss: 0.0088
LR: 0.000063, Acc: 98.6486, Loss: 0.0323
LR: 0.000062, Acc: 100.0000, Loss: 0.0023
LR: 0.000061, Acc: 98.6486, Loss: 0.0420
LR: 0.000060, Acc: 98.6486, Loss: 0.0767
LR: 0.000059, Acc: 100.0000, Loss: 0.0133
LR: 0.000058, Acc: 100.0000, Loss: 0.0290
LR: 0.000058, Acc: 98.6486, Loss: 0.0837
LR: 0.000057, Acc: 100.0000, Loss: 0.0154
LR: 0.000056, Acc: 100.0000, Loss: 0.0102
LR: 0.000055, Acc: 98.6486, Loss: 0.0198
LR: 0.000054, Acc: 100.0000, Loss: 0.0042
LR: 0.000053, Acc: 100.0000, Loss: 0.0243
LR: 0.000053, Acc: 98.6486, Loss: 0.0404
LR: 0.000052, Acc: 100.0000, Loss: 0.0335
LR: 0.000051, Acc: 95.9459, Loss: 0.0684
LR: 0.000050, Acc: 97.2973, Loss: 0.1182
LR: 0.000049, Acc: 100.0000, Loss: 0.0020
LR: 0.000049, Acc: 100.0000, Loss: 0.0217
LR: 0.000048, Acc: 98.6486, Loss: 0.0397
LR: 0.000047, Acc: 98.6486, Loss: 0.0698
LR: 0.000046, Acc: 100.0000, Loss: 0.0125
LR: 0.000045, Acc: 98.6486, Loss: 0.0410
LR: 0.000045, Acc: 97.2973, Loss: 0.0650
LR: 0.000044, Acc: 100.0000, Loss: 0.0260
LR: 0.000043, Acc: 98.6486, Loss: 0.0239
LR: 0.000042, Acc: 97.2973, Loss: 0.0730
LR: 0.000042, Acc: 98.6486, Loss: 0.0921
LR: 0.000041, Acc: 100.0000, Loss: 0.0061
LR: 0.000040, Acc: 97.2973, Loss: 0.0501
LR: 0.000039, Acc: 100.0000, Loss: 0.0292
LR: 0.000039, Acc: 98.6486, Loss: 0.0336
LR: 0.000038, Acc: 100.0000, Loss: 0.0031
LR: 0.000037, Acc: 100.0000, Loss: 0.0230
LR: 0.000036, Acc: 100.0000, Loss: 0.0318
LR: 0.000036, Acc: 100.0000, Loss: 0.0332
LR: 0.000035, Acc: 98.6486, Loss: 0.0483
LR: 0.000034, Acc: 100.0000, Loss: 0.0292
LR: 0.000034, Acc: 98.6486, Loss: 0.0430
LR: 0.000033, Acc: 98.6486, Loss: 0.0854
LR: 0.000032, Acc: 100.0000, Loss: 0.0164
LR: 0.000031, Acc: 100.0000, Loss: 0.0075
LR: 0.000031, Acc: 98.6486, Loss: 0.0566
LR: 0.000030, Acc: 100.0000, Loss: 0.0060
LR: 0.000029, Acc: 97.2973, Loss: 0.0810
LR: 0.000029, Acc: 97.2973, Loss: 0.0766
LR: 0.000028, Acc: 98.6486, Loss: 0.0151
LR: 0.000028, Acc: 100.0000, Loss: 0.0090
LR: 0.000027, Acc: 98.6486, Loss: 0.0402
LR: 0.000026, Acc: 98.6486, Loss: 0.0383
LR: 0.000026, Acc: 100.0000, Loss: 0.0085
LR: 0.000025, Acc: 100.0000, Loss: 0.0066
LR: 0.000024, Acc: 97.2973, Loss: 0.0569
LR: 0.000024, Acc: 98.6486, Loss: 0.0435
LR: 0.000023, Acc: 100.0000, Loss: 0.0067
LR: 0.000023, Acc: 95.9459, Loss: 0.0564
LR: 0.000022, Acc: 100.0000, Loss: 0.0384
LR: 0.000021, Acc: 100.0000, Loss: 0.0102
LR: 0.000021, Acc: 98.6486, Loss: 0.0355
LR: 0.000020, Acc: 98.6486, Loss: 0.0274
LR: 0.000020, Acc: 98.6486, Loss: 0.0241
LR: 0.000019, Acc: 98.6486, Loss: 0.0355
LR: 0.000019, Acc: 98.6486, Loss: 0.0378
LR: 0.000018, Acc: 97.2973, Loss: 0.0566
LR: 0.000018, Acc: 100.0000, Loss: 0.0392
LR: 0.000017, Acc: 98.6486, Loss: 0.0523
LR: 0.000017, Acc: 98.6486, Loss: 0.0502
LR: 0.000016, Acc: 100.0000, Loss: 0.0506
LR: 0.000016, Acc: 98.6486, Loss: 0.0320
LR: 0.000015, Acc: 100.0000, Loss: 0.0083
LR: 0.000015, Acc: 98.6486, Loss: 0.0581
LR: 0.000014, Acc: 98.6486, Loss: 0.0300
LR: 0.000014, Acc: 100.0000, Loss: 0.0199
LR: 0.000013, Acc: 100.0000, Loss: 0.0042
LR: 0.000013, Acc: 98.6486, Loss: 0.0306
LR: 0.000012, Acc: 98.6486, Loss: 0.0454
LR: 0.000012, Acc: 98.6486, Loss: 0.0240
LR: 0.000012, Acc: 100.0000, Loss: 0.0053
LR: 0.000011, Acc: 100.0000, Loss: 0.0240
LR: 0.000011, Acc: 100.0000, Loss: 0.0172
LR: 0.000010, Acc: 98.6486, Loss: 0.0843
LR: 0.000010, Acc: 100.0000, Loss: 0.0101
LR: 0.000010, Acc: 100.0000, Loss: 0.0091
LR: 0.000009, Acc: 98.6486, Loss: 0.0442
LR: 0.000009, Acc: 100.0000, Loss: 0.0208
LR: 0.000008, Acc: 98.6486, Loss: 0.0297
LR: 0.000008, Acc: 98.6486, Loss: 0.0746
LR: 0.000008, Acc: 98.6486, Loss: 0.0359
LR: 0.000007, Acc: 98.6486, Loss: 0.0406
LR: 0.000007, Acc: 100.0000, Loss: 0.0120
LR: 0.000007, Acc: 98.6486, Loss: 0.0371
LR: 0.000006, Acc: 100.0000, Loss: 0.0129
LR: 0.000006, Acc: 100.0000, Loss: 0.0143
LR: 0.000006, Acc: 98.6486, Loss: 0.0575
LR: 0.000006, Acc: 100.0000, Loss: 0.0073
LR: 0.000005, Acc: 97.2973, Loss: 0.1153
LR: 0.000005, Acc: 98.6486, Loss: 0.0659
LR: 0.000005, Acc: 100.0000, Loss: 0.0110
LR: 0.000005, Acc: 100.0000, Loss: 0.0022
LR: 0.000004, Acc: 98.6486, Loss: 0.0564
LR: 0.000004, Acc: 100.0000, Loss: 0.0093
LR: 0.000004, Acc: 98.6486, Loss: 0.0393
LR: 0.000004, Acc: 100.0000, Loss: 0.0103
LR: 0.000003, Acc: 100.0000, Loss: 0.0107
LR: 0.000003, Acc: 98.6486, Loss: 0.0598
LR: 0.000003, Acc: 97.2973, Loss: 0.0950
LR: 0.000003, Acc: 97.2973, Loss: 0.1094
LR: 0.000003, Acc: 100.0000, Loss: 0.0081
LR: 0.000002, Acc: 100.0000, Loss: 0.0102
LR: 0.000002, Acc: 98.6486, Loss: 0.0324
LR: 0.000002, Acc: 100.0000, Loss: 0.0145
LR: 0.000002, Acc: 97.2973, Loss: 0.0743
LR: 0.000002, Acc: 100.0000, Loss: 0.0220
LR: 0.000002, Acc: 100.0000, Loss: 0.0048
LR: 0.000002, Acc: 100.0000, Loss: 0.0237
LR: 0.000002, Acc: 100.0000, Loss: 0.0188
LR: 0.000001, Acc: 100.0000, Loss: 0.0171
LR: 0.000001, Acc: 98.6486, Loss: 0.0808
LR: 0.000001, Acc: 97.2973, Loss: 0.0888
LR: 0.000001, Acc: 100.0000, Loss: 0.0062
LR: 0.000001, Acc: 100.0000, Loss: 0.0231
LR: 0.000001, Acc: 100.0000, Loss: 0.0152
LR: 0.000001, Acc: 98.6486, Loss: 0.0448
LR: 0.000001, Acc: 98.6486, Loss: 0.0243
LR: 0.000001, Acc: 98.6486, Loss: 0.0717
LR: 0.000001, Acc: 98.6486, Loss: 0.0421
LR: 0.000001, Acc: 98.6486, Loss: 0.0389
**** Final test accuracy: 87.98. ****

LoRA weights saved to weights/vitb16/oxford_pets/2shots/6experts/seed1/CLIP-MoLE_oxford_pets.pt
