created virtual environment CPython3.10.13.final.0-64 in 20313ms
  creator CPython3Posix(dest=/localscratch/pedro36.57161277.0/env, clear=False, no_vcs_ignore=False, global=False)
  seeder FromAppData(download=False, pip=bundle, setuptools=bundle, wheel=bundle, via=copy, app_data_dir=/home/pedro36/.local/share/virtualenv)
    added seed packages: pip==25.1.1, setuptools==80.7.1, wheel==0.45.1+computecanada
  activators BashActivator,CShellActivator,FishActivator,NushellActivator,PowerShellActivator,PythonActivator
Looking in links: /cvmfs/soft.computecanada.ca/custom/python/wheelhouse/gentoo2023/x86-64-v4, /cvmfs/soft.computecanada.ca/custom/python/wheelhouse/gentoo2023/x86-64-v3, /cvmfs/soft.computecanada.ca/custom/python/wheelhouse/gentoo2023/generic, /cvmfs/soft.computecanada.ca/custom/python/wheelhouse/generic
Requirement already satisfied: pip in /localscratch/pedro36.57161277.0/env/lib/python3.10/site-packages (25.1.1)
Looking in links: /cvmfs/soft.computecanada.ca/custom/python/wheelhouse/gentoo2023/x86-64-v4, /cvmfs/soft.computecanada.ca/custom/python/wheelhouse/gentoo2023/x86-64-v3, /cvmfs/soft.computecanada.ca/custom/python/wheelhouse/gentoo2023/generic, /cvmfs/soft.computecanada.ca/custom/python/wheelhouse/generic
Processing /cvmfs/soft.computecanada.ca/custom/python/wheelhouse/gentoo2023/x86-64-v3/torch-2.6.0+computecanada-cp310-cp310-linux_x86_64.whl
Processing /cvmfs/soft.computecanada.ca/custom/python/wheelhouse/gentoo2023/generic/torchvision-0.21.0+computecanada-cp310-cp310-linux_x86_64.whl
Processing /cvmfs/soft.computecanada.ca/custom/python/wheelhouse/gentoo2023/x86-64-v3/torchaudio-2.6.0+computecanada-cp310-cp310-linux_x86_64.whl
Processing /cvmfs/soft.computecanada.ca/custom/python/wheelhouse/generic/ftfy-6.3.1+computecanada-py3-none-any.whl
Processing /cvmfs/soft.computecanada.ca/custom/python/wheelhouse/gentoo2023/generic/scipy-1.15.1+computecanada-cp310-cp310-linux_x86_64.whl
Processing /cvmfs/soft.computecanada.ca/custom/python/wheelhouse/generic/regex-2024.9.11+computecanada-cp310-cp310-linux_x86_64.whl
Processing /cvmfs/soft.computecanada.ca/custom/python/wheelhouse/generic/tqdm-4.67.1+computecanada-py3-none-any.whl
Processing /cvmfs/soft.computecanada.ca/custom/python/wheelhouse/generic/gdown-5.2.0+computecanada-py3-none-any.whl
Processing /cvmfs/soft.computecanada.ca/custom/python/wheelhouse/gentoo2023/x86-64-v3/pandas-2.2.3+computecanada-cp310-cp310-linux_x86_64.whl
Processing /cvmfs/soft.computecanada.ca/custom/python/wheelhouse/generic/filelock-3.18.0+computecanada-py3-none-any.whl (from torch)
Processing /cvmfs/soft.computecanada.ca/custom/python/wheelhouse/generic/typing_extensions-4.14.0+computecanada-py3-none-any.whl (from torch)
Processing /cvmfs/soft.computecanada.ca/custom/python/wheelhouse/generic/networkx-3.5+computecanada-py3-none-any.whl (from torch)
Processing /cvmfs/soft.computecanada.ca/custom/python/wheelhouse/generic/jinja2-3.1.6+computecanada-py3-none-any.whl (from torch)
Processing /cvmfs/soft.computecanada.ca/custom/python/wheelhouse/generic/fsspec-2025.5.1+computecanada-py3-none-any.whl (from torch)
Processing /cvmfs/soft.computecanada.ca/custom/python/wheelhouse/generic/sympy-1.13.1+computecanada-py3-none-any.whl (from torch)
Processing /cvmfs/soft.computecanada.ca/custom/python/wheelhouse/generic/mpmath-1.3.0+computecanada-py3-none-any.whl (from sympy==1.13.1->torch)
Processing /cvmfs/soft.computecanada.ca/custom/python/wheelhouse/gentoo2023/generic/numpy-2.2.2+computecanada-cp310-cp310-linux_x86_64.whl (from torchvision)
Processing /cvmfs/soft.computecanada.ca/custom/python/wheelhouse/gentoo2023/x86-64-v3/Pillow_SIMD-9.5.0.post2+computecanada-cp310-cp310-linux_x86_64.whl (from torchvision)
Processing /cvmfs/soft.computecanada.ca/custom/python/wheelhouse/generic/wcwidth-0.2.13+computecanada-py2.py3-none-any.whl (from ftfy)
Processing /cvmfs/soft.computecanada.ca/custom/python/wheelhouse/generic/beautifulsoup4-4.13.4+computecanada-py3-none-any.whl (from gdown)
Processing /cvmfs/soft.computecanada.ca/custom/python/wheelhouse/generic/requests-2.32.4+computecanada-py3-none-any.whl (from gdown)
Processing /cvmfs/soft.computecanada.ca/custom/python/wheelhouse/generic/python_dateutil-2.9.0.post0+computecanada-py2.py3-none-any.whl (from pandas)
Processing /cvmfs/soft.computecanada.ca/custom/python/wheelhouse/generic/pytz-2025.2+computecanada-py2.py3-none-any.whl (from pandas)
Processing /cvmfs/soft.computecanada.ca/custom/python/wheelhouse/generic/tzdata-2025.2+computecanada-py2.py3-none-any.whl (from pandas)
Processing /cvmfs/soft.computecanada.ca/custom/python/wheelhouse/generic/six-1.17.0+computecanada-py2.py3-none-any.whl (from python-dateutil>=2.8.2->pandas)
Processing /cvmfs/soft.computecanada.ca/custom/python/wheelhouse/generic/soupsieve-2.7+computecanada-py3-none-any.whl (from beautifulsoup4->gdown)
Processing /cvmfs/soft.computecanada.ca/custom/python/wheelhouse/generic/MarkupSafe-2.1.5+computecanada-cp310-cp310-linux_x86_64.whl (from jinja2->torch)
INFO: pip is looking at multiple versions of networkx to determine which version is compatible with other requirements. This could take a while.
Processing /cvmfs/soft.computecanada.ca/custom/python/wheelhouse/generic/networkx-3.4.2+computecanada-py3-none-any.whl (from torch)
Processing /cvmfs/soft.computecanada.ca/custom/python/wheelhouse/generic/charset_normalizer-3.4.2+computecanada-py3-none-any.whl (from requests[socks]->gdown)
Processing /cvmfs/soft.computecanada.ca/custom/python/wheelhouse/generic/idna-3.10+computecanada-py3-none-any.whl (from requests[socks]->gdown)
Processing /cvmfs/soft.computecanada.ca/custom/python/wheelhouse/generic/urllib3-2.5.0+computecanada-py3-none-any.whl (from requests[socks]->gdown)
Processing /cvmfs/soft.computecanada.ca/custom/python/wheelhouse/generic/certifi-2025.6.15+computecanada-py3-none-any.whl (from requests[socks]->gdown)
Processing /cvmfs/soft.computecanada.ca/custom/python/wheelhouse/generic/PySocks-1.7.1+computecanada-py3-none-any.whl (from requests[socks]->gdown)
Installing collected packages: wcwidth, pytz, mpmath, urllib3, tzdata, typing-extensions, tqdm, sympy, soupsieve, six, regex, PySocks, pillow-simd, numpy, networkx, MarkupSafe, idna, ftfy, fsspec, filelock, charset-normalizer, certifi, scipy, requests, python-dateutil, jinja2, beautifulsoup4, torch, pandas, torchvision, torchaudio, gdown

Successfully installed MarkupSafe-2.1.5+computecanada PySocks-1.7.1+computecanada beautifulsoup4-4.13.4+computecanada certifi-2025.6.15+computecanada charset-normalizer-3.4.2+computecanada filelock-3.18.0+computecanada fsspec-2025.5.1+computecanada ftfy-6.3.1+computecanada gdown-5.2.0+computecanada idna-3.10+computecanada jinja2-3.1.6+computecanada mpmath-1.3.0+computecanada networkx-3.4.2+computecanada numpy-2.2.2+computecanada pandas-2.2.3+computecanada pillow-simd-9.5.0.post2+computecanada python-dateutil-2.9.0.post0+computecanada pytz-2025.2+computecanada regex-2024.9.11+computecanada requests-2.32.4+computecanada scipy-1.15.1+computecanada six-1.17.0+computecanada soupsieve-2.7+computecanada sympy-1.13.1+computecanada torch-2.6.0+computecanada torchaudio-2.6.0+computecanada torchvision-0.21.0+computecanada tqdm-4.67.1+computecanada typing-extensions-4.14.0+computecanada tzdata-2025.2+computecanada urllib3-2.5.0+computecanada wcwidth-0.2.13+computecanada
Preparing dataset.
Reading split from /home/pedro36/projects/def-leszek/pedro36/datasets/DATA/eurosat/split_zhou_EuroSAT.json
Creating a 4-shot dataset
Creating a 8-shot dataset

Getting textual features as CLIP's classifier.

Loading visual features and labels from val set.

Loading visual features and labels from test set.

**** Zero-shot CLIP's test accuracy: 42.25. ****

Residual Attention Block 0: ResidualAttentionBlock(
  (attn): MultiheadAttention(
    (out_proj): NonDynamicallyQuantizableLinear(in_features=512, out_features=512, bias=True)
  )
  (ln_1): LayerNorm((512,), eps=1e-05, elementwise_affine=True)
  (mlp): Sequential(
    (c_fc): Linear(in_features=512, out_features=2048, bias=True)
    (gelu): QuickGELU()
    (c_proj): Linear(in_features=2048, out_features=512, bias=True)
  )
  (ln_2): LayerNorm((512,), eps=1e-05, elementwise_affine=True)
)
Residual Attention Block 1: ResidualAttentionBlock(
  (attn): MultiheadAttention(
    (out_proj): NonDynamicallyQuantizableLinear(in_features=512, out_features=512, bias=True)
  )
  (ln_1): LayerNorm((512,), eps=1e-05, elementwise_affine=True)
  (mlp): Sequential(
    (c_fc): Linear(in_features=512, out_features=2048, bias=True)
    (gelu): QuickGELU()
    (c_proj): Linear(in_features=2048, out_features=512, bias=True)
  )
  (ln_2): LayerNorm((512,), eps=1e-05, elementwise_affine=True)
)
Residual Attention Block 2: ResidualAttentionBlock(
  (attn): MultiheadAttention(
    (out_proj): NonDynamicallyQuantizableLinear(in_features=512, out_features=512, bias=True)
  )
  (ln_1): LayerNorm((512,), eps=1e-05, elementwise_affine=True)
  (mlp): Sequential(
    (c_fc): Linear(in_features=512, out_features=2048, bias=True)
    (gelu): QuickGELU()
    (c_proj): Linear(in_features=2048, out_features=512, bias=True)
  )
  (ln_2): LayerNorm((512,), eps=1e-05, elementwise_affine=True)
)
Residual Attention Block 3: ResidualAttentionBlock(
  (attn): MultiheadAttention(
    (out_proj): NonDynamicallyQuantizableLinear(in_features=512, out_features=512, bias=True)
  )
  (ln_1): LayerNorm((512,), eps=1e-05, elementwise_affine=True)
  (mlp): Sequential(
    (c_fc): Linear(in_features=512, out_features=2048, bias=True)
    (gelu): QuickGELU()
    (c_proj): Linear(in_features=2048, out_features=512, bias=True)
  )
  (ln_2): LayerNorm((512,), eps=1e-05, elementwise_affine=True)
)
Residual Attention Block 4: ResidualAttentionBlock(
  (attn): MultiheadAttention(
    (out_proj): NonDynamicallyQuantizableLinear(in_features=512, out_features=512, bias=True)
  )
  (ln_1): LayerNorm((512,), eps=1e-05, elementwise_affine=True)
  (mlp): Sequential(
    (c_fc): Linear(in_features=512, out_features=2048, bias=True)
    (gelu): QuickGELU()
    (c_proj): Linear(in_features=2048, out_features=512, bias=True)
  )
  (ln_2): LayerNorm((512,), eps=1e-05, elementwise_affine=True)
)
Residual Attention Block 5: ResidualAttentionBlock(
  (attn): MultiheadAttention(
    (out_proj): NonDynamicallyQuantizableLinear(in_features=512, out_features=512, bias=True)
  )
  (ln_1): LayerNorm((512,), eps=1e-05, elementwise_affine=True)
  (mlp): Sequential(
    (c_fc): Linear(in_features=512, out_features=2048, bias=True)
    (gelu): QuickGELU()
    (c_proj): Linear(in_features=2048, out_features=512, bias=True)
  )
  (ln_2): LayerNorm((512,), eps=1e-05, elementwise_affine=True)
)
Residual Attention Block 6: ResidualAttentionBlock(
  (attn): MultiheadAttention(
    (out_proj): NonDynamicallyQuantizableLinear(in_features=512, out_features=512, bias=True)
  )
  (ln_1): LayerNorm((512,), eps=1e-05, elementwise_affine=True)
  (mlp): Sequential(
    (c_fc): Linear(in_features=512, out_features=2048, bias=True)
    (gelu): QuickGELU()
    (c_proj): Linear(in_features=2048, out_features=512, bias=True)
  )
  (ln_2): LayerNorm((512,), eps=1e-05, elementwise_affine=True)
)
Residual Attention Block 7: ResidualAttentionBlock(
  (attn): MultiheadAttention(
    (out_proj): NonDynamicallyQuantizableLinear(in_features=512, out_features=512, bias=True)
  )
  (ln_1): LayerNorm((512,), eps=1e-05, elementwise_affine=True)
  (mlp): Sequential(
    (c_fc): Linear(in_features=512, out_features=2048, bias=True)
    (gelu): QuickGELU()
    (c_proj): Linear(in_features=2048, out_features=512, bias=True)
  )
  (ln_2): LayerNorm((512,), eps=1e-05, elementwise_affine=True)
)
Residual Attention Block 8: ResidualAttentionBlock(
  (attn): MultiheadAttention(
    (out_proj): NonDynamicallyQuantizableLinear(in_features=512, out_features=512, bias=True)
  )
  (ln_1): LayerNorm((512,), eps=1e-05, elementwise_affine=True)
  (mlp): Sequential(
    (c_fc): Linear(in_features=512, out_features=2048, bias=True)
    (gelu): QuickGELU()
    (c_proj): Linear(in_features=2048, out_features=512, bias=True)
  )
  (ln_2): LayerNorm((512,), eps=1e-05, elementwise_affine=True)
)
Residual Attention Block 9: ResidualAttentionBlock(
  (attn): MultiheadAttention(
    (out_proj): NonDynamicallyQuantizableLinear(in_features=512, out_features=512, bias=True)
  )
  (ln_1): LayerNorm((512,), eps=1e-05, elementwise_affine=True)
  (mlp): Sequential(
    (c_fc): Linear(in_features=512, out_features=2048, bias=True)
    (gelu): QuickGELU()
    (c_proj): Linear(in_features=2048, out_features=512, bias=True)
  )
  (ln_2): LayerNorm((512,), eps=1e-05, elementwise_affine=True)
)
Residual Attention Block 10: ResidualAttentionBlock(
  (attn): MultiheadAttention(
    (out_proj): NonDynamicallyQuantizableLinear(in_features=512, out_features=512, bias=True)
  )
  (ln_1): LayerNorm((512,), eps=1e-05, elementwise_affine=True)
  (mlp): Sequential(
    (c_fc): Linear(in_features=512, out_features=2048, bias=True)
    (gelu): QuickGELU()
    (c_proj): Linear(in_features=2048, out_features=512, bias=True)
  )
  (ln_2): LayerNorm((512,), eps=1e-05, elementwise_affine=True)
)
Residual Attention Block 11: ResidualAttentionBlock(
  (attn): MultiheadAttention(
    (out_proj): NonDynamicallyQuantizableLinear(in_features=512, out_features=512, bias=True)
  )
  (ln_1): LayerNorm((512,), eps=1e-05, elementwise_affine=True)
  (mlp): Sequential(
    (c_fc): Linear(in_features=512, out_features=2048, bias=True)
    (gelu): QuickGELU()
    (c_proj): Linear(in_features=2048, out_features=512, bias=True)
  )
  (ln_2): LayerNorm((512,), eps=1e-05, elementwise_affine=True)
)
Residual Attention Block 0: ResidualAttentionBlock(
  (attn): MultiheadAttention(
    (out_proj): NonDynamicallyQuantizableLinear(in_features=768, out_features=768, bias=True)
  )
  (ln_1): LayerNorm((768,), eps=1e-05, elementwise_affine=True)
  (mlp): Sequential(
    (c_fc): Linear(in_features=768, out_features=3072, bias=True)
    (gelu): QuickGELU()
    (c_proj): Linear(in_features=3072, out_features=768, bias=True)
  )
  (ln_2): LayerNorm((768,), eps=1e-05, elementwise_affine=True)
)
Residual Attention Block 1: ResidualAttentionBlock(
  (attn): MultiheadAttention(
    (out_proj): NonDynamicallyQuantizableLinear(in_features=768, out_features=768, bias=True)
  )
  (ln_1): LayerNorm((768,), eps=1e-05, elementwise_affine=True)
  (mlp): Sequential(
    (c_fc): Linear(in_features=768, out_features=3072, bias=True)
    (gelu): QuickGELU()
    (c_proj): Linear(in_features=3072, out_features=768, bias=True)
  )
  (ln_2): LayerNorm((768,), eps=1e-05, elementwise_affine=True)
)
Residual Attention Block 2: ResidualAttentionBlock(
  (attn): MultiheadAttention(
    (out_proj): NonDynamicallyQuantizableLinear(in_features=768, out_features=768, bias=True)
  )
  (ln_1): LayerNorm((768,), eps=1e-05, elementwise_affine=True)
  (mlp): Sequential(
    (c_fc): Linear(in_features=768, out_features=3072, bias=True)
    (gelu): QuickGELU()
    (c_proj): Linear(in_features=3072, out_features=768, bias=True)
  )
  (ln_2): LayerNorm((768,), eps=1e-05, elementwise_affine=True)
)
Residual Attention Block 3: ResidualAttentionBlock(
  (attn): MultiheadAttention(
    (out_proj): NonDynamicallyQuantizableLinear(in_features=768, out_features=768, bias=True)
  )
  (ln_1): LayerNorm((768,), eps=1e-05, elementwise_affine=True)
  (mlp): Sequential(
    (c_fc): Linear(in_features=768, out_features=3072, bias=True)
    (gelu): QuickGELU()
    (c_proj): Linear(in_features=3072, out_features=768, bias=True)
  )
  (ln_2): LayerNorm((768,), eps=1e-05, elementwise_affine=True)
)
Residual Attention Block 4: ResidualAttentionBlock(
  (attn): MultiheadAttention(
    (out_proj): NonDynamicallyQuantizableLinear(in_features=768, out_features=768, bias=True)
  )
  (ln_1): LayerNorm((768,), eps=1e-05, elementwise_affine=True)
  (mlp): Sequential(
    (c_fc): Linear(in_features=768, out_features=3072, bias=True)
    (gelu): QuickGELU()
    (c_proj): Linear(in_features=3072, out_features=768, bias=True)
  )
  (ln_2): LayerNorm((768,), eps=1e-05, elementwise_affine=True)
)
Residual Attention Block 5: ResidualAttentionBlock(
  (attn): MultiheadAttention(
    (out_proj): NonDynamicallyQuantizableLinear(in_features=768, out_features=768, bias=True)
  )
  (ln_1): LayerNorm((768,), eps=1e-05, elementwise_affine=True)
  (mlp): Sequential(
    (c_fc): Linear(in_features=768, out_features=3072, bias=True)
    (gelu): QuickGELU()
    (c_proj): Linear(in_features=3072, out_features=768, bias=True)
  )
  (ln_2): LayerNorm((768,), eps=1e-05, elementwise_affine=True)
)
Residual Attention Block 6: ResidualAttentionBlock(
  (attn): MultiheadAttention(
    (out_proj): NonDynamicallyQuantizableLinear(in_features=768, out_features=768, bias=True)
  )
  (ln_1): LayerNorm((768,), eps=1e-05, elementwise_affine=True)
  (mlp): Sequential(
    (c_fc): Linear(in_features=768, out_features=3072, bias=True)
    (gelu): QuickGELU()
    (c_proj): Linear(in_features=3072, out_features=768, bias=True)
  )
  (ln_2): LayerNorm((768,), eps=1e-05, elementwise_affine=True)
)
Residual Attention Block 7: ResidualAttentionBlock(
  (attn): MultiheadAttention(
    (out_proj): NonDynamicallyQuantizableLinear(in_features=768, out_features=768, bias=True)
  )
  (ln_1): LayerNorm((768,), eps=1e-05, elementwise_affine=True)
  (mlp): Sequential(
    (c_fc): Linear(in_features=768, out_features=3072, bias=True)
    (gelu): QuickGELU()
    (c_proj): Linear(in_features=3072, out_features=768, bias=True)
  )
  (ln_2): LayerNorm((768,), eps=1e-05, elementwise_affine=True)
)
Residual Attention Block 8: ResidualAttentionBlock(
  (attn): MultiheadAttention(
    (out_proj): NonDynamicallyQuantizableLinear(in_features=768, out_features=768, bias=True)
  )
  (ln_1): LayerNorm((768,), eps=1e-05, elementwise_affine=True)
  (mlp): Sequential(
    (c_fc): Linear(in_features=768, out_features=3072, bias=True)
    (gelu): QuickGELU()
    (c_proj): Linear(in_features=3072, out_features=768, bias=True)
  )
  (ln_2): LayerNorm((768,), eps=1e-05, elementwise_affine=True)
)
Residual Attention Block 9: ResidualAttentionBlock(
  (attn): MultiheadAttention(
    (out_proj): NonDynamicallyQuantizableLinear(in_features=768, out_features=768, bias=True)
  )
  (ln_1): LayerNorm((768,), eps=1e-05, elementwise_affine=True)
  (mlp): Sequential(
    (c_fc): Linear(in_features=768, out_features=3072, bias=True)
    (gelu): QuickGELU()
    (c_proj): Linear(in_features=3072, out_features=768, bias=True)
  )
  (ln_2): LayerNorm((768,), eps=1e-05, elementwise_affine=True)
)
Residual Attention Block 10: ResidualAttentionBlock(
  (attn): MultiheadAttention(
    (out_proj): NonDynamicallyQuantizableLinear(in_features=768, out_features=768, bias=True)
  )
  (ln_1): LayerNorm((768,), eps=1e-05, elementwise_affine=True)
  (mlp): Sequential(
    (c_fc): Linear(in_features=768, out_features=3072, bias=True)
    (gelu): QuickGELU()
    (c_proj): Linear(in_features=3072, out_features=768, bias=True)
  )
  (ln_2): LayerNorm((768,), eps=1e-05, elementwise_affine=True)
)
Residual Attention Block 11: ResidualAttentionBlock(
  (attn): MultiheadAttention(
    (out_proj): NonDynamicallyQuantizableLinear(in_features=768, out_features=768, bias=True)
  )
  (ln_1): LayerNorm((768,), eps=1e-05, elementwise_affine=True)
  (mlp): Sequential(
    (c_fc): Linear(in_features=768, out_features=3072, bias=True)
    (gelu): QuickGELU()
    (c_proj): Linear(in_features=3072, out_features=768, bias=True)
  )
  (ln_2): LayerNorm((768,), eps=1e-05, elementwise_affine=True)
)
Trainable parameters: ['visual.transformer.resblocks.0.attn.q_proj.router.gate.weight', 'visual.transformer.resblocks.0.attn.q_proj.experts.0.w_lora_A', 'visual.transformer.resblocks.0.attn.q_proj.experts.0.w_lora_B', 'visual.transformer.resblocks.0.attn.q_proj.experts.1.w_lora_A', 'visual.transformer.resblocks.0.attn.q_proj.experts.1.w_lora_B', 'visual.transformer.resblocks.0.attn.k_proj.router.gate.weight', 'visual.transformer.resblocks.0.attn.k_proj.experts.0.w_lora_A', 'visual.transformer.resblocks.0.attn.k_proj.experts.0.w_lora_B', 'visual.transformer.resblocks.0.attn.k_proj.experts.1.w_lora_A', 'visual.transformer.resblocks.0.attn.k_proj.experts.1.w_lora_B', 'visual.transformer.resblocks.0.attn.v_proj.router.gate.weight', 'visual.transformer.resblocks.0.attn.v_proj.experts.0.w_lora_A', 'visual.transformer.resblocks.0.attn.v_proj.experts.0.w_lora_B', 'visual.transformer.resblocks.0.attn.v_proj.experts.1.w_lora_A', 'visual.transformer.resblocks.0.attn.v_proj.experts.1.w_lora_B', 'visual.transformer.resblocks.1.attn.q_proj.router.gate.weight', 'visual.transformer.resblocks.1.attn.q_proj.experts.0.w_lora_A', 'visual.transformer.resblocks.1.attn.q_proj.experts.0.w_lora_B', 'visual.transformer.resblocks.1.attn.q_proj.experts.1.w_lora_A', 'visual.transformer.resblocks.1.attn.q_proj.experts.1.w_lora_B', 'visual.transformer.resblocks.1.attn.k_proj.router.gate.weight', 'visual.transformer.resblocks.1.attn.k_proj.experts.0.w_lora_A', 'visual.transformer.resblocks.1.attn.k_proj.experts.0.w_lora_B', 'visual.transformer.resblocks.1.attn.k_proj.experts.1.w_lora_A', 'visual.transformer.resblocks.1.attn.k_proj.experts.1.w_lora_B', 'visual.transformer.resblocks.1.attn.v_proj.router.gate.weight', 'visual.transformer.resblocks.1.attn.v_proj.experts.0.w_lora_A', 'visual.transformer.resblocks.1.attn.v_proj.experts.0.w_lora_B', 'visual.transformer.resblocks.1.attn.v_proj.experts.1.w_lora_A', 'visual.transformer.resblocks.1.attn.v_proj.experts.1.w_lora_B', 'visual.transformer.resblocks.2.attn.q_proj.router.gate.weight', 'visual.transformer.resblocks.2.attn.q_proj.experts.0.w_lora_A', 'visual.transformer.resblocks.2.attn.q_proj.experts.0.w_lora_B', 'visual.transformer.resblocks.2.attn.q_proj.experts.1.w_lora_A', 'visual.transformer.resblocks.2.attn.q_proj.experts.1.w_lora_B', 'visual.transformer.resblocks.2.attn.k_proj.router.gate.weight', 'visual.transformer.resblocks.2.attn.k_proj.experts.0.w_lora_A', 'visual.transformer.resblocks.2.attn.k_proj.experts.0.w_lora_B', 'visual.transformer.resblocks.2.attn.k_proj.experts.1.w_lora_A', 'visual.transformer.resblocks.2.attn.k_proj.experts.1.w_lora_B', 'visual.transformer.resblocks.2.attn.v_proj.router.gate.weight', 'visual.transformer.resblocks.2.attn.v_proj.experts.0.w_lora_A', 'visual.transformer.resblocks.2.attn.v_proj.experts.0.w_lora_B', 'visual.transformer.resblocks.2.attn.v_proj.experts.1.w_lora_A', 'visual.transformer.resblocks.2.attn.v_proj.experts.1.w_lora_B', 'visual.transformer.resblocks.3.attn.q_proj.router.gate.weight', 'visual.transformer.resblocks.3.attn.q_proj.experts.0.w_lora_A', 'visual.transformer.resblocks.3.attn.q_proj.experts.0.w_lora_B', 'visual.transformer.resblocks.3.attn.q_proj.experts.1.w_lora_A', 'visual.transformer.resblocks.3.attn.q_proj.experts.1.w_lora_B', 'visual.transformer.resblocks.3.attn.k_proj.router.gate.weight', 'visual.transformer.resblocks.3.attn.k_proj.experts.0.w_lora_A', 'visual.transformer.resblocks.3.attn.k_proj.experts.0.w_lora_B', 'visual.transformer.resblocks.3.attn.k_proj.experts.1.w_lora_A', 'visual.transformer.resblocks.3.attn.k_proj.experts.1.w_lora_B', 'visual.transformer.resblocks.3.attn.v_proj.router.gate.weight', 'visual.transformer.resblocks.3.attn.v_proj.experts.0.w_lora_A', 'visual.transformer.resblocks.3.attn.v_proj.experts.0.w_lora_B', 'visual.transformer.resblocks.3.attn.v_proj.experts.1.w_lora_A', 'visual.transformer.resblocks.3.attn.v_proj.experts.1.w_lora_B', 'visual.transformer.resblocks.4.attn.q_proj.router.gate.weight', 'visual.transformer.resblocks.4.attn.q_proj.experts.0.w_lora_A', 'visual.transformer.resblocks.4.attn.q_proj.experts.0.w_lora_B', 'visual.transformer.resblocks.4.attn.q_proj.experts.1.w_lora_A', 'visual.transformer.resblocks.4.attn.q_proj.experts.1.w_lora_B', 'visual.transformer.resblocks.4.attn.k_proj.router.gate.weight', 'visual.transformer.resblocks.4.attn.k_proj.experts.0.w_lora_A', 'visual.transformer.resblocks.4.attn.k_proj.experts.0.w_lora_B', 'visual.transformer.resblocks.4.attn.k_proj.experts.1.w_lora_A', 'visual.transformer.resblocks.4.attn.k_proj.experts.1.w_lora_B', 'visual.transformer.resblocks.4.attn.v_proj.router.gate.weight', 'visual.transformer.resblocks.4.attn.v_proj.experts.0.w_lora_A', 'visual.transformer.resblocks.4.attn.v_proj.experts.0.w_lora_B', 'visual.transformer.resblocks.4.attn.v_proj.experts.1.w_lora_A', 'visual.transformer.resblocks.4.attn.v_proj.experts.1.w_lora_B', 'visual.transformer.resblocks.5.attn.q_proj.router.gate.weight', 'visual.transformer.resblocks.5.attn.q_proj.experts.0.w_lora_A', 'visual.transformer.resblocks.5.attn.q_proj.experts.0.w_lora_B', 'visual.transformer.resblocks.5.attn.q_proj.experts.1.w_lora_A', 'visual.transformer.resblocks.5.attn.q_proj.experts.1.w_lora_B', 'visual.transformer.resblocks.5.attn.k_proj.router.gate.weight', 'visual.transformer.resblocks.5.attn.k_proj.experts.0.w_lora_A', 'visual.transformer.resblocks.5.attn.k_proj.experts.0.w_lora_B', 'visual.transformer.resblocks.5.attn.k_proj.experts.1.w_lora_A', 'visual.transformer.resblocks.5.attn.k_proj.experts.1.w_lora_B', 'visual.transformer.resblocks.5.attn.v_proj.router.gate.weight', 'visual.transformer.resblocks.5.attn.v_proj.experts.0.w_lora_A', 'visual.transformer.resblocks.5.attn.v_proj.experts.0.w_lora_B', 'visual.transformer.resblocks.5.attn.v_proj.experts.1.w_lora_A', 'visual.transformer.resblocks.5.attn.v_proj.experts.1.w_lora_B', 'visual.transformer.resblocks.6.attn.q_proj.router.gate.weight', 'visual.transformer.resblocks.6.attn.q_proj.experts.0.w_lora_A', 'visual.transformer.resblocks.6.attn.q_proj.experts.0.w_lora_B', 'visual.transformer.resblocks.6.attn.q_proj.experts.1.w_lora_A', 'visual.transformer.resblocks.6.attn.q_proj.experts.1.w_lora_B', 'visual.transformer.resblocks.6.attn.k_proj.router.gate.weight', 'visual.transformer.resblocks.6.attn.k_proj.experts.0.w_lora_A', 'visual.transformer.resblocks.6.attn.k_proj.experts.0.w_lora_B', 'visual.transformer.resblocks.6.attn.k_proj.experts.1.w_lora_A', 'visual.transformer.resblocks.6.attn.k_proj.experts.1.w_lora_B', 'visual.transformer.resblocks.6.attn.v_proj.router.gate.weight', 'visual.transformer.resblocks.6.attn.v_proj.experts.0.w_lora_A', 'visual.transformer.resblocks.6.attn.v_proj.experts.0.w_lora_B', 'visual.transformer.resblocks.6.attn.v_proj.experts.1.w_lora_A', 'visual.transformer.resblocks.6.attn.v_proj.experts.1.w_lora_B', 'visual.transformer.resblocks.7.attn.q_proj.router.gate.weight', 'visual.transformer.resblocks.7.attn.q_proj.experts.0.w_lora_A', 'visual.transformer.resblocks.7.attn.q_proj.experts.0.w_lora_B', 'visual.transformer.resblocks.7.attn.q_proj.experts.1.w_lora_A', 'visual.transformer.resblocks.7.attn.q_proj.experts.1.w_lora_B', 'visual.transformer.resblocks.7.attn.k_proj.router.gate.weight', 'visual.transformer.resblocks.7.attn.k_proj.experts.0.w_lora_A', 'visual.transformer.resblocks.7.attn.k_proj.experts.0.w_lora_B', 'visual.transformer.resblocks.7.attn.k_proj.experts.1.w_lora_A', 'visual.transformer.resblocks.7.attn.k_proj.experts.1.w_lora_B', 'visual.transformer.resblocks.7.attn.v_proj.router.gate.weight', 'visual.transformer.resblocks.7.attn.v_proj.experts.0.w_lora_A', 'visual.transformer.resblocks.7.attn.v_proj.experts.0.w_lora_B', 'visual.transformer.resblocks.7.attn.v_proj.experts.1.w_lora_A', 'visual.transformer.resblocks.7.attn.v_proj.experts.1.w_lora_B', 'visual.transformer.resblocks.8.attn.q_proj.router.gate.weight', 'visual.transformer.resblocks.8.attn.q_proj.experts.0.w_lora_A', 'visual.transformer.resblocks.8.attn.q_proj.experts.0.w_lora_B', 'visual.transformer.resblocks.8.attn.q_proj.experts.1.w_lora_A', 'visual.transformer.resblocks.8.attn.q_proj.experts.1.w_lora_B', 'visual.transformer.resblocks.8.attn.k_proj.router.gate.weight', 'visual.transformer.resblocks.8.attn.k_proj.experts.0.w_lora_A', 'visual.transformer.resblocks.8.attn.k_proj.experts.0.w_lora_B', 'visual.transformer.resblocks.8.attn.k_proj.experts.1.w_lora_A', 'visual.transformer.resblocks.8.attn.k_proj.experts.1.w_lora_B', 'visual.transformer.resblocks.8.attn.v_proj.router.gate.weight', 'visual.transformer.resblocks.8.attn.v_proj.experts.0.w_lora_A', 'visual.transformer.resblocks.8.attn.v_proj.experts.0.w_lora_B', 'visual.transformer.resblocks.8.attn.v_proj.experts.1.w_lora_A', 'visual.transformer.resblocks.8.attn.v_proj.experts.1.w_lora_B', 'visual.transformer.resblocks.9.attn.q_proj.router.gate.weight', 'visual.transformer.resblocks.9.attn.q_proj.experts.0.w_lora_A', 'visual.transformer.resblocks.9.attn.q_proj.experts.0.w_lora_B', 'visual.transformer.resblocks.9.attn.q_proj.experts.1.w_lora_A', 'visual.transformer.resblocks.9.attn.q_proj.experts.1.w_lora_B', 'visual.transformer.resblocks.9.attn.k_proj.router.gate.weight', 'visual.transformer.resblocks.9.attn.k_proj.experts.0.w_lora_A', 'visual.transformer.resblocks.9.attn.k_proj.experts.0.w_lora_B', 'visual.transformer.resblocks.9.attn.k_proj.experts.1.w_lora_A', 'visual.transformer.resblocks.9.attn.k_proj.experts.1.w_lora_B', 'visual.transformer.resblocks.9.attn.v_proj.router.gate.weight', 'visual.transformer.resblocks.9.attn.v_proj.experts.0.w_lora_A', 'visual.transformer.resblocks.9.attn.v_proj.experts.0.w_lora_B', 'visual.transformer.resblocks.9.attn.v_proj.experts.1.w_lora_A', 'visual.transformer.resblocks.9.attn.v_proj.experts.1.w_lora_B', 'visual.transformer.resblocks.10.attn.q_proj.router.gate.weight', 'visual.transformer.resblocks.10.attn.q_proj.experts.0.w_lora_A', 'visual.transformer.resblocks.10.attn.q_proj.experts.0.w_lora_B', 'visual.transformer.resblocks.10.attn.q_proj.experts.1.w_lora_A', 'visual.transformer.resblocks.10.attn.q_proj.experts.1.w_lora_B', 'visual.transformer.resblocks.10.attn.k_proj.router.gate.weight', 'visual.transformer.resblocks.10.attn.k_proj.experts.0.w_lora_A', 'visual.transformer.resblocks.10.attn.k_proj.experts.0.w_lora_B', 'visual.transformer.resblocks.10.attn.k_proj.experts.1.w_lora_A', 'visual.transformer.resblocks.10.attn.k_proj.experts.1.w_lora_B', 'visual.transformer.resblocks.10.attn.v_proj.router.gate.weight', 'visual.transformer.resblocks.10.attn.v_proj.experts.0.w_lora_A', 'visual.transformer.resblocks.10.attn.v_proj.experts.0.w_lora_B', 'visual.transformer.resblocks.10.attn.v_proj.experts.1.w_lora_A', 'visual.transformer.resblocks.10.attn.v_proj.experts.1.w_lora_B', 'visual.transformer.resblocks.11.attn.q_proj.router.gate.weight', 'visual.transformer.resblocks.11.attn.q_proj.experts.0.w_lora_A', 'visual.transformer.resblocks.11.attn.q_proj.experts.0.w_lora_B', 'visual.transformer.resblocks.11.attn.q_proj.experts.1.w_lora_A', 'visual.transformer.resblocks.11.attn.q_proj.experts.1.w_lora_B', 'visual.transformer.resblocks.11.attn.k_proj.router.gate.weight', 'visual.transformer.resblocks.11.attn.k_proj.experts.0.w_lora_A', 'visual.transformer.resblocks.11.attn.k_proj.experts.0.w_lora_B', 'visual.transformer.resblocks.11.attn.k_proj.experts.1.w_lora_A', 'visual.transformer.resblocks.11.attn.k_proj.experts.1.w_lora_B', 'visual.transformer.resblocks.11.attn.v_proj.router.gate.weight', 'visual.transformer.resblocks.11.attn.v_proj.experts.0.w_lora_A', 'visual.transformer.resblocks.11.attn.v_proj.experts.0.w_lora_B', 'visual.transformer.resblocks.11.attn.v_proj.experts.1.w_lora_A', 'visual.transformer.resblocks.11.attn.v_proj.experts.1.w_lora_B', 'transformer.resblocks.0.attn.q_proj.router.gate.weight', 'transformer.resblocks.0.attn.q_proj.experts.0.w_lora_A', 'transformer.resblocks.0.attn.q_proj.experts.0.w_lora_B', 'transformer.resblocks.0.attn.q_proj.experts.1.w_lora_A', 'transformer.resblocks.0.attn.q_proj.experts.1.w_lora_B', 'transformer.resblocks.0.attn.k_proj.router.gate.weight', 'transformer.resblocks.0.attn.k_proj.experts.0.w_lora_A', 'transformer.resblocks.0.attn.k_proj.experts.0.w_lora_B', 'transformer.resblocks.0.attn.k_proj.experts.1.w_lora_A', 'transformer.resblocks.0.attn.k_proj.experts.1.w_lora_B', 'transformer.resblocks.0.attn.v_proj.router.gate.weight', 'transformer.resblocks.0.attn.v_proj.experts.0.w_lora_A', 'transformer.resblocks.0.attn.v_proj.experts.0.w_lora_B', 'transformer.resblocks.0.attn.v_proj.experts.1.w_lora_A', 'transformer.resblocks.0.attn.v_proj.experts.1.w_lora_B', 'transformer.resblocks.1.attn.q_proj.router.gate.weight', 'transformer.resblocks.1.attn.q_proj.experts.0.w_lora_A', 'transformer.resblocks.1.attn.q_proj.experts.0.w_lora_B', 'transformer.resblocks.1.attn.q_proj.experts.1.w_lora_A', 'transformer.resblocks.1.attn.q_proj.experts.1.w_lora_B', 'transformer.resblocks.1.attn.k_proj.router.gate.weight', 'transformer.resblocks.1.attn.k_proj.experts.0.w_lora_A', 'transformer.resblocks.1.attn.k_proj.experts.0.w_lora_B', 'transformer.resblocks.1.attn.k_proj.experts.1.w_lora_A', 'transformer.resblocks.1.attn.k_proj.experts.1.w_lora_B', 'transformer.resblocks.1.attn.v_proj.router.gate.weight', 'transformer.resblocks.1.attn.v_proj.experts.0.w_lora_A', 'transformer.resblocks.1.attn.v_proj.experts.0.w_lora_B', 'transformer.resblocks.1.attn.v_proj.experts.1.w_lora_A', 'transformer.resblocks.1.attn.v_proj.experts.1.w_lora_B', 'transformer.resblocks.2.attn.q_proj.router.gate.weight', 'transformer.resblocks.2.attn.q_proj.experts.0.w_lora_A', 'transformer.resblocks.2.attn.q_proj.experts.0.w_lora_B', 'transformer.resblocks.2.attn.q_proj.experts.1.w_lora_A', 'transformer.resblocks.2.attn.q_proj.experts.1.w_lora_B', 'transformer.resblocks.2.attn.k_proj.router.gate.weight', 'transformer.resblocks.2.attn.k_proj.experts.0.w_lora_A', 'transformer.resblocks.2.attn.k_proj.experts.0.w_lora_B', 'transformer.resblocks.2.attn.k_proj.experts.1.w_lora_A', 'transformer.resblocks.2.attn.k_proj.experts.1.w_lora_B', 'transformer.resblocks.2.attn.v_proj.router.gate.weight', 'transformer.resblocks.2.attn.v_proj.experts.0.w_lora_A', 'transformer.resblocks.2.attn.v_proj.experts.0.w_lora_B', 'transformer.resblocks.2.attn.v_proj.experts.1.w_lora_A', 'transformer.resblocks.2.attn.v_proj.experts.1.w_lora_B', 'transformer.resblocks.3.attn.q_proj.router.gate.weight', 'transformer.resblocks.3.attn.q_proj.experts.0.w_lora_A', 'transformer.resblocks.3.attn.q_proj.experts.0.w_lora_B', 'transformer.resblocks.3.attn.q_proj.experts.1.w_lora_A', 'transformer.resblocks.3.attn.q_proj.experts.1.w_lora_B', 'transformer.resblocks.3.attn.k_proj.router.gate.weight', 'transformer.resblocks.3.attn.k_proj.experts.0.w_lora_A', 'transformer.resblocks.3.attn.k_proj.experts.0.w_lora_B', 'transformer.resblocks.3.attn.k_proj.experts.1.w_lora_A', 'transformer.resblocks.3.attn.k_proj.experts.1.w_lora_B', 'transformer.resblocks.3.attn.v_proj.router.gate.weight', 'transformer.resblocks.3.attn.v_proj.experts.0.w_lora_A', 'transformer.resblocks.3.attn.v_proj.experts.0.w_lora_B', 'transformer.resblocks.3.attn.v_proj.experts.1.w_lora_A', 'transformer.resblocks.3.attn.v_proj.experts.1.w_lora_B', 'transformer.resblocks.4.attn.q_proj.router.gate.weight', 'transformer.resblocks.4.attn.q_proj.experts.0.w_lora_A', 'transformer.resblocks.4.attn.q_proj.experts.0.w_lora_B', 'transformer.resblocks.4.attn.q_proj.experts.1.w_lora_A', 'transformer.resblocks.4.attn.q_proj.experts.1.w_lora_B', 'transformer.resblocks.4.attn.k_proj.router.gate.weight', 'transformer.resblocks.4.attn.k_proj.experts.0.w_lora_A', 'transformer.resblocks.4.attn.k_proj.experts.0.w_lora_B', 'transformer.resblocks.4.attn.k_proj.experts.1.w_lora_A', 'transformer.resblocks.4.attn.k_proj.experts.1.w_lora_B', 'transformer.resblocks.4.attn.v_proj.router.gate.weight', 'transformer.resblocks.4.attn.v_proj.experts.0.w_lora_A', 'transformer.resblocks.4.attn.v_proj.experts.0.w_lora_B', 'transformer.resblocks.4.attn.v_proj.experts.1.w_lora_A', 'transformer.resblocks.4.attn.v_proj.experts.1.w_lora_B', 'transformer.resblocks.5.attn.q_proj.router.gate.weight', 'transformer.resblocks.5.attn.q_proj.experts.0.w_lora_A', 'transformer.resblocks.5.attn.q_proj.experts.0.w_lora_B', 'transformer.resblocks.5.attn.q_proj.experts.1.w_lora_A', 'transformer.resblocks.5.attn.q_proj.experts.1.w_lora_B', 'transformer.resblocks.5.attn.k_proj.router.gate.weight', 'transformer.resblocks.5.attn.k_proj.experts.0.w_lora_A', 'transformer.resblocks.5.attn.k_proj.experts.0.w_lora_B', 'transformer.resblocks.5.attn.k_proj.experts.1.w_lora_A', 'transformer.resblocks.5.attn.k_proj.experts.1.w_lora_B', 'transformer.resblocks.5.attn.v_proj.router.gate.weight', 'transformer.resblocks.5.attn.v_proj.experts.0.w_lora_A', 'transformer.resblocks.5.attn.v_proj.experts.0.w_lora_B', 'transformer.resblocks.5.attn.v_proj.experts.1.w_lora_A', 'transformer.resblocks.5.attn.v_proj.experts.1.w_lora_B', 'transformer.resblocks.6.attn.q_proj.router.gate.weight', 'transformer.resblocks.6.attn.q_proj.experts.0.w_lora_A', 'transformer.resblocks.6.attn.q_proj.experts.0.w_lora_B', 'transformer.resblocks.6.attn.q_proj.experts.1.w_lora_A', 'transformer.resblocks.6.attn.q_proj.experts.1.w_lora_B', 'transformer.resblocks.6.attn.k_proj.router.gate.weight', 'transformer.resblocks.6.attn.k_proj.experts.0.w_lora_A', 'transformer.resblocks.6.attn.k_proj.experts.0.w_lora_B', 'transformer.resblocks.6.attn.k_proj.experts.1.w_lora_A', 'transformer.resblocks.6.attn.k_proj.experts.1.w_lora_B', 'transformer.resblocks.6.attn.v_proj.router.gate.weight', 'transformer.resblocks.6.attn.v_proj.experts.0.w_lora_A', 'transformer.resblocks.6.attn.v_proj.experts.0.w_lora_B', 'transformer.resblocks.6.attn.v_proj.experts.1.w_lora_A', 'transformer.resblocks.6.attn.v_proj.experts.1.w_lora_B', 'transformer.resblocks.7.attn.q_proj.router.gate.weight', 'transformer.resblocks.7.attn.q_proj.experts.0.w_lora_A', 'transformer.resblocks.7.attn.q_proj.experts.0.w_lora_B', 'transformer.resblocks.7.attn.q_proj.experts.1.w_lora_A', 'transformer.resblocks.7.attn.q_proj.experts.1.w_lora_B', 'transformer.resblocks.7.attn.k_proj.router.gate.weight', 'transformer.resblocks.7.attn.k_proj.experts.0.w_lora_A', 'transformer.resblocks.7.attn.k_proj.experts.0.w_lora_B', 'transformer.resblocks.7.attn.k_proj.experts.1.w_lora_A', 'transformer.resblocks.7.attn.k_proj.experts.1.w_lora_B', 'transformer.resblocks.7.attn.v_proj.router.gate.weight', 'transformer.resblocks.7.attn.v_proj.experts.0.w_lora_A', 'transformer.resblocks.7.attn.v_proj.experts.0.w_lora_B', 'transformer.resblocks.7.attn.v_proj.experts.1.w_lora_A', 'transformer.resblocks.7.attn.v_proj.experts.1.w_lora_B', 'transformer.resblocks.8.attn.q_proj.router.gate.weight', 'transformer.resblocks.8.attn.q_proj.experts.0.w_lora_A', 'transformer.resblocks.8.attn.q_proj.experts.0.w_lora_B', 'transformer.resblocks.8.attn.q_proj.experts.1.w_lora_A', 'transformer.resblocks.8.attn.q_proj.experts.1.w_lora_B', 'transformer.resblocks.8.attn.k_proj.router.gate.weight', 'transformer.resblocks.8.attn.k_proj.experts.0.w_lora_A', 'transformer.resblocks.8.attn.k_proj.experts.0.w_lora_B', 'transformer.resblocks.8.attn.k_proj.experts.1.w_lora_A', 'transformer.resblocks.8.attn.k_proj.experts.1.w_lora_B', 'transformer.resblocks.8.attn.v_proj.router.gate.weight', 'transformer.resblocks.8.attn.v_proj.experts.0.w_lora_A', 'transformer.resblocks.8.attn.v_proj.experts.0.w_lora_B', 'transformer.resblocks.8.attn.v_proj.experts.1.w_lora_A', 'transformer.resblocks.8.attn.v_proj.experts.1.w_lora_B', 'transformer.resblocks.9.attn.q_proj.router.gate.weight', 'transformer.resblocks.9.attn.q_proj.experts.0.w_lora_A', 'transformer.resblocks.9.attn.q_proj.experts.0.w_lora_B', 'transformer.resblocks.9.attn.q_proj.experts.1.w_lora_A', 'transformer.resblocks.9.attn.q_proj.experts.1.w_lora_B', 'transformer.resblocks.9.attn.k_proj.router.gate.weight', 'transformer.resblocks.9.attn.k_proj.experts.0.w_lora_A', 'transformer.resblocks.9.attn.k_proj.experts.0.w_lora_B', 'transformer.resblocks.9.attn.k_proj.experts.1.w_lora_A', 'transformer.resblocks.9.attn.k_proj.experts.1.w_lora_B', 'transformer.resblocks.9.attn.v_proj.router.gate.weight', 'transformer.resblocks.9.attn.v_proj.experts.0.w_lora_A', 'transformer.resblocks.9.attn.v_proj.experts.0.w_lora_B', 'transformer.resblocks.9.attn.v_proj.experts.1.w_lora_A', 'transformer.resblocks.9.attn.v_proj.experts.1.w_lora_B', 'transformer.resblocks.10.attn.q_proj.router.gate.weight', 'transformer.resblocks.10.attn.q_proj.experts.0.w_lora_A', 'transformer.resblocks.10.attn.q_proj.experts.0.w_lora_B', 'transformer.resblocks.10.attn.q_proj.experts.1.w_lora_A', 'transformer.resblocks.10.attn.q_proj.experts.1.w_lora_B', 'transformer.resblocks.10.attn.k_proj.router.gate.weight', 'transformer.resblocks.10.attn.k_proj.experts.0.w_lora_A', 'transformer.resblocks.10.attn.k_proj.experts.0.w_lora_B', 'transformer.resblocks.10.attn.k_proj.experts.1.w_lora_A', 'transformer.resblocks.10.attn.k_proj.experts.1.w_lora_B', 'transformer.resblocks.10.attn.v_proj.router.gate.weight', 'transformer.resblocks.10.attn.v_proj.experts.0.w_lora_A', 'transformer.resblocks.10.attn.v_proj.experts.0.w_lora_B', 'transformer.resblocks.10.attn.v_proj.experts.1.w_lora_A', 'transformer.resblocks.10.attn.v_proj.experts.1.w_lora_B', 'transformer.resblocks.11.attn.q_proj.router.gate.weight', 'transformer.resblocks.11.attn.q_proj.experts.0.w_lora_A', 'transformer.resblocks.11.attn.q_proj.experts.0.w_lora_B', 'transformer.resblocks.11.attn.q_proj.experts.1.w_lora_A', 'transformer.resblocks.11.attn.q_proj.experts.1.w_lora_B', 'transformer.resblocks.11.attn.k_proj.router.gate.weight', 'transformer.resblocks.11.attn.k_proj.experts.0.w_lora_A', 'transformer.resblocks.11.attn.k_proj.experts.0.w_lora_B', 'transformer.resblocks.11.attn.k_proj.experts.1.w_lora_A', 'transformer.resblocks.11.attn.k_proj.experts.1.w_lora_B', 'transformer.resblocks.11.attn.v_proj.router.gate.weight', 'transformer.resblocks.11.attn.v_proj.experts.0.w_lora_A', 'transformer.resblocks.11.attn.v_proj.experts.0.w_lora_B', 'transformer.resblocks.11.attn.v_proj.experts.1.w_lora_A', 'transformer.resblocks.11.attn.v_proj.experts.1.w_lora_B']
LR: 0.000200, Acc: 25.0000, Loss: 2.0535
LR: 0.000200, Acc: 26.2500, Loss: 2.0805
LR: 0.000200, Acc: 25.0000, Loss: 2.0160
LR: 0.000200, Acc: 28.7500, Loss: 1.9193
LR: 0.000200, Acc: 27.5000, Loss: 2.1215
LR: 0.000200, Acc: 30.0000, Loss: 1.9660
LR: 0.000200, Acc: 36.2500, Loss: 1.7492
LR: 0.000200, Acc: 35.0000, Loss: 1.6854
LR: 0.000200, Acc: 40.0000, Loss: 1.6451
LR: 0.000200, Acc: 55.0000, Loss: 1.4988
LR: 0.000200, Acc: 46.2500, Loss: 1.5064
LR: 0.000200, Acc: 56.2500, Loss: 1.3707
LR: 0.000200, Acc: 58.7500, Loss: 1.3127
LR: 0.000200, Acc: 65.0000, Loss: 1.1760
LR: 0.000200, Acc: 72.5000, Loss: 1.0840
LR: 0.000200, Acc: 75.0000, Loss: 1.0260
LR: 0.000200, Acc: 77.5000, Loss: 0.8625
LR: 0.000200, Acc: 73.7500, Loss: 0.8966
LR: 0.000200, Acc: 80.0000, Loss: 0.7336
LR: 0.000200, Acc: 78.7500, Loss: 0.8277
LR: 0.000200, Acc: 80.0000, Loss: 0.7268
LR: 0.000200, Acc: 73.7500, Loss: 0.9671
LR: 0.000200, Acc: 77.5000, Loss: 0.7715
LR: 0.000200, Acc: 78.7500, Loss: 0.6882
LR: 0.000200, Acc: 85.0000, Loss: 0.5867
LR: 0.000200, Acc: 83.7500, Loss: 0.5380
LR: 0.000200, Acc: 83.7500, Loss: 0.7058
LR: 0.000200, Acc: 86.2500, Loss: 0.5813
LR: 0.000200, Acc: 87.5000, Loss: 0.5029
LR: 0.000200, Acc: 85.0000, Loss: 0.4813
LR: 0.000200, Acc: 83.7500, Loss: 0.5714
LR: 0.000200, Acc: 92.5000, Loss: 0.3608
LR: 0.000200, Acc: 90.0000, Loss: 0.4477
LR: 0.000200, Acc: 88.7500, Loss: 0.3854
LR: 0.000200, Acc: 86.2500, Loss: 0.4942
LR: 0.000200, Acc: 91.2500, Loss: 0.3819
LR: 0.000200, Acc: 95.0000, Loss: 0.3756
LR: 0.000200, Acc: 92.5000, Loss: 0.2976
LR: 0.000200, Acc: 90.0000, Loss: 0.4023
LR: 0.000200, Acc: 91.2500, Loss: 0.3322
LR: 0.000200, Acc: 97.5000, Loss: 0.2737
LR: 0.000200, Acc: 91.2500, Loss: 0.3562
LR: 0.000199, Acc: 92.5000, Loss: 0.3253
LR: 0.000199, Acc: 90.0000, Loss: 0.3914
LR: 0.000199, Acc: 93.7500, Loss: 0.2618
LR: 0.000199, Acc: 88.7500, Loss: 0.3246
LR: 0.000199, Acc: 93.7500, Loss: 0.2079
LR: 0.000199, Acc: 95.0000, Loss: 0.2334
LR: 0.000199, Acc: 92.5000, Loss: 0.2556
LR: 0.000199, Acc: 91.2500, Loss: 0.2327
LR: 0.000199, Acc: 93.7500, Loss: 0.2370
LR: 0.000199, Acc: 91.2500, Loss: 0.2801
LR: 0.000199, Acc: 97.5000, Loss: 0.1482
LR: 0.000199, Acc: 97.5000, Loss: 0.1328
LR: 0.000199, Acc: 93.7500, Loss: 0.1927
LR: 0.000199, Acc: 92.5000, Loss: 0.2676
LR: 0.000199, Acc: 96.2500, Loss: 0.0963
LR: 0.000199, Acc: 95.0000, Loss: 0.1620
LR: 0.000199, Acc: 93.7500, Loss: 0.1998
LR: 0.000199, Acc: 97.5000, Loss: 0.1173
LR: 0.000199, Acc: 98.7500, Loss: 0.0614
LR: 0.000199, Acc: 92.5000, Loss: 0.1877
LR: 0.000199, Acc: 97.5000, Loss: 0.1976
LR: 0.000199, Acc: 93.7500, Loss: 0.1629
LR: 0.000199, Acc: 97.5000, Loss: 0.1091
LR: 0.000199, Acc: 98.7500, Loss: 0.1240
LR: 0.000199, Acc: 91.2500, Loss: 0.2995
LR: 0.000199, Acc: 95.0000, Loss: 0.1977
LR: 0.000199, Acc: 97.5000, Loss: 0.0994
LR: 0.000199, Acc: 96.2500, Loss: 0.1521
LR: 0.000199, Acc: 95.0000, Loss: 0.2291
LR: 0.000199, Acc: 96.2500, Loss: 0.1394
LR: 0.000199, Acc: 97.5000, Loss: 0.1208
LR: 0.000198, Acc: 98.7500, Loss: 0.0924
LR: 0.000198, Acc: 98.7500, Loss: 0.1098
LR: 0.000198, Acc: 96.2500, Loss: 0.1329
LR: 0.000198, Acc: 96.2500, Loss: 0.0832
LR: 0.000198, Acc: 96.2500, Loss: 0.0769
LR: 0.000198, Acc: 97.5000, Loss: 0.1543
LR: 0.000198, Acc: 95.0000, Loss: 0.2454
LR: 0.000198, Acc: 97.5000, Loss: 0.0973
LR: 0.000198, Acc: 97.5000, Loss: 0.0761
LR: 0.000198, Acc: 97.5000, Loss: 0.0963
LR: 0.000198, Acc: 95.0000, Loss: 0.1239
LR: 0.000198, Acc: 95.0000, Loss: 0.1928
LR: 0.000198, Acc: 98.7500, Loss: 0.0704
LR: 0.000198, Acc: 97.5000, Loss: 0.1012
LR: 0.000198, Acc: 97.5000, Loss: 0.0874
LR: 0.000198, Acc: 100.0000, Loss: 0.0624
LR: 0.000198, Acc: 93.7500, Loss: 0.2134
LR: 0.000198, Acc: 96.2500, Loss: 0.1490
LR: 0.000198, Acc: 96.2500, Loss: 0.1300
LR: 0.000198, Acc: 97.5000, Loss: 0.0797
LR: 0.000198, Acc: 97.5000, Loss: 0.1157
LR: 0.000198, Acc: 98.7500, Loss: 0.0554
LR: 0.000197, Acc: 96.2500, Loss: 0.1160
LR: 0.000197, Acc: 93.7500, Loss: 0.2584
LR: 0.000197, Acc: 95.0000, Loss: 0.1391
LR: 0.000197, Acc: 95.0000, Loss: 0.0887
LR: 0.000197, Acc: 98.7500, Loss: 0.0478
LR: 0.000197, Acc: 93.7500, Loss: 0.1628
LR: 0.000197, Acc: 93.7500, Loss: 0.1693
LR: 0.000197, Acc: 92.5000, Loss: 0.1481
LR: 0.000197, Acc: 97.5000, Loss: 0.0583
LR: 0.000197, Acc: 95.0000, Loss: 0.1735
LR: 0.000197, Acc: 92.5000, Loss: 0.2592
LR: 0.000197, Acc: 97.5000, Loss: 0.0737
LR: 0.000197, Acc: 98.7500, Loss: 0.1049
LR: 0.000197, Acc: 92.5000, Loss: 0.2194
LR: 0.000197, Acc: 96.2500, Loss: 0.1069
LR: 0.000197, Acc: 93.7500, Loss: 0.1098
LR: 0.000197, Acc: 93.7500, Loss: 0.2561
LR: 0.000196, Acc: 95.0000, Loss: 0.2195
LR: 0.000196, Acc: 98.7500, Loss: 0.0393
LR: 0.000196, Acc: 97.5000, Loss: 0.0664
LR: 0.000196, Acc: 100.0000, Loss: 0.0298
LR: 0.000196, Acc: 95.0000, Loss: 0.1599
LR: 0.000196, Acc: 97.5000, Loss: 0.1109
LR: 0.000196, Acc: 100.0000, Loss: 0.0183
LR: 0.000196, Acc: 96.2500, Loss: 0.2105
LR: 0.000196, Acc: 97.5000, Loss: 0.0810
LR: 0.000196, Acc: 98.7500, Loss: 0.0519
LR: 0.000196, Acc: 96.2500, Loss: 0.0773
LR: 0.000196, Acc: 97.5000, Loss: 0.0461
LR: 0.000196, Acc: 98.7500, Loss: 0.0440
LR: 0.000196, Acc: 98.7500, Loss: 0.0499
LR: 0.000196, Acc: 98.7500, Loss: 0.0783
LR: 0.000196, Acc: 95.0000, Loss: 0.1615
LR: 0.000195, Acc: 100.0000, Loss: 0.0221
LR: 0.000195, Acc: 97.5000, Loss: 0.1001
LR: 0.000195, Acc: 98.7500, Loss: 0.0782
LR: 0.000195, Acc: 100.0000, Loss: 0.0061
LR: 0.000195, Acc: 100.0000, Loss: 0.0251
LR: 0.000195, Acc: 96.2500, Loss: 0.1497
LR: 0.000195, Acc: 98.7500, Loss: 0.1340
LR: 0.000195, Acc: 100.0000, Loss: 0.0145
LR: 0.000195, Acc: 98.7500, Loss: 0.0580
LR: 0.000195, Acc: 97.5000, Loss: 0.0641
LR: 0.000195, Acc: 98.7500, Loss: 0.0834
LR: 0.000195, Acc: 98.7500, Loss: 0.0390
LR: 0.000195, Acc: 96.2500, Loss: 0.1254
LR: 0.000194, Acc: 98.7500, Loss: 0.0508
LR: 0.000194, Acc: 100.0000, Loss: 0.0162
LR: 0.000194, Acc: 98.7500, Loss: 0.0337
LR: 0.000194, Acc: 97.5000, Loss: 0.0458
LR: 0.000194, Acc: 98.7500, Loss: 0.0466
LR: 0.000194, Acc: 100.0000, Loss: 0.0149
LR: 0.000194, Acc: 97.5000, Loss: 0.0621
LR: 0.000194, Acc: 97.5000, Loss: 0.1211
LR: 0.000194, Acc: 95.0000, Loss: 0.1392
LR: 0.000194, Acc: 100.0000, Loss: 0.0152
LR: 0.000194, Acc: 98.7500, Loss: 0.0696
LR: 0.000194, Acc: 97.5000, Loss: 0.0430
LR: 0.000194, Acc: 97.5000, Loss: 0.0712
LR: 0.000193, Acc: 97.5000, Loss: 0.1861
LR: 0.000193, Acc: 100.0000, Loss: 0.0350
LR: 0.000193, Acc: 98.7500, Loss: 0.0299
LR: 0.000193, Acc: 98.7500, Loss: 0.0373
LR: 0.000193, Acc: 97.5000, Loss: 0.0900
LR: 0.000193, Acc: 98.7500, Loss: 0.0260
LR: 0.000193, Acc: 97.5000, Loss: 0.0865
LR: 0.000193, Acc: 100.0000, Loss: 0.0335
LR: 0.000193, Acc: 97.5000, Loss: 0.1274
LR: 0.000193, Acc: 96.2500, Loss: 0.1423
LR: 0.000193, Acc: 97.5000, Loss: 0.0647
LR: 0.000192, Acc: 100.0000, Loss: 0.0594
LR: 0.000192, Acc: 95.0000, Loss: 0.1186
LR: 0.000192, Acc: 96.2500, Loss: 0.1277
LR: 0.000192, Acc: 100.0000, Loss: 0.0243
LR: 0.000192, Acc: 96.2500, Loss: 0.0966
LR: 0.000192, Acc: 98.7500, Loss: 0.1169
LR: 0.000192, Acc: 98.7500, Loss: 0.0382
LR: 0.000192, Acc: 100.0000, Loss: 0.0241
LR: 0.000192, Acc: 100.0000, Loss: 0.0154
LR: 0.000192, Acc: 97.5000, Loss: 0.0827
LR: 0.000192, Acc: 100.0000, Loss: 0.0235
LR: 0.000191, Acc: 97.5000, Loss: 0.0674
LR: 0.000191, Acc: 95.0000, Loss: 0.1215
LR: 0.000191, Acc: 98.7500, Loss: 0.0353
LR: 0.000191, Acc: 98.7500, Loss: 0.0308
LR: 0.000191, Acc: 96.2500, Loss: 0.1161
LR: 0.000191, Acc: 95.0000, Loss: 0.2152
LR: 0.000191, Acc: 98.7500, Loss: 0.0302
LR: 0.000191, Acc: 98.7500, Loss: 0.0457
LR: 0.000191, Acc: 97.5000, Loss: 0.0787
LR: 0.000191, Acc: 100.0000, Loss: 0.0104
LR: 0.000190, Acc: 98.7500, Loss: 0.0531
LR: 0.000190, Acc: 97.5000, Loss: 0.1541
LR: 0.000190, Acc: 100.0000, Loss: 0.0250
LR: 0.000190, Acc: 98.7500, Loss: 0.0842
LR: 0.000190, Acc: 97.5000, Loss: 0.0727
LR: 0.000190, Acc: 97.5000, Loss: 0.0985
LR: 0.000190, Acc: 100.0000, Loss: 0.0217
LR: 0.000190, Acc: 96.2500, Loss: 0.0805
LR: 0.000190, Acc: 100.0000, Loss: 0.0143
LR: 0.000190, Acc: 98.7500, Loss: 0.0645
LR: 0.000189, Acc: 97.5000, Loss: 0.0609
LR: 0.000189, Acc: 100.0000, Loss: 0.0097
LR: 0.000189, Acc: 96.2500, Loss: 0.1249
LR: 0.000189, Acc: 97.5000, Loss: 0.0503
LR: 0.000189, Acc: 98.7500, Loss: 0.0416
LR: 0.000189, Acc: 98.7500, Loss: 0.0251
LR: 0.000189, Acc: 93.7500, Loss: 0.1320
LR: 0.000189, Acc: 98.7500, Loss: 0.0417
LR: 0.000189, Acc: 96.2500, Loss: 0.1240
LR: 0.000189, Acc: 98.7500, Loss: 0.0603
LR: 0.000188, Acc: 98.7500, Loss: 0.0312
LR: 0.000188, Acc: 100.0000, Loss: 0.0311
LR: 0.000188, Acc: 96.2500, Loss: 0.0560
LR: 0.000188, Acc: 100.0000, Loss: 0.0097
LR: 0.000188, Acc: 100.0000, Loss: 0.0200
LR: 0.000188, Acc: 96.2500, Loss: 0.0934
LR: 0.000188, Acc: 98.7500, Loss: 0.0973
LR: 0.000188, Acc: 98.7500, Loss: 0.0497
LR: 0.000188, Acc: 98.7500, Loss: 0.0658
LR: 0.000187, Acc: 98.7500, Loss: 0.0332
LR: 0.000187, Acc: 100.0000, Loss: 0.0283
LR: 0.000187, Acc: 98.7500, Loss: 0.0455
LR: 0.000187, Acc: 97.5000, Loss: 0.0694
LR: 0.000187, Acc: 98.7500, Loss: 0.0225
LR: 0.000187, Acc: 98.7500, Loss: 0.0411
LR: 0.000187, Acc: 96.2500, Loss: 0.0930
LR: 0.000187, Acc: 95.0000, Loss: 0.1378
LR: 0.000186, Acc: 98.7500, Loss: 0.0233
LR: 0.000186, Acc: 96.2500, Loss: 0.0740
LR: 0.000186, Acc: 98.7500, Loss: 0.0538
LR: 0.000186, Acc: 97.5000, Loss: 0.0802
LR: 0.000186, Acc: 96.2500, Loss: 0.1994
LR: 0.000186, Acc: 97.5000, Loss: 0.0560
LR: 0.000186, Acc: 95.0000, Loss: 0.1251
LR: 0.000186, Acc: 98.7500, Loss: 0.0271
LR: 0.000186, Acc: 97.5000, Loss: 0.0579
LR: 0.000185, Acc: 98.7500, Loss: 0.1022
LR: 0.000185, Acc: 98.7500, Loss: 0.0325
LR: 0.000185, Acc: 98.7500, Loss: 0.0715
LR: 0.000185, Acc: 97.5000, Loss: 0.0770
LR: 0.000185, Acc: 98.7500, Loss: 0.0265
LR: 0.000185, Acc: 95.0000, Loss: 0.1027
LR: 0.000185, Acc: 98.7500, Loss: 0.0194
LR: 0.000185, Acc: 100.0000, Loss: 0.0136
LR: 0.000184, Acc: 98.7500, Loss: 0.0329
LR: 0.000184, Acc: 97.5000, Loss: 0.0501
LR: 0.000184, Acc: 98.7500, Loss: 0.0626
LR: 0.000184, Acc: 97.5000, Loss: 0.1355
LR: 0.000184, Acc: 100.0000, Loss: 0.0071
LR: 0.000184, Acc: 95.0000, Loss: 0.1224
LR: 0.000184, Acc: 97.5000, Loss: 0.1127
LR: 0.000183, Acc: 100.0000, Loss: 0.0122
LR: 0.000183, Acc: 100.0000, Loss: 0.0298
LR: 0.000183, Acc: 97.5000, Loss: 0.0620
LR: 0.000183, Acc: 98.7500, Loss: 0.0985
LR: 0.000183, Acc: 98.7500, Loss: 0.0294
LR: 0.000183, Acc: 98.7500, Loss: 0.0403
LR: 0.000183, Acc: 97.5000, Loss: 0.0629
LR: 0.000183, Acc: 97.5000, Loss: 0.1292
LR: 0.000182, Acc: 100.0000, Loss: 0.0145
LR: 0.000182, Acc: 95.0000, Loss: 0.1415
LR: 0.000182, Acc: 100.0000, Loss: 0.0161
LR: 0.000182, Acc: 98.7500, Loss: 0.0633
LR: 0.000182, Acc: 100.0000, Loss: 0.0132
LR: 0.000182, Acc: 98.7500, Loss: 0.0689
LR: 0.000182, Acc: 97.5000, Loss: 0.0875
LR: 0.000181, Acc: 100.0000, Loss: 0.0166
LR: 0.000181, Acc: 97.5000, Loss: 0.1112
LR: 0.000181, Acc: 97.5000, Loss: 0.0883
LR: 0.000181, Acc: 98.7500, Loss: 0.0401
LR: 0.000181, Acc: 98.7500, Loss: 0.0357
LR: 0.000181, Acc: 97.5000, Loss: 0.0536
LR: 0.000181, Acc: 100.0000, Loss: 0.0165
LR: 0.000181, Acc: 98.7500, Loss: 0.0202
LR: 0.000180, Acc: 100.0000, Loss: 0.0172
LR: 0.000180, Acc: 98.7500, Loss: 0.0151
LR: 0.000180, Acc: 97.5000, Loss: 0.0547
LR: 0.000180, Acc: 97.5000, Loss: 0.0362
LR: 0.000180, Acc: 100.0000, Loss: 0.0104
LR: 0.000180, Acc: 98.7500, Loss: 0.0304
LR: 0.000180, Acc: 97.5000, Loss: 0.0772
LR: 0.000179, Acc: 98.7500, Loss: 0.0390
LR: 0.000179, Acc: 98.7500, Loss: 0.0373
LR: 0.000179, Acc: 100.0000, Loss: 0.0157
LR: 0.000179, Acc: 100.0000, Loss: 0.0139
LR: 0.000179, Acc: 98.7500, Loss: 0.0336
LR: 0.000179, Acc: 100.0000, Loss: 0.0104
LR: 0.000179, Acc: 97.5000, Loss: 0.0546
LR: 0.000178, Acc: 100.0000, Loss: 0.0119
LR: 0.000178, Acc: 100.0000, Loss: 0.0099
LR: 0.000178, Acc: 98.7500, Loss: 0.0317
LR: 0.000178, Acc: 100.0000, Loss: 0.0039
LR: 0.000178, Acc: 98.7500, Loss: 0.0226
LR: 0.000178, Acc: 97.5000, Loss: 0.0738
LR: 0.000178, Acc: 100.0000, Loss: 0.0073
LR: 0.000177, Acc: 98.7500, Loss: 0.0400
LR: 0.000177, Acc: 97.5000, Loss: 0.0408
LR: 0.000177, Acc: 100.0000, Loss: 0.0102
LR: 0.000177, Acc: 97.5000, Loss: 0.1063
LR: 0.000177, Acc: 97.5000, Loss: 0.0745
LR: 0.000177, Acc: 98.7500, Loss: 0.0470
LR: 0.000176, Acc: 98.7500, Loss: 0.0278
LR: 0.000176, Acc: 98.7500, Loss: 0.0719
LR: 0.000176, Acc: 97.5000, Loss: 0.0758
LR: 0.000176, Acc: 100.0000, Loss: 0.0247
LR: 0.000176, Acc: 100.0000, Loss: 0.0290
LR: 0.000176, Acc: 97.5000, Loss: 0.0687
LR: 0.000176, Acc: 98.7500, Loss: 0.0398
LR: 0.000175, Acc: 96.2500, Loss: 0.0683
LR: 0.000175, Acc: 97.5000, Loss: 0.0525
LR: 0.000175, Acc: 98.7500, Loss: 0.0307
LR: 0.000175, Acc: 97.5000, Loss: 0.1365
LR: 0.000175, Acc: 98.7500, Loss: 0.0346
LR: 0.000175, Acc: 98.7500, Loss: 0.0383
LR: 0.000174, Acc: 98.7500, Loss: 0.0594
LR: 0.000174, Acc: 100.0000, Loss: 0.0137
LR: 0.000174, Acc: 100.0000, Loss: 0.0135
LR: 0.000174, Acc: 100.0000, Loss: 0.0034
LR: 0.000174, Acc: 100.0000, Loss: 0.0117
LR: 0.000174, Acc: 98.7500, Loss: 0.0252
LR: 0.000174, Acc: 93.7500, Loss: 0.0967
LR: 0.000173, Acc: 98.7500, Loss: 0.0562
LR: 0.000173, Acc: 100.0000, Loss: 0.0074
LR: 0.000173, Acc: 98.7500, Loss: 0.0474
LR: 0.000173, Acc: 100.0000, Loss: 0.0122
LR: 0.000173, Acc: 97.5000, Loss: 0.1103
LR: 0.000173, Acc: 100.0000, Loss: 0.0088
LR: 0.000172, Acc: 100.0000, Loss: 0.0075
LR: 0.000172, Acc: 100.0000, Loss: 0.0054
LR: 0.000172, Acc: 100.0000, Loss: 0.0086
LR: 0.000172, Acc: 98.7500, Loss: 0.1027
LR: 0.000172, Acc: 98.7500, Loss: 0.0462
LR: 0.000172, Acc: 97.5000, Loss: 0.0371
LR: 0.000171, Acc: 98.7500, Loss: 0.0219
LR: 0.000171, Acc: 100.0000, Loss: 0.0120
LR: 0.000171, Acc: 97.5000, Loss: 0.0589
LR: 0.000171, Acc: 100.0000, Loss: 0.0193
LR: 0.000171, Acc: 98.7500, Loss: 0.0159
LR: 0.000171, Acc: 97.5000, Loss: 0.0665
LR: 0.000170, Acc: 98.7500, Loss: 0.0250
LR: 0.000170, Acc: 100.0000, Loss: 0.0020
LR: 0.000170, Acc: 100.0000, Loss: 0.0131
LR: 0.000170, Acc: 98.7500, Loss: 0.0671
LR: 0.000170, Acc: 98.7500, Loss: 0.0192
LR: 0.000170, Acc: 97.5000, Loss: 0.0610
LR: 0.000169, Acc: 98.7500, Loss: 0.0786
LR: 0.000169, Acc: 98.7500, Loss: 0.0232
LR: 0.000169, Acc: 100.0000, Loss: 0.0029
LR: 0.000169, Acc: 96.2500, Loss: 0.1862
LR: 0.000169, Acc: 100.0000, Loss: 0.0138
LR: 0.000169, Acc: 97.5000, Loss: 0.0801
LR: 0.000168, Acc: 97.5000, Loss: 0.0674
LR: 0.000168, Acc: 97.5000, Loss: 0.0693
LR: 0.000168, Acc: 98.7500, Loss: 0.0187
LR: 0.000168, Acc: 100.0000, Loss: 0.0257
LR: 0.000168, Acc: 97.5000, Loss: 0.1524
LR: 0.000168, Acc: 98.7500, Loss: 0.0255
LR: 0.000167, Acc: 96.2500, Loss: 0.1690
LR: 0.000167, Acc: 100.0000, Loss: 0.0137
LR: 0.000167, Acc: 100.0000, Loss: 0.0091
LR: 0.000167, Acc: 100.0000, Loss: 0.0126
LR: 0.000167, Acc: 100.0000, Loss: 0.0191
LR: 0.000166, Acc: 100.0000, Loss: 0.0199
LR: 0.000166, Acc: 100.0000, Loss: 0.0123
LR: 0.000166, Acc: 96.2500, Loss: 0.1089
LR: 0.000166, Acc: 100.0000, Loss: 0.0152
LR: 0.000166, Acc: 98.7500, Loss: 0.0187
LR: 0.000166, Acc: 98.7500, Loss: 0.0243
LR: 0.000165, Acc: 100.0000, Loss: 0.0140
LR: 0.000165, Acc: 98.7500, Loss: 0.1106
LR: 0.000165, Acc: 97.5000, Loss: 0.0642
LR: 0.000165, Acc: 98.7500, Loss: 0.0371
LR: 0.000165, Acc: 98.7500, Loss: 0.0434
LR: 0.000165, Acc: 96.2500, Loss: 0.0764
LR: 0.000164, Acc: 100.0000, Loss: 0.0244
LR: 0.000164, Acc: 100.0000, Loss: 0.0113
LR: 0.000164, Acc: 100.0000, Loss: 0.0104
LR: 0.000164, Acc: 98.7500, Loss: 0.0501
LR: 0.000164, Acc: 98.7500, Loss: 0.0585
LR: 0.000163, Acc: 97.5000, Loss: 0.0377
LR: 0.000163, Acc: 100.0000, Loss: 0.0121
LR: 0.000163, Acc: 100.0000, Loss: 0.0180
LR: 0.000163, Acc: 96.2500, Loss: 0.2049
LR: 0.000163, Acc: 96.2500, Loss: 0.0792
LR: 0.000163, Acc: 98.7500, Loss: 0.0500
LR: 0.000162, Acc: 98.7500, Loss: 0.0257
LR: 0.000162, Acc: 100.0000, Loss: 0.0098
LR: 0.000162, Acc: 98.7500, Loss: 0.0224
LR: 0.000162, Acc: 97.5000, Loss: 0.0428
LR: 0.000162, Acc: 97.5000, Loss: 0.1853
LR: 0.000161, Acc: 97.5000, Loss: 0.0970
LR: 0.000161, Acc: 98.7500, Loss: 0.0385
LR: 0.000161, Acc: 98.7500, Loss: 0.0245
LR: 0.000161, Acc: 100.0000, Loss: 0.0060
LR: 0.000161, Acc: 98.7500, Loss: 0.0369
LR: 0.000160, Acc: 97.5000, Loss: 0.0568
LR: 0.000160, Acc: 98.7500, Loss: 0.0337
LR: 0.000160, Acc: 98.7500, Loss: 0.0559
LR: 0.000160, Acc: 100.0000, Loss: 0.0199
LR: 0.000160, Acc: 97.5000, Loss: 0.0648
LR: 0.000160, Acc: 100.0000, Loss: 0.0113
LR: 0.000159, Acc: 100.0000, Loss: 0.0157
LR: 0.000159, Acc: 100.0000, Loss: 0.0065
LR: 0.000159, Acc: 100.0000, Loss: 0.0065
LR: 0.000159, Acc: 98.7500, Loss: 0.0232
LR: 0.000159, Acc: 97.5000, Loss: 0.0516
LR: 0.000158, Acc: 100.0000, Loss: 0.0190
LR: 0.000158, Acc: 100.0000, Loss: 0.0151
LR: 0.000158, Acc: 100.0000, Loss: 0.0070
LR: 0.000158, Acc: 98.7500, Loss: 0.0513
LR: 0.000158, Acc: 98.7500, Loss: 0.0266
LR: 0.000157, Acc: 97.5000, Loss: 0.0328
LR: 0.000157, Acc: 97.5000, Loss: 0.1271
LR: 0.000157, Acc: 100.0000, Loss: 0.0125
LR: 0.000157, Acc: 98.7500, Loss: 0.0641
LR: 0.000157, Acc: 98.7500, Loss: 0.0352
LR: 0.000156, Acc: 98.7500, Loss: 0.0150
LR: 0.000156, Acc: 98.7500, Loss: 0.0368
LR: 0.000156, Acc: 100.0000, Loss: 0.0198
LR: 0.000156, Acc: 100.0000, Loss: 0.0173
LR: 0.000156, Acc: 100.0000, Loss: 0.0040
LR: 0.000156, Acc: 98.7500, Loss: 0.0396
LR: 0.000155, Acc: 96.2500, Loss: 0.1100
LR: 0.000155, Acc: 100.0000, Loss: 0.0058
LR: 0.000155, Acc: 96.2500, Loss: 0.0578
LR: 0.000155, Acc: 100.0000, Loss: 0.0240
LR: 0.000155, Acc: 98.7500, Loss: 0.0461
LR: 0.000154, Acc: 98.7500, Loss: 0.0936
LR: 0.000154, Acc: 100.0000, Loss: 0.0292
LR: 0.000154, Acc: 98.7500, Loss: 0.0435
LR: 0.000154, Acc: 97.5000, Loss: 0.0513
LR: 0.000154, Acc: 100.0000, Loss: 0.0148
LR: 0.000153, Acc: 97.5000, Loss: 0.0367
LR: 0.000153, Acc: 98.7500, Loss: 0.0981
LR: 0.000153, Acc: 100.0000, Loss: 0.0102
LR: 0.000153, Acc: 100.0000, Loss: 0.0178
LR: 0.000153, Acc: 100.0000, Loss: 0.0042
LR: 0.000152, Acc: 98.7500, Loss: 0.0180
LR: 0.000152, Acc: 100.0000, Loss: 0.0133
LR: 0.000152, Acc: 98.7500, Loss: 0.0206
LR: 0.000152, Acc: 98.7500, Loss: 0.0365
LR: 0.000152, Acc: 100.0000, Loss: 0.0070
LR: 0.000151, Acc: 100.0000, Loss: 0.0068
LR: 0.000151, Acc: 100.0000, Loss: 0.0080
LR: 0.000151, Acc: 100.0000, Loss: 0.0059
LR: 0.000151, Acc: 98.7500, Loss: 0.0301
LR: 0.000151, Acc: 100.0000, Loss: 0.0034
LR: 0.000150, Acc: 98.7500, Loss: 0.1010
LR: 0.000150, Acc: 98.7500, Loss: 0.0240
LR: 0.000150, Acc: 100.0000, Loss: 0.0180
LR: 0.000150, Acc: 98.7500, Loss: 0.0421
LR: 0.000150, Acc: 96.2500, Loss: 0.0764
LR: 0.000149, Acc: 100.0000, Loss: 0.0070
LR: 0.000149, Acc: 95.0000, Loss: 0.1174
LR: 0.000149, Acc: 98.7500, Loss: 0.0311
LR: 0.000149, Acc: 98.7500, Loss: 0.0515
LR: 0.000149, Acc: 98.7500, Loss: 0.0277
LR: 0.000148, Acc: 96.2500, Loss: 0.0955
LR: 0.000148, Acc: 98.7500, Loss: 0.0348
LR: 0.000148, Acc: 97.5000, Loss: 0.0451
LR: 0.000148, Acc: 97.5000, Loss: 0.0425
LR: 0.000147, Acc: 100.0000, Loss: 0.0088
LR: 0.000147, Acc: 100.0000, Loss: 0.0042
LR: 0.000147, Acc: 98.7500, Loss: 0.0134
LR: 0.000147, Acc: 100.0000, Loss: 0.0152
LR: 0.000147, Acc: 100.0000, Loss: 0.0048
LR: 0.000146, Acc: 98.7500, Loss: 0.0180
LR: 0.000146, Acc: 100.0000, Loss: 0.0063
LR: 0.000146, Acc: 100.0000, Loss: 0.0042
LR: 0.000146, Acc: 96.2500, Loss: 0.0984
LR: 0.000146, Acc: 100.0000, Loss: 0.0080
LR: 0.000145, Acc: 100.0000, Loss: 0.0036
LR: 0.000145, Acc: 98.7500, Loss: 0.0433
LR: 0.000145, Acc: 98.7500, Loss: 0.0240
LR: 0.000145, Acc: 100.0000, Loss: 0.0146
LR: 0.000145, Acc: 97.5000, Loss: 0.0478
LR: 0.000144, Acc: 100.0000, Loss: 0.0027
LR: 0.000144, Acc: 100.0000, Loss: 0.0040
LR: 0.000144, Acc: 98.7500, Loss: 0.0205
LR: 0.000144, Acc: 100.0000, Loss: 0.0151
LR: 0.000144, Acc: 100.0000, Loss: 0.0060
LR: 0.000143, Acc: 100.0000, Loss: 0.0067
LR: 0.000143, Acc: 100.0000, Loss: 0.0037
LR: 0.000143, Acc: 100.0000, Loss: 0.0102
LR: 0.000143, Acc: 98.7500, Loss: 0.0432
LR: 0.000142, Acc: 100.0000, Loss: 0.0096
LR: 0.000142, Acc: 98.7500, Loss: 0.0207
LR: 0.000142, Acc: 98.7500, Loss: 0.0289
LR: 0.000142, Acc: 100.0000, Loss: 0.0096
LR: 0.000142, Acc: 97.5000, Loss: 0.0986
LR: 0.000141, Acc: 98.7500, Loss: 0.0131
LR: 0.000141, Acc: 100.0000, Loss: 0.0062
LR: 0.000141, Acc: 98.7500, Loss: 0.0224
LR: 0.000141, Acc: 100.0000, Loss: 0.0044
LR: 0.000141, Acc: 100.0000, Loss: 0.0051
LR: 0.000140, Acc: 100.0000, Loss: 0.0055
LR: 0.000140, Acc: 100.0000, Loss: 0.0086
LR: 0.000140, Acc: 100.0000, Loss: 0.0217
LR: 0.000140, Acc: 98.7500, Loss: 0.0288
LR: 0.000139, Acc: 98.7500, Loss: 0.0281
LR: 0.000139, Acc: 98.7500, Loss: 0.0473
LR: 0.000139, Acc: 98.7500, Loss: 0.0159
LR: 0.000139, Acc: 97.5000, Loss: 0.0645
LR: 0.000139, Acc: 97.5000, Loss: 0.0853
LR: 0.000138, Acc: 98.7500, Loss: 0.0273
LR: 0.000138, Acc: 97.5000, Loss: 0.0954
LR: 0.000138, Acc: 98.7500, Loss: 0.0323
LR: 0.000138, Acc: 100.0000, Loss: 0.0074
LR: 0.000137, Acc: 100.0000, Loss: 0.0069
LR: 0.000137, Acc: 98.7500, Loss: 0.0471
LR: 0.000137, Acc: 100.0000, Loss: 0.0105
LR: 0.000137, Acc: 96.2500, Loss: 0.1113
LR: 0.000137, Acc: 98.7500, Loss: 0.0270
LR: 0.000136, Acc: 98.7500, Loss: 0.0341
LR: 0.000136, Acc: 98.7500, Loss: 0.0457
LR: 0.000136, Acc: 100.0000, Loss: 0.0021
LR: 0.000136, Acc: 100.0000, Loss: 0.0269
LR: 0.000136, Acc: 100.0000, Loss: 0.0148
LR: 0.000135, Acc: 100.0000, Loss: 0.0079
LR: 0.000135, Acc: 100.0000, Loss: 0.0084
LR: 0.000135, Acc: 100.0000, Loss: 0.0038
LR: 0.000135, Acc: 97.5000, Loss: 0.0775
LR: 0.000134, Acc: 100.0000, Loss: 0.0196
LR: 0.000134, Acc: 100.0000, Loss: 0.0083
LR: 0.000134, Acc: 98.7500, Loss: 0.0315
LR: 0.000134, Acc: 98.7500, Loss: 0.0138
LR: 0.000134, Acc: 100.0000, Loss: 0.0026
LR: 0.000133, Acc: 98.7500, Loss: 0.0826
LR: 0.000133, Acc: 100.0000, Loss: 0.0028
LR: 0.000133, Acc: 98.7500, Loss: 0.0416
LR: 0.000133, Acc: 100.0000, Loss: 0.0064
LR: 0.000132, Acc: 97.5000, Loss: 0.0854
LR: 0.000132, Acc: 98.7500, Loss: 0.0439
LR: 0.000132, Acc: 100.0000, Loss: 0.0036
LR: 0.000132, Acc: 100.0000, Loss: 0.0045
LR: 0.000132, Acc: 95.0000, Loss: 0.1398
LR: 0.000131, Acc: 100.0000, Loss: 0.0074
LR: 0.000131, Acc: 98.7500, Loss: 0.0285
LR: 0.000131, Acc: 100.0000, Loss: 0.0086
LR: 0.000131, Acc: 100.0000, Loss: 0.0164
LR: 0.000130, Acc: 100.0000, Loss: 0.0100
LR: 0.000130, Acc: 98.7500, Loss: 0.0311
LR: 0.000130, Acc: 98.7500, Loss: 0.0778
LR: 0.000130, Acc: 98.7500, Loss: 0.0246
LR: 0.000130, Acc: 100.0000, Loss: 0.0022
LR: 0.000129, Acc: 100.0000, Loss: 0.0072
LR: 0.000129, Acc: 100.0000, Loss: 0.0082
LR: 0.000129, Acc: 97.5000, Loss: 0.0690
LR: 0.000129, Acc: 100.0000, Loss: 0.0023
LR: 0.000128, Acc: 100.0000, Loss: 0.0031
LR: 0.000128, Acc: 98.7500, Loss: 0.0869
LR: 0.000128, Acc: 100.0000, Loss: 0.0021
LR: 0.000128, Acc: 98.7500, Loss: 0.0229
LR: 0.000128, Acc: 100.0000, Loss: 0.0096
LR: 0.000127, Acc: 98.7500, Loss: 0.0205
LR: 0.000127, Acc: 100.0000, Loss: 0.0129
LR: 0.000127, Acc: 100.0000, Loss: 0.0042
LR: 0.000127, Acc: 98.7500, Loss: 0.0650
LR: 0.000126, Acc: 100.0000, Loss: 0.0122
LR: 0.000126, Acc: 100.0000, Loss: 0.0015
LR: 0.000126, Acc: 98.7500, Loss: 0.0236
LR: 0.000126, Acc: 100.0000, Loss: 0.0095
LR: 0.000125, Acc: 100.0000, Loss: 0.0011
LR: 0.000125, Acc: 98.7500, Loss: 0.0262
LR: 0.000125, Acc: 100.0000, Loss: 0.0040
LR: 0.000125, Acc: 98.7500, Loss: 0.0329
LR: 0.000125, Acc: 100.0000, Loss: 0.0093
LR: 0.000124, Acc: 100.0000, Loss: 0.0118
LR: 0.000124, Acc: 100.0000, Loss: 0.0074
LR: 0.000124, Acc: 98.7500, Loss: 0.0387
LR: 0.000124, Acc: 100.0000, Loss: 0.0067
LR: 0.000123, Acc: 98.7500, Loss: 0.0360
LR: 0.000123, Acc: 100.0000, Loss: 0.0032
LR: 0.000123, Acc: 98.7500, Loss: 0.0142
LR: 0.000123, Acc: 98.7500, Loss: 0.0163
LR: 0.000123, Acc: 100.0000, Loss: 0.0009
LR: 0.000122, Acc: 100.0000, Loss: 0.0019
LR: 0.000122, Acc: 100.0000, Loss: 0.0025
LR: 0.000122, Acc: 100.0000, Loss: 0.0122
LR: 0.000122, Acc: 100.0000, Loss: 0.0043
LR: 0.000121, Acc: 100.0000, Loss: 0.0026
LR: 0.000121, Acc: 100.0000, Loss: 0.0032
LR: 0.000121, Acc: 98.7500, Loss: 0.0157
LR: 0.000121, Acc: 100.0000, Loss: 0.0093
LR: 0.000120, Acc: 98.7500, Loss: 0.0242
LR: 0.000120, Acc: 100.0000, Loss: 0.0099
LR: 0.000120, Acc: 98.7500, Loss: 0.0391
LR: 0.000120, Acc: 100.0000, Loss: 0.0077
LR: 0.000120, Acc: 100.0000, Loss: 0.0026
LR: 0.000119, Acc: 100.0000, Loss: 0.0025
LR: 0.000119, Acc: 100.0000, Loss: 0.0030
LR: 0.000119, Acc: 100.0000, Loss: 0.0038
LR: 0.000119, Acc: 100.0000, Loss: 0.0033
LR: 0.000118, Acc: 98.7500, Loss: 0.0353
LR: 0.000118, Acc: 100.0000, Loss: 0.0008
LR: 0.000118, Acc: 100.0000, Loss: 0.0092
LR: 0.000118, Acc: 100.0000, Loss: 0.0058
LR: 0.000117, Acc: 100.0000, Loss: 0.0034
LR: 0.000117, Acc: 97.5000, Loss: 0.0622
LR: 0.000117, Acc: 100.0000, Loss: 0.0016
LR: 0.000117, Acc: 98.7500, Loss: 0.0832
LR: 0.000117, Acc: 98.7500, Loss: 0.0194
LR: 0.000116, Acc: 98.7500, Loss: 0.0243
LR: 0.000116, Acc: 98.7500, Loss: 0.0260
LR: 0.000116, Acc: 98.7500, Loss: 0.0213
LR: 0.000116, Acc: 98.7500, Loss: 0.0366
LR: 0.000115, Acc: 100.0000, Loss: 0.0036
LR: 0.000115, Acc: 100.0000, Loss: 0.0085
LR: 0.000115, Acc: 98.7500, Loss: 0.0246
LR: 0.000115, Acc: 97.5000, Loss: 0.0362
LR: 0.000114, Acc: 100.0000, Loss: 0.0035
LR: 0.000114, Acc: 100.0000, Loss: 0.0060
LR: 0.000114, Acc: 100.0000, Loss: 0.0007
LR: 0.000114, Acc: 98.7500, Loss: 0.0477
LR: 0.000114, Acc: 98.7500, Loss: 0.0351
LR: 0.000113, Acc: 100.0000, Loss: 0.0052
LR: 0.000113, Acc: 100.0000, Loss: 0.0055
LR: 0.000113, Acc: 97.5000, Loss: 0.0268
LR: 0.000113, Acc: 100.0000, Loss: 0.0009
LR: 0.000112, Acc: 98.7500, Loss: 0.0247
LR: 0.000112, Acc: 100.0000, Loss: 0.0012
LR: 0.000112, Acc: 98.7500, Loss: 0.0218
LR: 0.000112, Acc: 98.7500, Loss: 0.0251
LR: 0.000111, Acc: 100.0000, Loss: 0.0097
LR: 0.000111, Acc: 100.0000, Loss: 0.0179
LR: 0.000111, Acc: 98.7500, Loss: 0.0363
LR: 0.000111, Acc: 100.0000, Loss: 0.0015
LR: 0.000110, Acc: 100.0000, Loss: 0.0053
LR: 0.000110, Acc: 100.0000, Loss: 0.0012
LR: 0.000110, Acc: 100.0000, Loss: 0.0021
LR: 0.000110, Acc: 100.0000, Loss: 0.0090
LR: 0.000110, Acc: 100.0000, Loss: 0.0105
LR: 0.000109, Acc: 100.0000, Loss: 0.0021
LR: 0.000109, Acc: 100.0000, Loss: 0.0047
LR: 0.000109, Acc: 98.7500, Loss: 0.1077
LR: 0.000109, Acc: 97.5000, Loss: 0.0409
LR: 0.000108, Acc: 100.0000, Loss: 0.0053
LR: 0.000108, Acc: 98.7500, Loss: 0.0319
LR: 0.000108, Acc: 97.5000, Loss: 0.0594
LR: 0.000108, Acc: 100.0000, Loss: 0.0038
LR: 0.000107, Acc: 98.7500, Loss: 0.0496
LR: 0.000107, Acc: 100.0000, Loss: 0.0018
LR: 0.000107, Acc: 100.0000, Loss: 0.0019
LR: 0.000107, Acc: 100.0000, Loss: 0.0161
LR: 0.000107, Acc: 100.0000, Loss: 0.0008
LR: 0.000106, Acc: 98.7500, Loss: 0.0300
LR: 0.000106, Acc: 100.0000, Loss: 0.0011
LR: 0.000106, Acc: 98.7500, Loss: 0.0153
LR: 0.000106, Acc: 100.0000, Loss: 0.0087
LR: 0.000105, Acc: 98.7500, Loss: 0.0594
LR: 0.000105, Acc: 100.0000, Loss: 0.0033
LR: 0.000105, Acc: 96.2500, Loss: 0.0881
LR: 0.000105, Acc: 100.0000, Loss: 0.0012
LR: 0.000104, Acc: 98.7500, Loss: 0.1103
LR: 0.000104, Acc: 97.5000, Loss: 0.0298
LR: 0.000104, Acc: 100.0000, Loss: 0.0123
LR: 0.000104, Acc: 100.0000, Loss: 0.0027
LR: 0.000103, Acc: 98.7500, Loss: 0.0811
LR: 0.000103, Acc: 100.0000, Loss: 0.0083
LR: 0.000103, Acc: 97.5000, Loss: 0.0983
LR: 0.000103, Acc: 100.0000, Loss: 0.0042
LR: 0.000103, Acc: 100.0000, Loss: 0.0066
LR: 0.000102, Acc: 98.7500, Loss: 0.0252
LR: 0.000102, Acc: 100.0000, Loss: 0.0083
LR: 0.000102, Acc: 100.0000, Loss: 0.0028
LR: 0.000102, Acc: 98.7500, Loss: 0.0230
LR: 0.000101, Acc: 100.0000, Loss: 0.0056
LR: 0.000101, Acc: 98.7500, Loss: 0.0271
LR: 0.000101, Acc: 100.0000, Loss: 0.0013
LR: 0.000101, Acc: 100.0000, Loss: 0.0153
LR: 0.000100, Acc: 100.0000, Loss: 0.0026
LR: 0.000100, Acc: 100.0000, Loss: 0.0007
LR: 0.000100, Acc: 97.5000, Loss: 0.0299
LR: 0.000100, Acc: 100.0000, Loss: 0.0012
LR: 0.000099, Acc: 100.0000, Loss: 0.0048
LR: 0.000099, Acc: 98.7500, Loss: 0.0137
LR: 0.000099, Acc: 98.7500, Loss: 0.0232
LR: 0.000099, Acc: 100.0000, Loss: 0.0043
LR: 0.000099, Acc: 97.5000, Loss: 0.0858
LR: 0.000098, Acc: 100.0000, Loss: 0.0056
LR: 0.000098, Acc: 100.0000, Loss: 0.0099
LR: 0.000098, Acc: 98.7500, Loss: 0.0622
LR: 0.000098, Acc: 100.0000, Loss: 0.0101
LR: 0.000097, Acc: 100.0000, Loss: 0.0043
LR: 0.000097, Acc: 100.0000, Loss: 0.0022
LR: 0.000097, Acc: 100.0000, Loss: 0.0249
LR: 0.000097, Acc: 100.0000, Loss: 0.0037
LR: 0.000096, Acc: 100.0000, Loss: 0.0080
LR: 0.000096, Acc: 100.0000, Loss: 0.0014
LR: 0.000096, Acc: 100.0000, Loss: 0.0025
LR: 0.000096, Acc: 98.7500, Loss: 0.0334
LR: 0.000096, Acc: 98.7500, Loss: 0.0263
LR: 0.000095, Acc: 100.0000, Loss: 0.0067
LR: 0.000095, Acc: 100.0000, Loss: 0.0030
LR: 0.000095, Acc: 100.0000, Loss: 0.0014
LR: 0.000095, Acc: 98.7500, Loss: 0.0750
LR: 0.000094, Acc: 100.0000, Loss: 0.0016
LR: 0.000094, Acc: 97.5000, Loss: 0.0622
LR: 0.000094, Acc: 98.7500, Loss: 0.0514
LR: 0.000094, Acc: 98.7500, Loss: 0.0688
LR: 0.000093, Acc: 98.7500, Loss: 0.0857
LR: 0.000093, Acc: 97.5000, Loss: 0.0784
LR: 0.000093, Acc: 98.7500, Loss: 0.0503
LR: 0.000093, Acc: 100.0000, Loss: 0.0035
LR: 0.000092, Acc: 100.0000, Loss: 0.0092
LR: 0.000092, Acc: 100.0000, Loss: 0.0012
LR: 0.000092, Acc: 100.0000, Loss: 0.0044
LR: 0.000092, Acc: 97.5000, Loss: 0.0849
LR: 0.000092, Acc: 100.0000, Loss: 0.0164
LR: 0.000091, Acc: 100.0000, Loss: 0.0016
LR: 0.000091, Acc: 98.7500, Loss: 0.0184
LR: 0.000091, Acc: 100.0000, Loss: 0.0114
LR: 0.000091, Acc: 100.0000, Loss: 0.0035
LR: 0.000090, Acc: 98.7500, Loss: 0.0119
LR: 0.000090, Acc: 100.0000, Loss: 0.0076
LR: 0.000090, Acc: 98.7500, Loss: 0.0309
LR: 0.000090, Acc: 100.0000, Loss: 0.0016
LR: 0.000089, Acc: 98.7500, Loss: 0.0314
LR: 0.000089, Acc: 100.0000, Loss: 0.0022
LR: 0.000089, Acc: 97.5000, Loss: 0.0763
LR: 0.000089, Acc: 98.7500, Loss: 0.0204
LR: 0.000088, Acc: 100.0000, Loss: 0.0024
LR: 0.000088, Acc: 100.0000, Loss: 0.0007
LR: 0.000088, Acc: 98.7500, Loss: 0.0131
LR: 0.000088, Acc: 100.0000, Loss: 0.0115
LR: 0.000088, Acc: 98.7500, Loss: 0.0511
LR: 0.000087, Acc: 98.7500, Loss: 0.0460
LR: 0.000087, Acc: 100.0000, Loss: 0.0098
LR: 0.000087, Acc: 98.7500, Loss: 0.0422
LR: 0.000087, Acc: 100.0000, Loss: 0.0029
LR: 0.000086, Acc: 98.7500, Loss: 0.0640
LR: 0.000086, Acc: 100.0000, Loss: 0.0006
LR: 0.000086, Acc: 100.0000, Loss: 0.0049
LR: 0.000086, Acc: 97.5000, Loss: 0.0208
LR: 0.000085, Acc: 100.0000, Loss: 0.0035
LR: 0.000085, Acc: 100.0000, Loss: 0.0011
LR: 0.000085, Acc: 100.0000, Loss: 0.0018
LR: 0.000085, Acc: 100.0000, Loss: 0.0009
LR: 0.000085, Acc: 100.0000, Loss: 0.0018
LR: 0.000084, Acc: 100.0000, Loss: 0.0009
LR: 0.000084, Acc: 100.0000, Loss: 0.0052
LR: 0.000084, Acc: 98.7500, Loss: 0.0311
LR: 0.000084, Acc: 100.0000, Loss: 0.0103
LR: 0.000083, Acc: 100.0000, Loss: 0.0095
LR: 0.000083, Acc: 100.0000, Loss: 0.0011
LR: 0.000083, Acc: 100.0000, Loss: 0.0008
LR: 0.000083, Acc: 98.7500, Loss: 0.0172
LR: 0.000082, Acc: 98.7500, Loss: 0.0200
LR: 0.000082, Acc: 100.0000, Loss: 0.0015
LR: 0.000082, Acc: 98.7500, Loss: 0.0119
LR: 0.000082, Acc: 96.2500, Loss: 0.1014
LR: 0.000082, Acc: 98.7500, Loss: 0.0403
LR: 0.000081, Acc: 97.5000, Loss: 0.0454
LR: 0.000081, Acc: 100.0000, Loss: 0.0045
LR: 0.000081, Acc: 100.0000, Loss: 0.0030
LR: 0.000081, Acc: 98.7500, Loss: 0.0630
LR: 0.000080, Acc: 97.5000, Loss: 0.0382
LR: 0.000080, Acc: 100.0000, Loss: 0.0017
LR: 0.000080, Acc: 98.7500, Loss: 0.0643
LR: 0.000080, Acc: 98.7500, Loss: 0.0152
LR: 0.000079, Acc: 100.0000, Loss: 0.0094
LR: 0.000079, Acc: 98.7500, Loss: 0.0431
LR: 0.000079, Acc: 100.0000, Loss: 0.0116
LR: 0.000079, Acc: 100.0000, Loss: 0.0021
LR: 0.000079, Acc: 98.7500, Loss: 0.0339
LR: 0.000078, Acc: 100.0000, Loss: 0.0020
LR: 0.000078, Acc: 100.0000, Loss: 0.0018
LR: 0.000078, Acc: 100.0000, Loss: 0.0033
LR: 0.000078, Acc: 100.0000, Loss: 0.0073
LR: 0.000077, Acc: 98.7500, Loss: 0.0404
LR: 0.000077, Acc: 100.0000, Loss: 0.0042
LR: 0.000077, Acc: 97.5000, Loss: 0.0374
LR: 0.000077, Acc: 100.0000, Loss: 0.0076
LR: 0.000077, Acc: 98.7500, Loss: 0.0694
LR: 0.000076, Acc: 100.0000, Loss: 0.0100
LR: 0.000076, Acc: 100.0000, Loss: 0.0019
LR: 0.000076, Acc: 100.0000, Loss: 0.0106
LR: 0.000076, Acc: 100.0000, Loss: 0.0052
LR: 0.000075, Acc: 100.0000, Loss: 0.0106
LR: 0.000075, Acc: 100.0000, Loss: 0.0033
LR: 0.000075, Acc: 100.0000, Loss: 0.0050
LR: 0.000075, Acc: 100.0000, Loss: 0.0028
LR: 0.000074, Acc: 100.0000, Loss: 0.0016
LR: 0.000074, Acc: 100.0000, Loss: 0.0051
LR: 0.000074, Acc: 100.0000, Loss: 0.0011
LR: 0.000074, Acc: 100.0000, Loss: 0.0197
LR: 0.000074, Acc: 98.7500, Loss: 0.0207
LR: 0.000073, Acc: 100.0000, Loss: 0.0037
LR: 0.000073, Acc: 98.7500, Loss: 0.0283
LR: 0.000073, Acc: 100.0000, Loss: 0.0009
LR: 0.000073, Acc: 100.0000, Loss: 0.0016
LR: 0.000072, Acc: 98.7500, Loss: 0.0180
LR: 0.000072, Acc: 100.0000, Loss: 0.0076
LR: 0.000072, Acc: 100.0000, Loss: 0.0054
LR: 0.000072, Acc: 100.0000, Loss: 0.0059
LR: 0.000072, Acc: 100.0000, Loss: 0.0038
LR: 0.000071, Acc: 100.0000, Loss: 0.0029
LR: 0.000071, Acc: 100.0000, Loss: 0.0014
LR: 0.000071, Acc: 100.0000, Loss: 0.0100
LR: 0.000071, Acc: 100.0000, Loss: 0.0022
LR: 0.000070, Acc: 100.0000, Loss: 0.0042
LR: 0.000070, Acc: 100.0000, Loss: 0.0011
LR: 0.000070, Acc: 100.0000, Loss: 0.0009
LR: 0.000070, Acc: 100.0000, Loss: 0.0023
LR: 0.000070, Acc: 100.0000, Loss: 0.0034
LR: 0.000069, Acc: 100.0000, Loss: 0.0017
LR: 0.000069, Acc: 100.0000, Loss: 0.0019
LR: 0.000069, Acc: 100.0000, Loss: 0.0039
LR: 0.000069, Acc: 98.7500, Loss: 0.0211
LR: 0.000068, Acc: 100.0000, Loss: 0.0018
LR: 0.000068, Acc: 98.7500, Loss: 0.0184
LR: 0.000068, Acc: 100.0000, Loss: 0.0056
LR: 0.000068, Acc: 98.7500, Loss: 0.0157
LR: 0.000068, Acc: 100.0000, Loss: 0.0126
LR: 0.000067, Acc: 100.0000, Loss: 0.0020
LR: 0.000067, Acc: 100.0000, Loss: 0.0011
LR: 0.000067, Acc: 100.0000, Loss: 0.0114
LR: 0.000067, Acc: 100.0000, Loss: 0.0091
LR: 0.000066, Acc: 100.0000, Loss: 0.0020
LR: 0.000066, Acc: 100.0000, Loss: 0.0056
LR: 0.000066, Acc: 100.0000, Loss: 0.0013
LR: 0.000066, Acc: 100.0000, Loss: 0.0006
LR: 0.000066, Acc: 100.0000, Loss: 0.0114
LR: 0.000065, Acc: 100.0000, Loss: 0.0013
LR: 0.000065, Acc: 98.7500, Loss: 0.0454
LR: 0.000065, Acc: 98.7500, Loss: 0.0106
LR: 0.000065, Acc: 100.0000, Loss: 0.0018
LR: 0.000064, Acc: 98.7500, Loss: 0.0314
LR: 0.000064, Acc: 98.7500, Loss: 0.0273
LR: 0.000064, Acc: 100.0000, Loss: 0.0025
LR: 0.000064, Acc: 100.0000, Loss: 0.0046
LR: 0.000064, Acc: 100.0000, Loss: 0.0054
LR: 0.000063, Acc: 100.0000, Loss: 0.0036
LR: 0.000063, Acc: 100.0000, Loss: 0.0039
LR: 0.000063, Acc: 98.7500, Loss: 0.0115
LR: 0.000063, Acc: 100.0000, Loss: 0.0007
LR: 0.000062, Acc: 100.0000, Loss: 0.0079
LR: 0.000062, Acc: 100.0000, Loss: 0.0006
LR: 0.000062, Acc: 98.7500, Loss: 0.0152
LR: 0.000062, Acc: 100.0000, Loss: 0.0082
LR: 0.000062, Acc: 100.0000, Loss: 0.0025
LR: 0.000061, Acc: 100.0000, Loss: 0.0040
LR: 0.000061, Acc: 100.0000, Loss: 0.0007
LR: 0.000061, Acc: 98.7500, Loss: 0.0891
LR: 0.000061, Acc: 100.0000, Loss: 0.0016
LR: 0.000061, Acc: 100.0000, Loss: 0.0028
LR: 0.000060, Acc: 100.0000, Loss: 0.0053
LR: 0.000060, Acc: 100.0000, Loss: 0.0034
LR: 0.000060, Acc: 100.0000, Loss: 0.0124
LR: 0.000060, Acc: 100.0000, Loss: 0.0047
LR: 0.000059, Acc: 100.0000, Loss: 0.0030
LR: 0.000059, Acc: 100.0000, Loss: 0.0018
LR: 0.000059, Acc: 100.0000, Loss: 0.0114
LR: 0.000059, Acc: 100.0000, Loss: 0.0022
LR: 0.000059, Acc: 100.0000, Loss: 0.0005
LR: 0.000058, Acc: 100.0000, Loss: 0.0083
LR: 0.000058, Acc: 100.0000, Loss: 0.0011
LR: 0.000058, Acc: 100.0000, Loss: 0.0063
LR: 0.000058, Acc: 100.0000, Loss: 0.0040
LR: 0.000058, Acc: 100.0000, Loss: 0.0011
LR: 0.000057, Acc: 97.5000, Loss: 0.0645
LR: 0.000057, Acc: 98.7500, Loss: 0.0365
LR: 0.000057, Acc: 97.5000, Loss: 0.0821
LR: 0.000057, Acc: 97.5000, Loss: 0.0694
LR: 0.000057, Acc: 98.7500, Loss: 0.0205
LR: 0.000056, Acc: 98.7500, Loss: 0.0990
LR: 0.000056, Acc: 100.0000, Loss: 0.0050
LR: 0.000056, Acc: 100.0000, Loss: 0.0122
LR: 0.000056, Acc: 98.7500, Loss: 0.0209
LR: 0.000055, Acc: 98.7500, Loss: 0.0629
LR: 0.000055, Acc: 100.0000, Loss: 0.0111
LR: 0.000055, Acc: 98.7500, Loss: 0.0394
LR: 0.000055, Acc: 98.7500, Loss: 0.0115
LR: 0.000055, Acc: 98.7500, Loss: 0.0284
LR: 0.000054, Acc: 98.7500, Loss: 0.0196
LR: 0.000054, Acc: 100.0000, Loss: 0.0047
LR: 0.000054, Acc: 100.0000, Loss: 0.0079
LR: 0.000054, Acc: 100.0000, Loss: 0.0020
LR: 0.000054, Acc: 100.0000, Loss: 0.0018
LR: 0.000053, Acc: 100.0000, Loss: 0.0016
LR: 0.000053, Acc: 100.0000, Loss: 0.0068
LR: 0.000053, Acc: 100.0000, Loss: 0.0033
LR: 0.000053, Acc: 100.0000, Loss: 0.0057
LR: 0.000053, Acc: 100.0000, Loss: 0.0017
LR: 0.000052, Acc: 100.0000, Loss: 0.0058
LR: 0.000052, Acc: 100.0000, Loss: 0.0008
LR: 0.000052, Acc: 100.0000, Loss: 0.0017
LR: 0.000052, Acc: 100.0000, Loss: 0.0086
LR: 0.000052, Acc: 98.7500, Loss: 0.0262
LR: 0.000051, Acc: 100.0000, Loss: 0.0029
LR: 0.000051, Acc: 100.0000, Loss: 0.0016
LR: 0.000051, Acc: 100.0000, Loss: 0.0110
LR: 0.000051, Acc: 100.0000, Loss: 0.0022
LR: 0.000051, Acc: 98.7500, Loss: 0.0206
LR: 0.000050, Acc: 100.0000, Loss: 0.0032
LR: 0.000050, Acc: 100.0000, Loss: 0.0151
LR: 0.000050, Acc: 100.0000, Loss: 0.0017
LR: 0.000050, Acc: 100.0000, Loss: 0.0013
LR: 0.000050, Acc: 98.7500, Loss: 0.0484
LR: 0.000049, Acc: 100.0000, Loss: 0.0051
LR: 0.000049, Acc: 100.0000, Loss: 0.0006
LR: 0.000049, Acc: 97.5000, Loss: 0.0256
LR: 0.000049, Acc: 98.7500, Loss: 0.0228
LR: 0.000049, Acc: 98.7500, Loss: 0.0652
LR: 0.000048, Acc: 100.0000, Loss: 0.0025
LR: 0.000048, Acc: 100.0000, Loss: 0.0012
LR: 0.000048, Acc: 98.7500, Loss: 0.0266
LR: 0.000048, Acc: 100.0000, Loss: 0.0014
LR: 0.000048, Acc: 100.0000, Loss: 0.0062
LR: 0.000047, Acc: 100.0000, Loss: 0.0094
LR: 0.000047, Acc: 98.7500, Loss: 0.0211
LR: 0.000047, Acc: 100.0000, Loss: 0.0015
LR: 0.000047, Acc: 98.7500, Loss: 0.0154
LR: 0.000047, Acc: 100.0000, Loss: 0.0044
LR: 0.000046, Acc: 98.7500, Loss: 0.0260
LR: 0.000046, Acc: 100.0000, Loss: 0.0007
LR: 0.000046, Acc: 100.0000, Loss: 0.0009
LR: 0.000046, Acc: 98.7500, Loss: 0.0506
LR: 0.000046, Acc: 100.0000, Loss: 0.0123
LR: 0.000045, Acc: 100.0000, Loss: 0.0086
LR: 0.000045, Acc: 100.0000, Loss: 0.0005
LR: 0.000045, Acc: 100.0000, Loss: 0.0007
LR: 0.000045, Acc: 100.0000, Loss: 0.0083
LR: 0.000045, Acc: 100.0000, Loss: 0.0011
LR: 0.000044, Acc: 100.0000, Loss: 0.0010
LR: 0.000044, Acc: 100.0000, Loss: 0.0077
LR: 0.000044, Acc: 98.7500, Loss: 0.0121
LR: 0.000044, Acc: 98.7500, Loss: 0.0290
LR: 0.000044, Acc: 100.0000, Loss: 0.0020
LR: 0.000043, Acc: 100.0000, Loss: 0.0043
LR: 0.000043, Acc: 98.7500, Loss: 0.0126
LR: 0.000043, Acc: 100.0000, Loss: 0.0109
LR: 0.000043, Acc: 100.0000, Loss: 0.0087
LR: 0.000043, Acc: 100.0000, Loss: 0.0037
LR: 0.000042, Acc: 98.7500, Loss: 0.0150
LR: 0.000042, Acc: 100.0000, Loss: 0.0055
LR: 0.000042, Acc: 98.7500, Loss: 0.0772
LR: 0.000042, Acc: 100.0000, Loss: 0.0146
LR: 0.000042, Acc: 100.0000, Loss: 0.0014
LR: 0.000042, Acc: 98.7500, Loss: 0.0265
LR: 0.000041, Acc: 100.0000, Loss: 0.0023
LR: 0.000041, Acc: 100.0000, Loss: 0.0008
LR: 0.000041, Acc: 100.0000, Loss: 0.0037
LR: 0.000041, Acc: 97.5000, Loss: 0.0435
LR: 0.000041, Acc: 100.0000, Loss: 0.0014
LR: 0.000040, Acc: 100.0000, Loss: 0.0095
LR: 0.000040, Acc: 100.0000, Loss: 0.0043
LR: 0.000040, Acc: 98.7500, Loss: 0.0250
LR: 0.000040, Acc: 98.7500, Loss: 0.0197
LR: 0.000040, Acc: 100.0000, Loss: 0.0072
LR: 0.000039, Acc: 100.0000, Loss: 0.0028
LR: 0.000039, Acc: 100.0000, Loss: 0.0021
LR: 0.000039, Acc: 100.0000, Loss: 0.0010
LR: 0.000039, Acc: 100.0000, Loss: 0.0026
LR: 0.000039, Acc: 100.0000, Loss: 0.0017
LR: 0.000039, Acc: 100.0000, Loss: 0.0069
LR: 0.000038, Acc: 100.0000, Loss: 0.0181
LR: 0.000038, Acc: 100.0000, Loss: 0.0017
LR: 0.000038, Acc: 100.0000, Loss: 0.0011
LR: 0.000038, Acc: 98.7500, Loss: 0.0495
LR: 0.000038, Acc: 98.7500, Loss: 0.0568
LR: 0.000037, Acc: 98.7500, Loss: 0.0184
LR: 0.000037, Acc: 100.0000, Loss: 0.0005
LR: 0.000037, Acc: 100.0000, Loss: 0.0016
LR: 0.000037, Acc: 98.7500, Loss: 0.0225
LR: 0.000037, Acc: 100.0000, Loss: 0.0071
LR: 0.000037, Acc: 100.0000, Loss: 0.0027
LR: 0.000036, Acc: 100.0000, Loss: 0.0010
LR: 0.000036, Acc: 100.0000, Loss: 0.0029
LR: 0.000036, Acc: 98.7500, Loss: 0.0300
LR: 0.000036, Acc: 98.7500, Loss: 0.0232
LR: 0.000036, Acc: 100.0000, Loss: 0.0099
LR: 0.000035, Acc: 98.7500, Loss: 0.0340
LR: 0.000035, Acc: 98.7500, Loss: 0.0367
LR: 0.000035, Acc: 100.0000, Loss: 0.0029
LR: 0.000035, Acc: 100.0000, Loss: 0.0024
LR: 0.000035, Acc: 100.0000, Loss: 0.0025
LR: 0.000035, Acc: 97.5000, Loss: 0.0561
LR: 0.000034, Acc: 100.0000, Loss: 0.0055
LR: 0.000034, Acc: 98.7500, Loss: 0.0339
LR: 0.000034, Acc: 100.0000, Loss: 0.0125
LR: 0.000034, Acc: 100.0000, Loss: 0.0012
LR: 0.000034, Acc: 100.0000, Loss: 0.0006
LR: 0.000034, Acc: 100.0000, Loss: 0.0043
LR: 0.000033, Acc: 100.0000, Loss: 0.0109
LR: 0.000033, Acc: 100.0000, Loss: 0.0051
LR: 0.000033, Acc: 97.5000, Loss: 0.0790
LR: 0.000033, Acc: 100.0000, Loss: 0.0088
LR: 0.000033, Acc: 100.0000, Loss: 0.0110
LR: 0.000033, Acc: 100.0000, Loss: 0.0067
LR: 0.000032, Acc: 98.7500, Loss: 0.0181
LR: 0.000032, Acc: 97.5000, Loss: 0.0339
LR: 0.000032, Acc: 98.7500, Loss: 0.0552
LR: 0.000032, Acc: 100.0000, Loss: 0.0059
LR: 0.000032, Acc: 100.0000, Loss: 0.0016
LR: 0.000031, Acc: 100.0000, Loss: 0.0160
LR: 0.000031, Acc: 98.7500, Loss: 0.0339
LR: 0.000031, Acc: 100.0000, Loss: 0.0038
LR: 0.000031, Acc: 100.0000, Loss: 0.0021
LR: 0.000031, Acc: 100.0000, Loss: 0.0017
LR: 0.000031, Acc: 98.7500, Loss: 0.0373
LR: 0.000030, Acc: 100.0000, Loss: 0.0091
LR: 0.000030, Acc: 100.0000, Loss: 0.0036
LR: 0.000030, Acc: 100.0000, Loss: 0.0020
LR: 0.000030, Acc: 100.0000, Loss: 0.0035
LR: 0.000030, Acc: 100.0000, Loss: 0.0074
LR: 0.000030, Acc: 100.0000, Loss: 0.0134
LR: 0.000029, Acc: 100.0000, Loss: 0.0028
LR: 0.000029, Acc: 100.0000, Loss: 0.0020
LR: 0.000029, Acc: 100.0000, Loss: 0.0073
LR: 0.000029, Acc: 98.7500, Loss: 0.0119
LR: 0.000029, Acc: 100.0000, Loss: 0.0011
LR: 0.000029, Acc: 100.0000, Loss: 0.0015
LR: 0.000029, Acc: 97.5000, Loss: 0.0321
LR: 0.000028, Acc: 100.0000, Loss: 0.0018
LR: 0.000028, Acc: 100.0000, Loss: 0.0023
LR: 0.000028, Acc: 100.0000, Loss: 0.0021
LR: 0.000028, Acc: 100.0000, Loss: 0.0022
LR: 0.000028, Acc: 100.0000, Loss: 0.0024
LR: 0.000028, Acc: 100.0000, Loss: 0.0034
LR: 0.000027, Acc: 100.0000, Loss: 0.0034
LR: 0.000027, Acc: 98.7500, Loss: 0.0487
LR: 0.000027, Acc: 100.0000, Loss: 0.0013
LR: 0.000027, Acc: 100.0000, Loss: 0.0083
LR: 0.000027, Acc: 100.0000, Loss: 0.0043
LR: 0.000027, Acc: 100.0000, Loss: 0.0080
LR: 0.000026, Acc: 98.7500, Loss: 0.0333
LR: 0.000026, Acc: 100.0000, Loss: 0.0007
LR: 0.000026, Acc: 100.0000, Loss: 0.0006
LR: 0.000026, Acc: 100.0000, Loss: 0.0080
LR: 0.000026, Acc: 100.0000, Loss: 0.0013
LR: 0.000026, Acc: 98.7500, Loss: 0.0441
LR: 0.000026, Acc: 98.7500, Loss: 0.0183
LR: 0.000025, Acc: 100.0000, Loss: 0.0009
LR: 0.000025, Acc: 100.0000, Loss: 0.0010
LR: 0.000025, Acc: 98.7500, Loss: 0.0548
LR: 0.000025, Acc: 100.0000, Loss: 0.0009
LR: 0.000025, Acc: 100.0000, Loss: 0.0112
LR: 0.000025, Acc: 100.0000, Loss: 0.0010
LR: 0.000024, Acc: 100.0000, Loss: 0.0110
LR: 0.000024, Acc: 98.7500, Loss: 0.0356
LR: 0.000024, Acc: 100.0000, Loss: 0.0011
LR: 0.000024, Acc: 100.0000, Loss: 0.0013
LR: 0.000024, Acc: 100.0000, Loss: 0.0148
LR: 0.000024, Acc: 100.0000, Loss: 0.0091
LR: 0.000024, Acc: 98.7500, Loss: 0.0142
LR: 0.000023, Acc: 100.0000, Loss: 0.0013
LR: 0.000023, Acc: 98.7500, Loss: 0.0457
LR: 0.000023, Acc: 100.0000, Loss: 0.0029
LR: 0.000023, Acc: 100.0000, Loss: 0.0008
LR: 0.000023, Acc: 100.0000, Loss: 0.0029
LR: 0.000023, Acc: 100.0000, Loss: 0.0028
LR: 0.000023, Acc: 100.0000, Loss: 0.0197
LR: 0.000022, Acc: 100.0000, Loss: 0.0008
LR: 0.000022, Acc: 100.0000, Loss: 0.0034
LR: 0.000022, Acc: 100.0000, Loss: 0.0028
LR: 0.000022, Acc: 100.0000, Loss: 0.0011
LR: 0.000022, Acc: 98.7500, Loss: 0.0113
LR: 0.000022, Acc: 100.0000, Loss: 0.0066
LR: 0.000021, Acc: 100.0000, Loss: 0.0094
LR: 0.000021, Acc: 100.0000, Loss: 0.0065
LR: 0.000021, Acc: 100.0000, Loss: 0.0013
LR: 0.000021, Acc: 100.0000, Loss: 0.0009
LR: 0.000021, Acc: 100.0000, Loss: 0.0004
LR: 0.000021, Acc: 100.0000, Loss: 0.0023
LR: 0.000021, Acc: 100.0000, Loss: 0.0011
LR: 0.000021, Acc: 98.7500, Loss: 0.0179
LR: 0.000020, Acc: 100.0000, Loss: 0.0026
LR: 0.000020, Acc: 100.0000, Loss: 0.0040
LR: 0.000020, Acc: 100.0000, Loss: 0.0008
LR: 0.000020, Acc: 100.0000, Loss: 0.0008
LR: 0.000020, Acc: 100.0000, Loss: 0.0016
LR: 0.000020, Acc: 100.0000, Loss: 0.0028
LR: 0.000020, Acc: 100.0000, Loss: 0.0069
LR: 0.000019, Acc: 97.5000, Loss: 0.0273
LR: 0.000019, Acc: 100.0000, Loss: 0.0041
LR: 0.000019, Acc: 98.7500, Loss: 0.0218
LR: 0.000019, Acc: 100.0000, Loss: 0.0029
LR: 0.000019, Acc: 100.0000, Loss: 0.0066
LR: 0.000019, Acc: 100.0000, Loss: 0.0130
LR: 0.000019, Acc: 100.0000, Loss: 0.0130
LR: 0.000018, Acc: 98.7500, Loss: 0.0290
LR: 0.000018, Acc: 100.0000, Loss: 0.0014
LR: 0.000018, Acc: 98.7500, Loss: 0.0266
LR: 0.000018, Acc: 97.5000, Loss: 0.0219
LR: 0.000018, Acc: 100.0000, Loss: 0.0009
LR: 0.000018, Acc: 100.0000, Loss: 0.0007
LR: 0.000018, Acc: 100.0000, Loss: 0.0012
LR: 0.000018, Acc: 100.0000, Loss: 0.0080
LR: 0.000017, Acc: 100.0000, Loss: 0.0015
LR: 0.000017, Acc: 100.0000, Loss: 0.0040
LR: 0.000017, Acc: 98.7500, Loss: 0.0127
LR: 0.000017, Acc: 98.7500, Loss: 0.0111
LR: 0.000017, Acc: 98.7500, Loss: 0.0581
LR: 0.000017, Acc: 100.0000, Loss: 0.0024
LR: 0.000017, Acc: 100.0000, Loss: 0.0042
LR: 0.000017, Acc: 100.0000, Loss: 0.0056
LR: 0.000016, Acc: 98.7500, Loss: 0.0371
LR: 0.000016, Acc: 100.0000, Loss: 0.0038
LR: 0.000016, Acc: 100.0000, Loss: 0.0067
LR: 0.000016, Acc: 98.7500, Loss: 0.0579
LR: 0.000016, Acc: 100.0000, Loss: 0.0050
LR: 0.000016, Acc: 100.0000, Loss: 0.0054
LR: 0.000016, Acc: 100.0000, Loss: 0.0045
LR: 0.000016, Acc: 100.0000, Loss: 0.0016
LR: 0.000015, Acc: 100.0000, Loss: 0.0006
LR: 0.000015, Acc: 100.0000, Loss: 0.0028
LR: 0.000015, Acc: 100.0000, Loss: 0.0029
LR: 0.000015, Acc: 100.0000, Loss: 0.0018
LR: 0.000015, Acc: 100.0000, Loss: 0.0039
LR: 0.000015, Acc: 100.0000, Loss: 0.0009
LR: 0.000015, Acc: 100.0000, Loss: 0.0013
LR: 0.000015, Acc: 100.0000, Loss: 0.0047
LR: 0.000014, Acc: 98.7500, Loss: 0.0200
LR: 0.000014, Acc: 100.0000, Loss: 0.0008
LR: 0.000014, Acc: 100.0000, Loss: 0.0026
LR: 0.000014, Acc: 100.0000, Loss: 0.0025
LR: 0.000014, Acc: 100.0000, Loss: 0.0037
LR: 0.000014, Acc: 100.0000, Loss: 0.0014
LR: 0.000014, Acc: 100.0000, Loss: 0.0008
LR: 0.000014, Acc: 100.0000, Loss: 0.0105
LR: 0.000014, Acc: 98.7500, Loss: 0.0666
LR: 0.000013, Acc: 100.0000, Loss: 0.0058
LR: 0.000013, Acc: 100.0000, Loss: 0.0004
LR: 0.000013, Acc: 98.7500, Loss: 0.0320
LR: 0.000013, Acc: 100.0000, Loss: 0.0016
LR: 0.000013, Acc: 100.0000, Loss: 0.0023
LR: 0.000013, Acc: 98.7500, Loss: 0.0199
LR: 0.000013, Acc: 98.7500, Loss: 0.0250
LR: 0.000013, Acc: 100.0000, Loss: 0.0046
LR: 0.000013, Acc: 100.0000, Loss: 0.0012
LR: 0.000012, Acc: 100.0000, Loss: 0.0006
LR: 0.000012, Acc: 98.7500, Loss: 0.0108
LR: 0.000012, Acc: 100.0000, Loss: 0.0029
LR: 0.000012, Acc: 98.7500, Loss: 0.0321
LR: 0.000012, Acc: 100.0000, Loss: 0.0026
LR: 0.000012, Acc: 100.0000, Loss: 0.0030
LR: 0.000012, Acc: 100.0000, Loss: 0.0025
LR: 0.000012, Acc: 100.0000, Loss: 0.0009
LR: 0.000012, Acc: 97.5000, Loss: 0.0464
LR: 0.000011, Acc: 100.0000, Loss: 0.0015
LR: 0.000011, Acc: 100.0000, Loss: 0.0016
LR: 0.000011, Acc: 100.0000, Loss: 0.0021
LR: 0.000011, Acc: 97.5000, Loss: 0.0788
LR: 0.000011, Acc: 100.0000, Loss: 0.0025
LR: 0.000011, Acc: 100.0000, Loss: 0.0021
LR: 0.000011, Acc: 100.0000, Loss: 0.0011
LR: 0.000011, Acc: 100.0000, Loss: 0.0055
LR: 0.000011, Acc: 100.0000, Loss: 0.0014
LR: 0.000011, Acc: 100.0000, Loss: 0.0030
LR: 0.000010, Acc: 100.0000, Loss: 0.0007
LR: 0.000010, Acc: 98.7500, Loss: 0.0220
LR: 0.000010, Acc: 100.0000, Loss: 0.0055
LR: 0.000010, Acc: 98.7500, Loss: 0.0243
LR: 0.000010, Acc: 100.0000, Loss: 0.0007
LR: 0.000010, Acc: 100.0000, Loss: 0.0014
LR: 0.000010, Acc: 98.7500, Loss: 0.0515
LR: 0.000010, Acc: 100.0000, Loss: 0.0047
LR: 0.000010, Acc: 100.0000, Loss: 0.0009
LR: 0.000010, Acc: 100.0000, Loss: 0.0006
LR: 0.000009, Acc: 100.0000, Loss: 0.0038
LR: 0.000009, Acc: 100.0000, Loss: 0.0019
LR: 0.000009, Acc: 100.0000, Loss: 0.0050
LR: 0.000009, Acc: 100.0000, Loss: 0.0016
LR: 0.000009, Acc: 100.0000, Loss: 0.0007
LR: 0.000009, Acc: 100.0000, Loss: 0.0014
LR: 0.000009, Acc: 98.7500, Loss: 0.0317
LR: 0.000009, Acc: 100.0000, Loss: 0.0046
LR: 0.000009, Acc: 98.7500, Loss: 0.0519
LR: 0.000009, Acc: 100.0000, Loss: 0.0012
LR: 0.000009, Acc: 100.0000, Loss: 0.0022
LR: 0.000008, Acc: 100.0000, Loss: 0.0004
LR: 0.000008, Acc: 96.2500, Loss: 0.1376
LR: 0.000008, Acc: 100.0000, Loss: 0.0091
LR: 0.000008, Acc: 100.0000, Loss: 0.0044
LR: 0.000008, Acc: 100.0000, Loss: 0.0055
LR: 0.000008, Acc: 100.0000, Loss: 0.0026
LR: 0.000008, Acc: 100.0000, Loss: 0.0081
LR: 0.000008, Acc: 100.0000, Loss: 0.0044
LR: 0.000008, Acc: 100.0000, Loss: 0.0068
LR: 0.000008, Acc: 100.0000, Loss: 0.0022
LR: 0.000008, Acc: 100.0000, Loss: 0.0015
LR: 0.000008, Acc: 100.0000, Loss: 0.0017
LR: 0.000007, Acc: 100.0000, Loss: 0.0080
LR: 0.000007, Acc: 98.7500, Loss: 0.0449
LR: 0.000007, Acc: 100.0000, Loss: 0.0032
LR: 0.000007, Acc: 98.7500, Loss: 0.0193
LR: 0.000007, Acc: 100.0000, Loss: 0.0014
LR: 0.000007, Acc: 100.0000, Loss: 0.0056
LR: 0.000007, Acc: 100.0000, Loss: 0.0087
LR: 0.000007, Acc: 100.0000, Loss: 0.0068
LR: 0.000007, Acc: 98.7500, Loss: 0.0496
LR: 0.000007, Acc: 100.0000, Loss: 0.0079
LR: 0.000007, Acc: 100.0000, Loss: 0.0065
LR: 0.000007, Acc: 100.0000, Loss: 0.0060
LR: 0.000006, Acc: 100.0000, Loss: 0.0021
LR: 0.000006, Acc: 100.0000, Loss: 0.0029
LR: 0.000006, Acc: 100.0000, Loss: 0.0040
LR: 0.000006, Acc: 100.0000, Loss: 0.0048
LR: 0.000006, Acc: 100.0000, Loss: 0.0101
LR: 0.000006, Acc: 100.0000, Loss: 0.0010
LR: 0.000006, Acc: 100.0000, Loss: 0.0007
LR: 0.000006, Acc: 100.0000, Loss: 0.0014
LR: 0.000006, Acc: 100.0000, Loss: 0.0046
>>> Switching to ROUTER-ONLY finetuning <<<
LR: 0.000200, Acc: 100.0000, Loss: 0.0023
LR: 0.000200, Acc: 100.0000, Loss: 0.0018
LR: 0.000200, Acc: 100.0000, Loss: 0.0116
LR: 0.000200, Acc: 100.0000, Loss: 0.0028
LR: 0.000199, Acc: 98.7500, Loss: 0.0139
LR: 0.000199, Acc: 100.0000, Loss: 0.0036
LR: 0.000199, Acc: 100.0000, Loss: 0.0022
LR: 0.000198, Acc: 100.0000, Loss: 0.0008
LR: 0.000198, Acc: 100.0000, Loss: 0.0087
LR: 0.000197, Acc: 100.0000, Loss: 0.0017
LR: 0.000197, Acc: 100.0000, Loss: 0.0065
LR: 0.000196, Acc: 100.0000, Loss: 0.0018
LR: 0.000195, Acc: 100.0000, Loss: 0.0035
LR: 0.000195, Acc: 98.7500, Loss: 0.0449
LR: 0.000194, Acc: 100.0000, Loss: 0.0003
LR: 0.000193, Acc: 100.0000, Loss: 0.0060
LR: 0.000192, Acc: 100.0000, Loss: 0.0003
LR: 0.000191, Acc: 98.7500, Loss: 0.0430
LR: 0.000190, Acc: 100.0000, Loss: 0.0012
LR: 0.000189, Acc: 100.0000, Loss: 0.0008
LR: 0.000188, Acc: 100.0000, Loss: 0.0017
LR: 0.000187, Acc: 98.7500, Loss: 0.0432
LR: 0.000186, Acc: 97.5000, Loss: 0.0264
LR: 0.000185, Acc: 100.0000, Loss: 0.0007
LR: 0.000183, Acc: 100.0000, Loss: 0.0045
LR: 0.000182, Acc: 98.7500, Loss: 0.0475
LR: 0.000181, Acc: 100.0000, Loss: 0.0013
LR: 0.000179, Acc: 100.0000, Loss: 0.0040
LR: 0.000178, Acc: 100.0000, Loss: 0.0004
LR: 0.000176, Acc: 98.7500, Loss: 0.0174
LR: 0.000175, Acc: 98.7500, Loss: 0.0490
LR: 0.000173, Acc: 100.0000, Loss: 0.0021
LR: 0.000171, Acc: 98.7500, Loss: 0.0186
LR: 0.000170, Acc: 98.7500, Loss: 0.0238
LR: 0.000168, Acc: 100.0000, Loss: 0.0043
LR: 0.000166, Acc: 100.0000, Loss: 0.0048
LR: 0.000165, Acc: 100.0000, Loss: 0.0064
LR: 0.000163, Acc: 100.0000, Loss: 0.0008
LR: 0.000161, Acc: 100.0000, Loss: 0.0009
LR: 0.000159, Acc: 100.0000, Loss: 0.0010
LR: 0.000157, Acc: 98.7500, Loss: 0.0254
LR: 0.000155, Acc: 100.0000, Loss: 0.0015
LR: 0.000153, Acc: 100.0000, Loss: 0.0010
LR: 0.000151, Acc: 100.0000, Loss: 0.0006
LR: 0.000149, Acc: 100.0000, Loss: 0.0037
LR: 0.000147, Acc: 100.0000, Loss: 0.0004
LR: 0.000145, Acc: 100.0000, Loss: 0.0121
LR: 0.000143, Acc: 100.0000, Loss: 0.0028
LR: 0.000141, Acc: 98.7500, Loss: 0.0411
LR: 0.000139, Acc: 100.0000, Loss: 0.0008
LR: 0.000136, Acc: 98.7500, Loss: 0.0304
LR: 0.000134, Acc: 100.0000, Loss: 0.0016
LR: 0.000132, Acc: 100.0000, Loss: 0.0016
LR: 0.000130, Acc: 100.0000, Loss: 0.0050
LR: 0.000128, Acc: 98.7500, Loss: 0.0299
LR: 0.000125, Acc: 100.0000, Loss: 0.0039
LR: 0.000123, Acc: 100.0000, Loss: 0.0017
LR: 0.000121, Acc: 100.0000, Loss: 0.0009
LR: 0.000118, Acc: 100.0000, Loss: 0.0043
LR: 0.000116, Acc: 100.0000, Loss: 0.0058
LR: 0.000114, Acc: 100.0000, Loss: 0.0022
LR: 0.000111, Acc: 100.0000, Loss: 0.0030
LR: 0.000109, Acc: 98.7500, Loss: 0.0260
LR: 0.000107, Acc: 100.0000, Loss: 0.0069
LR: 0.000104, Acc: 100.0000, Loss: 0.0063
LR: 0.000102, Acc: 98.7500, Loss: 0.0232
LR: 0.000100, Acc: 100.0000, Loss: 0.0038
LR: 0.000097, Acc: 98.7500, Loss: 0.0132
LR: 0.000095, Acc: 100.0000, Loss: 0.0021
LR: 0.000093, Acc: 100.0000, Loss: 0.0014
LR: 0.000090, Acc: 100.0000, Loss: 0.0017
LR: 0.000088, Acc: 100.0000, Loss: 0.0036
LR: 0.000086, Acc: 100.0000, Loss: 0.0046
LR: 0.000083, Acc: 100.0000, Loss: 0.0026
LR: 0.000081, Acc: 100.0000, Loss: 0.0007
LR: 0.000079, Acc: 100.0000, Loss: 0.0062
LR: 0.000077, Acc: 100.0000, Loss: 0.0027
LR: 0.000074, Acc: 100.0000, Loss: 0.0007
LR: 0.000072, Acc: 100.0000, Loss: 0.0112
LR: 0.000070, Acc: 98.7500, Loss: 0.0184
LR: 0.000068, Acc: 100.0000, Loss: 0.0066
LR: 0.000065, Acc: 100.0000, Loss: 0.0012
LR: 0.000063, Acc: 100.0000, Loss: 0.0037
LR: 0.000061, Acc: 100.0000, Loss: 0.0009
LR: 0.000059, Acc: 100.0000, Loss: 0.0015
LR: 0.000057, Acc: 100.0000, Loss: 0.0006
LR: 0.000055, Acc: 100.0000, Loss: 0.0038
LR: 0.000053, Acc: 100.0000, Loss: 0.0129
LR: 0.000051, Acc: 100.0000, Loss: 0.0014
LR: 0.000049, Acc: 100.0000, Loss: 0.0016
LR: 0.000047, Acc: 98.7500, Loss: 0.0132
LR: 0.000045, Acc: 100.0000, Loss: 0.0012
LR: 0.000043, Acc: 100.0000, Loss: 0.0044
LR: 0.000041, Acc: 100.0000, Loss: 0.0027
LR: 0.000039, Acc: 97.5000, Loss: 0.0668
LR: 0.000037, Acc: 100.0000, Loss: 0.0054
LR: 0.000035, Acc: 98.7500, Loss: 0.0126
LR: 0.000034, Acc: 100.0000, Loss: 0.0024
LR: 0.000032, Acc: 100.0000, Loss: 0.0009
LR: 0.000030, Acc: 100.0000, Loss: 0.0048
LR: 0.000029, Acc: 100.0000, Loss: 0.0017
LR: 0.000027, Acc: 98.7500, Loss: 0.0390
LR: 0.000025, Acc: 100.0000, Loss: 0.0132
LR: 0.000024, Acc: 100.0000, Loss: 0.0088
LR: 0.000022, Acc: 100.0000, Loss: 0.0008
LR: 0.000021, Acc: 100.0000, Loss: 0.0097
LR: 0.000020, Acc: 100.0000, Loss: 0.0018
LR: 0.000018, Acc: 97.5000, Loss: 0.0330
LR: 0.000017, Acc: 100.0000, Loss: 0.0011
LR: 0.000016, Acc: 100.0000, Loss: 0.0141
LR: 0.000014, Acc: 100.0000, Loss: 0.0008
LR: 0.000013, Acc: 97.5000, Loss: 0.0302
LR: 0.000012, Acc: 100.0000, Loss: 0.0040
LR: 0.000011, Acc: 98.7500, Loss: 0.0175
LR: 0.000010, Acc: 100.0000, Loss: 0.0018
LR: 0.000009, Acc: 100.0000, Loss: 0.0031
LR: 0.000008, Acc: 98.7500, Loss: 0.0387
LR: 0.000007, Acc: 98.7500, Loss: 0.0217
LR: 0.000007, Acc: 100.0000, Loss: 0.0016
LR: 0.000006, Acc: 100.0000, Loss: 0.0011
LR: 0.000005, Acc: 100.0000, Loss: 0.0037
LR: 0.000005, Acc: 100.0000, Loss: 0.0043
LR: 0.000004, Acc: 100.0000, Loss: 0.0011
LR: 0.000003, Acc: 100.0000, Loss: 0.0021
LR: 0.000003, Acc: 98.7500, Loss: 0.0490
LR: 0.000002, Acc: 100.0000, Loss: 0.0060
LR: 0.000002, Acc: 100.0000, Loss: 0.0033
LR: 0.000002, Acc: 100.0000, Loss: 0.0094
LR: 0.000002, Acc: 100.0000, Loss: 0.0014
LR: 0.000001, Acc: 98.7500, Loss: 0.0659
LR: 0.000001, Acc: 100.0000, Loss: 0.0042
LR: 0.000001, Acc: 100.0000, Loss: 0.0002
LR: 0.000001, Acc: 100.0000, Loss: 0.0038
**** Final test accuracy: 91.26. ****

LoRA weights saved to weights/vitb16/eurosat/8shots/2experts/seed1/CLIP-MoLE_eurosat.pt
