created virtual environment CPython3.10.13.final.0-64 in 999ms
  creator CPython3Posix(dest=/localscratch/pedro36.57141136.0/env, clear=False, no_vcs_ignore=False, global=False)
  seeder FromAppData(download=False, pip=bundle, setuptools=bundle, wheel=bundle, via=copy, app_data_dir=/home/pedro36/.local/share/virtualenv)
    added seed packages: pip==25.1.1, setuptools==80.7.1, wheel==0.45.1+computecanada
  activators BashActivator,CShellActivator,FishActivator,NushellActivator,PowerShellActivator,PythonActivator
Looking in links: /cvmfs/soft.computecanada.ca/custom/python/wheelhouse/gentoo2023/x86-64-v4, /cvmfs/soft.computecanada.ca/custom/python/wheelhouse/gentoo2023/x86-64-v3, /cvmfs/soft.computecanada.ca/custom/python/wheelhouse/gentoo2023/generic, /cvmfs/soft.computecanada.ca/custom/python/wheelhouse/generic
Requirement already satisfied: pip in /localscratch/pedro36.57141136.0/env/lib/python3.10/site-packages (25.1.1)
Looking in links: /cvmfs/soft.computecanada.ca/custom/python/wheelhouse/gentoo2023/x86-64-v4, /cvmfs/soft.computecanada.ca/custom/python/wheelhouse/gentoo2023/x86-64-v3, /cvmfs/soft.computecanada.ca/custom/python/wheelhouse/gentoo2023/generic, /cvmfs/soft.computecanada.ca/custom/python/wheelhouse/generic
Processing /cvmfs/soft.computecanada.ca/custom/python/wheelhouse/gentoo2023/x86-64-v3/torch-2.6.0+computecanada-cp310-cp310-linux_x86_64.whl
Processing /cvmfs/soft.computecanada.ca/custom/python/wheelhouse/gentoo2023/generic/torchvision-0.21.0+computecanada-cp310-cp310-linux_x86_64.whl
Processing /cvmfs/soft.computecanada.ca/custom/python/wheelhouse/gentoo2023/x86-64-v3/torchaudio-2.6.0+computecanada-cp310-cp310-linux_x86_64.whl
Processing /cvmfs/soft.computecanada.ca/custom/python/wheelhouse/generic/ftfy-6.3.0+computecanada-py3-none-any.whl
Processing /cvmfs/soft.computecanada.ca/custom/python/wheelhouse/gentoo2023/generic/scipy-1.15.1+computecanada-cp310-cp310-linux_x86_64.whl
Processing /cvmfs/soft.computecanada.ca/custom/python/wheelhouse/generic/regex-2024.9.11+computecanada-cp310-cp310-linux_x86_64.whl
Processing /cvmfs/soft.computecanada.ca/custom/python/wheelhouse/generic/tqdm-4.67.1+computecanada-py3-none-any.whl
Processing /cvmfs/soft.computecanada.ca/custom/python/wheelhouse/generic/gdown-5.2.0+computecanada-py3-none-any.whl
Processing /cvmfs/soft.computecanada.ca/custom/python/wheelhouse/gentoo2023/x86-64-v3/pandas-2.2.3+computecanada-cp310-cp310-linux_x86_64.whl
Processing /cvmfs/soft.computecanada.ca/custom/python/wheelhouse/generic/filelock-3.18.0+computecanada-py3-none-any.whl (from torch)
Processing /cvmfs/soft.computecanada.ca/custom/python/wheelhouse/generic/typing_extensions-4.14.0+computecanada-py3-none-any.whl (from torch)
Processing /cvmfs/soft.computecanada.ca/custom/python/wheelhouse/generic/networkx-3.5+computecanada-py3-none-any.whl (from torch)
Processing /cvmfs/soft.computecanada.ca/custom/python/wheelhouse/generic/jinja2-3.1.6+computecanada-py3-none-any.whl (from torch)
Processing /cvmfs/soft.computecanada.ca/custom/python/wheelhouse/generic/fsspec-2025.5.1+computecanada-py3-none-any.whl (from torch)
Processing /cvmfs/soft.computecanada.ca/custom/python/wheelhouse/generic/sympy-1.13.1+computecanada-py3-none-any.whl (from torch)
Processing /cvmfs/soft.computecanada.ca/custom/python/wheelhouse/generic/mpmath-1.3.0+computecanada-py3-none-any.whl (from sympy==1.13.1->torch)
Processing /cvmfs/soft.computecanada.ca/custom/python/wheelhouse/gentoo2023/generic/numpy-2.2.2+computecanada-cp310-cp310-linux_x86_64.whl (from torchvision)
Processing /cvmfs/soft.computecanada.ca/custom/python/wheelhouse/gentoo2023/x86-64-v3/Pillow_SIMD-9.5.0.post2+computecanada-cp310-cp310-linux_x86_64.whl (from torchvision)
Processing /cvmfs/soft.computecanada.ca/custom/python/wheelhouse/generic/wcwidth-0.2.13+computecanada-py2.py3-none-any.whl (from ftfy)
Processing /cvmfs/soft.computecanada.ca/custom/python/wheelhouse/generic/beautifulsoup4-4.13.4+computecanada-py3-none-any.whl (from gdown)
Processing /cvmfs/soft.computecanada.ca/custom/python/wheelhouse/generic/requests-2.32.4+computecanada-py3-none-any.whl (from gdown)
Processing /cvmfs/soft.computecanada.ca/custom/python/wheelhouse/generic/python_dateutil-2.9.0.post0+computecanada-py2.py3-none-any.whl (from pandas)
Processing /cvmfs/soft.computecanada.ca/custom/python/wheelhouse/generic/pytz-2025.2+computecanada-py2.py3-none-any.whl (from pandas)
Processing /cvmfs/soft.computecanada.ca/custom/python/wheelhouse/generic/tzdata-2025.2+computecanada-py2.py3-none-any.whl (from pandas)
Processing /cvmfs/soft.computecanada.ca/custom/python/wheelhouse/generic/six-1.17.0+computecanada-py2.py3-none-any.whl (from python-dateutil>=2.8.2->pandas)
Processing /cvmfs/soft.computecanada.ca/custom/python/wheelhouse/generic/soupsieve-2.7+computecanada-py3-none-any.whl (from beautifulsoup4->gdown)
Processing /cvmfs/soft.computecanada.ca/custom/python/wheelhouse/generic/MarkupSafe-2.1.5+computecanada-cp310-cp310-linux_x86_64.whl (from jinja2->torch)
INFO: pip is looking at multiple versions of networkx to determine which version is compatible with other requirements. This could take a while.
Processing /cvmfs/soft.computecanada.ca/custom/python/wheelhouse/generic/networkx-3.4.2+computecanada-py3-none-any.whl (from torch)
Processing /cvmfs/soft.computecanada.ca/custom/python/wheelhouse/generic/charset_normalizer-3.4.2+computecanada-py3-none-any.whl (from requests[socks]->gdown)
Processing /cvmfs/soft.computecanada.ca/custom/python/wheelhouse/generic/idna-3.10+computecanada-py3-none-any.whl (from requests[socks]->gdown)
Processing /cvmfs/soft.computecanada.ca/custom/python/wheelhouse/generic/urllib3-2.5.0+computecanada-py3-none-any.whl (from requests[socks]->gdown)
Processing /cvmfs/soft.computecanada.ca/custom/python/wheelhouse/generic/certifi-2025.6.15+computecanada-py3-none-any.whl (from requests[socks]->gdown)
Processing /cvmfs/soft.computecanada.ca/custom/python/wheelhouse/generic/PySocks-1.7.1+computecanada-py3-none-any.whl (from requests[socks]->gdown)
Installing collected packages: wcwidth, pytz, mpmath, urllib3, tzdata, typing-extensions, tqdm, sympy, soupsieve, six, regex, PySocks, pillow-simd, numpy, networkx, MarkupSafe, idna, ftfy, fsspec, filelock, charset-normalizer, certifi, scipy, requests, python-dateutil, jinja2, beautifulsoup4, torch, pandas, torchvision, torchaudio, gdown

Successfully installed MarkupSafe-2.1.5+computecanada PySocks-1.7.1+computecanada beautifulsoup4-4.13.4+computecanada certifi-2025.6.15+computecanada charset-normalizer-3.4.2+computecanada filelock-3.18.0+computecanada fsspec-2025.5.1+computecanada ftfy-6.3.0+computecanada gdown-5.2.0+computecanada idna-3.10+computecanada jinja2-3.1.6+computecanada mpmath-1.3.0+computecanada networkx-3.4.2+computecanada numpy-2.2.2+computecanada pandas-2.2.3+computecanada pillow-simd-9.5.0.post2+computecanada python-dateutil-2.9.0.post0+computecanada pytz-2025.2+computecanada regex-2024.9.11+computecanada requests-2.32.4+computecanada scipy-1.15.1+computecanada six-1.17.0+computecanada soupsieve-2.7+computecanada sympy-1.13.1+computecanada torch-2.6.0+computecanada torchaudio-2.6.0+computecanada torchvision-0.21.0+computecanada tqdm-4.67.1+computecanada typing-extensions-4.14.0+computecanada tzdata-2025.2+computecanada urllib3-2.5.0+computecanada wcwidth-0.2.13+computecanada
Preparing dataset.
Reading split from /home/pedro36/projects/def-leszek/pedro36/datasets/DATA/OxfordPets/split_zhou_OxfordPets.json
Creating a 4-shot dataset
Creating a 8-shot dataset

Getting textual features as CLIP's classifier.

Loading visual features and labels from val set.

Loading visual features and labels from test set.

**** Zero-shot CLIP's test accuracy: 88.20. ****

Residual Attention Block 0: ResidualAttentionBlock(
  (attn): MultiheadAttention(
    (out_proj): NonDynamicallyQuantizableLinear(in_features=512, out_features=512, bias=True)
  )
  (ln_1): LayerNorm((512,), eps=1e-05, elementwise_affine=True)
  (mlp): Sequential(
    (c_fc): Linear(in_features=512, out_features=2048, bias=True)
    (gelu): QuickGELU()
    (c_proj): Linear(in_features=2048, out_features=512, bias=True)
  )
  (ln_2): LayerNorm((512,), eps=1e-05, elementwise_affine=True)
)
Residual Attention Block 1: ResidualAttentionBlock(
  (attn): MultiheadAttention(
    (out_proj): NonDynamicallyQuantizableLinear(in_features=512, out_features=512, bias=True)
  )
  (ln_1): LayerNorm((512,), eps=1e-05, elementwise_affine=True)
  (mlp): Sequential(
    (c_fc): Linear(in_features=512, out_features=2048, bias=True)
    (gelu): QuickGELU()
    (c_proj): Linear(in_features=2048, out_features=512, bias=True)
  )
  (ln_2): LayerNorm((512,), eps=1e-05, elementwise_affine=True)
)
Residual Attention Block 2: ResidualAttentionBlock(
  (attn): MultiheadAttention(
    (out_proj): NonDynamicallyQuantizableLinear(in_features=512, out_features=512, bias=True)
  )
  (ln_1): LayerNorm((512,), eps=1e-05, elementwise_affine=True)
  (mlp): Sequential(
    (c_fc): Linear(in_features=512, out_features=2048, bias=True)
    (gelu): QuickGELU()
    (c_proj): Linear(in_features=2048, out_features=512, bias=True)
  )
  (ln_2): LayerNorm((512,), eps=1e-05, elementwise_affine=True)
)
Residual Attention Block 3: ResidualAttentionBlock(
  (attn): MultiheadAttention(
    (out_proj): NonDynamicallyQuantizableLinear(in_features=512, out_features=512, bias=True)
  )
  (ln_1): LayerNorm((512,), eps=1e-05, elementwise_affine=True)
  (mlp): Sequential(
    (c_fc): Linear(in_features=512, out_features=2048, bias=True)
    (gelu): QuickGELU()
    (c_proj): Linear(in_features=2048, out_features=512, bias=True)
  )
  (ln_2): LayerNorm((512,), eps=1e-05, elementwise_affine=True)
)
Residual Attention Block 4: ResidualAttentionBlock(
  (attn): MultiheadAttention(
    (out_proj): NonDynamicallyQuantizableLinear(in_features=512, out_features=512, bias=True)
  )
  (ln_1): LayerNorm((512,), eps=1e-05, elementwise_affine=True)
  (mlp): Sequential(
    (c_fc): Linear(in_features=512, out_features=2048, bias=True)
    (gelu): QuickGELU()
    (c_proj): Linear(in_features=2048, out_features=512, bias=True)
  )
  (ln_2): LayerNorm((512,), eps=1e-05, elementwise_affine=True)
)
Residual Attention Block 5: ResidualAttentionBlock(
  (attn): MultiheadAttention(
    (out_proj): NonDynamicallyQuantizableLinear(in_features=512, out_features=512, bias=True)
  )
  (ln_1): LayerNorm((512,), eps=1e-05, elementwise_affine=True)
  (mlp): Sequential(
    (c_fc): Linear(in_features=512, out_features=2048, bias=True)
    (gelu): QuickGELU()
    (c_proj): Linear(in_features=2048, out_features=512, bias=True)
  )
  (ln_2): LayerNorm((512,), eps=1e-05, elementwise_affine=True)
)
Residual Attention Block 6: ResidualAttentionBlock(
  (attn): MultiheadAttention(
    (out_proj): NonDynamicallyQuantizableLinear(in_features=512, out_features=512, bias=True)
  )
  (ln_1): LayerNorm((512,), eps=1e-05, elementwise_affine=True)
  (mlp): Sequential(
    (c_fc): Linear(in_features=512, out_features=2048, bias=True)
    (gelu): QuickGELU()
    (c_proj): Linear(in_features=2048, out_features=512, bias=True)
  )
  (ln_2): LayerNorm((512,), eps=1e-05, elementwise_affine=True)
)
Residual Attention Block 7: ResidualAttentionBlock(
  (attn): MultiheadAttention(
    (out_proj): NonDynamicallyQuantizableLinear(in_features=512, out_features=512, bias=True)
  )
  (ln_1): LayerNorm((512,), eps=1e-05, elementwise_affine=True)
  (mlp): Sequential(
    (c_fc): Linear(in_features=512, out_features=2048, bias=True)
    (gelu): QuickGELU()
    (c_proj): Linear(in_features=2048, out_features=512, bias=True)
  )
  (ln_2): LayerNorm((512,), eps=1e-05, elementwise_affine=True)
)
Residual Attention Block 8: ResidualAttentionBlock(
  (attn): MultiheadAttention(
    (out_proj): NonDynamicallyQuantizableLinear(in_features=512, out_features=512, bias=True)
  )
  (ln_1): LayerNorm((512,), eps=1e-05, elementwise_affine=True)
  (mlp): Sequential(
    (c_fc): Linear(in_features=512, out_features=2048, bias=True)
    (gelu): QuickGELU()
    (c_proj): Linear(in_features=2048, out_features=512, bias=True)
  )
  (ln_2): LayerNorm((512,), eps=1e-05, elementwise_affine=True)
)
Residual Attention Block 9: ResidualAttentionBlock(
  (attn): MultiheadAttention(
    (out_proj): NonDynamicallyQuantizableLinear(in_features=512, out_features=512, bias=True)
  )
  (ln_1): LayerNorm((512,), eps=1e-05, elementwise_affine=True)
  (mlp): Sequential(
    (c_fc): Linear(in_features=512, out_features=2048, bias=True)
    (gelu): QuickGELU()
    (c_proj): Linear(in_features=2048, out_features=512, bias=True)
  )
  (ln_2): LayerNorm((512,), eps=1e-05, elementwise_affine=True)
)
Residual Attention Block 10: ResidualAttentionBlock(
  (attn): MultiheadAttention(
    (out_proj): NonDynamicallyQuantizableLinear(in_features=512, out_features=512, bias=True)
  )
  (ln_1): LayerNorm((512,), eps=1e-05, elementwise_affine=True)
  (mlp): Sequential(
    (c_fc): Linear(in_features=512, out_features=2048, bias=True)
    (gelu): QuickGELU()
    (c_proj): Linear(in_features=2048, out_features=512, bias=True)
  )
  (ln_2): LayerNorm((512,), eps=1e-05, elementwise_affine=True)
)
Residual Attention Block 11: ResidualAttentionBlock(
  (attn): MultiheadAttention(
    (out_proj): NonDynamicallyQuantizableLinear(in_features=512, out_features=512, bias=True)
  )
  (ln_1): LayerNorm((512,), eps=1e-05, elementwise_affine=True)
  (mlp): Sequential(
    (c_fc): Linear(in_features=512, out_features=2048, bias=True)
    (gelu): QuickGELU()
    (c_proj): Linear(in_features=2048, out_features=512, bias=True)
  )
  (ln_2): LayerNorm((512,), eps=1e-05, elementwise_affine=True)
)
Residual Attention Block 0: ResidualAttentionBlock(
  (attn): MultiheadAttention(
    (out_proj): NonDynamicallyQuantizableLinear(in_features=768, out_features=768, bias=True)
  )
  (ln_1): LayerNorm((768,), eps=1e-05, elementwise_affine=True)
  (mlp): Sequential(
    (c_fc): Linear(in_features=768, out_features=3072, bias=True)
    (gelu): QuickGELU()
    (c_proj): Linear(in_features=3072, out_features=768, bias=True)
  )
  (ln_2): LayerNorm((768,), eps=1e-05, elementwise_affine=True)
)
Residual Attention Block 1: ResidualAttentionBlock(
  (attn): MultiheadAttention(
    (out_proj): NonDynamicallyQuantizableLinear(in_features=768, out_features=768, bias=True)
  )
  (ln_1): LayerNorm((768,), eps=1e-05, elementwise_affine=True)
  (mlp): Sequential(
    (c_fc): Linear(in_features=768, out_features=3072, bias=True)
    (gelu): QuickGELU()
    (c_proj): Linear(in_features=3072, out_features=768, bias=True)
  )
  (ln_2): LayerNorm((768,), eps=1e-05, elementwise_affine=True)
)
Residual Attention Block 2: ResidualAttentionBlock(
  (attn): MultiheadAttention(
    (out_proj): NonDynamicallyQuantizableLinear(in_features=768, out_features=768, bias=True)
  )
  (ln_1): LayerNorm((768,), eps=1e-05, elementwise_affine=True)
  (mlp): Sequential(
    (c_fc): Linear(in_features=768, out_features=3072, bias=True)
    (gelu): QuickGELU()
    (c_proj): Linear(in_features=3072, out_features=768, bias=True)
  )
  (ln_2): LayerNorm((768,), eps=1e-05, elementwise_affine=True)
)
Residual Attention Block 3: ResidualAttentionBlock(
  (attn): MultiheadAttention(
    (out_proj): NonDynamicallyQuantizableLinear(in_features=768, out_features=768, bias=True)
  )
  (ln_1): LayerNorm((768,), eps=1e-05, elementwise_affine=True)
  (mlp): Sequential(
    (c_fc): Linear(in_features=768, out_features=3072, bias=True)
    (gelu): QuickGELU()
    (c_proj): Linear(in_features=3072, out_features=768, bias=True)
  )
  (ln_2): LayerNorm((768,), eps=1e-05, elementwise_affine=True)
)
Residual Attention Block 4: ResidualAttentionBlock(
  (attn): MultiheadAttention(
    (out_proj): NonDynamicallyQuantizableLinear(in_features=768, out_features=768, bias=True)
  )
  (ln_1): LayerNorm((768,), eps=1e-05, elementwise_affine=True)
  (mlp): Sequential(
    (c_fc): Linear(in_features=768, out_features=3072, bias=True)
    (gelu): QuickGELU()
    (c_proj): Linear(in_features=3072, out_features=768, bias=True)
  )
  (ln_2): LayerNorm((768,), eps=1e-05, elementwise_affine=True)
)
Residual Attention Block 5: ResidualAttentionBlock(
  (attn): MultiheadAttention(
    (out_proj): NonDynamicallyQuantizableLinear(in_features=768, out_features=768, bias=True)
  )
  (ln_1): LayerNorm((768,), eps=1e-05, elementwise_affine=True)
  (mlp): Sequential(
    (c_fc): Linear(in_features=768, out_features=3072, bias=True)
    (gelu): QuickGELU()
    (c_proj): Linear(in_features=3072, out_features=768, bias=True)
  )
  (ln_2): LayerNorm((768,), eps=1e-05, elementwise_affine=True)
)
Residual Attention Block 6: ResidualAttentionBlock(
  (attn): MultiheadAttention(
    (out_proj): NonDynamicallyQuantizableLinear(in_features=768, out_features=768, bias=True)
  )
  (ln_1): LayerNorm((768,), eps=1e-05, elementwise_affine=True)
  (mlp): Sequential(
    (c_fc): Linear(in_features=768, out_features=3072, bias=True)
    (gelu): QuickGELU()
    (c_proj): Linear(in_features=3072, out_features=768, bias=True)
  )
  (ln_2): LayerNorm((768,), eps=1e-05, elementwise_affine=True)
)
Residual Attention Block 7: ResidualAttentionBlock(
  (attn): MultiheadAttention(
    (out_proj): NonDynamicallyQuantizableLinear(in_features=768, out_features=768, bias=True)
  )
  (ln_1): LayerNorm((768,), eps=1e-05, elementwise_affine=True)
  (mlp): Sequential(
    (c_fc): Linear(in_features=768, out_features=3072, bias=True)
    (gelu): QuickGELU()
    (c_proj): Linear(in_features=3072, out_features=768, bias=True)
  )
  (ln_2): LayerNorm((768,), eps=1e-05, elementwise_affine=True)
)
Residual Attention Block 8: ResidualAttentionBlock(
  (attn): MultiheadAttention(
    (out_proj): NonDynamicallyQuantizableLinear(in_features=768, out_features=768, bias=True)
  )
  (ln_1): LayerNorm((768,), eps=1e-05, elementwise_affine=True)
  (mlp): Sequential(
    (c_fc): Linear(in_features=768, out_features=3072, bias=True)
    (gelu): QuickGELU()
    (c_proj): Linear(in_features=3072, out_features=768, bias=True)
  )
  (ln_2): LayerNorm((768,), eps=1e-05, elementwise_affine=True)
)
Residual Attention Block 9: ResidualAttentionBlock(
  (attn): MultiheadAttention(
    (out_proj): NonDynamicallyQuantizableLinear(in_features=768, out_features=768, bias=True)
  )
  (ln_1): LayerNorm((768,), eps=1e-05, elementwise_affine=True)
  (mlp): Sequential(
    (c_fc): Linear(in_features=768, out_features=3072, bias=True)
    (gelu): QuickGELU()
    (c_proj): Linear(in_features=3072, out_features=768, bias=True)
  )
  (ln_2): LayerNorm((768,), eps=1e-05, elementwise_affine=True)
)
Residual Attention Block 10: ResidualAttentionBlock(
  (attn): MultiheadAttention(
    (out_proj): NonDynamicallyQuantizableLinear(in_features=768, out_features=768, bias=True)
  )
  (ln_1): LayerNorm((768,), eps=1e-05, elementwise_affine=True)
  (mlp): Sequential(
    (c_fc): Linear(in_features=768, out_features=3072, bias=True)
    (gelu): QuickGELU()
    (c_proj): Linear(in_features=3072, out_features=768, bias=True)
  )
  (ln_2): LayerNorm((768,), eps=1e-05, elementwise_affine=True)
)
Residual Attention Block 11: ResidualAttentionBlock(
  (attn): MultiheadAttention(
    (out_proj): NonDynamicallyQuantizableLinear(in_features=768, out_features=768, bias=True)
  )
  (ln_1): LayerNorm((768,), eps=1e-05, elementwise_affine=True)
  (mlp): Sequential(
    (c_fc): Linear(in_features=768, out_features=3072, bias=True)
    (gelu): QuickGELU()
    (c_proj): Linear(in_features=3072, out_features=768, bias=True)
  )
  (ln_2): LayerNorm((768,), eps=1e-05, elementwise_affine=True)
)
Trainable parameters: ['visual.transformer.resblocks.0.attn.q_proj.router.gate.weight', 'visual.transformer.resblocks.0.attn.q_proj.experts.0.w_lora_A', 'visual.transformer.resblocks.0.attn.q_proj.experts.0.w_lora_B', 'visual.transformer.resblocks.0.attn.q_proj.experts.1.w_lora_A', 'visual.transformer.resblocks.0.attn.q_proj.experts.1.w_lora_B', 'visual.transformer.resblocks.0.attn.k_proj.router.gate.weight', 'visual.transformer.resblocks.0.attn.k_proj.experts.0.w_lora_A', 'visual.transformer.resblocks.0.attn.k_proj.experts.0.w_lora_B', 'visual.transformer.resblocks.0.attn.k_proj.experts.1.w_lora_A', 'visual.transformer.resblocks.0.attn.k_proj.experts.1.w_lora_B', 'visual.transformer.resblocks.0.attn.v_proj.router.gate.weight', 'visual.transformer.resblocks.0.attn.v_proj.experts.0.w_lora_A', 'visual.transformer.resblocks.0.attn.v_proj.experts.0.w_lora_B', 'visual.transformer.resblocks.0.attn.v_proj.experts.1.w_lora_A', 'visual.transformer.resblocks.0.attn.v_proj.experts.1.w_lora_B', 'visual.transformer.resblocks.1.attn.q_proj.router.gate.weight', 'visual.transformer.resblocks.1.attn.q_proj.experts.0.w_lora_A', 'visual.transformer.resblocks.1.attn.q_proj.experts.0.w_lora_B', 'visual.transformer.resblocks.1.attn.q_proj.experts.1.w_lora_A', 'visual.transformer.resblocks.1.attn.q_proj.experts.1.w_lora_B', 'visual.transformer.resblocks.1.attn.k_proj.router.gate.weight', 'visual.transformer.resblocks.1.attn.k_proj.experts.0.w_lora_A', 'visual.transformer.resblocks.1.attn.k_proj.experts.0.w_lora_B', 'visual.transformer.resblocks.1.attn.k_proj.experts.1.w_lora_A', 'visual.transformer.resblocks.1.attn.k_proj.experts.1.w_lora_B', 'visual.transformer.resblocks.1.attn.v_proj.router.gate.weight', 'visual.transformer.resblocks.1.attn.v_proj.experts.0.w_lora_A', 'visual.transformer.resblocks.1.attn.v_proj.experts.0.w_lora_B', 'visual.transformer.resblocks.1.attn.v_proj.experts.1.w_lora_A', 'visual.transformer.resblocks.1.attn.v_proj.experts.1.w_lora_B', 'visual.transformer.resblocks.2.attn.q_proj.router.gate.weight', 'visual.transformer.resblocks.2.attn.q_proj.experts.0.w_lora_A', 'visual.transformer.resblocks.2.attn.q_proj.experts.0.w_lora_B', 'visual.transformer.resblocks.2.attn.q_proj.experts.1.w_lora_A', 'visual.transformer.resblocks.2.attn.q_proj.experts.1.w_lora_B', 'visual.transformer.resblocks.2.attn.k_proj.router.gate.weight', 'visual.transformer.resblocks.2.attn.k_proj.experts.0.w_lora_A', 'visual.transformer.resblocks.2.attn.k_proj.experts.0.w_lora_B', 'visual.transformer.resblocks.2.attn.k_proj.experts.1.w_lora_A', 'visual.transformer.resblocks.2.attn.k_proj.experts.1.w_lora_B', 'visual.transformer.resblocks.2.attn.v_proj.router.gate.weight', 'visual.transformer.resblocks.2.attn.v_proj.experts.0.w_lora_A', 'visual.transformer.resblocks.2.attn.v_proj.experts.0.w_lora_B', 'visual.transformer.resblocks.2.attn.v_proj.experts.1.w_lora_A', 'visual.transformer.resblocks.2.attn.v_proj.experts.1.w_lora_B', 'visual.transformer.resblocks.3.attn.q_proj.router.gate.weight', 'visual.transformer.resblocks.3.attn.q_proj.experts.0.w_lora_A', 'visual.transformer.resblocks.3.attn.q_proj.experts.0.w_lora_B', 'visual.transformer.resblocks.3.attn.q_proj.experts.1.w_lora_A', 'visual.transformer.resblocks.3.attn.q_proj.experts.1.w_lora_B', 'visual.transformer.resblocks.3.attn.k_proj.router.gate.weight', 'visual.transformer.resblocks.3.attn.k_proj.experts.0.w_lora_A', 'visual.transformer.resblocks.3.attn.k_proj.experts.0.w_lora_B', 'visual.transformer.resblocks.3.attn.k_proj.experts.1.w_lora_A', 'visual.transformer.resblocks.3.attn.k_proj.experts.1.w_lora_B', 'visual.transformer.resblocks.3.attn.v_proj.router.gate.weight', 'visual.transformer.resblocks.3.attn.v_proj.experts.0.w_lora_A', 'visual.transformer.resblocks.3.attn.v_proj.experts.0.w_lora_B', 'visual.transformer.resblocks.3.attn.v_proj.experts.1.w_lora_A', 'visual.transformer.resblocks.3.attn.v_proj.experts.1.w_lora_B', 'visual.transformer.resblocks.4.attn.q_proj.router.gate.weight', 'visual.transformer.resblocks.4.attn.q_proj.experts.0.w_lora_A', 'visual.transformer.resblocks.4.attn.q_proj.experts.0.w_lora_B', 'visual.transformer.resblocks.4.attn.q_proj.experts.1.w_lora_A', 'visual.transformer.resblocks.4.attn.q_proj.experts.1.w_lora_B', 'visual.transformer.resblocks.4.attn.k_proj.router.gate.weight', 'visual.transformer.resblocks.4.attn.k_proj.experts.0.w_lora_A', 'visual.transformer.resblocks.4.attn.k_proj.experts.0.w_lora_B', 'visual.transformer.resblocks.4.attn.k_proj.experts.1.w_lora_A', 'visual.transformer.resblocks.4.attn.k_proj.experts.1.w_lora_B', 'visual.transformer.resblocks.4.attn.v_proj.router.gate.weight', 'visual.transformer.resblocks.4.attn.v_proj.experts.0.w_lora_A', 'visual.transformer.resblocks.4.attn.v_proj.experts.0.w_lora_B', 'visual.transformer.resblocks.4.attn.v_proj.experts.1.w_lora_A', 'visual.transformer.resblocks.4.attn.v_proj.experts.1.w_lora_B', 'visual.transformer.resblocks.5.attn.q_proj.router.gate.weight', 'visual.transformer.resblocks.5.attn.q_proj.experts.0.w_lora_A', 'visual.transformer.resblocks.5.attn.q_proj.experts.0.w_lora_B', 'visual.transformer.resblocks.5.attn.q_proj.experts.1.w_lora_A', 'visual.transformer.resblocks.5.attn.q_proj.experts.1.w_lora_B', 'visual.transformer.resblocks.5.attn.k_proj.router.gate.weight', 'visual.transformer.resblocks.5.attn.k_proj.experts.0.w_lora_A', 'visual.transformer.resblocks.5.attn.k_proj.experts.0.w_lora_B', 'visual.transformer.resblocks.5.attn.k_proj.experts.1.w_lora_A', 'visual.transformer.resblocks.5.attn.k_proj.experts.1.w_lora_B', 'visual.transformer.resblocks.5.attn.v_proj.router.gate.weight', 'visual.transformer.resblocks.5.attn.v_proj.experts.0.w_lora_A', 'visual.transformer.resblocks.5.attn.v_proj.experts.0.w_lora_B', 'visual.transformer.resblocks.5.attn.v_proj.experts.1.w_lora_A', 'visual.transformer.resblocks.5.attn.v_proj.experts.1.w_lora_B', 'visual.transformer.resblocks.6.attn.q_proj.router.gate.weight', 'visual.transformer.resblocks.6.attn.q_proj.experts.0.w_lora_A', 'visual.transformer.resblocks.6.attn.q_proj.experts.0.w_lora_B', 'visual.transformer.resblocks.6.attn.q_proj.experts.1.w_lora_A', 'visual.transformer.resblocks.6.attn.q_proj.experts.1.w_lora_B', 'visual.transformer.resblocks.6.attn.k_proj.router.gate.weight', 'visual.transformer.resblocks.6.attn.k_proj.experts.0.w_lora_A', 'visual.transformer.resblocks.6.attn.k_proj.experts.0.w_lora_B', 'visual.transformer.resblocks.6.attn.k_proj.experts.1.w_lora_A', 'visual.transformer.resblocks.6.attn.k_proj.experts.1.w_lora_B', 'visual.transformer.resblocks.6.attn.v_proj.router.gate.weight', 'visual.transformer.resblocks.6.attn.v_proj.experts.0.w_lora_A', 'visual.transformer.resblocks.6.attn.v_proj.experts.0.w_lora_B', 'visual.transformer.resblocks.6.attn.v_proj.experts.1.w_lora_A', 'visual.transformer.resblocks.6.attn.v_proj.experts.1.w_lora_B', 'visual.transformer.resblocks.7.attn.q_proj.router.gate.weight', 'visual.transformer.resblocks.7.attn.q_proj.experts.0.w_lora_A', 'visual.transformer.resblocks.7.attn.q_proj.experts.0.w_lora_B', 'visual.transformer.resblocks.7.attn.q_proj.experts.1.w_lora_A', 'visual.transformer.resblocks.7.attn.q_proj.experts.1.w_lora_B', 'visual.transformer.resblocks.7.attn.k_proj.router.gate.weight', 'visual.transformer.resblocks.7.attn.k_proj.experts.0.w_lora_A', 'visual.transformer.resblocks.7.attn.k_proj.experts.0.w_lora_B', 'visual.transformer.resblocks.7.attn.k_proj.experts.1.w_lora_A', 'visual.transformer.resblocks.7.attn.k_proj.experts.1.w_lora_B', 'visual.transformer.resblocks.7.attn.v_proj.router.gate.weight', 'visual.transformer.resblocks.7.attn.v_proj.experts.0.w_lora_A', 'visual.transformer.resblocks.7.attn.v_proj.experts.0.w_lora_B', 'visual.transformer.resblocks.7.attn.v_proj.experts.1.w_lora_A', 'visual.transformer.resblocks.7.attn.v_proj.experts.1.w_lora_B', 'visual.transformer.resblocks.8.attn.q_proj.router.gate.weight', 'visual.transformer.resblocks.8.attn.q_proj.experts.0.w_lora_A', 'visual.transformer.resblocks.8.attn.q_proj.experts.0.w_lora_B', 'visual.transformer.resblocks.8.attn.q_proj.experts.1.w_lora_A', 'visual.transformer.resblocks.8.attn.q_proj.experts.1.w_lora_B', 'visual.transformer.resblocks.8.attn.k_proj.router.gate.weight', 'visual.transformer.resblocks.8.attn.k_proj.experts.0.w_lora_A', 'visual.transformer.resblocks.8.attn.k_proj.experts.0.w_lora_B', 'visual.transformer.resblocks.8.attn.k_proj.experts.1.w_lora_A', 'visual.transformer.resblocks.8.attn.k_proj.experts.1.w_lora_B', 'visual.transformer.resblocks.8.attn.v_proj.router.gate.weight', 'visual.transformer.resblocks.8.attn.v_proj.experts.0.w_lora_A', 'visual.transformer.resblocks.8.attn.v_proj.experts.0.w_lora_B', 'visual.transformer.resblocks.8.attn.v_proj.experts.1.w_lora_A', 'visual.transformer.resblocks.8.attn.v_proj.experts.1.w_lora_B', 'visual.transformer.resblocks.9.attn.q_proj.router.gate.weight', 'visual.transformer.resblocks.9.attn.q_proj.experts.0.w_lora_A', 'visual.transformer.resblocks.9.attn.q_proj.experts.0.w_lora_B', 'visual.transformer.resblocks.9.attn.q_proj.experts.1.w_lora_A', 'visual.transformer.resblocks.9.attn.q_proj.experts.1.w_lora_B', 'visual.transformer.resblocks.9.attn.k_proj.router.gate.weight', 'visual.transformer.resblocks.9.attn.k_proj.experts.0.w_lora_A', 'visual.transformer.resblocks.9.attn.k_proj.experts.0.w_lora_B', 'visual.transformer.resblocks.9.attn.k_proj.experts.1.w_lora_A', 'visual.transformer.resblocks.9.attn.k_proj.experts.1.w_lora_B', 'visual.transformer.resblocks.9.attn.v_proj.router.gate.weight', 'visual.transformer.resblocks.9.attn.v_proj.experts.0.w_lora_A', 'visual.transformer.resblocks.9.attn.v_proj.experts.0.w_lora_B', 'visual.transformer.resblocks.9.attn.v_proj.experts.1.w_lora_A', 'visual.transformer.resblocks.9.attn.v_proj.experts.1.w_lora_B', 'visual.transformer.resblocks.10.attn.q_proj.router.gate.weight', 'visual.transformer.resblocks.10.attn.q_proj.experts.0.w_lora_A', 'visual.transformer.resblocks.10.attn.q_proj.experts.0.w_lora_B', 'visual.transformer.resblocks.10.attn.q_proj.experts.1.w_lora_A', 'visual.transformer.resblocks.10.attn.q_proj.experts.1.w_lora_B', 'visual.transformer.resblocks.10.attn.k_proj.router.gate.weight', 'visual.transformer.resblocks.10.attn.k_proj.experts.0.w_lora_A', 'visual.transformer.resblocks.10.attn.k_proj.experts.0.w_lora_B', 'visual.transformer.resblocks.10.attn.k_proj.experts.1.w_lora_A', 'visual.transformer.resblocks.10.attn.k_proj.experts.1.w_lora_B', 'visual.transformer.resblocks.10.attn.v_proj.router.gate.weight', 'visual.transformer.resblocks.10.attn.v_proj.experts.0.w_lora_A', 'visual.transformer.resblocks.10.attn.v_proj.experts.0.w_lora_B', 'visual.transformer.resblocks.10.attn.v_proj.experts.1.w_lora_A', 'visual.transformer.resblocks.10.attn.v_proj.experts.1.w_lora_B', 'visual.transformer.resblocks.11.attn.q_proj.router.gate.weight', 'visual.transformer.resblocks.11.attn.q_proj.experts.0.w_lora_A', 'visual.transformer.resblocks.11.attn.q_proj.experts.0.w_lora_B', 'visual.transformer.resblocks.11.attn.q_proj.experts.1.w_lora_A', 'visual.transformer.resblocks.11.attn.q_proj.experts.1.w_lora_B', 'visual.transformer.resblocks.11.attn.k_proj.router.gate.weight', 'visual.transformer.resblocks.11.attn.k_proj.experts.0.w_lora_A', 'visual.transformer.resblocks.11.attn.k_proj.experts.0.w_lora_B', 'visual.transformer.resblocks.11.attn.k_proj.experts.1.w_lora_A', 'visual.transformer.resblocks.11.attn.k_proj.experts.1.w_lora_B', 'visual.transformer.resblocks.11.attn.v_proj.router.gate.weight', 'visual.transformer.resblocks.11.attn.v_proj.experts.0.w_lora_A', 'visual.transformer.resblocks.11.attn.v_proj.experts.0.w_lora_B', 'visual.transformer.resblocks.11.attn.v_proj.experts.1.w_lora_A', 'visual.transformer.resblocks.11.attn.v_proj.experts.1.w_lora_B', 'transformer.resblocks.0.attn.q_proj.router.gate.weight', 'transformer.resblocks.0.attn.q_proj.experts.0.w_lora_A', 'transformer.resblocks.0.attn.q_proj.experts.0.w_lora_B', 'transformer.resblocks.0.attn.q_proj.experts.1.w_lora_A', 'transformer.resblocks.0.attn.q_proj.experts.1.w_lora_B', 'transformer.resblocks.0.attn.k_proj.router.gate.weight', 'transformer.resblocks.0.attn.k_proj.experts.0.w_lora_A', 'transformer.resblocks.0.attn.k_proj.experts.0.w_lora_B', 'transformer.resblocks.0.attn.k_proj.experts.1.w_lora_A', 'transformer.resblocks.0.attn.k_proj.experts.1.w_lora_B', 'transformer.resblocks.0.attn.v_proj.router.gate.weight', 'transformer.resblocks.0.attn.v_proj.experts.0.w_lora_A', 'transformer.resblocks.0.attn.v_proj.experts.0.w_lora_B', 'transformer.resblocks.0.attn.v_proj.experts.1.w_lora_A', 'transformer.resblocks.0.attn.v_proj.experts.1.w_lora_B', 'transformer.resblocks.1.attn.q_proj.router.gate.weight', 'transformer.resblocks.1.attn.q_proj.experts.0.w_lora_A', 'transformer.resblocks.1.attn.q_proj.experts.0.w_lora_B', 'transformer.resblocks.1.attn.q_proj.experts.1.w_lora_A', 'transformer.resblocks.1.attn.q_proj.experts.1.w_lora_B', 'transformer.resblocks.1.attn.k_proj.router.gate.weight', 'transformer.resblocks.1.attn.k_proj.experts.0.w_lora_A', 'transformer.resblocks.1.attn.k_proj.experts.0.w_lora_B', 'transformer.resblocks.1.attn.k_proj.experts.1.w_lora_A', 'transformer.resblocks.1.attn.k_proj.experts.1.w_lora_B', 'transformer.resblocks.1.attn.v_proj.router.gate.weight', 'transformer.resblocks.1.attn.v_proj.experts.0.w_lora_A', 'transformer.resblocks.1.attn.v_proj.experts.0.w_lora_B', 'transformer.resblocks.1.attn.v_proj.experts.1.w_lora_A', 'transformer.resblocks.1.attn.v_proj.experts.1.w_lora_B', 'transformer.resblocks.2.attn.q_proj.router.gate.weight', 'transformer.resblocks.2.attn.q_proj.experts.0.w_lora_A', 'transformer.resblocks.2.attn.q_proj.experts.0.w_lora_B', 'transformer.resblocks.2.attn.q_proj.experts.1.w_lora_A', 'transformer.resblocks.2.attn.q_proj.experts.1.w_lora_B', 'transformer.resblocks.2.attn.k_proj.router.gate.weight', 'transformer.resblocks.2.attn.k_proj.experts.0.w_lora_A', 'transformer.resblocks.2.attn.k_proj.experts.0.w_lora_B', 'transformer.resblocks.2.attn.k_proj.experts.1.w_lora_A', 'transformer.resblocks.2.attn.k_proj.experts.1.w_lora_B', 'transformer.resblocks.2.attn.v_proj.router.gate.weight', 'transformer.resblocks.2.attn.v_proj.experts.0.w_lora_A', 'transformer.resblocks.2.attn.v_proj.experts.0.w_lora_B', 'transformer.resblocks.2.attn.v_proj.experts.1.w_lora_A', 'transformer.resblocks.2.attn.v_proj.experts.1.w_lora_B', 'transformer.resblocks.3.attn.q_proj.router.gate.weight', 'transformer.resblocks.3.attn.q_proj.experts.0.w_lora_A', 'transformer.resblocks.3.attn.q_proj.experts.0.w_lora_B', 'transformer.resblocks.3.attn.q_proj.experts.1.w_lora_A', 'transformer.resblocks.3.attn.q_proj.experts.1.w_lora_B', 'transformer.resblocks.3.attn.k_proj.router.gate.weight', 'transformer.resblocks.3.attn.k_proj.experts.0.w_lora_A', 'transformer.resblocks.3.attn.k_proj.experts.0.w_lora_B', 'transformer.resblocks.3.attn.k_proj.experts.1.w_lora_A', 'transformer.resblocks.3.attn.k_proj.experts.1.w_lora_B', 'transformer.resblocks.3.attn.v_proj.router.gate.weight', 'transformer.resblocks.3.attn.v_proj.experts.0.w_lora_A', 'transformer.resblocks.3.attn.v_proj.experts.0.w_lora_B', 'transformer.resblocks.3.attn.v_proj.experts.1.w_lora_A', 'transformer.resblocks.3.attn.v_proj.experts.1.w_lora_B', 'transformer.resblocks.4.attn.q_proj.router.gate.weight', 'transformer.resblocks.4.attn.q_proj.experts.0.w_lora_A', 'transformer.resblocks.4.attn.q_proj.experts.0.w_lora_B', 'transformer.resblocks.4.attn.q_proj.experts.1.w_lora_A', 'transformer.resblocks.4.attn.q_proj.experts.1.w_lora_B', 'transformer.resblocks.4.attn.k_proj.router.gate.weight', 'transformer.resblocks.4.attn.k_proj.experts.0.w_lora_A', 'transformer.resblocks.4.attn.k_proj.experts.0.w_lora_B', 'transformer.resblocks.4.attn.k_proj.experts.1.w_lora_A', 'transformer.resblocks.4.attn.k_proj.experts.1.w_lora_B', 'transformer.resblocks.4.attn.v_proj.router.gate.weight', 'transformer.resblocks.4.attn.v_proj.experts.0.w_lora_A', 'transformer.resblocks.4.attn.v_proj.experts.0.w_lora_B', 'transformer.resblocks.4.attn.v_proj.experts.1.w_lora_A', 'transformer.resblocks.4.attn.v_proj.experts.1.w_lora_B', 'transformer.resblocks.5.attn.q_proj.router.gate.weight', 'transformer.resblocks.5.attn.q_proj.experts.0.w_lora_A', 'transformer.resblocks.5.attn.q_proj.experts.0.w_lora_B', 'transformer.resblocks.5.attn.q_proj.experts.1.w_lora_A', 'transformer.resblocks.5.attn.q_proj.experts.1.w_lora_B', 'transformer.resblocks.5.attn.k_proj.router.gate.weight', 'transformer.resblocks.5.attn.k_proj.experts.0.w_lora_A', 'transformer.resblocks.5.attn.k_proj.experts.0.w_lora_B', 'transformer.resblocks.5.attn.k_proj.experts.1.w_lora_A', 'transformer.resblocks.5.attn.k_proj.experts.1.w_lora_B', 'transformer.resblocks.5.attn.v_proj.router.gate.weight', 'transformer.resblocks.5.attn.v_proj.experts.0.w_lora_A', 'transformer.resblocks.5.attn.v_proj.experts.0.w_lora_B', 'transformer.resblocks.5.attn.v_proj.experts.1.w_lora_A', 'transformer.resblocks.5.attn.v_proj.experts.1.w_lora_B', 'transformer.resblocks.6.attn.q_proj.router.gate.weight', 'transformer.resblocks.6.attn.q_proj.experts.0.w_lora_A', 'transformer.resblocks.6.attn.q_proj.experts.0.w_lora_B', 'transformer.resblocks.6.attn.q_proj.experts.1.w_lora_A', 'transformer.resblocks.6.attn.q_proj.experts.1.w_lora_B', 'transformer.resblocks.6.attn.k_proj.router.gate.weight', 'transformer.resblocks.6.attn.k_proj.experts.0.w_lora_A', 'transformer.resblocks.6.attn.k_proj.experts.0.w_lora_B', 'transformer.resblocks.6.attn.k_proj.experts.1.w_lora_A', 'transformer.resblocks.6.attn.k_proj.experts.1.w_lora_B', 'transformer.resblocks.6.attn.v_proj.router.gate.weight', 'transformer.resblocks.6.attn.v_proj.experts.0.w_lora_A', 'transformer.resblocks.6.attn.v_proj.experts.0.w_lora_B', 'transformer.resblocks.6.attn.v_proj.experts.1.w_lora_A', 'transformer.resblocks.6.attn.v_proj.experts.1.w_lora_B', 'transformer.resblocks.7.attn.q_proj.router.gate.weight', 'transformer.resblocks.7.attn.q_proj.experts.0.w_lora_A', 'transformer.resblocks.7.attn.q_proj.experts.0.w_lora_B', 'transformer.resblocks.7.attn.q_proj.experts.1.w_lora_A', 'transformer.resblocks.7.attn.q_proj.experts.1.w_lora_B', 'transformer.resblocks.7.attn.k_proj.router.gate.weight', 'transformer.resblocks.7.attn.k_proj.experts.0.w_lora_A', 'transformer.resblocks.7.attn.k_proj.experts.0.w_lora_B', 'transformer.resblocks.7.attn.k_proj.experts.1.w_lora_A', 'transformer.resblocks.7.attn.k_proj.experts.1.w_lora_B', 'transformer.resblocks.7.attn.v_proj.router.gate.weight', 'transformer.resblocks.7.attn.v_proj.experts.0.w_lora_A', 'transformer.resblocks.7.attn.v_proj.experts.0.w_lora_B', 'transformer.resblocks.7.attn.v_proj.experts.1.w_lora_A', 'transformer.resblocks.7.attn.v_proj.experts.1.w_lora_B', 'transformer.resblocks.8.attn.q_proj.router.gate.weight', 'transformer.resblocks.8.attn.q_proj.experts.0.w_lora_A', 'transformer.resblocks.8.attn.q_proj.experts.0.w_lora_B', 'transformer.resblocks.8.attn.q_proj.experts.1.w_lora_A', 'transformer.resblocks.8.attn.q_proj.experts.1.w_lora_B', 'transformer.resblocks.8.attn.k_proj.router.gate.weight', 'transformer.resblocks.8.attn.k_proj.experts.0.w_lora_A', 'transformer.resblocks.8.attn.k_proj.experts.0.w_lora_B', 'transformer.resblocks.8.attn.k_proj.experts.1.w_lora_A', 'transformer.resblocks.8.attn.k_proj.experts.1.w_lora_B', 'transformer.resblocks.8.attn.v_proj.router.gate.weight', 'transformer.resblocks.8.attn.v_proj.experts.0.w_lora_A', 'transformer.resblocks.8.attn.v_proj.experts.0.w_lora_B', 'transformer.resblocks.8.attn.v_proj.experts.1.w_lora_A', 'transformer.resblocks.8.attn.v_proj.experts.1.w_lora_B', 'transformer.resblocks.9.attn.q_proj.router.gate.weight', 'transformer.resblocks.9.attn.q_proj.experts.0.w_lora_A', 'transformer.resblocks.9.attn.q_proj.experts.0.w_lora_B', 'transformer.resblocks.9.attn.q_proj.experts.1.w_lora_A', 'transformer.resblocks.9.attn.q_proj.experts.1.w_lora_B', 'transformer.resblocks.9.attn.k_proj.router.gate.weight', 'transformer.resblocks.9.attn.k_proj.experts.0.w_lora_A', 'transformer.resblocks.9.attn.k_proj.experts.0.w_lora_B', 'transformer.resblocks.9.attn.k_proj.experts.1.w_lora_A', 'transformer.resblocks.9.attn.k_proj.experts.1.w_lora_B', 'transformer.resblocks.9.attn.v_proj.router.gate.weight', 'transformer.resblocks.9.attn.v_proj.experts.0.w_lora_A', 'transformer.resblocks.9.attn.v_proj.experts.0.w_lora_B', 'transformer.resblocks.9.attn.v_proj.experts.1.w_lora_A', 'transformer.resblocks.9.attn.v_proj.experts.1.w_lora_B', 'transformer.resblocks.10.attn.q_proj.router.gate.weight', 'transformer.resblocks.10.attn.q_proj.experts.0.w_lora_A', 'transformer.resblocks.10.attn.q_proj.experts.0.w_lora_B', 'transformer.resblocks.10.attn.q_proj.experts.1.w_lora_A', 'transformer.resblocks.10.attn.q_proj.experts.1.w_lora_B', 'transformer.resblocks.10.attn.k_proj.router.gate.weight', 'transformer.resblocks.10.attn.k_proj.experts.0.w_lora_A', 'transformer.resblocks.10.attn.k_proj.experts.0.w_lora_B', 'transformer.resblocks.10.attn.k_proj.experts.1.w_lora_A', 'transformer.resblocks.10.attn.k_proj.experts.1.w_lora_B', 'transformer.resblocks.10.attn.v_proj.router.gate.weight', 'transformer.resblocks.10.attn.v_proj.experts.0.w_lora_A', 'transformer.resblocks.10.attn.v_proj.experts.0.w_lora_B', 'transformer.resblocks.10.attn.v_proj.experts.1.w_lora_A', 'transformer.resblocks.10.attn.v_proj.experts.1.w_lora_B', 'transformer.resblocks.11.attn.q_proj.router.gate.weight', 'transformer.resblocks.11.attn.q_proj.experts.0.w_lora_A', 'transformer.resblocks.11.attn.q_proj.experts.0.w_lora_B', 'transformer.resblocks.11.attn.q_proj.experts.1.w_lora_A', 'transformer.resblocks.11.attn.q_proj.experts.1.w_lora_B', 'transformer.resblocks.11.attn.k_proj.router.gate.weight', 'transformer.resblocks.11.attn.k_proj.experts.0.w_lora_A', 'transformer.resblocks.11.attn.k_proj.experts.0.w_lora_B', 'transformer.resblocks.11.attn.k_proj.experts.1.w_lora_A', 'transformer.resblocks.11.attn.k_proj.experts.1.w_lora_B', 'transformer.resblocks.11.attn.v_proj.router.gate.weight', 'transformer.resblocks.11.attn.v_proj.experts.0.w_lora_A', 'transformer.resblocks.11.attn.v_proj.experts.0.w_lora_B', 'transformer.resblocks.11.attn.v_proj.experts.1.w_lora_A', 'transformer.resblocks.11.attn.v_proj.experts.1.w_lora_B']
LR: 0.000200, Acc: 70.2703, Loss: 0.9885
LR: 0.000200, Acc: 74.3243, Loss: 0.9623
LR: 0.000200, Acc: 72.6351, Loss: 0.9478
LR: 0.000200, Acc: 77.3649, Loss: 0.7560
LR: 0.000200, Acc: 77.0270, Loss: 0.7517
LR: 0.000200, Acc: 79.0541, Loss: 0.6776
LR: 0.000200, Acc: 80.0676, Loss: 0.5974
LR: 0.000200, Acc: 77.3649, Loss: 0.7000
LR: 0.000200, Acc: 78.7162, Loss: 0.6069
LR: 0.000200, Acc: 79.7297, Loss: 0.6713
LR: 0.000200, Acc: 81.4189, Loss: 0.5594
LR: 0.000200, Acc: 85.1351, Loss: 0.5153
LR: 0.000199, Acc: 81.7568, Loss: 0.5387
LR: 0.000199, Acc: 86.4865, Loss: 0.4616
LR: 0.000199, Acc: 83.4459, Loss: 0.5400
LR: 0.000199, Acc: 85.8108, Loss: 0.4943
LR: 0.000199, Acc: 90.2027, Loss: 0.3147
LR: 0.000199, Acc: 83.7838, Loss: 0.4803
LR: 0.000199, Acc: 86.1486, Loss: 0.4200
LR: 0.000199, Acc: 82.7703, Loss: 0.5309
LR: 0.000199, Acc: 88.8514, Loss: 0.3649
LR: 0.000199, Acc: 84.1216, Loss: 0.5354
LR: 0.000198, Acc: 87.5000, Loss: 0.4040
LR: 0.000198, Acc: 86.1486, Loss: 0.3445
LR: 0.000198, Acc: 90.2027, Loss: 0.3764
LR: 0.000198, Acc: 90.2027, Loss: 0.3408
LR: 0.000198, Acc: 87.1622, Loss: 0.4279
LR: 0.000198, Acc: 87.1622, Loss: 0.4062
LR: 0.000197, Acc: 90.8784, Loss: 0.3294
LR: 0.000197, Acc: 88.5135, Loss: 0.3896
LR: 0.000197, Acc: 90.8784, Loss: 0.3109
LR: 0.000197, Acc: 86.4865, Loss: 0.4341
LR: 0.000197, Acc: 87.8378, Loss: 0.3450
LR: 0.000196, Acc: 88.5135, Loss: 0.3616
LR: 0.000196, Acc: 92.5676, Loss: 0.2957
LR: 0.000196, Acc: 88.8514, Loss: 0.4143
LR: 0.000196, Acc: 90.2027, Loss: 0.3112
LR: 0.000196, Acc: 93.2432, Loss: 0.2579
LR: 0.000195, Acc: 91.8919, Loss: 0.2906
LR: 0.000195, Acc: 89.5270, Loss: 0.3407
LR: 0.000195, Acc: 91.2162, Loss: 0.3378
LR: 0.000195, Acc: 89.5270, Loss: 0.2880
LR: 0.000194, Acc: 90.2027, Loss: 0.3446
LR: 0.000194, Acc: 88.1757, Loss: 0.3692
LR: 0.000194, Acc: 91.8919, Loss: 0.3189
LR: 0.000194, Acc: 91.2162, Loss: 0.3134
LR: 0.000193, Acc: 91.2162, Loss: 0.2899
LR: 0.000193, Acc: 93.5811, Loss: 0.1984
LR: 0.000193, Acc: 91.8919, Loss: 0.3171
LR: 0.000192, Acc: 93.9189, Loss: 0.2138
LR: 0.000192, Acc: 91.2162, Loss: 0.2736
LR: 0.000192, Acc: 92.9054, Loss: 0.2156
LR: 0.000192, Acc: 92.9054, Loss: 0.2638
LR: 0.000191, Acc: 93.5811, Loss: 0.2177
LR: 0.000191, Acc: 89.5270, Loss: 0.3159
LR: 0.000191, Acc: 91.5541, Loss: 0.2268
LR: 0.000190, Acc: 93.2432, Loss: 0.2221
LR: 0.000190, Acc: 92.5676, Loss: 0.2562
LR: 0.000190, Acc: 90.8784, Loss: 0.3466
LR: 0.000189, Acc: 89.8649, Loss: 0.3601
LR: 0.000189, Acc: 93.9189, Loss: 0.2221
LR: 0.000188, Acc: 94.5946, Loss: 0.1811
LR: 0.000188, Acc: 91.5541, Loss: 0.2388
LR: 0.000188, Acc: 92.5676, Loss: 0.2768
LR: 0.000187, Acc: 92.5676, Loss: 0.2782
LR: 0.000187, Acc: 93.5811, Loss: 0.2480
LR: 0.000187, Acc: 93.5811, Loss: 0.2484
LR: 0.000186, Acc: 94.9324, Loss: 0.1808
LR: 0.000186, Acc: 95.6081, Loss: 0.1724
LR: 0.000185, Acc: 94.9324, Loss: 0.1868
LR: 0.000185, Acc: 93.5811, Loss: 0.2281
LR: 0.000185, Acc: 90.8784, Loss: 0.2871
LR: 0.000184, Acc: 93.5811, Loss: 0.2639
LR: 0.000184, Acc: 91.8919, Loss: 0.2759
LR: 0.000183, Acc: 96.2838, Loss: 0.1884
LR: 0.000183, Acc: 96.6216, Loss: 0.1582
LR: 0.000182, Acc: 92.5676, Loss: 0.2587
LR: 0.000182, Acc: 91.8919, Loss: 0.2376
LR: 0.000181, Acc: 92.9054, Loss: 0.2237
LR: 0.000181, Acc: 94.2568, Loss: 0.1839
LR: 0.000181, Acc: 94.2568, Loss: 0.2068
LR: 0.000180, Acc: 95.2703, Loss: 0.1841
LR: 0.000180, Acc: 95.6081, Loss: 0.1533
LR: 0.000179, Acc: 91.5541, Loss: 0.2556
LR: 0.000179, Acc: 95.2703, Loss: 0.2088
LR: 0.000178, Acc: 95.9459, Loss: 0.1626
LR: 0.000178, Acc: 93.2432, Loss: 0.2087
LR: 0.000177, Acc: 94.9324, Loss: 0.1910
LR: 0.000177, Acc: 90.8784, Loss: 0.2468
LR: 0.000176, Acc: 93.5811, Loss: 0.2304
LR: 0.000176, Acc: 94.2568, Loss: 0.1755
LR: 0.000175, Acc: 95.9459, Loss: 0.1447
LR: 0.000175, Acc: 95.6081, Loss: 0.1455
LR: 0.000174, Acc: 95.6081, Loss: 0.1701
LR: 0.000174, Acc: 96.9595, Loss: 0.1516
LR: 0.000173, Acc: 93.9189, Loss: 0.2176
LR: 0.000172, Acc: 95.2703, Loss: 0.1650
LR: 0.000172, Acc: 96.2838, Loss: 0.1581
LR: 0.000171, Acc: 93.5811, Loss: 0.2127
LR: 0.000171, Acc: 96.2838, Loss: 0.1328
LR: 0.000170, Acc: 95.9459, Loss: 0.1734
LR: 0.000170, Acc: 93.5811, Loss: 0.1919
LR: 0.000169, Acc: 95.9459, Loss: 0.1638
LR: 0.000169, Acc: 94.5946, Loss: 0.1452
LR: 0.000168, Acc: 95.9459, Loss: 0.1427
LR: 0.000167, Acc: 94.5946, Loss: 0.1612
LR: 0.000167, Acc: 97.2973, Loss: 0.1148
LR: 0.000166, Acc: 94.9324, Loss: 0.1727
LR: 0.000166, Acc: 95.6081, Loss: 0.1418
LR: 0.000165, Acc: 93.5811, Loss: 0.2289
LR: 0.000165, Acc: 95.6081, Loss: 0.1612
LR: 0.000164, Acc: 93.9189, Loss: 0.2097
LR: 0.000163, Acc: 95.2703, Loss: 0.1587
LR: 0.000163, Acc: 93.2432, Loss: 0.2482
LR: 0.000162, Acc: 96.6216, Loss: 0.1334
LR: 0.000161, Acc: 96.9595, Loss: 0.1549
LR: 0.000161, Acc: 96.6216, Loss: 0.1221
LR: 0.000160, Acc: 94.2568, Loss: 0.1768
LR: 0.000160, Acc: 96.9595, Loss: 0.1225
LR: 0.000159, Acc: 95.9459, Loss: 0.1565
LR: 0.000158, Acc: 93.9189, Loss: 0.2414
LR: 0.000158, Acc: 94.9324, Loss: 0.1781
LR: 0.000157, Acc: 94.5946, Loss: 0.1788
LR: 0.000156, Acc: 95.9459, Loss: 0.1630
LR: 0.000156, Acc: 93.2432, Loss: 0.1845
LR: 0.000155, Acc: 93.5811, Loss: 0.2329
LR: 0.000154, Acc: 96.9595, Loss: 0.0910
LR: 0.000154, Acc: 95.6081, Loss: 0.1507
LR: 0.000153, Acc: 95.2703, Loss: 0.1533
LR: 0.000152, Acc: 95.9459, Loss: 0.1514
LR: 0.000152, Acc: 94.9324, Loss: 0.1656
LR: 0.000151, Acc: 94.5946, Loss: 0.1757
LR: 0.000150, Acc: 94.5946, Loss: 0.1676
LR: 0.000150, Acc: 94.9324, Loss: 0.1514
LR: 0.000149, Acc: 94.2568, Loss: 0.1649
LR: 0.000148, Acc: 97.2973, Loss: 0.0908
LR: 0.000148, Acc: 96.2838, Loss: 0.1229
LR: 0.000147, Acc: 96.9595, Loss: 0.0913
LR: 0.000146, Acc: 94.2568, Loss: 0.1538
LR: 0.000146, Acc: 93.9189, Loss: 0.2162
LR: 0.000145, Acc: 94.9324, Loss: 0.1598
LR: 0.000144, Acc: 95.2703, Loss: 0.1626
LR: 0.000144, Acc: 96.9595, Loss: 0.1091
LR: 0.000143, Acc: 93.5811, Loss: 0.1885
LR: 0.000142, Acc: 96.2838, Loss: 0.1392
LR: 0.000141, Acc: 96.6216, Loss: 0.1198
LR: 0.000141, Acc: 95.9459, Loss: 0.1191
LR: 0.000140, Acc: 96.2838, Loss: 0.1277
LR: 0.000139, Acc: 97.6351, Loss: 0.1225
LR: 0.000139, Acc: 97.6351, Loss: 0.1219
LR: 0.000138, Acc: 94.5946, Loss: 0.1487
LR: 0.000137, Acc: 93.9189, Loss: 0.1763
LR: 0.000136, Acc: 96.9595, Loss: 0.0941
LR: 0.000136, Acc: 94.5946, Loss: 0.1688
LR: 0.000135, Acc: 96.2838, Loss: 0.1015
LR: 0.000134, Acc: 95.9459, Loss: 0.1170
LR: 0.000133, Acc: 95.2703, Loss: 0.1701
LR: 0.000133, Acc: 94.9324, Loss: 0.1671
LR: 0.000132, Acc: 96.2838, Loss: 0.1686
LR: 0.000131, Acc: 95.6081, Loss: 0.1527
LR: 0.000131, Acc: 96.9595, Loss: 0.1340
LR: 0.000130, Acc: 96.2838, Loss: 0.1121
LR: 0.000129, Acc: 94.9324, Loss: 0.1828
LR: 0.000128, Acc: 94.2568, Loss: 0.1712
LR: 0.000128, Acc: 96.2838, Loss: 0.1214
LR: 0.000127, Acc: 94.2568, Loss: 0.1867
LR: 0.000126, Acc: 96.9595, Loss: 0.1135
LR: 0.000125, Acc: 92.5676, Loss: 0.2054
LR: 0.000124, Acc: 95.9459, Loss: 0.1631
LR: 0.000124, Acc: 94.9324, Loss: 0.1767
LR: 0.000123, Acc: 94.2568, Loss: 0.1587
LR: 0.000122, Acc: 96.6216, Loss: 0.0980
LR: 0.000121, Acc: 95.9459, Loss: 0.1380
LR: 0.000121, Acc: 97.2973, Loss: 0.1026
LR: 0.000120, Acc: 98.6486, Loss: 0.0589
LR: 0.000119, Acc: 97.9730, Loss: 0.0904
LR: 0.000118, Acc: 94.9324, Loss: 0.1593
LR: 0.000118, Acc: 95.6081, Loss: 0.1127
LR: 0.000117, Acc: 96.6216, Loss: 0.1241
LR: 0.000116, Acc: 95.2703, Loss: 0.1802
LR: 0.000115, Acc: 93.9189, Loss: 0.2181
LR: 0.000115, Acc: 96.9595, Loss: 0.1332
LR: 0.000114, Acc: 94.9324, Loss: 0.1950
LR: 0.000113, Acc: 95.9459, Loss: 0.1238
LR: 0.000112, Acc: 95.9459, Loss: 0.1205
LR: 0.000111, Acc: 93.9189, Loss: 0.1984
LR: 0.000111, Acc: 94.2568, Loss: 0.1935
LR: 0.000110, Acc: 95.9459, Loss: 0.1700
LR: 0.000109, Acc: 96.9595, Loss: 0.1042
LR: 0.000108, Acc: 97.2973, Loss: 0.0968
LR: 0.000108, Acc: 96.6216, Loss: 0.1014
LR: 0.000107, Acc: 92.9054, Loss: 0.2456
LR: 0.000106, Acc: 98.3108, Loss: 0.0876
LR: 0.000105, Acc: 95.2703, Loss: 0.1617
LR: 0.000104, Acc: 95.9459, Loss: 0.1125
LR: 0.000104, Acc: 96.9595, Loss: 0.0953
LR: 0.000103, Acc: 97.6351, Loss: 0.0895
LR: 0.000102, Acc: 95.6081, Loss: 0.1700
LR: 0.000101, Acc: 96.9595, Loss: 0.1148
LR: 0.000100, Acc: 98.6486, Loss: 0.0797
LR: 0.000100, Acc: 96.9595, Loss: 0.1416
LR: 0.000099, Acc: 96.6216, Loss: 0.1272
LR: 0.000098, Acc: 95.6081, Loss: 0.1688
LR: 0.000097, Acc: 96.2838, Loss: 0.1018
LR: 0.000097, Acc: 96.2838, Loss: 0.1206
LR: 0.000096, Acc: 97.2973, Loss: 0.1074
LR: 0.000095, Acc: 95.9459, Loss: 0.1533
LR: 0.000094, Acc: 96.6216, Loss: 0.0828
LR: 0.000093, Acc: 95.2703, Loss: 0.1991
LR: 0.000093, Acc: 95.2703, Loss: 0.1350
LR: 0.000092, Acc: 97.6351, Loss: 0.0863
LR: 0.000091, Acc: 94.9324, Loss: 0.1834
LR: 0.000090, Acc: 97.2973, Loss: 0.0967
LR: 0.000090, Acc: 95.9459, Loss: 0.1367
LR: 0.000089, Acc: 93.5811, Loss: 0.2382
LR: 0.000088, Acc: 95.9459, Loss: 0.1073
LR: 0.000087, Acc: 96.6216, Loss: 0.1242
LR: 0.000086, Acc: 95.6081, Loss: 0.1299
LR: 0.000086, Acc: 95.9459, Loss: 0.1287
LR: 0.000085, Acc: 94.9324, Loss: 0.1621
LR: 0.000084, Acc: 97.6351, Loss: 0.0731
LR: 0.000083, Acc: 95.6081, Loss: 0.1513
LR: 0.000083, Acc: 95.9459, Loss: 0.1466
LR: 0.000082, Acc: 93.9189, Loss: 0.1710
LR: 0.000081, Acc: 96.6216, Loss: 0.1264
LR: 0.000080, Acc: 96.9595, Loss: 0.1195
LR: 0.000080, Acc: 95.9459, Loss: 0.1069
LR: 0.000079, Acc: 94.2568, Loss: 0.2341
LR: 0.000078, Acc: 96.6216, Loss: 0.0944
LR: 0.000077, Acc: 94.9324, Loss: 0.1906
LR: 0.000077, Acc: 94.9324, Loss: 0.1532
LR: 0.000076, Acc: 94.9324, Loss: 0.2298
LR: 0.000075, Acc: 97.2973, Loss: 0.1036
LR: 0.000074, Acc: 96.9595, Loss: 0.0735
LR: 0.000073, Acc: 96.6216, Loss: 0.1013
LR: 0.000073, Acc: 96.9595, Loss: 0.0990
LR: 0.000072, Acc: 94.2568, Loss: 0.1656
LR: 0.000071, Acc: 97.9730, Loss: 0.0644
LR: 0.000070, Acc: 96.6216, Loss: 0.1362
LR: 0.000070, Acc: 97.9730, Loss: 0.0862
LR: 0.000069, Acc: 96.6216, Loss: 0.1444
LR: 0.000068, Acc: 94.2568, Loss: 0.1788
LR: 0.000068, Acc: 95.2703, Loss: 0.1935
LR: 0.000067, Acc: 98.3108, Loss: 0.0628
LR: 0.000066, Acc: 93.2432, Loss: 0.1925
LR: 0.000065, Acc: 94.9324, Loss: 0.1383
LR: 0.000065, Acc: 96.9595, Loss: 0.0964
LR: 0.000064, Acc: 94.5946, Loss: 0.1671
LR: 0.000063, Acc: 96.6216, Loss: 0.1432
LR: 0.000062, Acc: 94.9324, Loss: 0.1784
LR: 0.000062, Acc: 96.9595, Loss: 0.1046
LR: 0.000061, Acc: 97.2973, Loss: 0.0907
LR: 0.000060, Acc: 95.6081, Loss: 0.1262
LR: 0.000060, Acc: 95.9459, Loss: 0.1275
LR: 0.000059, Acc: 97.2973, Loss: 0.0784
LR: 0.000058, Acc: 95.6081, Loss: 0.1474
LR: 0.000057, Acc: 96.2838, Loss: 0.1481
LR: 0.000057, Acc: 97.6351, Loss: 0.0870
LR: 0.000056, Acc: 97.2973, Loss: 0.1226
LR: 0.000055, Acc: 96.9595, Loss: 0.1335
LR: 0.000055, Acc: 96.9595, Loss: 0.1160
LR: 0.000054, Acc: 97.2973, Loss: 0.1041
LR: 0.000053, Acc: 95.2703, Loss: 0.1764
LR: 0.000053, Acc: 95.2703, Loss: 0.1686
LR: 0.000052, Acc: 96.2838, Loss: 0.1249
LR: 0.000051, Acc: 98.6486, Loss: 0.0519
LR: 0.000051, Acc: 97.9730, Loss: 0.1055
LR: 0.000050, Acc: 97.9730, Loss: 0.0859
LR: 0.000049, Acc: 95.6081, Loss: 0.1367
LR: 0.000049, Acc: 97.2973, Loss: 0.1173
LR: 0.000048, Acc: 96.6216, Loss: 0.1035
LR: 0.000047, Acc: 97.2973, Loss: 0.1273
LR: 0.000047, Acc: 96.9595, Loss: 0.1044
LR: 0.000046, Acc: 97.2973, Loss: 0.1181
LR: 0.000045, Acc: 97.2973, Loss: 0.0948
LR: 0.000045, Acc: 94.5946, Loss: 0.1862
LR: 0.000044, Acc: 96.9595, Loss: 0.0884
LR: 0.000043, Acc: 96.2838, Loss: 0.1278
LR: 0.000043, Acc: 97.9730, Loss: 0.0795
LR: 0.000042, Acc: 97.6351, Loss: 0.0741
LR: 0.000041, Acc: 98.6486, Loss: 0.0641
LR: 0.000041, Acc: 96.9595, Loss: 0.1133
LR: 0.000040, Acc: 97.9730, Loss: 0.0905
LR: 0.000040, Acc: 96.2838, Loss: 0.1090
LR: 0.000039, Acc: 96.9595, Loss: 0.1128
LR: 0.000038, Acc: 95.2703, Loss: 0.1506
LR: 0.000038, Acc: 96.9595, Loss: 0.1078
LR: 0.000037, Acc: 95.6081, Loss: 0.1489
LR: 0.000036, Acc: 95.9459, Loss: 0.1348
LR: 0.000036, Acc: 94.9324, Loss: 0.1724
LR: 0.000035, Acc: 97.2973, Loss: 0.1060
LR: 0.000035, Acc: 97.6351, Loss: 0.1093
LR: 0.000034, Acc: 96.2838, Loss: 0.1377
LR: 0.000034, Acc: 96.2838, Loss: 0.1400
LR: 0.000033, Acc: 96.6216, Loss: 0.1231
LR: 0.000032, Acc: 97.2973, Loss: 0.1210
LR: 0.000032, Acc: 97.2973, Loss: 0.1101
LR: 0.000031, Acc: 97.2973, Loss: 0.0902
LR: 0.000031, Acc: 93.5811, Loss: 0.1976
LR: 0.000030, Acc: 95.6081, Loss: 0.1427
LR: 0.000030, Acc: 96.2838, Loss: 0.1324
LR: 0.000029, Acc: 97.2973, Loss: 0.0873
LR: 0.000029, Acc: 96.6216, Loss: 0.1365
LR: 0.000028, Acc: 98.9865, Loss: 0.0602
LR: 0.000027, Acc: 96.9595, Loss: 0.0915
LR: 0.000027, Acc: 96.2838, Loss: 0.1453
LR: 0.000026, Acc: 97.2973, Loss: 0.1058
LR: 0.000026, Acc: 97.2973, Loss: 0.1371
LR: 0.000025, Acc: 96.2838, Loss: 0.1601
LR: 0.000025, Acc: 96.2838, Loss: 0.1142
LR: 0.000024, Acc: 96.2838, Loss: 0.1108
LR: 0.000024, Acc: 98.9865, Loss: 0.0520
LR: 0.000023, Acc: 96.9595, Loss: 0.1412
LR: 0.000023, Acc: 97.6351, Loss: 0.0833
LR: 0.000022, Acc: 96.6216, Loss: 0.1316
LR: 0.000022, Acc: 97.9730, Loss: 0.0760
LR: 0.000021, Acc: 95.9459, Loss: 0.1267
LR: 0.000021, Acc: 96.9595, Loss: 0.1028
LR: 0.000020, Acc: 97.9730, Loss: 0.0994
LR: 0.000020, Acc: 97.6351, Loss: 0.0930
LR: 0.000020, Acc: 95.9459, Loss: 0.1319
LR: 0.000019, Acc: 97.6351, Loss: 0.1032
LR: 0.000019, Acc: 98.6486, Loss: 0.0659
LR: 0.000018, Acc: 97.9730, Loss: 0.0684
LR: 0.000018, Acc: 96.6216, Loss: 0.0851
LR: 0.000017, Acc: 97.9730, Loss: 0.0756
LR: 0.000017, Acc: 98.6486, Loss: 0.0776
LR: 0.000016, Acc: 96.9595, Loss: 0.1026
LR: 0.000016, Acc: 95.9459, Loss: 0.1135
LR: 0.000016, Acc: 97.2973, Loss: 0.0817
LR: 0.000015, Acc: 96.6216, Loss: 0.1217
LR: 0.000015, Acc: 96.9595, Loss: 0.1268
LR: 0.000014, Acc: 97.6351, Loss: 0.0800
LR: 0.000014, Acc: 95.2703, Loss: 0.1255
LR: 0.000014, Acc: 97.9730, Loss: 0.0573
LR: 0.000013, Acc: 98.3108, Loss: 0.0749
LR: 0.000013, Acc: 97.6351, Loss: 0.0857
LR: 0.000013, Acc: 98.3108, Loss: 0.0687
LR: 0.000012, Acc: 96.6216, Loss: 0.1191
LR: 0.000012, Acc: 96.6216, Loss: 0.1242
LR: 0.000011, Acc: 97.6351, Loss: 0.0906
LR: 0.000011, Acc: 96.2838, Loss: 0.1208
LR: 0.000011, Acc: 96.6216, Loss: 0.0864
LR: 0.000010, Acc: 96.9595, Loss: 0.1116
LR: 0.000010, Acc: 96.6216, Loss: 0.0896
LR: 0.000010, Acc: 96.2838, Loss: 0.1080
LR: 0.000009, Acc: 97.2973, Loss: 0.1368
LR: 0.000009, Acc: 96.9595, Loss: 0.1155
LR: 0.000009, Acc: 95.6081, Loss: 0.1256
LR: 0.000009, Acc: 96.2838, Loss: 0.1263
LR: 0.000008, Acc: 97.2973, Loss: 0.1234
LR: 0.000008, Acc: 96.2838, Loss: 0.1078
LR: 0.000008, Acc: 96.6216, Loss: 0.1397
LR: 0.000007, Acc: 97.2973, Loss: 0.1275
LR: 0.000007, Acc: 96.2838, Loss: 0.0998
LR: 0.000007, Acc: 97.6351, Loss: 0.1091
LR: 0.000007, Acc: 96.9595, Loss: 0.1347
LR: 0.000006, Acc: 96.6216, Loss: 0.1467
LR: 0.000006, Acc: 95.9459, Loss: 0.1574
LR: 0.000006, Acc: 96.2838, Loss: 0.1202
>>> Switching to ROUTER-ONLY finetuning <<<
LR: 0.000200, Acc: 97.2973, Loss: 0.1061
LR: 0.000199, Acc: 97.9730, Loss: 0.0750
LR: 0.000197, Acc: 97.9730, Loss: 0.0725
LR: 0.000195, Acc: 97.2973, Loss: 0.0923
LR: 0.000192, Acc: 96.2838, Loss: 0.1194
LR: 0.000189, Acc: 97.2973, Loss: 0.0744
LR: 0.000185, Acc: 97.6351, Loss: 0.0908
LR: 0.000181, Acc: 98.3108, Loss: 0.0613
LR: 0.000176, Acc: 97.2973, Loss: 0.1094
LR: 0.000171, Acc: 97.6351, Loss: 0.0955
LR: 0.000165, Acc: 97.2973, Loss: 0.1118
LR: 0.000159, Acc: 94.9324, Loss: 0.1549
LR: 0.000152, Acc: 94.5946, Loss: 0.2176
LR: 0.000146, Acc: 97.6351, Loss: 0.0855
LR: 0.000139, Acc: 96.6216, Loss: 0.0949
LR: 0.000131, Acc: 95.6081, Loss: 0.1326
LR: 0.000124, Acc: 98.3108, Loss: 0.0565
LR: 0.000116, Acc: 98.6486, Loss: 0.0503
LR: 0.000108, Acc: 95.6081, Loss: 0.1136
LR: 0.000101, Acc: 97.2973, Loss: 0.0912
LR: 0.000093, Acc: 97.9730, Loss: 0.0958
LR: 0.000085, Acc: 97.2973, Loss: 0.0807
LR: 0.000077, Acc: 96.6216, Loss: 0.1317
LR: 0.000070, Acc: 96.9595, Loss: 0.0926
LR: 0.000062, Acc: 96.9595, Loss: 0.1105
LR: 0.000055, Acc: 98.6486, Loss: 0.0782
LR: 0.000049, Acc: 97.2973, Loss: 0.0868
LR: 0.000042, Acc: 96.2838, Loss: 0.1129
LR: 0.000036, Acc: 95.2703, Loss: 0.1477
LR: 0.000030, Acc: 97.9730, Loss: 0.1006
LR: 0.000025, Acc: 97.9730, Loss: 0.1089
LR: 0.000020, Acc: 97.6351, Loss: 0.0724
LR: 0.000016, Acc: 98.6486, Loss: 0.0583
LR: 0.000012, Acc: 96.2838, Loss: 0.1368
LR: 0.000009, Acc: 95.2703, Loss: 0.1535
LR: 0.000006, Acc: 95.6081, Loss: 0.1349
LR: 0.000004, Acc: 98.6486, Loss: 0.0739
LR: 0.000002, Acc: 95.9459, Loss: 0.1624
LR: 0.000001, Acc: 98.6486, Loss: 0.0571
**** Final test accuracy: 93.08. ****

LoRA weights saved to weights/vitb16/oxford_pets/8shots/2experts/seed1/CLIP-MoLE_oxford_pets.pt
