created virtual environment CPython3.10.13.final.0-64 in 1001ms
  creator CPython3Posix(dest=/localscratch/pedro36.57141130.0/env, clear=False, no_vcs_ignore=False, global=False)
  seeder FromAppData(download=False, pip=bundle, setuptools=bundle, wheel=bundle, via=copy, app_data_dir=/home/pedro36/.local/share/virtualenv)
    added seed packages: pip==25.1.1, setuptools==80.7.1, wheel==0.45.1+computecanada
  activators BashActivator,CShellActivator,FishActivator,NushellActivator,PowerShellActivator,PythonActivator
Looking in links: /cvmfs/soft.computecanada.ca/custom/python/wheelhouse/gentoo2023/x86-64-v4, /cvmfs/soft.computecanada.ca/custom/python/wheelhouse/gentoo2023/x86-64-v3, /cvmfs/soft.computecanada.ca/custom/python/wheelhouse/gentoo2023/generic, /cvmfs/soft.computecanada.ca/custom/python/wheelhouse/generic
Requirement already satisfied: pip in /localscratch/pedro36.57141130.0/env/lib/python3.10/site-packages (25.1.1)
Looking in links: /cvmfs/soft.computecanada.ca/custom/python/wheelhouse/gentoo2023/x86-64-v4, /cvmfs/soft.computecanada.ca/custom/python/wheelhouse/gentoo2023/x86-64-v3, /cvmfs/soft.computecanada.ca/custom/python/wheelhouse/gentoo2023/generic, /cvmfs/soft.computecanada.ca/custom/python/wheelhouse/generic
Processing /cvmfs/soft.computecanada.ca/custom/python/wheelhouse/gentoo2023/x86-64-v3/torch-2.6.0+computecanada-cp310-cp310-linux_x86_64.whl
Processing /cvmfs/soft.computecanada.ca/custom/python/wheelhouse/gentoo2023/generic/torchvision-0.21.0+computecanada-cp310-cp310-linux_x86_64.whl
Processing /cvmfs/soft.computecanada.ca/custom/python/wheelhouse/gentoo2023/x86-64-v3/torchaudio-2.6.0+computecanada-cp310-cp310-linux_x86_64.whl
Processing /cvmfs/soft.computecanada.ca/custom/python/wheelhouse/generic/ftfy-6.3.0+computecanada-py3-none-any.whl
Processing /cvmfs/soft.computecanada.ca/custom/python/wheelhouse/gentoo2023/generic/scipy-1.15.1+computecanada-cp310-cp310-linux_x86_64.whl
Processing /cvmfs/soft.computecanada.ca/custom/python/wheelhouse/generic/regex-2024.9.11+computecanada-cp310-cp310-linux_x86_64.whl
Processing /cvmfs/soft.computecanada.ca/custom/python/wheelhouse/generic/tqdm-4.67.1+computecanada-py3-none-any.whl
Processing /cvmfs/soft.computecanada.ca/custom/python/wheelhouse/generic/gdown-5.2.0+computecanada-py3-none-any.whl
Processing /cvmfs/soft.computecanada.ca/custom/python/wheelhouse/gentoo2023/x86-64-v3/pandas-2.2.3+computecanada-cp310-cp310-linux_x86_64.whl
Processing /cvmfs/soft.computecanada.ca/custom/python/wheelhouse/generic/filelock-3.18.0+computecanada-py3-none-any.whl (from torch)
Processing /cvmfs/soft.computecanada.ca/custom/python/wheelhouse/generic/typing_extensions-4.14.0+computecanada-py3-none-any.whl (from torch)
Processing /cvmfs/soft.computecanada.ca/custom/python/wheelhouse/generic/networkx-3.5+computecanada-py3-none-any.whl (from torch)
Processing /cvmfs/soft.computecanada.ca/custom/python/wheelhouse/generic/jinja2-3.1.6+computecanada-py3-none-any.whl (from torch)
Processing /cvmfs/soft.computecanada.ca/custom/python/wheelhouse/generic/fsspec-2025.5.1+computecanada-py3-none-any.whl (from torch)
Processing /cvmfs/soft.computecanada.ca/custom/python/wheelhouse/generic/sympy-1.13.1+computecanada-py3-none-any.whl (from torch)
Processing /cvmfs/soft.computecanada.ca/custom/python/wheelhouse/generic/mpmath-1.3.0+computecanada-py3-none-any.whl (from sympy==1.13.1->torch)
Processing /cvmfs/soft.computecanada.ca/custom/python/wheelhouse/gentoo2023/generic/numpy-2.2.2+computecanada-cp310-cp310-linux_x86_64.whl (from torchvision)
Processing /cvmfs/soft.computecanada.ca/custom/python/wheelhouse/gentoo2023/x86-64-v3/Pillow_SIMD-9.5.0.post2+computecanada-cp310-cp310-linux_x86_64.whl (from torchvision)
Processing /cvmfs/soft.computecanada.ca/custom/python/wheelhouse/generic/wcwidth-0.2.13+computecanada-py2.py3-none-any.whl (from ftfy)
Processing /cvmfs/soft.computecanada.ca/custom/python/wheelhouse/generic/beautifulsoup4-4.13.4+computecanada-py3-none-any.whl (from gdown)
Processing /cvmfs/soft.computecanada.ca/custom/python/wheelhouse/generic/requests-2.32.4+computecanada-py3-none-any.whl (from gdown)
Processing /cvmfs/soft.computecanada.ca/custom/python/wheelhouse/generic/python_dateutil-2.9.0.post0+computecanada-py2.py3-none-any.whl (from pandas)
Processing /cvmfs/soft.computecanada.ca/custom/python/wheelhouse/generic/pytz-2025.2+computecanada-py2.py3-none-any.whl (from pandas)
Processing /cvmfs/soft.computecanada.ca/custom/python/wheelhouse/generic/tzdata-2025.2+computecanada-py2.py3-none-any.whl (from pandas)
Processing /cvmfs/soft.computecanada.ca/custom/python/wheelhouse/generic/six-1.17.0+computecanada-py2.py3-none-any.whl (from python-dateutil>=2.8.2->pandas)
Processing /cvmfs/soft.computecanada.ca/custom/python/wheelhouse/generic/soupsieve-2.7+computecanada-py3-none-any.whl (from beautifulsoup4->gdown)
Processing /cvmfs/soft.computecanada.ca/custom/python/wheelhouse/generic/MarkupSafe-2.1.5+computecanada-cp310-cp310-linux_x86_64.whl (from jinja2->torch)
INFO: pip is looking at multiple versions of networkx to determine which version is compatible with other requirements. This could take a while.
Processing /cvmfs/soft.computecanada.ca/custom/python/wheelhouse/generic/networkx-3.4.2+computecanada-py3-none-any.whl (from torch)
Processing /cvmfs/soft.computecanada.ca/custom/python/wheelhouse/generic/charset_normalizer-3.4.2+computecanada-py3-none-any.whl (from requests[socks]->gdown)
Processing /cvmfs/soft.computecanada.ca/custom/python/wheelhouse/generic/idna-3.10+computecanada-py3-none-any.whl (from requests[socks]->gdown)
Processing /cvmfs/soft.computecanada.ca/custom/python/wheelhouse/generic/urllib3-2.5.0+computecanada-py3-none-any.whl (from requests[socks]->gdown)
Processing /cvmfs/soft.computecanada.ca/custom/python/wheelhouse/generic/certifi-2025.6.15+computecanada-py3-none-any.whl (from requests[socks]->gdown)
Processing /cvmfs/soft.computecanada.ca/custom/python/wheelhouse/generic/PySocks-1.7.1+computecanada-py3-none-any.whl (from requests[socks]->gdown)
Installing collected packages: wcwidth, pytz, mpmath, urllib3, tzdata, typing-extensions, tqdm, sympy, soupsieve, six, regex, PySocks, pillow-simd, numpy, networkx, MarkupSafe, idna, ftfy, fsspec, filelock, charset-normalizer, certifi, scipy, requests, python-dateutil, jinja2, beautifulsoup4, torch, pandas, torchvision, torchaudio, gdown

Successfully installed MarkupSafe-2.1.5+computecanada PySocks-1.7.1+computecanada beautifulsoup4-4.13.4+computecanada certifi-2025.6.15+computecanada charset-normalizer-3.4.2+computecanada filelock-3.18.0+computecanada fsspec-2025.5.1+computecanada ftfy-6.3.0+computecanada gdown-5.2.0+computecanada idna-3.10+computecanada jinja2-3.1.6+computecanada mpmath-1.3.0+computecanada networkx-3.4.2+computecanada numpy-2.2.2+computecanada pandas-2.2.3+computecanada pillow-simd-9.5.0.post2+computecanada python-dateutil-2.9.0.post0+computecanada pytz-2025.2+computecanada regex-2024.9.11+computecanada requests-2.32.4+computecanada scipy-1.15.1+computecanada six-1.17.0+computecanada soupsieve-2.7+computecanada sympy-1.13.1+computecanada torch-2.6.0+computecanada torchaudio-2.6.0+computecanada torchvision-0.21.0+computecanada tqdm-4.67.1+computecanada typing-extensions-4.14.0+computecanada tzdata-2025.2+computecanada urllib3-2.5.0+computecanada wcwidth-0.2.13+computecanada
Preparing dataset.
Reading split from /home/pedro36/projects/def-leszek/pedro36/datasets/DATA/OxfordPets/split_zhou_OxfordPets.json
Creating a 2-shot dataset
Creating a 2-shot dataset

Getting textual features as CLIP's classifier.

Loading visual features and labels from val set.

Loading visual features and labels from test set.

**** Zero-shot CLIP's test accuracy: 88.20. ****

Residual Attention Block 0: ResidualAttentionBlock(
  (attn): MultiheadAttention(
    (out_proj): NonDynamicallyQuantizableLinear(in_features=512, out_features=512, bias=True)
  )
  (ln_1): LayerNorm((512,), eps=1e-05, elementwise_affine=True)
  (mlp): Sequential(
    (c_fc): Linear(in_features=512, out_features=2048, bias=True)
    (gelu): QuickGELU()
    (c_proj): Linear(in_features=2048, out_features=512, bias=True)
  )
  (ln_2): LayerNorm((512,), eps=1e-05, elementwise_affine=True)
)
Residual Attention Block 1: ResidualAttentionBlock(
  (attn): MultiheadAttention(
    (out_proj): NonDynamicallyQuantizableLinear(in_features=512, out_features=512, bias=True)
  )
  (ln_1): LayerNorm((512,), eps=1e-05, elementwise_affine=True)
  (mlp): Sequential(
    (c_fc): Linear(in_features=512, out_features=2048, bias=True)
    (gelu): QuickGELU()
    (c_proj): Linear(in_features=2048, out_features=512, bias=True)
  )
  (ln_2): LayerNorm((512,), eps=1e-05, elementwise_affine=True)
)
Residual Attention Block 2: ResidualAttentionBlock(
  (attn): MultiheadAttention(
    (out_proj): NonDynamicallyQuantizableLinear(in_features=512, out_features=512, bias=True)
  )
  (ln_1): LayerNorm((512,), eps=1e-05, elementwise_affine=True)
  (mlp): Sequential(
    (c_fc): Linear(in_features=512, out_features=2048, bias=True)
    (gelu): QuickGELU()
    (c_proj): Linear(in_features=2048, out_features=512, bias=True)
  )
  (ln_2): LayerNorm((512,), eps=1e-05, elementwise_affine=True)
)
Residual Attention Block 3: ResidualAttentionBlock(
  (attn): MultiheadAttention(
    (out_proj): NonDynamicallyQuantizableLinear(in_features=512, out_features=512, bias=True)
  )
  (ln_1): LayerNorm((512,), eps=1e-05, elementwise_affine=True)
  (mlp): Sequential(
    (c_fc): Linear(in_features=512, out_features=2048, bias=True)
    (gelu): QuickGELU()
    (c_proj): Linear(in_features=2048, out_features=512, bias=True)
  )
  (ln_2): LayerNorm((512,), eps=1e-05, elementwise_affine=True)
)
Residual Attention Block 4: ResidualAttentionBlock(
  (attn): MultiheadAttention(
    (out_proj): NonDynamicallyQuantizableLinear(in_features=512, out_features=512, bias=True)
  )
  (ln_1): LayerNorm((512,), eps=1e-05, elementwise_affine=True)
  (mlp): Sequential(
    (c_fc): Linear(in_features=512, out_features=2048, bias=True)
    (gelu): QuickGELU()
    (c_proj): Linear(in_features=2048, out_features=512, bias=True)
  )
  (ln_2): LayerNorm((512,), eps=1e-05, elementwise_affine=True)
)
Residual Attention Block 5: ResidualAttentionBlock(
  (attn): MultiheadAttention(
    (out_proj): NonDynamicallyQuantizableLinear(in_features=512, out_features=512, bias=True)
  )
  (ln_1): LayerNorm((512,), eps=1e-05, elementwise_affine=True)
  (mlp): Sequential(
    (c_fc): Linear(in_features=512, out_features=2048, bias=True)
    (gelu): QuickGELU()
    (c_proj): Linear(in_features=2048, out_features=512, bias=True)
  )
  (ln_2): LayerNorm((512,), eps=1e-05, elementwise_affine=True)
)
Residual Attention Block 6: ResidualAttentionBlock(
  (attn): MultiheadAttention(
    (out_proj): NonDynamicallyQuantizableLinear(in_features=512, out_features=512, bias=True)
  )
  (ln_1): LayerNorm((512,), eps=1e-05, elementwise_affine=True)
  (mlp): Sequential(
    (c_fc): Linear(in_features=512, out_features=2048, bias=True)
    (gelu): QuickGELU()
    (c_proj): Linear(in_features=2048, out_features=512, bias=True)
  )
  (ln_2): LayerNorm((512,), eps=1e-05, elementwise_affine=True)
)
Residual Attention Block 7: ResidualAttentionBlock(
  (attn): MultiheadAttention(
    (out_proj): NonDynamicallyQuantizableLinear(in_features=512, out_features=512, bias=True)
  )
  (ln_1): LayerNorm((512,), eps=1e-05, elementwise_affine=True)
  (mlp): Sequential(
    (c_fc): Linear(in_features=512, out_features=2048, bias=True)
    (gelu): QuickGELU()
    (c_proj): Linear(in_features=2048, out_features=512, bias=True)
  )
  (ln_2): LayerNorm((512,), eps=1e-05, elementwise_affine=True)
)
Residual Attention Block 8: ResidualAttentionBlock(
  (attn): MultiheadAttention(
    (out_proj): NonDynamicallyQuantizableLinear(in_features=512, out_features=512, bias=True)
  )
  (ln_1): LayerNorm((512,), eps=1e-05, elementwise_affine=True)
  (mlp): Sequential(
    (c_fc): Linear(in_features=512, out_features=2048, bias=True)
    (gelu): QuickGELU()
    (c_proj): Linear(in_features=2048, out_features=512, bias=True)
  )
  (ln_2): LayerNorm((512,), eps=1e-05, elementwise_affine=True)
)
Residual Attention Block 9: ResidualAttentionBlock(
  (attn): MultiheadAttention(
    (out_proj): NonDynamicallyQuantizableLinear(in_features=512, out_features=512, bias=True)
  )
  (ln_1): LayerNorm((512,), eps=1e-05, elementwise_affine=True)
  (mlp): Sequential(
    (c_fc): Linear(in_features=512, out_features=2048, bias=True)
    (gelu): QuickGELU()
    (c_proj): Linear(in_features=2048, out_features=512, bias=True)
  )
  (ln_2): LayerNorm((512,), eps=1e-05, elementwise_affine=True)
)
Residual Attention Block 10: ResidualAttentionBlock(
  (attn): MultiheadAttention(
    (out_proj): NonDynamicallyQuantizableLinear(in_features=512, out_features=512, bias=True)
  )
  (ln_1): LayerNorm((512,), eps=1e-05, elementwise_affine=True)
  (mlp): Sequential(
    (c_fc): Linear(in_features=512, out_features=2048, bias=True)
    (gelu): QuickGELU()
    (c_proj): Linear(in_features=2048, out_features=512, bias=True)
  )
  (ln_2): LayerNorm((512,), eps=1e-05, elementwise_affine=True)
)
Residual Attention Block 11: ResidualAttentionBlock(
  (attn): MultiheadAttention(
    (out_proj): NonDynamicallyQuantizableLinear(in_features=512, out_features=512, bias=True)
  )
  (ln_1): LayerNorm((512,), eps=1e-05, elementwise_affine=True)
  (mlp): Sequential(
    (c_fc): Linear(in_features=512, out_features=2048, bias=True)
    (gelu): QuickGELU()
    (c_proj): Linear(in_features=2048, out_features=512, bias=True)
  )
  (ln_2): LayerNorm((512,), eps=1e-05, elementwise_affine=True)
)
Residual Attention Block 0: ResidualAttentionBlock(
  (attn): MultiheadAttention(
    (out_proj): NonDynamicallyQuantizableLinear(in_features=768, out_features=768, bias=True)
  )
  (ln_1): LayerNorm((768,), eps=1e-05, elementwise_affine=True)
  (mlp): Sequential(
    (c_fc): Linear(in_features=768, out_features=3072, bias=True)
    (gelu): QuickGELU()
    (c_proj): Linear(in_features=3072, out_features=768, bias=True)
  )
  (ln_2): LayerNorm((768,), eps=1e-05, elementwise_affine=True)
)
Residual Attention Block 1: ResidualAttentionBlock(
  (attn): MultiheadAttention(
    (out_proj): NonDynamicallyQuantizableLinear(in_features=768, out_features=768, bias=True)
  )
  (ln_1): LayerNorm((768,), eps=1e-05, elementwise_affine=True)
  (mlp): Sequential(
    (c_fc): Linear(in_features=768, out_features=3072, bias=True)
    (gelu): QuickGELU()
    (c_proj): Linear(in_features=3072, out_features=768, bias=True)
  )
  (ln_2): LayerNorm((768,), eps=1e-05, elementwise_affine=True)
)
Residual Attention Block 2: ResidualAttentionBlock(
  (attn): MultiheadAttention(
    (out_proj): NonDynamicallyQuantizableLinear(in_features=768, out_features=768, bias=True)
  )
  (ln_1): LayerNorm((768,), eps=1e-05, elementwise_affine=True)
  (mlp): Sequential(
    (c_fc): Linear(in_features=768, out_features=3072, bias=True)
    (gelu): QuickGELU()
    (c_proj): Linear(in_features=3072, out_features=768, bias=True)
  )
  (ln_2): LayerNorm((768,), eps=1e-05, elementwise_affine=True)
)
Residual Attention Block 3: ResidualAttentionBlock(
  (attn): MultiheadAttention(
    (out_proj): NonDynamicallyQuantizableLinear(in_features=768, out_features=768, bias=True)
  )
  (ln_1): LayerNorm((768,), eps=1e-05, elementwise_affine=True)
  (mlp): Sequential(
    (c_fc): Linear(in_features=768, out_features=3072, bias=True)
    (gelu): QuickGELU()
    (c_proj): Linear(in_features=3072, out_features=768, bias=True)
  )
  (ln_2): LayerNorm((768,), eps=1e-05, elementwise_affine=True)
)
Residual Attention Block 4: ResidualAttentionBlock(
  (attn): MultiheadAttention(
    (out_proj): NonDynamicallyQuantizableLinear(in_features=768, out_features=768, bias=True)
  )
  (ln_1): LayerNorm((768,), eps=1e-05, elementwise_affine=True)
  (mlp): Sequential(
    (c_fc): Linear(in_features=768, out_features=3072, bias=True)
    (gelu): QuickGELU()
    (c_proj): Linear(in_features=3072, out_features=768, bias=True)
  )
  (ln_2): LayerNorm((768,), eps=1e-05, elementwise_affine=True)
)
Residual Attention Block 5: ResidualAttentionBlock(
  (attn): MultiheadAttention(
    (out_proj): NonDynamicallyQuantizableLinear(in_features=768, out_features=768, bias=True)
  )
  (ln_1): LayerNorm((768,), eps=1e-05, elementwise_affine=True)
  (mlp): Sequential(
    (c_fc): Linear(in_features=768, out_features=3072, bias=True)
    (gelu): QuickGELU()
    (c_proj): Linear(in_features=3072, out_features=768, bias=True)
  )
  (ln_2): LayerNorm((768,), eps=1e-05, elementwise_affine=True)
)
Residual Attention Block 6: ResidualAttentionBlock(
  (attn): MultiheadAttention(
    (out_proj): NonDynamicallyQuantizableLinear(in_features=768, out_features=768, bias=True)
  )
  (ln_1): LayerNorm((768,), eps=1e-05, elementwise_affine=True)
  (mlp): Sequential(
    (c_fc): Linear(in_features=768, out_features=3072, bias=True)
    (gelu): QuickGELU()
    (c_proj): Linear(in_features=3072, out_features=768, bias=True)
  )
  (ln_2): LayerNorm((768,), eps=1e-05, elementwise_affine=True)
)
Residual Attention Block 7: ResidualAttentionBlock(
  (attn): MultiheadAttention(
    (out_proj): NonDynamicallyQuantizableLinear(in_features=768, out_features=768, bias=True)
  )
  (ln_1): LayerNorm((768,), eps=1e-05, elementwise_affine=True)
  (mlp): Sequential(
    (c_fc): Linear(in_features=768, out_features=3072, bias=True)
    (gelu): QuickGELU()
    (c_proj): Linear(in_features=3072, out_features=768, bias=True)
  )
  (ln_2): LayerNorm((768,), eps=1e-05, elementwise_affine=True)
)
Residual Attention Block 8: ResidualAttentionBlock(
  (attn): MultiheadAttention(
    (out_proj): NonDynamicallyQuantizableLinear(in_features=768, out_features=768, bias=True)
  )
  (ln_1): LayerNorm((768,), eps=1e-05, elementwise_affine=True)
  (mlp): Sequential(
    (c_fc): Linear(in_features=768, out_features=3072, bias=True)
    (gelu): QuickGELU()
    (c_proj): Linear(in_features=3072, out_features=768, bias=True)
  )
  (ln_2): LayerNorm((768,), eps=1e-05, elementwise_affine=True)
)
Residual Attention Block 9: ResidualAttentionBlock(
  (attn): MultiheadAttention(
    (out_proj): NonDynamicallyQuantizableLinear(in_features=768, out_features=768, bias=True)
  )
  (ln_1): LayerNorm((768,), eps=1e-05, elementwise_affine=True)
  (mlp): Sequential(
    (c_fc): Linear(in_features=768, out_features=3072, bias=True)
    (gelu): QuickGELU()
    (c_proj): Linear(in_features=3072, out_features=768, bias=True)
  )
  (ln_2): LayerNorm((768,), eps=1e-05, elementwise_affine=True)
)
Residual Attention Block 10: ResidualAttentionBlock(
  (attn): MultiheadAttention(
    (out_proj): NonDynamicallyQuantizableLinear(in_features=768, out_features=768, bias=True)
  )
  (ln_1): LayerNorm((768,), eps=1e-05, elementwise_affine=True)
  (mlp): Sequential(
    (c_fc): Linear(in_features=768, out_features=3072, bias=True)
    (gelu): QuickGELU()
    (c_proj): Linear(in_features=3072, out_features=768, bias=True)
  )
  (ln_2): LayerNorm((768,), eps=1e-05, elementwise_affine=True)
)
Residual Attention Block 11: ResidualAttentionBlock(
  (attn): MultiheadAttention(
    (out_proj): NonDynamicallyQuantizableLinear(in_features=768, out_features=768, bias=True)
  )
  (ln_1): LayerNorm((768,), eps=1e-05, elementwise_affine=True)
  (mlp): Sequential(
    (c_fc): Linear(in_features=768, out_features=3072, bias=True)
    (gelu): QuickGELU()
    (c_proj): Linear(in_features=3072, out_features=768, bias=True)
  )
  (ln_2): LayerNorm((768,), eps=1e-05, elementwise_affine=True)
)
Trainable parameters: ['visual.transformer.resblocks.0.attn.q_proj.router.gate.weight', 'visual.transformer.resblocks.0.attn.q_proj.experts.0.w_lora_A', 'visual.transformer.resblocks.0.attn.q_proj.experts.0.w_lora_B', 'visual.transformer.resblocks.0.attn.q_proj.experts.1.w_lora_A', 'visual.transformer.resblocks.0.attn.q_proj.experts.1.w_lora_B', 'visual.transformer.resblocks.0.attn.k_proj.router.gate.weight', 'visual.transformer.resblocks.0.attn.k_proj.experts.0.w_lora_A', 'visual.transformer.resblocks.0.attn.k_proj.experts.0.w_lora_B', 'visual.transformer.resblocks.0.attn.k_proj.experts.1.w_lora_A', 'visual.transformer.resblocks.0.attn.k_proj.experts.1.w_lora_B', 'visual.transformer.resblocks.0.attn.v_proj.router.gate.weight', 'visual.transformer.resblocks.0.attn.v_proj.experts.0.w_lora_A', 'visual.transformer.resblocks.0.attn.v_proj.experts.0.w_lora_B', 'visual.transformer.resblocks.0.attn.v_proj.experts.1.w_lora_A', 'visual.transformer.resblocks.0.attn.v_proj.experts.1.w_lora_B', 'visual.transformer.resblocks.1.attn.q_proj.router.gate.weight', 'visual.transformer.resblocks.1.attn.q_proj.experts.0.w_lora_A', 'visual.transformer.resblocks.1.attn.q_proj.experts.0.w_lora_B', 'visual.transformer.resblocks.1.attn.q_proj.experts.1.w_lora_A', 'visual.transformer.resblocks.1.attn.q_proj.experts.1.w_lora_B', 'visual.transformer.resblocks.1.attn.k_proj.router.gate.weight', 'visual.transformer.resblocks.1.attn.k_proj.experts.0.w_lora_A', 'visual.transformer.resblocks.1.attn.k_proj.experts.0.w_lora_B', 'visual.transformer.resblocks.1.attn.k_proj.experts.1.w_lora_A', 'visual.transformer.resblocks.1.attn.k_proj.experts.1.w_lora_B', 'visual.transformer.resblocks.1.attn.v_proj.router.gate.weight', 'visual.transformer.resblocks.1.attn.v_proj.experts.0.w_lora_A', 'visual.transformer.resblocks.1.attn.v_proj.experts.0.w_lora_B', 'visual.transformer.resblocks.1.attn.v_proj.experts.1.w_lora_A', 'visual.transformer.resblocks.1.attn.v_proj.experts.1.w_lora_B', 'visual.transformer.resblocks.2.attn.q_proj.router.gate.weight', 'visual.transformer.resblocks.2.attn.q_proj.experts.0.w_lora_A', 'visual.transformer.resblocks.2.attn.q_proj.experts.0.w_lora_B', 'visual.transformer.resblocks.2.attn.q_proj.experts.1.w_lora_A', 'visual.transformer.resblocks.2.attn.q_proj.experts.1.w_lora_B', 'visual.transformer.resblocks.2.attn.k_proj.router.gate.weight', 'visual.transformer.resblocks.2.attn.k_proj.experts.0.w_lora_A', 'visual.transformer.resblocks.2.attn.k_proj.experts.0.w_lora_B', 'visual.transformer.resblocks.2.attn.k_proj.experts.1.w_lora_A', 'visual.transformer.resblocks.2.attn.k_proj.experts.1.w_lora_B', 'visual.transformer.resblocks.2.attn.v_proj.router.gate.weight', 'visual.transformer.resblocks.2.attn.v_proj.experts.0.w_lora_A', 'visual.transformer.resblocks.2.attn.v_proj.experts.0.w_lora_B', 'visual.transformer.resblocks.2.attn.v_proj.experts.1.w_lora_A', 'visual.transformer.resblocks.2.attn.v_proj.experts.1.w_lora_B', 'visual.transformer.resblocks.3.attn.q_proj.router.gate.weight', 'visual.transformer.resblocks.3.attn.q_proj.experts.0.w_lora_A', 'visual.transformer.resblocks.3.attn.q_proj.experts.0.w_lora_B', 'visual.transformer.resblocks.3.attn.q_proj.experts.1.w_lora_A', 'visual.transformer.resblocks.3.attn.q_proj.experts.1.w_lora_B', 'visual.transformer.resblocks.3.attn.k_proj.router.gate.weight', 'visual.transformer.resblocks.3.attn.k_proj.experts.0.w_lora_A', 'visual.transformer.resblocks.3.attn.k_proj.experts.0.w_lora_B', 'visual.transformer.resblocks.3.attn.k_proj.experts.1.w_lora_A', 'visual.transformer.resblocks.3.attn.k_proj.experts.1.w_lora_B', 'visual.transformer.resblocks.3.attn.v_proj.router.gate.weight', 'visual.transformer.resblocks.3.attn.v_proj.experts.0.w_lora_A', 'visual.transformer.resblocks.3.attn.v_proj.experts.0.w_lora_B', 'visual.transformer.resblocks.3.attn.v_proj.experts.1.w_lora_A', 'visual.transformer.resblocks.3.attn.v_proj.experts.1.w_lora_B', 'visual.transformer.resblocks.4.attn.q_proj.router.gate.weight', 'visual.transformer.resblocks.4.attn.q_proj.experts.0.w_lora_A', 'visual.transformer.resblocks.4.attn.q_proj.experts.0.w_lora_B', 'visual.transformer.resblocks.4.attn.q_proj.experts.1.w_lora_A', 'visual.transformer.resblocks.4.attn.q_proj.experts.1.w_lora_B', 'visual.transformer.resblocks.4.attn.k_proj.router.gate.weight', 'visual.transformer.resblocks.4.attn.k_proj.experts.0.w_lora_A', 'visual.transformer.resblocks.4.attn.k_proj.experts.0.w_lora_B', 'visual.transformer.resblocks.4.attn.k_proj.experts.1.w_lora_A', 'visual.transformer.resblocks.4.attn.k_proj.experts.1.w_lora_B', 'visual.transformer.resblocks.4.attn.v_proj.router.gate.weight', 'visual.transformer.resblocks.4.attn.v_proj.experts.0.w_lora_A', 'visual.transformer.resblocks.4.attn.v_proj.experts.0.w_lora_B', 'visual.transformer.resblocks.4.attn.v_proj.experts.1.w_lora_A', 'visual.transformer.resblocks.4.attn.v_proj.experts.1.w_lora_B', 'visual.transformer.resblocks.5.attn.q_proj.router.gate.weight', 'visual.transformer.resblocks.5.attn.q_proj.experts.0.w_lora_A', 'visual.transformer.resblocks.5.attn.q_proj.experts.0.w_lora_B', 'visual.transformer.resblocks.5.attn.q_proj.experts.1.w_lora_A', 'visual.transformer.resblocks.5.attn.q_proj.experts.1.w_lora_B', 'visual.transformer.resblocks.5.attn.k_proj.router.gate.weight', 'visual.transformer.resblocks.5.attn.k_proj.experts.0.w_lora_A', 'visual.transformer.resblocks.5.attn.k_proj.experts.0.w_lora_B', 'visual.transformer.resblocks.5.attn.k_proj.experts.1.w_lora_A', 'visual.transformer.resblocks.5.attn.k_proj.experts.1.w_lora_B', 'visual.transformer.resblocks.5.attn.v_proj.router.gate.weight', 'visual.transformer.resblocks.5.attn.v_proj.experts.0.w_lora_A', 'visual.transformer.resblocks.5.attn.v_proj.experts.0.w_lora_B', 'visual.transformer.resblocks.5.attn.v_proj.experts.1.w_lora_A', 'visual.transformer.resblocks.5.attn.v_proj.experts.1.w_lora_B', 'visual.transformer.resblocks.6.attn.q_proj.router.gate.weight', 'visual.transformer.resblocks.6.attn.q_proj.experts.0.w_lora_A', 'visual.transformer.resblocks.6.attn.q_proj.experts.0.w_lora_B', 'visual.transformer.resblocks.6.attn.q_proj.experts.1.w_lora_A', 'visual.transformer.resblocks.6.attn.q_proj.experts.1.w_lora_B', 'visual.transformer.resblocks.6.attn.k_proj.router.gate.weight', 'visual.transformer.resblocks.6.attn.k_proj.experts.0.w_lora_A', 'visual.transformer.resblocks.6.attn.k_proj.experts.0.w_lora_B', 'visual.transformer.resblocks.6.attn.k_proj.experts.1.w_lora_A', 'visual.transformer.resblocks.6.attn.k_proj.experts.1.w_lora_B', 'visual.transformer.resblocks.6.attn.v_proj.router.gate.weight', 'visual.transformer.resblocks.6.attn.v_proj.experts.0.w_lora_A', 'visual.transformer.resblocks.6.attn.v_proj.experts.0.w_lora_B', 'visual.transformer.resblocks.6.attn.v_proj.experts.1.w_lora_A', 'visual.transformer.resblocks.6.attn.v_proj.experts.1.w_lora_B', 'visual.transformer.resblocks.7.attn.q_proj.router.gate.weight', 'visual.transformer.resblocks.7.attn.q_proj.experts.0.w_lora_A', 'visual.transformer.resblocks.7.attn.q_proj.experts.0.w_lora_B', 'visual.transformer.resblocks.7.attn.q_proj.experts.1.w_lora_A', 'visual.transformer.resblocks.7.attn.q_proj.experts.1.w_lora_B', 'visual.transformer.resblocks.7.attn.k_proj.router.gate.weight', 'visual.transformer.resblocks.7.attn.k_proj.experts.0.w_lora_A', 'visual.transformer.resblocks.7.attn.k_proj.experts.0.w_lora_B', 'visual.transformer.resblocks.7.attn.k_proj.experts.1.w_lora_A', 'visual.transformer.resblocks.7.attn.k_proj.experts.1.w_lora_B', 'visual.transformer.resblocks.7.attn.v_proj.router.gate.weight', 'visual.transformer.resblocks.7.attn.v_proj.experts.0.w_lora_A', 'visual.transformer.resblocks.7.attn.v_proj.experts.0.w_lora_B', 'visual.transformer.resblocks.7.attn.v_proj.experts.1.w_lora_A', 'visual.transformer.resblocks.7.attn.v_proj.experts.1.w_lora_B', 'visual.transformer.resblocks.8.attn.q_proj.router.gate.weight', 'visual.transformer.resblocks.8.attn.q_proj.experts.0.w_lora_A', 'visual.transformer.resblocks.8.attn.q_proj.experts.0.w_lora_B', 'visual.transformer.resblocks.8.attn.q_proj.experts.1.w_lora_A', 'visual.transformer.resblocks.8.attn.q_proj.experts.1.w_lora_B', 'visual.transformer.resblocks.8.attn.k_proj.router.gate.weight', 'visual.transformer.resblocks.8.attn.k_proj.experts.0.w_lora_A', 'visual.transformer.resblocks.8.attn.k_proj.experts.0.w_lora_B', 'visual.transformer.resblocks.8.attn.k_proj.experts.1.w_lora_A', 'visual.transformer.resblocks.8.attn.k_proj.experts.1.w_lora_B', 'visual.transformer.resblocks.8.attn.v_proj.router.gate.weight', 'visual.transformer.resblocks.8.attn.v_proj.experts.0.w_lora_A', 'visual.transformer.resblocks.8.attn.v_proj.experts.0.w_lora_B', 'visual.transformer.resblocks.8.attn.v_proj.experts.1.w_lora_A', 'visual.transformer.resblocks.8.attn.v_proj.experts.1.w_lora_B', 'visual.transformer.resblocks.9.attn.q_proj.router.gate.weight', 'visual.transformer.resblocks.9.attn.q_proj.experts.0.w_lora_A', 'visual.transformer.resblocks.9.attn.q_proj.experts.0.w_lora_B', 'visual.transformer.resblocks.9.attn.q_proj.experts.1.w_lora_A', 'visual.transformer.resblocks.9.attn.q_proj.experts.1.w_lora_B', 'visual.transformer.resblocks.9.attn.k_proj.router.gate.weight', 'visual.transformer.resblocks.9.attn.k_proj.experts.0.w_lora_A', 'visual.transformer.resblocks.9.attn.k_proj.experts.0.w_lora_B', 'visual.transformer.resblocks.9.attn.k_proj.experts.1.w_lora_A', 'visual.transformer.resblocks.9.attn.k_proj.experts.1.w_lora_B', 'visual.transformer.resblocks.9.attn.v_proj.router.gate.weight', 'visual.transformer.resblocks.9.attn.v_proj.experts.0.w_lora_A', 'visual.transformer.resblocks.9.attn.v_proj.experts.0.w_lora_B', 'visual.transformer.resblocks.9.attn.v_proj.experts.1.w_lora_A', 'visual.transformer.resblocks.9.attn.v_proj.experts.1.w_lora_B', 'visual.transformer.resblocks.10.attn.q_proj.router.gate.weight', 'visual.transformer.resblocks.10.attn.q_proj.experts.0.w_lora_A', 'visual.transformer.resblocks.10.attn.q_proj.experts.0.w_lora_B', 'visual.transformer.resblocks.10.attn.q_proj.experts.1.w_lora_A', 'visual.transformer.resblocks.10.attn.q_proj.experts.1.w_lora_B', 'visual.transformer.resblocks.10.attn.k_proj.router.gate.weight', 'visual.transformer.resblocks.10.attn.k_proj.experts.0.w_lora_A', 'visual.transformer.resblocks.10.attn.k_proj.experts.0.w_lora_B', 'visual.transformer.resblocks.10.attn.k_proj.experts.1.w_lora_A', 'visual.transformer.resblocks.10.attn.k_proj.experts.1.w_lora_B', 'visual.transformer.resblocks.10.attn.v_proj.router.gate.weight', 'visual.transformer.resblocks.10.attn.v_proj.experts.0.w_lora_A', 'visual.transformer.resblocks.10.attn.v_proj.experts.0.w_lora_B', 'visual.transformer.resblocks.10.attn.v_proj.experts.1.w_lora_A', 'visual.transformer.resblocks.10.attn.v_proj.experts.1.w_lora_B', 'visual.transformer.resblocks.11.attn.q_proj.router.gate.weight', 'visual.transformer.resblocks.11.attn.q_proj.experts.0.w_lora_A', 'visual.transformer.resblocks.11.attn.q_proj.experts.0.w_lora_B', 'visual.transformer.resblocks.11.attn.q_proj.experts.1.w_lora_A', 'visual.transformer.resblocks.11.attn.q_proj.experts.1.w_lora_B', 'visual.transformer.resblocks.11.attn.k_proj.router.gate.weight', 'visual.transformer.resblocks.11.attn.k_proj.experts.0.w_lora_A', 'visual.transformer.resblocks.11.attn.k_proj.experts.0.w_lora_B', 'visual.transformer.resblocks.11.attn.k_proj.experts.1.w_lora_A', 'visual.transformer.resblocks.11.attn.k_proj.experts.1.w_lora_B', 'visual.transformer.resblocks.11.attn.v_proj.router.gate.weight', 'visual.transformer.resblocks.11.attn.v_proj.experts.0.w_lora_A', 'visual.transformer.resblocks.11.attn.v_proj.experts.0.w_lora_B', 'visual.transformer.resblocks.11.attn.v_proj.experts.1.w_lora_A', 'visual.transformer.resblocks.11.attn.v_proj.experts.1.w_lora_B', 'transformer.resblocks.0.attn.q_proj.router.gate.weight', 'transformer.resblocks.0.attn.q_proj.experts.0.w_lora_A', 'transformer.resblocks.0.attn.q_proj.experts.0.w_lora_B', 'transformer.resblocks.0.attn.q_proj.experts.1.w_lora_A', 'transformer.resblocks.0.attn.q_proj.experts.1.w_lora_B', 'transformer.resblocks.0.attn.k_proj.router.gate.weight', 'transformer.resblocks.0.attn.k_proj.experts.0.w_lora_A', 'transformer.resblocks.0.attn.k_proj.experts.0.w_lora_B', 'transformer.resblocks.0.attn.k_proj.experts.1.w_lora_A', 'transformer.resblocks.0.attn.k_proj.experts.1.w_lora_B', 'transformer.resblocks.0.attn.v_proj.router.gate.weight', 'transformer.resblocks.0.attn.v_proj.experts.0.w_lora_A', 'transformer.resblocks.0.attn.v_proj.experts.0.w_lora_B', 'transformer.resblocks.0.attn.v_proj.experts.1.w_lora_A', 'transformer.resblocks.0.attn.v_proj.experts.1.w_lora_B', 'transformer.resblocks.1.attn.q_proj.router.gate.weight', 'transformer.resblocks.1.attn.q_proj.experts.0.w_lora_A', 'transformer.resblocks.1.attn.q_proj.experts.0.w_lora_B', 'transformer.resblocks.1.attn.q_proj.experts.1.w_lora_A', 'transformer.resblocks.1.attn.q_proj.experts.1.w_lora_B', 'transformer.resblocks.1.attn.k_proj.router.gate.weight', 'transformer.resblocks.1.attn.k_proj.experts.0.w_lora_A', 'transformer.resblocks.1.attn.k_proj.experts.0.w_lora_B', 'transformer.resblocks.1.attn.k_proj.experts.1.w_lora_A', 'transformer.resblocks.1.attn.k_proj.experts.1.w_lora_B', 'transformer.resblocks.1.attn.v_proj.router.gate.weight', 'transformer.resblocks.1.attn.v_proj.experts.0.w_lora_A', 'transformer.resblocks.1.attn.v_proj.experts.0.w_lora_B', 'transformer.resblocks.1.attn.v_proj.experts.1.w_lora_A', 'transformer.resblocks.1.attn.v_proj.experts.1.w_lora_B', 'transformer.resblocks.2.attn.q_proj.router.gate.weight', 'transformer.resblocks.2.attn.q_proj.experts.0.w_lora_A', 'transformer.resblocks.2.attn.q_proj.experts.0.w_lora_B', 'transformer.resblocks.2.attn.q_proj.experts.1.w_lora_A', 'transformer.resblocks.2.attn.q_proj.experts.1.w_lora_B', 'transformer.resblocks.2.attn.k_proj.router.gate.weight', 'transformer.resblocks.2.attn.k_proj.experts.0.w_lora_A', 'transformer.resblocks.2.attn.k_proj.experts.0.w_lora_B', 'transformer.resblocks.2.attn.k_proj.experts.1.w_lora_A', 'transformer.resblocks.2.attn.k_proj.experts.1.w_lora_B', 'transformer.resblocks.2.attn.v_proj.router.gate.weight', 'transformer.resblocks.2.attn.v_proj.experts.0.w_lora_A', 'transformer.resblocks.2.attn.v_proj.experts.0.w_lora_B', 'transformer.resblocks.2.attn.v_proj.experts.1.w_lora_A', 'transformer.resblocks.2.attn.v_proj.experts.1.w_lora_B', 'transformer.resblocks.3.attn.q_proj.router.gate.weight', 'transformer.resblocks.3.attn.q_proj.experts.0.w_lora_A', 'transformer.resblocks.3.attn.q_proj.experts.0.w_lora_B', 'transformer.resblocks.3.attn.q_proj.experts.1.w_lora_A', 'transformer.resblocks.3.attn.q_proj.experts.1.w_lora_B', 'transformer.resblocks.3.attn.k_proj.router.gate.weight', 'transformer.resblocks.3.attn.k_proj.experts.0.w_lora_A', 'transformer.resblocks.3.attn.k_proj.experts.0.w_lora_B', 'transformer.resblocks.3.attn.k_proj.experts.1.w_lora_A', 'transformer.resblocks.3.attn.k_proj.experts.1.w_lora_B', 'transformer.resblocks.3.attn.v_proj.router.gate.weight', 'transformer.resblocks.3.attn.v_proj.experts.0.w_lora_A', 'transformer.resblocks.3.attn.v_proj.experts.0.w_lora_B', 'transformer.resblocks.3.attn.v_proj.experts.1.w_lora_A', 'transformer.resblocks.3.attn.v_proj.experts.1.w_lora_B', 'transformer.resblocks.4.attn.q_proj.router.gate.weight', 'transformer.resblocks.4.attn.q_proj.experts.0.w_lora_A', 'transformer.resblocks.4.attn.q_proj.experts.0.w_lora_B', 'transformer.resblocks.4.attn.q_proj.experts.1.w_lora_A', 'transformer.resblocks.4.attn.q_proj.experts.1.w_lora_B', 'transformer.resblocks.4.attn.k_proj.router.gate.weight', 'transformer.resblocks.4.attn.k_proj.experts.0.w_lora_A', 'transformer.resblocks.4.attn.k_proj.experts.0.w_lora_B', 'transformer.resblocks.4.attn.k_proj.experts.1.w_lora_A', 'transformer.resblocks.4.attn.k_proj.experts.1.w_lora_B', 'transformer.resblocks.4.attn.v_proj.router.gate.weight', 'transformer.resblocks.4.attn.v_proj.experts.0.w_lora_A', 'transformer.resblocks.4.attn.v_proj.experts.0.w_lora_B', 'transformer.resblocks.4.attn.v_proj.experts.1.w_lora_A', 'transformer.resblocks.4.attn.v_proj.experts.1.w_lora_B', 'transformer.resblocks.5.attn.q_proj.router.gate.weight', 'transformer.resblocks.5.attn.q_proj.experts.0.w_lora_A', 'transformer.resblocks.5.attn.q_proj.experts.0.w_lora_B', 'transformer.resblocks.5.attn.q_proj.experts.1.w_lora_A', 'transformer.resblocks.5.attn.q_proj.experts.1.w_lora_B', 'transformer.resblocks.5.attn.k_proj.router.gate.weight', 'transformer.resblocks.5.attn.k_proj.experts.0.w_lora_A', 'transformer.resblocks.5.attn.k_proj.experts.0.w_lora_B', 'transformer.resblocks.5.attn.k_proj.experts.1.w_lora_A', 'transformer.resblocks.5.attn.k_proj.experts.1.w_lora_B', 'transformer.resblocks.5.attn.v_proj.router.gate.weight', 'transformer.resblocks.5.attn.v_proj.experts.0.w_lora_A', 'transformer.resblocks.5.attn.v_proj.experts.0.w_lora_B', 'transformer.resblocks.5.attn.v_proj.experts.1.w_lora_A', 'transformer.resblocks.5.attn.v_proj.experts.1.w_lora_B', 'transformer.resblocks.6.attn.q_proj.router.gate.weight', 'transformer.resblocks.6.attn.q_proj.experts.0.w_lora_A', 'transformer.resblocks.6.attn.q_proj.experts.0.w_lora_B', 'transformer.resblocks.6.attn.q_proj.experts.1.w_lora_A', 'transformer.resblocks.6.attn.q_proj.experts.1.w_lora_B', 'transformer.resblocks.6.attn.k_proj.router.gate.weight', 'transformer.resblocks.6.attn.k_proj.experts.0.w_lora_A', 'transformer.resblocks.6.attn.k_proj.experts.0.w_lora_B', 'transformer.resblocks.6.attn.k_proj.experts.1.w_lora_A', 'transformer.resblocks.6.attn.k_proj.experts.1.w_lora_B', 'transformer.resblocks.6.attn.v_proj.router.gate.weight', 'transformer.resblocks.6.attn.v_proj.experts.0.w_lora_A', 'transformer.resblocks.6.attn.v_proj.experts.0.w_lora_B', 'transformer.resblocks.6.attn.v_proj.experts.1.w_lora_A', 'transformer.resblocks.6.attn.v_proj.experts.1.w_lora_B', 'transformer.resblocks.7.attn.q_proj.router.gate.weight', 'transformer.resblocks.7.attn.q_proj.experts.0.w_lora_A', 'transformer.resblocks.7.attn.q_proj.experts.0.w_lora_B', 'transformer.resblocks.7.attn.q_proj.experts.1.w_lora_A', 'transformer.resblocks.7.attn.q_proj.experts.1.w_lora_B', 'transformer.resblocks.7.attn.k_proj.router.gate.weight', 'transformer.resblocks.7.attn.k_proj.experts.0.w_lora_A', 'transformer.resblocks.7.attn.k_proj.experts.0.w_lora_B', 'transformer.resblocks.7.attn.k_proj.experts.1.w_lora_A', 'transformer.resblocks.7.attn.k_proj.experts.1.w_lora_B', 'transformer.resblocks.7.attn.v_proj.router.gate.weight', 'transformer.resblocks.7.attn.v_proj.experts.0.w_lora_A', 'transformer.resblocks.7.attn.v_proj.experts.0.w_lora_B', 'transformer.resblocks.7.attn.v_proj.experts.1.w_lora_A', 'transformer.resblocks.7.attn.v_proj.experts.1.w_lora_B', 'transformer.resblocks.8.attn.q_proj.router.gate.weight', 'transformer.resblocks.8.attn.q_proj.experts.0.w_lora_A', 'transformer.resblocks.8.attn.q_proj.experts.0.w_lora_B', 'transformer.resblocks.8.attn.q_proj.experts.1.w_lora_A', 'transformer.resblocks.8.attn.q_proj.experts.1.w_lora_B', 'transformer.resblocks.8.attn.k_proj.router.gate.weight', 'transformer.resblocks.8.attn.k_proj.experts.0.w_lora_A', 'transformer.resblocks.8.attn.k_proj.experts.0.w_lora_B', 'transformer.resblocks.8.attn.k_proj.experts.1.w_lora_A', 'transformer.resblocks.8.attn.k_proj.experts.1.w_lora_B', 'transformer.resblocks.8.attn.v_proj.router.gate.weight', 'transformer.resblocks.8.attn.v_proj.experts.0.w_lora_A', 'transformer.resblocks.8.attn.v_proj.experts.0.w_lora_B', 'transformer.resblocks.8.attn.v_proj.experts.1.w_lora_A', 'transformer.resblocks.8.attn.v_proj.experts.1.w_lora_B', 'transformer.resblocks.9.attn.q_proj.router.gate.weight', 'transformer.resblocks.9.attn.q_proj.experts.0.w_lora_A', 'transformer.resblocks.9.attn.q_proj.experts.0.w_lora_B', 'transformer.resblocks.9.attn.q_proj.experts.1.w_lora_A', 'transformer.resblocks.9.attn.q_proj.experts.1.w_lora_B', 'transformer.resblocks.9.attn.k_proj.router.gate.weight', 'transformer.resblocks.9.attn.k_proj.experts.0.w_lora_A', 'transformer.resblocks.9.attn.k_proj.experts.0.w_lora_B', 'transformer.resblocks.9.attn.k_proj.experts.1.w_lora_A', 'transformer.resblocks.9.attn.k_proj.experts.1.w_lora_B', 'transformer.resblocks.9.attn.v_proj.router.gate.weight', 'transformer.resblocks.9.attn.v_proj.experts.0.w_lora_A', 'transformer.resblocks.9.attn.v_proj.experts.0.w_lora_B', 'transformer.resblocks.9.attn.v_proj.experts.1.w_lora_A', 'transformer.resblocks.9.attn.v_proj.experts.1.w_lora_B', 'transformer.resblocks.10.attn.q_proj.router.gate.weight', 'transformer.resblocks.10.attn.q_proj.experts.0.w_lora_A', 'transformer.resblocks.10.attn.q_proj.experts.0.w_lora_B', 'transformer.resblocks.10.attn.q_proj.experts.1.w_lora_A', 'transformer.resblocks.10.attn.q_proj.experts.1.w_lora_B', 'transformer.resblocks.10.attn.k_proj.router.gate.weight', 'transformer.resblocks.10.attn.k_proj.experts.0.w_lora_A', 'transformer.resblocks.10.attn.k_proj.experts.0.w_lora_B', 'transformer.resblocks.10.attn.k_proj.experts.1.w_lora_A', 'transformer.resblocks.10.attn.k_proj.experts.1.w_lora_B', 'transformer.resblocks.10.attn.v_proj.router.gate.weight', 'transformer.resblocks.10.attn.v_proj.experts.0.w_lora_A', 'transformer.resblocks.10.attn.v_proj.experts.0.w_lora_B', 'transformer.resblocks.10.attn.v_proj.experts.1.w_lora_A', 'transformer.resblocks.10.attn.v_proj.experts.1.w_lora_B', 'transformer.resblocks.11.attn.q_proj.router.gate.weight', 'transformer.resblocks.11.attn.q_proj.experts.0.w_lora_A', 'transformer.resblocks.11.attn.q_proj.experts.0.w_lora_B', 'transformer.resblocks.11.attn.q_proj.experts.1.w_lora_A', 'transformer.resblocks.11.attn.q_proj.experts.1.w_lora_B', 'transformer.resblocks.11.attn.k_proj.router.gate.weight', 'transformer.resblocks.11.attn.k_proj.experts.0.w_lora_A', 'transformer.resblocks.11.attn.k_proj.experts.0.w_lora_B', 'transformer.resblocks.11.attn.k_proj.experts.1.w_lora_A', 'transformer.resblocks.11.attn.k_proj.experts.1.w_lora_B', 'transformer.resblocks.11.attn.v_proj.router.gate.weight', 'transformer.resblocks.11.attn.v_proj.experts.0.w_lora_A', 'transformer.resblocks.11.attn.v_proj.experts.0.w_lora_B', 'transformer.resblocks.11.attn.v_proj.experts.1.w_lora_A', 'transformer.resblocks.11.attn.v_proj.experts.1.w_lora_B']
LR: 0.000200, Acc: 74.3243, Loss: 0.8952
LR: 0.000200, Acc: 81.0811, Loss: 0.8298
LR: 0.000200, Acc: 79.7297, Loss: 0.7989
LR: 0.000200, Acc: 83.7838, Loss: 0.5896
LR: 0.000200, Acc: 83.7838, Loss: 0.6867
LR: 0.000200, Acc: 82.4324, Loss: 0.6960
LR: 0.000200, Acc: 82.4324, Loss: 0.6125
LR: 0.000200, Acc: 75.6757, Loss: 0.7983
LR: 0.000200, Acc: 78.3784, Loss: 0.6740
LR: 0.000200, Acc: 75.6757, Loss: 0.7195
LR: 0.000199, Acc: 87.8378, Loss: 0.5074
LR: 0.000199, Acc: 82.4324, Loss: 0.5699
LR: 0.000199, Acc: 79.7297, Loss: 0.7806
LR: 0.000199, Acc: 87.8378, Loss: 0.4400
LR: 0.000199, Acc: 81.0811, Loss: 0.6223
LR: 0.000199, Acc: 86.4865, Loss: 0.4927
LR: 0.000199, Acc: 85.1351, Loss: 0.3964
LR: 0.000199, Acc: 82.4324, Loss: 0.4604
LR: 0.000198, Acc: 91.8919, Loss: 0.2582
LR: 0.000198, Acc: 87.8378, Loss: 0.4692
LR: 0.000198, Acc: 94.5946, Loss: 0.2185
LR: 0.000198, Acc: 85.1351, Loss: 0.5172
LR: 0.000198, Acc: 86.4865, Loss: 0.4479
LR: 0.000197, Acc: 91.8919, Loss: 0.3601
LR: 0.000197, Acc: 83.7838, Loss: 0.5860
LR: 0.000197, Acc: 90.5405, Loss: 0.3513
LR: 0.000197, Acc: 79.7297, Loss: 0.6095
LR: 0.000197, Acc: 82.4324, Loss: 0.6299
LR: 0.000196, Acc: 93.2432, Loss: 0.3095
LR: 0.000196, Acc: 90.5405, Loss: 0.3482
LR: 0.000196, Acc: 89.1892, Loss: 0.3996
LR: 0.000196, Acc: 85.1351, Loss: 0.5151
LR: 0.000195, Acc: 91.8919, Loss: 0.3568
LR: 0.000195, Acc: 93.2432, Loss: 0.2488
LR: 0.000195, Acc: 86.4865, Loss: 0.5369
LR: 0.000194, Acc: 90.5405, Loss: 0.3701
LR: 0.000194, Acc: 94.5946, Loss: 0.2730
LR: 0.000194, Acc: 93.2432, Loss: 0.2835
LR: 0.000193, Acc: 93.2432, Loss: 0.2361
LR: 0.000193, Acc: 86.4865, Loss: 0.4112
LR: 0.000193, Acc: 93.2432, Loss: 0.2734
LR: 0.000192, Acc: 94.5946, Loss: 0.2445
LR: 0.000192, Acc: 91.8919, Loss: 0.2440
LR: 0.000192, Acc: 94.5946, Loss: 0.2458
LR: 0.000191, Acc: 93.2432, Loss: 0.2183
LR: 0.000191, Acc: 93.2432, Loss: 0.2557
LR: 0.000190, Acc: 95.9459, Loss: 0.1792
LR: 0.000190, Acc: 91.8919, Loss: 0.3268
LR: 0.000190, Acc: 90.5405, Loss: 0.2732
LR: 0.000189, Acc: 93.2432, Loss: 0.2750
LR: 0.000189, Acc: 90.5405, Loss: 0.2751
LR: 0.000188, Acc: 94.5946, Loss: 0.2201
LR: 0.000188, Acc: 91.8919, Loss: 0.1909
LR: 0.000187, Acc: 90.5405, Loss: 0.3045
LR: 0.000187, Acc: 94.5946, Loss: 0.2316
LR: 0.000186, Acc: 93.2432, Loss: 0.2316
LR: 0.000186, Acc: 94.5946, Loss: 0.1718
LR: 0.000186, Acc: 94.5946, Loss: 0.0934
LR: 0.000185, Acc: 94.5946, Loss: 0.2408
LR: 0.000185, Acc: 86.4865, Loss: 0.4242
LR: 0.000184, Acc: 94.5946, Loss: 0.1974
LR: 0.000183, Acc: 94.5946, Loss: 0.1327
LR: 0.000183, Acc: 91.8919, Loss: 0.2289
LR: 0.000182, Acc: 94.5946, Loss: 0.2295
LR: 0.000182, Acc: 93.2432, Loss: 0.2660
LR: 0.000181, Acc: 91.8919, Loss: 0.3860
LR: 0.000181, Acc: 89.1892, Loss: 0.3228
LR: 0.000180, Acc: 91.8919, Loss: 0.2748
LR: 0.000180, Acc: 89.1892, Loss: 0.2983
LR: 0.000179, Acc: 94.5946, Loss: 0.2199
LR: 0.000179, Acc: 91.8919, Loss: 0.2551
LR: 0.000178, Acc: 94.5946, Loss: 0.2364
LR: 0.000177, Acc: 90.5405, Loss: 0.2783
LR: 0.000177, Acc: 93.2432, Loss: 0.2016
LR: 0.000176, Acc: 91.8919, Loss: 0.2689
LR: 0.000176, Acc: 93.2432, Loss: 0.2774
LR: 0.000175, Acc: 94.5946, Loss: 0.2375
LR: 0.000174, Acc: 93.2432, Loss: 0.1386
LR: 0.000174, Acc: 95.9459, Loss: 0.1932
LR: 0.000173, Acc: 93.2432, Loss: 0.1889
LR: 0.000172, Acc: 87.8378, Loss: 0.4299
LR: 0.000172, Acc: 95.9459, Loss: 0.1544
LR: 0.000171, Acc: 97.2973, Loss: 0.1305
LR: 0.000170, Acc: 94.5946, Loss: 0.1445
LR: 0.000170, Acc: 97.2973, Loss: 0.0967
LR: 0.000169, Acc: 98.6486, Loss: 0.0933
LR: 0.000168, Acc: 95.9459, Loss: 0.1559
LR: 0.000168, Acc: 95.9459, Loss: 0.2091
LR: 0.000167, Acc: 91.8919, Loss: 0.2787
LR: 0.000166, Acc: 97.2973, Loss: 0.1824
LR: 0.000166, Acc: 95.9459, Loss: 0.1999
LR: 0.000165, Acc: 94.5946, Loss: 0.1567
LR: 0.000164, Acc: 91.8919, Loss: 0.2464
LR: 0.000163, Acc: 94.5946, Loss: 0.2812
LR: 0.000163, Acc: 95.9459, Loss: 0.1465
LR: 0.000162, Acc: 93.2432, Loss: 0.2273
LR: 0.000161, Acc: 97.2973, Loss: 0.1870
LR: 0.000160, Acc: 93.2432, Loss: 0.2095
LR: 0.000160, Acc: 97.2973, Loss: 0.1686
LR: 0.000159, Acc: 94.5946, Loss: 0.2621
LR: 0.000158, Acc: 97.2973, Loss: 0.0878
LR: 0.000157, Acc: 97.2973, Loss: 0.1594
LR: 0.000157, Acc: 90.5405, Loss: 0.2872
LR: 0.000156, Acc: 91.8919, Loss: 0.3614
LR: 0.000155, Acc: 91.8919, Loss: 0.2407
LR: 0.000154, Acc: 94.5946, Loss: 0.1777
LR: 0.000154, Acc: 100.0000, Loss: 0.0289
LR: 0.000153, Acc: 98.6486, Loss: 0.0666
LR: 0.000152, Acc: 93.2432, Loss: 0.2470
LR: 0.000151, Acc: 91.8919, Loss: 0.3152
LR: 0.000150, Acc: 97.2973, Loss: 0.1450
LR: 0.000150, Acc: 91.8919, Loss: 0.3232
LR: 0.000149, Acc: 90.5405, Loss: 0.3636
LR: 0.000148, Acc: 91.8919, Loss: 0.3633
LR: 0.000147, Acc: 97.2973, Loss: 0.1442
LR: 0.000146, Acc: 97.2973, Loss: 0.0927
LR: 0.000145, Acc: 95.9459, Loss: 0.1207
LR: 0.000145, Acc: 95.9459, Loss: 0.1390
LR: 0.000144, Acc: 94.5946, Loss: 0.1829
LR: 0.000143, Acc: 94.5946, Loss: 0.1983
LR: 0.000142, Acc: 90.5405, Loss: 0.2503
LR: 0.000141, Acc: 93.2432, Loss: 0.2401
LR: 0.000140, Acc: 97.2973, Loss: 0.1406
LR: 0.000139, Acc: 93.2432, Loss: 0.4079
LR: 0.000139, Acc: 93.2432, Loss: 0.1992
LR: 0.000138, Acc: 95.9459, Loss: 0.1361
LR: 0.000137, Acc: 94.5946, Loss: 0.1756
LR: 0.000136, Acc: 95.9459, Loss: 0.1459
LR: 0.000135, Acc: 94.5946, Loss: 0.2139
LR: 0.000134, Acc: 95.9459, Loss: 0.2562
LR: 0.000133, Acc: 95.9459, Loss: 0.1177
LR: 0.000132, Acc: 98.6486, Loss: 0.0882
LR: 0.000132, Acc: 97.2973, Loss: 0.1512
LR: 0.000131, Acc: 95.9459, Loss: 0.2019
LR: 0.000130, Acc: 94.5946, Loss: 0.2197
LR: 0.000129, Acc: 93.2432, Loss: 0.2044
LR: 0.000128, Acc: 95.9459, Loss: 0.1202
LR: 0.000127, Acc: 98.6486, Loss: 0.0382
LR: 0.000126, Acc: 91.8919, Loss: 0.1711
LR: 0.000125, Acc: 94.5946, Loss: 0.2258
LR: 0.000124, Acc: 95.9459, Loss: 0.1103
LR: 0.000123, Acc: 95.9459, Loss: 0.1167
LR: 0.000123, Acc: 91.8919, Loss: 0.1843
LR: 0.000122, Acc: 97.2973, Loss: 0.1920
LR: 0.000121, Acc: 98.6486, Loss: 0.0872
LR: 0.000120, Acc: 94.5946, Loss: 0.1623
LR: 0.000119, Acc: 98.6486, Loss: 0.0726
LR: 0.000118, Acc: 98.6486, Loss: 0.1006
LR: 0.000117, Acc: 93.2432, Loss: 0.1702
LR: 0.000116, Acc: 100.0000, Loss: 0.0428
LR: 0.000115, Acc: 98.6486, Loss: 0.0676
LR: 0.000114, Acc: 94.5946, Loss: 0.1744
LR: 0.000113, Acc: 90.5405, Loss: 0.2099
LR: 0.000112, Acc: 94.5946, Loss: 0.1479
LR: 0.000111, Acc: 94.5946, Loss: 0.1648
LR: 0.000110, Acc: 97.2973, Loss: 0.0906
LR: 0.000110, Acc: 97.2973, Loss: 0.1120
LR: 0.000109, Acc: 91.8919, Loss: 0.2794
LR: 0.000108, Acc: 94.5946, Loss: 0.0993
LR: 0.000107, Acc: 94.5946, Loss: 0.1702
LR: 0.000106, Acc: 97.2973, Loss: 0.1607
LR: 0.000105, Acc: 94.5946, Loss: 0.2206
LR: 0.000104, Acc: 95.9459, Loss: 0.2190
LR: 0.000103, Acc: 90.5405, Loss: 0.3497
LR: 0.000102, Acc: 91.8919, Loss: 0.2409
LR: 0.000101, Acc: 94.5946, Loss: 0.1915
LR: 0.000100, Acc: 97.2973, Loss: 0.0551
LR: 0.000099, Acc: 95.9459, Loss: 0.1573
LR: 0.000098, Acc: 91.8919, Loss: 0.3387
LR: 0.000097, Acc: 94.5946, Loss: 0.2375
LR: 0.000096, Acc: 97.2973, Loss: 0.0924
LR: 0.000096, Acc: 98.6486, Loss: 0.0494
LR: 0.000095, Acc: 95.9459, Loss: 0.1473
LR: 0.000094, Acc: 90.5405, Loss: 0.2943
LR: 0.000093, Acc: 93.2432, Loss: 0.2381
LR: 0.000092, Acc: 97.2973, Loss: 0.0779
LR: 0.000091, Acc: 98.6486, Loss: 0.0973
LR: 0.000090, Acc: 95.9459, Loss: 0.1701
LR: 0.000089, Acc: 97.2973, Loss: 0.0747
LR: 0.000088, Acc: 95.9459, Loss: 0.2047
LR: 0.000087, Acc: 95.9459, Loss: 0.1340
LR: 0.000086, Acc: 95.9459, Loss: 0.1384
LR: 0.000085, Acc: 97.2973, Loss: 0.1246
LR: 0.000084, Acc: 94.5946, Loss: 0.1684
LR: 0.000083, Acc: 95.9459, Loss: 0.1880
LR: 0.000082, Acc: 98.6486, Loss: 0.0947
LR: 0.000082, Acc: 94.5946, Loss: 0.1928
LR: 0.000081, Acc: 93.2432, Loss: 0.1936
LR: 0.000080, Acc: 94.5946, Loss: 0.1578
LR: 0.000079, Acc: 95.9459, Loss: 0.1685
LR: 0.000078, Acc: 95.9459, Loss: 0.1626
LR: 0.000077, Acc: 100.0000, Loss: 0.0254
LR: 0.000076, Acc: 97.2973, Loss: 0.0924
LR: 0.000075, Acc: 91.8919, Loss: 0.2781
LR: 0.000074, Acc: 97.2973, Loss: 0.0862
LR: 0.000073, Acc: 91.8919, Loss: 0.1929
LR: 0.000072, Acc: 97.2973, Loss: 0.0790
LR: 0.000072, Acc: 93.2432, Loss: 0.2098
LR: 0.000071, Acc: 98.6486, Loss: 0.0585
LR: 0.000070, Acc: 95.9459, Loss: 0.2248
LR: 0.000069, Acc: 95.9459, Loss: 0.0762
LR: 0.000068, Acc: 93.2432, Loss: 0.2700
LR: 0.000067, Acc: 98.6486, Loss: 0.0554
LR: 0.000066, Acc: 98.6486, Loss: 0.0762
LR: 0.000065, Acc: 97.2973, Loss: 0.0763
LR: 0.000064, Acc: 97.2973, Loss: 0.1054
LR: 0.000064, Acc: 98.6486, Loss: 0.0573
LR: 0.000063, Acc: 97.2973, Loss: 0.0883
LR: 0.000062, Acc: 95.9459, Loss: 0.1155
LR: 0.000061, Acc: 98.6486, Loss: 0.0649
LR: 0.000060, Acc: 98.6486, Loss: 0.0656
LR: 0.000059, Acc: 97.2973, Loss: 0.0906
LR: 0.000058, Acc: 98.6486, Loss: 0.0672
LR: 0.000058, Acc: 97.2973, Loss: 0.1276
LR: 0.000057, Acc: 97.2973, Loss: 0.2213
LR: 0.000056, Acc: 95.9459, Loss: 0.1938
LR: 0.000055, Acc: 95.9459, Loss: 0.1211
LR: 0.000054, Acc: 98.6486, Loss: 0.0715
LR: 0.000053, Acc: 95.9459, Loss: 0.1691
LR: 0.000053, Acc: 97.2973, Loss: 0.0895
LR: 0.000052, Acc: 97.2973, Loss: 0.1954
LR: 0.000051, Acc: 100.0000, Loss: 0.0510
LR: 0.000050, Acc: 93.2432, Loss: 0.1612
LR: 0.000049, Acc: 98.6486, Loss: 0.1158
LR: 0.000049, Acc: 97.2973, Loss: 0.1548
LR: 0.000048, Acc: 94.5946, Loss: 0.1820
LR: 0.000047, Acc: 98.6486, Loss: 0.0792
LR: 0.000046, Acc: 94.5946, Loss: 0.1776
LR: 0.000045, Acc: 95.9459, Loss: 0.0947
LR: 0.000045, Acc: 94.5946, Loss: 0.2450
LR: 0.000044, Acc: 95.9459, Loss: 0.1049
LR: 0.000043, Acc: 93.2432, Loss: 0.1936
LR: 0.000042, Acc: 94.5946, Loss: 0.1054
LR: 0.000042, Acc: 95.9459, Loss: 0.1252
LR: 0.000041, Acc: 95.9459, Loss: 0.1858
LR: 0.000040, Acc: 94.5946, Loss: 0.1945
LR: 0.000039, Acc: 95.9459, Loss: 0.1165
LR: 0.000039, Acc: 94.5946, Loss: 0.1650
LR: 0.000038, Acc: 98.6486, Loss: 0.0471
LR: 0.000037, Acc: 93.2432, Loss: 0.2668
LR: 0.000036, Acc: 95.9459, Loss: 0.0956
LR: 0.000036, Acc: 90.5405, Loss: 0.4490
LR: 0.000035, Acc: 93.2432, Loss: 0.1903
LR: 0.000034, Acc: 97.2973, Loss: 0.0757
LR: 0.000034, Acc: 95.9459, Loss: 0.1281
LR: 0.000033, Acc: 95.9459, Loss: 0.1188
LR: 0.000032, Acc: 95.9459, Loss: 0.1242
LR: 0.000031, Acc: 95.9459, Loss: 0.1761
LR: 0.000031, Acc: 91.8919, Loss: 0.3037
LR: 0.000030, Acc: 98.6486, Loss: 0.1335
LR: 0.000029, Acc: 98.6486, Loss: 0.0848
LR: 0.000029, Acc: 94.5946, Loss: 0.2146
LR: 0.000028, Acc: 98.6486, Loss: 0.0726
LR: 0.000028, Acc: 97.2973, Loss: 0.0766
LR: 0.000027, Acc: 98.6486, Loss: 0.0542
LR: 0.000026, Acc: 98.6486, Loss: 0.0601
LR: 0.000026, Acc: 93.2432, Loss: 0.2591
LR: 0.000025, Acc: 97.2973, Loss: 0.1392
LR: 0.000024, Acc: 100.0000, Loss: 0.0230
LR: 0.000024, Acc: 98.6486, Loss: 0.0469
LR: 0.000023, Acc: 97.2973, Loss: 0.0694
LR: 0.000023, Acc: 97.2973, Loss: 0.1014
LR: 0.000022, Acc: 98.6486, Loss: 0.0460
LR: 0.000021, Acc: 93.2432, Loss: 0.1583
LR: 0.000021, Acc: 98.6486, Loss: 0.0450
LR: 0.000020, Acc: 97.2973, Loss: 0.1432
LR: 0.000020, Acc: 95.9459, Loss: 0.1013
LR: 0.000019, Acc: 93.2432, Loss: 0.1918
LR: 0.000019, Acc: 95.9459, Loss: 0.1934
LR: 0.000018, Acc: 97.2973, Loss: 0.0613
LR: 0.000018, Acc: 93.2432, Loss: 0.2629
LR: 0.000017, Acc: 97.2973, Loss: 0.1299
LR: 0.000017, Acc: 95.9459, Loss: 0.1685
LR: 0.000016, Acc: 95.9459, Loss: 0.0885
LR: 0.000016, Acc: 98.6486, Loss: 0.1127
LR: 0.000015, Acc: 95.9459, Loss: 0.1498
LR: 0.000015, Acc: 98.6486, Loss: 0.0744
LR: 0.000014, Acc: 97.2973, Loss: 0.0608
LR: 0.000014, Acc: 98.6486, Loss: 0.0355
LR: 0.000013, Acc: 100.0000, Loss: 0.0352
LR: 0.000013, Acc: 94.5946, Loss: 0.2241
LR: 0.000012, Acc: 95.9459, Loss: 0.0967
LR: 0.000012, Acc: 97.2973, Loss: 0.1974
LR: 0.000012, Acc: 98.6486, Loss: 0.0624
LR: 0.000011, Acc: 95.9459, Loss: 0.0846
LR: 0.000011, Acc: 94.5946, Loss: 0.1808
LR: 0.000010, Acc: 93.2432, Loss: 0.1409
LR: 0.000010, Acc: 94.5946, Loss: 0.2071
LR: 0.000010, Acc: 90.5405, Loss: 0.2229
LR: 0.000009, Acc: 97.2973, Loss: 0.1121
LR: 0.000009, Acc: 93.2432, Loss: 0.2806
LR: 0.000008, Acc: 91.8919, Loss: 0.2692
LR: 0.000008, Acc: 95.9459, Loss: 0.1224
LR: 0.000008, Acc: 95.9459, Loss: 0.1189
LR: 0.000007, Acc: 95.9459, Loss: 0.1369
LR: 0.000007, Acc: 97.2973, Loss: 0.1578
LR: 0.000007, Acc: 95.9459, Loss: 0.1365
LR: 0.000006, Acc: 97.2973, Loss: 0.0800
LR: 0.000006, Acc: 98.6486, Loss: 0.1158
LR: 0.000006, Acc: 97.2973, Loss: 0.1652
>>> Switching to ROUTER-ONLY finetuning <<<
LR: 0.000200, Acc: 95.9459, Loss: 0.1304
LR: 0.000198, Acc: 97.2973, Loss: 0.0900
LR: 0.000196, Acc: 95.9459, Loss: 0.1961
LR: 0.000193, Acc: 98.6486, Loss: 0.0578
LR: 0.000189, Acc: 97.2973, Loss: 0.0732
LR: 0.000185, Acc: 93.2432, Loss: 0.2512
LR: 0.000179, Acc: 98.6486, Loss: 0.0341
LR: 0.000173, Acc: 93.2432, Loss: 0.2522
LR: 0.000166, Acc: 97.2973, Loss: 0.1233
LR: 0.000159, Acc: 98.6486, Loss: 0.0834
LR: 0.000151, Acc: 95.9459, Loss: 0.1215
LR: 0.000143, Acc: 95.9459, Loss: 0.1493
LR: 0.000134, Acc: 97.2973, Loss: 0.1261
LR: 0.000125, Acc: 97.2973, Loss: 0.0676
LR: 0.000116, Acc: 100.0000, Loss: 0.0570
LR: 0.000107, Acc: 91.8919, Loss: 0.2452
LR: 0.000097, Acc: 98.6486, Loss: 0.0385
LR: 0.000088, Acc: 95.9459, Loss: 0.1702
LR: 0.000079, Acc: 98.6486, Loss: 0.1008
LR: 0.000070, Acc: 98.6486, Loss: 0.0736
LR: 0.000061, Acc: 98.6486, Loss: 0.1307
LR: 0.000053, Acc: 98.6486, Loss: 0.0557
LR: 0.000045, Acc: 93.2432, Loss: 0.2552
LR: 0.000037, Acc: 94.5946, Loss: 0.1870
LR: 0.000030, Acc: 97.2973, Loss: 0.1200
LR: 0.000024, Acc: 97.2973, Loss: 0.0724
LR: 0.000018, Acc: 94.5946, Loss: 0.2050
LR: 0.000013, Acc: 93.2432, Loss: 0.2531
LR: 0.000009, Acc: 91.8919, Loss: 0.3358
LR: 0.000006, Acc: 95.9459, Loss: 0.0853
LR: 0.000003, Acc: 98.6486, Loss: 0.0640
LR: 0.000002, Acc: 95.9459, Loss: 0.1302
LR: 0.000001, Acc: 97.2973, Loss: 0.1223
**** Final test accuracy: 92.04. ****

LoRA weights saved to weights/vitb16/oxford_pets/2shots/2experts/seed1/CLIP-MoLE_oxford_pets.pt
