created virtual environment CPython3.10.13.final.0-64 in 990ms
  creator CPython3Posix(dest=/localscratch/pedro36.57141133.0/env, clear=False, no_vcs_ignore=False, global=False)
  seeder FromAppData(download=False, pip=bundle, setuptools=bundle, wheel=bundle, via=copy, app_data_dir=/home/pedro36/.local/share/virtualenv)
    added seed packages: pip==25.1.1, setuptools==80.7.1, wheel==0.45.1+computecanada
  activators BashActivator,CShellActivator,FishActivator,NushellActivator,PowerShellActivator,PythonActivator
Looking in links: /cvmfs/soft.computecanada.ca/custom/python/wheelhouse/gentoo2023/x86-64-v4, /cvmfs/soft.computecanada.ca/custom/python/wheelhouse/gentoo2023/x86-64-v3, /cvmfs/soft.computecanada.ca/custom/python/wheelhouse/gentoo2023/generic, /cvmfs/soft.computecanada.ca/custom/python/wheelhouse/generic
Requirement already satisfied: pip in /localscratch/pedro36.57141133.0/env/lib/python3.10/site-packages (25.1.1)
Looking in links: /cvmfs/soft.computecanada.ca/custom/python/wheelhouse/gentoo2023/x86-64-v4, /cvmfs/soft.computecanada.ca/custom/python/wheelhouse/gentoo2023/x86-64-v3, /cvmfs/soft.computecanada.ca/custom/python/wheelhouse/gentoo2023/generic, /cvmfs/soft.computecanada.ca/custom/python/wheelhouse/generic
Processing /cvmfs/soft.computecanada.ca/custom/python/wheelhouse/gentoo2023/x86-64-v3/torch-2.6.0+computecanada-cp310-cp310-linux_x86_64.whl
Processing /cvmfs/soft.computecanada.ca/custom/python/wheelhouse/gentoo2023/generic/torchvision-0.21.0+computecanada-cp310-cp310-linux_x86_64.whl
Processing /cvmfs/soft.computecanada.ca/custom/python/wheelhouse/gentoo2023/x86-64-v3/torchaudio-2.6.0+computecanada-cp310-cp310-linux_x86_64.whl
Processing /cvmfs/soft.computecanada.ca/custom/python/wheelhouse/generic/ftfy-6.3.0+computecanada-py3-none-any.whl
Processing /cvmfs/soft.computecanada.ca/custom/python/wheelhouse/gentoo2023/generic/scipy-1.15.1+computecanada-cp310-cp310-linux_x86_64.whl
Processing /cvmfs/soft.computecanada.ca/custom/python/wheelhouse/generic/regex-2024.9.11+computecanada-cp310-cp310-linux_x86_64.whl
Processing /cvmfs/soft.computecanada.ca/custom/python/wheelhouse/generic/tqdm-4.67.1+computecanada-py3-none-any.whl
Processing /cvmfs/soft.computecanada.ca/custom/python/wheelhouse/generic/gdown-5.2.0+computecanada-py3-none-any.whl
Processing /cvmfs/soft.computecanada.ca/custom/python/wheelhouse/gentoo2023/x86-64-v3/pandas-2.2.3+computecanada-cp310-cp310-linux_x86_64.whl
Processing /cvmfs/soft.computecanada.ca/custom/python/wheelhouse/generic/filelock-3.18.0+computecanada-py3-none-any.whl (from torch)
Processing /cvmfs/soft.computecanada.ca/custom/python/wheelhouse/generic/typing_extensions-4.14.0+computecanada-py3-none-any.whl (from torch)
Processing /cvmfs/soft.computecanada.ca/custom/python/wheelhouse/generic/networkx-3.5+computecanada-py3-none-any.whl (from torch)
Processing /cvmfs/soft.computecanada.ca/custom/python/wheelhouse/generic/jinja2-3.1.6+computecanada-py3-none-any.whl (from torch)
Processing /cvmfs/soft.computecanada.ca/custom/python/wheelhouse/generic/fsspec-2025.5.1+computecanada-py3-none-any.whl (from torch)
Processing /cvmfs/soft.computecanada.ca/custom/python/wheelhouse/generic/sympy-1.13.1+computecanada-py3-none-any.whl (from torch)
Processing /cvmfs/soft.computecanada.ca/custom/python/wheelhouse/generic/mpmath-1.3.0+computecanada-py3-none-any.whl (from sympy==1.13.1->torch)
Processing /cvmfs/soft.computecanada.ca/custom/python/wheelhouse/gentoo2023/generic/numpy-2.2.2+computecanada-cp310-cp310-linux_x86_64.whl (from torchvision)
Processing /cvmfs/soft.computecanada.ca/custom/python/wheelhouse/gentoo2023/x86-64-v3/Pillow_SIMD-9.5.0.post2+computecanada-cp310-cp310-linux_x86_64.whl (from torchvision)
Processing /cvmfs/soft.computecanada.ca/custom/python/wheelhouse/generic/wcwidth-0.2.13+computecanada-py2.py3-none-any.whl (from ftfy)
Processing /cvmfs/soft.computecanada.ca/custom/python/wheelhouse/generic/beautifulsoup4-4.13.4+computecanada-py3-none-any.whl (from gdown)
Processing /cvmfs/soft.computecanada.ca/custom/python/wheelhouse/generic/requests-2.32.4+computecanada-py3-none-any.whl (from gdown)
Processing /cvmfs/soft.computecanada.ca/custom/python/wheelhouse/generic/python_dateutil-2.9.0.post0+computecanada-py2.py3-none-any.whl (from pandas)
Processing /cvmfs/soft.computecanada.ca/custom/python/wheelhouse/generic/pytz-2025.2+computecanada-py2.py3-none-any.whl (from pandas)
Processing /cvmfs/soft.computecanada.ca/custom/python/wheelhouse/generic/tzdata-2025.2+computecanada-py2.py3-none-any.whl (from pandas)
Processing /cvmfs/soft.computecanada.ca/custom/python/wheelhouse/generic/six-1.17.0+computecanada-py2.py3-none-any.whl (from python-dateutil>=2.8.2->pandas)
Processing /cvmfs/soft.computecanada.ca/custom/python/wheelhouse/generic/soupsieve-2.7+computecanada-py3-none-any.whl (from beautifulsoup4->gdown)
Processing /cvmfs/soft.computecanada.ca/custom/python/wheelhouse/generic/MarkupSafe-2.1.5+computecanada-cp310-cp310-linux_x86_64.whl (from jinja2->torch)
INFO: pip is looking at multiple versions of networkx to determine which version is compatible with other requirements. This could take a while.
Processing /cvmfs/soft.computecanada.ca/custom/python/wheelhouse/generic/networkx-3.4.2+computecanada-py3-none-any.whl (from torch)
Processing /cvmfs/soft.computecanada.ca/custom/python/wheelhouse/generic/charset_normalizer-3.4.2+computecanada-py3-none-any.whl (from requests[socks]->gdown)
Processing /cvmfs/soft.computecanada.ca/custom/python/wheelhouse/generic/idna-3.10+computecanada-py3-none-any.whl (from requests[socks]->gdown)
Processing /cvmfs/soft.computecanada.ca/custom/python/wheelhouse/generic/urllib3-2.5.0+computecanada-py3-none-any.whl (from requests[socks]->gdown)
Processing /cvmfs/soft.computecanada.ca/custom/python/wheelhouse/generic/certifi-2025.6.15+computecanada-py3-none-any.whl (from requests[socks]->gdown)
Processing /cvmfs/soft.computecanada.ca/custom/python/wheelhouse/generic/PySocks-1.7.1+computecanada-py3-none-any.whl (from requests[socks]->gdown)
Installing collected packages: wcwidth, pytz, mpmath, urllib3, tzdata, typing-extensions, tqdm, sympy, soupsieve, six, regex, PySocks, pillow-simd, numpy, networkx, MarkupSafe, idna, ftfy, fsspec, filelock, charset-normalizer, certifi, scipy, requests, python-dateutil, jinja2, beautifulsoup4, torch, pandas, torchvision, torchaudio, gdown

Successfully installed MarkupSafe-2.1.5+computecanada PySocks-1.7.1+computecanada beautifulsoup4-4.13.4+computecanada certifi-2025.6.15+computecanada charset-normalizer-3.4.2+computecanada filelock-3.18.0+computecanada fsspec-2025.5.1+computecanada ftfy-6.3.0+computecanada gdown-5.2.0+computecanada idna-3.10+computecanada jinja2-3.1.6+computecanada mpmath-1.3.0+computecanada networkx-3.4.2+computecanada numpy-2.2.2+computecanada pandas-2.2.3+computecanada pillow-simd-9.5.0.post2+computecanada python-dateutil-2.9.0.post0+computecanada pytz-2025.2+computecanada regex-2024.9.11+computecanada requests-2.32.4+computecanada scipy-1.15.1+computecanada six-1.17.0+computecanada soupsieve-2.7+computecanada sympy-1.13.1+computecanada torch-2.6.0+computecanada torchaudio-2.6.0+computecanada torchvision-0.21.0+computecanada tqdm-4.67.1+computecanada typing-extensions-4.14.0+computecanada tzdata-2025.2+computecanada urllib3-2.5.0+computecanada wcwidth-0.2.13+computecanada
Preparing dataset.
Reading split from /home/pedro36/projects/def-leszek/pedro36/datasets/DATA/OxfordPets/split_zhou_OxfordPets.json
Creating a 4-shot dataset
Creating a 4-shot dataset

Getting textual features as CLIP's classifier.

Loading visual features and labels from val set.

Loading visual features and labels from test set.

**** Zero-shot CLIP's test accuracy: 88.20. ****

Residual Attention Block 0: ResidualAttentionBlock(
  (attn): MultiheadAttention(
    (out_proj): NonDynamicallyQuantizableLinear(in_features=512, out_features=512, bias=True)
  )
  (ln_1): LayerNorm((512,), eps=1e-05, elementwise_affine=True)
  (mlp): Sequential(
    (c_fc): Linear(in_features=512, out_features=2048, bias=True)
    (gelu): QuickGELU()
    (c_proj): Linear(in_features=2048, out_features=512, bias=True)
  )
  (ln_2): LayerNorm((512,), eps=1e-05, elementwise_affine=True)
)
Residual Attention Block 1: ResidualAttentionBlock(
  (attn): MultiheadAttention(
    (out_proj): NonDynamicallyQuantizableLinear(in_features=512, out_features=512, bias=True)
  )
  (ln_1): LayerNorm((512,), eps=1e-05, elementwise_affine=True)
  (mlp): Sequential(
    (c_fc): Linear(in_features=512, out_features=2048, bias=True)
    (gelu): QuickGELU()
    (c_proj): Linear(in_features=2048, out_features=512, bias=True)
  )
  (ln_2): LayerNorm((512,), eps=1e-05, elementwise_affine=True)
)
Residual Attention Block 2: ResidualAttentionBlock(
  (attn): MultiheadAttention(
    (out_proj): NonDynamicallyQuantizableLinear(in_features=512, out_features=512, bias=True)
  )
  (ln_1): LayerNorm((512,), eps=1e-05, elementwise_affine=True)
  (mlp): Sequential(
    (c_fc): Linear(in_features=512, out_features=2048, bias=True)
    (gelu): QuickGELU()
    (c_proj): Linear(in_features=2048, out_features=512, bias=True)
  )
  (ln_2): LayerNorm((512,), eps=1e-05, elementwise_affine=True)
)
Residual Attention Block 3: ResidualAttentionBlock(
  (attn): MultiheadAttention(
    (out_proj): NonDynamicallyQuantizableLinear(in_features=512, out_features=512, bias=True)
  )
  (ln_1): LayerNorm((512,), eps=1e-05, elementwise_affine=True)
  (mlp): Sequential(
    (c_fc): Linear(in_features=512, out_features=2048, bias=True)
    (gelu): QuickGELU()
    (c_proj): Linear(in_features=2048, out_features=512, bias=True)
  )
  (ln_2): LayerNorm((512,), eps=1e-05, elementwise_affine=True)
)
Residual Attention Block 4: ResidualAttentionBlock(
  (attn): MultiheadAttention(
    (out_proj): NonDynamicallyQuantizableLinear(in_features=512, out_features=512, bias=True)
  )
  (ln_1): LayerNorm((512,), eps=1e-05, elementwise_affine=True)
  (mlp): Sequential(
    (c_fc): Linear(in_features=512, out_features=2048, bias=True)
    (gelu): QuickGELU()
    (c_proj): Linear(in_features=2048, out_features=512, bias=True)
  )
  (ln_2): LayerNorm((512,), eps=1e-05, elementwise_affine=True)
)
Residual Attention Block 5: ResidualAttentionBlock(
  (attn): MultiheadAttention(
    (out_proj): NonDynamicallyQuantizableLinear(in_features=512, out_features=512, bias=True)
  )
  (ln_1): LayerNorm((512,), eps=1e-05, elementwise_affine=True)
  (mlp): Sequential(
    (c_fc): Linear(in_features=512, out_features=2048, bias=True)
    (gelu): QuickGELU()
    (c_proj): Linear(in_features=2048, out_features=512, bias=True)
  )
  (ln_2): LayerNorm((512,), eps=1e-05, elementwise_affine=True)
)
Residual Attention Block 6: ResidualAttentionBlock(
  (attn): MultiheadAttention(
    (out_proj): NonDynamicallyQuantizableLinear(in_features=512, out_features=512, bias=True)
  )
  (ln_1): LayerNorm((512,), eps=1e-05, elementwise_affine=True)
  (mlp): Sequential(
    (c_fc): Linear(in_features=512, out_features=2048, bias=True)
    (gelu): QuickGELU()
    (c_proj): Linear(in_features=2048, out_features=512, bias=True)
  )
  (ln_2): LayerNorm((512,), eps=1e-05, elementwise_affine=True)
)
Residual Attention Block 7: ResidualAttentionBlock(
  (attn): MultiheadAttention(
    (out_proj): NonDynamicallyQuantizableLinear(in_features=512, out_features=512, bias=True)
  )
  (ln_1): LayerNorm((512,), eps=1e-05, elementwise_affine=True)
  (mlp): Sequential(
    (c_fc): Linear(in_features=512, out_features=2048, bias=True)
    (gelu): QuickGELU()
    (c_proj): Linear(in_features=2048, out_features=512, bias=True)
  )
  (ln_2): LayerNorm((512,), eps=1e-05, elementwise_affine=True)
)
Residual Attention Block 8: ResidualAttentionBlock(
  (attn): MultiheadAttention(
    (out_proj): NonDynamicallyQuantizableLinear(in_features=512, out_features=512, bias=True)
  )
  (ln_1): LayerNorm((512,), eps=1e-05, elementwise_affine=True)
  (mlp): Sequential(
    (c_fc): Linear(in_features=512, out_features=2048, bias=True)
    (gelu): QuickGELU()
    (c_proj): Linear(in_features=2048, out_features=512, bias=True)
  )
  (ln_2): LayerNorm((512,), eps=1e-05, elementwise_affine=True)
)
Residual Attention Block 9: ResidualAttentionBlock(
  (attn): MultiheadAttention(
    (out_proj): NonDynamicallyQuantizableLinear(in_features=512, out_features=512, bias=True)
  )
  (ln_1): LayerNorm((512,), eps=1e-05, elementwise_affine=True)
  (mlp): Sequential(
    (c_fc): Linear(in_features=512, out_features=2048, bias=True)
    (gelu): QuickGELU()
    (c_proj): Linear(in_features=2048, out_features=512, bias=True)
  )
  (ln_2): LayerNorm((512,), eps=1e-05, elementwise_affine=True)
)
Residual Attention Block 10: ResidualAttentionBlock(
  (attn): MultiheadAttention(
    (out_proj): NonDynamicallyQuantizableLinear(in_features=512, out_features=512, bias=True)
  )
  (ln_1): LayerNorm((512,), eps=1e-05, elementwise_affine=True)
  (mlp): Sequential(
    (c_fc): Linear(in_features=512, out_features=2048, bias=True)
    (gelu): QuickGELU()
    (c_proj): Linear(in_features=2048, out_features=512, bias=True)
  )
  (ln_2): LayerNorm((512,), eps=1e-05, elementwise_affine=True)
)
Residual Attention Block 11: ResidualAttentionBlock(
  (attn): MultiheadAttention(
    (out_proj): NonDynamicallyQuantizableLinear(in_features=512, out_features=512, bias=True)
  )
  (ln_1): LayerNorm((512,), eps=1e-05, elementwise_affine=True)
  (mlp): Sequential(
    (c_fc): Linear(in_features=512, out_features=2048, bias=True)
    (gelu): QuickGELU()
    (c_proj): Linear(in_features=2048, out_features=512, bias=True)
  )
  (ln_2): LayerNorm((512,), eps=1e-05, elementwise_affine=True)
)
Residual Attention Block 0: ResidualAttentionBlock(
  (attn): MultiheadAttention(
    (out_proj): NonDynamicallyQuantizableLinear(in_features=768, out_features=768, bias=True)
  )
  (ln_1): LayerNorm((768,), eps=1e-05, elementwise_affine=True)
  (mlp): Sequential(
    (c_fc): Linear(in_features=768, out_features=3072, bias=True)
    (gelu): QuickGELU()
    (c_proj): Linear(in_features=3072, out_features=768, bias=True)
  )
  (ln_2): LayerNorm((768,), eps=1e-05, elementwise_affine=True)
)
Residual Attention Block 1: ResidualAttentionBlock(
  (attn): MultiheadAttention(
    (out_proj): NonDynamicallyQuantizableLinear(in_features=768, out_features=768, bias=True)
  )
  (ln_1): LayerNorm((768,), eps=1e-05, elementwise_affine=True)
  (mlp): Sequential(
    (c_fc): Linear(in_features=768, out_features=3072, bias=True)
    (gelu): QuickGELU()
    (c_proj): Linear(in_features=3072, out_features=768, bias=True)
  )
  (ln_2): LayerNorm((768,), eps=1e-05, elementwise_affine=True)
)
Residual Attention Block 2: ResidualAttentionBlock(
  (attn): MultiheadAttention(
    (out_proj): NonDynamicallyQuantizableLinear(in_features=768, out_features=768, bias=True)
  )
  (ln_1): LayerNorm((768,), eps=1e-05, elementwise_affine=True)
  (mlp): Sequential(
    (c_fc): Linear(in_features=768, out_features=3072, bias=True)
    (gelu): QuickGELU()
    (c_proj): Linear(in_features=3072, out_features=768, bias=True)
  )
  (ln_2): LayerNorm((768,), eps=1e-05, elementwise_affine=True)
)
Residual Attention Block 3: ResidualAttentionBlock(
  (attn): MultiheadAttention(
    (out_proj): NonDynamicallyQuantizableLinear(in_features=768, out_features=768, bias=True)
  )
  (ln_1): LayerNorm((768,), eps=1e-05, elementwise_affine=True)
  (mlp): Sequential(
    (c_fc): Linear(in_features=768, out_features=3072, bias=True)
    (gelu): QuickGELU()
    (c_proj): Linear(in_features=3072, out_features=768, bias=True)
  )
  (ln_2): LayerNorm((768,), eps=1e-05, elementwise_affine=True)
)
Residual Attention Block 4: ResidualAttentionBlock(
  (attn): MultiheadAttention(
    (out_proj): NonDynamicallyQuantizableLinear(in_features=768, out_features=768, bias=True)
  )
  (ln_1): LayerNorm((768,), eps=1e-05, elementwise_affine=True)
  (mlp): Sequential(
    (c_fc): Linear(in_features=768, out_features=3072, bias=True)
    (gelu): QuickGELU()
    (c_proj): Linear(in_features=3072, out_features=768, bias=True)
  )
  (ln_2): LayerNorm((768,), eps=1e-05, elementwise_affine=True)
)
Residual Attention Block 5: ResidualAttentionBlock(
  (attn): MultiheadAttention(
    (out_proj): NonDynamicallyQuantizableLinear(in_features=768, out_features=768, bias=True)
  )
  (ln_1): LayerNorm((768,), eps=1e-05, elementwise_affine=True)
  (mlp): Sequential(
    (c_fc): Linear(in_features=768, out_features=3072, bias=True)
    (gelu): QuickGELU()
    (c_proj): Linear(in_features=3072, out_features=768, bias=True)
  )
  (ln_2): LayerNorm((768,), eps=1e-05, elementwise_affine=True)
)
Residual Attention Block 6: ResidualAttentionBlock(
  (attn): MultiheadAttention(
    (out_proj): NonDynamicallyQuantizableLinear(in_features=768, out_features=768, bias=True)
  )
  (ln_1): LayerNorm((768,), eps=1e-05, elementwise_affine=True)
  (mlp): Sequential(
    (c_fc): Linear(in_features=768, out_features=3072, bias=True)
    (gelu): QuickGELU()
    (c_proj): Linear(in_features=3072, out_features=768, bias=True)
  )
  (ln_2): LayerNorm((768,), eps=1e-05, elementwise_affine=True)
)
Residual Attention Block 7: ResidualAttentionBlock(
  (attn): MultiheadAttention(
    (out_proj): NonDynamicallyQuantizableLinear(in_features=768, out_features=768, bias=True)
  )
  (ln_1): LayerNorm((768,), eps=1e-05, elementwise_affine=True)
  (mlp): Sequential(
    (c_fc): Linear(in_features=768, out_features=3072, bias=True)
    (gelu): QuickGELU()
    (c_proj): Linear(in_features=3072, out_features=768, bias=True)
  )
  (ln_2): LayerNorm((768,), eps=1e-05, elementwise_affine=True)
)
Residual Attention Block 8: ResidualAttentionBlock(
  (attn): MultiheadAttention(
    (out_proj): NonDynamicallyQuantizableLinear(in_features=768, out_features=768, bias=True)
  )
  (ln_1): LayerNorm((768,), eps=1e-05, elementwise_affine=True)
  (mlp): Sequential(
    (c_fc): Linear(in_features=768, out_features=3072, bias=True)
    (gelu): QuickGELU()
    (c_proj): Linear(in_features=3072, out_features=768, bias=True)
  )
  (ln_2): LayerNorm((768,), eps=1e-05, elementwise_affine=True)
)
Residual Attention Block 9: ResidualAttentionBlock(
  (attn): MultiheadAttention(
    (out_proj): NonDynamicallyQuantizableLinear(in_features=768, out_features=768, bias=True)
  )
  (ln_1): LayerNorm((768,), eps=1e-05, elementwise_affine=True)
  (mlp): Sequential(
    (c_fc): Linear(in_features=768, out_features=3072, bias=True)
    (gelu): QuickGELU()
    (c_proj): Linear(in_features=3072, out_features=768, bias=True)
  )
  (ln_2): LayerNorm((768,), eps=1e-05, elementwise_affine=True)
)
Residual Attention Block 10: ResidualAttentionBlock(
  (attn): MultiheadAttention(
    (out_proj): NonDynamicallyQuantizableLinear(in_features=768, out_features=768, bias=True)
  )
  (ln_1): LayerNorm((768,), eps=1e-05, elementwise_affine=True)
  (mlp): Sequential(
    (c_fc): Linear(in_features=768, out_features=3072, bias=True)
    (gelu): QuickGELU()
    (c_proj): Linear(in_features=3072, out_features=768, bias=True)
  )
  (ln_2): LayerNorm((768,), eps=1e-05, elementwise_affine=True)
)
Residual Attention Block 11: ResidualAttentionBlock(
  (attn): MultiheadAttention(
    (out_proj): NonDynamicallyQuantizableLinear(in_features=768, out_features=768, bias=True)
  )
  (ln_1): LayerNorm((768,), eps=1e-05, elementwise_affine=True)
  (mlp): Sequential(
    (c_fc): Linear(in_features=768, out_features=3072, bias=True)
    (gelu): QuickGELU()
    (c_proj): Linear(in_features=3072, out_features=768, bias=True)
  )
  (ln_2): LayerNorm((768,), eps=1e-05, elementwise_affine=True)
)
Trainable parameters: ['visual.transformer.resblocks.0.attn.q_proj.router.gate.weight', 'visual.transformer.resblocks.0.attn.q_proj.experts.0.w_lora_A', 'visual.transformer.resblocks.0.attn.q_proj.experts.0.w_lora_B', 'visual.transformer.resblocks.0.attn.q_proj.experts.1.w_lora_A', 'visual.transformer.resblocks.0.attn.q_proj.experts.1.w_lora_B', 'visual.transformer.resblocks.0.attn.k_proj.router.gate.weight', 'visual.transformer.resblocks.0.attn.k_proj.experts.0.w_lora_A', 'visual.transformer.resblocks.0.attn.k_proj.experts.0.w_lora_B', 'visual.transformer.resblocks.0.attn.k_proj.experts.1.w_lora_A', 'visual.transformer.resblocks.0.attn.k_proj.experts.1.w_lora_B', 'visual.transformer.resblocks.0.attn.v_proj.router.gate.weight', 'visual.transformer.resblocks.0.attn.v_proj.experts.0.w_lora_A', 'visual.transformer.resblocks.0.attn.v_proj.experts.0.w_lora_B', 'visual.transformer.resblocks.0.attn.v_proj.experts.1.w_lora_A', 'visual.transformer.resblocks.0.attn.v_proj.experts.1.w_lora_B', 'visual.transformer.resblocks.1.attn.q_proj.router.gate.weight', 'visual.transformer.resblocks.1.attn.q_proj.experts.0.w_lora_A', 'visual.transformer.resblocks.1.attn.q_proj.experts.0.w_lora_B', 'visual.transformer.resblocks.1.attn.q_proj.experts.1.w_lora_A', 'visual.transformer.resblocks.1.attn.q_proj.experts.1.w_lora_B', 'visual.transformer.resblocks.1.attn.k_proj.router.gate.weight', 'visual.transformer.resblocks.1.attn.k_proj.experts.0.w_lora_A', 'visual.transformer.resblocks.1.attn.k_proj.experts.0.w_lora_B', 'visual.transformer.resblocks.1.attn.k_proj.experts.1.w_lora_A', 'visual.transformer.resblocks.1.attn.k_proj.experts.1.w_lora_B', 'visual.transformer.resblocks.1.attn.v_proj.router.gate.weight', 'visual.transformer.resblocks.1.attn.v_proj.experts.0.w_lora_A', 'visual.transformer.resblocks.1.attn.v_proj.experts.0.w_lora_B', 'visual.transformer.resblocks.1.attn.v_proj.experts.1.w_lora_A', 'visual.transformer.resblocks.1.attn.v_proj.experts.1.w_lora_B', 'visual.transformer.resblocks.2.attn.q_proj.router.gate.weight', 'visual.transformer.resblocks.2.attn.q_proj.experts.0.w_lora_A', 'visual.transformer.resblocks.2.attn.q_proj.experts.0.w_lora_B', 'visual.transformer.resblocks.2.attn.q_proj.experts.1.w_lora_A', 'visual.transformer.resblocks.2.attn.q_proj.experts.1.w_lora_B', 'visual.transformer.resblocks.2.attn.k_proj.router.gate.weight', 'visual.transformer.resblocks.2.attn.k_proj.experts.0.w_lora_A', 'visual.transformer.resblocks.2.attn.k_proj.experts.0.w_lora_B', 'visual.transformer.resblocks.2.attn.k_proj.experts.1.w_lora_A', 'visual.transformer.resblocks.2.attn.k_proj.experts.1.w_lora_B', 'visual.transformer.resblocks.2.attn.v_proj.router.gate.weight', 'visual.transformer.resblocks.2.attn.v_proj.experts.0.w_lora_A', 'visual.transformer.resblocks.2.attn.v_proj.experts.0.w_lora_B', 'visual.transformer.resblocks.2.attn.v_proj.experts.1.w_lora_A', 'visual.transformer.resblocks.2.attn.v_proj.experts.1.w_lora_B', 'visual.transformer.resblocks.3.attn.q_proj.router.gate.weight', 'visual.transformer.resblocks.3.attn.q_proj.experts.0.w_lora_A', 'visual.transformer.resblocks.3.attn.q_proj.experts.0.w_lora_B', 'visual.transformer.resblocks.3.attn.q_proj.experts.1.w_lora_A', 'visual.transformer.resblocks.3.attn.q_proj.experts.1.w_lora_B', 'visual.transformer.resblocks.3.attn.k_proj.router.gate.weight', 'visual.transformer.resblocks.3.attn.k_proj.experts.0.w_lora_A', 'visual.transformer.resblocks.3.attn.k_proj.experts.0.w_lora_B', 'visual.transformer.resblocks.3.attn.k_proj.experts.1.w_lora_A', 'visual.transformer.resblocks.3.attn.k_proj.experts.1.w_lora_B', 'visual.transformer.resblocks.3.attn.v_proj.router.gate.weight', 'visual.transformer.resblocks.3.attn.v_proj.experts.0.w_lora_A', 'visual.transformer.resblocks.3.attn.v_proj.experts.0.w_lora_B', 'visual.transformer.resblocks.3.attn.v_proj.experts.1.w_lora_A', 'visual.transformer.resblocks.3.attn.v_proj.experts.1.w_lora_B', 'visual.transformer.resblocks.4.attn.q_proj.router.gate.weight', 'visual.transformer.resblocks.4.attn.q_proj.experts.0.w_lora_A', 'visual.transformer.resblocks.4.attn.q_proj.experts.0.w_lora_B', 'visual.transformer.resblocks.4.attn.q_proj.experts.1.w_lora_A', 'visual.transformer.resblocks.4.attn.q_proj.experts.1.w_lora_B', 'visual.transformer.resblocks.4.attn.k_proj.router.gate.weight', 'visual.transformer.resblocks.4.attn.k_proj.experts.0.w_lora_A', 'visual.transformer.resblocks.4.attn.k_proj.experts.0.w_lora_B', 'visual.transformer.resblocks.4.attn.k_proj.experts.1.w_lora_A', 'visual.transformer.resblocks.4.attn.k_proj.experts.1.w_lora_B', 'visual.transformer.resblocks.4.attn.v_proj.router.gate.weight', 'visual.transformer.resblocks.4.attn.v_proj.experts.0.w_lora_A', 'visual.transformer.resblocks.4.attn.v_proj.experts.0.w_lora_B', 'visual.transformer.resblocks.4.attn.v_proj.experts.1.w_lora_A', 'visual.transformer.resblocks.4.attn.v_proj.experts.1.w_lora_B', 'visual.transformer.resblocks.5.attn.q_proj.router.gate.weight', 'visual.transformer.resblocks.5.attn.q_proj.experts.0.w_lora_A', 'visual.transformer.resblocks.5.attn.q_proj.experts.0.w_lora_B', 'visual.transformer.resblocks.5.attn.q_proj.experts.1.w_lora_A', 'visual.transformer.resblocks.5.attn.q_proj.experts.1.w_lora_B', 'visual.transformer.resblocks.5.attn.k_proj.router.gate.weight', 'visual.transformer.resblocks.5.attn.k_proj.experts.0.w_lora_A', 'visual.transformer.resblocks.5.attn.k_proj.experts.0.w_lora_B', 'visual.transformer.resblocks.5.attn.k_proj.experts.1.w_lora_A', 'visual.transformer.resblocks.5.attn.k_proj.experts.1.w_lora_B', 'visual.transformer.resblocks.5.attn.v_proj.router.gate.weight', 'visual.transformer.resblocks.5.attn.v_proj.experts.0.w_lora_A', 'visual.transformer.resblocks.5.attn.v_proj.experts.0.w_lora_B', 'visual.transformer.resblocks.5.attn.v_proj.experts.1.w_lora_A', 'visual.transformer.resblocks.5.attn.v_proj.experts.1.w_lora_B', 'visual.transformer.resblocks.6.attn.q_proj.router.gate.weight', 'visual.transformer.resblocks.6.attn.q_proj.experts.0.w_lora_A', 'visual.transformer.resblocks.6.attn.q_proj.experts.0.w_lora_B', 'visual.transformer.resblocks.6.attn.q_proj.experts.1.w_lora_A', 'visual.transformer.resblocks.6.attn.q_proj.experts.1.w_lora_B', 'visual.transformer.resblocks.6.attn.k_proj.router.gate.weight', 'visual.transformer.resblocks.6.attn.k_proj.experts.0.w_lora_A', 'visual.transformer.resblocks.6.attn.k_proj.experts.0.w_lora_B', 'visual.transformer.resblocks.6.attn.k_proj.experts.1.w_lora_A', 'visual.transformer.resblocks.6.attn.k_proj.experts.1.w_lora_B', 'visual.transformer.resblocks.6.attn.v_proj.router.gate.weight', 'visual.transformer.resblocks.6.attn.v_proj.experts.0.w_lora_A', 'visual.transformer.resblocks.6.attn.v_proj.experts.0.w_lora_B', 'visual.transformer.resblocks.6.attn.v_proj.experts.1.w_lora_A', 'visual.transformer.resblocks.6.attn.v_proj.experts.1.w_lora_B', 'visual.transformer.resblocks.7.attn.q_proj.router.gate.weight', 'visual.transformer.resblocks.7.attn.q_proj.experts.0.w_lora_A', 'visual.transformer.resblocks.7.attn.q_proj.experts.0.w_lora_B', 'visual.transformer.resblocks.7.attn.q_proj.experts.1.w_lora_A', 'visual.transformer.resblocks.7.attn.q_proj.experts.1.w_lora_B', 'visual.transformer.resblocks.7.attn.k_proj.router.gate.weight', 'visual.transformer.resblocks.7.attn.k_proj.experts.0.w_lora_A', 'visual.transformer.resblocks.7.attn.k_proj.experts.0.w_lora_B', 'visual.transformer.resblocks.7.attn.k_proj.experts.1.w_lora_A', 'visual.transformer.resblocks.7.attn.k_proj.experts.1.w_lora_B', 'visual.transformer.resblocks.7.attn.v_proj.router.gate.weight', 'visual.transformer.resblocks.7.attn.v_proj.experts.0.w_lora_A', 'visual.transformer.resblocks.7.attn.v_proj.experts.0.w_lora_B', 'visual.transformer.resblocks.7.attn.v_proj.experts.1.w_lora_A', 'visual.transformer.resblocks.7.attn.v_proj.experts.1.w_lora_B', 'visual.transformer.resblocks.8.attn.q_proj.router.gate.weight', 'visual.transformer.resblocks.8.attn.q_proj.experts.0.w_lora_A', 'visual.transformer.resblocks.8.attn.q_proj.experts.0.w_lora_B', 'visual.transformer.resblocks.8.attn.q_proj.experts.1.w_lora_A', 'visual.transformer.resblocks.8.attn.q_proj.experts.1.w_lora_B', 'visual.transformer.resblocks.8.attn.k_proj.router.gate.weight', 'visual.transformer.resblocks.8.attn.k_proj.experts.0.w_lora_A', 'visual.transformer.resblocks.8.attn.k_proj.experts.0.w_lora_B', 'visual.transformer.resblocks.8.attn.k_proj.experts.1.w_lora_A', 'visual.transformer.resblocks.8.attn.k_proj.experts.1.w_lora_B', 'visual.transformer.resblocks.8.attn.v_proj.router.gate.weight', 'visual.transformer.resblocks.8.attn.v_proj.experts.0.w_lora_A', 'visual.transformer.resblocks.8.attn.v_proj.experts.0.w_lora_B', 'visual.transformer.resblocks.8.attn.v_proj.experts.1.w_lora_A', 'visual.transformer.resblocks.8.attn.v_proj.experts.1.w_lora_B', 'visual.transformer.resblocks.9.attn.q_proj.router.gate.weight', 'visual.transformer.resblocks.9.attn.q_proj.experts.0.w_lora_A', 'visual.transformer.resblocks.9.attn.q_proj.experts.0.w_lora_B', 'visual.transformer.resblocks.9.attn.q_proj.experts.1.w_lora_A', 'visual.transformer.resblocks.9.attn.q_proj.experts.1.w_lora_B', 'visual.transformer.resblocks.9.attn.k_proj.router.gate.weight', 'visual.transformer.resblocks.9.attn.k_proj.experts.0.w_lora_A', 'visual.transformer.resblocks.9.attn.k_proj.experts.0.w_lora_B', 'visual.transformer.resblocks.9.attn.k_proj.experts.1.w_lora_A', 'visual.transformer.resblocks.9.attn.k_proj.experts.1.w_lora_B', 'visual.transformer.resblocks.9.attn.v_proj.router.gate.weight', 'visual.transformer.resblocks.9.attn.v_proj.experts.0.w_lora_A', 'visual.transformer.resblocks.9.attn.v_proj.experts.0.w_lora_B', 'visual.transformer.resblocks.9.attn.v_proj.experts.1.w_lora_A', 'visual.transformer.resblocks.9.attn.v_proj.experts.1.w_lora_B', 'visual.transformer.resblocks.10.attn.q_proj.router.gate.weight', 'visual.transformer.resblocks.10.attn.q_proj.experts.0.w_lora_A', 'visual.transformer.resblocks.10.attn.q_proj.experts.0.w_lora_B', 'visual.transformer.resblocks.10.attn.q_proj.experts.1.w_lora_A', 'visual.transformer.resblocks.10.attn.q_proj.experts.1.w_lora_B', 'visual.transformer.resblocks.10.attn.k_proj.router.gate.weight', 'visual.transformer.resblocks.10.attn.k_proj.experts.0.w_lora_A', 'visual.transformer.resblocks.10.attn.k_proj.experts.0.w_lora_B', 'visual.transformer.resblocks.10.attn.k_proj.experts.1.w_lora_A', 'visual.transformer.resblocks.10.attn.k_proj.experts.1.w_lora_B', 'visual.transformer.resblocks.10.attn.v_proj.router.gate.weight', 'visual.transformer.resblocks.10.attn.v_proj.experts.0.w_lora_A', 'visual.transformer.resblocks.10.attn.v_proj.experts.0.w_lora_B', 'visual.transformer.resblocks.10.attn.v_proj.experts.1.w_lora_A', 'visual.transformer.resblocks.10.attn.v_proj.experts.1.w_lora_B', 'visual.transformer.resblocks.11.attn.q_proj.router.gate.weight', 'visual.transformer.resblocks.11.attn.q_proj.experts.0.w_lora_A', 'visual.transformer.resblocks.11.attn.q_proj.experts.0.w_lora_B', 'visual.transformer.resblocks.11.attn.q_proj.experts.1.w_lora_A', 'visual.transformer.resblocks.11.attn.q_proj.experts.1.w_lora_B', 'visual.transformer.resblocks.11.attn.k_proj.router.gate.weight', 'visual.transformer.resblocks.11.attn.k_proj.experts.0.w_lora_A', 'visual.transformer.resblocks.11.attn.k_proj.experts.0.w_lora_B', 'visual.transformer.resblocks.11.attn.k_proj.experts.1.w_lora_A', 'visual.transformer.resblocks.11.attn.k_proj.experts.1.w_lora_B', 'visual.transformer.resblocks.11.attn.v_proj.router.gate.weight', 'visual.transformer.resblocks.11.attn.v_proj.experts.0.w_lora_A', 'visual.transformer.resblocks.11.attn.v_proj.experts.0.w_lora_B', 'visual.transformer.resblocks.11.attn.v_proj.experts.1.w_lora_A', 'visual.transformer.resblocks.11.attn.v_proj.experts.1.w_lora_B', 'transformer.resblocks.0.attn.q_proj.router.gate.weight', 'transformer.resblocks.0.attn.q_proj.experts.0.w_lora_A', 'transformer.resblocks.0.attn.q_proj.experts.0.w_lora_B', 'transformer.resblocks.0.attn.q_proj.experts.1.w_lora_A', 'transformer.resblocks.0.attn.q_proj.experts.1.w_lora_B', 'transformer.resblocks.0.attn.k_proj.router.gate.weight', 'transformer.resblocks.0.attn.k_proj.experts.0.w_lora_A', 'transformer.resblocks.0.attn.k_proj.experts.0.w_lora_B', 'transformer.resblocks.0.attn.k_proj.experts.1.w_lora_A', 'transformer.resblocks.0.attn.k_proj.experts.1.w_lora_B', 'transformer.resblocks.0.attn.v_proj.router.gate.weight', 'transformer.resblocks.0.attn.v_proj.experts.0.w_lora_A', 'transformer.resblocks.0.attn.v_proj.experts.0.w_lora_B', 'transformer.resblocks.0.attn.v_proj.experts.1.w_lora_A', 'transformer.resblocks.0.attn.v_proj.experts.1.w_lora_B', 'transformer.resblocks.1.attn.q_proj.router.gate.weight', 'transformer.resblocks.1.attn.q_proj.experts.0.w_lora_A', 'transformer.resblocks.1.attn.q_proj.experts.0.w_lora_B', 'transformer.resblocks.1.attn.q_proj.experts.1.w_lora_A', 'transformer.resblocks.1.attn.q_proj.experts.1.w_lora_B', 'transformer.resblocks.1.attn.k_proj.router.gate.weight', 'transformer.resblocks.1.attn.k_proj.experts.0.w_lora_A', 'transformer.resblocks.1.attn.k_proj.experts.0.w_lora_B', 'transformer.resblocks.1.attn.k_proj.experts.1.w_lora_A', 'transformer.resblocks.1.attn.k_proj.experts.1.w_lora_B', 'transformer.resblocks.1.attn.v_proj.router.gate.weight', 'transformer.resblocks.1.attn.v_proj.experts.0.w_lora_A', 'transformer.resblocks.1.attn.v_proj.experts.0.w_lora_B', 'transformer.resblocks.1.attn.v_proj.experts.1.w_lora_A', 'transformer.resblocks.1.attn.v_proj.experts.1.w_lora_B', 'transformer.resblocks.2.attn.q_proj.router.gate.weight', 'transformer.resblocks.2.attn.q_proj.experts.0.w_lora_A', 'transformer.resblocks.2.attn.q_proj.experts.0.w_lora_B', 'transformer.resblocks.2.attn.q_proj.experts.1.w_lora_A', 'transformer.resblocks.2.attn.q_proj.experts.1.w_lora_B', 'transformer.resblocks.2.attn.k_proj.router.gate.weight', 'transformer.resblocks.2.attn.k_proj.experts.0.w_lora_A', 'transformer.resblocks.2.attn.k_proj.experts.0.w_lora_B', 'transformer.resblocks.2.attn.k_proj.experts.1.w_lora_A', 'transformer.resblocks.2.attn.k_proj.experts.1.w_lora_B', 'transformer.resblocks.2.attn.v_proj.router.gate.weight', 'transformer.resblocks.2.attn.v_proj.experts.0.w_lora_A', 'transformer.resblocks.2.attn.v_proj.experts.0.w_lora_B', 'transformer.resblocks.2.attn.v_proj.experts.1.w_lora_A', 'transformer.resblocks.2.attn.v_proj.experts.1.w_lora_B', 'transformer.resblocks.3.attn.q_proj.router.gate.weight', 'transformer.resblocks.3.attn.q_proj.experts.0.w_lora_A', 'transformer.resblocks.3.attn.q_proj.experts.0.w_lora_B', 'transformer.resblocks.3.attn.q_proj.experts.1.w_lora_A', 'transformer.resblocks.3.attn.q_proj.experts.1.w_lora_B', 'transformer.resblocks.3.attn.k_proj.router.gate.weight', 'transformer.resblocks.3.attn.k_proj.experts.0.w_lora_A', 'transformer.resblocks.3.attn.k_proj.experts.0.w_lora_B', 'transformer.resblocks.3.attn.k_proj.experts.1.w_lora_A', 'transformer.resblocks.3.attn.k_proj.experts.1.w_lora_B', 'transformer.resblocks.3.attn.v_proj.router.gate.weight', 'transformer.resblocks.3.attn.v_proj.experts.0.w_lora_A', 'transformer.resblocks.3.attn.v_proj.experts.0.w_lora_B', 'transformer.resblocks.3.attn.v_proj.experts.1.w_lora_A', 'transformer.resblocks.3.attn.v_proj.experts.1.w_lora_B', 'transformer.resblocks.4.attn.q_proj.router.gate.weight', 'transformer.resblocks.4.attn.q_proj.experts.0.w_lora_A', 'transformer.resblocks.4.attn.q_proj.experts.0.w_lora_B', 'transformer.resblocks.4.attn.q_proj.experts.1.w_lora_A', 'transformer.resblocks.4.attn.q_proj.experts.1.w_lora_B', 'transformer.resblocks.4.attn.k_proj.router.gate.weight', 'transformer.resblocks.4.attn.k_proj.experts.0.w_lora_A', 'transformer.resblocks.4.attn.k_proj.experts.0.w_lora_B', 'transformer.resblocks.4.attn.k_proj.experts.1.w_lora_A', 'transformer.resblocks.4.attn.k_proj.experts.1.w_lora_B', 'transformer.resblocks.4.attn.v_proj.router.gate.weight', 'transformer.resblocks.4.attn.v_proj.experts.0.w_lora_A', 'transformer.resblocks.4.attn.v_proj.experts.0.w_lora_B', 'transformer.resblocks.4.attn.v_proj.experts.1.w_lora_A', 'transformer.resblocks.4.attn.v_proj.experts.1.w_lora_B', 'transformer.resblocks.5.attn.q_proj.router.gate.weight', 'transformer.resblocks.5.attn.q_proj.experts.0.w_lora_A', 'transformer.resblocks.5.attn.q_proj.experts.0.w_lora_B', 'transformer.resblocks.5.attn.q_proj.experts.1.w_lora_A', 'transformer.resblocks.5.attn.q_proj.experts.1.w_lora_B', 'transformer.resblocks.5.attn.k_proj.router.gate.weight', 'transformer.resblocks.5.attn.k_proj.experts.0.w_lora_A', 'transformer.resblocks.5.attn.k_proj.experts.0.w_lora_B', 'transformer.resblocks.5.attn.k_proj.experts.1.w_lora_A', 'transformer.resblocks.5.attn.k_proj.experts.1.w_lora_B', 'transformer.resblocks.5.attn.v_proj.router.gate.weight', 'transformer.resblocks.5.attn.v_proj.experts.0.w_lora_A', 'transformer.resblocks.5.attn.v_proj.experts.0.w_lora_B', 'transformer.resblocks.5.attn.v_proj.experts.1.w_lora_A', 'transformer.resblocks.5.attn.v_proj.experts.1.w_lora_B', 'transformer.resblocks.6.attn.q_proj.router.gate.weight', 'transformer.resblocks.6.attn.q_proj.experts.0.w_lora_A', 'transformer.resblocks.6.attn.q_proj.experts.0.w_lora_B', 'transformer.resblocks.6.attn.q_proj.experts.1.w_lora_A', 'transformer.resblocks.6.attn.q_proj.experts.1.w_lora_B', 'transformer.resblocks.6.attn.k_proj.router.gate.weight', 'transformer.resblocks.6.attn.k_proj.experts.0.w_lora_A', 'transformer.resblocks.6.attn.k_proj.experts.0.w_lora_B', 'transformer.resblocks.6.attn.k_proj.experts.1.w_lora_A', 'transformer.resblocks.6.attn.k_proj.experts.1.w_lora_B', 'transformer.resblocks.6.attn.v_proj.router.gate.weight', 'transformer.resblocks.6.attn.v_proj.experts.0.w_lora_A', 'transformer.resblocks.6.attn.v_proj.experts.0.w_lora_B', 'transformer.resblocks.6.attn.v_proj.experts.1.w_lora_A', 'transformer.resblocks.6.attn.v_proj.experts.1.w_lora_B', 'transformer.resblocks.7.attn.q_proj.router.gate.weight', 'transformer.resblocks.7.attn.q_proj.experts.0.w_lora_A', 'transformer.resblocks.7.attn.q_proj.experts.0.w_lora_B', 'transformer.resblocks.7.attn.q_proj.experts.1.w_lora_A', 'transformer.resblocks.7.attn.q_proj.experts.1.w_lora_B', 'transformer.resblocks.7.attn.k_proj.router.gate.weight', 'transformer.resblocks.7.attn.k_proj.experts.0.w_lora_A', 'transformer.resblocks.7.attn.k_proj.experts.0.w_lora_B', 'transformer.resblocks.7.attn.k_proj.experts.1.w_lora_A', 'transformer.resblocks.7.attn.k_proj.experts.1.w_lora_B', 'transformer.resblocks.7.attn.v_proj.router.gate.weight', 'transformer.resblocks.7.attn.v_proj.experts.0.w_lora_A', 'transformer.resblocks.7.attn.v_proj.experts.0.w_lora_B', 'transformer.resblocks.7.attn.v_proj.experts.1.w_lora_A', 'transformer.resblocks.7.attn.v_proj.experts.1.w_lora_B', 'transformer.resblocks.8.attn.q_proj.router.gate.weight', 'transformer.resblocks.8.attn.q_proj.experts.0.w_lora_A', 'transformer.resblocks.8.attn.q_proj.experts.0.w_lora_B', 'transformer.resblocks.8.attn.q_proj.experts.1.w_lora_A', 'transformer.resblocks.8.attn.q_proj.experts.1.w_lora_B', 'transformer.resblocks.8.attn.k_proj.router.gate.weight', 'transformer.resblocks.8.attn.k_proj.experts.0.w_lora_A', 'transformer.resblocks.8.attn.k_proj.experts.0.w_lora_B', 'transformer.resblocks.8.attn.k_proj.experts.1.w_lora_A', 'transformer.resblocks.8.attn.k_proj.experts.1.w_lora_B', 'transformer.resblocks.8.attn.v_proj.router.gate.weight', 'transformer.resblocks.8.attn.v_proj.experts.0.w_lora_A', 'transformer.resblocks.8.attn.v_proj.experts.0.w_lora_B', 'transformer.resblocks.8.attn.v_proj.experts.1.w_lora_A', 'transformer.resblocks.8.attn.v_proj.experts.1.w_lora_B', 'transformer.resblocks.9.attn.q_proj.router.gate.weight', 'transformer.resblocks.9.attn.q_proj.experts.0.w_lora_A', 'transformer.resblocks.9.attn.q_proj.experts.0.w_lora_B', 'transformer.resblocks.9.attn.q_proj.experts.1.w_lora_A', 'transformer.resblocks.9.attn.q_proj.experts.1.w_lora_B', 'transformer.resblocks.9.attn.k_proj.router.gate.weight', 'transformer.resblocks.9.attn.k_proj.experts.0.w_lora_A', 'transformer.resblocks.9.attn.k_proj.experts.0.w_lora_B', 'transformer.resblocks.9.attn.k_proj.experts.1.w_lora_A', 'transformer.resblocks.9.attn.k_proj.experts.1.w_lora_B', 'transformer.resblocks.9.attn.v_proj.router.gate.weight', 'transformer.resblocks.9.attn.v_proj.experts.0.w_lora_A', 'transformer.resblocks.9.attn.v_proj.experts.0.w_lora_B', 'transformer.resblocks.9.attn.v_proj.experts.1.w_lora_A', 'transformer.resblocks.9.attn.v_proj.experts.1.w_lora_B', 'transformer.resblocks.10.attn.q_proj.router.gate.weight', 'transformer.resblocks.10.attn.q_proj.experts.0.w_lora_A', 'transformer.resblocks.10.attn.q_proj.experts.0.w_lora_B', 'transformer.resblocks.10.attn.q_proj.experts.1.w_lora_A', 'transformer.resblocks.10.attn.q_proj.experts.1.w_lora_B', 'transformer.resblocks.10.attn.k_proj.router.gate.weight', 'transformer.resblocks.10.attn.k_proj.experts.0.w_lora_A', 'transformer.resblocks.10.attn.k_proj.experts.0.w_lora_B', 'transformer.resblocks.10.attn.k_proj.experts.1.w_lora_A', 'transformer.resblocks.10.attn.k_proj.experts.1.w_lora_B', 'transformer.resblocks.10.attn.v_proj.router.gate.weight', 'transformer.resblocks.10.attn.v_proj.experts.0.w_lora_A', 'transformer.resblocks.10.attn.v_proj.experts.0.w_lora_B', 'transformer.resblocks.10.attn.v_proj.experts.1.w_lora_A', 'transformer.resblocks.10.attn.v_proj.experts.1.w_lora_B', 'transformer.resblocks.11.attn.q_proj.router.gate.weight', 'transformer.resblocks.11.attn.q_proj.experts.0.w_lora_A', 'transformer.resblocks.11.attn.q_proj.experts.0.w_lora_B', 'transformer.resblocks.11.attn.q_proj.experts.1.w_lora_A', 'transformer.resblocks.11.attn.q_proj.experts.1.w_lora_B', 'transformer.resblocks.11.attn.k_proj.router.gate.weight', 'transformer.resblocks.11.attn.k_proj.experts.0.w_lora_A', 'transformer.resblocks.11.attn.k_proj.experts.0.w_lora_B', 'transformer.resblocks.11.attn.k_proj.experts.1.w_lora_A', 'transformer.resblocks.11.attn.k_proj.experts.1.w_lora_B', 'transformer.resblocks.11.attn.v_proj.router.gate.weight', 'transformer.resblocks.11.attn.v_proj.experts.0.w_lora_A', 'transformer.resblocks.11.attn.v_proj.experts.0.w_lora_B', 'transformer.resblocks.11.attn.v_proj.experts.1.w_lora_A', 'transformer.resblocks.11.attn.v_proj.experts.1.w_lora_B']
LR: 0.000200, Acc: 76.3514, Loss: 0.8025
LR: 0.000200, Acc: 70.9459, Loss: 0.9626
LR: 0.000200, Acc: 77.7027, Loss: 0.8177
LR: 0.000200, Acc: 80.4054, Loss: 0.6969
LR: 0.000200, Acc: 74.3243, Loss: 0.7456
LR: 0.000200, Acc: 74.3243, Loss: 0.8044
LR: 0.000200, Acc: 82.4324, Loss: 0.7082
LR: 0.000200, Acc: 77.0270, Loss: 0.7432
LR: 0.000200, Acc: 83.1081, Loss: 0.5615
LR: 0.000200, Acc: 84.4595, Loss: 0.5278
LR: 0.000200, Acc: 82.4324, Loss: 0.4992
LR: 0.000200, Acc: 83.1081, Loss: 0.4412
LR: 0.000199, Acc: 86.4865, Loss: 0.4678
LR: 0.000199, Acc: 89.8649, Loss: 0.3730
LR: 0.000199, Acc: 83.7838, Loss: 0.6250
LR: 0.000199, Acc: 84.4595, Loss: 0.4911
LR: 0.000199, Acc: 88.5135, Loss: 0.3229
LR: 0.000199, Acc: 90.5405, Loss: 0.3279
LR: 0.000199, Acc: 89.8649, Loss: 0.3454
LR: 0.000199, Acc: 94.5946, Loss: 0.2872
LR: 0.000199, Acc: 88.5135, Loss: 0.3466
LR: 0.000199, Acc: 89.1892, Loss: 0.2952
LR: 0.000198, Acc: 92.5676, Loss: 0.3302
LR: 0.000198, Acc: 87.1622, Loss: 0.4844
LR: 0.000198, Acc: 92.5676, Loss: 0.2838
LR: 0.000198, Acc: 89.8649, Loss: 0.4139
LR: 0.000198, Acc: 91.8919, Loss: 0.3269
LR: 0.000198, Acc: 87.8378, Loss: 0.3825
LR: 0.000197, Acc: 89.8649, Loss: 0.3005
LR: 0.000197, Acc: 93.2432, Loss: 0.2582
LR: 0.000197, Acc: 91.2162, Loss: 0.3488
LR: 0.000197, Acc: 85.8108, Loss: 0.3690
LR: 0.000197, Acc: 91.2162, Loss: 0.3457
LR: 0.000196, Acc: 90.5405, Loss: 0.2893
LR: 0.000196, Acc: 91.2162, Loss: 0.3820
LR: 0.000196, Acc: 90.5405, Loss: 0.2778
LR: 0.000196, Acc: 92.5676, Loss: 0.3030
LR: 0.000196, Acc: 90.5405, Loss: 0.2922
LR: 0.000195, Acc: 91.2162, Loss: 0.2951
LR: 0.000195, Acc: 91.2162, Loss: 0.3774
LR: 0.000195, Acc: 93.9189, Loss: 0.2361
LR: 0.000195, Acc: 91.2162, Loss: 0.3196
LR: 0.000194, Acc: 92.5676, Loss: 0.2574
LR: 0.000194, Acc: 91.2162, Loss: 0.3073
LR: 0.000194, Acc: 94.5946, Loss: 0.2231
LR: 0.000194, Acc: 91.8919, Loss: 0.2897
LR: 0.000193, Acc: 92.5676, Loss: 0.2613
LR: 0.000193, Acc: 93.2432, Loss: 0.2365
LR: 0.000193, Acc: 93.2432, Loss: 0.2467
LR: 0.000192, Acc: 93.9189, Loss: 0.2354
LR: 0.000192, Acc: 91.2162, Loss: 0.2944
LR: 0.000192, Acc: 90.5405, Loss: 0.3163
LR: 0.000192, Acc: 93.2432, Loss: 0.2008
LR: 0.000191, Acc: 92.5676, Loss: 0.3147
LR: 0.000191, Acc: 96.6216, Loss: 0.1551
LR: 0.000191, Acc: 95.2703, Loss: 0.1932
LR: 0.000190, Acc: 95.9459, Loss: 0.1229
LR: 0.000190, Acc: 96.6216, Loss: 0.2001
LR: 0.000190, Acc: 92.5676, Loss: 0.2832
LR: 0.000189, Acc: 93.2432, Loss: 0.2607
LR: 0.000189, Acc: 98.6486, Loss: 0.0662
LR: 0.000188, Acc: 93.9189, Loss: 0.2226
LR: 0.000188, Acc: 89.1892, Loss: 0.3013
LR: 0.000188, Acc: 89.8649, Loss: 0.3276
LR: 0.000187, Acc: 94.5946, Loss: 0.2265
LR: 0.000187, Acc: 96.6216, Loss: 0.1292
LR: 0.000187, Acc: 93.9189, Loss: 0.1927
LR: 0.000186, Acc: 96.6216, Loss: 0.1637
LR: 0.000186, Acc: 93.2432, Loss: 0.2549
LR: 0.000185, Acc: 90.5405, Loss: 0.3472
LR: 0.000185, Acc: 92.5676, Loss: 0.2538
LR: 0.000185, Acc: 97.2973, Loss: 0.1302
LR: 0.000184, Acc: 95.9459, Loss: 0.1236
LR: 0.000184, Acc: 89.1892, Loss: 0.3081
LR: 0.000183, Acc: 91.8919, Loss: 0.2111
LR: 0.000183, Acc: 95.2703, Loss: 0.1683
LR: 0.000182, Acc: 93.2432, Loss: 0.3276
LR: 0.000182, Acc: 93.9189, Loss: 0.2198
LR: 0.000181, Acc: 95.2703, Loss: 0.1662
LR: 0.000181, Acc: 96.6216, Loss: 0.1510
LR: 0.000181, Acc: 92.5676, Loss: 0.2089
LR: 0.000180, Acc: 95.9459, Loss: 0.1658
LR: 0.000180, Acc: 93.9189, Loss: 0.1956
LR: 0.000179, Acc: 94.5946, Loss: 0.1513
LR: 0.000179, Acc: 91.2162, Loss: 0.2931
LR: 0.000178, Acc: 95.2703, Loss: 0.1960
LR: 0.000178, Acc: 95.9459, Loss: 0.1626
LR: 0.000177, Acc: 91.8919, Loss: 0.3388
LR: 0.000177, Acc: 93.9189, Loss: 0.2214
LR: 0.000176, Acc: 95.2703, Loss: 0.1951
LR: 0.000176, Acc: 93.9189, Loss: 0.2847
LR: 0.000175, Acc: 93.9189, Loss: 0.2116
LR: 0.000175, Acc: 96.6216, Loss: 0.1256
LR: 0.000174, Acc: 93.2432, Loss: 0.1918
LR: 0.000174, Acc: 94.5946, Loss: 0.2159
LR: 0.000173, Acc: 95.9459, Loss: 0.1721
LR: 0.000172, Acc: 93.9189, Loss: 0.2365
LR: 0.000172, Acc: 94.5946, Loss: 0.2025
LR: 0.000171, Acc: 93.2432, Loss: 0.2825
LR: 0.000171, Acc: 96.6216, Loss: 0.1382
LR: 0.000170, Acc: 96.6216, Loss: 0.1680
LR: 0.000170, Acc: 96.6216, Loss: 0.0858
LR: 0.000169, Acc: 96.6216, Loss: 0.1323
LR: 0.000169, Acc: 95.2703, Loss: 0.1419
LR: 0.000168, Acc: 96.6216, Loss: 0.1180
LR: 0.000167, Acc: 94.5946, Loss: 0.1908
LR: 0.000167, Acc: 95.9459, Loss: 0.1850
LR: 0.000166, Acc: 95.9459, Loss: 0.2051
LR: 0.000166, Acc: 95.9459, Loss: 0.1318
LR: 0.000165, Acc: 92.5676, Loss: 0.2074
LR: 0.000165, Acc: 95.2703, Loss: 0.1922
LR: 0.000164, Acc: 95.2703, Loss: 0.1417
LR: 0.000163, Acc: 96.6216, Loss: 0.1192
LR: 0.000163, Acc: 93.2432, Loss: 0.2680
LR: 0.000162, Acc: 96.6216, Loss: 0.1144
LR: 0.000161, Acc: 95.9459, Loss: 0.0882
LR: 0.000161, Acc: 94.5946, Loss: 0.1407
LR: 0.000160, Acc: 91.8919, Loss: 0.2570
LR: 0.000160, Acc: 96.6216, Loss: 0.1357
LR: 0.000159, Acc: 92.5676, Loss: 0.2365
LR: 0.000158, Acc: 93.9189, Loss: 0.2470
LR: 0.000158, Acc: 96.6216, Loss: 0.1255
LR: 0.000157, Acc: 95.9459, Loss: 0.1310
LR: 0.000156, Acc: 96.6216, Loss: 0.0991
LR: 0.000156, Acc: 97.9730, Loss: 0.0858
LR: 0.000155, Acc: 95.9459, Loss: 0.1559
LR: 0.000154, Acc: 97.9730, Loss: 0.1382
LR: 0.000154, Acc: 93.2432, Loss: 0.2073
LR: 0.000153, Acc: 95.2703, Loss: 0.1333
LR: 0.000152, Acc: 93.9189, Loss: 0.2040
LR: 0.000152, Acc: 96.6216, Loss: 0.1714
LR: 0.000151, Acc: 95.9459, Loss: 0.0965
LR: 0.000150, Acc: 95.2703, Loss: 0.2340
LR: 0.000150, Acc: 97.2973, Loss: 0.0968
LR: 0.000149, Acc: 96.6216, Loss: 0.1402
LR: 0.000148, Acc: 95.9459, Loss: 0.1139
LR: 0.000148, Acc: 95.2703, Loss: 0.1661
LR: 0.000147, Acc: 95.2703, Loss: 0.1804
LR: 0.000146, Acc: 95.2703, Loss: 0.1430
LR: 0.000146, Acc: 94.5946, Loss: 0.1978
LR: 0.000145, Acc: 95.2703, Loss: 0.1297
LR: 0.000144, Acc: 96.6216, Loss: 0.1331
LR: 0.000144, Acc: 95.2703, Loss: 0.1579
LR: 0.000143, Acc: 97.9730, Loss: 0.0680
LR: 0.000142, Acc: 98.6486, Loss: 0.0555
LR: 0.000141, Acc: 95.9459, Loss: 0.0967
LR: 0.000141, Acc: 93.2432, Loss: 0.2216
LR: 0.000140, Acc: 96.6216, Loss: 0.1527
LR: 0.000139, Acc: 95.2703, Loss: 0.1631
LR: 0.000139, Acc: 97.9730, Loss: 0.0853
LR: 0.000138, Acc: 97.9730, Loss: 0.0623
LR: 0.000137, Acc: 94.5946, Loss: 0.1458
LR: 0.000136, Acc: 95.2703, Loss: 0.1259
LR: 0.000136, Acc: 97.2973, Loss: 0.0761
LR: 0.000135, Acc: 95.9459, Loss: 0.1627
LR: 0.000134, Acc: 97.2973, Loss: 0.0726
LR: 0.000133, Acc: 95.2703, Loss: 0.1354
LR: 0.000133, Acc: 97.9730, Loss: 0.1257
LR: 0.000132, Acc: 96.6216, Loss: 0.1060
LR: 0.000131, Acc: 96.6216, Loss: 0.1925
LR: 0.000131, Acc: 97.9730, Loss: 0.0961
LR: 0.000130, Acc: 95.9459, Loss: 0.1431
LR: 0.000129, Acc: 96.6216, Loss: 0.1112
LR: 0.000128, Acc: 93.2432, Loss: 0.2018
LR: 0.000128, Acc: 93.9189, Loss: 0.1816
LR: 0.000127, Acc: 95.9459, Loss: 0.1067
LR: 0.000126, Acc: 97.2973, Loss: 0.0791
LR: 0.000125, Acc: 93.9189, Loss: 0.1884
LR: 0.000124, Acc: 95.2703, Loss: 0.1576
LR: 0.000124, Acc: 97.2973, Loss: 0.1407
LR: 0.000123, Acc: 95.2703, Loss: 0.1140
LR: 0.000122, Acc: 95.9459, Loss: 0.1480
LR: 0.000121, Acc: 95.2703, Loss: 0.1795
LR: 0.000121, Acc: 94.5946, Loss: 0.1608
LR: 0.000120, Acc: 93.9189, Loss: 0.1362
LR: 0.000119, Acc: 95.2703, Loss: 0.1616
LR: 0.000118, Acc: 97.2973, Loss: 0.1000
LR: 0.000118, Acc: 95.9459, Loss: 0.1312
LR: 0.000117, Acc: 95.9459, Loss: 0.1359
LR: 0.000116, Acc: 95.2703, Loss: 0.1454
LR: 0.000115, Acc: 95.9459, Loss: 0.1792
LR: 0.000115, Acc: 97.2973, Loss: 0.1114
LR: 0.000114, Acc: 97.2973, Loss: 0.0960
LR: 0.000113, Acc: 99.3243, Loss: 0.0574
LR: 0.000112, Acc: 95.2703, Loss: 0.1768
LR: 0.000111, Acc: 97.2973, Loss: 0.1199
LR: 0.000111, Acc: 98.6486, Loss: 0.0614
LR: 0.000110, Acc: 96.6216, Loss: 0.1186
LR: 0.000109, Acc: 96.6216, Loss: 0.1210
LR: 0.000108, Acc: 93.9189, Loss: 0.1779
LR: 0.000108, Acc: 98.6486, Loss: 0.0302
LR: 0.000107, Acc: 97.9730, Loss: 0.0651
LR: 0.000106, Acc: 96.6216, Loss: 0.1410
LR: 0.000105, Acc: 98.6486, Loss: 0.0777
LR: 0.000104, Acc: 95.9459, Loss: 0.1342
LR: 0.000104, Acc: 93.9189, Loss: 0.1646
LR: 0.000103, Acc: 95.9459, Loss: 0.1124
LR: 0.000102, Acc: 95.9459, Loss: 0.1329
LR: 0.000101, Acc: 95.2703, Loss: 0.1313
LR: 0.000100, Acc: 95.9459, Loss: 0.1290
LR: 0.000100, Acc: 95.9459, Loss: 0.0963
LR: 0.000099, Acc: 98.6486, Loss: 0.0693
LR: 0.000098, Acc: 99.3243, Loss: 0.0500
LR: 0.000097, Acc: 95.9459, Loss: 0.1233
LR: 0.000097, Acc: 96.6216, Loss: 0.1602
LR: 0.000096, Acc: 97.2973, Loss: 0.1036
LR: 0.000095, Acc: 97.2973, Loss: 0.0952
LR: 0.000094, Acc: 98.6486, Loss: 0.0520
LR: 0.000093, Acc: 96.6216, Loss: 0.1245
LR: 0.000093, Acc: 99.3243, Loss: 0.0690
LR: 0.000092, Acc: 95.9459, Loss: 0.1469
LR: 0.000091, Acc: 97.2973, Loss: 0.1070
LR: 0.000090, Acc: 99.3243, Loss: 0.0508
LR: 0.000090, Acc: 97.2973, Loss: 0.0892
LR: 0.000089, Acc: 98.6486, Loss: 0.0658
LR: 0.000088, Acc: 96.6216, Loss: 0.1099
LR: 0.000087, Acc: 97.9730, Loss: 0.0588
LR: 0.000086, Acc: 97.9730, Loss: 0.0638
LR: 0.000086, Acc: 96.6216, Loss: 0.1146
LR: 0.000085, Acc: 97.2973, Loss: 0.0950
LR: 0.000084, Acc: 97.2973, Loss: 0.0901
LR: 0.000083, Acc: 94.5946, Loss: 0.1432
LR: 0.000083, Acc: 97.2973, Loss: 0.1172
LR: 0.000082, Acc: 95.9459, Loss: 0.1522
LR: 0.000081, Acc: 97.9730, Loss: 0.0822
LR: 0.000080, Acc: 97.2973, Loss: 0.1095
LR: 0.000080, Acc: 97.9730, Loss: 0.0946
LR: 0.000079, Acc: 96.6216, Loss: 0.1352
LR: 0.000078, Acc: 94.5946, Loss: 0.1400
LR: 0.000077, Acc: 96.6216, Loss: 0.1938
LR: 0.000077, Acc: 97.2973, Loss: 0.1115
LR: 0.000076, Acc: 96.6216, Loss: 0.1185
LR: 0.000075, Acc: 95.2703, Loss: 0.1827
LR: 0.000074, Acc: 95.2703, Loss: 0.1629
LR: 0.000073, Acc: 97.2973, Loss: 0.0843
LR: 0.000073, Acc: 97.9730, Loss: 0.1216
LR: 0.000072, Acc: 96.6216, Loss: 0.1384
LR: 0.000071, Acc: 99.3243, Loss: 0.0306
LR: 0.000070, Acc: 96.6216, Loss: 0.1172
LR: 0.000070, Acc: 97.9730, Loss: 0.0767
LR: 0.000069, Acc: 97.2973, Loss: 0.0924
LR: 0.000068, Acc: 96.6216, Loss: 0.1226
LR: 0.000068, Acc: 96.6216, Loss: 0.1439
LR: 0.000067, Acc: 99.3243, Loss: 0.0374
LR: 0.000066, Acc: 98.6486, Loss: 0.0616
LR: 0.000065, Acc: 97.9730, Loss: 0.0823
LR: 0.000065, Acc: 97.2973, Loss: 0.0950
LR: 0.000064, Acc: 96.6216, Loss: 0.0900
LR: 0.000063, Acc: 97.2973, Loss: 0.1162
LR: 0.000062, Acc: 96.6216, Loss: 0.0968
LR: 0.000062, Acc: 98.6486, Loss: 0.0640
LR: 0.000061, Acc: 97.9730, Loss: 0.0845
LR: 0.000060, Acc: 98.6486, Loss: 0.0694
LR: 0.000060, Acc: 97.9730, Loss: 0.0809
LR: 0.000059, Acc: 96.6216, Loss: 0.0830
LR: 0.000058, Acc: 97.2973, Loss: 0.1010
LR: 0.000057, Acc: 97.9730, Loss: 0.0766
LR: 0.000057, Acc: 94.5946, Loss: 0.1241
LR: 0.000056, Acc: 93.9189, Loss: 0.1788
LR: 0.000055, Acc: 97.2973, Loss: 0.0819
LR: 0.000055, Acc: 97.2973, Loss: 0.1077
LR: 0.000054, Acc: 96.6216, Loss: 0.1143
LR: 0.000053, Acc: 95.9459, Loss: 0.1447
LR: 0.000053, Acc: 97.2973, Loss: 0.1240
LR: 0.000052, Acc: 97.9730, Loss: 0.0567
LR: 0.000051, Acc: 97.9730, Loss: 0.0543
LR: 0.000051, Acc: 97.2973, Loss: 0.0645
LR: 0.000050, Acc: 98.6486, Loss: 0.0867
LR: 0.000049, Acc: 97.9730, Loss: 0.0651
LR: 0.000049, Acc: 97.9730, Loss: 0.0615
LR: 0.000048, Acc: 94.5946, Loss: 0.1690
LR: 0.000047, Acc: 96.6216, Loss: 0.1214
LR: 0.000047, Acc: 93.9189, Loss: 0.1793
LR: 0.000046, Acc: 97.2973, Loss: 0.1387
LR: 0.000045, Acc: 99.3243, Loss: 0.0489
LR: 0.000045, Acc: 95.9459, Loss: 0.1438
LR: 0.000044, Acc: 100.0000, Loss: 0.0230
LR: 0.000043, Acc: 99.3243, Loss: 0.0441
LR: 0.000043, Acc: 96.6216, Loss: 0.0809
LR: 0.000042, Acc: 98.6486, Loss: 0.0282
LR: 0.000041, Acc: 97.2973, Loss: 0.1176
LR: 0.000041, Acc: 99.3243, Loss: 0.0695
LR: 0.000040, Acc: 95.9459, Loss: 0.1463
LR: 0.000040, Acc: 95.9459, Loss: 0.0983
LR: 0.000039, Acc: 97.9730, Loss: 0.0743
LR: 0.000038, Acc: 97.2973, Loss: 0.0807
LR: 0.000038, Acc: 98.6486, Loss: 0.0459
LR: 0.000037, Acc: 96.6216, Loss: 0.1184
LR: 0.000036, Acc: 93.9189, Loss: 0.1891
LR: 0.000036, Acc: 96.6216, Loss: 0.1060
LR: 0.000035, Acc: 97.9730, Loss: 0.0829
LR: 0.000035, Acc: 97.9730, Loss: 0.0833
LR: 0.000034, Acc: 97.9730, Loss: 0.0817
LR: 0.000034, Acc: 97.9730, Loss: 0.0930
LR: 0.000033, Acc: 96.6216, Loss: 0.1179
LR: 0.000032, Acc: 96.6216, Loss: 0.1633
LR: 0.000032, Acc: 97.9730, Loss: 0.0999
LR: 0.000031, Acc: 97.9730, Loss: 0.0811
LR: 0.000031, Acc: 97.9730, Loss: 0.0595
LR: 0.000030, Acc: 94.5946, Loss: 0.1478
LR: 0.000030, Acc: 98.6486, Loss: 0.0676
LR: 0.000029, Acc: 97.9730, Loss: 0.0745
LR: 0.000029, Acc: 97.9730, Loss: 0.0753
LR: 0.000028, Acc: 98.6486, Loss: 0.0569
LR: 0.000027, Acc: 98.6486, Loss: 0.0507
LR: 0.000027, Acc: 99.3243, Loss: 0.0337
LR: 0.000026, Acc: 94.5946, Loss: 0.1168
LR: 0.000026, Acc: 97.2973, Loss: 0.1135
LR: 0.000025, Acc: 96.6216, Loss: 0.1362
LR: 0.000025, Acc: 97.2973, Loss: 0.1168
LR: 0.000024, Acc: 98.6486, Loss: 0.0393
LR: 0.000024, Acc: 95.9459, Loss: 0.1269
LR: 0.000023, Acc: 97.9730, Loss: 0.0933
LR: 0.000023, Acc: 99.3243, Loss: 0.0365
LR: 0.000022, Acc: 96.6216, Loss: 0.1238
LR: 0.000022, Acc: 97.9730, Loss: 0.0447
LR: 0.000021, Acc: 96.6216, Loss: 0.1524
LR: 0.000021, Acc: 97.2973, Loss: 0.1495
LR: 0.000020, Acc: 95.2703, Loss: 0.1346
LR: 0.000020, Acc: 97.9730, Loss: 0.0597
LR: 0.000020, Acc: 97.2973, Loss: 0.0828
LR: 0.000019, Acc: 98.6486, Loss: 0.0664
LR: 0.000019, Acc: 97.9730, Loss: 0.0832
LR: 0.000018, Acc: 98.6486, Loss: 0.0493
LR: 0.000018, Acc: 96.6216, Loss: 0.1000
LR: 0.000017, Acc: 96.6216, Loss: 0.1073
LR: 0.000017, Acc: 97.2973, Loss: 0.0944
LR: 0.000016, Acc: 95.2703, Loss: 0.1962
LR: 0.000016, Acc: 97.2973, Loss: 0.1017
LR: 0.000016, Acc: 95.9459, Loss: 0.1327
LR: 0.000015, Acc: 97.2973, Loss: 0.0795
LR: 0.000015, Acc: 97.2973, Loss: 0.0729
LR: 0.000014, Acc: 99.3243, Loss: 0.0360
LR: 0.000014, Acc: 97.9730, Loss: 0.0605
LR: 0.000014, Acc: 96.6216, Loss: 0.0983
LR: 0.000013, Acc: 97.9730, Loss: 0.1105
LR: 0.000013, Acc: 95.9459, Loss: 0.1375
LR: 0.000013, Acc: 99.3243, Loss: 0.0394
LR: 0.000012, Acc: 98.6486, Loss: 0.0764
LR: 0.000012, Acc: 97.2973, Loss: 0.0790
LR: 0.000011, Acc: 98.6486, Loss: 0.0503
LR: 0.000011, Acc: 95.9459, Loss: 0.0980
LR: 0.000011, Acc: 97.2973, Loss: 0.0783
LR: 0.000010, Acc: 98.6486, Loss: 0.0752
LR: 0.000010, Acc: 98.6486, Loss: 0.0692
LR: 0.000010, Acc: 97.9730, Loss: 0.0739
LR: 0.000009, Acc: 96.6216, Loss: 0.1278
LR: 0.000009, Acc: 95.2703, Loss: 0.1564
LR: 0.000009, Acc: 97.2973, Loss: 0.0872
LR: 0.000009, Acc: 97.2973, Loss: 0.1009
LR: 0.000008, Acc: 98.6486, Loss: 0.0670
LR: 0.000008, Acc: 99.3243, Loss: 0.0434
LR: 0.000008, Acc: 96.6216, Loss: 0.1167
LR: 0.000007, Acc: 97.9730, Loss: 0.0892
LR: 0.000007, Acc: 98.6486, Loss: 0.0628
LR: 0.000007, Acc: 97.9730, Loss: 0.0846
LR: 0.000007, Acc: 100.0000, Loss: 0.0406
LR: 0.000006, Acc: 96.6216, Loss: 0.1508
LR: 0.000006, Acc: 97.9730, Loss: 0.0628
LR: 0.000006, Acc: 94.5946, Loss: 0.1750
>>> Switching to ROUTER-ONLY finetuning <<<
LR: 0.000200, Acc: 98.6486, Loss: 0.0504
LR: 0.000199, Acc: 97.9730, Loss: 0.1090
LR: 0.000197, Acc: 100.0000, Loss: 0.0464
LR: 0.000195, Acc: 97.2973, Loss: 0.0915
LR: 0.000192, Acc: 97.2973, Loss: 0.0858
LR: 0.000189, Acc: 97.2973, Loss: 0.0999
LR: 0.000185, Acc: 96.6216, Loss: 0.1744
LR: 0.000181, Acc: 96.6216, Loss: 0.0896
LR: 0.000176, Acc: 96.6216, Loss: 0.1418
LR: 0.000171, Acc: 95.9459, Loss: 0.1395
LR: 0.000165, Acc: 100.0000, Loss: 0.0107
LR: 0.000159, Acc: 94.5946, Loss: 0.1627
LR: 0.000152, Acc: 98.6486, Loss: 0.0693
LR: 0.000146, Acc: 98.6486, Loss: 0.0736
LR: 0.000139, Acc: 97.2973, Loss: 0.0557
LR: 0.000131, Acc: 98.6486, Loss: 0.0418
LR: 0.000124, Acc: 96.6216, Loss: 0.0725
LR: 0.000116, Acc: 96.6216, Loss: 0.0943
LR: 0.000108, Acc: 97.2973, Loss: 0.0971
LR: 0.000100, Acc: 99.3243, Loss: 0.0567
LR: 0.000093, Acc: 99.3243, Loss: 0.0329
LR: 0.000085, Acc: 98.6486, Loss: 0.0421
LR: 0.000077, Acc: 97.9730, Loss: 0.0911
LR: 0.000070, Acc: 97.9730, Loss: 0.0897
LR: 0.000062, Acc: 95.2703, Loss: 0.1166
LR: 0.000055, Acc: 98.6486, Loss: 0.1146
LR: 0.000049, Acc: 96.6216, Loss: 0.0934
LR: 0.000042, Acc: 98.6486, Loss: 0.0602
LR: 0.000036, Acc: 99.3243, Loss: 0.0407
LR: 0.000030, Acc: 97.2973, Loss: 0.1037
LR: 0.000025, Acc: 97.9730, Loss: 0.0374
LR: 0.000020, Acc: 96.6216, Loss: 0.1144
LR: 0.000016, Acc: 99.3243, Loss: 0.0496
LR: 0.000012, Acc: 95.9459, Loss: 0.1107
LR: 0.000009, Acc: 98.6486, Loss: 0.0647
LR: 0.000006, Acc: 97.2973, Loss: 0.0838
LR: 0.000004, Acc: 97.9730, Loss: 0.0677
LR: 0.000002, Acc: 97.2973, Loss: 0.0938
LR: 0.000001, Acc: 95.9459, Loss: 0.1117
**** Final test accuracy: 91.96. ****

LoRA weights saved to weights/vitb16/oxford_pets/4shots/2experts/seed1/CLIP-MoLE_oxford_pets.pt
