created virtual environment CPython3.10.13.final.0-64 in 1128ms
  creator CPython3Posix(dest=/localscratch/pedro36.57161268.0/env, clear=False, no_vcs_ignore=False, global=False)
  seeder FromAppData(download=False, pip=bundle, setuptools=bundle, wheel=bundle, via=copy, app_data_dir=/home/pedro36/.local/share/virtualenv)
    added seed packages: pip==25.1.1, setuptools==80.7.1, wheel==0.45.1+computecanada
  activators BashActivator,CShellActivator,FishActivator,NushellActivator,PowerShellActivator,PythonActivator
Looking in links: /cvmfs/soft.computecanada.ca/custom/python/wheelhouse/gentoo2023/x86-64-v4, /cvmfs/soft.computecanada.ca/custom/python/wheelhouse/gentoo2023/x86-64-v3, /cvmfs/soft.computecanada.ca/custom/python/wheelhouse/gentoo2023/generic, /cvmfs/soft.computecanada.ca/custom/python/wheelhouse/generic
Requirement already satisfied: pip in /localscratch/pedro36.57161268.0/env/lib/python3.10/site-packages (25.1.1)
Looking in links: /cvmfs/soft.computecanada.ca/custom/python/wheelhouse/gentoo2023/x86-64-v4, /cvmfs/soft.computecanada.ca/custom/python/wheelhouse/gentoo2023/x86-64-v3, /cvmfs/soft.computecanada.ca/custom/python/wheelhouse/gentoo2023/generic, /cvmfs/soft.computecanada.ca/custom/python/wheelhouse/generic
Processing /cvmfs/soft.computecanada.ca/custom/python/wheelhouse/gentoo2023/x86-64-v3/torch-2.6.0+computecanada-cp310-cp310-linux_x86_64.whl
Processing /cvmfs/soft.computecanada.ca/custom/python/wheelhouse/gentoo2023/generic/torchvision-0.21.0+computecanada-cp310-cp310-linux_x86_64.whl
Processing /cvmfs/soft.computecanada.ca/custom/python/wheelhouse/gentoo2023/x86-64-v3/torchaudio-2.6.0+computecanada-cp310-cp310-linux_x86_64.whl
Processing /cvmfs/soft.computecanada.ca/custom/python/wheelhouse/generic/ftfy-6.3.1+computecanada-py3-none-any.whl
Processing /cvmfs/soft.computecanada.ca/custom/python/wheelhouse/gentoo2023/generic/scipy-1.15.1+computecanada-cp310-cp310-linux_x86_64.whl
Processing /cvmfs/soft.computecanada.ca/custom/python/wheelhouse/generic/regex-2024.9.11+computecanada-cp310-cp310-linux_x86_64.whl
Processing /cvmfs/soft.computecanada.ca/custom/python/wheelhouse/generic/tqdm-4.67.1+computecanada-py3-none-any.whl
Processing /cvmfs/soft.computecanada.ca/custom/python/wheelhouse/generic/gdown-5.2.0+computecanada-py3-none-any.whl
Processing /cvmfs/soft.computecanada.ca/custom/python/wheelhouse/gentoo2023/x86-64-v3/pandas-2.2.3+computecanada-cp310-cp310-linux_x86_64.whl
Processing /cvmfs/soft.computecanada.ca/custom/python/wheelhouse/generic/filelock-3.18.0+computecanada-py3-none-any.whl (from torch)
Processing /cvmfs/soft.computecanada.ca/custom/python/wheelhouse/generic/typing_extensions-4.14.0+computecanada-py3-none-any.whl (from torch)
Processing /cvmfs/soft.computecanada.ca/custom/python/wheelhouse/generic/networkx-3.5+computecanada-py3-none-any.whl (from torch)
Processing /cvmfs/soft.computecanada.ca/custom/python/wheelhouse/generic/jinja2-3.1.6+computecanada-py3-none-any.whl (from torch)
Processing /cvmfs/soft.computecanada.ca/custom/python/wheelhouse/generic/fsspec-2025.5.1+computecanada-py3-none-any.whl (from torch)
Processing /cvmfs/soft.computecanada.ca/custom/python/wheelhouse/generic/sympy-1.13.1+computecanada-py3-none-any.whl (from torch)
Processing /cvmfs/soft.computecanada.ca/custom/python/wheelhouse/generic/mpmath-1.3.0+computecanada-py3-none-any.whl (from sympy==1.13.1->torch)
Processing /cvmfs/soft.computecanada.ca/custom/python/wheelhouse/gentoo2023/generic/numpy-2.2.2+computecanada-cp310-cp310-linux_x86_64.whl (from torchvision)
Processing /cvmfs/soft.computecanada.ca/custom/python/wheelhouse/gentoo2023/x86-64-v3/Pillow_SIMD-9.5.0.post2+computecanada-cp310-cp310-linux_x86_64.whl (from torchvision)
Processing /cvmfs/soft.computecanada.ca/custom/python/wheelhouse/generic/wcwidth-0.2.13+computecanada-py2.py3-none-any.whl (from ftfy)
Processing /cvmfs/soft.computecanada.ca/custom/python/wheelhouse/generic/beautifulsoup4-4.13.4+computecanada-py3-none-any.whl (from gdown)
Processing /cvmfs/soft.computecanada.ca/custom/python/wheelhouse/generic/requests-2.32.4+computecanada-py3-none-any.whl (from gdown)
Processing /cvmfs/soft.computecanada.ca/custom/python/wheelhouse/generic/python_dateutil-2.9.0.post0+computecanada-py2.py3-none-any.whl (from pandas)
Processing /cvmfs/soft.computecanada.ca/custom/python/wheelhouse/generic/pytz-2025.2+computecanada-py2.py3-none-any.whl (from pandas)
Processing /cvmfs/soft.computecanada.ca/custom/python/wheelhouse/generic/tzdata-2025.2+computecanada-py2.py3-none-any.whl (from pandas)
Processing /cvmfs/soft.computecanada.ca/custom/python/wheelhouse/generic/six-1.17.0+computecanada-py2.py3-none-any.whl (from python-dateutil>=2.8.2->pandas)
Processing /cvmfs/soft.computecanada.ca/custom/python/wheelhouse/generic/soupsieve-2.7+computecanada-py3-none-any.whl (from beautifulsoup4->gdown)
Processing /cvmfs/soft.computecanada.ca/custom/python/wheelhouse/generic/MarkupSafe-2.1.5+computecanada-cp310-cp310-linux_x86_64.whl (from jinja2->torch)
INFO: pip is looking at multiple versions of networkx to determine which version is compatible with other requirements. This could take a while.
Processing /cvmfs/soft.computecanada.ca/custom/python/wheelhouse/generic/networkx-3.4.2+computecanada-py3-none-any.whl (from torch)
Processing /cvmfs/soft.computecanada.ca/custom/python/wheelhouse/generic/charset_normalizer-3.4.2+computecanada-py3-none-any.whl (from requests[socks]->gdown)
Processing /cvmfs/soft.computecanada.ca/custom/python/wheelhouse/generic/idna-3.10+computecanada-py3-none-any.whl (from requests[socks]->gdown)
Processing /cvmfs/soft.computecanada.ca/custom/python/wheelhouse/generic/urllib3-2.5.0+computecanada-py3-none-any.whl (from requests[socks]->gdown)
Processing /cvmfs/soft.computecanada.ca/custom/python/wheelhouse/generic/certifi-2025.6.15+computecanada-py3-none-any.whl (from requests[socks]->gdown)
Processing /cvmfs/soft.computecanada.ca/custom/python/wheelhouse/generic/PySocks-1.7.1+computecanada-py3-none-any.whl (from requests[socks]->gdown)
Installing collected packages: wcwidth, pytz, mpmath, urllib3, tzdata, typing-extensions, tqdm, sympy, soupsieve, six, regex, PySocks, pillow-simd, numpy, networkx, MarkupSafe, idna, ftfy, fsspec, filelock, charset-normalizer, certifi, scipy, requests, python-dateutil, jinja2, beautifulsoup4, torch, pandas, torchvision, torchaudio, gdown

Successfully installed MarkupSafe-2.1.5+computecanada PySocks-1.7.1+computecanada beautifulsoup4-4.13.4+computecanada certifi-2025.6.15+computecanada charset-normalizer-3.4.2+computecanada filelock-3.18.0+computecanada fsspec-2025.5.1+computecanada ftfy-6.3.1+computecanada gdown-5.2.0+computecanada idna-3.10+computecanada jinja2-3.1.6+computecanada mpmath-1.3.0+computecanada networkx-3.4.2+computecanada numpy-2.2.2+computecanada pandas-2.2.3+computecanada pillow-simd-9.5.0.post2+computecanada python-dateutil-2.9.0.post0+computecanada pytz-2025.2+computecanada regex-2024.9.11+computecanada requests-2.32.4+computecanada scipy-1.15.1+computecanada six-1.17.0+computecanada soupsieve-2.7+computecanada sympy-1.13.1+computecanada torch-2.6.0+computecanada torchaudio-2.6.0+computecanada torchvision-0.21.0+computecanada tqdm-4.67.1+computecanada typing-extensions-4.14.0+computecanada tzdata-2025.2+computecanada urllib3-2.5.0+computecanada wcwidth-0.2.13+computecanada
Preparing dataset.
Reading split from /home/pedro36/projects/def-leszek/pedro36/datasets/DATA/eurosat/split_zhou_EuroSAT.json
Creating a 1-shot dataset
Creating a 1-shot dataset

Getting textual features as CLIP's classifier.

Loading visual features and labels from val set.

Loading visual features and labels from test set.

**** Zero-shot CLIP's test accuracy: 42.25. ****

Residual Attention Block 0: ResidualAttentionBlock(
  (attn): MultiheadAttention(
    (out_proj): NonDynamicallyQuantizableLinear(in_features=512, out_features=512, bias=True)
  )
  (ln_1): LayerNorm((512,), eps=1e-05, elementwise_affine=True)
  (mlp): Sequential(
    (c_fc): Linear(in_features=512, out_features=2048, bias=True)
    (gelu): QuickGELU()
    (c_proj): Linear(in_features=2048, out_features=512, bias=True)
  )
  (ln_2): LayerNorm((512,), eps=1e-05, elementwise_affine=True)
)
Residual Attention Block 1: ResidualAttentionBlock(
  (attn): MultiheadAttention(
    (out_proj): NonDynamicallyQuantizableLinear(in_features=512, out_features=512, bias=True)
  )
  (ln_1): LayerNorm((512,), eps=1e-05, elementwise_affine=True)
  (mlp): Sequential(
    (c_fc): Linear(in_features=512, out_features=2048, bias=True)
    (gelu): QuickGELU()
    (c_proj): Linear(in_features=2048, out_features=512, bias=True)
  )
  (ln_2): LayerNorm((512,), eps=1e-05, elementwise_affine=True)
)
Residual Attention Block 2: ResidualAttentionBlock(
  (attn): MultiheadAttention(
    (out_proj): NonDynamicallyQuantizableLinear(in_features=512, out_features=512, bias=True)
  )
  (ln_1): LayerNorm((512,), eps=1e-05, elementwise_affine=True)
  (mlp): Sequential(
    (c_fc): Linear(in_features=512, out_features=2048, bias=True)
    (gelu): QuickGELU()
    (c_proj): Linear(in_features=2048, out_features=512, bias=True)
  )
  (ln_2): LayerNorm((512,), eps=1e-05, elementwise_affine=True)
)
Residual Attention Block 3: ResidualAttentionBlock(
  (attn): MultiheadAttention(
    (out_proj): NonDynamicallyQuantizableLinear(in_features=512, out_features=512, bias=True)
  )
  (ln_1): LayerNorm((512,), eps=1e-05, elementwise_affine=True)
  (mlp): Sequential(
    (c_fc): Linear(in_features=512, out_features=2048, bias=True)
    (gelu): QuickGELU()
    (c_proj): Linear(in_features=2048, out_features=512, bias=True)
  )
  (ln_2): LayerNorm((512,), eps=1e-05, elementwise_affine=True)
)
Residual Attention Block 4: ResidualAttentionBlock(
  (attn): MultiheadAttention(
    (out_proj): NonDynamicallyQuantizableLinear(in_features=512, out_features=512, bias=True)
  )
  (ln_1): LayerNorm((512,), eps=1e-05, elementwise_affine=True)
  (mlp): Sequential(
    (c_fc): Linear(in_features=512, out_features=2048, bias=True)
    (gelu): QuickGELU()
    (c_proj): Linear(in_features=2048, out_features=512, bias=True)
  )
  (ln_2): LayerNorm((512,), eps=1e-05, elementwise_affine=True)
)
Residual Attention Block 5: ResidualAttentionBlock(
  (attn): MultiheadAttention(
    (out_proj): NonDynamicallyQuantizableLinear(in_features=512, out_features=512, bias=True)
  )
  (ln_1): LayerNorm((512,), eps=1e-05, elementwise_affine=True)
  (mlp): Sequential(
    (c_fc): Linear(in_features=512, out_features=2048, bias=True)
    (gelu): QuickGELU()
    (c_proj): Linear(in_features=2048, out_features=512, bias=True)
  )
  (ln_2): LayerNorm((512,), eps=1e-05, elementwise_affine=True)
)
Residual Attention Block 6: ResidualAttentionBlock(
  (attn): MultiheadAttention(
    (out_proj): NonDynamicallyQuantizableLinear(in_features=512, out_features=512, bias=True)
  )
  (ln_1): LayerNorm((512,), eps=1e-05, elementwise_affine=True)
  (mlp): Sequential(
    (c_fc): Linear(in_features=512, out_features=2048, bias=True)
    (gelu): QuickGELU()
    (c_proj): Linear(in_features=2048, out_features=512, bias=True)
  )
  (ln_2): LayerNorm((512,), eps=1e-05, elementwise_affine=True)
)
Residual Attention Block 7: ResidualAttentionBlock(
  (attn): MultiheadAttention(
    (out_proj): NonDynamicallyQuantizableLinear(in_features=512, out_features=512, bias=True)
  )
  (ln_1): LayerNorm((512,), eps=1e-05, elementwise_affine=True)
  (mlp): Sequential(
    (c_fc): Linear(in_features=512, out_features=2048, bias=True)
    (gelu): QuickGELU()
    (c_proj): Linear(in_features=2048, out_features=512, bias=True)
  )
  (ln_2): LayerNorm((512,), eps=1e-05, elementwise_affine=True)
)
Residual Attention Block 8: ResidualAttentionBlock(
  (attn): MultiheadAttention(
    (out_proj): NonDynamicallyQuantizableLinear(in_features=512, out_features=512, bias=True)
  )
  (ln_1): LayerNorm((512,), eps=1e-05, elementwise_affine=True)
  (mlp): Sequential(
    (c_fc): Linear(in_features=512, out_features=2048, bias=True)
    (gelu): QuickGELU()
    (c_proj): Linear(in_features=2048, out_features=512, bias=True)
  )
  (ln_2): LayerNorm((512,), eps=1e-05, elementwise_affine=True)
)
Residual Attention Block 9: ResidualAttentionBlock(
  (attn): MultiheadAttention(
    (out_proj): NonDynamicallyQuantizableLinear(in_features=512, out_features=512, bias=True)
  )
  (ln_1): LayerNorm((512,), eps=1e-05, elementwise_affine=True)
  (mlp): Sequential(
    (c_fc): Linear(in_features=512, out_features=2048, bias=True)
    (gelu): QuickGELU()
    (c_proj): Linear(in_features=2048, out_features=512, bias=True)
  )
  (ln_2): LayerNorm((512,), eps=1e-05, elementwise_affine=True)
)
Residual Attention Block 10: ResidualAttentionBlock(
  (attn): MultiheadAttention(
    (out_proj): NonDynamicallyQuantizableLinear(in_features=512, out_features=512, bias=True)
  )
  (ln_1): LayerNorm((512,), eps=1e-05, elementwise_affine=True)
  (mlp): Sequential(
    (c_fc): Linear(in_features=512, out_features=2048, bias=True)
    (gelu): QuickGELU()
    (c_proj): Linear(in_features=2048, out_features=512, bias=True)
  )
  (ln_2): LayerNorm((512,), eps=1e-05, elementwise_affine=True)
)
Residual Attention Block 11: ResidualAttentionBlock(
  (attn): MultiheadAttention(
    (out_proj): NonDynamicallyQuantizableLinear(in_features=512, out_features=512, bias=True)
  )
  (ln_1): LayerNorm((512,), eps=1e-05, elementwise_affine=True)
  (mlp): Sequential(
    (c_fc): Linear(in_features=512, out_features=2048, bias=True)
    (gelu): QuickGELU()
    (c_proj): Linear(in_features=2048, out_features=512, bias=True)
  )
  (ln_2): LayerNorm((512,), eps=1e-05, elementwise_affine=True)
)
Residual Attention Block 0: ResidualAttentionBlock(
  (attn): MultiheadAttention(
    (out_proj): NonDynamicallyQuantizableLinear(in_features=768, out_features=768, bias=True)
  )
  (ln_1): LayerNorm((768,), eps=1e-05, elementwise_affine=True)
  (mlp): Sequential(
    (c_fc): Linear(in_features=768, out_features=3072, bias=True)
    (gelu): QuickGELU()
    (c_proj): Linear(in_features=3072, out_features=768, bias=True)
  )
  (ln_2): LayerNorm((768,), eps=1e-05, elementwise_affine=True)
)
Residual Attention Block 1: ResidualAttentionBlock(
  (attn): MultiheadAttention(
    (out_proj): NonDynamicallyQuantizableLinear(in_features=768, out_features=768, bias=True)
  )
  (ln_1): LayerNorm((768,), eps=1e-05, elementwise_affine=True)
  (mlp): Sequential(
    (c_fc): Linear(in_features=768, out_features=3072, bias=True)
    (gelu): QuickGELU()
    (c_proj): Linear(in_features=3072, out_features=768, bias=True)
  )
  (ln_2): LayerNorm((768,), eps=1e-05, elementwise_affine=True)
)
Residual Attention Block 2: ResidualAttentionBlock(
  (attn): MultiheadAttention(
    (out_proj): NonDynamicallyQuantizableLinear(in_features=768, out_features=768, bias=True)
  )
  (ln_1): LayerNorm((768,), eps=1e-05, elementwise_affine=True)
  (mlp): Sequential(
    (c_fc): Linear(in_features=768, out_features=3072, bias=True)
    (gelu): QuickGELU()
    (c_proj): Linear(in_features=3072, out_features=768, bias=True)
  )
  (ln_2): LayerNorm((768,), eps=1e-05, elementwise_affine=True)
)
Residual Attention Block 3: ResidualAttentionBlock(
  (attn): MultiheadAttention(
    (out_proj): NonDynamicallyQuantizableLinear(in_features=768, out_features=768, bias=True)
  )
  (ln_1): LayerNorm((768,), eps=1e-05, elementwise_affine=True)
  (mlp): Sequential(
    (c_fc): Linear(in_features=768, out_features=3072, bias=True)
    (gelu): QuickGELU()
    (c_proj): Linear(in_features=3072, out_features=768, bias=True)
  )
  (ln_2): LayerNorm((768,), eps=1e-05, elementwise_affine=True)
)
Residual Attention Block 4: ResidualAttentionBlock(
  (attn): MultiheadAttention(
    (out_proj): NonDynamicallyQuantizableLinear(in_features=768, out_features=768, bias=True)
  )
  (ln_1): LayerNorm((768,), eps=1e-05, elementwise_affine=True)
  (mlp): Sequential(
    (c_fc): Linear(in_features=768, out_features=3072, bias=True)
    (gelu): QuickGELU()
    (c_proj): Linear(in_features=3072, out_features=768, bias=True)
  )
  (ln_2): LayerNorm((768,), eps=1e-05, elementwise_affine=True)
)
Residual Attention Block 5: ResidualAttentionBlock(
  (attn): MultiheadAttention(
    (out_proj): NonDynamicallyQuantizableLinear(in_features=768, out_features=768, bias=True)
  )
  (ln_1): LayerNorm((768,), eps=1e-05, elementwise_affine=True)
  (mlp): Sequential(
    (c_fc): Linear(in_features=768, out_features=3072, bias=True)
    (gelu): QuickGELU()
    (c_proj): Linear(in_features=3072, out_features=768, bias=True)
  )
  (ln_2): LayerNorm((768,), eps=1e-05, elementwise_affine=True)
)
Residual Attention Block 6: ResidualAttentionBlock(
  (attn): MultiheadAttention(
    (out_proj): NonDynamicallyQuantizableLinear(in_features=768, out_features=768, bias=True)
  )
  (ln_1): LayerNorm((768,), eps=1e-05, elementwise_affine=True)
  (mlp): Sequential(
    (c_fc): Linear(in_features=768, out_features=3072, bias=True)
    (gelu): QuickGELU()
    (c_proj): Linear(in_features=3072, out_features=768, bias=True)
  )
  (ln_2): LayerNorm((768,), eps=1e-05, elementwise_affine=True)
)
Residual Attention Block 7: ResidualAttentionBlock(
  (attn): MultiheadAttention(
    (out_proj): NonDynamicallyQuantizableLinear(in_features=768, out_features=768, bias=True)
  )
  (ln_1): LayerNorm((768,), eps=1e-05, elementwise_affine=True)
  (mlp): Sequential(
    (c_fc): Linear(in_features=768, out_features=3072, bias=True)
    (gelu): QuickGELU()
    (c_proj): Linear(in_features=3072, out_features=768, bias=True)
  )
  (ln_2): LayerNorm((768,), eps=1e-05, elementwise_affine=True)
)
Residual Attention Block 8: ResidualAttentionBlock(
  (attn): MultiheadAttention(
    (out_proj): NonDynamicallyQuantizableLinear(in_features=768, out_features=768, bias=True)
  )
  (ln_1): LayerNorm((768,), eps=1e-05, elementwise_affine=True)
  (mlp): Sequential(
    (c_fc): Linear(in_features=768, out_features=3072, bias=True)
    (gelu): QuickGELU()
    (c_proj): Linear(in_features=3072, out_features=768, bias=True)
  )
  (ln_2): LayerNorm((768,), eps=1e-05, elementwise_affine=True)
)
Residual Attention Block 9: ResidualAttentionBlock(
  (attn): MultiheadAttention(
    (out_proj): NonDynamicallyQuantizableLinear(in_features=768, out_features=768, bias=True)
  )
  (ln_1): LayerNorm((768,), eps=1e-05, elementwise_affine=True)
  (mlp): Sequential(
    (c_fc): Linear(in_features=768, out_features=3072, bias=True)
    (gelu): QuickGELU()
    (c_proj): Linear(in_features=3072, out_features=768, bias=True)
  )
  (ln_2): LayerNorm((768,), eps=1e-05, elementwise_affine=True)
)
Residual Attention Block 10: ResidualAttentionBlock(
  (attn): MultiheadAttention(
    (out_proj): NonDynamicallyQuantizableLinear(in_features=768, out_features=768, bias=True)
  )
  (ln_1): LayerNorm((768,), eps=1e-05, elementwise_affine=True)
  (mlp): Sequential(
    (c_fc): Linear(in_features=768, out_features=3072, bias=True)
    (gelu): QuickGELU()
    (c_proj): Linear(in_features=3072, out_features=768, bias=True)
  )
  (ln_2): LayerNorm((768,), eps=1e-05, elementwise_affine=True)
)
Residual Attention Block 11: ResidualAttentionBlock(
  (attn): MultiheadAttention(
    (out_proj): NonDynamicallyQuantizableLinear(in_features=768, out_features=768, bias=True)
  )
  (ln_1): LayerNorm((768,), eps=1e-05, elementwise_affine=True)
  (mlp): Sequential(
    (c_fc): Linear(in_features=768, out_features=3072, bias=True)
    (gelu): QuickGELU()
    (c_proj): Linear(in_features=3072, out_features=768, bias=True)
  )
  (ln_2): LayerNorm((768,), eps=1e-05, elementwise_affine=True)
)
Trainable parameters: ['visual.transformer.resblocks.0.attn.q_proj.router.gate.weight', 'visual.transformer.resblocks.0.attn.q_proj.experts.0.w_lora_A', 'visual.transformer.resblocks.0.attn.q_proj.experts.0.w_lora_B', 'visual.transformer.resblocks.0.attn.q_proj.experts.1.w_lora_A', 'visual.transformer.resblocks.0.attn.q_proj.experts.1.w_lora_B', 'visual.transformer.resblocks.0.attn.k_proj.router.gate.weight', 'visual.transformer.resblocks.0.attn.k_proj.experts.0.w_lora_A', 'visual.transformer.resblocks.0.attn.k_proj.experts.0.w_lora_B', 'visual.transformer.resblocks.0.attn.k_proj.experts.1.w_lora_A', 'visual.transformer.resblocks.0.attn.k_proj.experts.1.w_lora_B', 'visual.transformer.resblocks.0.attn.v_proj.router.gate.weight', 'visual.transformer.resblocks.0.attn.v_proj.experts.0.w_lora_A', 'visual.transformer.resblocks.0.attn.v_proj.experts.0.w_lora_B', 'visual.transformer.resblocks.0.attn.v_proj.experts.1.w_lora_A', 'visual.transformer.resblocks.0.attn.v_proj.experts.1.w_lora_B', 'visual.transformer.resblocks.1.attn.q_proj.router.gate.weight', 'visual.transformer.resblocks.1.attn.q_proj.experts.0.w_lora_A', 'visual.transformer.resblocks.1.attn.q_proj.experts.0.w_lora_B', 'visual.transformer.resblocks.1.attn.q_proj.experts.1.w_lora_A', 'visual.transformer.resblocks.1.attn.q_proj.experts.1.w_lora_B', 'visual.transformer.resblocks.1.attn.k_proj.router.gate.weight', 'visual.transformer.resblocks.1.attn.k_proj.experts.0.w_lora_A', 'visual.transformer.resblocks.1.attn.k_proj.experts.0.w_lora_B', 'visual.transformer.resblocks.1.attn.k_proj.experts.1.w_lora_A', 'visual.transformer.resblocks.1.attn.k_proj.experts.1.w_lora_B', 'visual.transformer.resblocks.1.attn.v_proj.router.gate.weight', 'visual.transformer.resblocks.1.attn.v_proj.experts.0.w_lora_A', 'visual.transformer.resblocks.1.attn.v_proj.experts.0.w_lora_B', 'visual.transformer.resblocks.1.attn.v_proj.experts.1.w_lora_A', 'visual.transformer.resblocks.1.attn.v_proj.experts.1.w_lora_B', 'visual.transformer.resblocks.2.attn.q_proj.router.gate.weight', 'visual.transformer.resblocks.2.attn.q_proj.experts.0.w_lora_A', 'visual.transformer.resblocks.2.attn.q_proj.experts.0.w_lora_B', 'visual.transformer.resblocks.2.attn.q_proj.experts.1.w_lora_A', 'visual.transformer.resblocks.2.attn.q_proj.experts.1.w_lora_B', 'visual.transformer.resblocks.2.attn.k_proj.router.gate.weight', 'visual.transformer.resblocks.2.attn.k_proj.experts.0.w_lora_A', 'visual.transformer.resblocks.2.attn.k_proj.experts.0.w_lora_B', 'visual.transformer.resblocks.2.attn.k_proj.experts.1.w_lora_A', 'visual.transformer.resblocks.2.attn.k_proj.experts.1.w_lora_B', 'visual.transformer.resblocks.2.attn.v_proj.router.gate.weight', 'visual.transformer.resblocks.2.attn.v_proj.experts.0.w_lora_A', 'visual.transformer.resblocks.2.attn.v_proj.experts.0.w_lora_B', 'visual.transformer.resblocks.2.attn.v_proj.experts.1.w_lora_A', 'visual.transformer.resblocks.2.attn.v_proj.experts.1.w_lora_B', 'visual.transformer.resblocks.3.attn.q_proj.router.gate.weight', 'visual.transformer.resblocks.3.attn.q_proj.experts.0.w_lora_A', 'visual.transformer.resblocks.3.attn.q_proj.experts.0.w_lora_B', 'visual.transformer.resblocks.3.attn.q_proj.experts.1.w_lora_A', 'visual.transformer.resblocks.3.attn.q_proj.experts.1.w_lora_B', 'visual.transformer.resblocks.3.attn.k_proj.router.gate.weight', 'visual.transformer.resblocks.3.attn.k_proj.experts.0.w_lora_A', 'visual.transformer.resblocks.3.attn.k_proj.experts.0.w_lora_B', 'visual.transformer.resblocks.3.attn.k_proj.experts.1.w_lora_A', 'visual.transformer.resblocks.3.attn.k_proj.experts.1.w_lora_B', 'visual.transformer.resblocks.3.attn.v_proj.router.gate.weight', 'visual.transformer.resblocks.3.attn.v_proj.experts.0.w_lora_A', 'visual.transformer.resblocks.3.attn.v_proj.experts.0.w_lora_B', 'visual.transformer.resblocks.3.attn.v_proj.experts.1.w_lora_A', 'visual.transformer.resblocks.3.attn.v_proj.experts.1.w_lora_B', 'visual.transformer.resblocks.4.attn.q_proj.router.gate.weight', 'visual.transformer.resblocks.4.attn.q_proj.experts.0.w_lora_A', 'visual.transformer.resblocks.4.attn.q_proj.experts.0.w_lora_B', 'visual.transformer.resblocks.4.attn.q_proj.experts.1.w_lora_A', 'visual.transformer.resblocks.4.attn.q_proj.experts.1.w_lora_B', 'visual.transformer.resblocks.4.attn.k_proj.router.gate.weight', 'visual.transformer.resblocks.4.attn.k_proj.experts.0.w_lora_A', 'visual.transformer.resblocks.4.attn.k_proj.experts.0.w_lora_B', 'visual.transformer.resblocks.4.attn.k_proj.experts.1.w_lora_A', 'visual.transformer.resblocks.4.attn.k_proj.experts.1.w_lora_B', 'visual.transformer.resblocks.4.attn.v_proj.router.gate.weight', 'visual.transformer.resblocks.4.attn.v_proj.experts.0.w_lora_A', 'visual.transformer.resblocks.4.attn.v_proj.experts.0.w_lora_B', 'visual.transformer.resblocks.4.attn.v_proj.experts.1.w_lora_A', 'visual.transformer.resblocks.4.attn.v_proj.experts.1.w_lora_B', 'visual.transformer.resblocks.5.attn.q_proj.router.gate.weight', 'visual.transformer.resblocks.5.attn.q_proj.experts.0.w_lora_A', 'visual.transformer.resblocks.5.attn.q_proj.experts.0.w_lora_B', 'visual.transformer.resblocks.5.attn.q_proj.experts.1.w_lora_A', 'visual.transformer.resblocks.5.attn.q_proj.experts.1.w_lora_B', 'visual.transformer.resblocks.5.attn.k_proj.router.gate.weight', 'visual.transformer.resblocks.5.attn.k_proj.experts.0.w_lora_A', 'visual.transformer.resblocks.5.attn.k_proj.experts.0.w_lora_B', 'visual.transformer.resblocks.5.attn.k_proj.experts.1.w_lora_A', 'visual.transformer.resblocks.5.attn.k_proj.experts.1.w_lora_B', 'visual.transformer.resblocks.5.attn.v_proj.router.gate.weight', 'visual.transformer.resblocks.5.attn.v_proj.experts.0.w_lora_A', 'visual.transformer.resblocks.5.attn.v_proj.experts.0.w_lora_B', 'visual.transformer.resblocks.5.attn.v_proj.experts.1.w_lora_A', 'visual.transformer.resblocks.5.attn.v_proj.experts.1.w_lora_B', 'visual.transformer.resblocks.6.attn.q_proj.router.gate.weight', 'visual.transformer.resblocks.6.attn.q_proj.experts.0.w_lora_A', 'visual.transformer.resblocks.6.attn.q_proj.experts.0.w_lora_B', 'visual.transformer.resblocks.6.attn.q_proj.experts.1.w_lora_A', 'visual.transformer.resblocks.6.attn.q_proj.experts.1.w_lora_B', 'visual.transformer.resblocks.6.attn.k_proj.router.gate.weight', 'visual.transformer.resblocks.6.attn.k_proj.experts.0.w_lora_A', 'visual.transformer.resblocks.6.attn.k_proj.experts.0.w_lora_B', 'visual.transformer.resblocks.6.attn.k_proj.experts.1.w_lora_A', 'visual.transformer.resblocks.6.attn.k_proj.experts.1.w_lora_B', 'visual.transformer.resblocks.6.attn.v_proj.router.gate.weight', 'visual.transformer.resblocks.6.attn.v_proj.experts.0.w_lora_A', 'visual.transformer.resblocks.6.attn.v_proj.experts.0.w_lora_B', 'visual.transformer.resblocks.6.attn.v_proj.experts.1.w_lora_A', 'visual.transformer.resblocks.6.attn.v_proj.experts.1.w_lora_B', 'visual.transformer.resblocks.7.attn.q_proj.router.gate.weight', 'visual.transformer.resblocks.7.attn.q_proj.experts.0.w_lora_A', 'visual.transformer.resblocks.7.attn.q_proj.experts.0.w_lora_B', 'visual.transformer.resblocks.7.attn.q_proj.experts.1.w_lora_A', 'visual.transformer.resblocks.7.attn.q_proj.experts.1.w_lora_B', 'visual.transformer.resblocks.7.attn.k_proj.router.gate.weight', 'visual.transformer.resblocks.7.attn.k_proj.experts.0.w_lora_A', 'visual.transformer.resblocks.7.attn.k_proj.experts.0.w_lora_B', 'visual.transformer.resblocks.7.attn.k_proj.experts.1.w_lora_A', 'visual.transformer.resblocks.7.attn.k_proj.experts.1.w_lora_B', 'visual.transformer.resblocks.7.attn.v_proj.router.gate.weight', 'visual.transformer.resblocks.7.attn.v_proj.experts.0.w_lora_A', 'visual.transformer.resblocks.7.attn.v_proj.experts.0.w_lora_B', 'visual.transformer.resblocks.7.attn.v_proj.experts.1.w_lora_A', 'visual.transformer.resblocks.7.attn.v_proj.experts.1.w_lora_B', 'visual.transformer.resblocks.8.attn.q_proj.router.gate.weight', 'visual.transformer.resblocks.8.attn.q_proj.experts.0.w_lora_A', 'visual.transformer.resblocks.8.attn.q_proj.experts.0.w_lora_B', 'visual.transformer.resblocks.8.attn.q_proj.experts.1.w_lora_A', 'visual.transformer.resblocks.8.attn.q_proj.experts.1.w_lora_B', 'visual.transformer.resblocks.8.attn.k_proj.router.gate.weight', 'visual.transformer.resblocks.8.attn.k_proj.experts.0.w_lora_A', 'visual.transformer.resblocks.8.attn.k_proj.experts.0.w_lora_B', 'visual.transformer.resblocks.8.attn.k_proj.experts.1.w_lora_A', 'visual.transformer.resblocks.8.attn.k_proj.experts.1.w_lora_B', 'visual.transformer.resblocks.8.attn.v_proj.router.gate.weight', 'visual.transformer.resblocks.8.attn.v_proj.experts.0.w_lora_A', 'visual.transformer.resblocks.8.attn.v_proj.experts.0.w_lora_B', 'visual.transformer.resblocks.8.attn.v_proj.experts.1.w_lora_A', 'visual.transformer.resblocks.8.attn.v_proj.experts.1.w_lora_B', 'visual.transformer.resblocks.9.attn.q_proj.router.gate.weight', 'visual.transformer.resblocks.9.attn.q_proj.experts.0.w_lora_A', 'visual.transformer.resblocks.9.attn.q_proj.experts.0.w_lora_B', 'visual.transformer.resblocks.9.attn.q_proj.experts.1.w_lora_A', 'visual.transformer.resblocks.9.attn.q_proj.experts.1.w_lora_B', 'visual.transformer.resblocks.9.attn.k_proj.router.gate.weight', 'visual.transformer.resblocks.9.attn.k_proj.experts.0.w_lora_A', 'visual.transformer.resblocks.9.attn.k_proj.experts.0.w_lora_B', 'visual.transformer.resblocks.9.attn.k_proj.experts.1.w_lora_A', 'visual.transformer.resblocks.9.attn.k_proj.experts.1.w_lora_B', 'visual.transformer.resblocks.9.attn.v_proj.router.gate.weight', 'visual.transformer.resblocks.9.attn.v_proj.experts.0.w_lora_A', 'visual.transformer.resblocks.9.attn.v_proj.experts.0.w_lora_B', 'visual.transformer.resblocks.9.attn.v_proj.experts.1.w_lora_A', 'visual.transformer.resblocks.9.attn.v_proj.experts.1.w_lora_B', 'visual.transformer.resblocks.10.attn.q_proj.router.gate.weight', 'visual.transformer.resblocks.10.attn.q_proj.experts.0.w_lora_A', 'visual.transformer.resblocks.10.attn.q_proj.experts.0.w_lora_B', 'visual.transformer.resblocks.10.attn.q_proj.experts.1.w_lora_A', 'visual.transformer.resblocks.10.attn.q_proj.experts.1.w_lora_B', 'visual.transformer.resblocks.10.attn.k_proj.router.gate.weight', 'visual.transformer.resblocks.10.attn.k_proj.experts.0.w_lora_A', 'visual.transformer.resblocks.10.attn.k_proj.experts.0.w_lora_B', 'visual.transformer.resblocks.10.attn.k_proj.experts.1.w_lora_A', 'visual.transformer.resblocks.10.attn.k_proj.experts.1.w_lora_B', 'visual.transformer.resblocks.10.attn.v_proj.router.gate.weight', 'visual.transformer.resblocks.10.attn.v_proj.experts.0.w_lora_A', 'visual.transformer.resblocks.10.attn.v_proj.experts.0.w_lora_B', 'visual.transformer.resblocks.10.attn.v_proj.experts.1.w_lora_A', 'visual.transformer.resblocks.10.attn.v_proj.experts.1.w_lora_B', 'visual.transformer.resblocks.11.attn.q_proj.router.gate.weight', 'visual.transformer.resblocks.11.attn.q_proj.experts.0.w_lora_A', 'visual.transformer.resblocks.11.attn.q_proj.experts.0.w_lora_B', 'visual.transformer.resblocks.11.attn.q_proj.experts.1.w_lora_A', 'visual.transformer.resblocks.11.attn.q_proj.experts.1.w_lora_B', 'visual.transformer.resblocks.11.attn.k_proj.router.gate.weight', 'visual.transformer.resblocks.11.attn.k_proj.experts.0.w_lora_A', 'visual.transformer.resblocks.11.attn.k_proj.experts.0.w_lora_B', 'visual.transformer.resblocks.11.attn.k_proj.experts.1.w_lora_A', 'visual.transformer.resblocks.11.attn.k_proj.experts.1.w_lora_B', 'visual.transformer.resblocks.11.attn.v_proj.router.gate.weight', 'visual.transformer.resblocks.11.attn.v_proj.experts.0.w_lora_A', 'visual.transformer.resblocks.11.attn.v_proj.experts.0.w_lora_B', 'visual.transformer.resblocks.11.attn.v_proj.experts.1.w_lora_A', 'visual.transformer.resblocks.11.attn.v_proj.experts.1.w_lora_B', 'transformer.resblocks.0.attn.q_proj.router.gate.weight', 'transformer.resblocks.0.attn.q_proj.experts.0.w_lora_A', 'transformer.resblocks.0.attn.q_proj.experts.0.w_lora_B', 'transformer.resblocks.0.attn.q_proj.experts.1.w_lora_A', 'transformer.resblocks.0.attn.q_proj.experts.1.w_lora_B', 'transformer.resblocks.0.attn.k_proj.router.gate.weight', 'transformer.resblocks.0.attn.k_proj.experts.0.w_lora_A', 'transformer.resblocks.0.attn.k_proj.experts.0.w_lora_B', 'transformer.resblocks.0.attn.k_proj.experts.1.w_lora_A', 'transformer.resblocks.0.attn.k_proj.experts.1.w_lora_B', 'transformer.resblocks.0.attn.v_proj.router.gate.weight', 'transformer.resblocks.0.attn.v_proj.experts.0.w_lora_A', 'transformer.resblocks.0.attn.v_proj.experts.0.w_lora_B', 'transformer.resblocks.0.attn.v_proj.experts.1.w_lora_A', 'transformer.resblocks.0.attn.v_proj.experts.1.w_lora_B', 'transformer.resblocks.1.attn.q_proj.router.gate.weight', 'transformer.resblocks.1.attn.q_proj.experts.0.w_lora_A', 'transformer.resblocks.1.attn.q_proj.experts.0.w_lora_B', 'transformer.resblocks.1.attn.q_proj.experts.1.w_lora_A', 'transformer.resblocks.1.attn.q_proj.experts.1.w_lora_B', 'transformer.resblocks.1.attn.k_proj.router.gate.weight', 'transformer.resblocks.1.attn.k_proj.experts.0.w_lora_A', 'transformer.resblocks.1.attn.k_proj.experts.0.w_lora_B', 'transformer.resblocks.1.attn.k_proj.experts.1.w_lora_A', 'transformer.resblocks.1.attn.k_proj.experts.1.w_lora_B', 'transformer.resblocks.1.attn.v_proj.router.gate.weight', 'transformer.resblocks.1.attn.v_proj.experts.0.w_lora_A', 'transformer.resblocks.1.attn.v_proj.experts.0.w_lora_B', 'transformer.resblocks.1.attn.v_proj.experts.1.w_lora_A', 'transformer.resblocks.1.attn.v_proj.experts.1.w_lora_B', 'transformer.resblocks.2.attn.q_proj.router.gate.weight', 'transformer.resblocks.2.attn.q_proj.experts.0.w_lora_A', 'transformer.resblocks.2.attn.q_proj.experts.0.w_lora_B', 'transformer.resblocks.2.attn.q_proj.experts.1.w_lora_A', 'transformer.resblocks.2.attn.q_proj.experts.1.w_lora_B', 'transformer.resblocks.2.attn.k_proj.router.gate.weight', 'transformer.resblocks.2.attn.k_proj.experts.0.w_lora_A', 'transformer.resblocks.2.attn.k_proj.experts.0.w_lora_B', 'transformer.resblocks.2.attn.k_proj.experts.1.w_lora_A', 'transformer.resblocks.2.attn.k_proj.experts.1.w_lora_B', 'transformer.resblocks.2.attn.v_proj.router.gate.weight', 'transformer.resblocks.2.attn.v_proj.experts.0.w_lora_A', 'transformer.resblocks.2.attn.v_proj.experts.0.w_lora_B', 'transformer.resblocks.2.attn.v_proj.experts.1.w_lora_A', 'transformer.resblocks.2.attn.v_proj.experts.1.w_lora_B', 'transformer.resblocks.3.attn.q_proj.router.gate.weight', 'transformer.resblocks.3.attn.q_proj.experts.0.w_lora_A', 'transformer.resblocks.3.attn.q_proj.experts.0.w_lora_B', 'transformer.resblocks.3.attn.q_proj.experts.1.w_lora_A', 'transformer.resblocks.3.attn.q_proj.experts.1.w_lora_B', 'transformer.resblocks.3.attn.k_proj.router.gate.weight', 'transformer.resblocks.3.attn.k_proj.experts.0.w_lora_A', 'transformer.resblocks.3.attn.k_proj.experts.0.w_lora_B', 'transformer.resblocks.3.attn.k_proj.experts.1.w_lora_A', 'transformer.resblocks.3.attn.k_proj.experts.1.w_lora_B', 'transformer.resblocks.3.attn.v_proj.router.gate.weight', 'transformer.resblocks.3.attn.v_proj.experts.0.w_lora_A', 'transformer.resblocks.3.attn.v_proj.experts.0.w_lora_B', 'transformer.resblocks.3.attn.v_proj.experts.1.w_lora_A', 'transformer.resblocks.3.attn.v_proj.experts.1.w_lora_B', 'transformer.resblocks.4.attn.q_proj.router.gate.weight', 'transformer.resblocks.4.attn.q_proj.experts.0.w_lora_A', 'transformer.resblocks.4.attn.q_proj.experts.0.w_lora_B', 'transformer.resblocks.4.attn.q_proj.experts.1.w_lora_A', 'transformer.resblocks.4.attn.q_proj.experts.1.w_lora_B', 'transformer.resblocks.4.attn.k_proj.router.gate.weight', 'transformer.resblocks.4.attn.k_proj.experts.0.w_lora_A', 'transformer.resblocks.4.attn.k_proj.experts.0.w_lora_B', 'transformer.resblocks.4.attn.k_proj.experts.1.w_lora_A', 'transformer.resblocks.4.attn.k_proj.experts.1.w_lora_B', 'transformer.resblocks.4.attn.v_proj.router.gate.weight', 'transformer.resblocks.4.attn.v_proj.experts.0.w_lora_A', 'transformer.resblocks.4.attn.v_proj.experts.0.w_lora_B', 'transformer.resblocks.4.attn.v_proj.experts.1.w_lora_A', 'transformer.resblocks.4.attn.v_proj.experts.1.w_lora_B', 'transformer.resblocks.5.attn.q_proj.router.gate.weight', 'transformer.resblocks.5.attn.q_proj.experts.0.w_lora_A', 'transformer.resblocks.5.attn.q_proj.experts.0.w_lora_B', 'transformer.resblocks.5.attn.q_proj.experts.1.w_lora_A', 'transformer.resblocks.5.attn.q_proj.experts.1.w_lora_B', 'transformer.resblocks.5.attn.k_proj.router.gate.weight', 'transformer.resblocks.5.attn.k_proj.experts.0.w_lora_A', 'transformer.resblocks.5.attn.k_proj.experts.0.w_lora_B', 'transformer.resblocks.5.attn.k_proj.experts.1.w_lora_A', 'transformer.resblocks.5.attn.k_proj.experts.1.w_lora_B', 'transformer.resblocks.5.attn.v_proj.router.gate.weight', 'transformer.resblocks.5.attn.v_proj.experts.0.w_lora_A', 'transformer.resblocks.5.attn.v_proj.experts.0.w_lora_B', 'transformer.resblocks.5.attn.v_proj.experts.1.w_lora_A', 'transformer.resblocks.5.attn.v_proj.experts.1.w_lora_B', 'transformer.resblocks.6.attn.q_proj.router.gate.weight', 'transformer.resblocks.6.attn.q_proj.experts.0.w_lora_A', 'transformer.resblocks.6.attn.q_proj.experts.0.w_lora_B', 'transformer.resblocks.6.attn.q_proj.experts.1.w_lora_A', 'transformer.resblocks.6.attn.q_proj.experts.1.w_lora_B', 'transformer.resblocks.6.attn.k_proj.router.gate.weight', 'transformer.resblocks.6.attn.k_proj.experts.0.w_lora_A', 'transformer.resblocks.6.attn.k_proj.experts.0.w_lora_B', 'transformer.resblocks.6.attn.k_proj.experts.1.w_lora_A', 'transformer.resblocks.6.attn.k_proj.experts.1.w_lora_B', 'transformer.resblocks.6.attn.v_proj.router.gate.weight', 'transformer.resblocks.6.attn.v_proj.experts.0.w_lora_A', 'transformer.resblocks.6.attn.v_proj.experts.0.w_lora_B', 'transformer.resblocks.6.attn.v_proj.experts.1.w_lora_A', 'transformer.resblocks.6.attn.v_proj.experts.1.w_lora_B', 'transformer.resblocks.7.attn.q_proj.router.gate.weight', 'transformer.resblocks.7.attn.q_proj.experts.0.w_lora_A', 'transformer.resblocks.7.attn.q_proj.experts.0.w_lora_B', 'transformer.resblocks.7.attn.q_proj.experts.1.w_lora_A', 'transformer.resblocks.7.attn.q_proj.experts.1.w_lora_B', 'transformer.resblocks.7.attn.k_proj.router.gate.weight', 'transformer.resblocks.7.attn.k_proj.experts.0.w_lora_A', 'transformer.resblocks.7.attn.k_proj.experts.0.w_lora_B', 'transformer.resblocks.7.attn.k_proj.experts.1.w_lora_A', 'transformer.resblocks.7.attn.k_proj.experts.1.w_lora_B', 'transformer.resblocks.7.attn.v_proj.router.gate.weight', 'transformer.resblocks.7.attn.v_proj.experts.0.w_lora_A', 'transformer.resblocks.7.attn.v_proj.experts.0.w_lora_B', 'transformer.resblocks.7.attn.v_proj.experts.1.w_lora_A', 'transformer.resblocks.7.attn.v_proj.experts.1.w_lora_B', 'transformer.resblocks.8.attn.q_proj.router.gate.weight', 'transformer.resblocks.8.attn.q_proj.experts.0.w_lora_A', 'transformer.resblocks.8.attn.q_proj.experts.0.w_lora_B', 'transformer.resblocks.8.attn.q_proj.experts.1.w_lora_A', 'transformer.resblocks.8.attn.q_proj.experts.1.w_lora_B', 'transformer.resblocks.8.attn.k_proj.router.gate.weight', 'transformer.resblocks.8.attn.k_proj.experts.0.w_lora_A', 'transformer.resblocks.8.attn.k_proj.experts.0.w_lora_B', 'transformer.resblocks.8.attn.k_proj.experts.1.w_lora_A', 'transformer.resblocks.8.attn.k_proj.experts.1.w_lora_B', 'transformer.resblocks.8.attn.v_proj.router.gate.weight', 'transformer.resblocks.8.attn.v_proj.experts.0.w_lora_A', 'transformer.resblocks.8.attn.v_proj.experts.0.w_lora_B', 'transformer.resblocks.8.attn.v_proj.experts.1.w_lora_A', 'transformer.resblocks.8.attn.v_proj.experts.1.w_lora_B', 'transformer.resblocks.9.attn.q_proj.router.gate.weight', 'transformer.resblocks.9.attn.q_proj.experts.0.w_lora_A', 'transformer.resblocks.9.attn.q_proj.experts.0.w_lora_B', 'transformer.resblocks.9.attn.q_proj.experts.1.w_lora_A', 'transformer.resblocks.9.attn.q_proj.experts.1.w_lora_B', 'transformer.resblocks.9.attn.k_proj.router.gate.weight', 'transformer.resblocks.9.attn.k_proj.experts.0.w_lora_A', 'transformer.resblocks.9.attn.k_proj.experts.0.w_lora_B', 'transformer.resblocks.9.attn.k_proj.experts.1.w_lora_A', 'transformer.resblocks.9.attn.k_proj.experts.1.w_lora_B', 'transformer.resblocks.9.attn.v_proj.router.gate.weight', 'transformer.resblocks.9.attn.v_proj.experts.0.w_lora_A', 'transformer.resblocks.9.attn.v_proj.experts.0.w_lora_B', 'transformer.resblocks.9.attn.v_proj.experts.1.w_lora_A', 'transformer.resblocks.9.attn.v_proj.experts.1.w_lora_B', 'transformer.resblocks.10.attn.q_proj.router.gate.weight', 'transformer.resblocks.10.attn.q_proj.experts.0.w_lora_A', 'transformer.resblocks.10.attn.q_proj.experts.0.w_lora_B', 'transformer.resblocks.10.attn.q_proj.experts.1.w_lora_A', 'transformer.resblocks.10.attn.q_proj.experts.1.w_lora_B', 'transformer.resblocks.10.attn.k_proj.router.gate.weight', 'transformer.resblocks.10.attn.k_proj.experts.0.w_lora_A', 'transformer.resblocks.10.attn.k_proj.experts.0.w_lora_B', 'transformer.resblocks.10.attn.k_proj.experts.1.w_lora_A', 'transformer.resblocks.10.attn.k_proj.experts.1.w_lora_B', 'transformer.resblocks.10.attn.v_proj.router.gate.weight', 'transformer.resblocks.10.attn.v_proj.experts.0.w_lora_A', 'transformer.resblocks.10.attn.v_proj.experts.0.w_lora_B', 'transformer.resblocks.10.attn.v_proj.experts.1.w_lora_A', 'transformer.resblocks.10.attn.v_proj.experts.1.w_lora_B', 'transformer.resblocks.11.attn.q_proj.router.gate.weight', 'transformer.resblocks.11.attn.q_proj.experts.0.w_lora_A', 'transformer.resblocks.11.attn.q_proj.experts.0.w_lora_B', 'transformer.resblocks.11.attn.q_proj.experts.1.w_lora_A', 'transformer.resblocks.11.attn.q_proj.experts.1.w_lora_B', 'transformer.resblocks.11.attn.k_proj.router.gate.weight', 'transformer.resblocks.11.attn.k_proj.experts.0.w_lora_A', 'transformer.resblocks.11.attn.k_proj.experts.0.w_lora_B', 'transformer.resblocks.11.attn.k_proj.experts.1.w_lora_A', 'transformer.resblocks.11.attn.k_proj.experts.1.w_lora_B', 'transformer.resblocks.11.attn.v_proj.router.gate.weight', 'transformer.resblocks.11.attn.v_proj.experts.0.w_lora_A', 'transformer.resblocks.11.attn.v_proj.experts.0.w_lora_B', 'transformer.resblocks.11.attn.v_proj.experts.1.w_lora_A', 'transformer.resblocks.11.attn.v_proj.experts.1.w_lora_B']
LR: 0.000200, Acc: 30.0000, Loss: 2.4805
LR: 0.000200, Acc: 0.0000, Loss: 2.8398
LR: 0.000200, Acc: 10.0000, Loss: 2.4316
LR: 0.000200, Acc: 20.0000, Loss: 2.4023
LR: 0.000200, Acc: 10.0000, Loss: 2.5234
LR: 0.000200, Acc: 10.0000, Loss: 2.4531
LR: 0.000200, Acc: 10.0000, Loss: 2.5898
LR: 0.000200, Acc: 20.0000, Loss: 2.1816
LR: 0.000200, Acc: 20.0000, Loss: 2.3125
LR: 0.000200, Acc: 20.0000, Loss: 2.1094
LR: 0.000200, Acc: 10.0000, Loss: 2.4316
LR: 0.000200, Acc: 30.0000, Loss: 2.2988
LR: 0.000200, Acc: 20.0000, Loss: 2.2051
LR: 0.000200, Acc: 30.0000, Loss: 2.0898
LR: 0.000200, Acc: 10.0000, Loss: 2.4766
LR: 0.000199, Acc: 30.0000, Loss: 2.0664
LR: 0.000199, Acc: 10.0000, Loss: 2.3477
LR: 0.000199, Acc: 30.0000, Loss: 1.9062
LR: 0.000199, Acc: 20.0000, Loss: 2.1680
LR: 0.000199, Acc: 30.0000, Loss: 2.0059
LR: 0.000199, Acc: 40.0000, Loss: 1.9453
LR: 0.000199, Acc: 30.0000, Loss: 1.8467
LR: 0.000199, Acc: 50.0000, Loss: 1.8926
LR: 0.000199, Acc: 50.0000, Loss: 1.6270
LR: 0.000199, Acc: 30.0000, Loss: 1.7988
LR: 0.000199, Acc: 30.0000, Loss: 1.6670
LR: 0.000199, Acc: 30.0000, Loss: 1.7959
LR: 0.000198, Acc: 30.0000, Loss: 1.8252
LR: 0.000198, Acc: 50.0000, Loss: 1.5791
LR: 0.000198, Acc: 50.0000, Loss: 1.4619
LR: 0.000198, Acc: 30.0000, Loss: 1.5723
LR: 0.000198, Acc: 50.0000, Loss: 1.5557
LR: 0.000198, Acc: 50.0000, Loss: 1.5215
LR: 0.000198, Acc: 60.0000, Loss: 1.2676
LR: 0.000198, Acc: 60.0000, Loss: 1.1768
LR: 0.000197, Acc: 60.0000, Loss: 1.1367
LR: 0.000197, Acc: 50.0000, Loss: 1.3779
LR: 0.000197, Acc: 70.0000, Loss: 1.1250
LR: 0.000197, Acc: 70.0000, Loss: 1.0293
LR: 0.000197, Acc: 60.0000, Loss: 1.1270
LR: 0.000197, Acc: 60.0000, Loss: 1.0654
LR: 0.000197, Acc: 80.0000, Loss: 0.8970
LR: 0.000196, Acc: 80.0000, Loss: 0.9854
LR: 0.000196, Acc: 70.0000, Loss: 1.0059
LR: 0.000196, Acc: 70.0000, Loss: 0.8477
LR: 0.000196, Acc: 80.0000, Loss: 1.0371
LR: 0.000196, Acc: 90.0000, Loss: 0.7002
LR: 0.000196, Acc: 100.0000, Loss: 0.6147
LR: 0.000195, Acc: 90.0000, Loss: 0.5791
LR: 0.000195, Acc: 90.0000, Loss: 0.7466
LR: 0.000195, Acc: 90.0000, Loss: 0.5366
LR: 0.000195, Acc: 80.0000, Loss: 0.9165
LR: 0.000195, Acc: 90.0000, Loss: 0.4839
LR: 0.000194, Acc: 70.0000, Loss: 0.7866
LR: 0.000194, Acc: 90.0000, Loss: 0.5820
LR: 0.000194, Acc: 90.0000, Loss: 0.4976
LR: 0.000194, Acc: 90.0000, Loss: 0.4451
LR: 0.000193, Acc: 100.0000, Loss: 0.4141
LR: 0.000193, Acc: 80.0000, Loss: 0.5518
LR: 0.000193, Acc: 70.0000, Loss: 0.5645
LR: 0.000193, Acc: 90.0000, Loss: 0.4062
LR: 0.000193, Acc: 90.0000, Loss: 0.4702
LR: 0.000192, Acc: 90.0000, Loss: 0.4751
LR: 0.000192, Acc: 90.0000, Loss: 0.2607
LR: 0.000192, Acc: 70.0000, Loss: 0.6660
LR: 0.000192, Acc: 100.0000, Loss: 0.3298
LR: 0.000191, Acc: 100.0000, Loss: 0.2803
LR: 0.000191, Acc: 80.0000, Loss: 0.5273
LR: 0.000191, Acc: 80.0000, Loss: 0.3792
LR: 0.000191, Acc: 90.0000, Loss: 0.3367
LR: 0.000190, Acc: 90.0000, Loss: 0.5688
LR: 0.000190, Acc: 80.0000, Loss: 0.7661
LR: 0.000190, Acc: 90.0000, Loss: 0.2211
LR: 0.000189, Acc: 100.0000, Loss: 0.2170
LR: 0.000189, Acc: 90.0000, Loss: 0.3525
LR: 0.000189, Acc: 100.0000, Loss: 0.2220
LR: 0.000189, Acc: 100.0000, Loss: 0.2451
LR: 0.000188, Acc: 90.0000, Loss: 0.5938
LR: 0.000188, Acc: 90.0000, Loss: 0.4065
LR: 0.000188, Acc: 100.0000, Loss: 0.1591
LR: 0.000187, Acc: 100.0000, Loss: 0.1616
LR: 0.000187, Acc: 90.0000, Loss: 0.2642
LR: 0.000187, Acc: 90.0000, Loss: 0.1982
LR: 0.000186, Acc: 100.0000, Loss: 0.1617
LR: 0.000186, Acc: 100.0000, Loss: 0.1648
LR: 0.000186, Acc: 100.0000, Loss: 0.1553
LR: 0.000186, Acc: 90.0000, Loss: 0.1504
LR: 0.000185, Acc: 90.0000, Loss: 0.4136
LR: 0.000185, Acc: 90.0000, Loss: 0.3057
LR: 0.000185, Acc: 100.0000, Loss: 0.1232
LR: 0.000184, Acc: 100.0000, Loss: 0.1057
LR: 0.000184, Acc: 100.0000, Loss: 0.1267
LR: 0.000183, Acc: 100.0000, Loss: 0.1147
LR: 0.000183, Acc: 100.0000, Loss: 0.1914
LR: 0.000183, Acc: 100.0000, Loss: 0.1592
LR: 0.000182, Acc: 100.0000, Loss: 0.1989
LR: 0.000182, Acc: 80.0000, Loss: 0.5210
LR: 0.000182, Acc: 100.0000, Loss: 0.1532
LR: 0.000181, Acc: 100.0000, Loss: 0.1394
LR: 0.000181, Acc: 100.0000, Loss: 0.1204
LR: 0.000181, Acc: 100.0000, Loss: 0.1621
LR: 0.000180, Acc: 90.0000, Loss: 0.7988
LR: 0.000180, Acc: 100.0000, Loss: 0.0725
LR: 0.000180, Acc: 100.0000, Loss: 0.1146
LR: 0.000179, Acc: 100.0000, Loss: 0.0898
LR: 0.000179, Acc: 90.0000, Loss: 0.7300
LR: 0.000178, Acc: 100.0000, Loss: 0.0793
LR: 0.000178, Acc: 90.0000, Loss: 0.3264
LR: 0.000178, Acc: 100.0000, Loss: 0.1165
LR: 0.000177, Acc: 100.0000, Loss: 0.0999
LR: 0.000177, Acc: 100.0000, Loss: 0.0710
LR: 0.000176, Acc: 100.0000, Loss: 0.1078
LR: 0.000176, Acc: 100.0000, Loss: 0.0919
LR: 0.000176, Acc: 100.0000, Loss: 0.0616
LR: 0.000175, Acc: 100.0000, Loss: 0.0473
LR: 0.000175, Acc: 100.0000, Loss: 0.0897
LR: 0.000174, Acc: 100.0000, Loss: 0.1398
LR: 0.000174, Acc: 100.0000, Loss: 0.0917
LR: 0.000173, Acc: 100.0000, Loss: 0.0709
LR: 0.000173, Acc: 100.0000, Loss: 0.1356
LR: 0.000173, Acc: 100.0000, Loss: 0.0834
LR: 0.000172, Acc: 100.0000, Loss: 0.0502
LR: 0.000172, Acc: 100.0000, Loss: 0.0528
LR: 0.000171, Acc: 100.0000, Loss: 0.0808
LR: 0.000171, Acc: 90.0000, Loss: 0.1600
LR: 0.000170, Acc: 100.0000, Loss: 0.0921
LR: 0.000170, Acc: 90.0000, Loss: 0.0897
LR: 0.000170, Acc: 100.0000, Loss: 0.1106
LR: 0.000169, Acc: 100.0000, Loss: 0.0304
LR: 0.000169, Acc: 100.0000, Loss: 0.0826
LR: 0.000168, Acc: 100.0000, Loss: 0.0681
LR: 0.000168, Acc: 90.0000, Loss: 0.2134
LR: 0.000167, Acc: 100.0000, Loss: 0.0640
LR: 0.000167, Acc: 90.0000, Loss: 0.4529
LR: 0.000166, Acc: 100.0000, Loss: 0.0418
LR: 0.000166, Acc: 100.0000, Loss: 0.0656
LR: 0.000165, Acc: 100.0000, Loss: 0.0641
LR: 0.000165, Acc: 100.0000, Loss: 0.0507
LR: 0.000164, Acc: 100.0000, Loss: 0.1289
LR: 0.000164, Acc: 90.0000, Loss: 0.2932
LR: 0.000163, Acc: 100.0000, Loss: 0.0938
LR: 0.000163, Acc: 100.0000, Loss: 0.0311
LR: 0.000162, Acc: 100.0000, Loss: 0.0692
LR: 0.000162, Acc: 100.0000, Loss: 0.0244
LR: 0.000161, Acc: 90.0000, Loss: 0.2905
LR: 0.000161, Acc: 100.0000, Loss: 0.0497
LR: 0.000160, Acc: 100.0000, Loss: 0.0288
LR: 0.000160, Acc: 90.0000, Loss: 0.1638
LR: 0.000159, Acc: 100.0000, Loss: 0.1153
LR: 0.000159, Acc: 100.0000, Loss: 0.0923
LR: 0.000158, Acc: 100.0000, Loss: 0.0397
LR: 0.000158, Acc: 100.0000, Loss: 0.1131
LR: 0.000157, Acc: 100.0000, Loss: 0.0217
LR: 0.000157, Acc: 90.0000, Loss: 0.2817
LR: 0.000156, Acc: 100.0000, Loss: 0.0388
LR: 0.000156, Acc: 100.0000, Loss: 0.0268
LR: 0.000155, Acc: 100.0000, Loss: 0.0299
LR: 0.000155, Acc: 100.0000, Loss: 0.0615
LR: 0.000154, Acc: 100.0000, Loss: 0.0320
LR: 0.000154, Acc: 100.0000, Loss: 0.0221
LR: 0.000153, Acc: 100.0000, Loss: 0.0163
LR: 0.000153, Acc: 100.0000, Loss: 0.0551
LR: 0.000152, Acc: 100.0000, Loss: 0.0527
LR: 0.000152, Acc: 100.0000, Loss: 0.0630
LR: 0.000151, Acc: 100.0000, Loss: 0.0240
LR: 0.000151, Acc: 100.0000, Loss: 0.0131
LR: 0.000150, Acc: 100.0000, Loss: 0.0217
LR: 0.000150, Acc: 100.0000, Loss: 0.0191
LR: 0.000149, Acc: 100.0000, Loss: 0.0944
LR: 0.000148, Acc: 100.0000, Loss: 0.0254
LR: 0.000148, Acc: 100.0000, Loss: 0.0466
LR: 0.000147, Acc: 100.0000, Loss: 0.0512
LR: 0.000147, Acc: 100.0000, Loss: 0.0307
LR: 0.000146, Acc: 90.0000, Loss: 0.1890
LR: 0.000146, Acc: 100.0000, Loss: 0.0165
LR: 0.000145, Acc: 100.0000, Loss: 0.0605
LR: 0.000145, Acc: 100.0000, Loss: 0.0176
LR: 0.000144, Acc: 100.0000, Loss: 0.0271
LR: 0.000143, Acc: 100.0000, Loss: 0.0064
LR: 0.000143, Acc: 100.0000, Loss: 0.0276
LR: 0.000142, Acc: 100.0000, Loss: 0.0206
LR: 0.000142, Acc: 100.0000, Loss: 0.0100
LR: 0.000141, Acc: 100.0000, Loss: 0.0580
LR: 0.000141, Acc: 90.0000, Loss: 0.2081
LR: 0.000140, Acc: 100.0000, Loss: 0.0183
LR: 0.000139, Acc: 100.0000, Loss: 0.0303
LR: 0.000139, Acc: 100.0000, Loss: 0.0218
LR: 0.000138, Acc: 100.0000, Loss: 0.0181
LR: 0.000138, Acc: 100.0000, Loss: 0.0271
LR: 0.000137, Acc: 100.0000, Loss: 0.0172
LR: 0.000137, Acc: 100.0000, Loss: 0.0270
LR: 0.000136, Acc: 100.0000, Loss: 0.0216
LR: 0.000135, Acc: 100.0000, Loss: 0.0132
LR: 0.000135, Acc: 100.0000, Loss: 0.0087
LR: 0.000134, Acc: 100.0000, Loss: 0.0041
LR: 0.000134, Acc: 100.0000, Loss: 0.0244
LR: 0.000133, Acc: 100.0000, Loss: 0.0089
LR: 0.000132, Acc: 100.0000, Loss: 0.0232
LR: 0.000132, Acc: 100.0000, Loss: 0.0718
LR: 0.000131, Acc: 100.0000, Loss: 0.0175
LR: 0.000131, Acc: 100.0000, Loss: 0.0097
LR: 0.000130, Acc: 100.0000, Loss: 0.0623
LR: 0.000129, Acc: 100.0000, Loss: 0.0308
LR: 0.000129, Acc: 100.0000, Loss: 0.0106
LR: 0.000128, Acc: 100.0000, Loss: 0.0150
LR: 0.000128, Acc: 100.0000, Loss: 0.0140
LR: 0.000127, Acc: 100.0000, Loss: 0.0161
LR: 0.000126, Acc: 100.0000, Loss: 0.0947
LR: 0.000126, Acc: 100.0000, Loss: 0.0148
LR: 0.000125, Acc: 90.0000, Loss: 0.2396
LR: 0.000125, Acc: 100.0000, Loss: 0.0088
LR: 0.000124, Acc: 100.0000, Loss: 0.0362
LR: 0.000123, Acc: 100.0000, Loss: 0.0230
LR: 0.000123, Acc: 100.0000, Loss: 0.0276
LR: 0.000122, Acc: 100.0000, Loss: 0.0736
LR: 0.000122, Acc: 100.0000, Loss: 0.0378
LR: 0.000121, Acc: 100.0000, Loss: 0.1022
LR: 0.000120, Acc: 100.0000, Loss: 0.0104
LR: 0.000120, Acc: 100.0000, Loss: 0.0223
LR: 0.000119, Acc: 100.0000, Loss: 0.0151
LR: 0.000119, Acc: 100.0000, Loss: 0.0097
LR: 0.000118, Acc: 100.0000, Loss: 0.0153
LR: 0.000117, Acc: 100.0000, Loss: 0.0107
LR: 0.000117, Acc: 100.0000, Loss: 0.0095
LR: 0.000116, Acc: 100.0000, Loss: 0.0079
LR: 0.000115, Acc: 100.0000, Loss: 0.0137
LR: 0.000115, Acc: 100.0000, Loss: 0.0211
LR: 0.000114, Acc: 100.0000, Loss: 0.0136
LR: 0.000114, Acc: 100.0000, Loss: 0.0042
LR: 0.000113, Acc: 100.0000, Loss: 0.0129
LR: 0.000112, Acc: 100.0000, Loss: 0.0032
LR: 0.000112, Acc: 100.0000, Loss: 0.0310
LR: 0.000111, Acc: 100.0000, Loss: 0.0133
LR: 0.000110, Acc: 100.0000, Loss: 0.0098
LR: 0.000110, Acc: 100.0000, Loss: 0.0031
LR: 0.000109, Acc: 100.0000, Loss: 0.0099
LR: 0.000109, Acc: 100.0000, Loss: 0.0081
LR: 0.000108, Acc: 100.0000, Loss: 0.0073
LR: 0.000107, Acc: 100.0000, Loss: 0.0075
LR: 0.000107, Acc: 100.0000, Loss: 0.0207
LR: 0.000106, Acc: 100.0000, Loss: 0.0191
LR: 0.000105, Acc: 100.0000, Loss: 0.0202
LR: 0.000105, Acc: 100.0000, Loss: 0.0046
LR: 0.000104, Acc: 100.0000, Loss: 0.0138
LR: 0.000104, Acc: 100.0000, Loss: 0.0045
LR: 0.000103, Acc: 100.0000, Loss: 0.0040
LR: 0.000102, Acc: 100.0000, Loss: 0.0107
LR: 0.000102, Acc: 100.0000, Loss: 0.0188
LR: 0.000101, Acc: 100.0000, Loss: 0.0547
LR: 0.000100, Acc: 100.0000, Loss: 0.0686
LR: 0.000100, Acc: 100.0000, Loss: 0.0036
LR: 0.000099, Acc: 100.0000, Loss: 0.0047
LR: 0.000099, Acc: 100.0000, Loss: 0.0030
LR: 0.000098, Acc: 90.0000, Loss: 0.2786
LR: 0.000097, Acc: 100.0000, Loss: 0.0115
LR: 0.000097, Acc: 100.0000, Loss: 0.0068
LR: 0.000096, Acc: 90.0000, Loss: 0.2024
LR: 0.000096, Acc: 100.0000, Loss: 0.0059
LR: 0.000095, Acc: 100.0000, Loss: 0.0070
LR: 0.000094, Acc: 100.0000, Loss: 0.0018
LR: 0.000094, Acc: 100.0000, Loss: 0.0049
LR: 0.000093, Acc: 100.0000, Loss: 0.0150
LR: 0.000092, Acc: 100.0000, Loss: 0.0149
LR: 0.000092, Acc: 100.0000, Loss: 0.0138
LR: 0.000091, Acc: 100.0000, Loss: 0.0034
LR: 0.000091, Acc: 100.0000, Loss: 0.0134
LR: 0.000090, Acc: 100.0000, Loss: 0.0065
LR: 0.000089, Acc: 100.0000, Loss: 0.0092
LR: 0.000089, Acc: 100.0000, Loss: 0.0059
LR: 0.000088, Acc: 100.0000, Loss: 0.0060
LR: 0.000087, Acc: 100.0000, Loss: 0.0033
LR: 0.000087, Acc: 100.0000, Loss: 0.0033
LR: 0.000086, Acc: 100.0000, Loss: 0.0061
LR: 0.000086, Acc: 100.0000, Loss: 0.0071
LR: 0.000085, Acc: 100.0000, Loss: 0.0037
LR: 0.000084, Acc: 100.0000, Loss: 0.0400
LR: 0.000084, Acc: 100.0000, Loss: 0.0076
LR: 0.000083, Acc: 100.0000, Loss: 0.0437
LR: 0.000082, Acc: 100.0000, Loss: 0.0035
LR: 0.000082, Acc: 100.0000, Loss: 0.0037
LR: 0.000081, Acc: 100.0000, Loss: 0.0039
LR: 0.000081, Acc: 100.0000, Loss: 0.0042
LR: 0.000080, Acc: 100.0000, Loss: 0.0122
LR: 0.000079, Acc: 100.0000, Loss: 0.0040
LR: 0.000079, Acc: 100.0000, Loss: 0.0059
LR: 0.000078, Acc: 100.0000, Loss: 0.0051
LR: 0.000078, Acc: 100.0000, Loss: 0.0103
LR: 0.000077, Acc: 100.0000, Loss: 0.0057
LR: 0.000076, Acc: 100.0000, Loss: 0.0088
LR: 0.000076, Acc: 100.0000, Loss: 0.0059
LR: 0.000075, Acc: 100.0000, Loss: 0.0078
LR: 0.000075, Acc: 100.0000, Loss: 0.0030
LR: 0.000074, Acc: 100.0000, Loss: 0.0036
LR: 0.000073, Acc: 100.0000, Loss: 0.0044
LR: 0.000073, Acc: 100.0000, Loss: 0.0073
LR: 0.000072, Acc: 100.0000, Loss: 0.0090
LR: 0.000072, Acc: 100.0000, Loss: 0.0086
LR: 0.000071, Acc: 100.0000, Loss: 0.0463
LR: 0.000070, Acc: 100.0000, Loss: 0.0049
LR: 0.000070, Acc: 100.0000, Loss: 0.0041
LR: 0.000069, Acc: 100.0000, Loss: 0.0053
LR: 0.000069, Acc: 100.0000, Loss: 0.0026
LR: 0.000068, Acc: 100.0000, Loss: 0.0168
LR: 0.000067, Acc: 100.0000, Loss: 0.0119
LR: 0.000067, Acc: 100.0000, Loss: 0.0040
LR: 0.000066, Acc: 100.0000, Loss: 0.0116
LR: 0.000066, Acc: 100.0000, Loss: 0.0047
LR: 0.000065, Acc: 100.0000, Loss: 0.0172
LR: 0.000064, Acc: 100.0000, Loss: 0.0035
LR: 0.000064, Acc: 100.0000, Loss: 0.0108
LR: 0.000063, Acc: 100.0000, Loss: 0.0034
LR: 0.000063, Acc: 100.0000, Loss: 0.0044
LR: 0.000062, Acc: 100.0000, Loss: 0.0029
LR: 0.000062, Acc: 100.0000, Loss: 0.0047
LR: 0.000061, Acc: 100.0000, Loss: 0.0065
LR: 0.000060, Acc: 100.0000, Loss: 0.0076
LR: 0.000060, Acc: 100.0000, Loss: 0.0050
LR: 0.000059, Acc: 100.0000, Loss: 0.0013
LR: 0.000059, Acc: 100.0000, Loss: 0.0040
LR: 0.000058, Acc: 100.0000, Loss: 0.0055
LR: 0.000058, Acc: 100.0000, Loss: 0.0021
LR: 0.000057, Acc: 100.0000, Loss: 0.0067
LR: 0.000056, Acc: 100.0000, Loss: 0.0034
LR: 0.000056, Acc: 100.0000, Loss: 0.0035
LR: 0.000055, Acc: 100.0000, Loss: 0.0017
LR: 0.000055, Acc: 100.0000, Loss: 0.0034
LR: 0.000054, Acc: 100.0000, Loss: 0.0057
LR: 0.000054, Acc: 100.0000, Loss: 0.0115
LR: 0.000053, Acc: 100.0000, Loss: 0.0027
LR: 0.000053, Acc: 100.0000, Loss: 0.0028
LR: 0.000052, Acc: 100.0000, Loss: 0.0160
LR: 0.000051, Acc: 100.0000, Loss: 0.0039
LR: 0.000051, Acc: 100.0000, Loss: 0.0064
LR: 0.000050, Acc: 100.0000, Loss: 0.0065
LR: 0.000050, Acc: 100.0000, Loss: 0.0055
LR: 0.000049, Acc: 100.0000, Loss: 0.0864
LR: 0.000049, Acc: 100.0000, Loss: 0.0029
LR: 0.000048, Acc: 100.0000, Loss: 0.0049
LR: 0.000048, Acc: 100.0000, Loss: 0.0055
LR: 0.000047, Acc: 100.0000, Loss: 0.0045
LR: 0.000047, Acc: 100.0000, Loss: 0.0049
LR: 0.000046, Acc: 100.0000, Loss: 0.0020
LR: 0.000046, Acc: 90.0000, Loss: 0.3816
LR: 0.000045, Acc: 100.0000, Loss: 0.0184
LR: 0.000045, Acc: 100.0000, Loss: 0.0145
LR: 0.000044, Acc: 100.0000, Loss: 0.0207
LR: 0.000044, Acc: 100.0000, Loss: 0.0030
LR: 0.000043, Acc: 100.0000, Loss: 0.0021
LR: 0.000043, Acc: 100.0000, Loss: 0.0127
LR: 0.000042, Acc: 100.0000, Loss: 0.0140
LR: 0.000042, Acc: 100.0000, Loss: 0.0109
LR: 0.000041, Acc: 100.0000, Loss: 0.0033
LR: 0.000041, Acc: 100.0000, Loss: 0.0043
LR: 0.000040, Acc: 100.0000, Loss: 0.0032
LR: 0.000040, Acc: 100.0000, Loss: 0.0037
LR: 0.000039, Acc: 100.0000, Loss: 0.0152
LR: 0.000039, Acc: 100.0000, Loss: 0.0021
LR: 0.000038, Acc: 100.0000, Loss: 0.0050
LR: 0.000038, Acc: 100.0000, Loss: 0.0035
LR: 0.000037, Acc: 100.0000, Loss: 0.0053
LR: 0.000037, Acc: 100.0000, Loss: 0.0112
LR: 0.000036, Acc: 100.0000, Loss: 0.0017
LR: 0.000036, Acc: 100.0000, Loss: 0.0040
LR: 0.000035, Acc: 100.0000, Loss: 0.0031
LR: 0.000035, Acc: 100.0000, Loss: 0.0096
LR: 0.000034, Acc: 100.0000, Loss: 0.0061
LR: 0.000034, Acc: 100.0000, Loss: 0.0098
LR: 0.000033, Acc: 100.0000, Loss: 0.0019
LR: 0.000033, Acc: 100.0000, Loss: 0.0206
LR: 0.000032, Acc: 90.0000, Loss: 0.4512
LR: 0.000032, Acc: 100.0000, Loss: 0.0108
LR: 0.000031, Acc: 100.0000, Loss: 0.0055
LR: 0.000031, Acc: 100.0000, Loss: 0.0051
LR: 0.000031, Acc: 100.0000, Loss: 0.0034
LR: 0.000030, Acc: 100.0000, Loss: 0.0124
LR: 0.000030, Acc: 100.0000, Loss: 0.0070
LR: 0.000029, Acc: 100.0000, Loss: 0.0021
LR: 0.000029, Acc: 100.0000, Loss: 0.0058
LR: 0.000028, Acc: 100.0000, Loss: 0.0023
LR: 0.000028, Acc: 100.0000, Loss: 0.0047
LR: 0.000028, Acc: 100.0000, Loss: 0.0041
LR: 0.000027, Acc: 90.0000, Loss: 0.4434
LR: 0.000027, Acc: 100.0000, Loss: 0.0078
LR: 0.000026, Acc: 100.0000, Loss: 0.0174
LR: 0.000026, Acc: 100.0000, Loss: 0.0048
LR: 0.000025, Acc: 100.0000, Loss: 0.0046
LR: 0.000025, Acc: 100.0000, Loss: 0.0052
LR: 0.000025, Acc: 100.0000, Loss: 0.0035
LR: 0.000024, Acc: 100.0000, Loss: 0.0297
LR: 0.000024, Acc: 100.0000, Loss: 0.0029
LR: 0.000023, Acc: 100.0000, Loss: 0.0702
LR: 0.000023, Acc: 100.0000, Loss: 0.0069
LR: 0.000023, Acc: 100.0000, Loss: 0.0045
LR: 0.000022, Acc: 100.0000, Loss: 0.0161
LR: 0.000022, Acc: 100.0000, Loss: 0.0096
LR: 0.000021, Acc: 100.0000, Loss: 0.0046
LR: 0.000021, Acc: 100.0000, Loss: 0.0019
LR: 0.000021, Acc: 100.0000, Loss: 0.0160
LR: 0.000020, Acc: 100.0000, Loss: 0.0014
LR: 0.000020, Acc: 100.0000, Loss: 0.0176
LR: 0.000020, Acc: 100.0000, Loss: 0.0050
LR: 0.000019, Acc: 100.0000, Loss: 0.0033
LR: 0.000019, Acc: 100.0000, Loss: 0.0385
LR: 0.000019, Acc: 100.0000, Loss: 0.0016
LR: 0.000018, Acc: 100.0000, Loss: 0.0078
LR: 0.000018, Acc: 100.0000, Loss: 0.0309
LR: 0.000018, Acc: 100.0000, Loss: 0.0018
LR: 0.000017, Acc: 100.0000, Loss: 0.0052
LR: 0.000017, Acc: 100.0000, Loss: 0.0210
LR: 0.000016, Acc: 100.0000, Loss: 0.0082
LR: 0.000016, Acc: 100.0000, Loss: 0.0239
LR: 0.000016, Acc: 100.0000, Loss: 0.0026
LR: 0.000015, Acc: 100.0000, Loss: 0.0063
LR: 0.000015, Acc: 100.0000, Loss: 0.0028
LR: 0.000015, Acc: 100.0000, Loss: 0.0031
LR: 0.000015, Acc: 100.0000, Loss: 0.0124
LR: 0.000014, Acc: 100.0000, Loss: 0.0024
LR: 0.000014, Acc: 100.0000, Loss: 0.0556
LR: 0.000014, Acc: 100.0000, Loss: 0.0026
LR: 0.000013, Acc: 100.0000, Loss: 0.0651
LR: 0.000013, Acc: 100.0000, Loss: 0.0030
LR: 0.000013, Acc: 100.0000, Loss: 0.0083
LR: 0.000012, Acc: 100.0000, Loss: 0.0021
LR: 0.000012, Acc: 100.0000, Loss: 0.0817
LR: 0.000012, Acc: 100.0000, Loss: 0.0158
LR: 0.000012, Acc: 100.0000, Loss: 0.0106
LR: 0.000011, Acc: 90.0000, Loss: 0.1115
LR: 0.000011, Acc: 100.0000, Loss: 0.0052
LR: 0.000011, Acc: 100.0000, Loss: 0.0028
LR: 0.000010, Acc: 100.0000, Loss: 0.0019
LR: 0.000010, Acc: 100.0000, Loss: 0.0071
LR: 0.000010, Acc: 90.0000, Loss: 0.1202
LR: 0.000010, Acc: 100.0000, Loss: 0.0032
LR: 0.000009, Acc: 100.0000, Loss: 0.0040
LR: 0.000009, Acc: 100.0000, Loss: 0.0025
LR: 0.000009, Acc: 100.0000, Loss: 0.0091
LR: 0.000009, Acc: 100.0000, Loss: 0.0060
LR: 0.000008, Acc: 100.0000, Loss: 0.0016
LR: 0.000008, Acc: 100.0000, Loss: 0.0015
LR: 0.000008, Acc: 100.0000, Loss: 0.0407
LR: 0.000008, Acc: 100.0000, Loss: 0.0045
LR: 0.000008, Acc: 100.0000, Loss: 0.0273
LR: 0.000007, Acc: 100.0000, Loss: 0.0668
LR: 0.000007, Acc: 100.0000, Loss: 0.0019
LR: 0.000007, Acc: 100.0000, Loss: 0.0138
LR: 0.000007, Acc: 100.0000, Loss: 0.0035
LR: 0.000006, Acc: 100.0000, Loss: 0.0053
LR: 0.000006, Acc: 100.0000, Loss: 0.0023
LR: 0.000006, Acc: 100.0000, Loss: 0.0021
LR: 0.000006, Acc: 100.0000, Loss: 0.0234
>>> Switching to ROUTER-ONLY finetuning <<<
LR: 0.000200, Acc: 100.0000, Loss: 0.0029
LR: 0.000199, Acc: 100.0000, Loss: 0.0033
LR: 0.000198, Acc: 100.0000, Loss: 0.0097
LR: 0.000197, Acc: 100.0000, Loss: 0.0029
LR: 0.000195, Acc: 100.0000, Loss: 0.0024
LR: 0.000193, Acc: 100.0000, Loss: 0.0026
LR: 0.000191, Acc: 100.0000, Loss: 0.0074
LR: 0.000188, Acc: 100.0000, Loss: 0.0068
LR: 0.000185, Acc: 100.0000, Loss: 0.0082
LR: 0.000181, Acc: 100.0000, Loss: 0.0038
LR: 0.000177, Acc: 100.0000, Loss: 0.0108
LR: 0.000173, Acc: 100.0000, Loss: 0.0063
LR: 0.000169, Acc: 100.0000, Loss: 0.0053
LR: 0.000164, Acc: 100.0000, Loss: 0.0027
LR: 0.000159, Acc: 100.0000, Loss: 0.0016
LR: 0.000154, Acc: 100.0000, Loss: 0.0078
LR: 0.000148, Acc: 100.0000, Loss: 0.0017
LR: 0.000143, Acc: 100.0000, Loss: 0.0042
LR: 0.000137, Acc: 100.0000, Loss: 0.0056
LR: 0.000131, Acc: 100.0000, Loss: 0.0031
LR: 0.000125, Acc: 100.0000, Loss: 0.0041
LR: 0.000119, Acc: 100.0000, Loss: 0.0242
LR: 0.000113, Acc: 100.0000, Loss: 0.0032
LR: 0.000107, Acc: 100.0000, Loss: 0.0022
LR: 0.000100, Acc: 100.0000, Loss: 0.0135
LR: 0.000094, Acc: 100.0000, Loss: 0.0022
LR: 0.000088, Acc: 100.0000, Loss: 0.0034
LR: 0.000082, Acc: 100.0000, Loss: 0.0026
LR: 0.000076, Acc: 100.0000, Loss: 0.0037
LR: 0.000070, Acc: 100.0000, Loss: 0.0038
LR: 0.000064, Acc: 100.0000, Loss: 0.0240
LR: 0.000058, Acc: 100.0000, Loss: 0.0019
LR: 0.000053, Acc: 100.0000, Loss: 0.0030
LR: 0.000047, Acc: 100.0000, Loss: 0.0057
LR: 0.000042, Acc: 100.0000, Loss: 0.0069
LR: 0.000037, Acc: 100.0000, Loss: 0.0067
LR: 0.000032, Acc: 100.0000, Loss: 0.0046
LR: 0.000028, Acc: 100.0000, Loss: 0.0055
LR: 0.000024, Acc: 100.0000, Loss: 0.0014
LR: 0.000020, Acc: 100.0000, Loss: 0.0018
LR: 0.000016, Acc: 100.0000, Loss: 0.0072
LR: 0.000013, Acc: 100.0000, Loss: 0.0059
LR: 0.000010, Acc: 100.0000, Loss: 0.0024
LR: 0.000008, Acc: 100.0000, Loss: 0.0028
LR: 0.000006, Acc: 100.0000, Loss: 0.0057
LR: 0.000004, Acc: 100.0000, Loss: 0.0014
LR: 0.000003, Acc: 100.0000, Loss: 0.0075
LR: 0.000002, Acc: 100.0000, Loss: 0.0105
LR: 0.000001, Acc: 100.0000, Loss: 0.0115
**** Final test accuracy: 71.19. ****

LoRA weights saved to weights/vitb16/eurosat/1shots/2experts/seed1/CLIP-MoLE_eurosat.pt
