created virtual environment CPython3.10.13.final.0-64 in 48687ms
  creator CPython3Posix(dest=/localscratch/pedro36.57070898.0/env, clear=False, no_vcs_ignore=False, global=False)
  seeder FromAppData(download=False, pip=bundle, setuptools=bundle, wheel=bundle, via=copy, app_data_dir=/home/pedro36/.local/share/virtualenv)
    added seed packages: pip==25.1.1, setuptools==80.7.1, wheel==0.45.1+computecanada
  activators BashActivator,CShellActivator,FishActivator,NushellActivator,PowerShellActivator,PythonActivator
Looking in links: /cvmfs/soft.computecanada.ca/custom/python/wheelhouse/gentoo2023/x86-64-v4, /cvmfs/soft.computecanada.ca/custom/python/wheelhouse/gentoo2023/x86-64-v3, /cvmfs/soft.computecanada.ca/custom/python/wheelhouse/gentoo2023/generic, /cvmfs/soft.computecanada.ca/custom/python/wheelhouse/generic
Requirement already satisfied: pip in /localscratch/pedro36.57070898.0/env/lib/python3.10/site-packages (25.1.1)
Looking in links: /cvmfs/soft.computecanada.ca/custom/python/wheelhouse/gentoo2023/x86-64-v4, /cvmfs/soft.computecanada.ca/custom/python/wheelhouse/gentoo2023/x86-64-v3, /cvmfs/soft.computecanada.ca/custom/python/wheelhouse/gentoo2023/generic, /cvmfs/soft.computecanada.ca/custom/python/wheelhouse/generic
Processing /cvmfs/soft.computecanada.ca/custom/python/wheelhouse/gentoo2023/x86-64-v3/torch-2.6.0+computecanada-cp310-cp310-linux_x86_64.whl
Processing /cvmfs/soft.computecanada.ca/custom/python/wheelhouse/gentoo2023/generic/torchvision-0.21.0+computecanada-cp310-cp310-linux_x86_64.whl
Processing /cvmfs/soft.computecanada.ca/custom/python/wheelhouse/gentoo2023/x86-64-v3/torchaudio-2.6.0+computecanada-cp310-cp310-linux_x86_64.whl
Processing /cvmfs/soft.computecanada.ca/custom/python/wheelhouse/generic/ftfy-6.3.0+computecanada-py3-none-any.whl
Processing /cvmfs/soft.computecanada.ca/custom/python/wheelhouse/gentoo2023/generic/scipy-1.15.1+computecanada-cp310-cp310-linux_x86_64.whl
Processing /cvmfs/soft.computecanada.ca/custom/python/wheelhouse/generic/regex-2024.9.11+computecanada-cp310-cp310-linux_x86_64.whl
Processing /cvmfs/soft.computecanada.ca/custom/python/wheelhouse/generic/tqdm-4.67.1+computecanada-py3-none-any.whl
Processing /cvmfs/soft.computecanada.ca/custom/python/wheelhouse/generic/gdown-5.2.0+computecanada-py3-none-any.whl
Processing /cvmfs/soft.computecanada.ca/custom/python/wheelhouse/gentoo2023/x86-64-v3/pandas-2.2.3+computecanada-cp310-cp310-linux_x86_64.whl
Processing /cvmfs/soft.computecanada.ca/custom/python/wheelhouse/generic/filelock-3.18.0+computecanada-py3-none-any.whl (from torch)
Processing /cvmfs/soft.computecanada.ca/custom/python/wheelhouse/generic/typing_extensions-4.14.0+computecanada-py3-none-any.whl (from torch)
Processing /cvmfs/soft.computecanada.ca/custom/python/wheelhouse/generic/networkx-3.5+computecanada-py3-none-any.whl (from torch)
Processing /cvmfs/soft.computecanada.ca/custom/python/wheelhouse/generic/jinja2-3.1.6+computecanada-py3-none-any.whl (from torch)
Processing /cvmfs/soft.computecanada.ca/custom/python/wheelhouse/generic/fsspec-2025.5.1+computecanada-py3-none-any.whl (from torch)
Processing /cvmfs/soft.computecanada.ca/custom/python/wheelhouse/generic/sympy-1.13.1+computecanada-py3-none-any.whl (from torch)
Processing /cvmfs/soft.computecanada.ca/custom/python/wheelhouse/generic/mpmath-1.3.0+computecanada-py3-none-any.whl (from sympy==1.13.1->torch)
Processing /cvmfs/soft.computecanada.ca/custom/python/wheelhouse/gentoo2023/generic/numpy-2.2.2+computecanada-cp310-cp310-linux_x86_64.whl (from torchvision)
Processing /cvmfs/soft.computecanada.ca/custom/python/wheelhouse/gentoo2023/x86-64-v3/Pillow_SIMD-9.5.0.post2+computecanada-cp310-cp310-linux_x86_64.whl (from torchvision)
Processing /cvmfs/soft.computecanada.ca/custom/python/wheelhouse/generic/wcwidth-0.2.13+computecanada-py2.py3-none-any.whl (from ftfy)
Processing /cvmfs/soft.computecanada.ca/custom/python/wheelhouse/generic/beautifulsoup4-4.13.4+computecanada-py3-none-any.whl (from gdown)
Processing /cvmfs/soft.computecanada.ca/custom/python/wheelhouse/generic/requests-2.32.4+computecanada-py3-none-any.whl (from gdown)
Processing /cvmfs/soft.computecanada.ca/custom/python/wheelhouse/generic/python_dateutil-2.9.0.post0+computecanada-py2.py3-none-any.whl (from pandas)
Processing /cvmfs/soft.computecanada.ca/custom/python/wheelhouse/generic/pytz-2025.2+computecanada-py2.py3-none-any.whl (from pandas)
Processing /cvmfs/soft.computecanada.ca/custom/python/wheelhouse/generic/tzdata-2025.2+computecanada-py2.py3-none-any.whl (from pandas)
Processing /cvmfs/soft.computecanada.ca/custom/python/wheelhouse/generic/six-1.17.0+computecanada-py2.py3-none-any.whl (from python-dateutil>=2.8.2->pandas)
Processing /cvmfs/soft.computecanada.ca/custom/python/wheelhouse/generic/soupsieve-2.7+computecanada-py3-none-any.whl (from beautifulsoup4->gdown)
Processing /cvmfs/soft.computecanada.ca/custom/python/wheelhouse/generic/MarkupSafe-2.1.5+computecanada-cp310-cp310-linux_x86_64.whl (from jinja2->torch)
INFO: pip is looking at multiple versions of networkx to determine which version is compatible with other requirements. This could take a while.
Processing /cvmfs/soft.computecanada.ca/custom/python/wheelhouse/generic/networkx-3.4.2+computecanada-py3-none-any.whl (from torch)
Processing /cvmfs/soft.computecanada.ca/custom/python/wheelhouse/generic/charset_normalizer-3.4.2+computecanada-py3-none-any.whl (from requests[socks]->gdown)
Processing /cvmfs/soft.computecanada.ca/custom/python/wheelhouse/generic/idna-3.10+computecanada-py3-none-any.whl (from requests[socks]->gdown)
Processing /cvmfs/soft.computecanada.ca/custom/python/wheelhouse/generic/urllib3-2.5.0+computecanada-py3-none-any.whl (from requests[socks]->gdown)
Processing /cvmfs/soft.computecanada.ca/custom/python/wheelhouse/generic/certifi-2025.6.15+computecanada-py3-none-any.whl (from requests[socks]->gdown)
Processing /cvmfs/soft.computecanada.ca/custom/python/wheelhouse/generic/PySocks-1.7.1+computecanada-py3-none-any.whl (from requests[socks]->gdown)
Installing collected packages: wcwidth, pytz, mpmath, urllib3, tzdata, typing-extensions, tqdm, sympy, soupsieve, six, regex, PySocks, pillow-simd, numpy, networkx, MarkupSafe, idna, ftfy, fsspec, filelock, charset-normalizer, certifi, scipy, requests, python-dateutil, jinja2, beautifulsoup4, torch, pandas, torchvision, torchaudio, gdown

Successfully installed MarkupSafe-2.1.5+computecanada PySocks-1.7.1+computecanada beautifulsoup4-4.13.4+computecanada certifi-2025.6.15+computecanada charset-normalizer-3.4.2+computecanada filelock-3.18.0+computecanada fsspec-2025.5.1+computecanada ftfy-6.3.0+computecanada gdown-5.2.0+computecanada idna-3.10+computecanada jinja2-3.1.6+computecanada mpmath-1.3.0+computecanada networkx-3.4.2+computecanada numpy-2.2.2+computecanada pandas-2.2.3+computecanada pillow-simd-9.5.0.post2+computecanada python-dateutil-2.9.0.post0+computecanada pytz-2025.2+computecanada regex-2024.9.11+computecanada requests-2.32.4+computecanada scipy-1.15.1+computecanada six-1.17.0+computecanada soupsieve-2.7+computecanada sympy-1.13.1+computecanada torch-2.6.0+computecanada torchaudio-2.6.0+computecanada torchvision-0.21.0+computecanada tqdm-4.67.1+computecanada typing-extensions-4.14.0+computecanada tzdata-2025.2+computecanada urllib3-2.5.0+computecanada wcwidth-0.2.13+computecanada
Preparing dataset.
Reading split from /home/pedro36/projects/def-leszek/pedro36/datasets/DATA/OxfordPets/split_zhou_OxfordPets.json
Creating a 1-shot dataset
Creating a 1-shot dataset

Getting textual features as CLIP's classifier.

Loading visual features and labels from val set.

Loading visual features and labels from test set.

**** Zero-shot CLIP's test accuracy: 88.20. ****

Residual Attention Block 0: ResidualAttentionBlock(
  (attn): MultiheadAttention(
    (out_proj): NonDynamicallyQuantizableLinear(in_features=512, out_features=512, bias=True)
  )
  (ln_1): LayerNorm((512,), eps=1e-05, elementwise_affine=True)
  (mlp): Sequential(
    (c_fc): Linear(in_features=512, out_features=2048, bias=True)
    (gelu): QuickGELU()
    (c_proj): Linear(in_features=2048, out_features=512, bias=True)
  )
  (ln_2): LayerNorm((512,), eps=1e-05, elementwise_affine=True)
)
Residual Attention Block 1: ResidualAttentionBlock(
  (attn): MultiheadAttention(
    (out_proj): NonDynamicallyQuantizableLinear(in_features=512, out_features=512, bias=True)
  )
  (ln_1): LayerNorm((512,), eps=1e-05, elementwise_affine=True)
  (mlp): Sequential(
    (c_fc): Linear(in_features=512, out_features=2048, bias=True)
    (gelu): QuickGELU()
    (c_proj): Linear(in_features=2048, out_features=512, bias=True)
  )
  (ln_2): LayerNorm((512,), eps=1e-05, elementwise_affine=True)
)
Residual Attention Block 2: ResidualAttentionBlock(
  (attn): MultiheadAttention(
    (out_proj): NonDynamicallyQuantizableLinear(in_features=512, out_features=512, bias=True)
  )
  (ln_1): LayerNorm((512,), eps=1e-05, elementwise_affine=True)
  (mlp): Sequential(
    (c_fc): Linear(in_features=512, out_features=2048, bias=True)
    (gelu): QuickGELU()
    (c_proj): Linear(in_features=2048, out_features=512, bias=True)
  )
  (ln_2): LayerNorm((512,), eps=1e-05, elementwise_affine=True)
)
Residual Attention Block 3: ResidualAttentionBlock(
  (attn): MultiheadAttention(
    (out_proj): NonDynamicallyQuantizableLinear(in_features=512, out_features=512, bias=True)
  )
  (ln_1): LayerNorm((512,), eps=1e-05, elementwise_affine=True)
  (mlp): Sequential(
    (c_fc): Linear(in_features=512, out_features=2048, bias=True)
    (gelu): QuickGELU()
    (c_proj): Linear(in_features=2048, out_features=512, bias=True)
  )
  (ln_2): LayerNorm((512,), eps=1e-05, elementwise_affine=True)
)
Residual Attention Block 4: ResidualAttentionBlock(
  (attn): MultiheadAttention(
    (out_proj): NonDynamicallyQuantizableLinear(in_features=512, out_features=512, bias=True)
  )
  (ln_1): LayerNorm((512,), eps=1e-05, elementwise_affine=True)
  (mlp): Sequential(
    (c_fc): Linear(in_features=512, out_features=2048, bias=True)
    (gelu): QuickGELU()
    (c_proj): Linear(in_features=2048, out_features=512, bias=True)
  )
  (ln_2): LayerNorm((512,), eps=1e-05, elementwise_affine=True)
)
Residual Attention Block 5: ResidualAttentionBlock(
  (attn): MultiheadAttention(
    (out_proj): NonDynamicallyQuantizableLinear(in_features=512, out_features=512, bias=True)
  )
  (ln_1): LayerNorm((512,), eps=1e-05, elementwise_affine=True)
  (mlp): Sequential(
    (c_fc): Linear(in_features=512, out_features=2048, bias=True)
    (gelu): QuickGELU()
    (c_proj): Linear(in_features=2048, out_features=512, bias=True)
  )
  (ln_2): LayerNorm((512,), eps=1e-05, elementwise_affine=True)
)
Residual Attention Block 6: ResidualAttentionBlock(
  (attn): MultiheadAttention(
    (out_proj): NonDynamicallyQuantizableLinear(in_features=512, out_features=512, bias=True)
  )
  (ln_1): LayerNorm((512,), eps=1e-05, elementwise_affine=True)
  (mlp): Sequential(
    (c_fc): Linear(in_features=512, out_features=2048, bias=True)
    (gelu): QuickGELU()
    (c_proj): Linear(in_features=2048, out_features=512, bias=True)
  )
  (ln_2): LayerNorm((512,), eps=1e-05, elementwise_affine=True)
)
Residual Attention Block 7: ResidualAttentionBlock(
  (attn): MultiheadAttention(
    (out_proj): NonDynamicallyQuantizableLinear(in_features=512, out_features=512, bias=True)
  )
  (ln_1): LayerNorm((512,), eps=1e-05, elementwise_affine=True)
  (mlp): Sequential(
    (c_fc): Linear(in_features=512, out_features=2048, bias=True)
    (gelu): QuickGELU()
    (c_proj): Linear(in_features=2048, out_features=512, bias=True)
  )
  (ln_2): LayerNorm((512,), eps=1e-05, elementwise_affine=True)
)
Residual Attention Block 8: ResidualAttentionBlock(
  (attn): MultiheadAttention(
    (out_proj): NonDynamicallyQuantizableLinear(in_features=512, out_features=512, bias=True)
  )
  (ln_1): LayerNorm((512,), eps=1e-05, elementwise_affine=True)
  (mlp): Sequential(
    (c_fc): Linear(in_features=512, out_features=2048, bias=True)
    (gelu): QuickGELU()
    (c_proj): Linear(in_features=2048, out_features=512, bias=True)
  )
  (ln_2): LayerNorm((512,), eps=1e-05, elementwise_affine=True)
)
Residual Attention Block 9: ResidualAttentionBlock(
  (attn): MultiheadAttention(
    (out_proj): NonDynamicallyQuantizableLinear(in_features=512, out_features=512, bias=True)
  )
  (ln_1): LayerNorm((512,), eps=1e-05, elementwise_affine=True)
  (mlp): Sequential(
    (c_fc): Linear(in_features=512, out_features=2048, bias=True)
    (gelu): QuickGELU()
    (c_proj): Linear(in_features=2048, out_features=512, bias=True)
  )
  (ln_2): LayerNorm((512,), eps=1e-05, elementwise_affine=True)
)
Residual Attention Block 10: ResidualAttentionBlock(
  (attn): MultiheadAttention(
    (out_proj): NonDynamicallyQuantizableLinear(in_features=512, out_features=512, bias=True)
  )
  (ln_1): LayerNorm((512,), eps=1e-05, elementwise_affine=True)
  (mlp): Sequential(
    (c_fc): Linear(in_features=512, out_features=2048, bias=True)
    (gelu): QuickGELU()
    (c_proj): Linear(in_features=2048, out_features=512, bias=True)
  )
  (ln_2): LayerNorm((512,), eps=1e-05, elementwise_affine=True)
)
Residual Attention Block 11: ResidualAttentionBlock(
  (attn): MultiheadAttention(
    (out_proj): NonDynamicallyQuantizableLinear(in_features=512, out_features=512, bias=True)
  )
  (ln_1): LayerNorm((512,), eps=1e-05, elementwise_affine=True)
  (mlp): Sequential(
    (c_fc): Linear(in_features=512, out_features=2048, bias=True)
    (gelu): QuickGELU()
    (c_proj): Linear(in_features=2048, out_features=512, bias=True)
  )
  (ln_2): LayerNorm((512,), eps=1e-05, elementwise_affine=True)
)
Residual Attention Block 0: ResidualAttentionBlock(
  (attn): MultiheadAttention(
    (out_proj): NonDynamicallyQuantizableLinear(in_features=768, out_features=768, bias=True)
  )
  (ln_1): LayerNorm((768,), eps=1e-05, elementwise_affine=True)
  (mlp): Sequential(
    (c_fc): Linear(in_features=768, out_features=3072, bias=True)
    (gelu): QuickGELU()
    (c_proj): Linear(in_features=3072, out_features=768, bias=True)
  )
  (ln_2): LayerNorm((768,), eps=1e-05, elementwise_affine=True)
)
Residual Attention Block 1: ResidualAttentionBlock(
  (attn): MultiheadAttention(
    (out_proj): NonDynamicallyQuantizableLinear(in_features=768, out_features=768, bias=True)
  )
  (ln_1): LayerNorm((768,), eps=1e-05, elementwise_affine=True)
  (mlp): Sequential(
    (c_fc): Linear(in_features=768, out_features=3072, bias=True)
    (gelu): QuickGELU()
    (c_proj): Linear(in_features=3072, out_features=768, bias=True)
  )
  (ln_2): LayerNorm((768,), eps=1e-05, elementwise_affine=True)
)
Residual Attention Block 2: ResidualAttentionBlock(
  (attn): MultiheadAttention(
    (out_proj): NonDynamicallyQuantizableLinear(in_features=768, out_features=768, bias=True)
  )
  (ln_1): LayerNorm((768,), eps=1e-05, elementwise_affine=True)
  (mlp): Sequential(
    (c_fc): Linear(in_features=768, out_features=3072, bias=True)
    (gelu): QuickGELU()
    (c_proj): Linear(in_features=3072, out_features=768, bias=True)
  )
  (ln_2): LayerNorm((768,), eps=1e-05, elementwise_affine=True)
)
Residual Attention Block 3: ResidualAttentionBlock(
  (attn): MultiheadAttention(
    (out_proj): NonDynamicallyQuantizableLinear(in_features=768, out_features=768, bias=True)
  )
  (ln_1): LayerNorm((768,), eps=1e-05, elementwise_affine=True)
  (mlp): Sequential(
    (c_fc): Linear(in_features=768, out_features=3072, bias=True)
    (gelu): QuickGELU()
    (c_proj): Linear(in_features=3072, out_features=768, bias=True)
  )
  (ln_2): LayerNorm((768,), eps=1e-05, elementwise_affine=True)
)
Residual Attention Block 4: ResidualAttentionBlock(
  (attn): MultiheadAttention(
    (out_proj): NonDynamicallyQuantizableLinear(in_features=768, out_features=768, bias=True)
  )
  (ln_1): LayerNorm((768,), eps=1e-05, elementwise_affine=True)
  (mlp): Sequential(
    (c_fc): Linear(in_features=768, out_features=3072, bias=True)
    (gelu): QuickGELU()
    (c_proj): Linear(in_features=3072, out_features=768, bias=True)
  )
  (ln_2): LayerNorm((768,), eps=1e-05, elementwise_affine=True)
)
Residual Attention Block 5: ResidualAttentionBlock(
  (attn): MultiheadAttention(
    (out_proj): NonDynamicallyQuantizableLinear(in_features=768, out_features=768, bias=True)
  )
  (ln_1): LayerNorm((768,), eps=1e-05, elementwise_affine=True)
  (mlp): Sequential(
    (c_fc): Linear(in_features=768, out_features=3072, bias=True)
    (gelu): QuickGELU()
    (c_proj): Linear(in_features=3072, out_features=768, bias=True)
  )
  (ln_2): LayerNorm((768,), eps=1e-05, elementwise_affine=True)
)
Residual Attention Block 6: ResidualAttentionBlock(
  (attn): MultiheadAttention(
    (out_proj): NonDynamicallyQuantizableLinear(in_features=768, out_features=768, bias=True)
  )
  (ln_1): LayerNorm((768,), eps=1e-05, elementwise_affine=True)
  (mlp): Sequential(
    (c_fc): Linear(in_features=768, out_features=3072, bias=True)
    (gelu): QuickGELU()
    (c_proj): Linear(in_features=3072, out_features=768, bias=True)
  )
  (ln_2): LayerNorm((768,), eps=1e-05, elementwise_affine=True)
)
Residual Attention Block 7: ResidualAttentionBlock(
  (attn): MultiheadAttention(
    (out_proj): NonDynamicallyQuantizableLinear(in_features=768, out_features=768, bias=True)
  )
  (ln_1): LayerNorm((768,), eps=1e-05, elementwise_affine=True)
  (mlp): Sequential(
    (c_fc): Linear(in_features=768, out_features=3072, bias=True)
    (gelu): QuickGELU()
    (c_proj): Linear(in_features=3072, out_features=768, bias=True)
  )
  (ln_2): LayerNorm((768,), eps=1e-05, elementwise_affine=True)
)
Residual Attention Block 8: ResidualAttentionBlock(
  (attn): MultiheadAttention(
    (out_proj): NonDynamicallyQuantizableLinear(in_features=768, out_features=768, bias=True)
  )
  (ln_1): LayerNorm((768,), eps=1e-05, elementwise_affine=True)
  (mlp): Sequential(
    (c_fc): Linear(in_features=768, out_features=3072, bias=True)
    (gelu): QuickGELU()
    (c_proj): Linear(in_features=3072, out_features=768, bias=True)
  )
  (ln_2): LayerNorm((768,), eps=1e-05, elementwise_affine=True)
)
Residual Attention Block 9: ResidualAttentionBlock(
  (attn): MultiheadAttention(
    (out_proj): NonDynamicallyQuantizableLinear(in_features=768, out_features=768, bias=True)
  )
  (ln_1): LayerNorm((768,), eps=1e-05, elementwise_affine=True)
  (mlp): Sequential(
    (c_fc): Linear(in_features=768, out_features=3072, bias=True)
    (gelu): QuickGELU()
    (c_proj): Linear(in_features=3072, out_features=768, bias=True)
  )
  (ln_2): LayerNorm((768,), eps=1e-05, elementwise_affine=True)
)
Residual Attention Block 10: ResidualAttentionBlock(
  (attn): MultiheadAttention(
    (out_proj): NonDynamicallyQuantizableLinear(in_features=768, out_features=768, bias=True)
  )
  (ln_1): LayerNorm((768,), eps=1e-05, elementwise_affine=True)
  (mlp): Sequential(
    (c_fc): Linear(in_features=768, out_features=3072, bias=True)
    (gelu): QuickGELU()
    (c_proj): Linear(in_features=3072, out_features=768, bias=True)
  )
  (ln_2): LayerNorm((768,), eps=1e-05, elementwise_affine=True)
)
Residual Attention Block 11: ResidualAttentionBlock(
  (attn): MultiheadAttention(
    (out_proj): NonDynamicallyQuantizableLinear(in_features=768, out_features=768, bias=True)
  )
  (ln_1): LayerNorm((768,), eps=1e-05, elementwise_affine=True)
  (mlp): Sequential(
    (c_fc): Linear(in_features=768, out_features=3072, bias=True)
    (gelu): QuickGELU()
    (c_proj): Linear(in_features=3072, out_features=768, bias=True)
  )
  (ln_2): LayerNorm((768,), eps=1e-05, elementwise_affine=True)
)
Trainable parameters: ['visual.transformer.resblocks.0.attn.q_proj.router.gate.weight', 'visual.transformer.resblocks.0.attn.q_proj.experts.0.w_lora_A', 'visual.transformer.resblocks.0.attn.q_proj.experts.0.w_lora_B', 'visual.transformer.resblocks.0.attn.q_proj.experts.1.w_lora_A', 'visual.transformer.resblocks.0.attn.q_proj.experts.1.w_lora_B', 'visual.transformer.resblocks.0.attn.q_proj.experts.2.w_lora_A', 'visual.transformer.resblocks.0.attn.q_proj.experts.2.w_lora_B', 'visual.transformer.resblocks.0.attn.q_proj.experts.3.w_lora_A', 'visual.transformer.resblocks.0.attn.q_proj.experts.3.w_lora_B', 'visual.transformer.resblocks.0.attn.q_proj.experts.4.w_lora_A', 'visual.transformer.resblocks.0.attn.q_proj.experts.4.w_lora_B', 'visual.transformer.resblocks.0.attn.q_proj.experts.5.w_lora_A', 'visual.transformer.resblocks.0.attn.q_proj.experts.5.w_lora_B', 'visual.transformer.resblocks.0.attn.k_proj.router.gate.weight', 'visual.transformer.resblocks.0.attn.k_proj.experts.0.w_lora_A', 'visual.transformer.resblocks.0.attn.k_proj.experts.0.w_lora_B', 'visual.transformer.resblocks.0.attn.k_proj.experts.1.w_lora_A', 'visual.transformer.resblocks.0.attn.k_proj.experts.1.w_lora_B', 'visual.transformer.resblocks.0.attn.k_proj.experts.2.w_lora_A', 'visual.transformer.resblocks.0.attn.k_proj.experts.2.w_lora_B', 'visual.transformer.resblocks.0.attn.k_proj.experts.3.w_lora_A', 'visual.transformer.resblocks.0.attn.k_proj.experts.3.w_lora_B', 'visual.transformer.resblocks.0.attn.k_proj.experts.4.w_lora_A', 'visual.transformer.resblocks.0.attn.k_proj.experts.4.w_lora_B', 'visual.transformer.resblocks.0.attn.k_proj.experts.5.w_lora_A', 'visual.transformer.resblocks.0.attn.k_proj.experts.5.w_lora_B', 'visual.transformer.resblocks.0.attn.v_proj.router.gate.weight', 'visual.transformer.resblocks.0.attn.v_proj.experts.0.w_lora_A', 'visual.transformer.resblocks.0.attn.v_proj.experts.0.w_lora_B', 'visual.transformer.resblocks.0.attn.v_proj.experts.1.w_lora_A', 'visual.transformer.resblocks.0.attn.v_proj.experts.1.w_lora_B', 'visual.transformer.resblocks.0.attn.v_proj.experts.2.w_lora_A', 'visual.transformer.resblocks.0.attn.v_proj.experts.2.w_lora_B', 'visual.transformer.resblocks.0.attn.v_proj.experts.3.w_lora_A', 'visual.transformer.resblocks.0.attn.v_proj.experts.3.w_lora_B', 'visual.transformer.resblocks.0.attn.v_proj.experts.4.w_lora_A', 'visual.transformer.resblocks.0.attn.v_proj.experts.4.w_lora_B', 'visual.transformer.resblocks.0.attn.v_proj.experts.5.w_lora_A', 'visual.transformer.resblocks.0.attn.v_proj.experts.5.w_lora_B', 'visual.transformer.resblocks.1.attn.q_proj.router.gate.weight', 'visual.transformer.resblocks.1.attn.q_proj.experts.0.w_lora_A', 'visual.transformer.resblocks.1.attn.q_proj.experts.0.w_lora_B', 'visual.transformer.resblocks.1.attn.q_proj.experts.1.w_lora_A', 'visual.transformer.resblocks.1.attn.q_proj.experts.1.w_lora_B', 'visual.transformer.resblocks.1.attn.q_proj.experts.2.w_lora_A', 'visual.transformer.resblocks.1.attn.q_proj.experts.2.w_lora_B', 'visual.transformer.resblocks.1.attn.q_proj.experts.3.w_lora_A', 'visual.transformer.resblocks.1.attn.q_proj.experts.3.w_lora_B', 'visual.transformer.resblocks.1.attn.q_proj.experts.4.w_lora_A', 'visual.transformer.resblocks.1.attn.q_proj.experts.4.w_lora_B', 'visual.transformer.resblocks.1.attn.q_proj.experts.5.w_lora_A', 'visual.transformer.resblocks.1.attn.q_proj.experts.5.w_lora_B', 'visual.transformer.resblocks.1.attn.k_proj.router.gate.weight', 'visual.transformer.resblocks.1.attn.k_proj.experts.0.w_lora_A', 'visual.transformer.resblocks.1.attn.k_proj.experts.0.w_lora_B', 'visual.transformer.resblocks.1.attn.k_proj.experts.1.w_lora_A', 'visual.transformer.resblocks.1.attn.k_proj.experts.1.w_lora_B', 'visual.transformer.resblocks.1.attn.k_proj.experts.2.w_lora_A', 'visual.transformer.resblocks.1.attn.k_proj.experts.2.w_lora_B', 'visual.transformer.resblocks.1.attn.k_proj.experts.3.w_lora_A', 'visual.transformer.resblocks.1.attn.k_proj.experts.3.w_lora_B', 'visual.transformer.resblocks.1.attn.k_proj.experts.4.w_lora_A', 'visual.transformer.resblocks.1.attn.k_proj.experts.4.w_lora_B', 'visual.transformer.resblocks.1.attn.k_proj.experts.5.w_lora_A', 'visual.transformer.resblocks.1.attn.k_proj.experts.5.w_lora_B', 'visual.transformer.resblocks.1.attn.v_proj.router.gate.weight', 'visual.transformer.resblocks.1.attn.v_proj.experts.0.w_lora_A', 'visual.transformer.resblocks.1.attn.v_proj.experts.0.w_lora_B', 'visual.transformer.resblocks.1.attn.v_proj.experts.1.w_lora_A', 'visual.transformer.resblocks.1.attn.v_proj.experts.1.w_lora_B', 'visual.transformer.resblocks.1.attn.v_proj.experts.2.w_lora_A', 'visual.transformer.resblocks.1.attn.v_proj.experts.2.w_lora_B', 'visual.transformer.resblocks.1.attn.v_proj.experts.3.w_lora_A', 'visual.transformer.resblocks.1.attn.v_proj.experts.3.w_lora_B', 'visual.transformer.resblocks.1.attn.v_proj.experts.4.w_lora_A', 'visual.transformer.resblocks.1.attn.v_proj.experts.4.w_lora_B', 'visual.transformer.resblocks.1.attn.v_proj.experts.5.w_lora_A', 'visual.transformer.resblocks.1.attn.v_proj.experts.5.w_lora_B', 'visual.transformer.resblocks.2.attn.q_proj.router.gate.weight', 'visual.transformer.resblocks.2.attn.q_proj.experts.0.w_lora_A', 'visual.transformer.resblocks.2.attn.q_proj.experts.0.w_lora_B', 'visual.transformer.resblocks.2.attn.q_proj.experts.1.w_lora_A', 'visual.transformer.resblocks.2.attn.q_proj.experts.1.w_lora_B', 'visual.transformer.resblocks.2.attn.q_proj.experts.2.w_lora_A', 'visual.transformer.resblocks.2.attn.q_proj.experts.2.w_lora_B', 'visual.transformer.resblocks.2.attn.q_proj.experts.3.w_lora_A', 'visual.transformer.resblocks.2.attn.q_proj.experts.3.w_lora_B', 'visual.transformer.resblocks.2.attn.q_proj.experts.4.w_lora_A', 'visual.transformer.resblocks.2.attn.q_proj.experts.4.w_lora_B', 'visual.transformer.resblocks.2.attn.q_proj.experts.5.w_lora_A', 'visual.transformer.resblocks.2.attn.q_proj.experts.5.w_lora_B', 'visual.transformer.resblocks.2.attn.k_proj.router.gate.weight', 'visual.transformer.resblocks.2.attn.k_proj.experts.0.w_lora_A', 'visual.transformer.resblocks.2.attn.k_proj.experts.0.w_lora_B', 'visual.transformer.resblocks.2.attn.k_proj.experts.1.w_lora_A', 'visual.transformer.resblocks.2.attn.k_proj.experts.1.w_lora_B', 'visual.transformer.resblocks.2.attn.k_proj.experts.2.w_lora_A', 'visual.transformer.resblocks.2.attn.k_proj.experts.2.w_lora_B', 'visual.transformer.resblocks.2.attn.k_proj.experts.3.w_lora_A', 'visual.transformer.resblocks.2.attn.k_proj.experts.3.w_lora_B', 'visual.transformer.resblocks.2.attn.k_proj.experts.4.w_lora_A', 'visual.transformer.resblocks.2.attn.k_proj.experts.4.w_lora_B', 'visual.transformer.resblocks.2.attn.k_proj.experts.5.w_lora_A', 'visual.transformer.resblocks.2.attn.k_proj.experts.5.w_lora_B', 'visual.transformer.resblocks.2.attn.v_proj.router.gate.weight', 'visual.transformer.resblocks.2.attn.v_proj.experts.0.w_lora_A', 'visual.transformer.resblocks.2.attn.v_proj.experts.0.w_lora_B', 'visual.transformer.resblocks.2.attn.v_proj.experts.1.w_lora_A', 'visual.transformer.resblocks.2.attn.v_proj.experts.1.w_lora_B', 'visual.transformer.resblocks.2.attn.v_proj.experts.2.w_lora_A', 'visual.transformer.resblocks.2.attn.v_proj.experts.2.w_lora_B', 'visual.transformer.resblocks.2.attn.v_proj.experts.3.w_lora_A', 'visual.transformer.resblocks.2.attn.v_proj.experts.3.w_lora_B', 'visual.transformer.resblocks.2.attn.v_proj.experts.4.w_lora_A', 'visual.transformer.resblocks.2.attn.v_proj.experts.4.w_lora_B', 'visual.transformer.resblocks.2.attn.v_proj.experts.5.w_lora_A', 'visual.transformer.resblocks.2.attn.v_proj.experts.5.w_lora_B', 'visual.transformer.resblocks.3.attn.q_proj.router.gate.weight', 'visual.transformer.resblocks.3.attn.q_proj.experts.0.w_lora_A', 'visual.transformer.resblocks.3.attn.q_proj.experts.0.w_lora_B', 'visual.transformer.resblocks.3.attn.q_proj.experts.1.w_lora_A', 'visual.transformer.resblocks.3.attn.q_proj.experts.1.w_lora_B', 'visual.transformer.resblocks.3.attn.q_proj.experts.2.w_lora_A', 'visual.transformer.resblocks.3.attn.q_proj.experts.2.w_lora_B', 'visual.transformer.resblocks.3.attn.q_proj.experts.3.w_lora_A', 'visual.transformer.resblocks.3.attn.q_proj.experts.3.w_lora_B', 'visual.transformer.resblocks.3.attn.q_proj.experts.4.w_lora_A', 'visual.transformer.resblocks.3.attn.q_proj.experts.4.w_lora_B', 'visual.transformer.resblocks.3.attn.q_proj.experts.5.w_lora_A', 'visual.transformer.resblocks.3.attn.q_proj.experts.5.w_lora_B', 'visual.transformer.resblocks.3.attn.k_proj.router.gate.weight', 'visual.transformer.resblocks.3.attn.k_proj.experts.0.w_lora_A', 'visual.transformer.resblocks.3.attn.k_proj.experts.0.w_lora_B', 'visual.transformer.resblocks.3.attn.k_proj.experts.1.w_lora_A', 'visual.transformer.resblocks.3.attn.k_proj.experts.1.w_lora_B', 'visual.transformer.resblocks.3.attn.k_proj.experts.2.w_lora_A', 'visual.transformer.resblocks.3.attn.k_proj.experts.2.w_lora_B', 'visual.transformer.resblocks.3.attn.k_proj.experts.3.w_lora_A', 'visual.transformer.resblocks.3.attn.k_proj.experts.3.w_lora_B', 'visual.transformer.resblocks.3.attn.k_proj.experts.4.w_lora_A', 'visual.transformer.resblocks.3.attn.k_proj.experts.4.w_lora_B', 'visual.transformer.resblocks.3.attn.k_proj.experts.5.w_lora_A', 'visual.transformer.resblocks.3.attn.k_proj.experts.5.w_lora_B', 'visual.transformer.resblocks.3.attn.v_proj.router.gate.weight', 'visual.transformer.resblocks.3.attn.v_proj.experts.0.w_lora_A', 'visual.transformer.resblocks.3.attn.v_proj.experts.0.w_lora_B', 'visual.transformer.resblocks.3.attn.v_proj.experts.1.w_lora_A', 'visual.transformer.resblocks.3.attn.v_proj.experts.1.w_lora_B', 'visual.transformer.resblocks.3.attn.v_proj.experts.2.w_lora_A', 'visual.transformer.resblocks.3.attn.v_proj.experts.2.w_lora_B', 'visual.transformer.resblocks.3.attn.v_proj.experts.3.w_lora_A', 'visual.transformer.resblocks.3.attn.v_proj.experts.3.w_lora_B', 'visual.transformer.resblocks.3.attn.v_proj.experts.4.w_lora_A', 'visual.transformer.resblocks.3.attn.v_proj.experts.4.w_lora_B', 'visual.transformer.resblocks.3.attn.v_proj.experts.5.w_lora_A', 'visual.transformer.resblocks.3.attn.v_proj.experts.5.w_lora_B', 'visual.transformer.resblocks.4.attn.q_proj.router.gate.weight', 'visual.transformer.resblocks.4.attn.q_proj.experts.0.w_lora_A', 'visual.transformer.resblocks.4.attn.q_proj.experts.0.w_lora_B', 'visual.transformer.resblocks.4.attn.q_proj.experts.1.w_lora_A', 'visual.transformer.resblocks.4.attn.q_proj.experts.1.w_lora_B', 'visual.transformer.resblocks.4.attn.q_proj.experts.2.w_lora_A', 'visual.transformer.resblocks.4.attn.q_proj.experts.2.w_lora_B', 'visual.transformer.resblocks.4.attn.q_proj.experts.3.w_lora_A', 'visual.transformer.resblocks.4.attn.q_proj.experts.3.w_lora_B', 'visual.transformer.resblocks.4.attn.q_proj.experts.4.w_lora_A', 'visual.transformer.resblocks.4.attn.q_proj.experts.4.w_lora_B', 'visual.transformer.resblocks.4.attn.q_proj.experts.5.w_lora_A', 'visual.transformer.resblocks.4.attn.q_proj.experts.5.w_lora_B', 'visual.transformer.resblocks.4.attn.k_proj.router.gate.weight', 'visual.transformer.resblocks.4.attn.k_proj.experts.0.w_lora_A', 'visual.transformer.resblocks.4.attn.k_proj.experts.0.w_lora_B', 'visual.transformer.resblocks.4.attn.k_proj.experts.1.w_lora_A', 'visual.transformer.resblocks.4.attn.k_proj.experts.1.w_lora_B', 'visual.transformer.resblocks.4.attn.k_proj.experts.2.w_lora_A', 'visual.transformer.resblocks.4.attn.k_proj.experts.2.w_lora_B', 'visual.transformer.resblocks.4.attn.k_proj.experts.3.w_lora_A', 'visual.transformer.resblocks.4.attn.k_proj.experts.3.w_lora_B', 'visual.transformer.resblocks.4.attn.k_proj.experts.4.w_lora_A', 'visual.transformer.resblocks.4.attn.k_proj.experts.4.w_lora_B', 'visual.transformer.resblocks.4.attn.k_proj.experts.5.w_lora_A', 'visual.transformer.resblocks.4.attn.k_proj.experts.5.w_lora_B', 'visual.transformer.resblocks.4.attn.v_proj.router.gate.weight', 'visual.transformer.resblocks.4.attn.v_proj.experts.0.w_lora_A', 'visual.transformer.resblocks.4.attn.v_proj.experts.0.w_lora_B', 'visual.transformer.resblocks.4.attn.v_proj.experts.1.w_lora_A', 'visual.transformer.resblocks.4.attn.v_proj.experts.1.w_lora_B', 'visual.transformer.resblocks.4.attn.v_proj.experts.2.w_lora_A', 'visual.transformer.resblocks.4.attn.v_proj.experts.2.w_lora_B', 'visual.transformer.resblocks.4.attn.v_proj.experts.3.w_lora_A', 'visual.transformer.resblocks.4.attn.v_proj.experts.3.w_lora_B', 'visual.transformer.resblocks.4.attn.v_proj.experts.4.w_lora_A', 'visual.transformer.resblocks.4.attn.v_proj.experts.4.w_lora_B', 'visual.transformer.resblocks.4.attn.v_proj.experts.5.w_lora_A', 'visual.transformer.resblocks.4.attn.v_proj.experts.5.w_lora_B', 'visual.transformer.resblocks.5.attn.q_proj.router.gate.weight', 'visual.transformer.resblocks.5.attn.q_proj.experts.0.w_lora_A', 'visual.transformer.resblocks.5.attn.q_proj.experts.0.w_lora_B', 'visual.transformer.resblocks.5.attn.q_proj.experts.1.w_lora_A', 'visual.transformer.resblocks.5.attn.q_proj.experts.1.w_lora_B', 'visual.transformer.resblocks.5.attn.q_proj.experts.2.w_lora_A', 'visual.transformer.resblocks.5.attn.q_proj.experts.2.w_lora_B', 'visual.transformer.resblocks.5.attn.q_proj.experts.3.w_lora_A', 'visual.transformer.resblocks.5.attn.q_proj.experts.3.w_lora_B', 'visual.transformer.resblocks.5.attn.q_proj.experts.4.w_lora_A', 'visual.transformer.resblocks.5.attn.q_proj.experts.4.w_lora_B', 'visual.transformer.resblocks.5.attn.q_proj.experts.5.w_lora_A', 'visual.transformer.resblocks.5.attn.q_proj.experts.5.w_lora_B', 'visual.transformer.resblocks.5.attn.k_proj.router.gate.weight', 'visual.transformer.resblocks.5.attn.k_proj.experts.0.w_lora_A', 'visual.transformer.resblocks.5.attn.k_proj.experts.0.w_lora_B', 'visual.transformer.resblocks.5.attn.k_proj.experts.1.w_lora_A', 'visual.transformer.resblocks.5.attn.k_proj.experts.1.w_lora_B', 'visual.transformer.resblocks.5.attn.k_proj.experts.2.w_lora_A', 'visual.transformer.resblocks.5.attn.k_proj.experts.2.w_lora_B', 'visual.transformer.resblocks.5.attn.k_proj.experts.3.w_lora_A', 'visual.transformer.resblocks.5.attn.k_proj.experts.3.w_lora_B', 'visual.transformer.resblocks.5.attn.k_proj.experts.4.w_lora_A', 'visual.transformer.resblocks.5.attn.k_proj.experts.4.w_lora_B', 'visual.transformer.resblocks.5.attn.k_proj.experts.5.w_lora_A', 'visual.transformer.resblocks.5.attn.k_proj.experts.5.w_lora_B', 'visual.transformer.resblocks.5.attn.v_proj.router.gate.weight', 'visual.transformer.resblocks.5.attn.v_proj.experts.0.w_lora_A', 'visual.transformer.resblocks.5.attn.v_proj.experts.0.w_lora_B', 'visual.transformer.resblocks.5.attn.v_proj.experts.1.w_lora_A', 'visual.transformer.resblocks.5.attn.v_proj.experts.1.w_lora_B', 'visual.transformer.resblocks.5.attn.v_proj.experts.2.w_lora_A', 'visual.transformer.resblocks.5.attn.v_proj.experts.2.w_lora_B', 'visual.transformer.resblocks.5.attn.v_proj.experts.3.w_lora_A', 'visual.transformer.resblocks.5.attn.v_proj.experts.3.w_lora_B', 'visual.transformer.resblocks.5.attn.v_proj.experts.4.w_lora_A', 'visual.transformer.resblocks.5.attn.v_proj.experts.4.w_lora_B', 'visual.transformer.resblocks.5.attn.v_proj.experts.5.w_lora_A', 'visual.transformer.resblocks.5.attn.v_proj.experts.5.w_lora_B', 'visual.transformer.resblocks.6.attn.q_proj.router.gate.weight', 'visual.transformer.resblocks.6.attn.q_proj.experts.0.w_lora_A', 'visual.transformer.resblocks.6.attn.q_proj.experts.0.w_lora_B', 'visual.transformer.resblocks.6.attn.q_proj.experts.1.w_lora_A', 'visual.transformer.resblocks.6.attn.q_proj.experts.1.w_lora_B', 'visual.transformer.resblocks.6.attn.q_proj.experts.2.w_lora_A', 'visual.transformer.resblocks.6.attn.q_proj.experts.2.w_lora_B', 'visual.transformer.resblocks.6.attn.q_proj.experts.3.w_lora_A', 'visual.transformer.resblocks.6.attn.q_proj.experts.3.w_lora_B', 'visual.transformer.resblocks.6.attn.q_proj.experts.4.w_lora_A', 'visual.transformer.resblocks.6.attn.q_proj.experts.4.w_lora_B', 'visual.transformer.resblocks.6.attn.q_proj.experts.5.w_lora_A', 'visual.transformer.resblocks.6.attn.q_proj.experts.5.w_lora_B', 'visual.transformer.resblocks.6.attn.k_proj.router.gate.weight', 'visual.transformer.resblocks.6.attn.k_proj.experts.0.w_lora_A', 'visual.transformer.resblocks.6.attn.k_proj.experts.0.w_lora_B', 'visual.transformer.resblocks.6.attn.k_proj.experts.1.w_lora_A', 'visual.transformer.resblocks.6.attn.k_proj.experts.1.w_lora_B', 'visual.transformer.resblocks.6.attn.k_proj.experts.2.w_lora_A', 'visual.transformer.resblocks.6.attn.k_proj.experts.2.w_lora_B', 'visual.transformer.resblocks.6.attn.k_proj.experts.3.w_lora_A', 'visual.transformer.resblocks.6.attn.k_proj.experts.3.w_lora_B', 'visual.transformer.resblocks.6.attn.k_proj.experts.4.w_lora_A', 'visual.transformer.resblocks.6.attn.k_proj.experts.4.w_lora_B', 'visual.transformer.resblocks.6.attn.k_proj.experts.5.w_lora_A', 'visual.transformer.resblocks.6.attn.k_proj.experts.5.w_lora_B', 'visual.transformer.resblocks.6.attn.v_proj.router.gate.weight', 'visual.transformer.resblocks.6.attn.v_proj.experts.0.w_lora_A', 'visual.transformer.resblocks.6.attn.v_proj.experts.0.w_lora_B', 'visual.transformer.resblocks.6.attn.v_proj.experts.1.w_lora_A', 'visual.transformer.resblocks.6.attn.v_proj.experts.1.w_lora_B', 'visual.transformer.resblocks.6.attn.v_proj.experts.2.w_lora_A', 'visual.transformer.resblocks.6.attn.v_proj.experts.2.w_lora_B', 'visual.transformer.resblocks.6.attn.v_proj.experts.3.w_lora_A', 'visual.transformer.resblocks.6.attn.v_proj.experts.3.w_lora_B', 'visual.transformer.resblocks.6.attn.v_proj.experts.4.w_lora_A', 'visual.transformer.resblocks.6.attn.v_proj.experts.4.w_lora_B', 'visual.transformer.resblocks.6.attn.v_proj.experts.5.w_lora_A', 'visual.transformer.resblocks.6.attn.v_proj.experts.5.w_lora_B', 'visual.transformer.resblocks.7.attn.q_proj.router.gate.weight', 'visual.transformer.resblocks.7.attn.q_proj.experts.0.w_lora_A', 'visual.transformer.resblocks.7.attn.q_proj.experts.0.w_lora_B', 'visual.transformer.resblocks.7.attn.q_proj.experts.1.w_lora_A', 'visual.transformer.resblocks.7.attn.q_proj.experts.1.w_lora_B', 'visual.transformer.resblocks.7.attn.q_proj.experts.2.w_lora_A', 'visual.transformer.resblocks.7.attn.q_proj.experts.2.w_lora_B', 'visual.transformer.resblocks.7.attn.q_proj.experts.3.w_lora_A', 'visual.transformer.resblocks.7.attn.q_proj.experts.3.w_lora_B', 'visual.transformer.resblocks.7.attn.q_proj.experts.4.w_lora_A', 'visual.transformer.resblocks.7.attn.q_proj.experts.4.w_lora_B', 'visual.transformer.resblocks.7.attn.q_proj.experts.5.w_lora_A', 'visual.transformer.resblocks.7.attn.q_proj.experts.5.w_lora_B', 'visual.transformer.resblocks.7.attn.k_proj.router.gate.weight', 'visual.transformer.resblocks.7.attn.k_proj.experts.0.w_lora_A', 'visual.transformer.resblocks.7.attn.k_proj.experts.0.w_lora_B', 'visual.transformer.resblocks.7.attn.k_proj.experts.1.w_lora_A', 'visual.transformer.resblocks.7.attn.k_proj.experts.1.w_lora_B', 'visual.transformer.resblocks.7.attn.k_proj.experts.2.w_lora_A', 'visual.transformer.resblocks.7.attn.k_proj.experts.2.w_lora_B', 'visual.transformer.resblocks.7.attn.k_proj.experts.3.w_lora_A', 'visual.transformer.resblocks.7.attn.k_proj.experts.3.w_lora_B', 'visual.transformer.resblocks.7.attn.k_proj.experts.4.w_lora_A', 'visual.transformer.resblocks.7.attn.k_proj.experts.4.w_lora_B', 'visual.transformer.resblocks.7.attn.k_proj.experts.5.w_lora_A', 'visual.transformer.resblocks.7.attn.k_proj.experts.5.w_lora_B', 'visual.transformer.resblocks.7.attn.v_proj.router.gate.weight', 'visual.transformer.resblocks.7.attn.v_proj.experts.0.w_lora_A', 'visual.transformer.resblocks.7.attn.v_proj.experts.0.w_lora_B', 'visual.transformer.resblocks.7.attn.v_proj.experts.1.w_lora_A', 'visual.transformer.resblocks.7.attn.v_proj.experts.1.w_lora_B', 'visual.transformer.resblocks.7.attn.v_proj.experts.2.w_lora_A', 'visual.transformer.resblocks.7.attn.v_proj.experts.2.w_lora_B', 'visual.transformer.resblocks.7.attn.v_proj.experts.3.w_lora_A', 'visual.transformer.resblocks.7.attn.v_proj.experts.3.w_lora_B', 'visual.transformer.resblocks.7.attn.v_proj.experts.4.w_lora_A', 'visual.transformer.resblocks.7.attn.v_proj.experts.4.w_lora_B', 'visual.transformer.resblocks.7.attn.v_proj.experts.5.w_lora_A', 'visual.transformer.resblocks.7.attn.v_proj.experts.5.w_lora_B', 'visual.transformer.resblocks.8.attn.q_proj.router.gate.weight', 'visual.transformer.resblocks.8.attn.q_proj.experts.0.w_lora_A', 'visual.transformer.resblocks.8.attn.q_proj.experts.0.w_lora_B', 'visual.transformer.resblocks.8.attn.q_proj.experts.1.w_lora_A', 'visual.transformer.resblocks.8.attn.q_proj.experts.1.w_lora_B', 'visual.transformer.resblocks.8.attn.q_proj.experts.2.w_lora_A', 'visual.transformer.resblocks.8.attn.q_proj.experts.2.w_lora_B', 'visual.transformer.resblocks.8.attn.q_proj.experts.3.w_lora_A', 'visual.transformer.resblocks.8.attn.q_proj.experts.3.w_lora_B', 'visual.transformer.resblocks.8.attn.q_proj.experts.4.w_lora_A', 'visual.transformer.resblocks.8.attn.q_proj.experts.4.w_lora_B', 'visual.transformer.resblocks.8.attn.q_proj.experts.5.w_lora_A', 'visual.transformer.resblocks.8.attn.q_proj.experts.5.w_lora_B', 'visual.transformer.resblocks.8.attn.k_proj.router.gate.weight', 'visual.transformer.resblocks.8.attn.k_proj.experts.0.w_lora_A', 'visual.transformer.resblocks.8.attn.k_proj.experts.0.w_lora_B', 'visual.transformer.resblocks.8.attn.k_proj.experts.1.w_lora_A', 'visual.transformer.resblocks.8.attn.k_proj.experts.1.w_lora_B', 'visual.transformer.resblocks.8.attn.k_proj.experts.2.w_lora_A', 'visual.transformer.resblocks.8.attn.k_proj.experts.2.w_lora_B', 'visual.transformer.resblocks.8.attn.k_proj.experts.3.w_lora_A', 'visual.transformer.resblocks.8.attn.k_proj.experts.3.w_lora_B', 'visual.transformer.resblocks.8.attn.k_proj.experts.4.w_lora_A', 'visual.transformer.resblocks.8.attn.k_proj.experts.4.w_lora_B', 'visual.transformer.resblocks.8.attn.k_proj.experts.5.w_lora_A', 'visual.transformer.resblocks.8.attn.k_proj.experts.5.w_lora_B', 'visual.transformer.resblocks.8.attn.v_proj.router.gate.weight', 'visual.transformer.resblocks.8.attn.v_proj.experts.0.w_lora_A', 'visual.transformer.resblocks.8.attn.v_proj.experts.0.w_lora_B', 'visual.transformer.resblocks.8.attn.v_proj.experts.1.w_lora_A', 'visual.transformer.resblocks.8.attn.v_proj.experts.1.w_lora_B', 'visual.transformer.resblocks.8.attn.v_proj.experts.2.w_lora_A', 'visual.transformer.resblocks.8.attn.v_proj.experts.2.w_lora_B', 'visual.transformer.resblocks.8.attn.v_proj.experts.3.w_lora_A', 'visual.transformer.resblocks.8.attn.v_proj.experts.3.w_lora_B', 'visual.transformer.resblocks.8.attn.v_proj.experts.4.w_lora_A', 'visual.transformer.resblocks.8.attn.v_proj.experts.4.w_lora_B', 'visual.transformer.resblocks.8.attn.v_proj.experts.5.w_lora_A', 'visual.transformer.resblocks.8.attn.v_proj.experts.5.w_lora_B', 'visual.transformer.resblocks.9.attn.q_proj.router.gate.weight', 'visual.transformer.resblocks.9.attn.q_proj.experts.0.w_lora_A', 'visual.transformer.resblocks.9.attn.q_proj.experts.0.w_lora_B', 'visual.transformer.resblocks.9.attn.q_proj.experts.1.w_lora_A', 'visual.transformer.resblocks.9.attn.q_proj.experts.1.w_lora_B', 'visual.transformer.resblocks.9.attn.q_proj.experts.2.w_lora_A', 'visual.transformer.resblocks.9.attn.q_proj.experts.2.w_lora_B', 'visual.transformer.resblocks.9.attn.q_proj.experts.3.w_lora_A', 'visual.transformer.resblocks.9.attn.q_proj.experts.3.w_lora_B', 'visual.transformer.resblocks.9.attn.q_proj.experts.4.w_lora_A', 'visual.transformer.resblocks.9.attn.q_proj.experts.4.w_lora_B', 'visual.transformer.resblocks.9.attn.q_proj.experts.5.w_lora_A', 'visual.transformer.resblocks.9.attn.q_proj.experts.5.w_lora_B', 'visual.transformer.resblocks.9.attn.k_proj.router.gate.weight', 'visual.transformer.resblocks.9.attn.k_proj.experts.0.w_lora_A', 'visual.transformer.resblocks.9.attn.k_proj.experts.0.w_lora_B', 'visual.transformer.resblocks.9.attn.k_proj.experts.1.w_lora_A', 'visual.transformer.resblocks.9.attn.k_proj.experts.1.w_lora_B', 'visual.transformer.resblocks.9.attn.k_proj.experts.2.w_lora_A', 'visual.transformer.resblocks.9.attn.k_proj.experts.2.w_lora_B', 'visual.transformer.resblocks.9.attn.k_proj.experts.3.w_lora_A', 'visual.transformer.resblocks.9.attn.k_proj.experts.3.w_lora_B', 'visual.transformer.resblocks.9.attn.k_proj.experts.4.w_lora_A', 'visual.transformer.resblocks.9.attn.k_proj.experts.4.w_lora_B', 'visual.transformer.resblocks.9.attn.k_proj.experts.5.w_lora_A', 'visual.transformer.resblocks.9.attn.k_proj.experts.5.w_lora_B', 'visual.transformer.resblocks.9.attn.v_proj.router.gate.weight', 'visual.transformer.resblocks.9.attn.v_proj.experts.0.w_lora_A', 'visual.transformer.resblocks.9.attn.v_proj.experts.0.w_lora_B', 'visual.transformer.resblocks.9.attn.v_proj.experts.1.w_lora_A', 'visual.transformer.resblocks.9.attn.v_proj.experts.1.w_lora_B', 'visual.transformer.resblocks.9.attn.v_proj.experts.2.w_lora_A', 'visual.transformer.resblocks.9.attn.v_proj.experts.2.w_lora_B', 'visual.transformer.resblocks.9.attn.v_proj.experts.3.w_lora_A', 'visual.transformer.resblocks.9.attn.v_proj.experts.3.w_lora_B', 'visual.transformer.resblocks.9.attn.v_proj.experts.4.w_lora_A', 'visual.transformer.resblocks.9.attn.v_proj.experts.4.w_lora_B', 'visual.transformer.resblocks.9.attn.v_proj.experts.5.w_lora_A', 'visual.transformer.resblocks.9.attn.v_proj.experts.5.w_lora_B', 'visual.transformer.resblocks.10.attn.q_proj.router.gate.weight', 'visual.transformer.resblocks.10.attn.q_proj.experts.0.w_lora_A', 'visual.transformer.resblocks.10.attn.q_proj.experts.0.w_lora_B', 'visual.transformer.resblocks.10.attn.q_proj.experts.1.w_lora_A', 'visual.transformer.resblocks.10.attn.q_proj.experts.1.w_lora_B', 'visual.transformer.resblocks.10.attn.q_proj.experts.2.w_lora_A', 'visual.transformer.resblocks.10.attn.q_proj.experts.2.w_lora_B', 'visual.transformer.resblocks.10.attn.q_proj.experts.3.w_lora_A', 'visual.transformer.resblocks.10.attn.q_proj.experts.3.w_lora_B', 'visual.transformer.resblocks.10.attn.q_proj.experts.4.w_lora_A', 'visual.transformer.resblocks.10.attn.q_proj.experts.4.w_lora_B', 'visual.transformer.resblocks.10.attn.q_proj.experts.5.w_lora_A', 'visual.transformer.resblocks.10.attn.q_proj.experts.5.w_lora_B', 'visual.transformer.resblocks.10.attn.k_proj.router.gate.weight', 'visual.transformer.resblocks.10.attn.k_proj.experts.0.w_lora_A', 'visual.transformer.resblocks.10.attn.k_proj.experts.0.w_lora_B', 'visual.transformer.resblocks.10.attn.k_proj.experts.1.w_lora_A', 'visual.transformer.resblocks.10.attn.k_proj.experts.1.w_lora_B', 'visual.transformer.resblocks.10.attn.k_proj.experts.2.w_lora_A', 'visual.transformer.resblocks.10.attn.k_proj.experts.2.w_lora_B', 'visual.transformer.resblocks.10.attn.k_proj.experts.3.w_lora_A', 'visual.transformer.resblocks.10.attn.k_proj.experts.3.w_lora_B', 'visual.transformer.resblocks.10.attn.k_proj.experts.4.w_lora_A', 'visual.transformer.resblocks.10.attn.k_proj.experts.4.w_lora_B', 'visual.transformer.resblocks.10.attn.k_proj.experts.5.w_lora_A', 'visual.transformer.resblocks.10.attn.k_proj.experts.5.w_lora_B', 'visual.transformer.resblocks.10.attn.v_proj.router.gate.weight', 'visual.transformer.resblocks.10.attn.v_proj.experts.0.w_lora_A', 'visual.transformer.resblocks.10.attn.v_proj.experts.0.w_lora_B', 'visual.transformer.resblocks.10.attn.v_proj.experts.1.w_lora_A', 'visual.transformer.resblocks.10.attn.v_proj.experts.1.w_lora_B', 'visual.transformer.resblocks.10.attn.v_proj.experts.2.w_lora_A', 'visual.transformer.resblocks.10.attn.v_proj.experts.2.w_lora_B', 'visual.transformer.resblocks.10.attn.v_proj.experts.3.w_lora_A', 'visual.transformer.resblocks.10.attn.v_proj.experts.3.w_lora_B', 'visual.transformer.resblocks.10.attn.v_proj.experts.4.w_lora_A', 'visual.transformer.resblocks.10.attn.v_proj.experts.4.w_lora_B', 'visual.transformer.resblocks.10.attn.v_proj.experts.5.w_lora_A', 'visual.transformer.resblocks.10.attn.v_proj.experts.5.w_lora_B', 'visual.transformer.resblocks.11.attn.q_proj.router.gate.weight', 'visual.transformer.resblocks.11.attn.q_proj.experts.0.w_lora_A', 'visual.transformer.resblocks.11.attn.q_proj.experts.0.w_lora_B', 'visual.transformer.resblocks.11.attn.q_proj.experts.1.w_lora_A', 'visual.transformer.resblocks.11.attn.q_proj.experts.1.w_lora_B', 'visual.transformer.resblocks.11.attn.q_proj.experts.2.w_lora_A', 'visual.transformer.resblocks.11.attn.q_proj.experts.2.w_lora_B', 'visual.transformer.resblocks.11.attn.q_proj.experts.3.w_lora_A', 'visual.transformer.resblocks.11.attn.q_proj.experts.3.w_lora_B', 'visual.transformer.resblocks.11.attn.q_proj.experts.4.w_lora_A', 'visual.transformer.resblocks.11.attn.q_proj.experts.4.w_lora_B', 'visual.transformer.resblocks.11.attn.q_proj.experts.5.w_lora_A', 'visual.transformer.resblocks.11.attn.q_proj.experts.5.w_lora_B', 'visual.transformer.resblocks.11.attn.k_proj.router.gate.weight', 'visual.transformer.resblocks.11.attn.k_proj.experts.0.w_lora_A', 'visual.transformer.resblocks.11.attn.k_proj.experts.0.w_lora_B', 'visual.transformer.resblocks.11.attn.k_proj.experts.1.w_lora_A', 'visual.transformer.resblocks.11.attn.k_proj.experts.1.w_lora_B', 'visual.transformer.resblocks.11.attn.k_proj.experts.2.w_lora_A', 'visual.transformer.resblocks.11.attn.k_proj.experts.2.w_lora_B', 'visual.transformer.resblocks.11.attn.k_proj.experts.3.w_lora_A', 'visual.transformer.resblocks.11.attn.k_proj.experts.3.w_lora_B', 'visual.transformer.resblocks.11.attn.k_proj.experts.4.w_lora_A', 'visual.transformer.resblocks.11.attn.k_proj.experts.4.w_lora_B', 'visual.transformer.resblocks.11.attn.k_proj.experts.5.w_lora_A', 'visual.transformer.resblocks.11.attn.k_proj.experts.5.w_lora_B', 'visual.transformer.resblocks.11.attn.v_proj.router.gate.weight', 'visual.transformer.resblocks.11.attn.v_proj.experts.0.w_lora_A', 'visual.transformer.resblocks.11.attn.v_proj.experts.0.w_lora_B', 'visual.transformer.resblocks.11.attn.v_proj.experts.1.w_lora_A', 'visual.transformer.resblocks.11.attn.v_proj.experts.1.w_lora_B', 'visual.transformer.resblocks.11.attn.v_proj.experts.2.w_lora_A', 'visual.transformer.resblocks.11.attn.v_proj.experts.2.w_lora_B', 'visual.transformer.resblocks.11.attn.v_proj.experts.3.w_lora_A', 'visual.transformer.resblocks.11.attn.v_proj.experts.3.w_lora_B', 'visual.transformer.resblocks.11.attn.v_proj.experts.4.w_lora_A', 'visual.transformer.resblocks.11.attn.v_proj.experts.4.w_lora_B', 'visual.transformer.resblocks.11.attn.v_proj.experts.5.w_lora_A', 'visual.transformer.resblocks.11.attn.v_proj.experts.5.w_lora_B', 'transformer.resblocks.0.attn.q_proj.router.gate.weight', 'transformer.resblocks.0.attn.q_proj.experts.0.w_lora_A', 'transformer.resblocks.0.attn.q_proj.experts.0.w_lora_B', 'transformer.resblocks.0.attn.q_proj.experts.1.w_lora_A', 'transformer.resblocks.0.attn.q_proj.experts.1.w_lora_B', 'transformer.resblocks.0.attn.q_proj.experts.2.w_lora_A', 'transformer.resblocks.0.attn.q_proj.experts.2.w_lora_B', 'transformer.resblocks.0.attn.q_proj.experts.3.w_lora_A', 'transformer.resblocks.0.attn.q_proj.experts.3.w_lora_B', 'transformer.resblocks.0.attn.q_proj.experts.4.w_lora_A', 'transformer.resblocks.0.attn.q_proj.experts.4.w_lora_B', 'transformer.resblocks.0.attn.q_proj.experts.5.w_lora_A', 'transformer.resblocks.0.attn.q_proj.experts.5.w_lora_B', 'transformer.resblocks.0.attn.k_proj.router.gate.weight', 'transformer.resblocks.0.attn.k_proj.experts.0.w_lora_A', 'transformer.resblocks.0.attn.k_proj.experts.0.w_lora_B', 'transformer.resblocks.0.attn.k_proj.experts.1.w_lora_A', 'transformer.resblocks.0.attn.k_proj.experts.1.w_lora_B', 'transformer.resblocks.0.attn.k_proj.experts.2.w_lora_A', 'transformer.resblocks.0.attn.k_proj.experts.2.w_lora_B', 'transformer.resblocks.0.attn.k_proj.experts.3.w_lora_A', 'transformer.resblocks.0.attn.k_proj.experts.3.w_lora_B', 'transformer.resblocks.0.attn.k_proj.experts.4.w_lora_A', 'transformer.resblocks.0.attn.k_proj.experts.4.w_lora_B', 'transformer.resblocks.0.attn.k_proj.experts.5.w_lora_A', 'transformer.resblocks.0.attn.k_proj.experts.5.w_lora_B', 'transformer.resblocks.0.attn.v_proj.router.gate.weight', 'transformer.resblocks.0.attn.v_proj.experts.0.w_lora_A', 'transformer.resblocks.0.attn.v_proj.experts.0.w_lora_B', 'transformer.resblocks.0.attn.v_proj.experts.1.w_lora_A', 'transformer.resblocks.0.attn.v_proj.experts.1.w_lora_B', 'transformer.resblocks.0.attn.v_proj.experts.2.w_lora_A', 'transformer.resblocks.0.attn.v_proj.experts.2.w_lora_B', 'transformer.resblocks.0.attn.v_proj.experts.3.w_lora_A', 'transformer.resblocks.0.attn.v_proj.experts.3.w_lora_B', 'transformer.resblocks.0.attn.v_proj.experts.4.w_lora_A', 'transformer.resblocks.0.attn.v_proj.experts.4.w_lora_B', 'transformer.resblocks.0.attn.v_proj.experts.5.w_lora_A', 'transformer.resblocks.0.attn.v_proj.experts.5.w_lora_B', 'transformer.resblocks.1.attn.q_proj.router.gate.weight', 'transformer.resblocks.1.attn.q_proj.experts.0.w_lora_A', 'transformer.resblocks.1.attn.q_proj.experts.0.w_lora_B', 'transformer.resblocks.1.attn.q_proj.experts.1.w_lora_A', 'transformer.resblocks.1.attn.q_proj.experts.1.w_lora_B', 'transformer.resblocks.1.attn.q_proj.experts.2.w_lora_A', 'transformer.resblocks.1.attn.q_proj.experts.2.w_lora_B', 'transformer.resblocks.1.attn.q_proj.experts.3.w_lora_A', 'transformer.resblocks.1.attn.q_proj.experts.3.w_lora_B', 'transformer.resblocks.1.attn.q_proj.experts.4.w_lora_A', 'transformer.resblocks.1.attn.q_proj.experts.4.w_lora_B', 'transformer.resblocks.1.attn.q_proj.experts.5.w_lora_A', 'transformer.resblocks.1.attn.q_proj.experts.5.w_lora_B', 'transformer.resblocks.1.attn.k_proj.router.gate.weight', 'transformer.resblocks.1.attn.k_proj.experts.0.w_lora_A', 'transformer.resblocks.1.attn.k_proj.experts.0.w_lora_B', 'transformer.resblocks.1.attn.k_proj.experts.1.w_lora_A', 'transformer.resblocks.1.attn.k_proj.experts.1.w_lora_B', 'transformer.resblocks.1.attn.k_proj.experts.2.w_lora_A', 'transformer.resblocks.1.attn.k_proj.experts.2.w_lora_B', 'transformer.resblocks.1.attn.k_proj.experts.3.w_lora_A', 'transformer.resblocks.1.attn.k_proj.experts.3.w_lora_B', 'transformer.resblocks.1.attn.k_proj.experts.4.w_lora_A', 'transformer.resblocks.1.attn.k_proj.experts.4.w_lora_B', 'transformer.resblocks.1.attn.k_proj.experts.5.w_lora_A', 'transformer.resblocks.1.attn.k_proj.experts.5.w_lora_B', 'transformer.resblocks.1.attn.v_proj.router.gate.weight', 'transformer.resblocks.1.attn.v_proj.experts.0.w_lora_A', 'transformer.resblocks.1.attn.v_proj.experts.0.w_lora_B', 'transformer.resblocks.1.attn.v_proj.experts.1.w_lora_A', 'transformer.resblocks.1.attn.v_proj.experts.1.w_lora_B', 'transformer.resblocks.1.attn.v_proj.experts.2.w_lora_A', 'transformer.resblocks.1.attn.v_proj.experts.2.w_lora_B', 'transformer.resblocks.1.attn.v_proj.experts.3.w_lora_A', 'transformer.resblocks.1.attn.v_proj.experts.3.w_lora_B', 'transformer.resblocks.1.attn.v_proj.experts.4.w_lora_A', 'transformer.resblocks.1.attn.v_proj.experts.4.w_lora_B', 'transformer.resblocks.1.attn.v_proj.experts.5.w_lora_A', 'transformer.resblocks.1.attn.v_proj.experts.5.w_lora_B', 'transformer.resblocks.2.attn.q_proj.router.gate.weight', 'transformer.resblocks.2.attn.q_proj.experts.0.w_lora_A', 'transformer.resblocks.2.attn.q_proj.experts.0.w_lora_B', 'transformer.resblocks.2.attn.q_proj.experts.1.w_lora_A', 'transformer.resblocks.2.attn.q_proj.experts.1.w_lora_B', 'transformer.resblocks.2.attn.q_proj.experts.2.w_lora_A', 'transformer.resblocks.2.attn.q_proj.experts.2.w_lora_B', 'transformer.resblocks.2.attn.q_proj.experts.3.w_lora_A', 'transformer.resblocks.2.attn.q_proj.experts.3.w_lora_B', 'transformer.resblocks.2.attn.q_proj.experts.4.w_lora_A', 'transformer.resblocks.2.attn.q_proj.experts.4.w_lora_B', 'transformer.resblocks.2.attn.q_proj.experts.5.w_lora_A', 'transformer.resblocks.2.attn.q_proj.experts.5.w_lora_B', 'transformer.resblocks.2.attn.k_proj.router.gate.weight', 'transformer.resblocks.2.attn.k_proj.experts.0.w_lora_A', 'transformer.resblocks.2.attn.k_proj.experts.0.w_lora_B', 'transformer.resblocks.2.attn.k_proj.experts.1.w_lora_A', 'transformer.resblocks.2.attn.k_proj.experts.1.w_lora_B', 'transformer.resblocks.2.attn.k_proj.experts.2.w_lora_A', 'transformer.resblocks.2.attn.k_proj.experts.2.w_lora_B', 'transformer.resblocks.2.attn.k_proj.experts.3.w_lora_A', 'transformer.resblocks.2.attn.k_proj.experts.3.w_lora_B', 'transformer.resblocks.2.attn.k_proj.experts.4.w_lora_A', 'transformer.resblocks.2.attn.k_proj.experts.4.w_lora_B', 'transformer.resblocks.2.attn.k_proj.experts.5.w_lora_A', 'transformer.resblocks.2.attn.k_proj.experts.5.w_lora_B', 'transformer.resblocks.2.attn.v_proj.router.gate.weight', 'transformer.resblocks.2.attn.v_proj.experts.0.w_lora_A', 'transformer.resblocks.2.attn.v_proj.experts.0.w_lora_B', 'transformer.resblocks.2.attn.v_proj.experts.1.w_lora_A', 'transformer.resblocks.2.attn.v_proj.experts.1.w_lora_B', 'transformer.resblocks.2.attn.v_proj.experts.2.w_lora_A', 'transformer.resblocks.2.attn.v_proj.experts.2.w_lora_B', 'transformer.resblocks.2.attn.v_proj.experts.3.w_lora_A', 'transformer.resblocks.2.attn.v_proj.experts.3.w_lora_B', 'transformer.resblocks.2.attn.v_proj.experts.4.w_lora_A', 'transformer.resblocks.2.attn.v_proj.experts.4.w_lora_B', 'transformer.resblocks.2.attn.v_proj.experts.5.w_lora_A', 'transformer.resblocks.2.attn.v_proj.experts.5.w_lora_B', 'transformer.resblocks.3.attn.q_proj.router.gate.weight', 'transformer.resblocks.3.attn.q_proj.experts.0.w_lora_A', 'transformer.resblocks.3.attn.q_proj.experts.0.w_lora_B', 'transformer.resblocks.3.attn.q_proj.experts.1.w_lora_A', 'transformer.resblocks.3.attn.q_proj.experts.1.w_lora_B', 'transformer.resblocks.3.attn.q_proj.experts.2.w_lora_A', 'transformer.resblocks.3.attn.q_proj.experts.2.w_lora_B', 'transformer.resblocks.3.attn.q_proj.experts.3.w_lora_A', 'transformer.resblocks.3.attn.q_proj.experts.3.w_lora_B', 'transformer.resblocks.3.attn.q_proj.experts.4.w_lora_A', 'transformer.resblocks.3.attn.q_proj.experts.4.w_lora_B', 'transformer.resblocks.3.attn.q_proj.experts.5.w_lora_A', 'transformer.resblocks.3.attn.q_proj.experts.5.w_lora_B', 'transformer.resblocks.3.attn.k_proj.router.gate.weight', 'transformer.resblocks.3.attn.k_proj.experts.0.w_lora_A', 'transformer.resblocks.3.attn.k_proj.experts.0.w_lora_B', 'transformer.resblocks.3.attn.k_proj.experts.1.w_lora_A', 'transformer.resblocks.3.attn.k_proj.experts.1.w_lora_B', 'transformer.resblocks.3.attn.k_proj.experts.2.w_lora_A', 'transformer.resblocks.3.attn.k_proj.experts.2.w_lora_B', 'transformer.resblocks.3.attn.k_proj.experts.3.w_lora_A', 'transformer.resblocks.3.attn.k_proj.experts.3.w_lora_B', 'transformer.resblocks.3.attn.k_proj.experts.4.w_lora_A', 'transformer.resblocks.3.attn.k_proj.experts.4.w_lora_B', 'transformer.resblocks.3.attn.k_proj.experts.5.w_lora_A', 'transformer.resblocks.3.attn.k_proj.experts.5.w_lora_B', 'transformer.resblocks.3.attn.v_proj.router.gate.weight', 'transformer.resblocks.3.attn.v_proj.experts.0.w_lora_A', 'transformer.resblocks.3.attn.v_proj.experts.0.w_lora_B', 'transformer.resblocks.3.attn.v_proj.experts.1.w_lora_A', 'transformer.resblocks.3.attn.v_proj.experts.1.w_lora_B', 'transformer.resblocks.3.attn.v_proj.experts.2.w_lora_A', 'transformer.resblocks.3.attn.v_proj.experts.2.w_lora_B', 'transformer.resblocks.3.attn.v_proj.experts.3.w_lora_A', 'transformer.resblocks.3.attn.v_proj.experts.3.w_lora_B', 'transformer.resblocks.3.attn.v_proj.experts.4.w_lora_A', 'transformer.resblocks.3.attn.v_proj.experts.4.w_lora_B', 'transformer.resblocks.3.attn.v_proj.experts.5.w_lora_A', 'transformer.resblocks.3.attn.v_proj.experts.5.w_lora_B', 'transformer.resblocks.4.attn.q_proj.router.gate.weight', 'transformer.resblocks.4.attn.q_proj.experts.0.w_lora_A', 'transformer.resblocks.4.attn.q_proj.experts.0.w_lora_B', 'transformer.resblocks.4.attn.q_proj.experts.1.w_lora_A', 'transformer.resblocks.4.attn.q_proj.experts.1.w_lora_B', 'transformer.resblocks.4.attn.q_proj.experts.2.w_lora_A', 'transformer.resblocks.4.attn.q_proj.experts.2.w_lora_B', 'transformer.resblocks.4.attn.q_proj.experts.3.w_lora_A', 'transformer.resblocks.4.attn.q_proj.experts.3.w_lora_B', 'transformer.resblocks.4.attn.q_proj.experts.4.w_lora_A', 'transformer.resblocks.4.attn.q_proj.experts.4.w_lora_B', 'transformer.resblocks.4.attn.q_proj.experts.5.w_lora_A', 'transformer.resblocks.4.attn.q_proj.experts.5.w_lora_B', 'transformer.resblocks.4.attn.k_proj.router.gate.weight', 'transformer.resblocks.4.attn.k_proj.experts.0.w_lora_A', 'transformer.resblocks.4.attn.k_proj.experts.0.w_lora_B', 'transformer.resblocks.4.attn.k_proj.experts.1.w_lora_A', 'transformer.resblocks.4.attn.k_proj.experts.1.w_lora_B', 'transformer.resblocks.4.attn.k_proj.experts.2.w_lora_A', 'transformer.resblocks.4.attn.k_proj.experts.2.w_lora_B', 'transformer.resblocks.4.attn.k_proj.experts.3.w_lora_A', 'transformer.resblocks.4.attn.k_proj.experts.3.w_lora_B', 'transformer.resblocks.4.attn.k_proj.experts.4.w_lora_A', 'transformer.resblocks.4.attn.k_proj.experts.4.w_lora_B', 'transformer.resblocks.4.attn.k_proj.experts.5.w_lora_A', 'transformer.resblocks.4.attn.k_proj.experts.5.w_lora_B', 'transformer.resblocks.4.attn.v_proj.router.gate.weight', 'transformer.resblocks.4.attn.v_proj.experts.0.w_lora_A', 'transformer.resblocks.4.attn.v_proj.experts.0.w_lora_B', 'transformer.resblocks.4.attn.v_proj.experts.1.w_lora_A', 'transformer.resblocks.4.attn.v_proj.experts.1.w_lora_B', 'transformer.resblocks.4.attn.v_proj.experts.2.w_lora_A', 'transformer.resblocks.4.attn.v_proj.experts.2.w_lora_B', 'transformer.resblocks.4.attn.v_proj.experts.3.w_lora_A', 'transformer.resblocks.4.attn.v_proj.experts.3.w_lora_B', 'transformer.resblocks.4.attn.v_proj.experts.4.w_lora_A', 'transformer.resblocks.4.attn.v_proj.experts.4.w_lora_B', 'transformer.resblocks.4.attn.v_proj.experts.5.w_lora_A', 'transformer.resblocks.4.attn.v_proj.experts.5.w_lora_B', 'transformer.resblocks.5.attn.q_proj.router.gate.weight', 'transformer.resblocks.5.attn.q_proj.experts.0.w_lora_A', 'transformer.resblocks.5.attn.q_proj.experts.0.w_lora_B', 'transformer.resblocks.5.attn.q_proj.experts.1.w_lora_A', 'transformer.resblocks.5.attn.q_proj.experts.1.w_lora_B', 'transformer.resblocks.5.attn.q_proj.experts.2.w_lora_A', 'transformer.resblocks.5.attn.q_proj.experts.2.w_lora_B', 'transformer.resblocks.5.attn.q_proj.experts.3.w_lora_A', 'transformer.resblocks.5.attn.q_proj.experts.3.w_lora_B', 'transformer.resblocks.5.attn.q_proj.experts.4.w_lora_A', 'transformer.resblocks.5.attn.q_proj.experts.4.w_lora_B', 'transformer.resblocks.5.attn.q_proj.experts.5.w_lora_A', 'transformer.resblocks.5.attn.q_proj.experts.5.w_lora_B', 'transformer.resblocks.5.attn.k_proj.router.gate.weight', 'transformer.resblocks.5.attn.k_proj.experts.0.w_lora_A', 'transformer.resblocks.5.attn.k_proj.experts.0.w_lora_B', 'transformer.resblocks.5.attn.k_proj.experts.1.w_lora_A', 'transformer.resblocks.5.attn.k_proj.experts.1.w_lora_B', 'transformer.resblocks.5.attn.k_proj.experts.2.w_lora_A', 'transformer.resblocks.5.attn.k_proj.experts.2.w_lora_B', 'transformer.resblocks.5.attn.k_proj.experts.3.w_lora_A', 'transformer.resblocks.5.attn.k_proj.experts.3.w_lora_B', 'transformer.resblocks.5.attn.k_proj.experts.4.w_lora_A', 'transformer.resblocks.5.attn.k_proj.experts.4.w_lora_B', 'transformer.resblocks.5.attn.k_proj.experts.5.w_lora_A', 'transformer.resblocks.5.attn.k_proj.experts.5.w_lora_B', 'transformer.resblocks.5.attn.v_proj.router.gate.weight', 'transformer.resblocks.5.attn.v_proj.experts.0.w_lora_A', 'transformer.resblocks.5.attn.v_proj.experts.0.w_lora_B', 'transformer.resblocks.5.attn.v_proj.experts.1.w_lora_A', 'transformer.resblocks.5.attn.v_proj.experts.1.w_lora_B', 'transformer.resblocks.5.attn.v_proj.experts.2.w_lora_A', 'transformer.resblocks.5.attn.v_proj.experts.2.w_lora_B', 'transformer.resblocks.5.attn.v_proj.experts.3.w_lora_A', 'transformer.resblocks.5.attn.v_proj.experts.3.w_lora_B', 'transformer.resblocks.5.attn.v_proj.experts.4.w_lora_A', 'transformer.resblocks.5.attn.v_proj.experts.4.w_lora_B', 'transformer.resblocks.5.attn.v_proj.experts.5.w_lora_A', 'transformer.resblocks.5.attn.v_proj.experts.5.w_lora_B', 'transformer.resblocks.6.attn.q_proj.router.gate.weight', 'transformer.resblocks.6.attn.q_proj.experts.0.w_lora_A', 'transformer.resblocks.6.attn.q_proj.experts.0.w_lora_B', 'transformer.resblocks.6.attn.q_proj.experts.1.w_lora_A', 'transformer.resblocks.6.attn.q_proj.experts.1.w_lora_B', 'transformer.resblocks.6.attn.q_proj.experts.2.w_lora_A', 'transformer.resblocks.6.attn.q_proj.experts.2.w_lora_B', 'transformer.resblocks.6.attn.q_proj.experts.3.w_lora_A', 'transformer.resblocks.6.attn.q_proj.experts.3.w_lora_B', 'transformer.resblocks.6.attn.q_proj.experts.4.w_lora_A', 'transformer.resblocks.6.attn.q_proj.experts.4.w_lora_B', 'transformer.resblocks.6.attn.q_proj.experts.5.w_lora_A', 'transformer.resblocks.6.attn.q_proj.experts.5.w_lora_B', 'transformer.resblocks.6.attn.k_proj.router.gate.weight', 'transformer.resblocks.6.attn.k_proj.experts.0.w_lora_A', 'transformer.resblocks.6.attn.k_proj.experts.0.w_lora_B', 'transformer.resblocks.6.attn.k_proj.experts.1.w_lora_A', 'transformer.resblocks.6.attn.k_proj.experts.1.w_lora_B', 'transformer.resblocks.6.attn.k_proj.experts.2.w_lora_A', 'transformer.resblocks.6.attn.k_proj.experts.2.w_lora_B', 'transformer.resblocks.6.attn.k_proj.experts.3.w_lora_A', 'transformer.resblocks.6.attn.k_proj.experts.3.w_lora_B', 'transformer.resblocks.6.attn.k_proj.experts.4.w_lora_A', 'transformer.resblocks.6.attn.k_proj.experts.4.w_lora_B', 'transformer.resblocks.6.attn.k_proj.experts.5.w_lora_A', 'transformer.resblocks.6.attn.k_proj.experts.5.w_lora_B', 'transformer.resblocks.6.attn.v_proj.router.gate.weight', 'transformer.resblocks.6.attn.v_proj.experts.0.w_lora_A', 'transformer.resblocks.6.attn.v_proj.experts.0.w_lora_B', 'transformer.resblocks.6.attn.v_proj.experts.1.w_lora_A', 'transformer.resblocks.6.attn.v_proj.experts.1.w_lora_B', 'transformer.resblocks.6.attn.v_proj.experts.2.w_lora_A', 'transformer.resblocks.6.attn.v_proj.experts.2.w_lora_B', 'transformer.resblocks.6.attn.v_proj.experts.3.w_lora_A', 'transformer.resblocks.6.attn.v_proj.experts.3.w_lora_B', 'transformer.resblocks.6.attn.v_proj.experts.4.w_lora_A', 'transformer.resblocks.6.attn.v_proj.experts.4.w_lora_B', 'transformer.resblocks.6.attn.v_proj.experts.5.w_lora_A', 'transformer.resblocks.6.attn.v_proj.experts.5.w_lora_B', 'transformer.resblocks.7.attn.q_proj.router.gate.weight', 'transformer.resblocks.7.attn.q_proj.experts.0.w_lora_A', 'transformer.resblocks.7.attn.q_proj.experts.0.w_lora_B', 'transformer.resblocks.7.attn.q_proj.experts.1.w_lora_A', 'transformer.resblocks.7.attn.q_proj.experts.1.w_lora_B', 'transformer.resblocks.7.attn.q_proj.experts.2.w_lora_A', 'transformer.resblocks.7.attn.q_proj.experts.2.w_lora_B', 'transformer.resblocks.7.attn.q_proj.experts.3.w_lora_A', 'transformer.resblocks.7.attn.q_proj.experts.3.w_lora_B', 'transformer.resblocks.7.attn.q_proj.experts.4.w_lora_A', 'transformer.resblocks.7.attn.q_proj.experts.4.w_lora_B', 'transformer.resblocks.7.attn.q_proj.experts.5.w_lora_A', 'transformer.resblocks.7.attn.q_proj.experts.5.w_lora_B', 'transformer.resblocks.7.attn.k_proj.router.gate.weight', 'transformer.resblocks.7.attn.k_proj.experts.0.w_lora_A', 'transformer.resblocks.7.attn.k_proj.experts.0.w_lora_B', 'transformer.resblocks.7.attn.k_proj.experts.1.w_lora_A', 'transformer.resblocks.7.attn.k_proj.experts.1.w_lora_B', 'transformer.resblocks.7.attn.k_proj.experts.2.w_lora_A', 'transformer.resblocks.7.attn.k_proj.experts.2.w_lora_B', 'transformer.resblocks.7.attn.k_proj.experts.3.w_lora_A', 'transformer.resblocks.7.attn.k_proj.experts.3.w_lora_B', 'transformer.resblocks.7.attn.k_proj.experts.4.w_lora_A', 'transformer.resblocks.7.attn.k_proj.experts.4.w_lora_B', 'transformer.resblocks.7.attn.k_proj.experts.5.w_lora_A', 'transformer.resblocks.7.attn.k_proj.experts.5.w_lora_B', 'transformer.resblocks.7.attn.v_proj.router.gate.weight', 'transformer.resblocks.7.attn.v_proj.experts.0.w_lora_A', 'transformer.resblocks.7.attn.v_proj.experts.0.w_lora_B', 'transformer.resblocks.7.attn.v_proj.experts.1.w_lora_A', 'transformer.resblocks.7.attn.v_proj.experts.1.w_lora_B', 'transformer.resblocks.7.attn.v_proj.experts.2.w_lora_A', 'transformer.resblocks.7.attn.v_proj.experts.2.w_lora_B', 'transformer.resblocks.7.attn.v_proj.experts.3.w_lora_A', 'transformer.resblocks.7.attn.v_proj.experts.3.w_lora_B', 'transformer.resblocks.7.attn.v_proj.experts.4.w_lora_A', 'transformer.resblocks.7.attn.v_proj.experts.4.w_lora_B', 'transformer.resblocks.7.attn.v_proj.experts.5.w_lora_A', 'transformer.resblocks.7.attn.v_proj.experts.5.w_lora_B', 'transformer.resblocks.8.attn.q_proj.router.gate.weight', 'transformer.resblocks.8.attn.q_proj.experts.0.w_lora_A', 'transformer.resblocks.8.attn.q_proj.experts.0.w_lora_B', 'transformer.resblocks.8.attn.q_proj.experts.1.w_lora_A', 'transformer.resblocks.8.attn.q_proj.experts.1.w_lora_B', 'transformer.resblocks.8.attn.q_proj.experts.2.w_lora_A', 'transformer.resblocks.8.attn.q_proj.experts.2.w_lora_B', 'transformer.resblocks.8.attn.q_proj.experts.3.w_lora_A', 'transformer.resblocks.8.attn.q_proj.experts.3.w_lora_B', 'transformer.resblocks.8.attn.q_proj.experts.4.w_lora_A', 'transformer.resblocks.8.attn.q_proj.experts.4.w_lora_B', 'transformer.resblocks.8.attn.q_proj.experts.5.w_lora_A', 'transformer.resblocks.8.attn.q_proj.experts.5.w_lora_B', 'transformer.resblocks.8.attn.k_proj.router.gate.weight', 'transformer.resblocks.8.attn.k_proj.experts.0.w_lora_A', 'transformer.resblocks.8.attn.k_proj.experts.0.w_lora_B', 'transformer.resblocks.8.attn.k_proj.experts.1.w_lora_A', 'transformer.resblocks.8.attn.k_proj.experts.1.w_lora_B', 'transformer.resblocks.8.attn.k_proj.experts.2.w_lora_A', 'transformer.resblocks.8.attn.k_proj.experts.2.w_lora_B', 'transformer.resblocks.8.attn.k_proj.experts.3.w_lora_A', 'transformer.resblocks.8.attn.k_proj.experts.3.w_lora_B', 'transformer.resblocks.8.attn.k_proj.experts.4.w_lora_A', 'transformer.resblocks.8.attn.k_proj.experts.4.w_lora_B', 'transformer.resblocks.8.attn.k_proj.experts.5.w_lora_A', 'transformer.resblocks.8.attn.k_proj.experts.5.w_lora_B', 'transformer.resblocks.8.attn.v_proj.router.gate.weight', 'transformer.resblocks.8.attn.v_proj.experts.0.w_lora_A', 'transformer.resblocks.8.attn.v_proj.experts.0.w_lora_B', 'transformer.resblocks.8.attn.v_proj.experts.1.w_lora_A', 'transformer.resblocks.8.attn.v_proj.experts.1.w_lora_B', 'transformer.resblocks.8.attn.v_proj.experts.2.w_lora_A', 'transformer.resblocks.8.attn.v_proj.experts.2.w_lora_B', 'transformer.resblocks.8.attn.v_proj.experts.3.w_lora_A', 'transformer.resblocks.8.attn.v_proj.experts.3.w_lora_B', 'transformer.resblocks.8.attn.v_proj.experts.4.w_lora_A', 'transformer.resblocks.8.attn.v_proj.experts.4.w_lora_B', 'transformer.resblocks.8.attn.v_proj.experts.5.w_lora_A', 'transformer.resblocks.8.attn.v_proj.experts.5.w_lora_B', 'transformer.resblocks.9.attn.q_proj.router.gate.weight', 'transformer.resblocks.9.attn.q_proj.experts.0.w_lora_A', 'transformer.resblocks.9.attn.q_proj.experts.0.w_lora_B', 'transformer.resblocks.9.attn.q_proj.experts.1.w_lora_A', 'transformer.resblocks.9.attn.q_proj.experts.1.w_lora_B', 'transformer.resblocks.9.attn.q_proj.experts.2.w_lora_A', 'transformer.resblocks.9.attn.q_proj.experts.2.w_lora_B', 'transformer.resblocks.9.attn.q_proj.experts.3.w_lora_A', 'transformer.resblocks.9.attn.q_proj.experts.3.w_lora_B', 'transformer.resblocks.9.attn.q_proj.experts.4.w_lora_A', 'transformer.resblocks.9.attn.q_proj.experts.4.w_lora_B', 'transformer.resblocks.9.attn.q_proj.experts.5.w_lora_A', 'transformer.resblocks.9.attn.q_proj.experts.5.w_lora_B', 'transformer.resblocks.9.attn.k_proj.router.gate.weight', 'transformer.resblocks.9.attn.k_proj.experts.0.w_lora_A', 'transformer.resblocks.9.attn.k_proj.experts.0.w_lora_B', 'transformer.resblocks.9.attn.k_proj.experts.1.w_lora_A', 'transformer.resblocks.9.attn.k_proj.experts.1.w_lora_B', 'transformer.resblocks.9.attn.k_proj.experts.2.w_lora_A', 'transformer.resblocks.9.attn.k_proj.experts.2.w_lora_B', 'transformer.resblocks.9.attn.k_proj.experts.3.w_lora_A', 'transformer.resblocks.9.attn.k_proj.experts.3.w_lora_B', 'transformer.resblocks.9.attn.k_proj.experts.4.w_lora_A', 'transformer.resblocks.9.attn.k_proj.experts.4.w_lora_B', 'transformer.resblocks.9.attn.k_proj.experts.5.w_lora_A', 'transformer.resblocks.9.attn.k_proj.experts.5.w_lora_B', 'transformer.resblocks.9.attn.v_proj.router.gate.weight', 'transformer.resblocks.9.attn.v_proj.experts.0.w_lora_A', 'transformer.resblocks.9.attn.v_proj.experts.0.w_lora_B', 'transformer.resblocks.9.attn.v_proj.experts.1.w_lora_A', 'transformer.resblocks.9.attn.v_proj.experts.1.w_lora_B', 'transformer.resblocks.9.attn.v_proj.experts.2.w_lora_A', 'transformer.resblocks.9.attn.v_proj.experts.2.w_lora_B', 'transformer.resblocks.9.attn.v_proj.experts.3.w_lora_A', 'transformer.resblocks.9.attn.v_proj.experts.3.w_lora_B', 'transformer.resblocks.9.attn.v_proj.experts.4.w_lora_A', 'transformer.resblocks.9.attn.v_proj.experts.4.w_lora_B', 'transformer.resblocks.9.attn.v_proj.experts.5.w_lora_A', 'transformer.resblocks.9.attn.v_proj.experts.5.w_lora_B', 'transformer.resblocks.10.attn.q_proj.router.gate.weight', 'transformer.resblocks.10.attn.q_proj.experts.0.w_lora_A', 'transformer.resblocks.10.attn.q_proj.experts.0.w_lora_B', 'transformer.resblocks.10.attn.q_proj.experts.1.w_lora_A', 'transformer.resblocks.10.attn.q_proj.experts.1.w_lora_B', 'transformer.resblocks.10.attn.q_proj.experts.2.w_lora_A', 'transformer.resblocks.10.attn.q_proj.experts.2.w_lora_B', 'transformer.resblocks.10.attn.q_proj.experts.3.w_lora_A', 'transformer.resblocks.10.attn.q_proj.experts.3.w_lora_B', 'transformer.resblocks.10.attn.q_proj.experts.4.w_lora_A', 'transformer.resblocks.10.attn.q_proj.experts.4.w_lora_B', 'transformer.resblocks.10.attn.q_proj.experts.5.w_lora_A', 'transformer.resblocks.10.attn.q_proj.experts.5.w_lora_B', 'transformer.resblocks.10.attn.k_proj.router.gate.weight', 'transformer.resblocks.10.attn.k_proj.experts.0.w_lora_A', 'transformer.resblocks.10.attn.k_proj.experts.0.w_lora_B', 'transformer.resblocks.10.attn.k_proj.experts.1.w_lora_A', 'transformer.resblocks.10.attn.k_proj.experts.1.w_lora_B', 'transformer.resblocks.10.attn.k_proj.experts.2.w_lora_A', 'transformer.resblocks.10.attn.k_proj.experts.2.w_lora_B', 'transformer.resblocks.10.attn.k_proj.experts.3.w_lora_A', 'transformer.resblocks.10.attn.k_proj.experts.3.w_lora_B', 'transformer.resblocks.10.attn.k_proj.experts.4.w_lora_A', 'transformer.resblocks.10.attn.k_proj.experts.4.w_lora_B', 'transformer.resblocks.10.attn.k_proj.experts.5.w_lora_A', 'transformer.resblocks.10.attn.k_proj.experts.5.w_lora_B', 'transformer.resblocks.10.attn.v_proj.router.gate.weight', 'transformer.resblocks.10.attn.v_proj.experts.0.w_lora_A', 'transformer.resblocks.10.attn.v_proj.experts.0.w_lora_B', 'transformer.resblocks.10.attn.v_proj.experts.1.w_lora_A', 'transformer.resblocks.10.attn.v_proj.experts.1.w_lora_B', 'transformer.resblocks.10.attn.v_proj.experts.2.w_lora_A', 'transformer.resblocks.10.attn.v_proj.experts.2.w_lora_B', 'transformer.resblocks.10.attn.v_proj.experts.3.w_lora_A', 'transformer.resblocks.10.attn.v_proj.experts.3.w_lora_B', 'transformer.resblocks.10.attn.v_proj.experts.4.w_lora_A', 'transformer.resblocks.10.attn.v_proj.experts.4.w_lora_B', 'transformer.resblocks.10.attn.v_proj.experts.5.w_lora_A', 'transformer.resblocks.10.attn.v_proj.experts.5.w_lora_B', 'transformer.resblocks.11.attn.q_proj.router.gate.weight', 'transformer.resblocks.11.attn.q_proj.experts.0.w_lora_A', 'transformer.resblocks.11.attn.q_proj.experts.0.w_lora_B', 'transformer.resblocks.11.attn.q_proj.experts.1.w_lora_A', 'transformer.resblocks.11.attn.q_proj.experts.1.w_lora_B', 'transformer.resblocks.11.attn.q_proj.experts.2.w_lora_A', 'transformer.resblocks.11.attn.q_proj.experts.2.w_lora_B', 'transformer.resblocks.11.attn.q_proj.experts.3.w_lora_A', 'transformer.resblocks.11.attn.q_proj.experts.3.w_lora_B', 'transformer.resblocks.11.attn.q_proj.experts.4.w_lora_A', 'transformer.resblocks.11.attn.q_proj.experts.4.w_lora_B', 'transformer.resblocks.11.attn.q_proj.experts.5.w_lora_A', 'transformer.resblocks.11.attn.q_proj.experts.5.w_lora_B', 'transformer.resblocks.11.attn.k_proj.router.gate.weight', 'transformer.resblocks.11.attn.k_proj.experts.0.w_lora_A', 'transformer.resblocks.11.attn.k_proj.experts.0.w_lora_B', 'transformer.resblocks.11.attn.k_proj.experts.1.w_lora_A', 'transformer.resblocks.11.attn.k_proj.experts.1.w_lora_B', 'transformer.resblocks.11.attn.k_proj.experts.2.w_lora_A', 'transformer.resblocks.11.attn.k_proj.experts.2.w_lora_B', 'transformer.resblocks.11.attn.k_proj.experts.3.w_lora_A', 'transformer.resblocks.11.attn.k_proj.experts.3.w_lora_B', 'transformer.resblocks.11.attn.k_proj.experts.4.w_lora_A', 'transformer.resblocks.11.attn.k_proj.experts.4.w_lora_B', 'transformer.resblocks.11.attn.k_proj.experts.5.w_lora_A', 'transformer.resblocks.11.attn.k_proj.experts.5.w_lora_B', 'transformer.resblocks.11.attn.v_proj.router.gate.weight', 'transformer.resblocks.11.attn.v_proj.experts.0.w_lora_A', 'transformer.resblocks.11.attn.v_proj.experts.0.w_lora_B', 'transformer.resblocks.11.attn.v_proj.experts.1.w_lora_A', 'transformer.resblocks.11.attn.v_proj.experts.1.w_lora_B', 'transformer.resblocks.11.attn.v_proj.experts.2.w_lora_A', 'transformer.resblocks.11.attn.v_proj.experts.2.w_lora_B', 'transformer.resblocks.11.attn.v_proj.experts.3.w_lora_A', 'transformer.resblocks.11.attn.v_proj.experts.3.w_lora_B', 'transformer.resblocks.11.attn.v_proj.experts.4.w_lora_A', 'transformer.resblocks.11.attn.v_proj.experts.4.w_lora_B', 'transformer.resblocks.11.attn.v_proj.experts.5.w_lora_A', 'transformer.resblocks.11.attn.v_proj.experts.5.w_lora_B']
LR: 0.000200, Acc: 62.1622, Loss: 1.0366
LR: 0.000200, Acc: 75.6757, Loss: 0.8000
LR: 0.000200, Acc: 72.9730, Loss: 1.0732
LR: 0.000200, Acc: 67.5676, Loss: 0.9582
LR: 0.000200, Acc: 75.6757, Loss: 0.7017
LR: 0.000200, Acc: 78.3784, Loss: 0.9355
LR: 0.000200, Acc: 72.9730, Loss: 0.8680
LR: 0.000199, Acc: 70.2703, Loss: 0.9141
LR: 0.000199, Acc: 86.4865, Loss: 0.7072
LR: 0.000199, Acc: 86.4865, Loss: 0.6333
LR: 0.000199, Acc: 78.3784, Loss: 0.7885
LR: 0.000199, Acc: 78.3784, Loss: 0.6371
LR: 0.000199, Acc: 81.0811, Loss: 0.6190
LR: 0.000198, Acc: 86.4865, Loss: 0.6174
LR: 0.000198, Acc: 83.7838, Loss: 0.5392
LR: 0.000198, Acc: 78.3784, Loss: 0.6493
LR: 0.000198, Acc: 89.1892, Loss: 0.3663
LR: 0.000197, Acc: 83.7838, Loss: 0.5529
LR: 0.000197, Acc: 89.1892, Loss: 0.5174
LR: 0.000197, Acc: 83.7838, Loss: 0.3451
LR: 0.000197, Acc: 81.0811, Loss: 0.4777
LR: 0.000196, Acc: 100.0000, Loss: 0.1368
LR: 0.000196, Acc: 89.1892, Loss: 0.3346
LR: 0.000196, Acc: 91.8919, Loss: 0.3546
LR: 0.000195, Acc: 83.7838, Loss: 0.4974
LR: 0.000195, Acc: 78.3784, Loss: 0.5768
LR: 0.000194, Acc: 86.4865, Loss: 0.5747
LR: 0.000194, Acc: 94.5946, Loss: 0.2483
LR: 0.000193, Acc: 89.1892, Loss: 0.3911
LR: 0.000193, Acc: 89.1892, Loss: 0.3745
LR: 0.000193, Acc: 91.8919, Loss: 0.3095
LR: 0.000192, Acc: 89.1892, Loss: 0.4612
LR: 0.000192, Acc: 94.5946, Loss: 0.3724
LR: 0.000191, Acc: 91.8919, Loss: 0.3032
LR: 0.000191, Acc: 91.8919, Loss: 0.3999
LR: 0.000190, Acc: 97.2973, Loss: 0.1040
LR: 0.000189, Acc: 91.8919, Loss: 0.2383
LR: 0.000189, Acc: 97.2973, Loss: 0.1092
LR: 0.000188, Acc: 86.4865, Loss: 0.4561
LR: 0.000188, Acc: 89.1892, Loss: 0.2551
LR: 0.000187, Acc: 94.5946, Loss: 0.1655
LR: 0.000186, Acc: 94.5946, Loss: 0.2161
LR: 0.000186, Acc: 89.1892, Loss: 0.2520
LR: 0.000185, Acc: 97.2973, Loss: 0.1490
LR: 0.000185, Acc: 89.1892, Loss: 0.3499
LR: 0.000184, Acc: 81.0811, Loss: 0.7177
LR: 0.000183, Acc: 86.4865, Loss: 0.2570
LR: 0.000182, Acc: 89.1892, Loss: 0.3287
LR: 0.000182, Acc: 91.8919, Loss: 0.2948
LR: 0.000181, Acc: 94.5946, Loss: 0.2244
LR: 0.000180, Acc: 94.5946, Loss: 0.1935
LR: 0.000180, Acc: 97.2973, Loss: 0.1151
LR: 0.000179, Acc: 91.8919, Loss: 0.3363
LR: 0.000178, Acc: 97.2973, Loss: 0.1270
LR: 0.000177, Acc: 94.5946, Loss: 0.1442
LR: 0.000176, Acc: 94.5946, Loss: 0.1054
LR: 0.000176, Acc: 97.2973, Loss: 0.2688
LR: 0.000175, Acc: 91.8919, Loss: 0.2270
LR: 0.000174, Acc: 100.0000, Loss: 0.0362
LR: 0.000173, Acc: 100.0000, Loss: 0.1019
LR: 0.000172, Acc: 94.5946, Loss: 0.1966
LR: 0.000171, Acc: 94.5946, Loss: 0.2724
LR: 0.000170, Acc: 91.8919, Loss: 0.1371
LR: 0.000170, Acc: 100.0000, Loss: 0.0595
LR: 0.000169, Acc: 94.5946, Loss: 0.3681
LR: 0.000168, Acc: 94.5946, Loss: 0.1779
LR: 0.000167, Acc: 94.5946, Loss: 0.2768
LR: 0.000166, Acc: 100.0000, Loss: 0.0319
LR: 0.000165, Acc: 97.2973, Loss: 0.1402
LR: 0.000164, Acc: 97.2973, Loss: 0.1317
LR: 0.000163, Acc: 97.2973, Loss: 0.0499
LR: 0.000162, Acc: 97.2973, Loss: 0.1816
LR: 0.000161, Acc: 94.5946, Loss: 0.1209
LR: 0.000160, Acc: 91.8919, Loss: 0.2601
LR: 0.000159, Acc: 97.2973, Loss: 0.1847
LR: 0.000158, Acc: 100.0000, Loss: 0.0353
LR: 0.000157, Acc: 100.0000, Loss: 0.0753
LR: 0.000156, Acc: 94.5946, Loss: 0.1976
LR: 0.000155, Acc: 97.2973, Loss: 0.1173
LR: 0.000154, Acc: 97.2973, Loss: 0.1945
LR: 0.000153, Acc: 97.2973, Loss: 0.1584
LR: 0.000152, Acc: 100.0000, Loss: 0.0317
LR: 0.000151, Acc: 100.0000, Loss: 0.0241
LR: 0.000150, Acc: 97.2973, Loss: 0.1716
LR: 0.000148, Acc: 94.5946, Loss: 0.3159
LR: 0.000147, Acc: 97.2973, Loss: 0.1178
LR: 0.000146, Acc: 100.0000, Loss: 0.0158
LR: 0.000145, Acc: 89.1892, Loss: 0.3131
LR: 0.000144, Acc: 94.5946, Loss: 0.1024
LR: 0.000143, Acc: 94.5946, Loss: 0.1533
LR: 0.000142, Acc: 100.0000, Loss: 0.0410
LR: 0.000141, Acc: 97.2973, Loss: 0.0769
LR: 0.000139, Acc: 94.5946, Loss: 0.1303
LR: 0.000138, Acc: 97.2973, Loss: 0.2666
LR: 0.000137, Acc: 100.0000, Loss: 0.0282
LR: 0.000136, Acc: 97.2973, Loss: 0.0984
LR: 0.000135, Acc: 100.0000, Loss: 0.0094
LR: 0.000134, Acc: 100.0000, Loss: 0.0472
LR: 0.000132, Acc: 97.2973, Loss: 0.1914
LR: 0.000131, Acc: 97.2973, Loss: 0.1742
LR: 0.000130, Acc: 97.2973, Loss: 0.1985
LR: 0.000129, Acc: 100.0000, Loss: 0.0461
LR: 0.000128, Acc: 100.0000, Loss: 0.0355
LR: 0.000126, Acc: 94.5946, Loss: 0.2383
LR: 0.000125, Acc: 100.0000, Loss: 0.0149
LR: 0.000124, Acc: 94.5946, Loss: 0.1423
LR: 0.000123, Acc: 97.2973, Loss: 0.1558
LR: 0.000122, Acc: 94.5946, Loss: 0.2170
LR: 0.000120, Acc: 91.8919, Loss: 0.2850
LR: 0.000119, Acc: 100.0000, Loss: 0.0528
LR: 0.000118, Acc: 100.0000, Loss: 0.0200
LR: 0.000117, Acc: 97.2973, Loss: 0.0643
LR: 0.000115, Acc: 97.2973, Loss: 0.0876
LR: 0.000114, Acc: 89.1892, Loss: 0.3280
LR: 0.000113, Acc: 94.5946, Loss: 0.1250
LR: 0.000112, Acc: 100.0000, Loss: 0.0088
LR: 0.000110, Acc: 97.2973, Loss: 0.1467
LR: 0.000109, Acc: 100.0000, Loss: 0.0767
LR: 0.000108, Acc: 91.8919, Loss: 0.1621
LR: 0.000107, Acc: 97.2973, Loss: 0.1942
LR: 0.000105, Acc: 97.2973, Loss: 0.0812
LR: 0.000104, Acc: 91.8919, Loss: 0.1921
LR: 0.000103, Acc: 100.0000, Loss: 0.0305
LR: 0.000102, Acc: 100.0000, Loss: 0.0299
LR: 0.000100, Acc: 97.2973, Loss: 0.0958
LR: 0.000099, Acc: 100.0000, Loss: 0.0071
LR: 0.000098, Acc: 97.2973, Loss: 0.0913
LR: 0.000097, Acc: 94.5946, Loss: 0.2334
LR: 0.000096, Acc: 94.5946, Loss: 0.1656
LR: 0.000094, Acc: 97.2973, Loss: 0.0815
LR: 0.000093, Acc: 94.5946, Loss: 0.1144
LR: 0.000092, Acc: 97.2973, Loss: 0.0536
LR: 0.000091, Acc: 97.2973, Loss: 0.1973
LR: 0.000089, Acc: 100.0000, Loss: 0.0059
LR: 0.000088, Acc: 100.0000, Loss: 0.0519
LR: 0.000087, Acc: 91.8919, Loss: 0.1207
LR: 0.000086, Acc: 100.0000, Loss: 0.0186
LR: 0.000084, Acc: 100.0000, Loss: 0.0188
LR: 0.000083, Acc: 100.0000, Loss: 0.0034
LR: 0.000082, Acc: 100.0000, Loss: 0.0241
LR: 0.000081, Acc: 97.2973, Loss: 0.1037
LR: 0.000079, Acc: 100.0000, Loss: 0.0078
LR: 0.000078, Acc: 94.5946, Loss: 0.1314
LR: 0.000077, Acc: 83.7838, Loss: 0.5066
LR: 0.000076, Acc: 97.2973, Loss: 0.0575
LR: 0.000075, Acc: 91.8919, Loss: 0.2169
LR: 0.000073, Acc: 94.5946, Loss: 0.1445
LR: 0.000072, Acc: 97.2973, Loss: 0.1712
LR: 0.000071, Acc: 97.2973, Loss: 0.0776
LR: 0.000070, Acc: 97.2973, Loss: 0.0960
LR: 0.000069, Acc: 97.2973, Loss: 0.1344
LR: 0.000067, Acc: 97.2973, Loss: 0.0952
LR: 0.000066, Acc: 97.2973, Loss: 0.0726
LR: 0.000065, Acc: 100.0000, Loss: 0.0369
LR: 0.000064, Acc: 97.2973, Loss: 0.1787
LR: 0.000063, Acc: 97.2973, Loss: 0.2050
LR: 0.000062, Acc: 100.0000, Loss: 0.0400
LR: 0.000060, Acc: 100.0000, Loss: 0.0281
LR: 0.000059, Acc: 100.0000, Loss: 0.0584
LR: 0.000058, Acc: 97.2973, Loss: 0.0841
LR: 0.000057, Acc: 97.2973, Loss: 0.0971
LR: 0.000056, Acc: 100.0000, Loss: 0.0093
LR: 0.000055, Acc: 97.2973, Loss: 0.0382
LR: 0.000054, Acc: 100.0000, Loss: 0.0183
LR: 0.000053, Acc: 100.0000, Loss: 0.0037
LR: 0.000051, Acc: 100.0000, Loss: 0.0099
LR: 0.000050, Acc: 100.0000, Loss: 0.0557
LR: 0.000049, Acc: 94.5946, Loss: 0.2583
LR: 0.000048, Acc: 100.0000, Loss: 0.0552
LR: 0.000047, Acc: 97.2973, Loss: 0.0757
LR: 0.000046, Acc: 86.4865, Loss: 0.3353
LR: 0.000045, Acc: 97.2973, Loss: 0.0887
LR: 0.000044, Acc: 100.0000, Loss: 0.0524
LR: 0.000043, Acc: 100.0000, Loss: 0.0750
LR: 0.000042, Acc: 100.0000, Loss: 0.0554
LR: 0.000041, Acc: 100.0000, Loss: 0.0094
LR: 0.000040, Acc: 94.5946, Loss: 0.1931
LR: 0.000039, Acc: 100.0000, Loss: 0.0387
LR: 0.000038, Acc: 97.2973, Loss: 0.0322
LR: 0.000037, Acc: 100.0000, Loss: 0.0099
LR: 0.000036, Acc: 91.8919, Loss: 0.3258
LR: 0.000035, Acc: 100.0000, Loss: 0.0652
LR: 0.000034, Acc: 97.2973, Loss: 0.0882
LR: 0.000033, Acc: 100.0000, Loss: 0.0072
LR: 0.000032, Acc: 97.2973, Loss: 0.0588
LR: 0.000031, Acc: 97.2973, Loss: 0.1029
LR: 0.000031, Acc: 100.0000, Loss: 0.0047
LR: 0.000030, Acc: 97.2973, Loss: 0.0722
LR: 0.000029, Acc: 94.5946, Loss: 0.2397
LR: 0.000028, Acc: 100.0000, Loss: 0.0183
LR: 0.000027, Acc: 94.5946, Loss: 0.1832
LR: 0.000026, Acc: 100.0000, Loss: 0.0060
LR: 0.000025, Acc: 94.5946, Loss: 0.1099
LR: 0.000025, Acc: 94.5946, Loss: 0.3049
LR: 0.000024, Acc: 100.0000, Loss: 0.0057
LR: 0.000023, Acc: 100.0000, Loss: 0.0108
LR: 0.000022, Acc: 94.5946, Loss: 0.1794
LR: 0.000021, Acc: 91.8919, Loss: 0.4656
LR: 0.000021, Acc: 100.0000, Loss: 0.0289
LR: 0.000020, Acc: 97.2973, Loss: 0.1300
LR: 0.000019, Acc: 94.5946, Loss: 0.3584
LR: 0.000019, Acc: 97.2973, Loss: 0.1500
LR: 0.000018, Acc: 91.8919, Loss: 0.1808
LR: 0.000017, Acc: 100.0000, Loss: 0.0203
LR: 0.000016, Acc: 100.0000, Loss: 0.0244
LR: 0.000016, Acc: 97.2973, Loss: 0.1320
LR: 0.000015, Acc: 100.0000, Loss: 0.0390
LR: 0.000015, Acc: 97.2973, Loss: 0.1192
LR: 0.000014, Acc: 100.0000, Loss: 0.0124
LR: 0.000013, Acc: 94.5946, Loss: 0.1176
LR: 0.000013, Acc: 97.2973, Loss: 0.0492
LR: 0.000012, Acc: 97.2973, Loss: 0.2357
LR: 0.000012, Acc: 97.2973, Loss: 0.0519
LR: 0.000011, Acc: 100.0000, Loss: 0.0170
LR: 0.000010, Acc: 97.2973, Loss: 0.0384
LR: 0.000010, Acc: 97.2973, Loss: 0.1198
LR: 0.000009, Acc: 100.0000, Loss: 0.0190
LR: 0.000009, Acc: 100.0000, Loss: 0.0104
LR: 0.000008, Acc: 100.0000, Loss: 0.0353
LR: 0.000008, Acc: 100.0000, Loss: 0.0227
LR: 0.000008, Acc: 97.2973, Loss: 0.0996
LR: 0.000007, Acc: 94.5946, Loss: 0.1204
LR: 0.000007, Acc: 100.0000, Loss: 0.0060
LR: 0.000006, Acc: 100.0000, Loss: 0.0067
LR: 0.000006, Acc: 97.2973, Loss: 0.1224
LR: 0.000005, Acc: 97.2973, Loss: 0.0735
LR: 0.000005, Acc: 100.0000, Loss: 0.0095
LR: 0.000005, Acc: 97.2973, Loss: 0.1069
LR: 0.000004, Acc: 100.0000, Loss: 0.0183
LR: 0.000004, Acc: 94.5946, Loss: 0.2753
LR: 0.000004, Acc: 100.0000, Loss: 0.0042
LR: 0.000004, Acc: 100.0000, Loss: 0.0084
LR: 0.000003, Acc: 97.2973, Loss: 0.0510
LR: 0.000003, Acc: 100.0000, Loss: 0.0176
LR: 0.000003, Acc: 94.5946, Loss: 0.2065
LR: 0.000003, Acc: 89.1892, Loss: 0.4119
LR: 0.000002, Acc: 100.0000, Loss: 0.0334
LR: 0.000002, Acc: 100.0000, Loss: 0.0281
LR: 0.000002, Acc: 97.2973, Loss: 0.0617
LR: 0.000002, Acc: 97.2973, Loss: 0.0876
LR: 0.000002, Acc: 91.8919, Loss: 0.2600
LR: 0.000002, Acc: 97.2973, Loss: 0.0880
LR: 0.000001, Acc: 97.2973, Loss: 0.0590
LR: 0.000001, Acc: 97.2973, Loss: 0.1309
LR: 0.000001, Acc: 97.2973, Loss: 0.0668
LR: 0.000001, Acc: 97.2973, Loss: 0.0939
LR: 0.000001, Acc: 100.0000, Loss: 0.0213
LR: 0.000001, Acc: 97.2973, Loss: 0.0695
LR: 0.000001, Acc: 94.5946, Loss: 0.1202
**** Final test accuracy: 89.89. ****

LoRA weights saved to weights/vitb16/oxford_pets/1shots/6experts/seed1/CLIP-MoLE_oxford_pets.pt
