created virtual environment CPython3.10.13.final.0-64 in 3179ms
  creator CPython3Posix(dest=/localscratch/pedro36.57161271.0/env, clear=False, no_vcs_ignore=False, global=False)
  seeder FromAppData(download=False, pip=bundle, setuptools=bundle, wheel=bundle, via=copy, app_data_dir=/home/pedro36/.local/share/virtualenv)
    added seed packages: pip==25.1.1, setuptools==80.7.1, wheel==0.45.1+computecanada
  activators BashActivator,CShellActivator,FishActivator,NushellActivator,PowerShellActivator,PythonActivator
Looking in links: /cvmfs/soft.computecanada.ca/custom/python/wheelhouse/gentoo2023/x86-64-v4, /cvmfs/soft.computecanada.ca/custom/python/wheelhouse/gentoo2023/x86-64-v3, /cvmfs/soft.computecanada.ca/custom/python/wheelhouse/gentoo2023/generic, /cvmfs/soft.computecanada.ca/custom/python/wheelhouse/generic
Requirement already satisfied: pip in /localscratch/pedro36.57161271.0/env/lib/python3.10/site-packages (25.1.1)
Looking in links: /cvmfs/soft.computecanada.ca/custom/python/wheelhouse/gentoo2023/x86-64-v4, /cvmfs/soft.computecanada.ca/custom/python/wheelhouse/gentoo2023/x86-64-v3, /cvmfs/soft.computecanada.ca/custom/python/wheelhouse/gentoo2023/generic, /cvmfs/soft.computecanada.ca/custom/python/wheelhouse/generic
Processing /cvmfs/soft.computecanada.ca/custom/python/wheelhouse/gentoo2023/x86-64-v3/torch-2.6.0+computecanada-cp310-cp310-linux_x86_64.whl
Processing /cvmfs/soft.computecanada.ca/custom/python/wheelhouse/gentoo2023/generic/torchvision-0.21.0+computecanada-cp310-cp310-linux_x86_64.whl
Processing /cvmfs/soft.computecanada.ca/custom/python/wheelhouse/gentoo2023/x86-64-v3/torchaudio-2.6.0+computecanada-cp310-cp310-linux_x86_64.whl
Processing /cvmfs/soft.computecanada.ca/custom/python/wheelhouse/generic/ftfy-6.3.1+computecanada-py3-none-any.whl
Processing /cvmfs/soft.computecanada.ca/custom/python/wheelhouse/gentoo2023/generic/scipy-1.15.1+computecanada-cp310-cp310-linux_x86_64.whl
Processing /cvmfs/soft.computecanada.ca/custom/python/wheelhouse/generic/regex-2024.9.11+computecanada-cp310-cp310-linux_x86_64.whl
Processing /cvmfs/soft.computecanada.ca/custom/python/wheelhouse/generic/tqdm-4.67.1+computecanada-py3-none-any.whl
Processing /cvmfs/soft.computecanada.ca/custom/python/wheelhouse/generic/gdown-5.2.0+computecanada-py3-none-any.whl
Processing /cvmfs/soft.computecanada.ca/custom/python/wheelhouse/gentoo2023/x86-64-v3/pandas-2.2.3+computecanada-cp310-cp310-linux_x86_64.whl
Processing /cvmfs/soft.computecanada.ca/custom/python/wheelhouse/generic/filelock-3.18.0+computecanada-py3-none-any.whl (from torch)
Processing /cvmfs/soft.computecanada.ca/custom/python/wheelhouse/generic/typing_extensions-4.14.0+computecanada-py3-none-any.whl (from torch)
Processing /cvmfs/soft.computecanada.ca/custom/python/wheelhouse/generic/networkx-3.5+computecanada-py3-none-any.whl (from torch)
Processing /cvmfs/soft.computecanada.ca/custom/python/wheelhouse/generic/jinja2-3.1.6+computecanada-py3-none-any.whl (from torch)
Processing /cvmfs/soft.computecanada.ca/custom/python/wheelhouse/generic/fsspec-2025.5.1+computecanada-py3-none-any.whl (from torch)
Processing /cvmfs/soft.computecanada.ca/custom/python/wheelhouse/generic/sympy-1.13.1+computecanada-py3-none-any.whl (from torch)
Processing /cvmfs/soft.computecanada.ca/custom/python/wheelhouse/generic/mpmath-1.3.0+computecanada-py3-none-any.whl (from sympy==1.13.1->torch)
Processing /cvmfs/soft.computecanada.ca/custom/python/wheelhouse/gentoo2023/generic/numpy-2.2.2+computecanada-cp310-cp310-linux_x86_64.whl (from torchvision)
Processing /cvmfs/soft.computecanada.ca/custom/python/wheelhouse/gentoo2023/x86-64-v3/Pillow_SIMD-9.5.0.post2+computecanada-cp310-cp310-linux_x86_64.whl (from torchvision)
Processing /cvmfs/soft.computecanada.ca/custom/python/wheelhouse/generic/wcwidth-0.2.13+computecanada-py2.py3-none-any.whl (from ftfy)
Processing /cvmfs/soft.computecanada.ca/custom/python/wheelhouse/generic/beautifulsoup4-4.13.4+computecanada-py3-none-any.whl (from gdown)
Processing /cvmfs/soft.computecanada.ca/custom/python/wheelhouse/generic/requests-2.32.4+computecanada-py3-none-any.whl (from gdown)
Processing /cvmfs/soft.computecanada.ca/custom/python/wheelhouse/generic/python_dateutil-2.9.0.post0+computecanada-py2.py3-none-any.whl (from pandas)
Processing /cvmfs/soft.computecanada.ca/custom/python/wheelhouse/generic/pytz-2025.2+computecanada-py2.py3-none-any.whl (from pandas)
Processing /cvmfs/soft.computecanada.ca/custom/python/wheelhouse/generic/tzdata-2025.2+computecanada-py2.py3-none-any.whl (from pandas)
Processing /cvmfs/soft.computecanada.ca/custom/python/wheelhouse/generic/six-1.17.0+computecanada-py2.py3-none-any.whl (from python-dateutil>=2.8.2->pandas)
Processing /cvmfs/soft.computecanada.ca/custom/python/wheelhouse/generic/soupsieve-2.7+computecanada-py3-none-any.whl (from beautifulsoup4->gdown)
Processing /cvmfs/soft.computecanada.ca/custom/python/wheelhouse/generic/MarkupSafe-2.1.5+computecanada-cp310-cp310-linux_x86_64.whl (from jinja2->torch)
INFO: pip is looking at multiple versions of networkx to determine which version is compatible with other requirements. This could take a while.
Processing /cvmfs/soft.computecanada.ca/custom/python/wheelhouse/generic/networkx-3.4.2+computecanada-py3-none-any.whl (from torch)
Processing /cvmfs/soft.computecanada.ca/custom/python/wheelhouse/generic/charset_normalizer-3.4.2+computecanada-py3-none-any.whl (from requests[socks]->gdown)
Processing /cvmfs/soft.computecanada.ca/custom/python/wheelhouse/generic/idna-3.10+computecanada-py3-none-any.whl (from requests[socks]->gdown)
Processing /cvmfs/soft.computecanada.ca/custom/python/wheelhouse/generic/urllib3-2.5.0+computecanada-py3-none-any.whl (from requests[socks]->gdown)
Processing /cvmfs/soft.computecanada.ca/custom/python/wheelhouse/generic/certifi-2025.6.15+computecanada-py3-none-any.whl (from requests[socks]->gdown)
Processing /cvmfs/soft.computecanada.ca/custom/python/wheelhouse/generic/PySocks-1.7.1+computecanada-py3-none-any.whl (from requests[socks]->gdown)
Installing collected packages: wcwidth, pytz, mpmath, urllib3, tzdata, typing-extensions, tqdm, sympy, soupsieve, six, regex, PySocks, pillow-simd, numpy, networkx, MarkupSafe, idna, ftfy, fsspec, filelock, charset-normalizer, certifi, scipy, requests, python-dateutil, jinja2, beautifulsoup4, torch, pandas, torchvision, torchaudio, gdown

Successfully installed MarkupSafe-2.1.5+computecanada PySocks-1.7.1+computecanada beautifulsoup4-4.13.4+computecanada certifi-2025.6.15+computecanada charset-normalizer-3.4.2+computecanada filelock-3.18.0+computecanada fsspec-2025.5.1+computecanada ftfy-6.3.1+computecanada gdown-5.2.0+computecanada idna-3.10+computecanada jinja2-3.1.6+computecanada mpmath-1.3.0+computecanada networkx-3.4.2+computecanada numpy-2.2.2+computecanada pandas-2.2.3+computecanada pillow-simd-9.5.0.post2+computecanada python-dateutil-2.9.0.post0+computecanada pytz-2025.2+computecanada regex-2024.9.11+computecanada requests-2.32.4+computecanada scipy-1.15.1+computecanada six-1.17.0+computecanada soupsieve-2.7+computecanada sympy-1.13.1+computecanada torch-2.6.0+computecanada torchaudio-2.6.0+computecanada torchvision-0.21.0+computecanada tqdm-4.67.1+computecanada typing-extensions-4.14.0+computecanada tzdata-2025.2+computecanada urllib3-2.5.0+computecanada wcwidth-0.2.13+computecanada
Preparing dataset.
Reading split from /home/pedro36/projects/def-leszek/pedro36/datasets/DATA/eurosat/split_zhou_EuroSAT.json
Creating a 2-shot dataset
Creating a 2-shot dataset

Getting textual features as CLIP's classifier.

Loading visual features and labels from val set.

Loading visual features and labels from test set.

**** Zero-shot CLIP's test accuracy: 42.25. ****

Residual Attention Block 0: ResidualAttentionBlock(
  (attn): MultiheadAttention(
    (out_proj): NonDynamicallyQuantizableLinear(in_features=512, out_features=512, bias=True)
  )
  (ln_1): LayerNorm((512,), eps=1e-05, elementwise_affine=True)
  (mlp): Sequential(
    (c_fc): Linear(in_features=512, out_features=2048, bias=True)
    (gelu): QuickGELU()
    (c_proj): Linear(in_features=2048, out_features=512, bias=True)
  )
  (ln_2): LayerNorm((512,), eps=1e-05, elementwise_affine=True)
)
Residual Attention Block 1: ResidualAttentionBlock(
  (attn): MultiheadAttention(
    (out_proj): NonDynamicallyQuantizableLinear(in_features=512, out_features=512, bias=True)
  )
  (ln_1): LayerNorm((512,), eps=1e-05, elementwise_affine=True)
  (mlp): Sequential(
    (c_fc): Linear(in_features=512, out_features=2048, bias=True)
    (gelu): QuickGELU()
    (c_proj): Linear(in_features=2048, out_features=512, bias=True)
  )
  (ln_2): LayerNorm((512,), eps=1e-05, elementwise_affine=True)
)
Residual Attention Block 2: ResidualAttentionBlock(
  (attn): MultiheadAttention(
    (out_proj): NonDynamicallyQuantizableLinear(in_features=512, out_features=512, bias=True)
  )
  (ln_1): LayerNorm((512,), eps=1e-05, elementwise_affine=True)
  (mlp): Sequential(
    (c_fc): Linear(in_features=512, out_features=2048, bias=True)
    (gelu): QuickGELU()
    (c_proj): Linear(in_features=2048, out_features=512, bias=True)
  )
  (ln_2): LayerNorm((512,), eps=1e-05, elementwise_affine=True)
)
Residual Attention Block 3: ResidualAttentionBlock(
  (attn): MultiheadAttention(
    (out_proj): NonDynamicallyQuantizableLinear(in_features=512, out_features=512, bias=True)
  )
  (ln_1): LayerNorm((512,), eps=1e-05, elementwise_affine=True)
  (mlp): Sequential(
    (c_fc): Linear(in_features=512, out_features=2048, bias=True)
    (gelu): QuickGELU()
    (c_proj): Linear(in_features=2048, out_features=512, bias=True)
  )
  (ln_2): LayerNorm((512,), eps=1e-05, elementwise_affine=True)
)
Residual Attention Block 4: ResidualAttentionBlock(
  (attn): MultiheadAttention(
    (out_proj): NonDynamicallyQuantizableLinear(in_features=512, out_features=512, bias=True)
  )
  (ln_1): LayerNorm((512,), eps=1e-05, elementwise_affine=True)
  (mlp): Sequential(
    (c_fc): Linear(in_features=512, out_features=2048, bias=True)
    (gelu): QuickGELU()
    (c_proj): Linear(in_features=2048, out_features=512, bias=True)
  )
  (ln_2): LayerNorm((512,), eps=1e-05, elementwise_affine=True)
)
Residual Attention Block 5: ResidualAttentionBlock(
  (attn): MultiheadAttention(
    (out_proj): NonDynamicallyQuantizableLinear(in_features=512, out_features=512, bias=True)
  )
  (ln_1): LayerNorm((512,), eps=1e-05, elementwise_affine=True)
  (mlp): Sequential(
    (c_fc): Linear(in_features=512, out_features=2048, bias=True)
    (gelu): QuickGELU()
    (c_proj): Linear(in_features=2048, out_features=512, bias=True)
  )
  (ln_2): LayerNorm((512,), eps=1e-05, elementwise_affine=True)
)
Residual Attention Block 6: ResidualAttentionBlock(
  (attn): MultiheadAttention(
    (out_proj): NonDynamicallyQuantizableLinear(in_features=512, out_features=512, bias=True)
  )
  (ln_1): LayerNorm((512,), eps=1e-05, elementwise_affine=True)
  (mlp): Sequential(
    (c_fc): Linear(in_features=512, out_features=2048, bias=True)
    (gelu): QuickGELU()
    (c_proj): Linear(in_features=2048, out_features=512, bias=True)
  )
  (ln_2): LayerNorm((512,), eps=1e-05, elementwise_affine=True)
)
Residual Attention Block 7: ResidualAttentionBlock(
  (attn): MultiheadAttention(
    (out_proj): NonDynamicallyQuantizableLinear(in_features=512, out_features=512, bias=True)
  )
  (ln_1): LayerNorm((512,), eps=1e-05, elementwise_affine=True)
  (mlp): Sequential(
    (c_fc): Linear(in_features=512, out_features=2048, bias=True)
    (gelu): QuickGELU()
    (c_proj): Linear(in_features=2048, out_features=512, bias=True)
  )
  (ln_2): LayerNorm((512,), eps=1e-05, elementwise_affine=True)
)
Residual Attention Block 8: ResidualAttentionBlock(
  (attn): MultiheadAttention(
    (out_proj): NonDynamicallyQuantizableLinear(in_features=512, out_features=512, bias=True)
  )
  (ln_1): LayerNorm((512,), eps=1e-05, elementwise_affine=True)
  (mlp): Sequential(
    (c_fc): Linear(in_features=512, out_features=2048, bias=True)
    (gelu): QuickGELU()
    (c_proj): Linear(in_features=2048, out_features=512, bias=True)
  )
  (ln_2): LayerNorm((512,), eps=1e-05, elementwise_affine=True)
)
Residual Attention Block 9: ResidualAttentionBlock(
  (attn): MultiheadAttention(
    (out_proj): NonDynamicallyQuantizableLinear(in_features=512, out_features=512, bias=True)
  )
  (ln_1): LayerNorm((512,), eps=1e-05, elementwise_affine=True)
  (mlp): Sequential(
    (c_fc): Linear(in_features=512, out_features=2048, bias=True)
    (gelu): QuickGELU()
    (c_proj): Linear(in_features=2048, out_features=512, bias=True)
  )
  (ln_2): LayerNorm((512,), eps=1e-05, elementwise_affine=True)
)
Residual Attention Block 10: ResidualAttentionBlock(
  (attn): MultiheadAttention(
    (out_proj): NonDynamicallyQuantizableLinear(in_features=512, out_features=512, bias=True)
  )
  (ln_1): LayerNorm((512,), eps=1e-05, elementwise_affine=True)
  (mlp): Sequential(
    (c_fc): Linear(in_features=512, out_features=2048, bias=True)
    (gelu): QuickGELU()
    (c_proj): Linear(in_features=2048, out_features=512, bias=True)
  )
  (ln_2): LayerNorm((512,), eps=1e-05, elementwise_affine=True)
)
Residual Attention Block 11: ResidualAttentionBlock(
  (attn): MultiheadAttention(
    (out_proj): NonDynamicallyQuantizableLinear(in_features=512, out_features=512, bias=True)
  )
  (ln_1): LayerNorm((512,), eps=1e-05, elementwise_affine=True)
  (mlp): Sequential(
    (c_fc): Linear(in_features=512, out_features=2048, bias=True)
    (gelu): QuickGELU()
    (c_proj): Linear(in_features=2048, out_features=512, bias=True)
  )
  (ln_2): LayerNorm((512,), eps=1e-05, elementwise_affine=True)
)
Residual Attention Block 0: ResidualAttentionBlock(
  (attn): MultiheadAttention(
    (out_proj): NonDynamicallyQuantizableLinear(in_features=768, out_features=768, bias=True)
  )
  (ln_1): LayerNorm((768,), eps=1e-05, elementwise_affine=True)
  (mlp): Sequential(
    (c_fc): Linear(in_features=768, out_features=3072, bias=True)
    (gelu): QuickGELU()
    (c_proj): Linear(in_features=3072, out_features=768, bias=True)
  )
  (ln_2): LayerNorm((768,), eps=1e-05, elementwise_affine=True)
)
Residual Attention Block 1: ResidualAttentionBlock(
  (attn): MultiheadAttention(
    (out_proj): NonDynamicallyQuantizableLinear(in_features=768, out_features=768, bias=True)
  )
  (ln_1): LayerNorm((768,), eps=1e-05, elementwise_affine=True)
  (mlp): Sequential(
    (c_fc): Linear(in_features=768, out_features=3072, bias=True)
    (gelu): QuickGELU()
    (c_proj): Linear(in_features=3072, out_features=768, bias=True)
  )
  (ln_2): LayerNorm((768,), eps=1e-05, elementwise_affine=True)
)
Residual Attention Block 2: ResidualAttentionBlock(
  (attn): MultiheadAttention(
    (out_proj): NonDynamicallyQuantizableLinear(in_features=768, out_features=768, bias=True)
  )
  (ln_1): LayerNorm((768,), eps=1e-05, elementwise_affine=True)
  (mlp): Sequential(
    (c_fc): Linear(in_features=768, out_features=3072, bias=True)
    (gelu): QuickGELU()
    (c_proj): Linear(in_features=3072, out_features=768, bias=True)
  )
  (ln_2): LayerNorm((768,), eps=1e-05, elementwise_affine=True)
)
Residual Attention Block 3: ResidualAttentionBlock(
  (attn): MultiheadAttention(
    (out_proj): NonDynamicallyQuantizableLinear(in_features=768, out_features=768, bias=True)
  )
  (ln_1): LayerNorm((768,), eps=1e-05, elementwise_affine=True)
  (mlp): Sequential(
    (c_fc): Linear(in_features=768, out_features=3072, bias=True)
    (gelu): QuickGELU()
    (c_proj): Linear(in_features=3072, out_features=768, bias=True)
  )
  (ln_2): LayerNorm((768,), eps=1e-05, elementwise_affine=True)
)
Residual Attention Block 4: ResidualAttentionBlock(
  (attn): MultiheadAttention(
    (out_proj): NonDynamicallyQuantizableLinear(in_features=768, out_features=768, bias=True)
  )
  (ln_1): LayerNorm((768,), eps=1e-05, elementwise_affine=True)
  (mlp): Sequential(
    (c_fc): Linear(in_features=768, out_features=3072, bias=True)
    (gelu): QuickGELU()
    (c_proj): Linear(in_features=3072, out_features=768, bias=True)
  )
  (ln_2): LayerNorm((768,), eps=1e-05, elementwise_affine=True)
)
Residual Attention Block 5: ResidualAttentionBlock(
  (attn): MultiheadAttention(
    (out_proj): NonDynamicallyQuantizableLinear(in_features=768, out_features=768, bias=True)
  )
  (ln_1): LayerNorm((768,), eps=1e-05, elementwise_affine=True)
  (mlp): Sequential(
    (c_fc): Linear(in_features=768, out_features=3072, bias=True)
    (gelu): QuickGELU()
    (c_proj): Linear(in_features=3072, out_features=768, bias=True)
  )
  (ln_2): LayerNorm((768,), eps=1e-05, elementwise_affine=True)
)
Residual Attention Block 6: ResidualAttentionBlock(
  (attn): MultiheadAttention(
    (out_proj): NonDynamicallyQuantizableLinear(in_features=768, out_features=768, bias=True)
  )
  (ln_1): LayerNorm((768,), eps=1e-05, elementwise_affine=True)
  (mlp): Sequential(
    (c_fc): Linear(in_features=768, out_features=3072, bias=True)
    (gelu): QuickGELU()
    (c_proj): Linear(in_features=3072, out_features=768, bias=True)
  )
  (ln_2): LayerNorm((768,), eps=1e-05, elementwise_affine=True)
)
Residual Attention Block 7: ResidualAttentionBlock(
  (attn): MultiheadAttention(
    (out_proj): NonDynamicallyQuantizableLinear(in_features=768, out_features=768, bias=True)
  )
  (ln_1): LayerNorm((768,), eps=1e-05, elementwise_affine=True)
  (mlp): Sequential(
    (c_fc): Linear(in_features=768, out_features=3072, bias=True)
    (gelu): QuickGELU()
    (c_proj): Linear(in_features=3072, out_features=768, bias=True)
  )
  (ln_2): LayerNorm((768,), eps=1e-05, elementwise_affine=True)
)
Residual Attention Block 8: ResidualAttentionBlock(
  (attn): MultiheadAttention(
    (out_proj): NonDynamicallyQuantizableLinear(in_features=768, out_features=768, bias=True)
  )
  (ln_1): LayerNorm((768,), eps=1e-05, elementwise_affine=True)
  (mlp): Sequential(
    (c_fc): Linear(in_features=768, out_features=3072, bias=True)
    (gelu): QuickGELU()
    (c_proj): Linear(in_features=3072, out_features=768, bias=True)
  )
  (ln_2): LayerNorm((768,), eps=1e-05, elementwise_affine=True)
)
Residual Attention Block 9: ResidualAttentionBlock(
  (attn): MultiheadAttention(
    (out_proj): NonDynamicallyQuantizableLinear(in_features=768, out_features=768, bias=True)
  )
  (ln_1): LayerNorm((768,), eps=1e-05, elementwise_affine=True)
  (mlp): Sequential(
    (c_fc): Linear(in_features=768, out_features=3072, bias=True)
    (gelu): QuickGELU()
    (c_proj): Linear(in_features=3072, out_features=768, bias=True)
  )
  (ln_2): LayerNorm((768,), eps=1e-05, elementwise_affine=True)
)
Residual Attention Block 10: ResidualAttentionBlock(
  (attn): MultiheadAttention(
    (out_proj): NonDynamicallyQuantizableLinear(in_features=768, out_features=768, bias=True)
  )
  (ln_1): LayerNorm((768,), eps=1e-05, elementwise_affine=True)
  (mlp): Sequential(
    (c_fc): Linear(in_features=768, out_features=3072, bias=True)
    (gelu): QuickGELU()
    (c_proj): Linear(in_features=3072, out_features=768, bias=True)
  )
  (ln_2): LayerNorm((768,), eps=1e-05, elementwise_affine=True)
)
Residual Attention Block 11: ResidualAttentionBlock(
  (attn): MultiheadAttention(
    (out_proj): NonDynamicallyQuantizableLinear(in_features=768, out_features=768, bias=True)
  )
  (ln_1): LayerNorm((768,), eps=1e-05, elementwise_affine=True)
  (mlp): Sequential(
    (c_fc): Linear(in_features=768, out_features=3072, bias=True)
    (gelu): QuickGELU()
    (c_proj): Linear(in_features=3072, out_features=768, bias=True)
  )
  (ln_2): LayerNorm((768,), eps=1e-05, elementwise_affine=True)
)
Trainable parameters: ['visual.transformer.resblocks.0.attn.q_proj.router.gate.weight', 'visual.transformer.resblocks.0.attn.q_proj.experts.0.w_lora_A', 'visual.transformer.resblocks.0.attn.q_proj.experts.0.w_lora_B', 'visual.transformer.resblocks.0.attn.q_proj.experts.1.w_lora_A', 'visual.transformer.resblocks.0.attn.q_proj.experts.1.w_lora_B', 'visual.transformer.resblocks.0.attn.k_proj.router.gate.weight', 'visual.transformer.resblocks.0.attn.k_proj.experts.0.w_lora_A', 'visual.transformer.resblocks.0.attn.k_proj.experts.0.w_lora_B', 'visual.transformer.resblocks.0.attn.k_proj.experts.1.w_lora_A', 'visual.transformer.resblocks.0.attn.k_proj.experts.1.w_lora_B', 'visual.transformer.resblocks.0.attn.v_proj.router.gate.weight', 'visual.transformer.resblocks.0.attn.v_proj.experts.0.w_lora_A', 'visual.transformer.resblocks.0.attn.v_proj.experts.0.w_lora_B', 'visual.transformer.resblocks.0.attn.v_proj.experts.1.w_lora_A', 'visual.transformer.resblocks.0.attn.v_proj.experts.1.w_lora_B', 'visual.transformer.resblocks.1.attn.q_proj.router.gate.weight', 'visual.transformer.resblocks.1.attn.q_proj.experts.0.w_lora_A', 'visual.transformer.resblocks.1.attn.q_proj.experts.0.w_lora_B', 'visual.transformer.resblocks.1.attn.q_proj.experts.1.w_lora_A', 'visual.transformer.resblocks.1.attn.q_proj.experts.1.w_lora_B', 'visual.transformer.resblocks.1.attn.k_proj.router.gate.weight', 'visual.transformer.resblocks.1.attn.k_proj.experts.0.w_lora_A', 'visual.transformer.resblocks.1.attn.k_proj.experts.0.w_lora_B', 'visual.transformer.resblocks.1.attn.k_proj.experts.1.w_lora_A', 'visual.transformer.resblocks.1.attn.k_proj.experts.1.w_lora_B', 'visual.transformer.resblocks.1.attn.v_proj.router.gate.weight', 'visual.transformer.resblocks.1.attn.v_proj.experts.0.w_lora_A', 'visual.transformer.resblocks.1.attn.v_proj.experts.0.w_lora_B', 'visual.transformer.resblocks.1.attn.v_proj.experts.1.w_lora_A', 'visual.transformer.resblocks.1.attn.v_proj.experts.1.w_lora_B', 'visual.transformer.resblocks.2.attn.q_proj.router.gate.weight', 'visual.transformer.resblocks.2.attn.q_proj.experts.0.w_lora_A', 'visual.transformer.resblocks.2.attn.q_proj.experts.0.w_lora_B', 'visual.transformer.resblocks.2.attn.q_proj.experts.1.w_lora_A', 'visual.transformer.resblocks.2.attn.q_proj.experts.1.w_lora_B', 'visual.transformer.resblocks.2.attn.k_proj.router.gate.weight', 'visual.transformer.resblocks.2.attn.k_proj.experts.0.w_lora_A', 'visual.transformer.resblocks.2.attn.k_proj.experts.0.w_lora_B', 'visual.transformer.resblocks.2.attn.k_proj.experts.1.w_lora_A', 'visual.transformer.resblocks.2.attn.k_proj.experts.1.w_lora_B', 'visual.transformer.resblocks.2.attn.v_proj.router.gate.weight', 'visual.transformer.resblocks.2.attn.v_proj.experts.0.w_lora_A', 'visual.transformer.resblocks.2.attn.v_proj.experts.0.w_lora_B', 'visual.transformer.resblocks.2.attn.v_proj.experts.1.w_lora_A', 'visual.transformer.resblocks.2.attn.v_proj.experts.1.w_lora_B', 'visual.transformer.resblocks.3.attn.q_proj.router.gate.weight', 'visual.transformer.resblocks.3.attn.q_proj.experts.0.w_lora_A', 'visual.transformer.resblocks.3.attn.q_proj.experts.0.w_lora_B', 'visual.transformer.resblocks.3.attn.q_proj.experts.1.w_lora_A', 'visual.transformer.resblocks.3.attn.q_proj.experts.1.w_lora_B', 'visual.transformer.resblocks.3.attn.k_proj.router.gate.weight', 'visual.transformer.resblocks.3.attn.k_proj.experts.0.w_lora_A', 'visual.transformer.resblocks.3.attn.k_proj.experts.0.w_lora_B', 'visual.transformer.resblocks.3.attn.k_proj.experts.1.w_lora_A', 'visual.transformer.resblocks.3.attn.k_proj.experts.1.w_lora_B', 'visual.transformer.resblocks.3.attn.v_proj.router.gate.weight', 'visual.transformer.resblocks.3.attn.v_proj.experts.0.w_lora_A', 'visual.transformer.resblocks.3.attn.v_proj.experts.0.w_lora_B', 'visual.transformer.resblocks.3.attn.v_proj.experts.1.w_lora_A', 'visual.transformer.resblocks.3.attn.v_proj.experts.1.w_lora_B', 'visual.transformer.resblocks.4.attn.q_proj.router.gate.weight', 'visual.transformer.resblocks.4.attn.q_proj.experts.0.w_lora_A', 'visual.transformer.resblocks.4.attn.q_proj.experts.0.w_lora_B', 'visual.transformer.resblocks.4.attn.q_proj.experts.1.w_lora_A', 'visual.transformer.resblocks.4.attn.q_proj.experts.1.w_lora_B', 'visual.transformer.resblocks.4.attn.k_proj.router.gate.weight', 'visual.transformer.resblocks.4.attn.k_proj.experts.0.w_lora_A', 'visual.transformer.resblocks.4.attn.k_proj.experts.0.w_lora_B', 'visual.transformer.resblocks.4.attn.k_proj.experts.1.w_lora_A', 'visual.transformer.resblocks.4.attn.k_proj.experts.1.w_lora_B', 'visual.transformer.resblocks.4.attn.v_proj.router.gate.weight', 'visual.transformer.resblocks.4.attn.v_proj.experts.0.w_lora_A', 'visual.transformer.resblocks.4.attn.v_proj.experts.0.w_lora_B', 'visual.transformer.resblocks.4.attn.v_proj.experts.1.w_lora_A', 'visual.transformer.resblocks.4.attn.v_proj.experts.1.w_lora_B', 'visual.transformer.resblocks.5.attn.q_proj.router.gate.weight', 'visual.transformer.resblocks.5.attn.q_proj.experts.0.w_lora_A', 'visual.transformer.resblocks.5.attn.q_proj.experts.0.w_lora_B', 'visual.transformer.resblocks.5.attn.q_proj.experts.1.w_lora_A', 'visual.transformer.resblocks.5.attn.q_proj.experts.1.w_lora_B', 'visual.transformer.resblocks.5.attn.k_proj.router.gate.weight', 'visual.transformer.resblocks.5.attn.k_proj.experts.0.w_lora_A', 'visual.transformer.resblocks.5.attn.k_proj.experts.0.w_lora_B', 'visual.transformer.resblocks.5.attn.k_proj.experts.1.w_lora_A', 'visual.transformer.resblocks.5.attn.k_proj.experts.1.w_lora_B', 'visual.transformer.resblocks.5.attn.v_proj.router.gate.weight', 'visual.transformer.resblocks.5.attn.v_proj.experts.0.w_lora_A', 'visual.transformer.resblocks.5.attn.v_proj.experts.0.w_lora_B', 'visual.transformer.resblocks.5.attn.v_proj.experts.1.w_lora_A', 'visual.transformer.resblocks.5.attn.v_proj.experts.1.w_lora_B', 'visual.transformer.resblocks.6.attn.q_proj.router.gate.weight', 'visual.transformer.resblocks.6.attn.q_proj.experts.0.w_lora_A', 'visual.transformer.resblocks.6.attn.q_proj.experts.0.w_lora_B', 'visual.transformer.resblocks.6.attn.q_proj.experts.1.w_lora_A', 'visual.transformer.resblocks.6.attn.q_proj.experts.1.w_lora_B', 'visual.transformer.resblocks.6.attn.k_proj.router.gate.weight', 'visual.transformer.resblocks.6.attn.k_proj.experts.0.w_lora_A', 'visual.transformer.resblocks.6.attn.k_proj.experts.0.w_lora_B', 'visual.transformer.resblocks.6.attn.k_proj.experts.1.w_lora_A', 'visual.transformer.resblocks.6.attn.k_proj.experts.1.w_lora_B', 'visual.transformer.resblocks.6.attn.v_proj.router.gate.weight', 'visual.transformer.resblocks.6.attn.v_proj.experts.0.w_lora_A', 'visual.transformer.resblocks.6.attn.v_proj.experts.0.w_lora_B', 'visual.transformer.resblocks.6.attn.v_proj.experts.1.w_lora_A', 'visual.transformer.resblocks.6.attn.v_proj.experts.1.w_lora_B', 'visual.transformer.resblocks.7.attn.q_proj.router.gate.weight', 'visual.transformer.resblocks.7.attn.q_proj.experts.0.w_lora_A', 'visual.transformer.resblocks.7.attn.q_proj.experts.0.w_lora_B', 'visual.transformer.resblocks.7.attn.q_proj.experts.1.w_lora_A', 'visual.transformer.resblocks.7.attn.q_proj.experts.1.w_lora_B', 'visual.transformer.resblocks.7.attn.k_proj.router.gate.weight', 'visual.transformer.resblocks.7.attn.k_proj.experts.0.w_lora_A', 'visual.transformer.resblocks.7.attn.k_proj.experts.0.w_lora_B', 'visual.transformer.resblocks.7.attn.k_proj.experts.1.w_lora_A', 'visual.transformer.resblocks.7.attn.k_proj.experts.1.w_lora_B', 'visual.transformer.resblocks.7.attn.v_proj.router.gate.weight', 'visual.transformer.resblocks.7.attn.v_proj.experts.0.w_lora_A', 'visual.transformer.resblocks.7.attn.v_proj.experts.0.w_lora_B', 'visual.transformer.resblocks.7.attn.v_proj.experts.1.w_lora_A', 'visual.transformer.resblocks.7.attn.v_proj.experts.1.w_lora_B', 'visual.transformer.resblocks.8.attn.q_proj.router.gate.weight', 'visual.transformer.resblocks.8.attn.q_proj.experts.0.w_lora_A', 'visual.transformer.resblocks.8.attn.q_proj.experts.0.w_lora_B', 'visual.transformer.resblocks.8.attn.q_proj.experts.1.w_lora_A', 'visual.transformer.resblocks.8.attn.q_proj.experts.1.w_lora_B', 'visual.transformer.resblocks.8.attn.k_proj.router.gate.weight', 'visual.transformer.resblocks.8.attn.k_proj.experts.0.w_lora_A', 'visual.transformer.resblocks.8.attn.k_proj.experts.0.w_lora_B', 'visual.transformer.resblocks.8.attn.k_proj.experts.1.w_lora_A', 'visual.transformer.resblocks.8.attn.k_proj.experts.1.w_lora_B', 'visual.transformer.resblocks.8.attn.v_proj.router.gate.weight', 'visual.transformer.resblocks.8.attn.v_proj.experts.0.w_lora_A', 'visual.transformer.resblocks.8.attn.v_proj.experts.0.w_lora_B', 'visual.transformer.resblocks.8.attn.v_proj.experts.1.w_lora_A', 'visual.transformer.resblocks.8.attn.v_proj.experts.1.w_lora_B', 'visual.transformer.resblocks.9.attn.q_proj.router.gate.weight', 'visual.transformer.resblocks.9.attn.q_proj.experts.0.w_lora_A', 'visual.transformer.resblocks.9.attn.q_proj.experts.0.w_lora_B', 'visual.transformer.resblocks.9.attn.q_proj.experts.1.w_lora_A', 'visual.transformer.resblocks.9.attn.q_proj.experts.1.w_lora_B', 'visual.transformer.resblocks.9.attn.k_proj.router.gate.weight', 'visual.transformer.resblocks.9.attn.k_proj.experts.0.w_lora_A', 'visual.transformer.resblocks.9.attn.k_proj.experts.0.w_lora_B', 'visual.transformer.resblocks.9.attn.k_proj.experts.1.w_lora_A', 'visual.transformer.resblocks.9.attn.k_proj.experts.1.w_lora_B', 'visual.transformer.resblocks.9.attn.v_proj.router.gate.weight', 'visual.transformer.resblocks.9.attn.v_proj.experts.0.w_lora_A', 'visual.transformer.resblocks.9.attn.v_proj.experts.0.w_lora_B', 'visual.transformer.resblocks.9.attn.v_proj.experts.1.w_lora_A', 'visual.transformer.resblocks.9.attn.v_proj.experts.1.w_lora_B', 'visual.transformer.resblocks.10.attn.q_proj.router.gate.weight', 'visual.transformer.resblocks.10.attn.q_proj.experts.0.w_lora_A', 'visual.transformer.resblocks.10.attn.q_proj.experts.0.w_lora_B', 'visual.transformer.resblocks.10.attn.q_proj.experts.1.w_lora_A', 'visual.transformer.resblocks.10.attn.q_proj.experts.1.w_lora_B', 'visual.transformer.resblocks.10.attn.k_proj.router.gate.weight', 'visual.transformer.resblocks.10.attn.k_proj.experts.0.w_lora_A', 'visual.transformer.resblocks.10.attn.k_proj.experts.0.w_lora_B', 'visual.transformer.resblocks.10.attn.k_proj.experts.1.w_lora_A', 'visual.transformer.resblocks.10.attn.k_proj.experts.1.w_lora_B', 'visual.transformer.resblocks.10.attn.v_proj.router.gate.weight', 'visual.transformer.resblocks.10.attn.v_proj.experts.0.w_lora_A', 'visual.transformer.resblocks.10.attn.v_proj.experts.0.w_lora_B', 'visual.transformer.resblocks.10.attn.v_proj.experts.1.w_lora_A', 'visual.transformer.resblocks.10.attn.v_proj.experts.1.w_lora_B', 'visual.transformer.resblocks.11.attn.q_proj.router.gate.weight', 'visual.transformer.resblocks.11.attn.q_proj.experts.0.w_lora_A', 'visual.transformer.resblocks.11.attn.q_proj.experts.0.w_lora_B', 'visual.transformer.resblocks.11.attn.q_proj.experts.1.w_lora_A', 'visual.transformer.resblocks.11.attn.q_proj.experts.1.w_lora_B', 'visual.transformer.resblocks.11.attn.k_proj.router.gate.weight', 'visual.transformer.resblocks.11.attn.k_proj.experts.0.w_lora_A', 'visual.transformer.resblocks.11.attn.k_proj.experts.0.w_lora_B', 'visual.transformer.resblocks.11.attn.k_proj.experts.1.w_lora_A', 'visual.transformer.resblocks.11.attn.k_proj.experts.1.w_lora_B', 'visual.transformer.resblocks.11.attn.v_proj.router.gate.weight', 'visual.transformer.resblocks.11.attn.v_proj.experts.0.w_lora_A', 'visual.transformer.resblocks.11.attn.v_proj.experts.0.w_lora_B', 'visual.transformer.resblocks.11.attn.v_proj.experts.1.w_lora_A', 'visual.transformer.resblocks.11.attn.v_proj.experts.1.w_lora_B', 'transformer.resblocks.0.attn.q_proj.router.gate.weight', 'transformer.resblocks.0.attn.q_proj.experts.0.w_lora_A', 'transformer.resblocks.0.attn.q_proj.experts.0.w_lora_B', 'transformer.resblocks.0.attn.q_proj.experts.1.w_lora_A', 'transformer.resblocks.0.attn.q_proj.experts.1.w_lora_B', 'transformer.resblocks.0.attn.k_proj.router.gate.weight', 'transformer.resblocks.0.attn.k_proj.experts.0.w_lora_A', 'transformer.resblocks.0.attn.k_proj.experts.0.w_lora_B', 'transformer.resblocks.0.attn.k_proj.experts.1.w_lora_A', 'transformer.resblocks.0.attn.k_proj.experts.1.w_lora_B', 'transformer.resblocks.0.attn.v_proj.router.gate.weight', 'transformer.resblocks.0.attn.v_proj.experts.0.w_lora_A', 'transformer.resblocks.0.attn.v_proj.experts.0.w_lora_B', 'transformer.resblocks.0.attn.v_proj.experts.1.w_lora_A', 'transformer.resblocks.0.attn.v_proj.experts.1.w_lora_B', 'transformer.resblocks.1.attn.q_proj.router.gate.weight', 'transformer.resblocks.1.attn.q_proj.experts.0.w_lora_A', 'transformer.resblocks.1.attn.q_proj.experts.0.w_lora_B', 'transformer.resblocks.1.attn.q_proj.experts.1.w_lora_A', 'transformer.resblocks.1.attn.q_proj.experts.1.w_lora_B', 'transformer.resblocks.1.attn.k_proj.router.gate.weight', 'transformer.resblocks.1.attn.k_proj.experts.0.w_lora_A', 'transformer.resblocks.1.attn.k_proj.experts.0.w_lora_B', 'transformer.resblocks.1.attn.k_proj.experts.1.w_lora_A', 'transformer.resblocks.1.attn.k_proj.experts.1.w_lora_B', 'transformer.resblocks.1.attn.v_proj.router.gate.weight', 'transformer.resblocks.1.attn.v_proj.experts.0.w_lora_A', 'transformer.resblocks.1.attn.v_proj.experts.0.w_lora_B', 'transformer.resblocks.1.attn.v_proj.experts.1.w_lora_A', 'transformer.resblocks.1.attn.v_proj.experts.1.w_lora_B', 'transformer.resblocks.2.attn.q_proj.router.gate.weight', 'transformer.resblocks.2.attn.q_proj.experts.0.w_lora_A', 'transformer.resblocks.2.attn.q_proj.experts.0.w_lora_B', 'transformer.resblocks.2.attn.q_proj.experts.1.w_lora_A', 'transformer.resblocks.2.attn.q_proj.experts.1.w_lora_B', 'transformer.resblocks.2.attn.k_proj.router.gate.weight', 'transformer.resblocks.2.attn.k_proj.experts.0.w_lora_A', 'transformer.resblocks.2.attn.k_proj.experts.0.w_lora_B', 'transformer.resblocks.2.attn.k_proj.experts.1.w_lora_A', 'transformer.resblocks.2.attn.k_proj.experts.1.w_lora_B', 'transformer.resblocks.2.attn.v_proj.router.gate.weight', 'transformer.resblocks.2.attn.v_proj.experts.0.w_lora_A', 'transformer.resblocks.2.attn.v_proj.experts.0.w_lora_B', 'transformer.resblocks.2.attn.v_proj.experts.1.w_lora_A', 'transformer.resblocks.2.attn.v_proj.experts.1.w_lora_B', 'transformer.resblocks.3.attn.q_proj.router.gate.weight', 'transformer.resblocks.3.attn.q_proj.experts.0.w_lora_A', 'transformer.resblocks.3.attn.q_proj.experts.0.w_lora_B', 'transformer.resblocks.3.attn.q_proj.experts.1.w_lora_A', 'transformer.resblocks.3.attn.q_proj.experts.1.w_lora_B', 'transformer.resblocks.3.attn.k_proj.router.gate.weight', 'transformer.resblocks.3.attn.k_proj.experts.0.w_lora_A', 'transformer.resblocks.3.attn.k_proj.experts.0.w_lora_B', 'transformer.resblocks.3.attn.k_proj.experts.1.w_lora_A', 'transformer.resblocks.3.attn.k_proj.experts.1.w_lora_B', 'transformer.resblocks.3.attn.v_proj.router.gate.weight', 'transformer.resblocks.3.attn.v_proj.experts.0.w_lora_A', 'transformer.resblocks.3.attn.v_proj.experts.0.w_lora_B', 'transformer.resblocks.3.attn.v_proj.experts.1.w_lora_A', 'transformer.resblocks.3.attn.v_proj.experts.1.w_lora_B', 'transformer.resblocks.4.attn.q_proj.router.gate.weight', 'transformer.resblocks.4.attn.q_proj.experts.0.w_lora_A', 'transformer.resblocks.4.attn.q_proj.experts.0.w_lora_B', 'transformer.resblocks.4.attn.q_proj.experts.1.w_lora_A', 'transformer.resblocks.4.attn.q_proj.experts.1.w_lora_B', 'transformer.resblocks.4.attn.k_proj.router.gate.weight', 'transformer.resblocks.4.attn.k_proj.experts.0.w_lora_A', 'transformer.resblocks.4.attn.k_proj.experts.0.w_lora_B', 'transformer.resblocks.4.attn.k_proj.experts.1.w_lora_A', 'transformer.resblocks.4.attn.k_proj.experts.1.w_lora_B', 'transformer.resblocks.4.attn.v_proj.router.gate.weight', 'transformer.resblocks.4.attn.v_proj.experts.0.w_lora_A', 'transformer.resblocks.4.attn.v_proj.experts.0.w_lora_B', 'transformer.resblocks.4.attn.v_proj.experts.1.w_lora_A', 'transformer.resblocks.4.attn.v_proj.experts.1.w_lora_B', 'transformer.resblocks.5.attn.q_proj.router.gate.weight', 'transformer.resblocks.5.attn.q_proj.experts.0.w_lora_A', 'transformer.resblocks.5.attn.q_proj.experts.0.w_lora_B', 'transformer.resblocks.5.attn.q_proj.experts.1.w_lora_A', 'transformer.resblocks.5.attn.q_proj.experts.1.w_lora_B', 'transformer.resblocks.5.attn.k_proj.router.gate.weight', 'transformer.resblocks.5.attn.k_proj.experts.0.w_lora_A', 'transformer.resblocks.5.attn.k_proj.experts.0.w_lora_B', 'transformer.resblocks.5.attn.k_proj.experts.1.w_lora_A', 'transformer.resblocks.5.attn.k_proj.experts.1.w_lora_B', 'transformer.resblocks.5.attn.v_proj.router.gate.weight', 'transformer.resblocks.5.attn.v_proj.experts.0.w_lora_A', 'transformer.resblocks.5.attn.v_proj.experts.0.w_lora_B', 'transformer.resblocks.5.attn.v_proj.experts.1.w_lora_A', 'transformer.resblocks.5.attn.v_proj.experts.1.w_lora_B', 'transformer.resblocks.6.attn.q_proj.router.gate.weight', 'transformer.resblocks.6.attn.q_proj.experts.0.w_lora_A', 'transformer.resblocks.6.attn.q_proj.experts.0.w_lora_B', 'transformer.resblocks.6.attn.q_proj.experts.1.w_lora_A', 'transformer.resblocks.6.attn.q_proj.experts.1.w_lora_B', 'transformer.resblocks.6.attn.k_proj.router.gate.weight', 'transformer.resblocks.6.attn.k_proj.experts.0.w_lora_A', 'transformer.resblocks.6.attn.k_proj.experts.0.w_lora_B', 'transformer.resblocks.6.attn.k_proj.experts.1.w_lora_A', 'transformer.resblocks.6.attn.k_proj.experts.1.w_lora_B', 'transformer.resblocks.6.attn.v_proj.router.gate.weight', 'transformer.resblocks.6.attn.v_proj.experts.0.w_lora_A', 'transformer.resblocks.6.attn.v_proj.experts.0.w_lora_B', 'transformer.resblocks.6.attn.v_proj.experts.1.w_lora_A', 'transformer.resblocks.6.attn.v_proj.experts.1.w_lora_B', 'transformer.resblocks.7.attn.q_proj.router.gate.weight', 'transformer.resblocks.7.attn.q_proj.experts.0.w_lora_A', 'transformer.resblocks.7.attn.q_proj.experts.0.w_lora_B', 'transformer.resblocks.7.attn.q_proj.experts.1.w_lora_A', 'transformer.resblocks.7.attn.q_proj.experts.1.w_lora_B', 'transformer.resblocks.7.attn.k_proj.router.gate.weight', 'transformer.resblocks.7.attn.k_proj.experts.0.w_lora_A', 'transformer.resblocks.7.attn.k_proj.experts.0.w_lora_B', 'transformer.resblocks.7.attn.k_proj.experts.1.w_lora_A', 'transformer.resblocks.7.attn.k_proj.experts.1.w_lora_B', 'transformer.resblocks.7.attn.v_proj.router.gate.weight', 'transformer.resblocks.7.attn.v_proj.experts.0.w_lora_A', 'transformer.resblocks.7.attn.v_proj.experts.0.w_lora_B', 'transformer.resblocks.7.attn.v_proj.experts.1.w_lora_A', 'transformer.resblocks.7.attn.v_proj.experts.1.w_lora_B', 'transformer.resblocks.8.attn.q_proj.router.gate.weight', 'transformer.resblocks.8.attn.q_proj.experts.0.w_lora_A', 'transformer.resblocks.8.attn.q_proj.experts.0.w_lora_B', 'transformer.resblocks.8.attn.q_proj.experts.1.w_lora_A', 'transformer.resblocks.8.attn.q_proj.experts.1.w_lora_B', 'transformer.resblocks.8.attn.k_proj.router.gate.weight', 'transformer.resblocks.8.attn.k_proj.experts.0.w_lora_A', 'transformer.resblocks.8.attn.k_proj.experts.0.w_lora_B', 'transformer.resblocks.8.attn.k_proj.experts.1.w_lora_A', 'transformer.resblocks.8.attn.k_proj.experts.1.w_lora_B', 'transformer.resblocks.8.attn.v_proj.router.gate.weight', 'transformer.resblocks.8.attn.v_proj.experts.0.w_lora_A', 'transformer.resblocks.8.attn.v_proj.experts.0.w_lora_B', 'transformer.resblocks.8.attn.v_proj.experts.1.w_lora_A', 'transformer.resblocks.8.attn.v_proj.experts.1.w_lora_B', 'transformer.resblocks.9.attn.q_proj.router.gate.weight', 'transformer.resblocks.9.attn.q_proj.experts.0.w_lora_A', 'transformer.resblocks.9.attn.q_proj.experts.0.w_lora_B', 'transformer.resblocks.9.attn.q_proj.experts.1.w_lora_A', 'transformer.resblocks.9.attn.q_proj.experts.1.w_lora_B', 'transformer.resblocks.9.attn.k_proj.router.gate.weight', 'transformer.resblocks.9.attn.k_proj.experts.0.w_lora_A', 'transformer.resblocks.9.attn.k_proj.experts.0.w_lora_B', 'transformer.resblocks.9.attn.k_proj.experts.1.w_lora_A', 'transformer.resblocks.9.attn.k_proj.experts.1.w_lora_B', 'transformer.resblocks.9.attn.v_proj.router.gate.weight', 'transformer.resblocks.9.attn.v_proj.experts.0.w_lora_A', 'transformer.resblocks.9.attn.v_proj.experts.0.w_lora_B', 'transformer.resblocks.9.attn.v_proj.experts.1.w_lora_A', 'transformer.resblocks.9.attn.v_proj.experts.1.w_lora_B', 'transformer.resblocks.10.attn.q_proj.router.gate.weight', 'transformer.resblocks.10.attn.q_proj.experts.0.w_lora_A', 'transformer.resblocks.10.attn.q_proj.experts.0.w_lora_B', 'transformer.resblocks.10.attn.q_proj.experts.1.w_lora_A', 'transformer.resblocks.10.attn.q_proj.experts.1.w_lora_B', 'transformer.resblocks.10.attn.k_proj.router.gate.weight', 'transformer.resblocks.10.attn.k_proj.experts.0.w_lora_A', 'transformer.resblocks.10.attn.k_proj.experts.0.w_lora_B', 'transformer.resblocks.10.attn.k_proj.experts.1.w_lora_A', 'transformer.resblocks.10.attn.k_proj.experts.1.w_lora_B', 'transformer.resblocks.10.attn.v_proj.router.gate.weight', 'transformer.resblocks.10.attn.v_proj.experts.0.w_lora_A', 'transformer.resblocks.10.attn.v_proj.experts.0.w_lora_B', 'transformer.resblocks.10.attn.v_proj.experts.1.w_lora_A', 'transformer.resblocks.10.attn.v_proj.experts.1.w_lora_B', 'transformer.resblocks.11.attn.q_proj.router.gate.weight', 'transformer.resblocks.11.attn.q_proj.experts.0.w_lora_A', 'transformer.resblocks.11.attn.q_proj.experts.0.w_lora_B', 'transformer.resblocks.11.attn.q_proj.experts.1.w_lora_A', 'transformer.resblocks.11.attn.q_proj.experts.1.w_lora_B', 'transformer.resblocks.11.attn.k_proj.router.gate.weight', 'transformer.resblocks.11.attn.k_proj.experts.0.w_lora_A', 'transformer.resblocks.11.attn.k_proj.experts.0.w_lora_B', 'transformer.resblocks.11.attn.k_proj.experts.1.w_lora_A', 'transformer.resblocks.11.attn.k_proj.experts.1.w_lora_B', 'transformer.resblocks.11.attn.v_proj.router.gate.weight', 'transformer.resblocks.11.attn.v_proj.experts.0.w_lora_A', 'transformer.resblocks.11.attn.v_proj.experts.0.w_lora_B', 'transformer.resblocks.11.attn.v_proj.experts.1.w_lora_A', 'transformer.resblocks.11.attn.v_proj.experts.1.w_lora_B']
LR: 0.000200, Acc: 30.0000, Loss: 2.1973
LR: 0.000200, Acc: 20.0000, Loss: 2.3535
LR: 0.000200, Acc: 15.0000, Loss: 2.4961
LR: 0.000200, Acc: 30.0000, Loss: 1.9971
LR: 0.000200, Acc: 20.0000, Loss: 2.3477
LR: 0.000200, Acc: 25.0000, Loss: 2.2559
LR: 0.000200, Acc: 20.0000, Loss: 2.3047
LR: 0.000200, Acc: 10.0000, Loss: 2.6309
LR: 0.000200, Acc: 20.0000, Loss: 2.2129
LR: 0.000200, Acc: 25.0000, Loss: 2.2656
LR: 0.000200, Acc: 30.0000, Loss: 2.1562
LR: 0.000200, Acc: 25.0000, Loss: 1.9912
LR: 0.000200, Acc: 30.0000, Loss: 2.0977
LR: 0.000200, Acc: 20.0000, Loss: 2.1875
LR: 0.000200, Acc: 30.0000, Loss: 2.0098
LR: 0.000200, Acc: 20.0000, Loss: 2.3672
LR: 0.000200, Acc: 35.0000, Loss: 1.7373
LR: 0.000200, Acc: 15.0000, Loss: 2.1582
LR: 0.000200, Acc: 45.0000, Loss: 1.7490
LR: 0.000200, Acc: 30.0000, Loss: 1.8955
LR: 0.000200, Acc: 35.0000, Loss: 1.7197
LR: 0.000200, Acc: 55.0000, Loss: 1.5957
LR: 0.000200, Acc: 55.0000, Loss: 1.4473
LR: 0.000200, Acc: 50.0000, Loss: 1.5596
LR: 0.000200, Acc: 45.0000, Loss: 1.5645
LR: 0.000200, Acc: 50.0000, Loss: 1.5420
LR: 0.000200, Acc: 55.0000, Loss: 1.3555
LR: 0.000200, Acc: 45.0000, Loss: 1.3955
LR: 0.000200, Acc: 60.0000, Loss: 1.2656
LR: 0.000200, Acc: 55.0000, Loss: 1.2168
LR: 0.000200, Acc: 60.0000, Loss: 1.2500
LR: 0.000199, Acc: 60.0000, Loss: 1.3330
LR: 0.000199, Acc: 50.0000, Loss: 1.3887
LR: 0.000199, Acc: 70.0000, Loss: 1.0166
LR: 0.000199, Acc: 45.0000, Loss: 1.0732
LR: 0.000199, Acc: 75.0000, Loss: 1.0293
LR: 0.000199, Acc: 75.0000, Loss: 0.9609
LR: 0.000199, Acc: 75.0000, Loss: 0.9409
LR: 0.000199, Acc: 65.0000, Loss: 1.1240
LR: 0.000199, Acc: 65.0000, Loss: 0.9595
LR: 0.000199, Acc: 80.0000, Loss: 0.8413
LR: 0.000199, Acc: 65.0000, Loss: 1.0176
LR: 0.000199, Acc: 80.0000, Loss: 0.6699
LR: 0.000199, Acc: 80.0000, Loss: 0.8096
LR: 0.000199, Acc: 85.0000, Loss: 0.8311
LR: 0.000199, Acc: 75.0000, Loss: 0.7524
LR: 0.000199, Acc: 80.0000, Loss: 0.6992
LR: 0.000199, Acc: 65.0000, Loss: 0.7715
LR: 0.000199, Acc: 85.0000, Loss: 0.6221
LR: 0.000199, Acc: 80.0000, Loss: 0.6455
LR: 0.000199, Acc: 80.0000, Loss: 0.5234
LR: 0.000199, Acc: 80.0000, Loss: 0.8330
LR: 0.000199, Acc: 85.0000, Loss: 0.5381
LR: 0.000199, Acc: 95.0000, Loss: 0.4648
LR: 0.000199, Acc: 80.0000, Loss: 0.6426
LR: 0.000198, Acc: 85.0000, Loss: 0.5957
LR: 0.000198, Acc: 85.0000, Loss: 0.4636
LR: 0.000198, Acc: 85.0000, Loss: 0.5312
LR: 0.000198, Acc: 80.0000, Loss: 0.4851
LR: 0.000198, Acc: 90.0000, Loss: 0.4316
LR: 0.000198, Acc: 90.0000, Loss: 0.4397
LR: 0.000198, Acc: 90.0000, Loss: 0.4175
LR: 0.000198, Acc: 90.0000, Loss: 0.3254
LR: 0.000198, Acc: 85.0000, Loss: 0.3694
LR: 0.000198, Acc: 85.0000, Loss: 0.5684
LR: 0.000198, Acc: 95.0000, Loss: 0.3306
LR: 0.000198, Acc: 100.0000, Loss: 0.2457
LR: 0.000198, Acc: 85.0000, Loss: 0.6094
LR: 0.000198, Acc: 95.0000, Loss: 0.3452
LR: 0.000198, Acc: 85.0000, Loss: 0.4470
LR: 0.000198, Acc: 95.0000, Loss: 0.3184
LR: 0.000197, Acc: 75.0000, Loss: 0.9146
LR: 0.000197, Acc: 100.0000, Loss: 0.1785
LR: 0.000197, Acc: 90.0000, Loss: 0.2815
LR: 0.000197, Acc: 90.0000, Loss: 0.3396
LR: 0.000197, Acc: 100.0000, Loss: 0.1874
LR: 0.000197, Acc: 100.0000, Loss: 0.2123
LR: 0.000197, Acc: 90.0000, Loss: 0.3152
LR: 0.000197, Acc: 90.0000, Loss: 0.3738
LR: 0.000197, Acc: 100.0000, Loss: 0.1887
LR: 0.000197, Acc: 100.0000, Loss: 0.1625
LR: 0.000197, Acc: 100.0000, Loss: 0.1548
LR: 0.000197, Acc: 100.0000, Loss: 0.1489
LR: 0.000197, Acc: 90.0000, Loss: 0.2751
LR: 0.000196, Acc: 100.0000, Loss: 0.1606
LR: 0.000196, Acc: 100.0000, Loss: 0.1527
LR: 0.000196, Acc: 100.0000, Loss: 0.1475
LR: 0.000196, Acc: 100.0000, Loss: 0.1771
LR: 0.000196, Acc: 95.0000, Loss: 0.4766
LR: 0.000196, Acc: 100.0000, Loss: 0.1187
LR: 0.000196, Acc: 95.0000, Loss: 0.1833
LR: 0.000196, Acc: 95.0000, Loss: 0.2155
LR: 0.000196, Acc: 95.0000, Loss: 0.3542
LR: 0.000196, Acc: 100.0000, Loss: 0.1000
LR: 0.000196, Acc: 95.0000, Loss: 0.1427
LR: 0.000196, Acc: 95.0000, Loss: 0.2297
LR: 0.000195, Acc: 90.0000, Loss: 0.2856
LR: 0.000195, Acc: 100.0000, Loss: 0.1205
LR: 0.000195, Acc: 100.0000, Loss: 0.0709
LR: 0.000195, Acc: 100.0000, Loss: 0.1415
LR: 0.000195, Acc: 95.0000, Loss: 0.5869
LR: 0.000195, Acc: 100.0000, Loss: 0.1581
LR: 0.000195, Acc: 100.0000, Loss: 0.0900
LR: 0.000195, Acc: 100.0000, Loss: 0.1062
LR: 0.000195, Acc: 100.0000, Loss: 0.0947
LR: 0.000195, Acc: 100.0000, Loss: 0.0977
LR: 0.000194, Acc: 100.0000, Loss: 0.0895
LR: 0.000194, Acc: 100.0000, Loss: 0.0983
LR: 0.000194, Acc: 100.0000, Loss: 0.0737
LR: 0.000194, Acc: 100.0000, Loss: 0.0795
LR: 0.000194, Acc: 100.0000, Loss: 0.1042
LR: 0.000194, Acc: 95.0000, Loss: 0.2573
LR: 0.000194, Acc: 100.0000, Loss: 0.1321
LR: 0.000194, Acc: 100.0000, Loss: 0.1161
LR: 0.000194, Acc: 100.0000, Loss: 0.0731
LR: 0.000193, Acc: 100.0000, Loss: 0.0696
LR: 0.000193, Acc: 95.0000, Loss: 0.1246
LR: 0.000193, Acc: 100.0000, Loss: 0.0734
LR: 0.000193, Acc: 100.0000, Loss: 0.0562
LR: 0.000193, Acc: 95.0000, Loss: 0.2622
LR: 0.000193, Acc: 100.0000, Loss: 0.0482
LR: 0.000193, Acc: 100.0000, Loss: 0.0460
LR: 0.000193, Acc: 100.0000, Loss: 0.0547
LR: 0.000193, Acc: 100.0000, Loss: 0.0387
LR: 0.000192, Acc: 95.0000, Loss: 0.1332
LR: 0.000192, Acc: 95.0000, Loss: 0.0901
LR: 0.000192, Acc: 100.0000, Loss: 0.0431
LR: 0.000192, Acc: 95.0000, Loss: 0.1107
LR: 0.000192, Acc: 100.0000, Loss: 0.0437
LR: 0.000192, Acc: 100.0000, Loss: 0.0891
LR: 0.000192, Acc: 100.0000, Loss: 0.0280
LR: 0.000192, Acc: 95.0000, Loss: 0.0745
LR: 0.000191, Acc: 95.0000, Loss: 0.0840
LR: 0.000191, Acc: 90.0000, Loss: 0.4109
LR: 0.000191, Acc: 95.0000, Loss: 0.1835
LR: 0.000191, Acc: 95.0000, Loss: 0.1743
LR: 0.000191, Acc: 100.0000, Loss: 0.0323
LR: 0.000191, Acc: 90.0000, Loss: 0.1902
LR: 0.000191, Acc: 95.0000, Loss: 0.1664
LR: 0.000191, Acc: 100.0000, Loss: 0.1129
LR: 0.000190, Acc: 100.0000, Loss: 0.0246
LR: 0.000190, Acc: 95.0000, Loss: 0.2566
LR: 0.000190, Acc: 95.0000, Loss: 0.4836
LR: 0.000190, Acc: 100.0000, Loss: 0.0310
LR: 0.000190, Acc: 100.0000, Loss: 0.0915
LR: 0.000190, Acc: 100.0000, Loss: 0.0300
LR: 0.000190, Acc: 100.0000, Loss: 0.0146
LR: 0.000189, Acc: 95.0000, Loss: 0.0884
LR: 0.000189, Acc: 100.0000, Loss: 0.0626
LR: 0.000189, Acc: 100.0000, Loss: 0.0360
LR: 0.000189, Acc: 100.0000, Loss: 0.0235
LR: 0.000189, Acc: 95.0000, Loss: 0.1318
LR: 0.000189, Acc: 100.0000, Loss: 0.0173
LR: 0.000189, Acc: 85.0000, Loss: 0.3745
LR: 0.000188, Acc: 100.0000, Loss: 0.0213
LR: 0.000188, Acc: 100.0000, Loss: 0.0399
LR: 0.000188, Acc: 100.0000, Loss: 0.0149
LR: 0.000188, Acc: 95.0000, Loss: 0.1321
LR: 0.000188, Acc: 95.0000, Loss: 0.2373
LR: 0.000188, Acc: 100.0000, Loss: 0.0610
LR: 0.000188, Acc: 95.0000, Loss: 0.1165
LR: 0.000187, Acc: 95.0000, Loss: 0.0884
LR: 0.000187, Acc: 100.0000, Loss: 0.0397
LR: 0.000187, Acc: 95.0000, Loss: 0.1902
LR: 0.000187, Acc: 100.0000, Loss: 0.0362
LR: 0.000187, Acc: 100.0000, Loss: 0.0441
LR: 0.000187, Acc: 100.0000, Loss: 0.0169
LR: 0.000186, Acc: 95.0000, Loss: 0.0827
LR: 0.000186, Acc: 95.0000, Loss: 0.0742
LR: 0.000186, Acc: 95.0000, Loss: 0.0751
LR: 0.000186, Acc: 95.0000, Loss: 0.0662
LR: 0.000186, Acc: 95.0000, Loss: 0.2025
LR: 0.000186, Acc: 100.0000, Loss: 0.0487
LR: 0.000186, Acc: 100.0000, Loss: 0.0149
LR: 0.000185, Acc: 100.0000, Loss: 0.0321
LR: 0.000185, Acc: 95.0000, Loss: 0.0907
LR: 0.000185, Acc: 100.0000, Loss: 0.0240
LR: 0.000185, Acc: 100.0000, Loss: 0.0104
LR: 0.000185, Acc: 100.0000, Loss: 0.0123
LR: 0.000185, Acc: 100.0000, Loss: 0.0432
LR: 0.000184, Acc: 100.0000, Loss: 0.0108
LR: 0.000184, Acc: 100.0000, Loss: 0.0244
LR: 0.000184, Acc: 100.0000, Loss: 0.0162
LR: 0.000184, Acc: 100.0000, Loss: 0.0390
LR: 0.000184, Acc: 95.0000, Loss: 0.0984
LR: 0.000183, Acc: 100.0000, Loss: 0.0596
LR: 0.000183, Acc: 100.0000, Loss: 0.0119
LR: 0.000183, Acc: 100.0000, Loss: 0.0430
LR: 0.000183, Acc: 100.0000, Loss: 0.0386
LR: 0.000183, Acc: 100.0000, Loss: 0.0090
LR: 0.000183, Acc: 95.0000, Loss: 0.1914
LR: 0.000182, Acc: 100.0000, Loss: 0.0062
LR: 0.000182, Acc: 100.0000, Loss: 0.0137
LR: 0.000182, Acc: 100.0000, Loss: 0.0548
LR: 0.000182, Acc: 100.0000, Loss: 0.0149
LR: 0.000182, Acc: 100.0000, Loss: 0.0057
LR: 0.000182, Acc: 100.0000, Loss: 0.0242
LR: 0.000181, Acc: 100.0000, Loss: 0.0270
LR: 0.000181, Acc: 100.0000, Loss: 0.0062
LR: 0.000181, Acc: 100.0000, Loss: 0.0072
LR: 0.000181, Acc: 95.0000, Loss: 0.1644
LR: 0.000181, Acc: 100.0000, Loss: 0.0119
LR: 0.000180, Acc: 100.0000, Loss: 0.0402
LR: 0.000180, Acc: 100.0000, Loss: 0.0039
LR: 0.000180, Acc: 95.0000, Loss: 0.2159
LR: 0.000180, Acc: 100.0000, Loss: 0.0431
LR: 0.000180, Acc: 100.0000, Loss: 0.0144
LR: 0.000180, Acc: 95.0000, Loss: 0.0577
LR: 0.000179, Acc: 100.0000, Loss: 0.0213
LR: 0.000179, Acc: 90.0000, Loss: 0.4954
LR: 0.000179, Acc: 100.0000, Loss: 0.0310
LR: 0.000179, Acc: 100.0000, Loss: 0.0116
LR: 0.000179, Acc: 95.0000, Loss: 0.1965
LR: 0.000178, Acc: 100.0000, Loss: 0.0034
LR: 0.000178, Acc: 100.0000, Loss: 0.0373
LR: 0.000178, Acc: 95.0000, Loss: 0.2102
LR: 0.000178, Acc: 100.0000, Loss: 0.0062
LR: 0.000178, Acc: 100.0000, Loss: 0.0054
LR: 0.000177, Acc: 95.0000, Loss: 0.0916
LR: 0.000177, Acc: 95.0000, Loss: 0.2039
LR: 0.000177, Acc: 100.0000, Loss: 0.0312
LR: 0.000177, Acc: 100.0000, Loss: 0.0060
LR: 0.000177, Acc: 100.0000, Loss: 0.0170
LR: 0.000176, Acc: 100.0000, Loss: 0.0224
LR: 0.000176, Acc: 100.0000, Loss: 0.0128
LR: 0.000176, Acc: 100.0000, Loss: 0.0020
LR: 0.000176, Acc: 100.0000, Loss: 0.0044
LR: 0.000176, Acc: 100.0000, Loss: 0.0152
LR: 0.000175, Acc: 100.0000, Loss: 0.0157
LR: 0.000175, Acc: 100.0000, Loss: 0.0128
LR: 0.000175, Acc: 100.0000, Loss: 0.0051
LR: 0.000175, Acc: 100.0000, Loss: 0.0060
LR: 0.000175, Acc: 100.0000, Loss: 0.0070
LR: 0.000174, Acc: 100.0000, Loss: 0.0120
LR: 0.000174, Acc: 100.0000, Loss: 0.0045
LR: 0.000174, Acc: 100.0000, Loss: 0.0105
LR: 0.000174, Acc: 95.0000, Loss: 0.1165
LR: 0.000173, Acc: 100.0000, Loss: 0.0089
LR: 0.000173, Acc: 100.0000, Loss: 0.0098
LR: 0.000173, Acc: 100.0000, Loss: 0.0186
LR: 0.000173, Acc: 100.0000, Loss: 0.0072
LR: 0.000173, Acc: 100.0000, Loss: 0.0159
LR: 0.000172, Acc: 100.0000, Loss: 0.0052
LR: 0.000172, Acc: 95.0000, Loss: 0.1074
LR: 0.000172, Acc: 100.0000, Loss: 0.0060
LR: 0.000172, Acc: 100.0000, Loss: 0.0583
LR: 0.000172, Acc: 100.0000, Loss: 0.0040
LR: 0.000171, Acc: 100.0000, Loss: 0.0153
LR: 0.000171, Acc: 100.0000, Loss: 0.0028
LR: 0.000171, Acc: 100.0000, Loss: 0.0126
LR: 0.000171, Acc: 100.0000, Loss: 0.0049
LR: 0.000170, Acc: 100.0000, Loss: 0.0073
LR: 0.000170, Acc: 100.0000, Loss: 0.0381
LR: 0.000170, Acc: 100.0000, Loss: 0.0126
LR: 0.000170, Acc: 100.0000, Loss: 0.0060
LR: 0.000170, Acc: 100.0000, Loss: 0.0122
LR: 0.000169, Acc: 100.0000, Loss: 0.0063
LR: 0.000169, Acc: 100.0000, Loss: 0.0526
LR: 0.000169, Acc: 100.0000, Loss: 0.0144
LR: 0.000169, Acc: 100.0000, Loss: 0.0035
LR: 0.000168, Acc: 100.0000, Loss: 0.0037
LR: 0.000168, Acc: 100.0000, Loss: 0.0057
LR: 0.000168, Acc: 100.0000, Loss: 0.0034
LR: 0.000168, Acc: 100.0000, Loss: 0.0037
LR: 0.000167, Acc: 100.0000, Loss: 0.0061
LR: 0.000167, Acc: 100.0000, Loss: 0.0102
LR: 0.000167, Acc: 100.0000, Loss: 0.0095
LR: 0.000167, Acc: 95.0000, Loss: 0.0626
LR: 0.000167, Acc: 100.0000, Loss: 0.0027
LR: 0.000166, Acc: 95.0000, Loss: 0.1522
LR: 0.000166, Acc: 100.0000, Loss: 0.0327
LR: 0.000166, Acc: 100.0000, Loss: 0.0022
LR: 0.000166, Acc: 100.0000, Loss: 0.0040
LR: 0.000165, Acc: 100.0000, Loss: 0.0084
LR: 0.000165, Acc: 100.0000, Loss: 0.0450
LR: 0.000165, Acc: 100.0000, Loss: 0.0024
LR: 0.000165, Acc: 100.0000, Loss: 0.0035
LR: 0.000164, Acc: 100.0000, Loss: 0.0078
LR: 0.000164, Acc: 100.0000, Loss: 0.0237
LR: 0.000164, Acc: 100.0000, Loss: 0.0034
LR: 0.000164, Acc: 100.0000, Loss: 0.0141
LR: 0.000163, Acc: 95.0000, Loss: 0.1759
LR: 0.000163, Acc: 100.0000, Loss: 0.0134
LR: 0.000163, Acc: 100.0000, Loss: 0.0566
LR: 0.000163, Acc: 100.0000, Loss: 0.0139
LR: 0.000162, Acc: 100.0000, Loss: 0.0029
LR: 0.000162, Acc: 100.0000, Loss: 0.0090
LR: 0.000162, Acc: 95.0000, Loss: 0.1637
LR: 0.000162, Acc: 100.0000, Loss: 0.0144
LR: 0.000161, Acc: 100.0000, Loss: 0.0071
LR: 0.000161, Acc: 100.0000, Loss: 0.0062
LR: 0.000161, Acc: 100.0000, Loss: 0.0041
LR: 0.000161, Acc: 100.0000, Loss: 0.0024
LR: 0.000160, Acc: 100.0000, Loss: 0.0049
LR: 0.000160, Acc: 100.0000, Loss: 0.0071
LR: 0.000160, Acc: 100.0000, Loss: 0.0556
LR: 0.000160, Acc: 100.0000, Loss: 0.0153
LR: 0.000159, Acc: 100.0000, Loss: 0.0594
LR: 0.000159, Acc: 100.0000, Loss: 0.0066
LR: 0.000159, Acc: 95.0000, Loss: 0.0654
LR: 0.000159, Acc: 100.0000, Loss: 0.0068
LR: 0.000158, Acc: 100.0000, Loss: 0.0033
LR: 0.000158, Acc: 100.0000, Loss: 0.0114
LR: 0.000158, Acc: 100.0000, Loss: 0.0087
LR: 0.000158, Acc: 95.0000, Loss: 0.1011
LR: 0.000157, Acc: 100.0000, Loss: 0.0044
LR: 0.000157, Acc: 100.0000, Loss: 0.0245
LR: 0.000157, Acc: 95.0000, Loss: 0.1841
LR: 0.000157, Acc: 100.0000, Loss: 0.0028
LR: 0.000156, Acc: 100.0000, Loss: 0.0086
LR: 0.000156, Acc: 100.0000, Loss: 0.0419
LR: 0.000156, Acc: 90.0000, Loss: 0.2092
LR: 0.000156, Acc: 95.0000, Loss: 0.0832
LR: 0.000155, Acc: 100.0000, Loss: 0.0079
LR: 0.000155, Acc: 100.0000, Loss: 0.0039
LR: 0.000155, Acc: 100.0000, Loss: 0.0036
LR: 0.000155, Acc: 100.0000, Loss: 0.0201
LR: 0.000154, Acc: 100.0000, Loss: 0.0027
LR: 0.000154, Acc: 100.0000, Loss: 0.0250
LR: 0.000154, Acc: 100.0000, Loss: 0.0027
LR: 0.000154, Acc: 100.0000, Loss: 0.0033
LR: 0.000153, Acc: 100.0000, Loss: 0.0186
LR: 0.000153, Acc: 100.0000, Loss: 0.0021
LR: 0.000153, Acc: 100.0000, Loss: 0.0047
LR: 0.000152, Acc: 100.0000, Loss: 0.0021
LR: 0.000152, Acc: 100.0000, Loss: 0.0055
LR: 0.000152, Acc: 100.0000, Loss: 0.0057
LR: 0.000152, Acc: 100.0000, Loss: 0.0022
LR: 0.000151, Acc: 100.0000, Loss: 0.0058
LR: 0.000151, Acc: 100.0000, Loss: 0.0233
LR: 0.000151, Acc: 100.0000, Loss: 0.0089
LR: 0.000151, Acc: 100.0000, Loss: 0.0338
LR: 0.000150, Acc: 100.0000, Loss: 0.0073
LR: 0.000150, Acc: 100.0000, Loss: 0.0047
LR: 0.000150, Acc: 100.0000, Loss: 0.0029
LR: 0.000150, Acc: 100.0000, Loss: 0.0047
LR: 0.000149, Acc: 100.0000, Loss: 0.0053
LR: 0.000149, Acc: 100.0000, Loss: 0.0096
LR: 0.000149, Acc: 100.0000, Loss: 0.0083
LR: 0.000148, Acc: 100.0000, Loss: 0.0042
LR: 0.000148, Acc: 100.0000, Loss: 0.0029
LR: 0.000148, Acc: 100.0000, Loss: 0.0035
LR: 0.000148, Acc: 100.0000, Loss: 0.0047
LR: 0.000147, Acc: 100.0000, Loss: 0.0038
LR: 0.000147, Acc: 95.0000, Loss: 0.0573
LR: 0.000147, Acc: 100.0000, Loss: 0.0017
LR: 0.000147, Acc: 100.0000, Loss: 0.0060
LR: 0.000146, Acc: 100.0000, Loss: 0.0014
LR: 0.000146, Acc: 100.0000, Loss: 0.0272
LR: 0.000146, Acc: 100.0000, Loss: 0.0294
LR: 0.000145, Acc: 100.0000, Loss: 0.0076
LR: 0.000145, Acc: 100.0000, Loss: 0.0276
LR: 0.000145, Acc: 100.0000, Loss: 0.0199
LR: 0.000145, Acc: 100.0000, Loss: 0.0039
LR: 0.000144, Acc: 100.0000, Loss: 0.0013
LR: 0.000144, Acc: 100.0000, Loss: 0.0027
LR: 0.000144, Acc: 100.0000, Loss: 0.0008
LR: 0.000143, Acc: 100.0000, Loss: 0.0038
LR: 0.000143, Acc: 100.0000, Loss: 0.0206
LR: 0.000143, Acc: 100.0000, Loss: 0.0024
LR: 0.000143, Acc: 100.0000, Loss: 0.0406
LR: 0.000142, Acc: 100.0000, Loss: 0.0014
LR: 0.000142, Acc: 100.0000, Loss: 0.0132
LR: 0.000142, Acc: 95.0000, Loss: 0.0958
LR: 0.000141, Acc: 100.0000, Loss: 0.0045
LR: 0.000141, Acc: 100.0000, Loss: 0.0264
LR: 0.000141, Acc: 100.0000, Loss: 0.0294
LR: 0.000141, Acc: 100.0000, Loss: 0.0035
LR: 0.000140, Acc: 100.0000, Loss: 0.0012
LR: 0.000140, Acc: 100.0000, Loss: 0.0076
LR: 0.000140, Acc: 100.0000, Loss: 0.0037
LR: 0.000139, Acc: 100.0000, Loss: 0.0013
LR: 0.000139, Acc: 100.0000, Loss: 0.0052
LR: 0.000139, Acc: 95.0000, Loss: 0.0412
LR: 0.000139, Acc: 100.0000, Loss: 0.0034
LR: 0.000138, Acc: 100.0000, Loss: 0.0022
LR: 0.000138, Acc: 100.0000, Loss: 0.0044
LR: 0.000138, Acc: 95.0000, Loss: 0.1815
LR: 0.000137, Acc: 100.0000, Loss: 0.0021
LR: 0.000137, Acc: 100.0000, Loss: 0.0029
LR: 0.000137, Acc: 100.0000, Loss: 0.0030
LR: 0.000137, Acc: 100.0000, Loss: 0.0013
LR: 0.000136, Acc: 100.0000, Loss: 0.0026
LR: 0.000136, Acc: 100.0000, Loss: 0.0056
LR: 0.000136, Acc: 100.0000, Loss: 0.0008
LR: 0.000135, Acc: 100.0000, Loss: 0.0176
LR: 0.000135, Acc: 100.0000, Loss: 0.0019
LR: 0.000135, Acc: 100.0000, Loss: 0.0051
LR: 0.000134, Acc: 100.0000, Loss: 0.0056
LR: 0.000134, Acc: 95.0000, Loss: 0.1616
LR: 0.000134, Acc: 100.0000, Loss: 0.0276
LR: 0.000134, Acc: 100.0000, Loss: 0.0226
LR: 0.000133, Acc: 100.0000, Loss: 0.0057
LR: 0.000133, Acc: 100.0000, Loss: 0.0022
LR: 0.000133, Acc: 100.0000, Loss: 0.0048
LR: 0.000132, Acc: 100.0000, Loss: 0.0043
LR: 0.000132, Acc: 100.0000, Loss: 0.0049
LR: 0.000132, Acc: 100.0000, Loss: 0.0037
LR: 0.000132, Acc: 95.0000, Loss: 0.1232
LR: 0.000131, Acc: 100.0000, Loss: 0.0035
LR: 0.000131, Acc: 100.0000, Loss: 0.0330
LR: 0.000131, Acc: 100.0000, Loss: 0.0037
LR: 0.000130, Acc: 100.0000, Loss: 0.0030
LR: 0.000130, Acc: 100.0000, Loss: 0.0017
LR: 0.000130, Acc: 100.0000, Loss: 0.0428
LR: 0.000129, Acc: 100.0000, Loss: 0.0047
LR: 0.000129, Acc: 100.0000, Loss: 0.0033
LR: 0.000129, Acc: 95.0000, Loss: 0.0888
LR: 0.000129, Acc: 100.0000, Loss: 0.0078
LR: 0.000128, Acc: 100.0000, Loss: 0.0212
LR: 0.000128, Acc: 100.0000, Loss: 0.0403
LR: 0.000128, Acc: 100.0000, Loss: 0.0033
LR: 0.000127, Acc: 100.0000, Loss: 0.0117
LR: 0.000127, Acc: 100.0000, Loss: 0.0011
LR: 0.000127, Acc: 100.0000, Loss: 0.0067
LR: 0.000126, Acc: 100.0000, Loss: 0.0240
LR: 0.000126, Acc: 100.0000, Loss: 0.0018
LR: 0.000126, Acc: 100.0000, Loss: 0.0062
LR: 0.000126, Acc: 100.0000, Loss: 0.0032
LR: 0.000125, Acc: 100.0000, Loss: 0.0044
LR: 0.000125, Acc: 95.0000, Loss: 0.1045
LR: 0.000125, Acc: 100.0000, Loss: 0.0067
LR: 0.000124, Acc: 100.0000, Loss: 0.0035
LR: 0.000124, Acc: 100.0000, Loss: 0.0032
LR: 0.000124, Acc: 100.0000, Loss: 0.0064
LR: 0.000123, Acc: 95.0000, Loss: 0.0930
LR: 0.000123, Acc: 100.0000, Loss: 0.0020
LR: 0.000123, Acc: 100.0000, Loss: 0.0028
LR: 0.000123, Acc: 95.0000, Loss: 0.0632
LR: 0.000122, Acc: 100.0000, Loss: 0.0018
LR: 0.000122, Acc: 100.0000, Loss: 0.0120
LR: 0.000122, Acc: 100.0000, Loss: 0.0077
LR: 0.000121, Acc: 100.0000, Loss: 0.0019
LR: 0.000121, Acc: 100.0000, Loss: 0.0056
LR: 0.000121, Acc: 100.0000, Loss: 0.0054
LR: 0.000120, Acc: 100.0000, Loss: 0.0016
LR: 0.000120, Acc: 100.0000, Loss: 0.0047
LR: 0.000120, Acc: 100.0000, Loss: 0.0088
LR: 0.000119, Acc: 100.0000, Loss: 0.0018
LR: 0.000119, Acc: 95.0000, Loss: 0.1713
LR: 0.000119, Acc: 100.0000, Loss: 0.0045
LR: 0.000119, Acc: 100.0000, Loss: 0.0147
LR: 0.000118, Acc: 100.0000, Loss: 0.0096
LR: 0.000118, Acc: 100.0000, Loss: 0.0018
LR: 0.000118, Acc: 100.0000, Loss: 0.0029
LR: 0.000117, Acc: 95.0000, Loss: 0.1030
LR: 0.000117, Acc: 100.0000, Loss: 0.0394
LR: 0.000117, Acc: 100.0000, Loss: 0.0013
LR: 0.000116, Acc: 100.0000, Loss: 0.0022
LR: 0.000116, Acc: 100.0000, Loss: 0.0053
LR: 0.000116, Acc: 100.0000, Loss: 0.0177
LR: 0.000115, Acc: 100.0000, Loss: 0.0135
LR: 0.000115, Acc: 100.0000, Loss: 0.0052
LR: 0.000115, Acc: 100.0000, Loss: 0.0133
LR: 0.000115, Acc: 90.0000, Loss: 0.1223
LR: 0.000114, Acc: 100.0000, Loss: 0.0017
LR: 0.000114, Acc: 100.0000, Loss: 0.0039
LR: 0.000114, Acc: 100.0000, Loss: 0.0031
LR: 0.000113, Acc: 100.0000, Loss: 0.0077
LR: 0.000113, Acc: 100.0000, Loss: 0.0216
LR: 0.000113, Acc: 100.0000, Loss: 0.0144
LR: 0.000112, Acc: 100.0000, Loss: 0.0076
LR: 0.000112, Acc: 100.0000, Loss: 0.0017
LR: 0.000112, Acc: 100.0000, Loss: 0.0104
LR: 0.000111, Acc: 100.0000, Loss: 0.0025
LR: 0.000111, Acc: 100.0000, Loss: 0.0015
LR: 0.000111, Acc: 95.0000, Loss: 0.0537
LR: 0.000110, Acc: 100.0000, Loss: 0.0045
LR: 0.000110, Acc: 100.0000, Loss: 0.0039
LR: 0.000110, Acc: 100.0000, Loss: 0.0063
LR: 0.000110, Acc: 100.0000, Loss: 0.0011
LR: 0.000109, Acc: 100.0000, Loss: 0.0196
LR: 0.000109, Acc: 100.0000, Loss: 0.0009
LR: 0.000109, Acc: 100.0000, Loss: 0.0019
LR: 0.000108, Acc: 100.0000, Loss: 0.0030
LR: 0.000108, Acc: 100.0000, Loss: 0.0022
LR: 0.000108, Acc: 100.0000, Loss: 0.0291
LR: 0.000107, Acc: 100.0000, Loss: 0.0045
LR: 0.000107, Acc: 100.0000, Loss: 0.0021
LR: 0.000107, Acc: 100.0000, Loss: 0.0218
LR: 0.000106, Acc: 100.0000, Loss: 0.0195
LR: 0.000106, Acc: 100.0000, Loss: 0.0015
LR: 0.000106, Acc: 100.0000, Loss: 0.0032
LR: 0.000105, Acc: 100.0000, Loss: 0.0025
LR: 0.000105, Acc: 100.0000, Loss: 0.0013
LR: 0.000105, Acc: 100.0000, Loss: 0.0087
LR: 0.000105, Acc: 95.0000, Loss: 0.0473
LR: 0.000104, Acc: 100.0000, Loss: 0.0220
LR: 0.000104, Acc: 100.0000, Loss: 0.0092
LR: 0.000104, Acc: 100.0000, Loss: 0.0008
LR: 0.000103, Acc: 100.0000, Loss: 0.0015
LR: 0.000103, Acc: 100.0000, Loss: 0.0269
LR: 0.000103, Acc: 100.0000, Loss: 0.0057
LR: 0.000102, Acc: 100.0000, Loss: 0.0023
LR: 0.000102, Acc: 100.0000, Loss: 0.0015
LR: 0.000102, Acc: 100.0000, Loss: 0.0008
LR: 0.000101, Acc: 100.0000, Loss: 0.0007
LR: 0.000101, Acc: 95.0000, Loss: 0.0406
LR: 0.000101, Acc: 100.0000, Loss: 0.0007
LR: 0.000100, Acc: 100.0000, Loss: 0.0267
LR: 0.000100, Acc: 100.0000, Loss: 0.0022
LR: 0.000100, Acc: 100.0000, Loss: 0.0065
LR: 0.000100, Acc: 100.0000, Loss: 0.0573
LR: 0.000099, Acc: 100.0000, Loss: 0.0020
LR: 0.000099, Acc: 100.0000, Loss: 0.0302
LR: 0.000099, Acc: 100.0000, Loss: 0.0007
LR: 0.000098, Acc: 95.0000, Loss: 0.0688
LR: 0.000098, Acc: 100.0000, Loss: 0.0032
LR: 0.000098, Acc: 100.0000, Loss: 0.0020
LR: 0.000097, Acc: 100.0000, Loss: 0.0075
LR: 0.000097, Acc: 100.0000, Loss: 0.0009
LR: 0.000097, Acc: 100.0000, Loss: 0.0005
LR: 0.000096, Acc: 100.0000, Loss: 0.0025
LR: 0.000096, Acc: 100.0000, Loss: 0.0041
LR: 0.000096, Acc: 100.0000, Loss: 0.0043
LR: 0.000096, Acc: 100.0000, Loss: 0.0219
LR: 0.000095, Acc: 100.0000, Loss: 0.0024
LR: 0.000095, Acc: 100.0000, Loss: 0.0170
LR: 0.000095, Acc: 100.0000, Loss: 0.0024
LR: 0.000094, Acc: 100.0000, Loss: 0.0015
LR: 0.000094, Acc: 95.0000, Loss: 0.0629
LR: 0.000094, Acc: 100.0000, Loss: 0.0028
LR: 0.000093, Acc: 100.0000, Loss: 0.0026
LR: 0.000093, Acc: 100.0000, Loss: 0.0023
LR: 0.000093, Acc: 100.0000, Loss: 0.0074
LR: 0.000092, Acc: 95.0000, Loss: 0.1857
LR: 0.000092, Acc: 100.0000, Loss: 0.0028
LR: 0.000092, Acc: 100.0000, Loss: 0.0020
LR: 0.000091, Acc: 100.0000, Loss: 0.0198
LR: 0.000091, Acc: 100.0000, Loss: 0.0095
LR: 0.000091, Acc: 100.0000, Loss: 0.0013
LR: 0.000091, Acc: 100.0000, Loss: 0.0031
LR: 0.000090, Acc: 100.0000, Loss: 0.0031
LR: 0.000090, Acc: 100.0000, Loss: 0.0018
LR: 0.000090, Acc: 100.0000, Loss: 0.0235
LR: 0.000089, Acc: 100.0000, Loss: 0.0025
LR: 0.000089, Acc: 100.0000, Loss: 0.0010
LR: 0.000089, Acc: 95.0000, Loss: 0.0637
LR: 0.000088, Acc: 100.0000, Loss: 0.0017
LR: 0.000088, Acc: 100.0000, Loss: 0.0021
LR: 0.000088, Acc: 100.0000, Loss: 0.0043
LR: 0.000087, Acc: 100.0000, Loss: 0.0005
LR: 0.000087, Acc: 100.0000, Loss: 0.0012
LR: 0.000087, Acc: 100.0000, Loss: 0.0058
LR: 0.000086, Acc: 100.0000, Loss: 0.0103
LR: 0.000086, Acc: 100.0000, Loss: 0.0012
LR: 0.000086, Acc: 100.0000, Loss: 0.0017
LR: 0.000086, Acc: 100.0000, Loss: 0.0007
LR: 0.000085, Acc: 100.0000, Loss: 0.0005
LR: 0.000085, Acc: 100.0000, Loss: 0.0009
LR: 0.000085, Acc: 100.0000, Loss: 0.0013
LR: 0.000084, Acc: 100.0000, Loss: 0.0103
LR: 0.000084, Acc: 100.0000, Loss: 0.0065
LR: 0.000084, Acc: 100.0000, Loss: 0.0021
LR: 0.000083, Acc: 100.0000, Loss: 0.0014
LR: 0.000083, Acc: 100.0000, Loss: 0.0006
LR: 0.000083, Acc: 100.0000, Loss: 0.0006
LR: 0.000082, Acc: 100.0000, Loss: 0.0014
LR: 0.000082, Acc: 100.0000, Loss: 0.0007
LR: 0.000082, Acc: 100.0000, Loss: 0.0010
LR: 0.000082, Acc: 100.0000, Loss: 0.0246
LR: 0.000081, Acc: 100.0000, Loss: 0.0014
LR: 0.000081, Acc: 100.0000, Loss: 0.0015
LR: 0.000081, Acc: 100.0000, Loss: 0.0029
LR: 0.000080, Acc: 100.0000, Loss: 0.0010
LR: 0.000080, Acc: 100.0000, Loss: 0.0006
LR: 0.000080, Acc: 100.0000, Loss: 0.0014
LR: 0.000079, Acc: 100.0000, Loss: 0.0013
LR: 0.000079, Acc: 100.0000, Loss: 0.0101
LR: 0.000079, Acc: 100.0000, Loss: 0.0019
LR: 0.000078, Acc: 100.0000, Loss: 0.0014
LR: 0.000078, Acc: 100.0000, Loss: 0.0013
LR: 0.000078, Acc: 100.0000, Loss: 0.0006
LR: 0.000078, Acc: 100.0000, Loss: 0.0030
LR: 0.000077, Acc: 100.0000, Loss: 0.0252
LR: 0.000077, Acc: 100.0000, Loss: 0.0025
LR: 0.000077, Acc: 100.0000, Loss: 0.0010
LR: 0.000076, Acc: 100.0000, Loss: 0.0648
LR: 0.000076, Acc: 100.0000, Loss: 0.0049
LR: 0.000076, Acc: 100.0000, Loss: 0.0005
LR: 0.000075, Acc: 100.0000, Loss: 0.0047
LR: 0.000075, Acc: 100.0000, Loss: 0.0104
LR: 0.000075, Acc: 100.0000, Loss: 0.0112
LR: 0.000075, Acc: 100.0000, Loss: 0.0005
LR: 0.000074, Acc: 100.0000, Loss: 0.0034
LR: 0.000074, Acc: 100.0000, Loss: 0.0015
LR: 0.000074, Acc: 100.0000, Loss: 0.0003
LR: 0.000073, Acc: 95.0000, Loss: 0.0797
LR: 0.000073, Acc: 100.0000, Loss: 0.0011
LR: 0.000073, Acc: 100.0000, Loss: 0.0005
LR: 0.000072, Acc: 100.0000, Loss: 0.0005
LR: 0.000072, Acc: 95.0000, Loss: 0.1667
LR: 0.000072, Acc: 100.0000, Loss: 0.0015
LR: 0.000072, Acc: 100.0000, Loss: 0.0006
LR: 0.000071, Acc: 100.0000, Loss: 0.0017
LR: 0.000071, Acc: 100.0000, Loss: 0.0003
LR: 0.000071, Acc: 100.0000, Loss: 0.0005
LR: 0.000070, Acc: 100.0000, Loss: 0.0008
LR: 0.000070, Acc: 100.0000, Loss: 0.0103
LR: 0.000070, Acc: 100.0000, Loss: 0.0022
LR: 0.000069, Acc: 100.0000, Loss: 0.0005
LR: 0.000069, Acc: 100.0000, Loss: 0.0021
LR: 0.000069, Acc: 100.0000, Loss: 0.0021
LR: 0.000069, Acc: 100.0000, Loss: 0.0009
LR: 0.000068, Acc: 100.0000, Loss: 0.0009
LR: 0.000068, Acc: 100.0000, Loss: 0.0005
LR: 0.000068, Acc: 100.0000, Loss: 0.0028
LR: 0.000067, Acc: 100.0000, Loss: 0.0005
LR: 0.000067, Acc: 100.0000, Loss: 0.0021
LR: 0.000067, Acc: 100.0000, Loss: 0.0017
LR: 0.000067, Acc: 100.0000, Loss: 0.0017
LR: 0.000066, Acc: 100.0000, Loss: 0.0007
LR: 0.000066, Acc: 100.0000, Loss: 0.0018
LR: 0.000066, Acc: 100.0000, Loss: 0.0015
LR: 0.000065, Acc: 100.0000, Loss: 0.0009
LR: 0.000065, Acc: 100.0000, Loss: 0.0035
LR: 0.000065, Acc: 100.0000, Loss: 0.0009
LR: 0.000064, Acc: 100.0000, Loss: 0.0015
LR: 0.000064, Acc: 100.0000, Loss: 0.0055
LR: 0.000064, Acc: 100.0000, Loss: 0.0007
LR: 0.000064, Acc: 100.0000, Loss: 0.0108
LR: 0.000063, Acc: 100.0000, Loss: 0.0010
LR: 0.000063, Acc: 100.0000, Loss: 0.0014
LR: 0.000063, Acc: 100.0000, Loss: 0.0100
LR: 0.000062, Acc: 100.0000, Loss: 0.0030
LR: 0.000062, Acc: 100.0000, Loss: 0.0299
LR: 0.000062, Acc: 100.0000, Loss: 0.0182
LR: 0.000062, Acc: 100.0000, Loss: 0.0011
LR: 0.000061, Acc: 100.0000, Loss: 0.0013
LR: 0.000061, Acc: 100.0000, Loss: 0.0024
LR: 0.000061, Acc: 100.0000, Loss: 0.0071
LR: 0.000060, Acc: 100.0000, Loss: 0.0012
LR: 0.000060, Acc: 100.0000, Loss: 0.0004
LR: 0.000060, Acc: 100.0000, Loss: 0.0008
LR: 0.000060, Acc: 100.0000, Loss: 0.0019
LR: 0.000059, Acc: 100.0000, Loss: 0.0012
LR: 0.000059, Acc: 100.0000, Loss: 0.0080
LR: 0.000059, Acc: 100.0000, Loss: 0.0005
LR: 0.000058, Acc: 100.0000, Loss: 0.0010
LR: 0.000058, Acc: 100.0000, Loss: 0.0020
LR: 0.000058, Acc: 100.0000, Loss: 0.0021
LR: 0.000058, Acc: 100.0000, Loss: 0.0037
LR: 0.000057, Acc: 100.0000, Loss: 0.0028
LR: 0.000057, Acc: 100.0000, Loss: 0.0008
LR: 0.000057, Acc: 100.0000, Loss: 0.0005
LR: 0.000056, Acc: 100.0000, Loss: 0.0041
LR: 0.000056, Acc: 100.0000, Loss: 0.0003
LR: 0.000056, Acc: 100.0000, Loss: 0.0010
LR: 0.000056, Acc: 100.0000, Loss: 0.0007
LR: 0.000055, Acc: 100.0000, Loss: 0.0031
LR: 0.000055, Acc: 100.0000, Loss: 0.0019
LR: 0.000055, Acc: 100.0000, Loss: 0.0004
LR: 0.000054, Acc: 100.0000, Loss: 0.0010
LR: 0.000054, Acc: 100.0000, Loss: 0.0006
LR: 0.000054, Acc: 100.0000, Loss: 0.0003
LR: 0.000054, Acc: 100.0000, Loss: 0.0008
LR: 0.000053, Acc: 100.0000, Loss: 0.0142
LR: 0.000053, Acc: 100.0000, Loss: 0.0005
LR: 0.000053, Acc: 100.0000, Loss: 0.0015
LR: 0.000053, Acc: 100.0000, Loss: 0.0003
LR: 0.000052, Acc: 100.0000, Loss: 0.0005
LR: 0.000052, Acc: 100.0000, Loss: 0.0002
LR: 0.000052, Acc: 100.0000, Loss: 0.0011
LR: 0.000051, Acc: 100.0000, Loss: 0.0005
LR: 0.000051, Acc: 100.0000, Loss: 0.0013
LR: 0.000051, Acc: 100.0000, Loss: 0.0021
LR: 0.000051, Acc: 100.0000, Loss: 0.0012
LR: 0.000050, Acc: 100.0000, Loss: 0.0057
LR: 0.000050, Acc: 100.0000, Loss: 0.0032
LR: 0.000050, Acc: 100.0000, Loss: 0.0202
LR: 0.000050, Acc: 100.0000, Loss: 0.0047
LR: 0.000049, Acc: 100.0000, Loss: 0.0032
LR: 0.000049, Acc: 100.0000, Loss: 0.0006
LR: 0.000049, Acc: 95.0000, Loss: 0.1956
LR: 0.000049, Acc: 100.0000, Loss: 0.0006
LR: 0.000048, Acc: 100.0000, Loss: 0.0006
LR: 0.000048, Acc: 100.0000, Loss: 0.0387
LR: 0.000048, Acc: 100.0000, Loss: 0.0005
LR: 0.000047, Acc: 100.0000, Loss: 0.0010
LR: 0.000047, Acc: 100.0000, Loss: 0.0083
LR: 0.000047, Acc: 100.0000, Loss: 0.0012
LR: 0.000047, Acc: 100.0000, Loss: 0.0014
LR: 0.000046, Acc: 100.0000, Loss: 0.0021
LR: 0.000046, Acc: 100.0000, Loss: 0.0014
LR: 0.000046, Acc: 100.0000, Loss: 0.0009
LR: 0.000046, Acc: 100.0000, Loss: 0.0008
LR: 0.000045, Acc: 100.0000, Loss: 0.0008
LR: 0.000045, Acc: 100.0000, Loss: 0.0005
LR: 0.000045, Acc: 100.0000, Loss: 0.0008
LR: 0.000045, Acc: 100.0000, Loss: 0.0005
LR: 0.000044, Acc: 100.0000, Loss: 0.0011
LR: 0.000044, Acc: 100.0000, Loss: 0.0051
LR: 0.000044, Acc: 100.0000, Loss: 0.0025
LR: 0.000044, Acc: 100.0000, Loss: 0.0054
LR: 0.000043, Acc: 100.0000, Loss: 0.0003
LR: 0.000043, Acc: 100.0000, Loss: 0.0027
LR: 0.000043, Acc: 100.0000, Loss: 0.0004
LR: 0.000043, Acc: 100.0000, Loss: 0.0103
LR: 0.000042, Acc: 100.0000, Loss: 0.0023
LR: 0.000042, Acc: 100.0000, Loss: 0.0006
LR: 0.000042, Acc: 100.0000, Loss: 0.0006
LR: 0.000042, Acc: 100.0000, Loss: 0.0009
LR: 0.000041, Acc: 100.0000, Loss: 0.0085
LR: 0.000041, Acc: 100.0000, Loss: 0.0051
LR: 0.000041, Acc: 100.0000, Loss: 0.0017
LR: 0.000041, Acc: 100.0000, Loss: 0.0068
LR: 0.000040, Acc: 100.0000, Loss: 0.0015
LR: 0.000040, Acc: 100.0000, Loss: 0.0022
LR: 0.000040, Acc: 100.0000, Loss: 0.0037
LR: 0.000040, Acc: 100.0000, Loss: 0.0063
LR: 0.000039, Acc: 100.0000, Loss: 0.0026
LR: 0.000039, Acc: 100.0000, Loss: 0.0034
LR: 0.000039, Acc: 100.0000, Loss: 0.0036
LR: 0.000039, Acc: 100.0000, Loss: 0.0030
LR: 0.000038, Acc: 100.0000, Loss: 0.0009
LR: 0.000038, Acc: 100.0000, Loss: 0.0022
LR: 0.000038, Acc: 100.0000, Loss: 0.0079
LR: 0.000038, Acc: 100.0000, Loss: 0.0007
LR: 0.000037, Acc: 100.0000, Loss: 0.0029
LR: 0.000037, Acc: 100.0000, Loss: 0.0004
LR: 0.000037, Acc: 100.0000, Loss: 0.0004
LR: 0.000037, Acc: 100.0000, Loss: 0.0004
LR: 0.000036, Acc: 100.0000, Loss: 0.0009
LR: 0.000036, Acc: 100.0000, Loss: 0.0003
LR: 0.000036, Acc: 100.0000, Loss: 0.0015
LR: 0.000036, Acc: 100.0000, Loss: 0.0061
LR: 0.000035, Acc: 100.0000, Loss: 0.0017
LR: 0.000035, Acc: 100.0000, Loss: 0.0034
LR: 0.000035, Acc: 100.0000, Loss: 0.0003
LR: 0.000035, Acc: 100.0000, Loss: 0.0019
LR: 0.000034, Acc: 100.0000, Loss: 0.0161
LR: 0.000034, Acc: 100.0000, Loss: 0.0003
LR: 0.000034, Acc: 100.0000, Loss: 0.0014
LR: 0.000034, Acc: 100.0000, Loss: 0.0006
LR: 0.000034, Acc: 100.0000, Loss: 0.0012
LR: 0.000033, Acc: 100.0000, Loss: 0.0028
LR: 0.000033, Acc: 100.0000, Loss: 0.0008
LR: 0.000033, Acc: 100.0000, Loss: 0.0007
LR: 0.000033, Acc: 100.0000, Loss: 0.0027
LR: 0.000032, Acc: 100.0000, Loss: 0.0019
LR: 0.000032, Acc: 100.0000, Loss: 0.0045
LR: 0.000032, Acc: 100.0000, Loss: 0.0012
LR: 0.000032, Acc: 100.0000, Loss: 0.0005
LR: 0.000031, Acc: 100.0000, Loss: 0.0005
LR: 0.000031, Acc: 100.0000, Loss: 0.0017
LR: 0.000031, Acc: 100.0000, Loss: 0.0002
LR: 0.000031, Acc: 100.0000, Loss: 0.0029
LR: 0.000031, Acc: 100.0000, Loss: 0.0015
LR: 0.000030, Acc: 100.0000, Loss: 0.0004
LR: 0.000030, Acc: 100.0000, Loss: 0.0013
LR: 0.000030, Acc: 100.0000, Loss: 0.0005
LR: 0.000030, Acc: 100.0000, Loss: 0.0004
LR: 0.000029, Acc: 100.0000, Loss: 0.0013
LR: 0.000029, Acc: 100.0000, Loss: 0.0005
LR: 0.000029, Acc: 100.0000, Loss: 0.0008
LR: 0.000029, Acc: 100.0000, Loss: 0.0027
LR: 0.000029, Acc: 95.0000, Loss: 0.0595
LR: 0.000028, Acc: 100.0000, Loss: 0.0005
LR: 0.000028, Acc: 100.0000, Loss: 0.0018
LR: 0.000028, Acc: 100.0000, Loss: 0.0004
LR: 0.000028, Acc: 100.0000, Loss: 0.0005
LR: 0.000028, Acc: 100.0000, Loss: 0.0006
LR: 0.000027, Acc: 100.0000, Loss: 0.0020
LR: 0.000027, Acc: 100.0000, Loss: 0.0028
LR: 0.000027, Acc: 100.0000, Loss: 0.0009
LR: 0.000027, Acc: 100.0000, Loss: 0.0034
LR: 0.000026, Acc: 100.0000, Loss: 0.0069
LR: 0.000026, Acc: 95.0000, Loss: 0.1139
LR: 0.000026, Acc: 100.0000, Loss: 0.0137
LR: 0.000026, Acc: 100.0000, Loss: 0.0007
LR: 0.000026, Acc: 100.0000, Loss: 0.0149
LR: 0.000025, Acc: 100.0000, Loss: 0.0007
LR: 0.000025, Acc: 100.0000, Loss: 0.0004
LR: 0.000025, Acc: 100.0000, Loss: 0.0010
LR: 0.000025, Acc: 100.0000, Loss: 0.0011
LR: 0.000025, Acc: 100.0000, Loss: 0.0011
LR: 0.000024, Acc: 100.0000, Loss: 0.0017
LR: 0.000024, Acc: 100.0000, Loss: 0.0003
LR: 0.000024, Acc: 100.0000, Loss: 0.0004
LR: 0.000024, Acc: 100.0000, Loss: 0.0113
LR: 0.000024, Acc: 100.0000, Loss: 0.0005
LR: 0.000023, Acc: 100.0000, Loss: 0.0015
LR: 0.000023, Acc: 100.0000, Loss: 0.0014
LR: 0.000023, Acc: 100.0000, Loss: 0.0019
LR: 0.000023, Acc: 100.0000, Loss: 0.0007
LR: 0.000023, Acc: 100.0000, Loss: 0.0006
LR: 0.000022, Acc: 100.0000, Loss: 0.0008
LR: 0.000022, Acc: 100.0000, Loss: 0.0011
LR: 0.000022, Acc: 100.0000, Loss: 0.0012
LR: 0.000022, Acc: 100.0000, Loss: 0.0027
LR: 0.000022, Acc: 100.0000, Loss: 0.0016
LR: 0.000021, Acc: 100.0000, Loss: 0.0007
LR: 0.000021, Acc: 100.0000, Loss: 0.0063
LR: 0.000021, Acc: 100.0000, Loss: 0.0161
LR: 0.000021, Acc: 100.0000, Loss: 0.0012
LR: 0.000021, Acc: 100.0000, Loss: 0.0007
LR: 0.000021, Acc: 100.0000, Loss: 0.0011
LR: 0.000020, Acc: 100.0000, Loss: 0.0004
LR: 0.000020, Acc: 100.0000, Loss: 0.0055
LR: 0.000020, Acc: 100.0000, Loss: 0.0011
LR: 0.000020, Acc: 95.0000, Loss: 0.0359
LR: 0.000020, Acc: 100.0000, Loss: 0.0085
LR: 0.000019, Acc: 100.0000, Loss: 0.0010
LR: 0.000019, Acc: 100.0000, Loss: 0.0014
LR: 0.000019, Acc: 100.0000, Loss: 0.0009
LR: 0.000019, Acc: 100.0000, Loss: 0.0008
LR: 0.000019, Acc: 100.0000, Loss: 0.0007
LR: 0.000019, Acc: 100.0000, Loss: 0.0007
LR: 0.000018, Acc: 100.0000, Loss: 0.0013
LR: 0.000018, Acc: 100.0000, Loss: 0.0076
LR: 0.000018, Acc: 100.0000, Loss: 0.0010
LR: 0.000018, Acc: 100.0000, Loss: 0.0002
LR: 0.000018, Acc: 100.0000, Loss: 0.0008
LR: 0.000018, Acc: 100.0000, Loss: 0.0100
LR: 0.000017, Acc: 100.0000, Loss: 0.0015
LR: 0.000017, Acc: 100.0000, Loss: 0.0005
LR: 0.000017, Acc: 100.0000, Loss: 0.0011
LR: 0.000017, Acc: 100.0000, Loss: 0.0033
LR: 0.000017, Acc: 100.0000, Loss: 0.0005
LR: 0.000016, Acc: 100.0000, Loss: 0.0351
LR: 0.000016, Acc: 100.0000, Loss: 0.0023
LR: 0.000016, Acc: 100.0000, Loss: 0.0009
LR: 0.000016, Acc: 95.0000, Loss: 0.1860
LR: 0.000016, Acc: 100.0000, Loss: 0.0007
LR: 0.000016, Acc: 100.0000, Loss: 0.0003
LR: 0.000015, Acc: 100.0000, Loss: 0.0007
LR: 0.000015, Acc: 100.0000, Loss: 0.0009
LR: 0.000015, Acc: 100.0000, Loss: 0.0005
LR: 0.000015, Acc: 100.0000, Loss: 0.0006
LR: 0.000015, Acc: 100.0000, Loss: 0.0170
LR: 0.000015, Acc: 100.0000, Loss: 0.0015
LR: 0.000015, Acc: 100.0000, Loss: 0.0008
LR: 0.000014, Acc: 100.0000, Loss: 0.0012
LR: 0.000014, Acc: 100.0000, Loss: 0.0011
LR: 0.000014, Acc: 100.0000, Loss: 0.0031
LR: 0.000014, Acc: 100.0000, Loss: 0.0002
LR: 0.000014, Acc: 100.0000, Loss: 0.0016
LR: 0.000014, Acc: 100.0000, Loss: 0.0003
LR: 0.000013, Acc: 100.0000, Loss: 0.0003
LR: 0.000013, Acc: 100.0000, Loss: 0.0005
LR: 0.000013, Acc: 100.0000, Loss: 0.0007
LR: 0.000013, Acc: 100.0000, Loss: 0.0006
LR: 0.000013, Acc: 100.0000, Loss: 0.0025
LR: 0.000013, Acc: 95.0000, Loss: 0.0405
LR: 0.000013, Acc: 100.0000, Loss: 0.0005
LR: 0.000012, Acc: 100.0000, Loss: 0.0006
LR: 0.000012, Acc: 100.0000, Loss: 0.0022
LR: 0.000012, Acc: 100.0000, Loss: 0.0169
LR: 0.000012, Acc: 100.0000, Loss: 0.0028
LR: 0.000012, Acc: 100.0000, Loss: 0.0008
LR: 0.000012, Acc: 100.0000, Loss: 0.0004
LR: 0.000012, Acc: 100.0000, Loss: 0.0026
LR: 0.000011, Acc: 100.0000, Loss: 0.0006
LR: 0.000011, Acc: 100.0000, Loss: 0.0014
LR: 0.000011, Acc: 100.0000, Loss: 0.0009
LR: 0.000011, Acc: 100.0000, Loss: 0.0005
LR: 0.000011, Acc: 100.0000, Loss: 0.0008
LR: 0.000011, Acc: 100.0000, Loss: 0.0003
LR: 0.000011, Acc: 100.0000, Loss: 0.0004
LR: 0.000010, Acc: 100.0000, Loss: 0.0061
LR: 0.000010, Acc: 100.0000, Loss: 0.0023
LR: 0.000010, Acc: 100.0000, Loss: 0.0028
LR: 0.000010, Acc: 100.0000, Loss: 0.0038
LR: 0.000010, Acc: 100.0000, Loss: 0.0098
LR: 0.000010, Acc: 100.0000, Loss: 0.0014
LR: 0.000010, Acc: 100.0000, Loss: 0.0031
LR: 0.000010, Acc: 100.0000, Loss: 0.0078
LR: 0.000009, Acc: 100.0000, Loss: 0.0014
LR: 0.000009, Acc: 100.0000, Loss: 0.0004
LR: 0.000009, Acc: 100.0000, Loss: 0.0009
LR: 0.000009, Acc: 100.0000, Loss: 0.0003
LR: 0.000009, Acc: 100.0000, Loss: 0.0003
LR: 0.000009, Acc: 100.0000, Loss: 0.0009
LR: 0.000009, Acc: 100.0000, Loss: 0.0006
LR: 0.000009, Acc: 100.0000, Loss: 0.0024
LR: 0.000008, Acc: 100.0000, Loss: 0.0012
LR: 0.000008, Acc: 100.0000, Loss: 0.0003
LR: 0.000008, Acc: 100.0000, Loss: 0.0003
LR: 0.000008, Acc: 100.0000, Loss: 0.0032
LR: 0.000008, Acc: 100.0000, Loss: 0.0009
LR: 0.000008, Acc: 100.0000, Loss: 0.0008
LR: 0.000008, Acc: 100.0000, Loss: 0.0003
LR: 0.000008, Acc: 100.0000, Loss: 0.0016
LR: 0.000008, Acc: 95.0000, Loss: 0.0532
LR: 0.000007, Acc: 100.0000, Loss: 0.0011
LR: 0.000007, Acc: 100.0000, Loss: 0.0022
LR: 0.000007, Acc: 100.0000, Loss: 0.0017
LR: 0.000007, Acc: 100.0000, Loss: 0.0007
LR: 0.000007, Acc: 100.0000, Loss: 0.0083
LR: 0.000007, Acc: 100.0000, Loss: 0.0013
LR: 0.000007, Acc: 100.0000, Loss: 0.0019
LR: 0.000007, Acc: 95.0000, Loss: 0.0561
LR: 0.000007, Acc: 100.0000, Loss: 0.0003
LR: 0.000006, Acc: 100.0000, Loss: 0.0006
LR: 0.000006, Acc: 100.0000, Loss: 0.0007
LR: 0.000006, Acc: 100.0000, Loss: 0.0022
LR: 0.000006, Acc: 100.0000, Loss: 0.0006
LR: 0.000006, Acc: 100.0000, Loss: 0.0006
LR: 0.000006, Acc: 100.0000, Loss: 0.0011
LR: 0.000006, Acc: 100.0000, Loss: 0.0222
>>> Switching to ROUTER-ONLY finetuning <<<
LR: 0.000200, Acc: 100.0000, Loss: 0.0003
LR: 0.000200, Acc: 100.0000, Loss: 0.0011
LR: 0.000200, Acc: 100.0000, Loss: 0.0156
LR: 0.000199, Acc: 100.0000, Loss: 0.0005
LR: 0.000199, Acc: 100.0000, Loss: 0.0009
LR: 0.000198, Acc: 100.0000, Loss: 0.0015
LR: 0.000198, Acc: 100.0000, Loss: 0.0006
LR: 0.000197, Acc: 100.0000, Loss: 0.0029
LR: 0.000196, Acc: 100.0000, Loss: 0.0016
LR: 0.000195, Acc: 100.0000, Loss: 0.0002
LR: 0.000194, Acc: 100.0000, Loss: 0.0014
LR: 0.000193, Acc: 100.0000, Loss: 0.0003
LR: 0.000192, Acc: 100.0000, Loss: 0.0013
LR: 0.000191, Acc: 100.0000, Loss: 0.0006
LR: 0.000189, Acc: 100.0000, Loss: 0.0006
LR: 0.000188, Acc: 100.0000, Loss: 0.0009
LR: 0.000186, Acc: 100.0000, Loss: 0.0005
LR: 0.000185, Acc: 100.0000, Loss: 0.0013
LR: 0.000183, Acc: 100.0000, Loss: 0.0006
LR: 0.000181, Acc: 100.0000, Loss: 0.0007
LR: 0.000179, Acc: 100.0000, Loss: 0.0011
LR: 0.000177, Acc: 100.0000, Loss: 0.0006
LR: 0.000175, Acc: 100.0000, Loss: 0.0008
LR: 0.000173, Acc: 95.0000, Loss: 0.0509
LR: 0.000171, Acc: 100.0000, Loss: 0.0013
LR: 0.000169, Acc: 100.0000, Loss: 0.0005
LR: 0.000166, Acc: 100.0000, Loss: 0.0007
LR: 0.000164, Acc: 100.0000, Loss: 0.0005
LR: 0.000161, Acc: 100.0000, Loss: 0.0006
LR: 0.000159, Acc: 100.0000, Loss: 0.0027
LR: 0.000156, Acc: 100.0000, Loss: 0.0002
LR: 0.000154, Acc: 100.0000, Loss: 0.0006
LR: 0.000151, Acc: 100.0000, Loss: 0.0014
LR: 0.000148, Acc: 100.0000, Loss: 0.0012
LR: 0.000146, Acc: 100.0000, Loss: 0.0003
LR: 0.000143, Acc: 100.0000, Loss: 0.0114
LR: 0.000140, Acc: 100.0000, Loss: 0.0007
LR: 0.000137, Acc: 100.0000, Loss: 0.0014
LR: 0.000134, Acc: 100.0000, Loss: 0.0014
LR: 0.000131, Acc: 100.0000, Loss: 0.0002
LR: 0.000128, Acc: 100.0000, Loss: 0.0006
LR: 0.000125, Acc: 100.0000, Loss: 0.0018
LR: 0.000122, Acc: 100.0000, Loss: 0.0025
LR: 0.000119, Acc: 100.0000, Loss: 0.0004
LR: 0.000116, Acc: 100.0000, Loss: 0.0003
LR: 0.000113, Acc: 100.0000, Loss: 0.0008
LR: 0.000110, Acc: 100.0000, Loss: 0.0010
LR: 0.000107, Acc: 100.0000, Loss: 0.0015
LR: 0.000104, Acc: 100.0000, Loss: 0.0005
LR: 0.000100, Acc: 100.0000, Loss: 0.0013
LR: 0.000097, Acc: 100.0000, Loss: 0.0038
LR: 0.000094, Acc: 100.0000, Loss: 0.0110
LR: 0.000091, Acc: 100.0000, Loss: 0.0004
LR: 0.000088, Acc: 100.0000, Loss: 0.0012
LR: 0.000085, Acc: 100.0000, Loss: 0.0186
LR: 0.000082, Acc: 100.0000, Loss: 0.0008
LR: 0.000079, Acc: 100.0000, Loss: 0.0009
LR: 0.000076, Acc: 100.0000, Loss: 0.0005
LR: 0.000073, Acc: 100.0000, Loss: 0.0008
LR: 0.000070, Acc: 100.0000, Loss: 0.0222
LR: 0.000067, Acc: 100.0000, Loss: 0.0002
LR: 0.000064, Acc: 100.0000, Loss: 0.0034
LR: 0.000061, Acc: 100.0000, Loss: 0.0002
LR: 0.000058, Acc: 100.0000, Loss: 0.0016
LR: 0.000055, Acc: 100.0000, Loss: 0.0007
LR: 0.000053, Acc: 100.0000, Loss: 0.0004
LR: 0.000050, Acc: 100.0000, Loss: 0.0014
LR: 0.000047, Acc: 100.0000, Loss: 0.0085
LR: 0.000045, Acc: 100.0000, Loss: 0.0013
LR: 0.000042, Acc: 100.0000, Loss: 0.0004
LR: 0.000040, Acc: 100.0000, Loss: 0.0004
LR: 0.000037, Acc: 100.0000, Loss: 0.0007
LR: 0.000035, Acc: 100.0000, Loss: 0.0019
LR: 0.000032, Acc: 100.0000, Loss: 0.0009
LR: 0.000030, Acc: 100.0000, Loss: 0.0007
LR: 0.000028, Acc: 100.0000, Loss: 0.0128
LR: 0.000026, Acc: 100.0000, Loss: 0.0015
LR: 0.000024, Acc: 100.0000, Loss: 0.0011
LR: 0.000022, Acc: 100.0000, Loss: 0.0337
LR: 0.000020, Acc: 100.0000, Loss: 0.0003
LR: 0.000018, Acc: 100.0000, Loss: 0.0181
LR: 0.000016, Acc: 100.0000, Loss: 0.0058
LR: 0.000015, Acc: 100.0000, Loss: 0.0014
LR: 0.000013, Acc: 100.0000, Loss: 0.0012
LR: 0.000012, Acc: 100.0000, Loss: 0.0013
LR: 0.000010, Acc: 100.0000, Loss: 0.0008
LR: 0.000009, Acc: 100.0000, Loss: 0.0008
LR: 0.000008, Acc: 100.0000, Loss: 0.0007
LR: 0.000007, Acc: 100.0000, Loss: 0.0030
LR: 0.000006, Acc: 100.0000, Loss: 0.0003
LR: 0.000005, Acc: 100.0000, Loss: 0.0115
LR: 0.000004, Acc: 100.0000, Loss: 0.0008
LR: 0.000003, Acc: 100.0000, Loss: 0.0004
LR: 0.000003, Acc: 100.0000, Loss: 0.0003
LR: 0.000002, Acc: 100.0000, Loss: 0.0021
LR: 0.000002, Acc: 100.0000, Loss: 0.0013
LR: 0.000001, Acc: 100.0000, Loss: 0.0016
LR: 0.000001, Acc: 100.0000, Loss: 0.0011
LR: 0.000001, Acc: 100.0000, Loss: 0.0052
**** Final test accuracy: 84.38. ****

LoRA weights saved to weights/vitb16/eurosat/2shots/2experts/seed1/CLIP-MoLE_eurosat.pt
