created virtual environment CPython3.10.13.final.0-64 in 8141ms
  creator CPython3Posix(dest=/localscratch/pedro36.57174894.0/env, clear=False, no_vcs_ignore=False, global=False)
  seeder FromAppData(download=False, pip=bundle, setuptools=bundle, wheel=bundle, via=copy, app_data_dir=/home/pedro36/.local/share/virtualenv)
    added seed packages: pip==25.1.1, setuptools==80.7.1, wheel==0.45.1+computecanada
  activators BashActivator,CShellActivator,FishActivator,NushellActivator,PowerShellActivator,PythonActivator
Looking in links: /cvmfs/soft.computecanada.ca/custom/python/wheelhouse/gentoo2023/x86-64-v4, /cvmfs/soft.computecanada.ca/custom/python/wheelhouse/gentoo2023/x86-64-v3, /cvmfs/soft.computecanada.ca/custom/python/wheelhouse/gentoo2023/generic, /cvmfs/soft.computecanada.ca/custom/python/wheelhouse/generic
Requirement already satisfied: pip in /localscratch/pedro36.57174894.0/env/lib/python3.10/site-packages (25.1.1)
Looking in links: /cvmfs/soft.computecanada.ca/custom/python/wheelhouse/gentoo2023/x86-64-v4, /cvmfs/soft.computecanada.ca/custom/python/wheelhouse/gentoo2023/x86-64-v3, /cvmfs/soft.computecanada.ca/custom/python/wheelhouse/gentoo2023/generic, /cvmfs/soft.computecanada.ca/custom/python/wheelhouse/generic
Processing /cvmfs/soft.computecanada.ca/custom/python/wheelhouse/gentoo2023/x86-64-v3/torch-2.6.0+computecanada-cp310-cp310-linux_x86_64.whl
Processing /cvmfs/soft.computecanada.ca/custom/python/wheelhouse/gentoo2023/generic/torchvision-0.21.0+computecanada-cp310-cp310-linux_x86_64.whl
Processing /cvmfs/soft.computecanada.ca/custom/python/wheelhouse/gentoo2023/x86-64-v3/torchaudio-2.6.0+computecanada-cp310-cp310-linux_x86_64.whl
Processing /cvmfs/soft.computecanada.ca/custom/python/wheelhouse/generic/ftfy-6.3.1+computecanada-py3-none-any.whl
Processing /cvmfs/soft.computecanada.ca/custom/python/wheelhouse/gentoo2023/generic/scipy-1.15.1+computecanada-cp310-cp310-linux_x86_64.whl
Processing /cvmfs/soft.computecanada.ca/custom/python/wheelhouse/generic/regex-2024.9.11+computecanada-cp310-cp310-linux_x86_64.whl
Processing /cvmfs/soft.computecanada.ca/custom/python/wheelhouse/generic/tqdm-4.67.1+computecanada-py3-none-any.whl
Processing /cvmfs/soft.computecanada.ca/custom/python/wheelhouse/generic/gdown-5.2.0+computecanada-py3-none-any.whl
Processing /cvmfs/soft.computecanada.ca/custom/python/wheelhouse/gentoo2023/x86-64-v3/pandas-2.2.3+computecanada-cp310-cp310-linux_x86_64.whl
Processing /cvmfs/soft.computecanada.ca/custom/python/wheelhouse/generic/filelock-3.18.0+computecanada-py3-none-any.whl (from torch)
Processing /cvmfs/soft.computecanada.ca/custom/python/wheelhouse/generic/typing_extensions-4.14.0+computecanada-py3-none-any.whl (from torch)
Processing /cvmfs/soft.computecanada.ca/custom/python/wheelhouse/generic/networkx-3.5+computecanada-py3-none-any.whl (from torch)
Processing /cvmfs/soft.computecanada.ca/custom/python/wheelhouse/generic/jinja2-3.1.6+computecanada-py3-none-any.whl (from torch)
Processing /cvmfs/soft.computecanada.ca/custom/python/wheelhouse/generic/fsspec-2025.5.1+computecanada-py3-none-any.whl (from torch)
Processing /cvmfs/soft.computecanada.ca/custom/python/wheelhouse/generic/sympy-1.13.1+computecanada-py3-none-any.whl (from torch)
Processing /cvmfs/soft.computecanada.ca/custom/python/wheelhouse/generic/mpmath-1.3.0+computecanada-py3-none-any.whl (from sympy==1.13.1->torch)
Processing /cvmfs/soft.computecanada.ca/custom/python/wheelhouse/gentoo2023/generic/numpy-2.2.2+computecanada-cp310-cp310-linux_x86_64.whl (from torchvision)
Processing /cvmfs/soft.computecanada.ca/custom/python/wheelhouse/gentoo2023/x86-64-v3/Pillow_SIMD-9.5.0.post2+computecanada-cp310-cp310-linux_x86_64.whl (from torchvision)
Processing /cvmfs/soft.computecanada.ca/custom/python/wheelhouse/generic/wcwidth-0.2.13+computecanada-py2.py3-none-any.whl (from ftfy)
Processing /cvmfs/soft.computecanada.ca/custom/python/wheelhouse/generic/beautifulsoup4-4.13.4+computecanada-py3-none-any.whl (from gdown)
Processing /cvmfs/soft.computecanada.ca/custom/python/wheelhouse/generic/requests-2.32.4+computecanada-py3-none-any.whl (from gdown)
Processing /cvmfs/soft.computecanada.ca/custom/python/wheelhouse/generic/python_dateutil-2.9.0.post0+computecanada-py2.py3-none-any.whl (from pandas)
Processing /cvmfs/soft.computecanada.ca/custom/python/wheelhouse/generic/pytz-2025.2+computecanada-py2.py3-none-any.whl (from pandas)
Processing /cvmfs/soft.computecanada.ca/custom/python/wheelhouse/generic/tzdata-2025.2+computecanada-py2.py3-none-any.whl (from pandas)
Processing /cvmfs/soft.computecanada.ca/custom/python/wheelhouse/generic/six-1.17.0+computecanada-py2.py3-none-any.whl (from python-dateutil>=2.8.2->pandas)
Processing /cvmfs/soft.computecanada.ca/custom/python/wheelhouse/generic/soupsieve-2.7+computecanada-py3-none-any.whl (from beautifulsoup4->gdown)
Processing /cvmfs/soft.computecanada.ca/custom/python/wheelhouse/generic/MarkupSafe-2.1.5+computecanada-cp310-cp310-linux_x86_64.whl (from jinja2->torch)
INFO: pip is looking at multiple versions of networkx to determine which version is compatible with other requirements. This could take a while.
Processing /cvmfs/soft.computecanada.ca/custom/python/wheelhouse/generic/networkx-3.4.2+computecanada-py3-none-any.whl (from torch)
Processing /cvmfs/soft.computecanada.ca/custom/python/wheelhouse/generic/charset_normalizer-3.4.2+computecanada-py3-none-any.whl (from requests[socks]->gdown)
Processing /cvmfs/soft.computecanada.ca/custom/python/wheelhouse/generic/idna-3.10+computecanada-py3-none-any.whl (from requests[socks]->gdown)
Processing /cvmfs/soft.computecanada.ca/custom/python/wheelhouse/generic/urllib3-2.5.0+computecanada-py3-none-any.whl (from requests[socks]->gdown)
Processing /cvmfs/soft.computecanada.ca/custom/python/wheelhouse/generic/certifi-2025.6.15+computecanada-py3-none-any.whl (from requests[socks]->gdown)
Processing /cvmfs/soft.computecanada.ca/custom/python/wheelhouse/generic/PySocks-1.7.1+computecanada-py3-none-any.whl (from requests[socks]->gdown)
Installing collected packages: wcwidth, pytz, mpmath, urllib3, tzdata, typing-extensions, tqdm, sympy, soupsieve, six, regex, PySocks, pillow-simd, numpy, networkx, MarkupSafe, idna, ftfy, fsspec, filelock, charset-normalizer, certifi, scipy, requests, python-dateutil, jinja2, beautifulsoup4, torch, pandas, torchvision, torchaudio, gdown

Successfully installed MarkupSafe-2.1.5+computecanada PySocks-1.7.1+computecanada beautifulsoup4-4.13.4+computecanada certifi-2025.6.15+computecanada charset-normalizer-3.4.2+computecanada filelock-3.18.0+computecanada fsspec-2025.5.1+computecanada ftfy-6.3.1+computecanada gdown-5.2.0+computecanada idna-3.10+computecanada jinja2-3.1.6+computecanada mpmath-1.3.0+computecanada networkx-3.4.2+computecanada numpy-2.2.2+computecanada pandas-2.2.3+computecanada pillow-simd-9.5.0.post2+computecanada python-dateutil-2.9.0.post0+computecanada pytz-2025.2+computecanada regex-2024.9.11+computecanada requests-2.32.4+computecanada scipy-1.15.1+computecanada six-1.17.0+computecanada soupsieve-2.7+computecanada sympy-1.13.1+computecanada torch-2.6.0+computecanada torchaudio-2.6.0+computecanada torchvision-0.21.0+computecanada tqdm-4.67.1+computecanada typing-extensions-4.14.0+computecanada tzdata-2025.2+computecanada urllib3-2.5.0+computecanada wcwidth-0.2.13+computecanada
Preparing dataset.
Reading split from /home/pedro36/projects/def-leszek/pedro36/datasets/DATA/Flower102/split_zhou_OxfordFlowers.json
Creating a 4-shot dataset
Creating a 16-shot dataset

Getting textual features as CLIP's classifier.

Loading visual features and labels from val set.

Loading visual features and labels from test set.

**** Zero-shot CLIP's test accuracy: 67.36. ****

Residual Attention Block 0: ResidualAttentionBlock(
  (attn): MultiheadAttention(
    (out_proj): NonDynamicallyQuantizableLinear(in_features=512, out_features=512, bias=True)
  )
  (ln_1): LayerNorm((512,), eps=1e-05, elementwise_affine=True)
  (mlp): Sequential(
    (c_fc): Linear(in_features=512, out_features=2048, bias=True)
    (gelu): QuickGELU()
    (c_proj): Linear(in_features=2048, out_features=512, bias=True)
  )
  (ln_2): LayerNorm((512,), eps=1e-05, elementwise_affine=True)
)
Residual Attention Block 1: ResidualAttentionBlock(
  (attn): MultiheadAttention(
    (out_proj): NonDynamicallyQuantizableLinear(in_features=512, out_features=512, bias=True)
  )
  (ln_1): LayerNorm((512,), eps=1e-05, elementwise_affine=True)
  (mlp): Sequential(
    (c_fc): Linear(in_features=512, out_features=2048, bias=True)
    (gelu): QuickGELU()
    (c_proj): Linear(in_features=2048, out_features=512, bias=True)
  )
  (ln_2): LayerNorm((512,), eps=1e-05, elementwise_affine=True)
)
Residual Attention Block 2: ResidualAttentionBlock(
  (attn): MultiheadAttention(
    (out_proj): NonDynamicallyQuantizableLinear(in_features=512, out_features=512, bias=True)
  )
  (ln_1): LayerNorm((512,), eps=1e-05, elementwise_affine=True)
  (mlp): Sequential(
    (c_fc): Linear(in_features=512, out_features=2048, bias=True)
    (gelu): QuickGELU()
    (c_proj): Linear(in_features=2048, out_features=512, bias=True)
  )
  (ln_2): LayerNorm((512,), eps=1e-05, elementwise_affine=True)
)
Residual Attention Block 3: ResidualAttentionBlock(
  (attn): MultiheadAttention(
    (out_proj): NonDynamicallyQuantizableLinear(in_features=512, out_features=512, bias=True)
  )
  (ln_1): LayerNorm((512,), eps=1e-05, elementwise_affine=True)
  (mlp): Sequential(
    (c_fc): Linear(in_features=512, out_features=2048, bias=True)
    (gelu): QuickGELU()
    (c_proj): Linear(in_features=2048, out_features=512, bias=True)
  )
  (ln_2): LayerNorm((512,), eps=1e-05, elementwise_affine=True)
)
Residual Attention Block 4: ResidualAttentionBlock(
  (attn): MultiheadAttention(
    (out_proj): NonDynamicallyQuantizableLinear(in_features=512, out_features=512, bias=True)
  )
  (ln_1): LayerNorm((512,), eps=1e-05, elementwise_affine=True)
  (mlp): Sequential(
    (c_fc): Linear(in_features=512, out_features=2048, bias=True)
    (gelu): QuickGELU()
    (c_proj): Linear(in_features=2048, out_features=512, bias=True)
  )
  (ln_2): LayerNorm((512,), eps=1e-05, elementwise_affine=True)
)
Residual Attention Block 5: ResidualAttentionBlock(
  (attn): MultiheadAttention(
    (out_proj): NonDynamicallyQuantizableLinear(in_features=512, out_features=512, bias=True)
  )
  (ln_1): LayerNorm((512,), eps=1e-05, elementwise_affine=True)
  (mlp): Sequential(
    (c_fc): Linear(in_features=512, out_features=2048, bias=True)
    (gelu): QuickGELU()
    (c_proj): Linear(in_features=2048, out_features=512, bias=True)
  )
  (ln_2): LayerNorm((512,), eps=1e-05, elementwise_affine=True)
)
Residual Attention Block 6: ResidualAttentionBlock(
  (attn): MultiheadAttention(
    (out_proj): NonDynamicallyQuantizableLinear(in_features=512, out_features=512, bias=True)
  )
  (ln_1): LayerNorm((512,), eps=1e-05, elementwise_affine=True)
  (mlp): Sequential(
    (c_fc): Linear(in_features=512, out_features=2048, bias=True)
    (gelu): QuickGELU()
    (c_proj): Linear(in_features=2048, out_features=512, bias=True)
  )
  (ln_2): LayerNorm((512,), eps=1e-05, elementwise_affine=True)
)
Residual Attention Block 7: ResidualAttentionBlock(
  (attn): MultiheadAttention(
    (out_proj): NonDynamicallyQuantizableLinear(in_features=512, out_features=512, bias=True)
  )
  (ln_1): LayerNorm((512,), eps=1e-05, elementwise_affine=True)
  (mlp): Sequential(
    (c_fc): Linear(in_features=512, out_features=2048, bias=True)
    (gelu): QuickGELU()
    (c_proj): Linear(in_features=2048, out_features=512, bias=True)
  )
  (ln_2): LayerNorm((512,), eps=1e-05, elementwise_affine=True)
)
Residual Attention Block 8: ResidualAttentionBlock(
  (attn): MultiheadAttention(
    (out_proj): NonDynamicallyQuantizableLinear(in_features=512, out_features=512, bias=True)
  )
  (ln_1): LayerNorm((512,), eps=1e-05, elementwise_affine=True)
  (mlp): Sequential(
    (c_fc): Linear(in_features=512, out_features=2048, bias=True)
    (gelu): QuickGELU()
    (c_proj): Linear(in_features=2048, out_features=512, bias=True)
  )
  (ln_2): LayerNorm((512,), eps=1e-05, elementwise_affine=True)
)
Residual Attention Block 9: ResidualAttentionBlock(
  (attn): MultiheadAttention(
    (out_proj): NonDynamicallyQuantizableLinear(in_features=512, out_features=512, bias=True)
  )
  (ln_1): LayerNorm((512,), eps=1e-05, elementwise_affine=True)
  (mlp): Sequential(
    (c_fc): Linear(in_features=512, out_features=2048, bias=True)
    (gelu): QuickGELU()
    (c_proj): Linear(in_features=2048, out_features=512, bias=True)
  )
  (ln_2): LayerNorm((512,), eps=1e-05, elementwise_affine=True)
)
Residual Attention Block 10: ResidualAttentionBlock(
  (attn): MultiheadAttention(
    (out_proj): NonDynamicallyQuantizableLinear(in_features=512, out_features=512, bias=True)
  )
  (ln_1): LayerNorm((512,), eps=1e-05, elementwise_affine=True)
  (mlp): Sequential(
    (c_fc): Linear(in_features=512, out_features=2048, bias=True)
    (gelu): QuickGELU()
    (c_proj): Linear(in_features=2048, out_features=512, bias=True)
  )
  (ln_2): LayerNorm((512,), eps=1e-05, elementwise_affine=True)
)
Residual Attention Block 11: ResidualAttentionBlock(
  (attn): MultiheadAttention(
    (out_proj): NonDynamicallyQuantizableLinear(in_features=512, out_features=512, bias=True)
  )
  (ln_1): LayerNorm((512,), eps=1e-05, elementwise_affine=True)
  (mlp): Sequential(
    (c_fc): Linear(in_features=512, out_features=2048, bias=True)
    (gelu): QuickGELU()
    (c_proj): Linear(in_features=2048, out_features=512, bias=True)
  )
  (ln_2): LayerNorm((512,), eps=1e-05, elementwise_affine=True)
)
Residual Attention Block 0: ResidualAttentionBlock(
  (attn): MultiheadAttention(
    (out_proj): NonDynamicallyQuantizableLinear(in_features=768, out_features=768, bias=True)
  )
  (ln_1): LayerNorm((768,), eps=1e-05, elementwise_affine=True)
  (mlp): Sequential(
    (c_fc): Linear(in_features=768, out_features=3072, bias=True)
    (gelu): QuickGELU()
    (c_proj): Linear(in_features=3072, out_features=768, bias=True)
  )
  (ln_2): LayerNorm((768,), eps=1e-05, elementwise_affine=True)
)
Residual Attention Block 1: ResidualAttentionBlock(
  (attn): MultiheadAttention(
    (out_proj): NonDynamicallyQuantizableLinear(in_features=768, out_features=768, bias=True)
  )
  (ln_1): LayerNorm((768,), eps=1e-05, elementwise_affine=True)
  (mlp): Sequential(
    (c_fc): Linear(in_features=768, out_features=3072, bias=True)
    (gelu): QuickGELU()
    (c_proj): Linear(in_features=3072, out_features=768, bias=True)
  )
  (ln_2): LayerNorm((768,), eps=1e-05, elementwise_affine=True)
)
Residual Attention Block 2: ResidualAttentionBlock(
  (attn): MultiheadAttention(
    (out_proj): NonDynamicallyQuantizableLinear(in_features=768, out_features=768, bias=True)
  )
  (ln_1): LayerNorm((768,), eps=1e-05, elementwise_affine=True)
  (mlp): Sequential(
    (c_fc): Linear(in_features=768, out_features=3072, bias=True)
    (gelu): QuickGELU()
    (c_proj): Linear(in_features=3072, out_features=768, bias=True)
  )
  (ln_2): LayerNorm((768,), eps=1e-05, elementwise_affine=True)
)
Residual Attention Block 3: ResidualAttentionBlock(
  (attn): MultiheadAttention(
    (out_proj): NonDynamicallyQuantizableLinear(in_features=768, out_features=768, bias=True)
  )
  (ln_1): LayerNorm((768,), eps=1e-05, elementwise_affine=True)
  (mlp): Sequential(
    (c_fc): Linear(in_features=768, out_features=3072, bias=True)
    (gelu): QuickGELU()
    (c_proj): Linear(in_features=3072, out_features=768, bias=True)
  )
  (ln_2): LayerNorm((768,), eps=1e-05, elementwise_affine=True)
)
Residual Attention Block 4: ResidualAttentionBlock(
  (attn): MultiheadAttention(
    (out_proj): NonDynamicallyQuantizableLinear(in_features=768, out_features=768, bias=True)
  )
  (ln_1): LayerNorm((768,), eps=1e-05, elementwise_affine=True)
  (mlp): Sequential(
    (c_fc): Linear(in_features=768, out_features=3072, bias=True)
    (gelu): QuickGELU()
    (c_proj): Linear(in_features=3072, out_features=768, bias=True)
  )
  (ln_2): LayerNorm((768,), eps=1e-05, elementwise_affine=True)
)
Residual Attention Block 5: ResidualAttentionBlock(
  (attn): MultiheadAttention(
    (out_proj): NonDynamicallyQuantizableLinear(in_features=768, out_features=768, bias=True)
  )
  (ln_1): LayerNorm((768,), eps=1e-05, elementwise_affine=True)
  (mlp): Sequential(
    (c_fc): Linear(in_features=768, out_features=3072, bias=True)
    (gelu): QuickGELU()
    (c_proj): Linear(in_features=3072, out_features=768, bias=True)
  )
  (ln_2): LayerNorm((768,), eps=1e-05, elementwise_affine=True)
)
Residual Attention Block 6: ResidualAttentionBlock(
  (attn): MultiheadAttention(
    (out_proj): NonDynamicallyQuantizableLinear(in_features=768, out_features=768, bias=True)
  )
  (ln_1): LayerNorm((768,), eps=1e-05, elementwise_affine=True)
  (mlp): Sequential(
    (c_fc): Linear(in_features=768, out_features=3072, bias=True)
    (gelu): QuickGELU()
    (c_proj): Linear(in_features=3072, out_features=768, bias=True)
  )
  (ln_2): LayerNorm((768,), eps=1e-05, elementwise_affine=True)
)
Residual Attention Block 7: ResidualAttentionBlock(
  (attn): MultiheadAttention(
    (out_proj): NonDynamicallyQuantizableLinear(in_features=768, out_features=768, bias=True)
  )
  (ln_1): LayerNorm((768,), eps=1e-05, elementwise_affine=True)
  (mlp): Sequential(
    (c_fc): Linear(in_features=768, out_features=3072, bias=True)
    (gelu): QuickGELU()
    (c_proj): Linear(in_features=3072, out_features=768, bias=True)
  )
  (ln_2): LayerNorm((768,), eps=1e-05, elementwise_affine=True)
)
Residual Attention Block 8: ResidualAttentionBlock(
  (attn): MultiheadAttention(
    (out_proj): NonDynamicallyQuantizableLinear(in_features=768, out_features=768, bias=True)
  )
  (ln_1): LayerNorm((768,), eps=1e-05, elementwise_affine=True)
  (mlp): Sequential(
    (c_fc): Linear(in_features=768, out_features=3072, bias=True)
    (gelu): QuickGELU()
    (c_proj): Linear(in_features=3072, out_features=768, bias=True)
  )
  (ln_2): LayerNorm((768,), eps=1e-05, elementwise_affine=True)
)
Residual Attention Block 9: ResidualAttentionBlock(
  (attn): MultiheadAttention(
    (out_proj): NonDynamicallyQuantizableLinear(in_features=768, out_features=768, bias=True)
  )
  (ln_1): LayerNorm((768,), eps=1e-05, elementwise_affine=True)
  (mlp): Sequential(
    (c_fc): Linear(in_features=768, out_features=3072, bias=True)
    (gelu): QuickGELU()
    (c_proj): Linear(in_features=3072, out_features=768, bias=True)
  )
  (ln_2): LayerNorm((768,), eps=1e-05, elementwise_affine=True)
)
Residual Attention Block 10: ResidualAttentionBlock(
  (attn): MultiheadAttention(
    (out_proj): NonDynamicallyQuantizableLinear(in_features=768, out_features=768, bias=True)
  )
  (ln_1): LayerNorm((768,), eps=1e-05, elementwise_affine=True)
  (mlp): Sequential(
    (c_fc): Linear(in_features=768, out_features=3072, bias=True)
    (gelu): QuickGELU()
    (c_proj): Linear(in_features=3072, out_features=768, bias=True)
  )
  (ln_2): LayerNorm((768,), eps=1e-05, elementwise_affine=True)
)
Residual Attention Block 11: ResidualAttentionBlock(
  (attn): MultiheadAttention(
    (out_proj): NonDynamicallyQuantizableLinear(in_features=768, out_features=768, bias=True)
  )
  (ln_1): LayerNorm((768,), eps=1e-05, elementwise_affine=True)
  (mlp): Sequential(
    (c_fc): Linear(in_features=768, out_features=3072, bias=True)
    (gelu): QuickGELU()
    (c_proj): Linear(in_features=3072, out_features=768, bias=True)
  )
  (ln_2): LayerNorm((768,), eps=1e-05, elementwise_affine=True)
)
Trainable parameters: ['visual.transformer.resblocks.0.attn.q_proj.router.gate.weight', 'visual.transformer.resblocks.0.attn.q_proj.experts.0.w_lora_A', 'visual.transformer.resblocks.0.attn.q_proj.experts.0.w_lora_B', 'visual.transformer.resblocks.0.attn.q_proj.experts.1.w_lora_A', 'visual.transformer.resblocks.0.attn.q_proj.experts.1.w_lora_B', 'visual.transformer.resblocks.0.attn.q_proj.experts.2.w_lora_A', 'visual.transformer.resblocks.0.attn.q_proj.experts.2.w_lora_B', 'visual.transformer.resblocks.0.attn.q_proj.experts.3.w_lora_A', 'visual.transformer.resblocks.0.attn.q_proj.experts.3.w_lora_B', 'visual.transformer.resblocks.0.attn.q_proj.experts.4.w_lora_A', 'visual.transformer.resblocks.0.attn.q_proj.experts.4.w_lora_B', 'visual.transformer.resblocks.0.attn.q_proj.experts.5.w_lora_A', 'visual.transformer.resblocks.0.attn.q_proj.experts.5.w_lora_B', 'visual.transformer.resblocks.0.attn.k_proj.router.gate.weight', 'visual.transformer.resblocks.0.attn.k_proj.experts.0.w_lora_A', 'visual.transformer.resblocks.0.attn.k_proj.experts.0.w_lora_B', 'visual.transformer.resblocks.0.attn.k_proj.experts.1.w_lora_A', 'visual.transformer.resblocks.0.attn.k_proj.experts.1.w_lora_B', 'visual.transformer.resblocks.0.attn.k_proj.experts.2.w_lora_A', 'visual.transformer.resblocks.0.attn.k_proj.experts.2.w_lora_B', 'visual.transformer.resblocks.0.attn.k_proj.experts.3.w_lora_A', 'visual.transformer.resblocks.0.attn.k_proj.experts.3.w_lora_B', 'visual.transformer.resblocks.0.attn.k_proj.experts.4.w_lora_A', 'visual.transformer.resblocks.0.attn.k_proj.experts.4.w_lora_B', 'visual.transformer.resblocks.0.attn.k_proj.experts.5.w_lora_A', 'visual.transformer.resblocks.0.attn.k_proj.experts.5.w_lora_B', 'visual.transformer.resblocks.0.attn.v_proj.router.gate.weight', 'visual.transformer.resblocks.0.attn.v_proj.experts.0.w_lora_A', 'visual.transformer.resblocks.0.attn.v_proj.experts.0.w_lora_B', 'visual.transformer.resblocks.0.attn.v_proj.experts.1.w_lora_A', 'visual.transformer.resblocks.0.attn.v_proj.experts.1.w_lora_B', 'visual.transformer.resblocks.0.attn.v_proj.experts.2.w_lora_A', 'visual.transformer.resblocks.0.attn.v_proj.experts.2.w_lora_B', 'visual.transformer.resblocks.0.attn.v_proj.experts.3.w_lora_A', 'visual.transformer.resblocks.0.attn.v_proj.experts.3.w_lora_B', 'visual.transformer.resblocks.0.attn.v_proj.experts.4.w_lora_A', 'visual.transformer.resblocks.0.attn.v_proj.experts.4.w_lora_B', 'visual.transformer.resblocks.0.attn.v_proj.experts.5.w_lora_A', 'visual.transformer.resblocks.0.attn.v_proj.experts.5.w_lora_B', 'visual.transformer.resblocks.1.attn.q_proj.router.gate.weight', 'visual.transformer.resblocks.1.attn.q_proj.experts.0.w_lora_A', 'visual.transformer.resblocks.1.attn.q_proj.experts.0.w_lora_B', 'visual.transformer.resblocks.1.attn.q_proj.experts.1.w_lora_A', 'visual.transformer.resblocks.1.attn.q_proj.experts.1.w_lora_B', 'visual.transformer.resblocks.1.attn.q_proj.experts.2.w_lora_A', 'visual.transformer.resblocks.1.attn.q_proj.experts.2.w_lora_B', 'visual.transformer.resblocks.1.attn.q_proj.experts.3.w_lora_A', 'visual.transformer.resblocks.1.attn.q_proj.experts.3.w_lora_B', 'visual.transformer.resblocks.1.attn.q_proj.experts.4.w_lora_A', 'visual.transformer.resblocks.1.attn.q_proj.experts.4.w_lora_B', 'visual.transformer.resblocks.1.attn.q_proj.experts.5.w_lora_A', 'visual.transformer.resblocks.1.attn.q_proj.experts.5.w_lora_B', 'visual.transformer.resblocks.1.attn.k_proj.router.gate.weight', 'visual.transformer.resblocks.1.attn.k_proj.experts.0.w_lora_A', 'visual.transformer.resblocks.1.attn.k_proj.experts.0.w_lora_B', 'visual.transformer.resblocks.1.attn.k_proj.experts.1.w_lora_A', 'visual.transformer.resblocks.1.attn.k_proj.experts.1.w_lora_B', 'visual.transformer.resblocks.1.attn.k_proj.experts.2.w_lora_A', 'visual.transformer.resblocks.1.attn.k_proj.experts.2.w_lora_B', 'visual.transformer.resblocks.1.attn.k_proj.experts.3.w_lora_A', 'visual.transformer.resblocks.1.attn.k_proj.experts.3.w_lora_B', 'visual.transformer.resblocks.1.attn.k_proj.experts.4.w_lora_A', 'visual.transformer.resblocks.1.attn.k_proj.experts.4.w_lora_B', 'visual.transformer.resblocks.1.attn.k_proj.experts.5.w_lora_A', 'visual.transformer.resblocks.1.attn.k_proj.experts.5.w_lora_B', 'visual.transformer.resblocks.1.attn.v_proj.router.gate.weight', 'visual.transformer.resblocks.1.attn.v_proj.experts.0.w_lora_A', 'visual.transformer.resblocks.1.attn.v_proj.experts.0.w_lora_B', 'visual.transformer.resblocks.1.attn.v_proj.experts.1.w_lora_A', 'visual.transformer.resblocks.1.attn.v_proj.experts.1.w_lora_B', 'visual.transformer.resblocks.1.attn.v_proj.experts.2.w_lora_A', 'visual.transformer.resblocks.1.attn.v_proj.experts.2.w_lora_B', 'visual.transformer.resblocks.1.attn.v_proj.experts.3.w_lora_A', 'visual.transformer.resblocks.1.attn.v_proj.experts.3.w_lora_B', 'visual.transformer.resblocks.1.attn.v_proj.experts.4.w_lora_A', 'visual.transformer.resblocks.1.attn.v_proj.experts.4.w_lora_B', 'visual.transformer.resblocks.1.attn.v_proj.experts.5.w_lora_A', 'visual.transformer.resblocks.1.attn.v_proj.experts.5.w_lora_B', 'visual.transformer.resblocks.2.attn.q_proj.router.gate.weight', 'visual.transformer.resblocks.2.attn.q_proj.experts.0.w_lora_A', 'visual.transformer.resblocks.2.attn.q_proj.experts.0.w_lora_B', 'visual.transformer.resblocks.2.attn.q_proj.experts.1.w_lora_A', 'visual.transformer.resblocks.2.attn.q_proj.experts.1.w_lora_B', 'visual.transformer.resblocks.2.attn.q_proj.experts.2.w_lora_A', 'visual.transformer.resblocks.2.attn.q_proj.experts.2.w_lora_B', 'visual.transformer.resblocks.2.attn.q_proj.experts.3.w_lora_A', 'visual.transformer.resblocks.2.attn.q_proj.experts.3.w_lora_B', 'visual.transformer.resblocks.2.attn.q_proj.experts.4.w_lora_A', 'visual.transformer.resblocks.2.attn.q_proj.experts.4.w_lora_B', 'visual.transformer.resblocks.2.attn.q_proj.experts.5.w_lora_A', 'visual.transformer.resblocks.2.attn.q_proj.experts.5.w_lora_B', 'visual.transformer.resblocks.2.attn.k_proj.router.gate.weight', 'visual.transformer.resblocks.2.attn.k_proj.experts.0.w_lora_A', 'visual.transformer.resblocks.2.attn.k_proj.experts.0.w_lora_B', 'visual.transformer.resblocks.2.attn.k_proj.experts.1.w_lora_A', 'visual.transformer.resblocks.2.attn.k_proj.experts.1.w_lora_B', 'visual.transformer.resblocks.2.attn.k_proj.experts.2.w_lora_A', 'visual.transformer.resblocks.2.attn.k_proj.experts.2.w_lora_B', 'visual.transformer.resblocks.2.attn.k_proj.experts.3.w_lora_A', 'visual.transformer.resblocks.2.attn.k_proj.experts.3.w_lora_B', 'visual.transformer.resblocks.2.attn.k_proj.experts.4.w_lora_A', 'visual.transformer.resblocks.2.attn.k_proj.experts.4.w_lora_B', 'visual.transformer.resblocks.2.attn.k_proj.experts.5.w_lora_A', 'visual.transformer.resblocks.2.attn.k_proj.experts.5.w_lora_B', 'visual.transformer.resblocks.2.attn.v_proj.router.gate.weight', 'visual.transformer.resblocks.2.attn.v_proj.experts.0.w_lora_A', 'visual.transformer.resblocks.2.attn.v_proj.experts.0.w_lora_B', 'visual.transformer.resblocks.2.attn.v_proj.experts.1.w_lora_A', 'visual.transformer.resblocks.2.attn.v_proj.experts.1.w_lora_B', 'visual.transformer.resblocks.2.attn.v_proj.experts.2.w_lora_A', 'visual.transformer.resblocks.2.attn.v_proj.experts.2.w_lora_B', 'visual.transformer.resblocks.2.attn.v_proj.experts.3.w_lora_A', 'visual.transformer.resblocks.2.attn.v_proj.experts.3.w_lora_B', 'visual.transformer.resblocks.2.attn.v_proj.experts.4.w_lora_A', 'visual.transformer.resblocks.2.attn.v_proj.experts.4.w_lora_B', 'visual.transformer.resblocks.2.attn.v_proj.experts.5.w_lora_A', 'visual.transformer.resblocks.2.attn.v_proj.experts.5.w_lora_B', 'visual.transformer.resblocks.3.attn.q_proj.router.gate.weight', 'visual.transformer.resblocks.3.attn.q_proj.experts.0.w_lora_A', 'visual.transformer.resblocks.3.attn.q_proj.experts.0.w_lora_B', 'visual.transformer.resblocks.3.attn.q_proj.experts.1.w_lora_A', 'visual.transformer.resblocks.3.attn.q_proj.experts.1.w_lora_B', 'visual.transformer.resblocks.3.attn.q_proj.experts.2.w_lora_A', 'visual.transformer.resblocks.3.attn.q_proj.experts.2.w_lora_B', 'visual.transformer.resblocks.3.attn.q_proj.experts.3.w_lora_A', 'visual.transformer.resblocks.3.attn.q_proj.experts.3.w_lora_B', 'visual.transformer.resblocks.3.attn.q_proj.experts.4.w_lora_A', 'visual.transformer.resblocks.3.attn.q_proj.experts.4.w_lora_B', 'visual.transformer.resblocks.3.attn.q_proj.experts.5.w_lora_A', 'visual.transformer.resblocks.3.attn.q_proj.experts.5.w_lora_B', 'visual.transformer.resblocks.3.attn.k_proj.router.gate.weight', 'visual.transformer.resblocks.3.attn.k_proj.experts.0.w_lora_A', 'visual.transformer.resblocks.3.attn.k_proj.experts.0.w_lora_B', 'visual.transformer.resblocks.3.attn.k_proj.experts.1.w_lora_A', 'visual.transformer.resblocks.3.attn.k_proj.experts.1.w_lora_B', 'visual.transformer.resblocks.3.attn.k_proj.experts.2.w_lora_A', 'visual.transformer.resblocks.3.attn.k_proj.experts.2.w_lora_B', 'visual.transformer.resblocks.3.attn.k_proj.experts.3.w_lora_A', 'visual.transformer.resblocks.3.attn.k_proj.experts.3.w_lora_B', 'visual.transformer.resblocks.3.attn.k_proj.experts.4.w_lora_A', 'visual.transformer.resblocks.3.attn.k_proj.experts.4.w_lora_B', 'visual.transformer.resblocks.3.attn.k_proj.experts.5.w_lora_A', 'visual.transformer.resblocks.3.attn.k_proj.experts.5.w_lora_B', 'visual.transformer.resblocks.3.attn.v_proj.router.gate.weight', 'visual.transformer.resblocks.3.attn.v_proj.experts.0.w_lora_A', 'visual.transformer.resblocks.3.attn.v_proj.experts.0.w_lora_B', 'visual.transformer.resblocks.3.attn.v_proj.experts.1.w_lora_A', 'visual.transformer.resblocks.3.attn.v_proj.experts.1.w_lora_B', 'visual.transformer.resblocks.3.attn.v_proj.experts.2.w_lora_A', 'visual.transformer.resblocks.3.attn.v_proj.experts.2.w_lora_B', 'visual.transformer.resblocks.3.attn.v_proj.experts.3.w_lora_A', 'visual.transformer.resblocks.3.attn.v_proj.experts.3.w_lora_B', 'visual.transformer.resblocks.3.attn.v_proj.experts.4.w_lora_A', 'visual.transformer.resblocks.3.attn.v_proj.experts.4.w_lora_B', 'visual.transformer.resblocks.3.attn.v_proj.experts.5.w_lora_A', 'visual.transformer.resblocks.3.attn.v_proj.experts.5.w_lora_B', 'visual.transformer.resblocks.4.attn.q_proj.router.gate.weight', 'visual.transformer.resblocks.4.attn.q_proj.experts.0.w_lora_A', 'visual.transformer.resblocks.4.attn.q_proj.experts.0.w_lora_B', 'visual.transformer.resblocks.4.attn.q_proj.experts.1.w_lora_A', 'visual.transformer.resblocks.4.attn.q_proj.experts.1.w_lora_B', 'visual.transformer.resblocks.4.attn.q_proj.experts.2.w_lora_A', 'visual.transformer.resblocks.4.attn.q_proj.experts.2.w_lora_B', 'visual.transformer.resblocks.4.attn.q_proj.experts.3.w_lora_A', 'visual.transformer.resblocks.4.attn.q_proj.experts.3.w_lora_B', 'visual.transformer.resblocks.4.attn.q_proj.experts.4.w_lora_A', 'visual.transformer.resblocks.4.attn.q_proj.experts.4.w_lora_B', 'visual.transformer.resblocks.4.attn.q_proj.experts.5.w_lora_A', 'visual.transformer.resblocks.4.attn.q_proj.experts.5.w_lora_B', 'visual.transformer.resblocks.4.attn.k_proj.router.gate.weight', 'visual.transformer.resblocks.4.attn.k_proj.experts.0.w_lora_A', 'visual.transformer.resblocks.4.attn.k_proj.experts.0.w_lora_B', 'visual.transformer.resblocks.4.attn.k_proj.experts.1.w_lora_A', 'visual.transformer.resblocks.4.attn.k_proj.experts.1.w_lora_B', 'visual.transformer.resblocks.4.attn.k_proj.experts.2.w_lora_A', 'visual.transformer.resblocks.4.attn.k_proj.experts.2.w_lora_B', 'visual.transformer.resblocks.4.attn.k_proj.experts.3.w_lora_A', 'visual.transformer.resblocks.4.attn.k_proj.experts.3.w_lora_B', 'visual.transformer.resblocks.4.attn.k_proj.experts.4.w_lora_A', 'visual.transformer.resblocks.4.attn.k_proj.experts.4.w_lora_B', 'visual.transformer.resblocks.4.attn.k_proj.experts.5.w_lora_A', 'visual.transformer.resblocks.4.attn.k_proj.experts.5.w_lora_B', 'visual.transformer.resblocks.4.attn.v_proj.router.gate.weight', 'visual.transformer.resblocks.4.attn.v_proj.experts.0.w_lora_A', 'visual.transformer.resblocks.4.attn.v_proj.experts.0.w_lora_B', 'visual.transformer.resblocks.4.attn.v_proj.experts.1.w_lora_A', 'visual.transformer.resblocks.4.attn.v_proj.experts.1.w_lora_B', 'visual.transformer.resblocks.4.attn.v_proj.experts.2.w_lora_A', 'visual.transformer.resblocks.4.attn.v_proj.experts.2.w_lora_B', 'visual.transformer.resblocks.4.attn.v_proj.experts.3.w_lora_A', 'visual.transformer.resblocks.4.attn.v_proj.experts.3.w_lora_B', 'visual.transformer.resblocks.4.attn.v_proj.experts.4.w_lora_A', 'visual.transformer.resblocks.4.attn.v_proj.experts.4.w_lora_B', 'visual.transformer.resblocks.4.attn.v_proj.experts.5.w_lora_A', 'visual.transformer.resblocks.4.attn.v_proj.experts.5.w_lora_B', 'visual.transformer.resblocks.5.attn.q_proj.router.gate.weight', 'visual.transformer.resblocks.5.attn.q_proj.experts.0.w_lora_A', 'visual.transformer.resblocks.5.attn.q_proj.experts.0.w_lora_B', 'visual.transformer.resblocks.5.attn.q_proj.experts.1.w_lora_A', 'visual.transformer.resblocks.5.attn.q_proj.experts.1.w_lora_B', 'visual.transformer.resblocks.5.attn.q_proj.experts.2.w_lora_A', 'visual.transformer.resblocks.5.attn.q_proj.experts.2.w_lora_B', 'visual.transformer.resblocks.5.attn.q_proj.experts.3.w_lora_A', 'visual.transformer.resblocks.5.attn.q_proj.experts.3.w_lora_B', 'visual.transformer.resblocks.5.attn.q_proj.experts.4.w_lora_A', 'visual.transformer.resblocks.5.attn.q_proj.experts.4.w_lora_B', 'visual.transformer.resblocks.5.attn.q_proj.experts.5.w_lora_A', 'visual.transformer.resblocks.5.attn.q_proj.experts.5.w_lora_B', 'visual.transformer.resblocks.5.attn.k_proj.router.gate.weight', 'visual.transformer.resblocks.5.attn.k_proj.experts.0.w_lora_A', 'visual.transformer.resblocks.5.attn.k_proj.experts.0.w_lora_B', 'visual.transformer.resblocks.5.attn.k_proj.experts.1.w_lora_A', 'visual.transformer.resblocks.5.attn.k_proj.experts.1.w_lora_B', 'visual.transformer.resblocks.5.attn.k_proj.experts.2.w_lora_A', 'visual.transformer.resblocks.5.attn.k_proj.experts.2.w_lora_B', 'visual.transformer.resblocks.5.attn.k_proj.experts.3.w_lora_A', 'visual.transformer.resblocks.5.attn.k_proj.experts.3.w_lora_B', 'visual.transformer.resblocks.5.attn.k_proj.experts.4.w_lora_A', 'visual.transformer.resblocks.5.attn.k_proj.experts.4.w_lora_B', 'visual.transformer.resblocks.5.attn.k_proj.experts.5.w_lora_A', 'visual.transformer.resblocks.5.attn.k_proj.experts.5.w_lora_B', 'visual.transformer.resblocks.5.attn.v_proj.router.gate.weight', 'visual.transformer.resblocks.5.attn.v_proj.experts.0.w_lora_A', 'visual.transformer.resblocks.5.attn.v_proj.experts.0.w_lora_B', 'visual.transformer.resblocks.5.attn.v_proj.experts.1.w_lora_A', 'visual.transformer.resblocks.5.attn.v_proj.experts.1.w_lora_B', 'visual.transformer.resblocks.5.attn.v_proj.experts.2.w_lora_A', 'visual.transformer.resblocks.5.attn.v_proj.experts.2.w_lora_B', 'visual.transformer.resblocks.5.attn.v_proj.experts.3.w_lora_A', 'visual.transformer.resblocks.5.attn.v_proj.experts.3.w_lora_B', 'visual.transformer.resblocks.5.attn.v_proj.experts.4.w_lora_A', 'visual.transformer.resblocks.5.attn.v_proj.experts.4.w_lora_B', 'visual.transformer.resblocks.5.attn.v_proj.experts.5.w_lora_A', 'visual.transformer.resblocks.5.attn.v_proj.experts.5.w_lora_B', 'visual.transformer.resblocks.6.attn.q_proj.router.gate.weight', 'visual.transformer.resblocks.6.attn.q_proj.experts.0.w_lora_A', 'visual.transformer.resblocks.6.attn.q_proj.experts.0.w_lora_B', 'visual.transformer.resblocks.6.attn.q_proj.experts.1.w_lora_A', 'visual.transformer.resblocks.6.attn.q_proj.experts.1.w_lora_B', 'visual.transformer.resblocks.6.attn.q_proj.experts.2.w_lora_A', 'visual.transformer.resblocks.6.attn.q_proj.experts.2.w_lora_B', 'visual.transformer.resblocks.6.attn.q_proj.experts.3.w_lora_A', 'visual.transformer.resblocks.6.attn.q_proj.experts.3.w_lora_B', 'visual.transformer.resblocks.6.attn.q_proj.experts.4.w_lora_A', 'visual.transformer.resblocks.6.attn.q_proj.experts.4.w_lora_B', 'visual.transformer.resblocks.6.attn.q_proj.experts.5.w_lora_A', 'visual.transformer.resblocks.6.attn.q_proj.experts.5.w_lora_B', 'visual.transformer.resblocks.6.attn.k_proj.router.gate.weight', 'visual.transformer.resblocks.6.attn.k_proj.experts.0.w_lora_A', 'visual.transformer.resblocks.6.attn.k_proj.experts.0.w_lora_B', 'visual.transformer.resblocks.6.attn.k_proj.experts.1.w_lora_A', 'visual.transformer.resblocks.6.attn.k_proj.experts.1.w_lora_B', 'visual.transformer.resblocks.6.attn.k_proj.experts.2.w_lora_A', 'visual.transformer.resblocks.6.attn.k_proj.experts.2.w_lora_B', 'visual.transformer.resblocks.6.attn.k_proj.experts.3.w_lora_A', 'visual.transformer.resblocks.6.attn.k_proj.experts.3.w_lora_B', 'visual.transformer.resblocks.6.attn.k_proj.experts.4.w_lora_A', 'visual.transformer.resblocks.6.attn.k_proj.experts.4.w_lora_B', 'visual.transformer.resblocks.6.attn.k_proj.experts.5.w_lora_A', 'visual.transformer.resblocks.6.attn.k_proj.experts.5.w_lora_B', 'visual.transformer.resblocks.6.attn.v_proj.router.gate.weight', 'visual.transformer.resblocks.6.attn.v_proj.experts.0.w_lora_A', 'visual.transformer.resblocks.6.attn.v_proj.experts.0.w_lora_B', 'visual.transformer.resblocks.6.attn.v_proj.experts.1.w_lora_A', 'visual.transformer.resblocks.6.attn.v_proj.experts.1.w_lora_B', 'visual.transformer.resblocks.6.attn.v_proj.experts.2.w_lora_A', 'visual.transformer.resblocks.6.attn.v_proj.experts.2.w_lora_B', 'visual.transformer.resblocks.6.attn.v_proj.experts.3.w_lora_A', 'visual.transformer.resblocks.6.attn.v_proj.experts.3.w_lora_B', 'visual.transformer.resblocks.6.attn.v_proj.experts.4.w_lora_A', 'visual.transformer.resblocks.6.attn.v_proj.experts.4.w_lora_B', 'visual.transformer.resblocks.6.attn.v_proj.experts.5.w_lora_A', 'visual.transformer.resblocks.6.attn.v_proj.experts.5.w_lora_B', 'visual.transformer.resblocks.7.attn.q_proj.router.gate.weight', 'visual.transformer.resblocks.7.attn.q_proj.experts.0.w_lora_A', 'visual.transformer.resblocks.7.attn.q_proj.experts.0.w_lora_B', 'visual.transformer.resblocks.7.attn.q_proj.experts.1.w_lora_A', 'visual.transformer.resblocks.7.attn.q_proj.experts.1.w_lora_B', 'visual.transformer.resblocks.7.attn.q_proj.experts.2.w_lora_A', 'visual.transformer.resblocks.7.attn.q_proj.experts.2.w_lora_B', 'visual.transformer.resblocks.7.attn.q_proj.experts.3.w_lora_A', 'visual.transformer.resblocks.7.attn.q_proj.experts.3.w_lora_B', 'visual.transformer.resblocks.7.attn.q_proj.experts.4.w_lora_A', 'visual.transformer.resblocks.7.attn.q_proj.experts.4.w_lora_B', 'visual.transformer.resblocks.7.attn.q_proj.experts.5.w_lora_A', 'visual.transformer.resblocks.7.attn.q_proj.experts.5.w_lora_B', 'visual.transformer.resblocks.7.attn.k_proj.router.gate.weight', 'visual.transformer.resblocks.7.attn.k_proj.experts.0.w_lora_A', 'visual.transformer.resblocks.7.attn.k_proj.experts.0.w_lora_B', 'visual.transformer.resblocks.7.attn.k_proj.experts.1.w_lora_A', 'visual.transformer.resblocks.7.attn.k_proj.experts.1.w_lora_B', 'visual.transformer.resblocks.7.attn.k_proj.experts.2.w_lora_A', 'visual.transformer.resblocks.7.attn.k_proj.experts.2.w_lora_B', 'visual.transformer.resblocks.7.attn.k_proj.experts.3.w_lora_A', 'visual.transformer.resblocks.7.attn.k_proj.experts.3.w_lora_B', 'visual.transformer.resblocks.7.attn.k_proj.experts.4.w_lora_A', 'visual.transformer.resblocks.7.attn.k_proj.experts.4.w_lora_B', 'visual.transformer.resblocks.7.attn.k_proj.experts.5.w_lora_A', 'visual.transformer.resblocks.7.attn.k_proj.experts.5.w_lora_B', 'visual.transformer.resblocks.7.attn.v_proj.router.gate.weight', 'visual.transformer.resblocks.7.attn.v_proj.experts.0.w_lora_A', 'visual.transformer.resblocks.7.attn.v_proj.experts.0.w_lora_B', 'visual.transformer.resblocks.7.attn.v_proj.experts.1.w_lora_A', 'visual.transformer.resblocks.7.attn.v_proj.experts.1.w_lora_B', 'visual.transformer.resblocks.7.attn.v_proj.experts.2.w_lora_A', 'visual.transformer.resblocks.7.attn.v_proj.experts.2.w_lora_B', 'visual.transformer.resblocks.7.attn.v_proj.experts.3.w_lora_A', 'visual.transformer.resblocks.7.attn.v_proj.experts.3.w_lora_B', 'visual.transformer.resblocks.7.attn.v_proj.experts.4.w_lora_A', 'visual.transformer.resblocks.7.attn.v_proj.experts.4.w_lora_B', 'visual.transformer.resblocks.7.attn.v_proj.experts.5.w_lora_A', 'visual.transformer.resblocks.7.attn.v_proj.experts.5.w_lora_B', 'visual.transformer.resblocks.8.attn.q_proj.router.gate.weight', 'visual.transformer.resblocks.8.attn.q_proj.experts.0.w_lora_A', 'visual.transformer.resblocks.8.attn.q_proj.experts.0.w_lora_B', 'visual.transformer.resblocks.8.attn.q_proj.experts.1.w_lora_A', 'visual.transformer.resblocks.8.attn.q_proj.experts.1.w_lora_B', 'visual.transformer.resblocks.8.attn.q_proj.experts.2.w_lora_A', 'visual.transformer.resblocks.8.attn.q_proj.experts.2.w_lora_B', 'visual.transformer.resblocks.8.attn.q_proj.experts.3.w_lora_A', 'visual.transformer.resblocks.8.attn.q_proj.experts.3.w_lora_B', 'visual.transformer.resblocks.8.attn.q_proj.experts.4.w_lora_A', 'visual.transformer.resblocks.8.attn.q_proj.experts.4.w_lora_B', 'visual.transformer.resblocks.8.attn.q_proj.experts.5.w_lora_A', 'visual.transformer.resblocks.8.attn.q_proj.experts.5.w_lora_B', 'visual.transformer.resblocks.8.attn.k_proj.router.gate.weight', 'visual.transformer.resblocks.8.attn.k_proj.experts.0.w_lora_A', 'visual.transformer.resblocks.8.attn.k_proj.experts.0.w_lora_B', 'visual.transformer.resblocks.8.attn.k_proj.experts.1.w_lora_A', 'visual.transformer.resblocks.8.attn.k_proj.experts.1.w_lora_B', 'visual.transformer.resblocks.8.attn.k_proj.experts.2.w_lora_A', 'visual.transformer.resblocks.8.attn.k_proj.experts.2.w_lora_B', 'visual.transformer.resblocks.8.attn.k_proj.experts.3.w_lora_A', 'visual.transformer.resblocks.8.attn.k_proj.experts.3.w_lora_B', 'visual.transformer.resblocks.8.attn.k_proj.experts.4.w_lora_A', 'visual.transformer.resblocks.8.attn.k_proj.experts.4.w_lora_B', 'visual.transformer.resblocks.8.attn.k_proj.experts.5.w_lora_A', 'visual.transformer.resblocks.8.attn.k_proj.experts.5.w_lora_B', 'visual.transformer.resblocks.8.attn.v_proj.router.gate.weight', 'visual.transformer.resblocks.8.attn.v_proj.experts.0.w_lora_A', 'visual.transformer.resblocks.8.attn.v_proj.experts.0.w_lora_B', 'visual.transformer.resblocks.8.attn.v_proj.experts.1.w_lora_A', 'visual.transformer.resblocks.8.attn.v_proj.experts.1.w_lora_B', 'visual.transformer.resblocks.8.attn.v_proj.experts.2.w_lora_A', 'visual.transformer.resblocks.8.attn.v_proj.experts.2.w_lora_B', 'visual.transformer.resblocks.8.attn.v_proj.experts.3.w_lora_A', 'visual.transformer.resblocks.8.attn.v_proj.experts.3.w_lora_B', 'visual.transformer.resblocks.8.attn.v_proj.experts.4.w_lora_A', 'visual.transformer.resblocks.8.attn.v_proj.experts.4.w_lora_B', 'visual.transformer.resblocks.8.attn.v_proj.experts.5.w_lora_A', 'visual.transformer.resblocks.8.attn.v_proj.experts.5.w_lora_B', 'visual.transformer.resblocks.9.attn.q_proj.router.gate.weight', 'visual.transformer.resblocks.9.attn.q_proj.experts.0.w_lora_A', 'visual.transformer.resblocks.9.attn.q_proj.experts.0.w_lora_B', 'visual.transformer.resblocks.9.attn.q_proj.experts.1.w_lora_A', 'visual.transformer.resblocks.9.attn.q_proj.experts.1.w_lora_B', 'visual.transformer.resblocks.9.attn.q_proj.experts.2.w_lora_A', 'visual.transformer.resblocks.9.attn.q_proj.experts.2.w_lora_B', 'visual.transformer.resblocks.9.attn.q_proj.experts.3.w_lora_A', 'visual.transformer.resblocks.9.attn.q_proj.experts.3.w_lora_B', 'visual.transformer.resblocks.9.attn.q_proj.experts.4.w_lora_A', 'visual.transformer.resblocks.9.attn.q_proj.experts.4.w_lora_B', 'visual.transformer.resblocks.9.attn.q_proj.experts.5.w_lora_A', 'visual.transformer.resblocks.9.attn.q_proj.experts.5.w_lora_B', 'visual.transformer.resblocks.9.attn.k_proj.router.gate.weight', 'visual.transformer.resblocks.9.attn.k_proj.experts.0.w_lora_A', 'visual.transformer.resblocks.9.attn.k_proj.experts.0.w_lora_B', 'visual.transformer.resblocks.9.attn.k_proj.experts.1.w_lora_A', 'visual.transformer.resblocks.9.attn.k_proj.experts.1.w_lora_B', 'visual.transformer.resblocks.9.attn.k_proj.experts.2.w_lora_A', 'visual.transformer.resblocks.9.attn.k_proj.experts.2.w_lora_B', 'visual.transformer.resblocks.9.attn.k_proj.experts.3.w_lora_A', 'visual.transformer.resblocks.9.attn.k_proj.experts.3.w_lora_B', 'visual.transformer.resblocks.9.attn.k_proj.experts.4.w_lora_A', 'visual.transformer.resblocks.9.attn.k_proj.experts.4.w_lora_B', 'visual.transformer.resblocks.9.attn.k_proj.experts.5.w_lora_A', 'visual.transformer.resblocks.9.attn.k_proj.experts.5.w_lora_B', 'visual.transformer.resblocks.9.attn.v_proj.router.gate.weight', 'visual.transformer.resblocks.9.attn.v_proj.experts.0.w_lora_A', 'visual.transformer.resblocks.9.attn.v_proj.experts.0.w_lora_B', 'visual.transformer.resblocks.9.attn.v_proj.experts.1.w_lora_A', 'visual.transformer.resblocks.9.attn.v_proj.experts.1.w_lora_B', 'visual.transformer.resblocks.9.attn.v_proj.experts.2.w_lora_A', 'visual.transformer.resblocks.9.attn.v_proj.experts.2.w_lora_B', 'visual.transformer.resblocks.9.attn.v_proj.experts.3.w_lora_A', 'visual.transformer.resblocks.9.attn.v_proj.experts.3.w_lora_B', 'visual.transformer.resblocks.9.attn.v_proj.experts.4.w_lora_A', 'visual.transformer.resblocks.9.attn.v_proj.experts.4.w_lora_B', 'visual.transformer.resblocks.9.attn.v_proj.experts.5.w_lora_A', 'visual.transformer.resblocks.9.attn.v_proj.experts.5.w_lora_B', 'visual.transformer.resblocks.10.attn.q_proj.router.gate.weight', 'visual.transformer.resblocks.10.attn.q_proj.experts.0.w_lora_A', 'visual.transformer.resblocks.10.attn.q_proj.experts.0.w_lora_B', 'visual.transformer.resblocks.10.attn.q_proj.experts.1.w_lora_A', 'visual.transformer.resblocks.10.attn.q_proj.experts.1.w_lora_B', 'visual.transformer.resblocks.10.attn.q_proj.experts.2.w_lora_A', 'visual.transformer.resblocks.10.attn.q_proj.experts.2.w_lora_B', 'visual.transformer.resblocks.10.attn.q_proj.experts.3.w_lora_A', 'visual.transformer.resblocks.10.attn.q_proj.experts.3.w_lora_B', 'visual.transformer.resblocks.10.attn.q_proj.experts.4.w_lora_A', 'visual.transformer.resblocks.10.attn.q_proj.experts.4.w_lora_B', 'visual.transformer.resblocks.10.attn.q_proj.experts.5.w_lora_A', 'visual.transformer.resblocks.10.attn.q_proj.experts.5.w_lora_B', 'visual.transformer.resblocks.10.attn.k_proj.router.gate.weight', 'visual.transformer.resblocks.10.attn.k_proj.experts.0.w_lora_A', 'visual.transformer.resblocks.10.attn.k_proj.experts.0.w_lora_B', 'visual.transformer.resblocks.10.attn.k_proj.experts.1.w_lora_A', 'visual.transformer.resblocks.10.attn.k_proj.experts.1.w_lora_B', 'visual.transformer.resblocks.10.attn.k_proj.experts.2.w_lora_A', 'visual.transformer.resblocks.10.attn.k_proj.experts.2.w_lora_B', 'visual.transformer.resblocks.10.attn.k_proj.experts.3.w_lora_A', 'visual.transformer.resblocks.10.attn.k_proj.experts.3.w_lora_B', 'visual.transformer.resblocks.10.attn.k_proj.experts.4.w_lora_A', 'visual.transformer.resblocks.10.attn.k_proj.experts.4.w_lora_B', 'visual.transformer.resblocks.10.attn.k_proj.experts.5.w_lora_A', 'visual.transformer.resblocks.10.attn.k_proj.experts.5.w_lora_B', 'visual.transformer.resblocks.10.attn.v_proj.router.gate.weight', 'visual.transformer.resblocks.10.attn.v_proj.experts.0.w_lora_A', 'visual.transformer.resblocks.10.attn.v_proj.experts.0.w_lora_B', 'visual.transformer.resblocks.10.attn.v_proj.experts.1.w_lora_A', 'visual.transformer.resblocks.10.attn.v_proj.experts.1.w_lora_B', 'visual.transformer.resblocks.10.attn.v_proj.experts.2.w_lora_A', 'visual.transformer.resblocks.10.attn.v_proj.experts.2.w_lora_B', 'visual.transformer.resblocks.10.attn.v_proj.experts.3.w_lora_A', 'visual.transformer.resblocks.10.attn.v_proj.experts.3.w_lora_B', 'visual.transformer.resblocks.10.attn.v_proj.experts.4.w_lora_A', 'visual.transformer.resblocks.10.attn.v_proj.experts.4.w_lora_B', 'visual.transformer.resblocks.10.attn.v_proj.experts.5.w_lora_A', 'visual.transformer.resblocks.10.attn.v_proj.experts.5.w_lora_B', 'visual.transformer.resblocks.11.attn.q_proj.router.gate.weight', 'visual.transformer.resblocks.11.attn.q_proj.experts.0.w_lora_A', 'visual.transformer.resblocks.11.attn.q_proj.experts.0.w_lora_B', 'visual.transformer.resblocks.11.attn.q_proj.experts.1.w_lora_A', 'visual.transformer.resblocks.11.attn.q_proj.experts.1.w_lora_B', 'visual.transformer.resblocks.11.attn.q_proj.experts.2.w_lora_A', 'visual.transformer.resblocks.11.attn.q_proj.experts.2.w_lora_B', 'visual.transformer.resblocks.11.attn.q_proj.experts.3.w_lora_A', 'visual.transformer.resblocks.11.attn.q_proj.experts.3.w_lora_B', 'visual.transformer.resblocks.11.attn.q_proj.experts.4.w_lora_A', 'visual.transformer.resblocks.11.attn.q_proj.experts.4.w_lora_B', 'visual.transformer.resblocks.11.attn.q_proj.experts.5.w_lora_A', 'visual.transformer.resblocks.11.attn.q_proj.experts.5.w_lora_B', 'visual.transformer.resblocks.11.attn.k_proj.router.gate.weight', 'visual.transformer.resblocks.11.attn.k_proj.experts.0.w_lora_A', 'visual.transformer.resblocks.11.attn.k_proj.experts.0.w_lora_B', 'visual.transformer.resblocks.11.attn.k_proj.experts.1.w_lora_A', 'visual.transformer.resblocks.11.attn.k_proj.experts.1.w_lora_B', 'visual.transformer.resblocks.11.attn.k_proj.experts.2.w_lora_A', 'visual.transformer.resblocks.11.attn.k_proj.experts.2.w_lora_B', 'visual.transformer.resblocks.11.attn.k_proj.experts.3.w_lora_A', 'visual.transformer.resblocks.11.attn.k_proj.experts.3.w_lora_B', 'visual.transformer.resblocks.11.attn.k_proj.experts.4.w_lora_A', 'visual.transformer.resblocks.11.attn.k_proj.experts.4.w_lora_B', 'visual.transformer.resblocks.11.attn.k_proj.experts.5.w_lora_A', 'visual.transformer.resblocks.11.attn.k_proj.experts.5.w_lora_B', 'visual.transformer.resblocks.11.attn.v_proj.router.gate.weight', 'visual.transformer.resblocks.11.attn.v_proj.experts.0.w_lora_A', 'visual.transformer.resblocks.11.attn.v_proj.experts.0.w_lora_B', 'visual.transformer.resblocks.11.attn.v_proj.experts.1.w_lora_A', 'visual.transformer.resblocks.11.attn.v_proj.experts.1.w_lora_B', 'visual.transformer.resblocks.11.attn.v_proj.experts.2.w_lora_A', 'visual.transformer.resblocks.11.attn.v_proj.experts.2.w_lora_B', 'visual.transformer.resblocks.11.attn.v_proj.experts.3.w_lora_A', 'visual.transformer.resblocks.11.attn.v_proj.experts.3.w_lora_B', 'visual.transformer.resblocks.11.attn.v_proj.experts.4.w_lora_A', 'visual.transformer.resblocks.11.attn.v_proj.experts.4.w_lora_B', 'visual.transformer.resblocks.11.attn.v_proj.experts.5.w_lora_A', 'visual.transformer.resblocks.11.attn.v_proj.experts.5.w_lora_B', 'transformer.resblocks.0.attn.q_proj.router.gate.weight', 'transformer.resblocks.0.attn.q_proj.experts.0.w_lora_A', 'transformer.resblocks.0.attn.q_proj.experts.0.w_lora_B', 'transformer.resblocks.0.attn.q_proj.experts.1.w_lora_A', 'transformer.resblocks.0.attn.q_proj.experts.1.w_lora_B', 'transformer.resblocks.0.attn.q_proj.experts.2.w_lora_A', 'transformer.resblocks.0.attn.q_proj.experts.2.w_lora_B', 'transformer.resblocks.0.attn.q_proj.experts.3.w_lora_A', 'transformer.resblocks.0.attn.q_proj.experts.3.w_lora_B', 'transformer.resblocks.0.attn.q_proj.experts.4.w_lora_A', 'transformer.resblocks.0.attn.q_proj.experts.4.w_lora_B', 'transformer.resblocks.0.attn.q_proj.experts.5.w_lora_A', 'transformer.resblocks.0.attn.q_proj.experts.5.w_lora_B', 'transformer.resblocks.0.attn.k_proj.router.gate.weight', 'transformer.resblocks.0.attn.k_proj.experts.0.w_lora_A', 'transformer.resblocks.0.attn.k_proj.experts.0.w_lora_B', 'transformer.resblocks.0.attn.k_proj.experts.1.w_lora_A', 'transformer.resblocks.0.attn.k_proj.experts.1.w_lora_B', 'transformer.resblocks.0.attn.k_proj.experts.2.w_lora_A', 'transformer.resblocks.0.attn.k_proj.experts.2.w_lora_B', 'transformer.resblocks.0.attn.k_proj.experts.3.w_lora_A', 'transformer.resblocks.0.attn.k_proj.experts.3.w_lora_B', 'transformer.resblocks.0.attn.k_proj.experts.4.w_lora_A', 'transformer.resblocks.0.attn.k_proj.experts.4.w_lora_B', 'transformer.resblocks.0.attn.k_proj.experts.5.w_lora_A', 'transformer.resblocks.0.attn.k_proj.experts.5.w_lora_B', 'transformer.resblocks.0.attn.v_proj.router.gate.weight', 'transformer.resblocks.0.attn.v_proj.experts.0.w_lora_A', 'transformer.resblocks.0.attn.v_proj.experts.0.w_lora_B', 'transformer.resblocks.0.attn.v_proj.experts.1.w_lora_A', 'transformer.resblocks.0.attn.v_proj.experts.1.w_lora_B', 'transformer.resblocks.0.attn.v_proj.experts.2.w_lora_A', 'transformer.resblocks.0.attn.v_proj.experts.2.w_lora_B', 'transformer.resblocks.0.attn.v_proj.experts.3.w_lora_A', 'transformer.resblocks.0.attn.v_proj.experts.3.w_lora_B', 'transformer.resblocks.0.attn.v_proj.experts.4.w_lora_A', 'transformer.resblocks.0.attn.v_proj.experts.4.w_lora_B', 'transformer.resblocks.0.attn.v_proj.experts.5.w_lora_A', 'transformer.resblocks.0.attn.v_proj.experts.5.w_lora_B', 'transformer.resblocks.1.attn.q_proj.router.gate.weight', 'transformer.resblocks.1.attn.q_proj.experts.0.w_lora_A', 'transformer.resblocks.1.attn.q_proj.experts.0.w_lora_B', 'transformer.resblocks.1.attn.q_proj.experts.1.w_lora_A', 'transformer.resblocks.1.attn.q_proj.experts.1.w_lora_B', 'transformer.resblocks.1.attn.q_proj.experts.2.w_lora_A', 'transformer.resblocks.1.attn.q_proj.experts.2.w_lora_B', 'transformer.resblocks.1.attn.q_proj.experts.3.w_lora_A', 'transformer.resblocks.1.attn.q_proj.experts.3.w_lora_B', 'transformer.resblocks.1.attn.q_proj.experts.4.w_lora_A', 'transformer.resblocks.1.attn.q_proj.experts.4.w_lora_B', 'transformer.resblocks.1.attn.q_proj.experts.5.w_lora_A', 'transformer.resblocks.1.attn.q_proj.experts.5.w_lora_B', 'transformer.resblocks.1.attn.k_proj.router.gate.weight', 'transformer.resblocks.1.attn.k_proj.experts.0.w_lora_A', 'transformer.resblocks.1.attn.k_proj.experts.0.w_lora_B', 'transformer.resblocks.1.attn.k_proj.experts.1.w_lora_A', 'transformer.resblocks.1.attn.k_proj.experts.1.w_lora_B', 'transformer.resblocks.1.attn.k_proj.experts.2.w_lora_A', 'transformer.resblocks.1.attn.k_proj.experts.2.w_lora_B', 'transformer.resblocks.1.attn.k_proj.experts.3.w_lora_A', 'transformer.resblocks.1.attn.k_proj.experts.3.w_lora_B', 'transformer.resblocks.1.attn.k_proj.experts.4.w_lora_A', 'transformer.resblocks.1.attn.k_proj.experts.4.w_lora_B', 'transformer.resblocks.1.attn.k_proj.experts.5.w_lora_A', 'transformer.resblocks.1.attn.k_proj.experts.5.w_lora_B', 'transformer.resblocks.1.attn.v_proj.router.gate.weight', 'transformer.resblocks.1.attn.v_proj.experts.0.w_lora_A', 'transformer.resblocks.1.attn.v_proj.experts.0.w_lora_B', 'transformer.resblocks.1.attn.v_proj.experts.1.w_lora_A', 'transformer.resblocks.1.attn.v_proj.experts.1.w_lora_B', 'transformer.resblocks.1.attn.v_proj.experts.2.w_lora_A', 'transformer.resblocks.1.attn.v_proj.experts.2.w_lora_B', 'transformer.resblocks.1.attn.v_proj.experts.3.w_lora_A', 'transformer.resblocks.1.attn.v_proj.experts.3.w_lora_B', 'transformer.resblocks.1.attn.v_proj.experts.4.w_lora_A', 'transformer.resblocks.1.attn.v_proj.experts.4.w_lora_B', 'transformer.resblocks.1.attn.v_proj.experts.5.w_lora_A', 'transformer.resblocks.1.attn.v_proj.experts.5.w_lora_B', 'transformer.resblocks.2.attn.q_proj.router.gate.weight', 'transformer.resblocks.2.attn.q_proj.experts.0.w_lora_A', 'transformer.resblocks.2.attn.q_proj.experts.0.w_lora_B', 'transformer.resblocks.2.attn.q_proj.experts.1.w_lora_A', 'transformer.resblocks.2.attn.q_proj.experts.1.w_lora_B', 'transformer.resblocks.2.attn.q_proj.experts.2.w_lora_A', 'transformer.resblocks.2.attn.q_proj.experts.2.w_lora_B', 'transformer.resblocks.2.attn.q_proj.experts.3.w_lora_A', 'transformer.resblocks.2.attn.q_proj.experts.3.w_lora_B', 'transformer.resblocks.2.attn.q_proj.experts.4.w_lora_A', 'transformer.resblocks.2.attn.q_proj.experts.4.w_lora_B', 'transformer.resblocks.2.attn.q_proj.experts.5.w_lora_A', 'transformer.resblocks.2.attn.q_proj.experts.5.w_lora_B', 'transformer.resblocks.2.attn.k_proj.router.gate.weight', 'transformer.resblocks.2.attn.k_proj.experts.0.w_lora_A', 'transformer.resblocks.2.attn.k_proj.experts.0.w_lora_B', 'transformer.resblocks.2.attn.k_proj.experts.1.w_lora_A', 'transformer.resblocks.2.attn.k_proj.experts.1.w_lora_B', 'transformer.resblocks.2.attn.k_proj.experts.2.w_lora_A', 'transformer.resblocks.2.attn.k_proj.experts.2.w_lora_B', 'transformer.resblocks.2.attn.k_proj.experts.3.w_lora_A', 'transformer.resblocks.2.attn.k_proj.experts.3.w_lora_B', 'transformer.resblocks.2.attn.k_proj.experts.4.w_lora_A', 'transformer.resblocks.2.attn.k_proj.experts.4.w_lora_B', 'transformer.resblocks.2.attn.k_proj.experts.5.w_lora_A', 'transformer.resblocks.2.attn.k_proj.experts.5.w_lora_B', 'transformer.resblocks.2.attn.v_proj.router.gate.weight', 'transformer.resblocks.2.attn.v_proj.experts.0.w_lora_A', 'transformer.resblocks.2.attn.v_proj.experts.0.w_lora_B', 'transformer.resblocks.2.attn.v_proj.experts.1.w_lora_A', 'transformer.resblocks.2.attn.v_proj.experts.1.w_lora_B', 'transformer.resblocks.2.attn.v_proj.experts.2.w_lora_A', 'transformer.resblocks.2.attn.v_proj.experts.2.w_lora_B', 'transformer.resblocks.2.attn.v_proj.experts.3.w_lora_A', 'transformer.resblocks.2.attn.v_proj.experts.3.w_lora_B', 'transformer.resblocks.2.attn.v_proj.experts.4.w_lora_A', 'transformer.resblocks.2.attn.v_proj.experts.4.w_lora_B', 'transformer.resblocks.2.attn.v_proj.experts.5.w_lora_A', 'transformer.resblocks.2.attn.v_proj.experts.5.w_lora_B', 'transformer.resblocks.3.attn.q_proj.router.gate.weight', 'transformer.resblocks.3.attn.q_proj.experts.0.w_lora_A', 'transformer.resblocks.3.attn.q_proj.experts.0.w_lora_B', 'transformer.resblocks.3.attn.q_proj.experts.1.w_lora_A', 'transformer.resblocks.3.attn.q_proj.experts.1.w_lora_B', 'transformer.resblocks.3.attn.q_proj.experts.2.w_lora_A', 'transformer.resblocks.3.attn.q_proj.experts.2.w_lora_B', 'transformer.resblocks.3.attn.q_proj.experts.3.w_lora_A', 'transformer.resblocks.3.attn.q_proj.experts.3.w_lora_B', 'transformer.resblocks.3.attn.q_proj.experts.4.w_lora_A', 'transformer.resblocks.3.attn.q_proj.experts.4.w_lora_B', 'transformer.resblocks.3.attn.q_proj.experts.5.w_lora_A', 'transformer.resblocks.3.attn.q_proj.experts.5.w_lora_B', 'transformer.resblocks.3.attn.k_proj.router.gate.weight', 'transformer.resblocks.3.attn.k_proj.experts.0.w_lora_A', 'transformer.resblocks.3.attn.k_proj.experts.0.w_lora_B', 'transformer.resblocks.3.attn.k_proj.experts.1.w_lora_A', 'transformer.resblocks.3.attn.k_proj.experts.1.w_lora_B', 'transformer.resblocks.3.attn.k_proj.experts.2.w_lora_A', 'transformer.resblocks.3.attn.k_proj.experts.2.w_lora_B', 'transformer.resblocks.3.attn.k_proj.experts.3.w_lora_A', 'transformer.resblocks.3.attn.k_proj.experts.3.w_lora_B', 'transformer.resblocks.3.attn.k_proj.experts.4.w_lora_A', 'transformer.resblocks.3.attn.k_proj.experts.4.w_lora_B', 'transformer.resblocks.3.attn.k_proj.experts.5.w_lora_A', 'transformer.resblocks.3.attn.k_proj.experts.5.w_lora_B', 'transformer.resblocks.3.attn.v_proj.router.gate.weight', 'transformer.resblocks.3.attn.v_proj.experts.0.w_lora_A', 'transformer.resblocks.3.attn.v_proj.experts.0.w_lora_B', 'transformer.resblocks.3.attn.v_proj.experts.1.w_lora_A', 'transformer.resblocks.3.attn.v_proj.experts.1.w_lora_B', 'transformer.resblocks.3.attn.v_proj.experts.2.w_lora_A', 'transformer.resblocks.3.attn.v_proj.experts.2.w_lora_B', 'transformer.resblocks.3.attn.v_proj.experts.3.w_lora_A', 'transformer.resblocks.3.attn.v_proj.experts.3.w_lora_B', 'transformer.resblocks.3.attn.v_proj.experts.4.w_lora_A', 'transformer.resblocks.3.attn.v_proj.experts.4.w_lora_B', 'transformer.resblocks.3.attn.v_proj.experts.5.w_lora_A', 'transformer.resblocks.3.attn.v_proj.experts.5.w_lora_B', 'transformer.resblocks.4.attn.q_proj.router.gate.weight', 'transformer.resblocks.4.attn.q_proj.experts.0.w_lora_A', 'transformer.resblocks.4.attn.q_proj.experts.0.w_lora_B', 'transformer.resblocks.4.attn.q_proj.experts.1.w_lora_A', 'transformer.resblocks.4.attn.q_proj.experts.1.w_lora_B', 'transformer.resblocks.4.attn.q_proj.experts.2.w_lora_A', 'transformer.resblocks.4.attn.q_proj.experts.2.w_lora_B', 'transformer.resblocks.4.attn.q_proj.experts.3.w_lora_A', 'transformer.resblocks.4.attn.q_proj.experts.3.w_lora_B', 'transformer.resblocks.4.attn.q_proj.experts.4.w_lora_A', 'transformer.resblocks.4.attn.q_proj.experts.4.w_lora_B', 'transformer.resblocks.4.attn.q_proj.experts.5.w_lora_A', 'transformer.resblocks.4.attn.q_proj.experts.5.w_lora_B', 'transformer.resblocks.4.attn.k_proj.router.gate.weight', 'transformer.resblocks.4.attn.k_proj.experts.0.w_lora_A', 'transformer.resblocks.4.attn.k_proj.experts.0.w_lora_B', 'transformer.resblocks.4.attn.k_proj.experts.1.w_lora_A', 'transformer.resblocks.4.attn.k_proj.experts.1.w_lora_B', 'transformer.resblocks.4.attn.k_proj.experts.2.w_lora_A', 'transformer.resblocks.4.attn.k_proj.experts.2.w_lora_B', 'transformer.resblocks.4.attn.k_proj.experts.3.w_lora_A', 'transformer.resblocks.4.attn.k_proj.experts.3.w_lora_B', 'transformer.resblocks.4.attn.k_proj.experts.4.w_lora_A', 'transformer.resblocks.4.attn.k_proj.experts.4.w_lora_B', 'transformer.resblocks.4.attn.k_proj.experts.5.w_lora_A', 'transformer.resblocks.4.attn.k_proj.experts.5.w_lora_B', 'transformer.resblocks.4.attn.v_proj.router.gate.weight', 'transformer.resblocks.4.attn.v_proj.experts.0.w_lora_A', 'transformer.resblocks.4.attn.v_proj.experts.0.w_lora_B', 'transformer.resblocks.4.attn.v_proj.experts.1.w_lora_A', 'transformer.resblocks.4.attn.v_proj.experts.1.w_lora_B', 'transformer.resblocks.4.attn.v_proj.experts.2.w_lora_A', 'transformer.resblocks.4.attn.v_proj.experts.2.w_lora_B', 'transformer.resblocks.4.attn.v_proj.experts.3.w_lora_A', 'transformer.resblocks.4.attn.v_proj.experts.3.w_lora_B', 'transformer.resblocks.4.attn.v_proj.experts.4.w_lora_A', 'transformer.resblocks.4.attn.v_proj.experts.4.w_lora_B', 'transformer.resblocks.4.attn.v_proj.experts.5.w_lora_A', 'transformer.resblocks.4.attn.v_proj.experts.5.w_lora_B', 'transformer.resblocks.5.attn.q_proj.router.gate.weight', 'transformer.resblocks.5.attn.q_proj.experts.0.w_lora_A', 'transformer.resblocks.5.attn.q_proj.experts.0.w_lora_B', 'transformer.resblocks.5.attn.q_proj.experts.1.w_lora_A', 'transformer.resblocks.5.attn.q_proj.experts.1.w_lora_B', 'transformer.resblocks.5.attn.q_proj.experts.2.w_lora_A', 'transformer.resblocks.5.attn.q_proj.experts.2.w_lora_B', 'transformer.resblocks.5.attn.q_proj.experts.3.w_lora_A', 'transformer.resblocks.5.attn.q_proj.experts.3.w_lora_B', 'transformer.resblocks.5.attn.q_proj.experts.4.w_lora_A', 'transformer.resblocks.5.attn.q_proj.experts.4.w_lora_B', 'transformer.resblocks.5.attn.q_proj.experts.5.w_lora_A', 'transformer.resblocks.5.attn.q_proj.experts.5.w_lora_B', 'transformer.resblocks.5.attn.k_proj.router.gate.weight', 'transformer.resblocks.5.attn.k_proj.experts.0.w_lora_A', 'transformer.resblocks.5.attn.k_proj.experts.0.w_lora_B', 'transformer.resblocks.5.attn.k_proj.experts.1.w_lora_A', 'transformer.resblocks.5.attn.k_proj.experts.1.w_lora_B', 'transformer.resblocks.5.attn.k_proj.experts.2.w_lora_A', 'transformer.resblocks.5.attn.k_proj.experts.2.w_lora_B', 'transformer.resblocks.5.attn.k_proj.experts.3.w_lora_A', 'transformer.resblocks.5.attn.k_proj.experts.3.w_lora_B', 'transformer.resblocks.5.attn.k_proj.experts.4.w_lora_A', 'transformer.resblocks.5.attn.k_proj.experts.4.w_lora_B', 'transformer.resblocks.5.attn.k_proj.experts.5.w_lora_A', 'transformer.resblocks.5.attn.k_proj.experts.5.w_lora_B', 'transformer.resblocks.5.attn.v_proj.router.gate.weight', 'transformer.resblocks.5.attn.v_proj.experts.0.w_lora_A', 'transformer.resblocks.5.attn.v_proj.experts.0.w_lora_B', 'transformer.resblocks.5.attn.v_proj.experts.1.w_lora_A', 'transformer.resblocks.5.attn.v_proj.experts.1.w_lora_B', 'transformer.resblocks.5.attn.v_proj.experts.2.w_lora_A', 'transformer.resblocks.5.attn.v_proj.experts.2.w_lora_B', 'transformer.resblocks.5.attn.v_proj.experts.3.w_lora_A', 'transformer.resblocks.5.attn.v_proj.experts.3.w_lora_B', 'transformer.resblocks.5.attn.v_proj.experts.4.w_lora_A', 'transformer.resblocks.5.attn.v_proj.experts.4.w_lora_B', 'transformer.resblocks.5.attn.v_proj.experts.5.w_lora_A', 'transformer.resblocks.5.attn.v_proj.experts.5.w_lora_B', 'transformer.resblocks.6.attn.q_proj.router.gate.weight', 'transformer.resblocks.6.attn.q_proj.experts.0.w_lora_A', 'transformer.resblocks.6.attn.q_proj.experts.0.w_lora_B', 'transformer.resblocks.6.attn.q_proj.experts.1.w_lora_A', 'transformer.resblocks.6.attn.q_proj.experts.1.w_lora_B', 'transformer.resblocks.6.attn.q_proj.experts.2.w_lora_A', 'transformer.resblocks.6.attn.q_proj.experts.2.w_lora_B', 'transformer.resblocks.6.attn.q_proj.experts.3.w_lora_A', 'transformer.resblocks.6.attn.q_proj.experts.3.w_lora_B', 'transformer.resblocks.6.attn.q_proj.experts.4.w_lora_A', 'transformer.resblocks.6.attn.q_proj.experts.4.w_lora_B', 'transformer.resblocks.6.attn.q_proj.experts.5.w_lora_A', 'transformer.resblocks.6.attn.q_proj.experts.5.w_lora_B', 'transformer.resblocks.6.attn.k_proj.router.gate.weight', 'transformer.resblocks.6.attn.k_proj.experts.0.w_lora_A', 'transformer.resblocks.6.attn.k_proj.experts.0.w_lora_B', 'transformer.resblocks.6.attn.k_proj.experts.1.w_lora_A', 'transformer.resblocks.6.attn.k_proj.experts.1.w_lora_B', 'transformer.resblocks.6.attn.k_proj.experts.2.w_lora_A', 'transformer.resblocks.6.attn.k_proj.experts.2.w_lora_B', 'transformer.resblocks.6.attn.k_proj.experts.3.w_lora_A', 'transformer.resblocks.6.attn.k_proj.experts.3.w_lora_B', 'transformer.resblocks.6.attn.k_proj.experts.4.w_lora_A', 'transformer.resblocks.6.attn.k_proj.experts.4.w_lora_B', 'transformer.resblocks.6.attn.k_proj.experts.5.w_lora_A', 'transformer.resblocks.6.attn.k_proj.experts.5.w_lora_B', 'transformer.resblocks.6.attn.v_proj.router.gate.weight', 'transformer.resblocks.6.attn.v_proj.experts.0.w_lora_A', 'transformer.resblocks.6.attn.v_proj.experts.0.w_lora_B', 'transformer.resblocks.6.attn.v_proj.experts.1.w_lora_A', 'transformer.resblocks.6.attn.v_proj.experts.1.w_lora_B', 'transformer.resblocks.6.attn.v_proj.experts.2.w_lora_A', 'transformer.resblocks.6.attn.v_proj.experts.2.w_lora_B', 'transformer.resblocks.6.attn.v_proj.experts.3.w_lora_A', 'transformer.resblocks.6.attn.v_proj.experts.3.w_lora_B', 'transformer.resblocks.6.attn.v_proj.experts.4.w_lora_A', 'transformer.resblocks.6.attn.v_proj.experts.4.w_lora_B', 'transformer.resblocks.6.attn.v_proj.experts.5.w_lora_A', 'transformer.resblocks.6.attn.v_proj.experts.5.w_lora_B', 'transformer.resblocks.7.attn.q_proj.router.gate.weight', 'transformer.resblocks.7.attn.q_proj.experts.0.w_lora_A', 'transformer.resblocks.7.attn.q_proj.experts.0.w_lora_B', 'transformer.resblocks.7.attn.q_proj.experts.1.w_lora_A', 'transformer.resblocks.7.attn.q_proj.experts.1.w_lora_B', 'transformer.resblocks.7.attn.q_proj.experts.2.w_lora_A', 'transformer.resblocks.7.attn.q_proj.experts.2.w_lora_B', 'transformer.resblocks.7.attn.q_proj.experts.3.w_lora_A', 'transformer.resblocks.7.attn.q_proj.experts.3.w_lora_B', 'transformer.resblocks.7.attn.q_proj.experts.4.w_lora_A', 'transformer.resblocks.7.attn.q_proj.experts.4.w_lora_B', 'transformer.resblocks.7.attn.q_proj.experts.5.w_lora_A', 'transformer.resblocks.7.attn.q_proj.experts.5.w_lora_B', 'transformer.resblocks.7.attn.k_proj.router.gate.weight', 'transformer.resblocks.7.attn.k_proj.experts.0.w_lora_A', 'transformer.resblocks.7.attn.k_proj.experts.0.w_lora_B', 'transformer.resblocks.7.attn.k_proj.experts.1.w_lora_A', 'transformer.resblocks.7.attn.k_proj.experts.1.w_lora_B', 'transformer.resblocks.7.attn.k_proj.experts.2.w_lora_A', 'transformer.resblocks.7.attn.k_proj.experts.2.w_lora_B', 'transformer.resblocks.7.attn.k_proj.experts.3.w_lora_A', 'transformer.resblocks.7.attn.k_proj.experts.3.w_lora_B', 'transformer.resblocks.7.attn.k_proj.experts.4.w_lora_A', 'transformer.resblocks.7.attn.k_proj.experts.4.w_lora_B', 'transformer.resblocks.7.attn.k_proj.experts.5.w_lora_A', 'transformer.resblocks.7.attn.k_proj.experts.5.w_lora_B', 'transformer.resblocks.7.attn.v_proj.router.gate.weight', 'transformer.resblocks.7.attn.v_proj.experts.0.w_lora_A', 'transformer.resblocks.7.attn.v_proj.experts.0.w_lora_B', 'transformer.resblocks.7.attn.v_proj.experts.1.w_lora_A', 'transformer.resblocks.7.attn.v_proj.experts.1.w_lora_B', 'transformer.resblocks.7.attn.v_proj.experts.2.w_lora_A', 'transformer.resblocks.7.attn.v_proj.experts.2.w_lora_B', 'transformer.resblocks.7.attn.v_proj.experts.3.w_lora_A', 'transformer.resblocks.7.attn.v_proj.experts.3.w_lora_B', 'transformer.resblocks.7.attn.v_proj.experts.4.w_lora_A', 'transformer.resblocks.7.attn.v_proj.experts.4.w_lora_B', 'transformer.resblocks.7.attn.v_proj.experts.5.w_lora_A', 'transformer.resblocks.7.attn.v_proj.experts.5.w_lora_B', 'transformer.resblocks.8.attn.q_proj.router.gate.weight', 'transformer.resblocks.8.attn.q_proj.experts.0.w_lora_A', 'transformer.resblocks.8.attn.q_proj.experts.0.w_lora_B', 'transformer.resblocks.8.attn.q_proj.experts.1.w_lora_A', 'transformer.resblocks.8.attn.q_proj.experts.1.w_lora_B', 'transformer.resblocks.8.attn.q_proj.experts.2.w_lora_A', 'transformer.resblocks.8.attn.q_proj.experts.2.w_lora_B', 'transformer.resblocks.8.attn.q_proj.experts.3.w_lora_A', 'transformer.resblocks.8.attn.q_proj.experts.3.w_lora_B', 'transformer.resblocks.8.attn.q_proj.experts.4.w_lora_A', 'transformer.resblocks.8.attn.q_proj.experts.4.w_lora_B', 'transformer.resblocks.8.attn.q_proj.experts.5.w_lora_A', 'transformer.resblocks.8.attn.q_proj.experts.5.w_lora_B', 'transformer.resblocks.8.attn.k_proj.router.gate.weight', 'transformer.resblocks.8.attn.k_proj.experts.0.w_lora_A', 'transformer.resblocks.8.attn.k_proj.experts.0.w_lora_B', 'transformer.resblocks.8.attn.k_proj.experts.1.w_lora_A', 'transformer.resblocks.8.attn.k_proj.experts.1.w_lora_B', 'transformer.resblocks.8.attn.k_proj.experts.2.w_lora_A', 'transformer.resblocks.8.attn.k_proj.experts.2.w_lora_B', 'transformer.resblocks.8.attn.k_proj.experts.3.w_lora_A', 'transformer.resblocks.8.attn.k_proj.experts.3.w_lora_B', 'transformer.resblocks.8.attn.k_proj.experts.4.w_lora_A', 'transformer.resblocks.8.attn.k_proj.experts.4.w_lora_B', 'transformer.resblocks.8.attn.k_proj.experts.5.w_lora_A', 'transformer.resblocks.8.attn.k_proj.experts.5.w_lora_B', 'transformer.resblocks.8.attn.v_proj.router.gate.weight', 'transformer.resblocks.8.attn.v_proj.experts.0.w_lora_A', 'transformer.resblocks.8.attn.v_proj.experts.0.w_lora_B', 'transformer.resblocks.8.attn.v_proj.experts.1.w_lora_A', 'transformer.resblocks.8.attn.v_proj.experts.1.w_lora_B', 'transformer.resblocks.8.attn.v_proj.experts.2.w_lora_A', 'transformer.resblocks.8.attn.v_proj.experts.2.w_lora_B', 'transformer.resblocks.8.attn.v_proj.experts.3.w_lora_A', 'transformer.resblocks.8.attn.v_proj.experts.3.w_lora_B', 'transformer.resblocks.8.attn.v_proj.experts.4.w_lora_A', 'transformer.resblocks.8.attn.v_proj.experts.4.w_lora_B', 'transformer.resblocks.8.attn.v_proj.experts.5.w_lora_A', 'transformer.resblocks.8.attn.v_proj.experts.5.w_lora_B', 'transformer.resblocks.9.attn.q_proj.router.gate.weight', 'transformer.resblocks.9.attn.q_proj.experts.0.w_lora_A', 'transformer.resblocks.9.attn.q_proj.experts.0.w_lora_B', 'transformer.resblocks.9.attn.q_proj.experts.1.w_lora_A', 'transformer.resblocks.9.attn.q_proj.experts.1.w_lora_B', 'transformer.resblocks.9.attn.q_proj.experts.2.w_lora_A', 'transformer.resblocks.9.attn.q_proj.experts.2.w_lora_B', 'transformer.resblocks.9.attn.q_proj.experts.3.w_lora_A', 'transformer.resblocks.9.attn.q_proj.experts.3.w_lora_B', 'transformer.resblocks.9.attn.q_proj.experts.4.w_lora_A', 'transformer.resblocks.9.attn.q_proj.experts.4.w_lora_B', 'transformer.resblocks.9.attn.q_proj.experts.5.w_lora_A', 'transformer.resblocks.9.attn.q_proj.experts.5.w_lora_B', 'transformer.resblocks.9.attn.k_proj.router.gate.weight', 'transformer.resblocks.9.attn.k_proj.experts.0.w_lora_A', 'transformer.resblocks.9.attn.k_proj.experts.0.w_lora_B', 'transformer.resblocks.9.attn.k_proj.experts.1.w_lora_A', 'transformer.resblocks.9.attn.k_proj.experts.1.w_lora_B', 'transformer.resblocks.9.attn.k_proj.experts.2.w_lora_A', 'transformer.resblocks.9.attn.k_proj.experts.2.w_lora_B', 'transformer.resblocks.9.attn.k_proj.experts.3.w_lora_A', 'transformer.resblocks.9.attn.k_proj.experts.3.w_lora_B', 'transformer.resblocks.9.attn.k_proj.experts.4.w_lora_A', 'transformer.resblocks.9.attn.k_proj.experts.4.w_lora_B', 'transformer.resblocks.9.attn.k_proj.experts.5.w_lora_A', 'transformer.resblocks.9.attn.k_proj.experts.5.w_lora_B', 'transformer.resblocks.9.attn.v_proj.router.gate.weight', 'transformer.resblocks.9.attn.v_proj.experts.0.w_lora_A', 'transformer.resblocks.9.attn.v_proj.experts.0.w_lora_B', 'transformer.resblocks.9.attn.v_proj.experts.1.w_lora_A', 'transformer.resblocks.9.attn.v_proj.experts.1.w_lora_B', 'transformer.resblocks.9.attn.v_proj.experts.2.w_lora_A', 'transformer.resblocks.9.attn.v_proj.experts.2.w_lora_B', 'transformer.resblocks.9.attn.v_proj.experts.3.w_lora_A', 'transformer.resblocks.9.attn.v_proj.experts.3.w_lora_B', 'transformer.resblocks.9.attn.v_proj.experts.4.w_lora_A', 'transformer.resblocks.9.attn.v_proj.experts.4.w_lora_B', 'transformer.resblocks.9.attn.v_proj.experts.5.w_lora_A', 'transformer.resblocks.9.attn.v_proj.experts.5.w_lora_B', 'transformer.resblocks.10.attn.q_proj.router.gate.weight', 'transformer.resblocks.10.attn.q_proj.experts.0.w_lora_A', 'transformer.resblocks.10.attn.q_proj.experts.0.w_lora_B', 'transformer.resblocks.10.attn.q_proj.experts.1.w_lora_A', 'transformer.resblocks.10.attn.q_proj.experts.1.w_lora_B', 'transformer.resblocks.10.attn.q_proj.experts.2.w_lora_A', 'transformer.resblocks.10.attn.q_proj.experts.2.w_lora_B', 'transformer.resblocks.10.attn.q_proj.experts.3.w_lora_A', 'transformer.resblocks.10.attn.q_proj.experts.3.w_lora_B', 'transformer.resblocks.10.attn.q_proj.experts.4.w_lora_A', 'transformer.resblocks.10.attn.q_proj.experts.4.w_lora_B', 'transformer.resblocks.10.attn.q_proj.experts.5.w_lora_A', 'transformer.resblocks.10.attn.q_proj.experts.5.w_lora_B', 'transformer.resblocks.10.attn.k_proj.router.gate.weight', 'transformer.resblocks.10.attn.k_proj.experts.0.w_lora_A', 'transformer.resblocks.10.attn.k_proj.experts.0.w_lora_B', 'transformer.resblocks.10.attn.k_proj.experts.1.w_lora_A', 'transformer.resblocks.10.attn.k_proj.experts.1.w_lora_B', 'transformer.resblocks.10.attn.k_proj.experts.2.w_lora_A', 'transformer.resblocks.10.attn.k_proj.experts.2.w_lora_B', 'transformer.resblocks.10.attn.k_proj.experts.3.w_lora_A', 'transformer.resblocks.10.attn.k_proj.experts.3.w_lora_B', 'transformer.resblocks.10.attn.k_proj.experts.4.w_lora_A', 'transformer.resblocks.10.attn.k_proj.experts.4.w_lora_B', 'transformer.resblocks.10.attn.k_proj.experts.5.w_lora_A', 'transformer.resblocks.10.attn.k_proj.experts.5.w_lora_B', 'transformer.resblocks.10.attn.v_proj.router.gate.weight', 'transformer.resblocks.10.attn.v_proj.experts.0.w_lora_A', 'transformer.resblocks.10.attn.v_proj.experts.0.w_lora_B', 'transformer.resblocks.10.attn.v_proj.experts.1.w_lora_A', 'transformer.resblocks.10.attn.v_proj.experts.1.w_lora_B', 'transformer.resblocks.10.attn.v_proj.experts.2.w_lora_A', 'transformer.resblocks.10.attn.v_proj.experts.2.w_lora_B', 'transformer.resblocks.10.attn.v_proj.experts.3.w_lora_A', 'transformer.resblocks.10.attn.v_proj.experts.3.w_lora_B', 'transformer.resblocks.10.attn.v_proj.experts.4.w_lora_A', 'transformer.resblocks.10.attn.v_proj.experts.4.w_lora_B', 'transformer.resblocks.10.attn.v_proj.experts.5.w_lora_A', 'transformer.resblocks.10.attn.v_proj.experts.5.w_lora_B', 'transformer.resblocks.11.attn.q_proj.router.gate.weight', 'transformer.resblocks.11.attn.q_proj.experts.0.w_lora_A', 'transformer.resblocks.11.attn.q_proj.experts.0.w_lora_B', 'transformer.resblocks.11.attn.q_proj.experts.1.w_lora_A', 'transformer.resblocks.11.attn.q_proj.experts.1.w_lora_B', 'transformer.resblocks.11.attn.q_proj.experts.2.w_lora_A', 'transformer.resblocks.11.attn.q_proj.experts.2.w_lora_B', 'transformer.resblocks.11.attn.q_proj.experts.3.w_lora_A', 'transformer.resblocks.11.attn.q_proj.experts.3.w_lora_B', 'transformer.resblocks.11.attn.q_proj.experts.4.w_lora_A', 'transformer.resblocks.11.attn.q_proj.experts.4.w_lora_B', 'transformer.resblocks.11.attn.q_proj.experts.5.w_lora_A', 'transformer.resblocks.11.attn.q_proj.experts.5.w_lora_B', 'transformer.resblocks.11.attn.k_proj.router.gate.weight', 'transformer.resblocks.11.attn.k_proj.experts.0.w_lora_A', 'transformer.resblocks.11.attn.k_proj.experts.0.w_lora_B', 'transformer.resblocks.11.attn.k_proj.experts.1.w_lora_A', 'transformer.resblocks.11.attn.k_proj.experts.1.w_lora_B', 'transformer.resblocks.11.attn.k_proj.experts.2.w_lora_A', 'transformer.resblocks.11.attn.k_proj.experts.2.w_lora_B', 'transformer.resblocks.11.attn.k_proj.experts.3.w_lora_A', 'transformer.resblocks.11.attn.k_proj.experts.3.w_lora_B', 'transformer.resblocks.11.attn.k_proj.experts.4.w_lora_A', 'transformer.resblocks.11.attn.k_proj.experts.4.w_lora_B', 'transformer.resblocks.11.attn.k_proj.experts.5.w_lora_A', 'transformer.resblocks.11.attn.k_proj.experts.5.w_lora_B', 'transformer.resblocks.11.attn.v_proj.router.gate.weight', 'transformer.resblocks.11.attn.v_proj.experts.0.w_lora_A', 'transformer.resblocks.11.attn.v_proj.experts.0.w_lora_B', 'transformer.resblocks.11.attn.v_proj.experts.1.w_lora_A', 'transformer.resblocks.11.attn.v_proj.experts.1.w_lora_B', 'transformer.resblocks.11.attn.v_proj.experts.2.w_lora_A', 'transformer.resblocks.11.attn.v_proj.experts.2.w_lora_B', 'transformer.resblocks.11.attn.v_proj.experts.3.w_lora_A', 'transformer.resblocks.11.attn.v_proj.experts.3.w_lora_B', 'transformer.resblocks.11.attn.v_proj.experts.4.w_lora_A', 'transformer.resblocks.11.attn.v_proj.experts.4.w_lora_B', 'transformer.resblocks.11.attn.v_proj.experts.5.w_lora_A', 'transformer.resblocks.11.attn.v_proj.experts.5.w_lora_B']
LR: 0.000200, Acc: 63.2353, Loss: 1.7806
LR: 0.000200, Acc: 68.6887, Loss: 1.2361
LR: 0.000200, Acc: 76.8995, Loss: 0.8291
LR: 0.000200, Acc: 80.6373, Loss: 0.7084
LR: 0.000200, Acc: 83.9461, Loss: 0.5863
LR: 0.000199, Acc: 87.9902, Loss: 0.4503
LR: 0.000199, Acc: 88.3578, Loss: 0.4251
LR: 0.000199, Acc: 91.7892, Loss: 0.3222
LR: 0.000198, Acc: 91.1152, Loss: 0.3122
LR: 0.000198, Acc: 91.7279, Loss: 0.2876
LR: 0.000198, Acc: 92.6471, Loss: 0.2988
LR: 0.000197, Acc: 92.0343, Loss: 0.3059
LR: 0.000197, Acc: 93.4436, Loss: 0.2532
LR: 0.000196, Acc: 93.8725, Loss: 0.2260
LR: 0.000196, Acc: 93.6275, Loss: 0.2210
LR: 0.000195, Acc: 93.2598, Loss: 0.2411
LR: 0.000194, Acc: 94.3627, Loss: 0.1988
LR: 0.000194, Acc: 93.6275, Loss: 0.2270
LR: 0.000193, Acc: 95.3431, Loss: 0.1771
LR: 0.000192, Acc: 94.5466, Loss: 0.1957
LR: 0.000191, Acc: 95.9559, Loss: 0.1608
LR: 0.000190, Acc: 95.2206, Loss: 0.1814
LR: 0.000190, Acc: 95.3431, Loss: 0.1679
LR: 0.000189, Acc: 95.4044, Loss: 0.1648
LR: 0.000188, Acc: 96.2623, Loss: 0.1407
LR: 0.000187, Acc: 95.9559, Loss: 0.1514
LR: 0.000186, Acc: 95.7721, Loss: 0.1506
LR: 0.000185, Acc: 95.8333, Loss: 0.1616
LR: 0.000184, Acc: 95.9559, Loss: 0.1494
LR: 0.000183, Acc: 96.0784, Loss: 0.1572
LR: 0.000181, Acc: 96.3848, Loss: 0.1289
LR: 0.000180, Acc: 96.3848, Loss: 0.1545
LR: 0.000179, Acc: 96.9363, Loss: 0.1195
LR: 0.000178, Acc: 96.3235, Loss: 0.1416
LR: 0.000177, Acc: 97.1814, Loss: 0.1127
LR: 0.000175, Acc: 96.5686, Loss: 0.1415
LR: 0.000174, Acc: 96.2010, Loss: 0.1381
LR: 0.000173, Acc: 96.6912, Loss: 0.1189
LR: 0.000171, Acc: 96.1397, Loss: 0.1500
LR: 0.000170, Acc: 97.5490, Loss: 0.0906
LR: 0.000168, Acc: 96.2623, Loss: 0.1376
LR: 0.000167, Acc: 97.2426, Loss: 0.1057
LR: 0.000165, Acc: 96.7525, Loss: 0.1104
LR: 0.000164, Acc: 96.8137, Loss: 0.1077
LR: 0.000162, Acc: 97.3039, Loss: 0.0949
LR: 0.000161, Acc: 96.7525, Loss: 0.1233
LR: 0.000159, Acc: 97.1814, Loss: 0.1142
LR: 0.000157, Acc: 96.9975, Loss: 0.1135
LR: 0.000156, Acc: 97.3039, Loss: 0.0948
LR: 0.000154, Acc: 97.6103, Loss: 0.0978
LR: 0.000152, Acc: 96.4461, Loss: 0.1199
LR: 0.000151, Acc: 96.9975, Loss: 0.1080
LR: 0.000149, Acc: 96.6912, Loss: 0.1099
LR: 0.000147, Acc: 97.2426, Loss: 0.0934
LR: 0.000145, Acc: 97.2426, Loss: 0.1106
LR: 0.000144, Acc: 97.6103, Loss: 0.0880
LR: 0.000142, Acc: 96.8750, Loss: 0.1204
LR: 0.000140, Acc: 97.3652, Loss: 0.0943
LR: 0.000138, Acc: 96.9363, Loss: 0.1137
LR: 0.000136, Acc: 97.0588, Loss: 0.1204
LR: 0.000135, Acc: 98.1005, Loss: 0.0842
LR: 0.000133, Acc: 97.5490, Loss: 0.0882
LR: 0.000131, Acc: 97.7941, Loss: 0.0889
LR: 0.000129, Acc: 97.7328, Loss: 0.0767
LR: 0.000127, Acc: 97.7328, Loss: 0.0756
LR: 0.000125, Acc: 97.9779, Loss: 0.0652
LR: 0.000123, Acc: 97.5490, Loss: 0.0826
LR: 0.000121, Acc: 97.4877, Loss: 0.0853
LR: 0.000119, Acc: 98.1618, Loss: 0.0748
LR: 0.000117, Acc: 98.2230, Loss: 0.0625
LR: 0.000115, Acc: 97.2426, Loss: 0.0921
LR: 0.000113, Acc: 98.1005, Loss: 0.0768
LR: 0.000111, Acc: 98.0392, Loss: 0.0684
LR: 0.000109, Acc: 97.4877, Loss: 0.0712
LR: 0.000107, Acc: 97.8554, Loss: 0.0730
LR: 0.000105, Acc: 98.0392, Loss: 0.0702
LR: 0.000103, Acc: 97.6103, Loss: 0.0816
LR: 0.000101, Acc: 97.7328, Loss: 0.0800
LR: 0.000099, Acc: 98.0392, Loss: 0.0626
LR: 0.000097, Acc: 97.7941, Loss: 0.0858
LR: 0.000095, Acc: 97.7328, Loss: 0.0814
LR: 0.000093, Acc: 97.6716, Loss: 0.0877
LR: 0.000091, Acc: 98.1005, Loss: 0.0649
LR: 0.000089, Acc: 98.1005, Loss: 0.0710
LR: 0.000087, Acc: 98.0392, Loss: 0.0596
LR: 0.000085, Acc: 97.8554, Loss: 0.0658
LR: 0.000084, Acc: 98.4069, Loss: 0.0590
LR: 0.000082, Acc: 97.9167, Loss: 0.0605
LR: 0.000080, Acc: 98.4681, Loss: 0.0608
LR: 0.000078, Acc: 98.5907, Loss: 0.0500
LR: 0.000076, Acc: 98.4069, Loss: 0.0604
LR: 0.000074, Acc: 97.9779, Loss: 0.0704
LR: 0.000072, Acc: 98.2843, Loss: 0.0606
LR: 0.000070, Acc: 98.7745, Loss: 0.0546
LR: 0.000068, Acc: 98.4069, Loss: 0.0599
LR: 0.000066, Acc: 98.7745, Loss: 0.0506
LR: 0.000064, Acc: 98.3456, Loss: 0.0602
LR: 0.000062, Acc: 97.8554, Loss: 0.0686
LR: 0.000061, Acc: 97.9167, Loss: 0.0662
LR: 0.000059, Acc: 98.5907, Loss: 0.0529
LR: 0.000057, Acc: 98.5907, Loss: 0.0502
LR: 0.000055, Acc: 97.7328, Loss: 0.0794
LR: 0.000053, Acc: 98.3456, Loss: 0.0523
LR: 0.000052, Acc: 97.9779, Loss: 0.0688
LR: 0.000050, Acc: 98.3456, Loss: 0.0633
LR: 0.000048, Acc: 98.4069, Loss: 0.0532
LR: 0.000047, Acc: 98.5294, Loss: 0.0618
LR: 0.000045, Acc: 98.0392, Loss: 0.0736
LR: 0.000043, Acc: 97.9779, Loss: 0.0662
LR: 0.000042, Acc: 98.2230, Loss: 0.0538
LR: 0.000040, Acc: 97.8554, Loss: 0.0739
LR: 0.000039, Acc: 98.3456, Loss: 0.0565
LR: 0.000037, Acc: 98.4681, Loss: 0.0549
LR: 0.000035, Acc: 98.1005, Loss: 0.0593
LR: 0.000034, Acc: 98.4681, Loss: 0.0628
LR: 0.000033, Acc: 98.2843, Loss: 0.0679
LR: 0.000031, Acc: 98.7132, Loss: 0.0431
LR: 0.000030, Acc: 98.3456, Loss: 0.0602
LR: 0.000028, Acc: 98.1618, Loss: 0.0541
LR: 0.000027, Acc: 98.3456, Loss: 0.0699
LR: 0.000026, Acc: 98.6520, Loss: 0.0514
LR: 0.000024, Acc: 98.7745, Loss: 0.0509
LR: 0.000023, Acc: 98.4069, Loss: 0.0683
LR: 0.000022, Acc: 98.7745, Loss: 0.0457
