created virtual environment CPython3.10.13.final.0-64 in 1858ms
  creator CPython3Posix(dest=/localscratch/pedro36.56834458.0/env, clear=False, no_vcs_ignore=False, global=False)
  seeder FromAppData(download=False, pip=bundle, setuptools=bundle, wheel=bundle, via=copy, app_data_dir=/home/pedro36/.local/share/virtualenv)
    added seed packages: pip==25.1.1, setuptools==80.7.1, wheel==0.45.1+computecanada
  activators BashActivator,CShellActivator,FishActivator,NushellActivator,PowerShellActivator,PythonActivator
Looking in links: /cvmfs/soft.computecanada.ca/custom/python/wheelhouse/gentoo2023/x86-64-v4, /cvmfs/soft.computecanada.ca/custom/python/wheelhouse/gentoo2023/x86-64-v3, /cvmfs/soft.computecanada.ca/custom/python/wheelhouse/gentoo2023/generic, /cvmfs/soft.computecanada.ca/custom/python/wheelhouse/generic
Requirement already satisfied: pip in /localscratch/pedro36.56834458.0/env/lib/python3.10/site-packages (25.1.1)
Looking in links: /cvmfs/soft.computecanada.ca/custom/python/wheelhouse/gentoo2023/x86-64-v4, /cvmfs/soft.computecanada.ca/custom/python/wheelhouse/gentoo2023/x86-64-v3, /cvmfs/soft.computecanada.ca/custom/python/wheelhouse/gentoo2023/generic, /cvmfs/soft.computecanada.ca/custom/python/wheelhouse/generic
Processing /cvmfs/soft.computecanada.ca/custom/python/wheelhouse/gentoo2023/x86-64-v3/torch-2.6.0+computecanada-cp310-cp310-linux_x86_64.whl
Processing /cvmfs/soft.computecanada.ca/custom/python/wheelhouse/gentoo2023/generic/torchvision-0.21.0+computecanada-cp310-cp310-linux_x86_64.whl
Processing /cvmfs/soft.computecanada.ca/custom/python/wheelhouse/gentoo2023/x86-64-v3/torchaudio-2.6.0+computecanada-cp310-cp310-linux_x86_64.whl
Processing /cvmfs/soft.computecanada.ca/custom/python/wheelhouse/generic/ftfy-6.3.0+computecanada-py3-none-any.whl
Processing /cvmfs/soft.computecanada.ca/custom/python/wheelhouse/gentoo2023/generic/scipy-1.15.1+computecanada-cp310-cp310-linux_x86_64.whl
Processing /cvmfs/soft.computecanada.ca/custom/python/wheelhouse/generic/regex-2024.9.11+computecanada-cp310-cp310-linux_x86_64.whl
Processing /cvmfs/soft.computecanada.ca/custom/python/wheelhouse/generic/tqdm-4.67.1+computecanada-py3-none-any.whl
Processing /cvmfs/soft.computecanada.ca/custom/python/wheelhouse/generic/gdown-5.2.0+computecanada-py3-none-any.whl
Processing /cvmfs/soft.computecanada.ca/custom/python/wheelhouse/gentoo2023/x86-64-v3/pandas-2.2.3+computecanada-cp310-cp310-linux_x86_64.whl
Processing /cvmfs/soft.computecanada.ca/custom/python/wheelhouse/generic/filelock-3.18.0+computecanada-py3-none-any.whl (from torch)
Processing /cvmfs/soft.computecanada.ca/custom/python/wheelhouse/generic/typing_extensions-4.14.0+computecanada-py3-none-any.whl (from torch)
Processing /cvmfs/soft.computecanada.ca/custom/python/wheelhouse/generic/networkx-3.5+computecanada-py3-none-any.whl (from torch)
Processing /cvmfs/soft.computecanada.ca/custom/python/wheelhouse/generic/jinja2-3.1.6+computecanada-py3-none-any.whl (from torch)
Processing /cvmfs/soft.computecanada.ca/custom/python/wheelhouse/generic/fsspec-2025.5.1+computecanada-py3-none-any.whl (from torch)
Processing /cvmfs/soft.computecanada.ca/custom/python/wheelhouse/generic/sympy-1.13.1+computecanada-py3-none-any.whl (from torch)
Processing /cvmfs/soft.computecanada.ca/custom/python/wheelhouse/generic/mpmath-1.3.0+computecanada-py3-none-any.whl (from sympy==1.13.1->torch)
Processing /cvmfs/soft.computecanada.ca/custom/python/wheelhouse/gentoo2023/generic/numpy-2.2.2+computecanada-cp310-cp310-linux_x86_64.whl (from torchvision)
Processing /cvmfs/soft.computecanada.ca/custom/python/wheelhouse/gentoo2023/x86-64-v3/Pillow_SIMD-9.5.0.post2+computecanada-cp310-cp310-linux_x86_64.whl (from torchvision)
Processing /cvmfs/soft.computecanada.ca/custom/python/wheelhouse/generic/wcwidth-0.2.13+computecanada-py2.py3-none-any.whl (from ftfy)
Processing /cvmfs/soft.computecanada.ca/custom/python/wheelhouse/generic/beautifulsoup4-4.13.4+computecanada-py3-none-any.whl (from gdown)
Processing /cvmfs/soft.computecanada.ca/custom/python/wheelhouse/generic/requests-2.32.4+computecanada-py3-none-any.whl (from gdown)
Processing /cvmfs/soft.computecanada.ca/custom/python/wheelhouse/generic/python_dateutil-2.9.0.post0+computecanada-py2.py3-none-any.whl (from pandas)
Processing /cvmfs/soft.computecanada.ca/custom/python/wheelhouse/generic/pytz-2025.2+computecanada-py2.py3-none-any.whl (from pandas)
Processing /cvmfs/soft.computecanada.ca/custom/python/wheelhouse/generic/tzdata-2025.2+computecanada-py2.py3-none-any.whl (from pandas)
Processing /cvmfs/soft.computecanada.ca/custom/python/wheelhouse/generic/six-1.17.0+computecanada-py2.py3-none-any.whl (from python-dateutil>=2.8.2->pandas)
Processing /cvmfs/soft.computecanada.ca/custom/python/wheelhouse/generic/soupsieve-2.7+computecanada-py3-none-any.whl (from beautifulsoup4->gdown)
Processing /cvmfs/soft.computecanada.ca/custom/python/wheelhouse/generic/MarkupSafe-2.1.5+computecanada-cp310-cp310-linux_x86_64.whl (from jinja2->torch)
INFO: pip is looking at multiple versions of networkx to determine which version is compatible with other requirements. This could take a while.
Processing /cvmfs/soft.computecanada.ca/custom/python/wheelhouse/generic/networkx-3.4.2+computecanada-py3-none-any.whl (from torch)
Processing /cvmfs/soft.computecanada.ca/custom/python/wheelhouse/generic/charset_normalizer-3.4.2+computecanada-py3-none-any.whl (from requests[socks]->gdown)
Processing /cvmfs/soft.computecanada.ca/custom/python/wheelhouse/generic/idna-3.10+computecanada-py3-none-any.whl (from requests[socks]->gdown)
Processing /cvmfs/soft.computecanada.ca/custom/python/wheelhouse/generic/urllib3-2.5.0+computecanada-py3-none-any.whl (from requests[socks]->gdown)
Processing /cvmfs/soft.computecanada.ca/custom/python/wheelhouse/generic/certifi-2025.6.15+computecanada-py3-none-any.whl (from requests[socks]->gdown)
Processing /cvmfs/soft.computecanada.ca/custom/python/wheelhouse/generic/PySocks-1.7.1+computecanada-py3-none-any.whl (from requests[socks]->gdown)
Installing collected packages: wcwidth, pytz, mpmath, urllib3, tzdata, typing-extensions, tqdm, sympy, soupsieve, six, regex, PySocks, pillow-simd, numpy, networkx, MarkupSafe, idna, ftfy, fsspec, filelock, charset-normalizer, certifi, scipy, requests, python-dateutil, jinja2, beautifulsoup4, torch, pandas, torchvision, torchaudio, gdown

Successfully installed MarkupSafe-2.1.5+computecanada PySocks-1.7.1+computecanada beautifulsoup4-4.13.4+computecanada certifi-2025.6.15+computecanada charset-normalizer-3.4.2+computecanada filelock-3.18.0+computecanada fsspec-2025.5.1+computecanada ftfy-6.3.0+computecanada gdown-5.2.0+computecanada idna-3.10+computecanada jinja2-3.1.6+computecanada mpmath-1.3.0+computecanada networkx-3.4.2+computecanada numpy-2.2.2+computecanada pandas-2.2.3+computecanada pillow-simd-9.5.0.post2+computecanada python-dateutil-2.9.0.post0+computecanada pytz-2025.2+computecanada regex-2024.9.11+computecanada requests-2.32.4+computecanada scipy-1.15.1+computecanada six-1.17.0+computecanada soupsieve-2.7+computecanada sympy-1.13.1+computecanada torch-2.6.0+computecanada torchaudio-2.6.0+computecanada torchvision-0.21.0+computecanada tqdm-4.67.1+computecanada typing-extensions-4.14.0+computecanada tzdata-2025.2+computecanada urllib3-2.5.0+computecanada wcwidth-0.2.13+computecanada
Preparing dataset.
Reading split from /home/pedro36/projects/def-leszek/pedro36/datasets/DATA/Flower102/split_zhou_OxfordFlowers.json
Creating a 4-shot dataset
Creating a 4-shot dataset

Getting textual features as CLIP's classifier.

Loading visual features and labels from val set.

Loading visual features and labels from test set.

**** Zero-shot CLIP's test accuracy: 67.36. ****

Residual Attention Block 0: ResidualAttentionBlock(
  (attn): MultiheadAttention(
    (out_proj): NonDynamicallyQuantizableLinear(in_features=512, out_features=512, bias=True)
  )
  (ln_1): LayerNorm((512,), eps=1e-05, elementwise_affine=True)
  (mlp): Sequential(
    (c_fc): Linear(in_features=512, out_features=2048, bias=True)
    (gelu): QuickGELU()
    (c_proj): Linear(in_features=2048, out_features=512, bias=True)
  )
  (ln_2): LayerNorm((512,), eps=1e-05, elementwise_affine=True)
)
Residual Attention Block 1: ResidualAttentionBlock(
  (attn): MultiheadAttention(
    (out_proj): NonDynamicallyQuantizableLinear(in_features=512, out_features=512, bias=True)
  )
  (ln_1): LayerNorm((512,), eps=1e-05, elementwise_affine=True)
  (mlp): Sequential(
    (c_fc): Linear(in_features=512, out_features=2048, bias=True)
    (gelu): QuickGELU()
    (c_proj): Linear(in_features=2048, out_features=512, bias=True)
  )
  (ln_2): LayerNorm((512,), eps=1e-05, elementwise_affine=True)
)
Residual Attention Block 2: ResidualAttentionBlock(
  (attn): MultiheadAttention(
    (out_proj): NonDynamicallyQuantizableLinear(in_features=512, out_features=512, bias=True)
  )
  (ln_1): LayerNorm((512,), eps=1e-05, elementwise_affine=True)
  (mlp): Sequential(
    (c_fc): Linear(in_features=512, out_features=2048, bias=True)
    (gelu): QuickGELU()
    (c_proj): Linear(in_features=2048, out_features=512, bias=True)
  )
  (ln_2): LayerNorm((512,), eps=1e-05, elementwise_affine=True)
)
Residual Attention Block 3: ResidualAttentionBlock(
  (attn): MultiheadAttention(
    (out_proj): NonDynamicallyQuantizableLinear(in_features=512, out_features=512, bias=True)
  )
  (ln_1): LayerNorm((512,), eps=1e-05, elementwise_affine=True)
  (mlp): Sequential(
    (c_fc): Linear(in_features=512, out_features=2048, bias=True)
    (gelu): QuickGELU()
    (c_proj): Linear(in_features=2048, out_features=512, bias=True)
  )
  (ln_2): LayerNorm((512,), eps=1e-05, elementwise_affine=True)
)
Residual Attention Block 4: ResidualAttentionBlock(
  (attn): MultiheadAttention(
    (out_proj): NonDynamicallyQuantizableLinear(in_features=512, out_features=512, bias=True)
  )
  (ln_1): LayerNorm((512,), eps=1e-05, elementwise_affine=True)
  (mlp): Sequential(
    (c_fc): Linear(in_features=512, out_features=2048, bias=True)
    (gelu): QuickGELU()
    (c_proj): Linear(in_features=2048, out_features=512, bias=True)
  )
  (ln_2): LayerNorm((512,), eps=1e-05, elementwise_affine=True)
)
Residual Attention Block 5: ResidualAttentionBlock(
  (attn): MultiheadAttention(
    (out_proj): NonDynamicallyQuantizableLinear(in_features=512, out_features=512, bias=True)
  )
  (ln_1): LayerNorm((512,), eps=1e-05, elementwise_affine=True)
  (mlp): Sequential(
    (c_fc): Linear(in_features=512, out_features=2048, bias=True)
    (gelu): QuickGELU()
    (c_proj): Linear(in_features=2048, out_features=512, bias=True)
  )
  (ln_2): LayerNorm((512,), eps=1e-05, elementwise_affine=True)
)
Residual Attention Block 6: ResidualAttentionBlock(
  (attn): MultiheadAttention(
    (out_proj): NonDynamicallyQuantizableLinear(in_features=512, out_features=512, bias=True)
  )
  (ln_1): LayerNorm((512,), eps=1e-05, elementwise_affine=True)
  (mlp): Sequential(
    (c_fc): Linear(in_features=512, out_features=2048, bias=True)
    (gelu): QuickGELU()
    (c_proj): Linear(in_features=2048, out_features=512, bias=True)
  )
  (ln_2): LayerNorm((512,), eps=1e-05, elementwise_affine=True)
)
Residual Attention Block 7: ResidualAttentionBlock(
  (attn): MultiheadAttention(
    (out_proj): NonDynamicallyQuantizableLinear(in_features=512, out_features=512, bias=True)
  )
  (ln_1): LayerNorm((512,), eps=1e-05, elementwise_affine=True)
  (mlp): Sequential(
    (c_fc): Linear(in_features=512, out_features=2048, bias=True)
    (gelu): QuickGELU()
    (c_proj): Linear(in_features=2048, out_features=512, bias=True)
  )
  (ln_2): LayerNorm((512,), eps=1e-05, elementwise_affine=True)
)
Residual Attention Block 8: ResidualAttentionBlock(
  (attn): MultiheadAttention(
    (out_proj): NonDynamicallyQuantizableLinear(in_features=512, out_features=512, bias=True)
  )
  (ln_1): LayerNorm((512,), eps=1e-05, elementwise_affine=True)
  (mlp): Sequential(
    (c_fc): Linear(in_features=512, out_features=2048, bias=True)
    (gelu): QuickGELU()
    (c_proj): Linear(in_features=2048, out_features=512, bias=True)
  )
  (ln_2): LayerNorm((512,), eps=1e-05, elementwise_affine=True)
)
Residual Attention Block 9: ResidualAttentionBlock(
  (attn): MultiheadAttention(
    (out_proj): NonDynamicallyQuantizableLinear(in_features=512, out_features=512, bias=True)
  )
  (ln_1): LayerNorm((512,), eps=1e-05, elementwise_affine=True)
  (mlp): Sequential(
    (c_fc): Linear(in_features=512, out_features=2048, bias=True)
    (gelu): QuickGELU()
    (c_proj): Linear(in_features=2048, out_features=512, bias=True)
  )
  (ln_2): LayerNorm((512,), eps=1e-05, elementwise_affine=True)
)
Residual Attention Block 10: ResidualAttentionBlock(
  (attn): MultiheadAttention(
    (out_proj): NonDynamicallyQuantizableLinear(in_features=512, out_features=512, bias=True)
  )
  (ln_1): LayerNorm((512,), eps=1e-05, elementwise_affine=True)
  (mlp): Sequential(
    (c_fc): Linear(in_features=512, out_features=2048, bias=True)
    (gelu): QuickGELU()
    (c_proj): Linear(in_features=2048, out_features=512, bias=True)
  )
  (ln_2): LayerNorm((512,), eps=1e-05, elementwise_affine=True)
)
Residual Attention Block 11: ResidualAttentionBlock(
  (attn): MultiheadAttention(
    (out_proj): NonDynamicallyQuantizableLinear(in_features=512, out_features=512, bias=True)
  )
  (ln_1): LayerNorm((512,), eps=1e-05, elementwise_affine=True)
  (mlp): Sequential(
    (c_fc): Linear(in_features=512, out_features=2048, bias=True)
    (gelu): QuickGELU()
    (c_proj): Linear(in_features=2048, out_features=512, bias=True)
  )
  (ln_2): LayerNorm((512,), eps=1e-05, elementwise_affine=True)
)
Residual Attention Block 0: ResidualAttentionBlock(
  (attn): MultiheadAttention(
    (out_proj): NonDynamicallyQuantizableLinear(in_features=768, out_features=768, bias=True)
  )
  (ln_1): LayerNorm((768,), eps=1e-05, elementwise_affine=True)
  (mlp): Sequential(
    (c_fc): Linear(in_features=768, out_features=3072, bias=True)
    (gelu): QuickGELU()
    (c_proj): Linear(in_features=3072, out_features=768, bias=True)
  )
  (ln_2): LayerNorm((768,), eps=1e-05, elementwise_affine=True)
)
Residual Attention Block 1: ResidualAttentionBlock(
  (attn): MultiheadAttention(
    (out_proj): NonDynamicallyQuantizableLinear(in_features=768, out_features=768, bias=True)
  )
  (ln_1): LayerNorm((768,), eps=1e-05, elementwise_affine=True)
  (mlp): Sequential(
    (c_fc): Linear(in_features=768, out_features=3072, bias=True)
    (gelu): QuickGELU()
    (c_proj): Linear(in_features=3072, out_features=768, bias=True)
  )
  (ln_2): LayerNorm((768,), eps=1e-05, elementwise_affine=True)
)
Residual Attention Block 2: ResidualAttentionBlock(
  (attn): MultiheadAttention(
    (out_proj): NonDynamicallyQuantizableLinear(in_features=768, out_features=768, bias=True)
  )
  (ln_1): LayerNorm((768,), eps=1e-05, elementwise_affine=True)
  (mlp): Sequential(
    (c_fc): Linear(in_features=768, out_features=3072, bias=True)
    (gelu): QuickGELU()
    (c_proj): Linear(in_features=3072, out_features=768, bias=True)
  )
  (ln_2): LayerNorm((768,), eps=1e-05, elementwise_affine=True)
)
Residual Attention Block 3: ResidualAttentionBlock(
  (attn): MultiheadAttention(
    (out_proj): NonDynamicallyQuantizableLinear(in_features=768, out_features=768, bias=True)
  )
  (ln_1): LayerNorm((768,), eps=1e-05, elementwise_affine=True)
  (mlp): Sequential(
    (c_fc): Linear(in_features=768, out_features=3072, bias=True)
    (gelu): QuickGELU()
    (c_proj): Linear(in_features=3072, out_features=768, bias=True)
  )
  (ln_2): LayerNorm((768,), eps=1e-05, elementwise_affine=True)
)
Residual Attention Block 4: ResidualAttentionBlock(
  (attn): MultiheadAttention(
    (out_proj): NonDynamicallyQuantizableLinear(in_features=768, out_features=768, bias=True)
  )
  (ln_1): LayerNorm((768,), eps=1e-05, elementwise_affine=True)
  (mlp): Sequential(
    (c_fc): Linear(in_features=768, out_features=3072, bias=True)
    (gelu): QuickGELU()
    (c_proj): Linear(in_features=3072, out_features=768, bias=True)
  )
  (ln_2): LayerNorm((768,), eps=1e-05, elementwise_affine=True)
)
Residual Attention Block 5: ResidualAttentionBlock(
  (attn): MultiheadAttention(
    (out_proj): NonDynamicallyQuantizableLinear(in_features=768, out_features=768, bias=True)
  )
  (ln_1): LayerNorm((768,), eps=1e-05, elementwise_affine=True)
  (mlp): Sequential(
    (c_fc): Linear(in_features=768, out_features=3072, bias=True)
    (gelu): QuickGELU()
    (c_proj): Linear(in_features=3072, out_features=768, bias=True)
  )
  (ln_2): LayerNorm((768,), eps=1e-05, elementwise_affine=True)
)
Residual Attention Block 6: ResidualAttentionBlock(
  (attn): MultiheadAttention(
    (out_proj): NonDynamicallyQuantizableLinear(in_features=768, out_features=768, bias=True)
  )
  (ln_1): LayerNorm((768,), eps=1e-05, elementwise_affine=True)
  (mlp): Sequential(
    (c_fc): Linear(in_features=768, out_features=3072, bias=True)
    (gelu): QuickGELU()
    (c_proj): Linear(in_features=3072, out_features=768, bias=True)
  )
  (ln_2): LayerNorm((768,), eps=1e-05, elementwise_affine=True)
)
Residual Attention Block 7: ResidualAttentionBlock(
  (attn): MultiheadAttention(
    (out_proj): NonDynamicallyQuantizableLinear(in_features=768, out_features=768, bias=True)
  )
  (ln_1): LayerNorm((768,), eps=1e-05, elementwise_affine=True)
  (mlp): Sequential(
    (c_fc): Linear(in_features=768, out_features=3072, bias=True)
    (gelu): QuickGELU()
    (c_proj): Linear(in_features=3072, out_features=768, bias=True)
  )
  (ln_2): LayerNorm((768,), eps=1e-05, elementwise_affine=True)
)
Residual Attention Block 8: ResidualAttentionBlock(
  (attn): MultiheadAttention(
    (out_proj): NonDynamicallyQuantizableLinear(in_features=768, out_features=768, bias=True)
  )
  (ln_1): LayerNorm((768,), eps=1e-05, elementwise_affine=True)
  (mlp): Sequential(
    (c_fc): Linear(in_features=768, out_features=3072, bias=True)
    (gelu): QuickGELU()
    (c_proj): Linear(in_features=3072, out_features=768, bias=True)
  )
  (ln_2): LayerNorm((768,), eps=1e-05, elementwise_affine=True)
)
Residual Attention Block 9: ResidualAttentionBlock(
  (attn): MultiheadAttention(
    (out_proj): NonDynamicallyQuantizableLinear(in_features=768, out_features=768, bias=True)
  )
  (ln_1): LayerNorm((768,), eps=1e-05, elementwise_affine=True)
  (mlp): Sequential(
    (c_fc): Linear(in_features=768, out_features=3072, bias=True)
    (gelu): QuickGELU()
    (c_proj): Linear(in_features=3072, out_features=768, bias=True)
  )
  (ln_2): LayerNorm((768,), eps=1e-05, elementwise_affine=True)
)
Residual Attention Block 10: ResidualAttentionBlock(
  (attn): MultiheadAttention(
    (out_proj): NonDynamicallyQuantizableLinear(in_features=768, out_features=768, bias=True)
  )
  (ln_1): LayerNorm((768,), eps=1e-05, elementwise_affine=True)
  (mlp): Sequential(
    (c_fc): Linear(in_features=768, out_features=3072, bias=True)
    (gelu): QuickGELU()
    (c_proj): Linear(in_features=3072, out_features=768, bias=True)
  )
  (ln_2): LayerNorm((768,), eps=1e-05, elementwise_affine=True)
)
Residual Attention Block 11: ResidualAttentionBlock(
  (attn): MultiheadAttention(
    (out_proj): NonDynamicallyQuantizableLinear(in_features=768, out_features=768, bias=True)
  )
  (ln_1): LayerNorm((768,), eps=1e-05, elementwise_affine=True)
  (mlp): Sequential(
    (c_fc): Linear(in_features=768, out_features=3072, bias=True)
    (gelu): QuickGELU()
    (c_proj): Linear(in_features=3072, out_features=768, bias=True)
  )
  (ln_2): LayerNorm((768,), eps=1e-05, elementwise_affine=True)
)
LR: 0.000200, Acc: 61.5196, Loss: 2.0478
LR: 0.000200, Acc: 64.7059, Loss: 1.8827
LR: 0.000200, Acc: 63.2353, Loss: 1.8094
LR: 0.000200, Acc: 67.1569, Loss: 1.5751
LR: 0.000199, Acc: 69.3627, Loss: 1.2997
LR: 0.000199, Acc: 68.8725, Loss: 1.1729
LR: 0.000199, Acc: 72.3039, Loss: 1.0311
LR: 0.000199, Acc: 75.4902, Loss: 0.9574
LR: 0.000198, Acc: 75.7353, Loss: 0.9107
LR: 0.000198, Acc: 78.9216, Loss: 0.7601
LR: 0.000198, Acc: 77.9412, Loss: 0.7264
LR: 0.000197, Acc: 85.0490, Loss: 0.5883
LR: 0.000197, Acc: 83.8235, Loss: 0.5788
LR: 0.000196, Acc: 87.2549, Loss: 0.4772
LR: 0.000195, Acc: 92.1569, Loss: 0.3497
LR: 0.000195, Acc: 92.1569, Loss: 0.3233
LR: 0.000194, Acc: 92.4020, Loss: 0.3510
LR: 0.000193, Acc: 90.1961, Loss: 0.3546
LR: 0.000193, Acc: 91.6667, Loss: 0.3742
LR: 0.000192, Acc: 91.6667, Loss: 0.3117
LR: 0.000191, Acc: 92.8922, Loss: 0.2762
LR: 0.000190, Acc: 91.1765, Loss: 0.3249
LR: 0.000189, Acc: 92.8922, Loss: 0.2718
LR: 0.000188, Acc: 95.3431, Loss: 0.2128
LR: 0.000187, Acc: 95.3431, Loss: 0.2151
LR: 0.000186, Acc: 92.8922, Loss: 0.2417
LR: 0.000185, Acc: 92.8922, Loss: 0.2717
LR: 0.000184, Acc: 94.8529, Loss: 0.2687
LR: 0.000183, Acc: 93.8725, Loss: 0.2430
LR: 0.000182, Acc: 94.6078, Loss: 0.2241
LR: 0.000181, Acc: 96.5686, Loss: 0.1573
LR: 0.000180, Acc: 94.8529, Loss: 0.2211
LR: 0.000178, Acc: 94.1176, Loss: 0.2024
LR: 0.000177, Acc: 95.8333, Loss: 0.1589
LR: 0.000176, Acc: 95.8333, Loss: 0.1546
LR: 0.000174, Acc: 96.0784, Loss: 0.1417
LR: 0.000173, Acc: 96.0784, Loss: 0.1436
LR: 0.000172, Acc: 95.8333, Loss: 0.1939
LR: 0.000170, Acc: 94.1176, Loss: 0.1976
LR: 0.000169, Acc: 95.0980, Loss: 0.1904
LR: 0.000167, Acc: 96.0784, Loss: 0.1851
LR: 0.000166, Acc: 95.3431, Loss: 0.1856
LR: 0.000164, Acc: 96.8137, Loss: 0.1197
LR: 0.000162, Acc: 97.7941, Loss: 0.0923
LR: 0.000161, Acc: 97.5490, Loss: 0.1446
LR: 0.000159, Acc: 95.0980, Loss: 0.1911
LR: 0.000158, Acc: 96.3235, Loss: 0.1496
LR: 0.000156, Acc: 94.3627, Loss: 0.1807
LR: 0.000154, Acc: 96.8137, Loss: 0.1290
LR: 0.000152, Acc: 97.0588, Loss: 0.1374
LR: 0.000151, Acc: 93.6275, Loss: 0.2072
LR: 0.000149, Acc: 97.5490, Loss: 0.1364
LR: 0.000147, Acc: 96.3235, Loss: 0.1528
LR: 0.000145, Acc: 96.0784, Loss: 0.1566
LR: 0.000144, Acc: 97.0588, Loss: 0.0926
LR: 0.000142, Acc: 96.8137, Loss: 0.1317
LR: 0.000140, Acc: 95.8333, Loss: 0.1768
LR: 0.000138, Acc: 96.5686, Loss: 0.1387
LR: 0.000136, Acc: 96.5686, Loss: 0.1153
LR: 0.000134, Acc: 97.7941, Loss: 0.0854
LR: 0.000132, Acc: 98.0392, Loss: 0.0743
LR: 0.000130, Acc: 96.5686, Loss: 0.1347
LR: 0.000128, Acc: 96.3235, Loss: 0.1348
LR: 0.000126, Acc: 98.0392, Loss: 0.1104
LR: 0.000124, Acc: 96.3235, Loss: 0.1285
LR: 0.000123, Acc: 97.3039, Loss: 0.1386
LR: 0.000121, Acc: 98.0392, Loss: 0.0995
LR: 0.000119, Acc: 97.0588, Loss: 0.1243
LR: 0.000117, Acc: 97.0588, Loss: 0.1451
LR: 0.000115, Acc: 97.5490, Loss: 0.0942
LR: 0.000113, Acc: 96.5686, Loss: 0.1360
LR: 0.000110, Acc: 97.0588, Loss: 0.1304
LR: 0.000108, Acc: 97.7941, Loss: 0.0741
LR: 0.000106, Acc: 98.5294, Loss: 0.0751
LR: 0.000104, Acc: 96.3235, Loss: 0.1338
LR: 0.000102, Acc: 97.0588, Loss: 0.1150
LR: 0.000100, Acc: 97.3039, Loss: 0.1300
LR: 0.000098, Acc: 98.2843, Loss: 0.0846
LR: 0.000096, Acc: 97.5490, Loss: 0.1178
LR: 0.000094, Acc: 97.0588, Loss: 0.1394
LR: 0.000092, Acc: 96.8137, Loss: 0.1183
LR: 0.000090, Acc: 97.7941, Loss: 0.0856
LR: 0.000088, Acc: 96.8137, Loss: 0.1373
LR: 0.000086, Acc: 96.8137, Loss: 0.1090
LR: 0.000084, Acc: 95.5882, Loss: 0.1749
LR: 0.000082, Acc: 98.5294, Loss: 0.0735
LR: 0.000080, Acc: 97.3039, Loss: 0.1146
LR: 0.000078, Acc: 97.5490, Loss: 0.0744
LR: 0.000076, Acc: 97.3039, Loss: 0.0836
LR: 0.000074, Acc: 98.2843, Loss: 0.0647
LR: 0.000072, Acc: 97.3039, Loss: 0.0937
LR: 0.000070, Acc: 96.8137, Loss: 0.1285
LR: 0.000068, Acc: 96.8137, Loss: 0.1082
LR: 0.000067, Acc: 98.0392, Loss: 0.0838
LR: 0.000065, Acc: 97.3039, Loss: 0.0894
LR: 0.000063, Acc: 97.5490, Loss: 0.0706
LR: 0.000061, Acc: 97.3039, Loss: 0.0945
LR: 0.000059, Acc: 98.2843, Loss: 0.0757
LR: 0.000057, Acc: 96.8137, Loss: 0.1158
LR: 0.000055, Acc: 98.2843, Loss: 0.0599
LR: 0.000054, Acc: 98.0392, Loss: 0.0645
LR: 0.000052, Acc: 97.0588, Loss: 0.0867
LR: 0.000050, Acc: 98.2843, Loss: 0.0742
LR: 0.000048, Acc: 97.7941, Loss: 0.0618
LR: 0.000047, Acc: 97.0588, Loss: 0.1194
LR: 0.000045, Acc: 98.7745, Loss: 0.0775
LR: 0.000043, Acc: 97.7941, Loss: 0.0956
LR: 0.000042, Acc: 98.7745, Loss: 0.0482
LR: 0.000040, Acc: 99.0196, Loss: 0.0649
LR: 0.000038, Acc: 98.5294, Loss: 0.0659
LR: 0.000037, Acc: 98.7745, Loss: 0.0619
LR: 0.000035, Acc: 98.7745, Loss: 0.0595
LR: 0.000034, Acc: 97.5490, Loss: 0.0707
LR: 0.000032, Acc: 98.2843, Loss: 0.0839
LR: 0.000031, Acc: 97.5490, Loss: 0.0976
LR: 0.000029, Acc: 98.2843, Loss: 0.0785
LR: 0.000028, Acc: 97.7941, Loss: 0.0799
LR: 0.000026, Acc: 98.2843, Loss: 0.0559
LR: 0.000025, Acc: 96.5686, Loss: 0.1236
LR: 0.000024, Acc: 97.5490, Loss: 0.0708
LR: 0.000023, Acc: 97.5490, Loss: 0.1012
LR: 0.000021, Acc: 97.3039, Loss: 0.0767
LR: 0.000020, Acc: 97.7941, Loss: 0.0853
LR: 0.000019, Acc: 99.0196, Loss: 0.0485
LR: 0.000018, Acc: 97.0588, Loss: 0.0903
LR: 0.000017, Acc: 98.5294, Loss: 0.0608
LR: 0.000016, Acc: 98.2843, Loss: 0.0699
LR: 0.000015, Acc: 98.0392, Loss: 0.0720
LR: 0.000014, Acc: 98.5294, Loss: 0.0383
LR: 0.000013, Acc: 97.5490, Loss: 0.1098
LR: 0.000012, Acc: 98.2843, Loss: 0.0714
LR: 0.000011, Acc: 98.7745, Loss: 0.0567
LR: 0.000010, Acc: 98.5294, Loss: 0.0813
LR: 0.000009, Acc: 96.5686, Loss: 0.1141
LR: 0.000008, Acc: 98.5294, Loss: 0.0646
LR: 0.000008, Acc: 97.0588, Loss: 0.1310
LR: 0.000007, Acc: 98.5294, Loss: 0.0683
LR: 0.000006, Acc: 98.5294, Loss: 0.0686
LR: 0.000006, Acc: 98.5294, Loss: 0.0673
LR: 0.000005, Acc: 98.7745, Loss: 0.0565
LR: 0.000004, Acc: 98.5294, Loss: 0.0708
LR: 0.000004, Acc: 99.2647, Loss: 0.0310
LR: 0.000003, Acc: 98.2843, Loss: 0.0549
LR: 0.000003, Acc: 99.2647, Loss: 0.0383
LR: 0.000003, Acc: 98.0392, Loss: 0.0768
LR: 0.000002, Acc: 98.5294, Loss: 0.0746
LR: 0.000002, Acc: 97.3039, Loss: 0.1024
LR: 0.000002, Acc: 98.2843, Loss: 0.0696
LR: 0.000001, Acc: 97.3039, Loss: 0.0715
LR: 0.000001, Acc: 98.7745, Loss: 0.0483
LR: 0.000001, Acc: 99.0196, Loss: 0.0553
LR: 0.000001, Acc: 97.7941, Loss: 0.1000
LR: 0.000001, Acc: 98.7745, Loss: 0.0537
**** Final test accuracy: 93.79. ****

LoRA weights saved to weights/vitb16/oxford_flowers/4shots/seed1/CLIP-LoRA_oxford_flowers.pt
