created virtual environment CPython3.10.13.final.0-64 in 4413ms
  creator CPython3Posix(dest=/localscratch/pedro36.56834452.0/env, clear=False, no_vcs_ignore=False, global=False)
  seeder FromAppData(download=False, pip=bundle, setuptools=bundle, wheel=bundle, via=copy, app_data_dir=/home/pedro36/.local/share/virtualenv)
    added seed packages: pip==25.1.1, setuptools==80.7.1, wheel==0.45.1+computecanada
  activators BashActivator,CShellActivator,FishActivator,NushellActivator,PowerShellActivator,PythonActivator
Looking in links: /cvmfs/soft.computecanada.ca/custom/python/wheelhouse/gentoo2023/x86-64-v4, /cvmfs/soft.computecanada.ca/custom/python/wheelhouse/gentoo2023/x86-64-v3, /cvmfs/soft.computecanada.ca/custom/python/wheelhouse/gentoo2023/generic, /cvmfs/soft.computecanada.ca/custom/python/wheelhouse/generic
Requirement already satisfied: pip in /localscratch/pedro36.56834452.0/env/lib/python3.10/site-packages (25.1.1)
Looking in links: /cvmfs/soft.computecanada.ca/custom/python/wheelhouse/gentoo2023/x86-64-v4, /cvmfs/soft.computecanada.ca/custom/python/wheelhouse/gentoo2023/x86-64-v3, /cvmfs/soft.computecanada.ca/custom/python/wheelhouse/gentoo2023/generic, /cvmfs/soft.computecanada.ca/custom/python/wheelhouse/generic
Processing /cvmfs/soft.computecanada.ca/custom/python/wheelhouse/gentoo2023/x86-64-v3/torch-2.6.0+computecanada-cp310-cp310-linux_x86_64.whl
Processing /cvmfs/soft.computecanada.ca/custom/python/wheelhouse/gentoo2023/generic/torchvision-0.21.0+computecanada-cp310-cp310-linux_x86_64.whl
Processing /cvmfs/soft.computecanada.ca/custom/python/wheelhouse/gentoo2023/x86-64-v3/torchaudio-2.6.0+computecanada-cp310-cp310-linux_x86_64.whl
Processing /cvmfs/soft.computecanada.ca/custom/python/wheelhouse/generic/ftfy-6.3.0+computecanada-py3-none-any.whl
Processing /cvmfs/soft.computecanada.ca/custom/python/wheelhouse/gentoo2023/generic/scipy-1.15.1+computecanada-cp310-cp310-linux_x86_64.whl
Processing /cvmfs/soft.computecanada.ca/custom/python/wheelhouse/generic/regex-2024.9.11+computecanada-cp310-cp310-linux_x86_64.whl
Processing /cvmfs/soft.computecanada.ca/custom/python/wheelhouse/generic/tqdm-4.67.1+computecanada-py3-none-any.whl
Processing /cvmfs/soft.computecanada.ca/custom/python/wheelhouse/generic/gdown-5.2.0+computecanada-py3-none-any.whl
Processing /cvmfs/soft.computecanada.ca/custom/python/wheelhouse/gentoo2023/x86-64-v3/pandas-2.2.3+computecanada-cp310-cp310-linux_x86_64.whl
Processing /cvmfs/soft.computecanada.ca/custom/python/wheelhouse/generic/filelock-3.18.0+computecanada-py3-none-any.whl (from torch)
Processing /cvmfs/soft.computecanada.ca/custom/python/wheelhouse/generic/typing_extensions-4.14.0+computecanada-py3-none-any.whl (from torch)
Processing /cvmfs/soft.computecanada.ca/custom/python/wheelhouse/generic/networkx-3.5+computecanada-py3-none-any.whl (from torch)
Processing /cvmfs/soft.computecanada.ca/custom/python/wheelhouse/generic/jinja2-3.1.6+computecanada-py3-none-any.whl (from torch)
Processing /cvmfs/soft.computecanada.ca/custom/python/wheelhouse/generic/fsspec-2025.5.1+computecanada-py3-none-any.whl (from torch)
Processing /cvmfs/soft.computecanada.ca/custom/python/wheelhouse/generic/sympy-1.13.1+computecanada-py3-none-any.whl (from torch)
Processing /cvmfs/soft.computecanada.ca/custom/python/wheelhouse/generic/mpmath-1.3.0+computecanada-py3-none-any.whl (from sympy==1.13.1->torch)
Processing /cvmfs/soft.computecanada.ca/custom/python/wheelhouse/gentoo2023/generic/numpy-2.2.2+computecanada-cp310-cp310-linux_x86_64.whl (from torchvision)
Processing /cvmfs/soft.computecanada.ca/custom/python/wheelhouse/gentoo2023/x86-64-v3/Pillow_SIMD-9.5.0.post2+computecanada-cp310-cp310-linux_x86_64.whl (from torchvision)
Processing /cvmfs/soft.computecanada.ca/custom/python/wheelhouse/generic/wcwidth-0.2.13+computecanada-py2.py3-none-any.whl (from ftfy)
Processing /cvmfs/soft.computecanada.ca/custom/python/wheelhouse/generic/beautifulsoup4-4.13.4+computecanada-py3-none-any.whl (from gdown)
Processing /cvmfs/soft.computecanada.ca/custom/python/wheelhouse/generic/requests-2.32.4+computecanada-py3-none-any.whl (from gdown)
Processing /cvmfs/soft.computecanada.ca/custom/python/wheelhouse/generic/python_dateutil-2.9.0.post0+computecanada-py2.py3-none-any.whl (from pandas)
Processing /cvmfs/soft.computecanada.ca/custom/python/wheelhouse/generic/pytz-2025.2+computecanada-py2.py3-none-any.whl (from pandas)
Processing /cvmfs/soft.computecanada.ca/custom/python/wheelhouse/generic/tzdata-2025.2+computecanada-py2.py3-none-any.whl (from pandas)
Processing /cvmfs/soft.computecanada.ca/custom/python/wheelhouse/generic/six-1.17.0+computecanada-py2.py3-none-any.whl (from python-dateutil>=2.8.2->pandas)
Processing /cvmfs/soft.computecanada.ca/custom/python/wheelhouse/generic/soupsieve-2.7+computecanada-py3-none-any.whl (from beautifulsoup4->gdown)
Processing /cvmfs/soft.computecanada.ca/custom/python/wheelhouse/generic/MarkupSafe-2.1.5+computecanada-cp310-cp310-linux_x86_64.whl (from jinja2->torch)
INFO: pip is looking at multiple versions of networkx to determine which version is compatible with other requirements. This could take a while.
Processing /cvmfs/soft.computecanada.ca/custom/python/wheelhouse/generic/networkx-3.4.2+computecanada-py3-none-any.whl (from torch)
Processing /cvmfs/soft.computecanada.ca/custom/python/wheelhouse/generic/charset_normalizer-3.4.2+computecanada-py3-none-any.whl (from requests[socks]->gdown)
Processing /cvmfs/soft.computecanada.ca/custom/python/wheelhouse/generic/idna-3.10+computecanada-py3-none-any.whl (from requests[socks]->gdown)
Processing /cvmfs/soft.computecanada.ca/custom/python/wheelhouse/generic/urllib3-2.5.0+computecanada-py3-none-any.whl (from requests[socks]->gdown)
Processing /cvmfs/soft.computecanada.ca/custom/python/wheelhouse/generic/certifi-2025.6.15+computecanada-py3-none-any.whl (from requests[socks]->gdown)
Processing /cvmfs/soft.computecanada.ca/custom/python/wheelhouse/generic/PySocks-1.7.1+computecanada-py3-none-any.whl (from requests[socks]->gdown)
Installing collected packages: wcwidth, pytz, mpmath, urllib3, tzdata, typing-extensions, tqdm, sympy, soupsieve, six, regex, PySocks, pillow-simd, numpy, networkx, MarkupSafe, idna, ftfy, fsspec, filelock, charset-normalizer, certifi, scipy, requests, python-dateutil, jinja2, beautifulsoup4, torch, pandas, torchvision, torchaudio, gdown

Successfully installed MarkupSafe-2.1.5+computecanada PySocks-1.7.1+computecanada beautifulsoup4-4.13.4+computecanada certifi-2025.6.15+computecanada charset-normalizer-3.4.2+computecanada filelock-3.18.0+computecanada fsspec-2025.5.1+computecanada ftfy-6.3.0+computecanada gdown-5.2.0+computecanada idna-3.10+computecanada jinja2-3.1.6+computecanada mpmath-1.3.0+computecanada networkx-3.4.2+computecanada numpy-2.2.2+computecanada pandas-2.2.3+computecanada pillow-simd-9.5.0.post2+computecanada python-dateutil-2.9.0.post0+computecanada pytz-2025.2+computecanada regex-2024.9.11+computecanada requests-2.32.4+computecanada scipy-1.15.1+computecanada six-1.17.0+computecanada soupsieve-2.7+computecanada sympy-1.13.1+computecanada torch-2.6.0+computecanada torchaudio-2.6.0+computecanada torchvision-0.21.0+computecanada tqdm-4.67.1+computecanada typing-extensions-4.14.0+computecanada tzdata-2025.2+computecanada urllib3-2.5.0+computecanada wcwidth-0.2.13+computecanada
Preparing dataset.
Reading split from /home/pedro36/projects/def-leszek/pedro36/datasets/DATA/OxfordPets/split_zhou_OxfordPets.json
Creating a 2-shot dataset
Creating a 2-shot dataset

Getting textual features as CLIP's classifier.

Loading visual features and labels from val set.

Loading visual features and labels from test set.

**** Zero-shot CLIP's test accuracy: 88.20. ****

Residual Attention Block 0: ResidualAttentionBlock(
  (attn): MultiheadAttention(
    (out_proj): NonDynamicallyQuantizableLinear(in_features=512, out_features=512, bias=True)
  )
  (ln_1): LayerNorm((512,), eps=1e-05, elementwise_affine=True)
  (mlp): Sequential(
    (c_fc): Linear(in_features=512, out_features=2048, bias=True)
    (gelu): QuickGELU()
    (c_proj): Linear(in_features=2048, out_features=512, bias=True)
  )
  (ln_2): LayerNorm((512,), eps=1e-05, elementwise_affine=True)
)
Residual Attention Block 1: ResidualAttentionBlock(
  (attn): MultiheadAttention(
    (out_proj): NonDynamicallyQuantizableLinear(in_features=512, out_features=512, bias=True)
  )
  (ln_1): LayerNorm((512,), eps=1e-05, elementwise_affine=True)
  (mlp): Sequential(
    (c_fc): Linear(in_features=512, out_features=2048, bias=True)
    (gelu): QuickGELU()
    (c_proj): Linear(in_features=2048, out_features=512, bias=True)
  )
  (ln_2): LayerNorm((512,), eps=1e-05, elementwise_affine=True)
)
Residual Attention Block 2: ResidualAttentionBlock(
  (attn): MultiheadAttention(
    (out_proj): NonDynamicallyQuantizableLinear(in_features=512, out_features=512, bias=True)
  )
  (ln_1): LayerNorm((512,), eps=1e-05, elementwise_affine=True)
  (mlp): Sequential(
    (c_fc): Linear(in_features=512, out_features=2048, bias=True)
    (gelu): QuickGELU()
    (c_proj): Linear(in_features=2048, out_features=512, bias=True)
  )
  (ln_2): LayerNorm((512,), eps=1e-05, elementwise_affine=True)
)
Residual Attention Block 3: ResidualAttentionBlock(
  (attn): MultiheadAttention(
    (out_proj): NonDynamicallyQuantizableLinear(in_features=512, out_features=512, bias=True)
  )
  (ln_1): LayerNorm((512,), eps=1e-05, elementwise_affine=True)
  (mlp): Sequential(
    (c_fc): Linear(in_features=512, out_features=2048, bias=True)
    (gelu): QuickGELU()
    (c_proj): Linear(in_features=2048, out_features=512, bias=True)
  )
  (ln_2): LayerNorm((512,), eps=1e-05, elementwise_affine=True)
)
Residual Attention Block 4: ResidualAttentionBlock(
  (attn): MultiheadAttention(
    (out_proj): NonDynamicallyQuantizableLinear(in_features=512, out_features=512, bias=True)
  )
  (ln_1): LayerNorm((512,), eps=1e-05, elementwise_affine=True)
  (mlp): Sequential(
    (c_fc): Linear(in_features=512, out_features=2048, bias=True)
    (gelu): QuickGELU()
    (c_proj): Linear(in_features=2048, out_features=512, bias=True)
  )
  (ln_2): LayerNorm((512,), eps=1e-05, elementwise_affine=True)
)
Residual Attention Block 5: ResidualAttentionBlock(
  (attn): MultiheadAttention(
    (out_proj): NonDynamicallyQuantizableLinear(in_features=512, out_features=512, bias=True)
  )
  (ln_1): LayerNorm((512,), eps=1e-05, elementwise_affine=True)
  (mlp): Sequential(
    (c_fc): Linear(in_features=512, out_features=2048, bias=True)
    (gelu): QuickGELU()
    (c_proj): Linear(in_features=2048, out_features=512, bias=True)
  )
  (ln_2): LayerNorm((512,), eps=1e-05, elementwise_affine=True)
)
Residual Attention Block 6: ResidualAttentionBlock(
  (attn): MultiheadAttention(
    (out_proj): NonDynamicallyQuantizableLinear(in_features=512, out_features=512, bias=True)
  )
  (ln_1): LayerNorm((512,), eps=1e-05, elementwise_affine=True)
  (mlp): Sequential(
    (c_fc): Linear(in_features=512, out_features=2048, bias=True)
    (gelu): QuickGELU()
    (c_proj): Linear(in_features=2048, out_features=512, bias=True)
  )
  (ln_2): LayerNorm((512,), eps=1e-05, elementwise_affine=True)
)
Residual Attention Block 7: ResidualAttentionBlock(
  (attn): MultiheadAttention(
    (out_proj): NonDynamicallyQuantizableLinear(in_features=512, out_features=512, bias=True)
  )
  (ln_1): LayerNorm((512,), eps=1e-05, elementwise_affine=True)
  (mlp): Sequential(
    (c_fc): Linear(in_features=512, out_features=2048, bias=True)
    (gelu): QuickGELU()
    (c_proj): Linear(in_features=2048, out_features=512, bias=True)
  )
  (ln_2): LayerNorm((512,), eps=1e-05, elementwise_affine=True)
)
Residual Attention Block 8: ResidualAttentionBlock(
  (attn): MultiheadAttention(
    (out_proj): NonDynamicallyQuantizableLinear(in_features=512, out_features=512, bias=True)
  )
  (ln_1): LayerNorm((512,), eps=1e-05, elementwise_affine=True)
  (mlp): Sequential(
    (c_fc): Linear(in_features=512, out_features=2048, bias=True)
    (gelu): QuickGELU()
    (c_proj): Linear(in_features=2048, out_features=512, bias=True)
  )
  (ln_2): LayerNorm((512,), eps=1e-05, elementwise_affine=True)
)
Residual Attention Block 9: ResidualAttentionBlock(
  (attn): MultiheadAttention(
    (out_proj): NonDynamicallyQuantizableLinear(in_features=512, out_features=512, bias=True)
  )
  (ln_1): LayerNorm((512,), eps=1e-05, elementwise_affine=True)
  (mlp): Sequential(
    (c_fc): Linear(in_features=512, out_features=2048, bias=True)
    (gelu): QuickGELU()
    (c_proj): Linear(in_features=2048, out_features=512, bias=True)
  )
  (ln_2): LayerNorm((512,), eps=1e-05, elementwise_affine=True)
)
Residual Attention Block 10: ResidualAttentionBlock(
  (attn): MultiheadAttention(
    (out_proj): NonDynamicallyQuantizableLinear(in_features=512, out_features=512, bias=True)
  )
  (ln_1): LayerNorm((512,), eps=1e-05, elementwise_affine=True)
  (mlp): Sequential(
    (c_fc): Linear(in_features=512, out_features=2048, bias=True)
    (gelu): QuickGELU()
    (c_proj): Linear(in_features=2048, out_features=512, bias=True)
  )
  (ln_2): LayerNorm((512,), eps=1e-05, elementwise_affine=True)
)
Residual Attention Block 11: ResidualAttentionBlock(
  (attn): MultiheadAttention(
    (out_proj): NonDynamicallyQuantizableLinear(in_features=512, out_features=512, bias=True)
  )
  (ln_1): LayerNorm((512,), eps=1e-05, elementwise_affine=True)
  (mlp): Sequential(
    (c_fc): Linear(in_features=512, out_features=2048, bias=True)
    (gelu): QuickGELU()
    (c_proj): Linear(in_features=2048, out_features=512, bias=True)
  )
  (ln_2): LayerNorm((512,), eps=1e-05, elementwise_affine=True)
)
Residual Attention Block 0: ResidualAttentionBlock(
  (attn): MultiheadAttention(
    (out_proj): NonDynamicallyQuantizableLinear(in_features=768, out_features=768, bias=True)
  )
  (ln_1): LayerNorm((768,), eps=1e-05, elementwise_affine=True)
  (mlp): Sequential(
    (c_fc): Linear(in_features=768, out_features=3072, bias=True)
    (gelu): QuickGELU()
    (c_proj): Linear(in_features=3072, out_features=768, bias=True)
  )
  (ln_2): LayerNorm((768,), eps=1e-05, elementwise_affine=True)
)
Residual Attention Block 1: ResidualAttentionBlock(
  (attn): MultiheadAttention(
    (out_proj): NonDynamicallyQuantizableLinear(in_features=768, out_features=768, bias=True)
  )
  (ln_1): LayerNorm((768,), eps=1e-05, elementwise_affine=True)
  (mlp): Sequential(
    (c_fc): Linear(in_features=768, out_features=3072, bias=True)
    (gelu): QuickGELU()
    (c_proj): Linear(in_features=3072, out_features=768, bias=True)
  )
  (ln_2): LayerNorm((768,), eps=1e-05, elementwise_affine=True)
)
Residual Attention Block 2: ResidualAttentionBlock(
  (attn): MultiheadAttention(
    (out_proj): NonDynamicallyQuantizableLinear(in_features=768, out_features=768, bias=True)
  )
  (ln_1): LayerNorm((768,), eps=1e-05, elementwise_affine=True)
  (mlp): Sequential(
    (c_fc): Linear(in_features=768, out_features=3072, bias=True)
    (gelu): QuickGELU()
    (c_proj): Linear(in_features=3072, out_features=768, bias=True)
  )
  (ln_2): LayerNorm((768,), eps=1e-05, elementwise_affine=True)
)
Residual Attention Block 3: ResidualAttentionBlock(
  (attn): MultiheadAttention(
    (out_proj): NonDynamicallyQuantizableLinear(in_features=768, out_features=768, bias=True)
  )
  (ln_1): LayerNorm((768,), eps=1e-05, elementwise_affine=True)
  (mlp): Sequential(
    (c_fc): Linear(in_features=768, out_features=3072, bias=True)
    (gelu): QuickGELU()
    (c_proj): Linear(in_features=3072, out_features=768, bias=True)
  )
  (ln_2): LayerNorm((768,), eps=1e-05, elementwise_affine=True)
)
Residual Attention Block 4: ResidualAttentionBlock(
  (attn): MultiheadAttention(
    (out_proj): NonDynamicallyQuantizableLinear(in_features=768, out_features=768, bias=True)
  )
  (ln_1): LayerNorm((768,), eps=1e-05, elementwise_affine=True)
  (mlp): Sequential(
    (c_fc): Linear(in_features=768, out_features=3072, bias=True)
    (gelu): QuickGELU()
    (c_proj): Linear(in_features=3072, out_features=768, bias=True)
  )
  (ln_2): LayerNorm((768,), eps=1e-05, elementwise_affine=True)
)
Residual Attention Block 5: ResidualAttentionBlock(
  (attn): MultiheadAttention(
    (out_proj): NonDynamicallyQuantizableLinear(in_features=768, out_features=768, bias=True)
  )
  (ln_1): LayerNorm((768,), eps=1e-05, elementwise_affine=True)
  (mlp): Sequential(
    (c_fc): Linear(in_features=768, out_features=3072, bias=True)
    (gelu): QuickGELU()
    (c_proj): Linear(in_features=3072, out_features=768, bias=True)
  )
  (ln_2): LayerNorm((768,), eps=1e-05, elementwise_affine=True)
)
Residual Attention Block 6: ResidualAttentionBlock(
  (attn): MultiheadAttention(
    (out_proj): NonDynamicallyQuantizableLinear(in_features=768, out_features=768, bias=True)
  )
  (ln_1): LayerNorm((768,), eps=1e-05, elementwise_affine=True)
  (mlp): Sequential(
    (c_fc): Linear(in_features=768, out_features=3072, bias=True)
    (gelu): QuickGELU()
    (c_proj): Linear(in_features=3072, out_features=768, bias=True)
  )
  (ln_2): LayerNorm((768,), eps=1e-05, elementwise_affine=True)
)
Residual Attention Block 7: ResidualAttentionBlock(
  (attn): MultiheadAttention(
    (out_proj): NonDynamicallyQuantizableLinear(in_features=768, out_features=768, bias=True)
  )
  (ln_1): LayerNorm((768,), eps=1e-05, elementwise_affine=True)
  (mlp): Sequential(
    (c_fc): Linear(in_features=768, out_features=3072, bias=True)
    (gelu): QuickGELU()
    (c_proj): Linear(in_features=3072, out_features=768, bias=True)
  )
  (ln_2): LayerNorm((768,), eps=1e-05, elementwise_affine=True)
)
Residual Attention Block 8: ResidualAttentionBlock(
  (attn): MultiheadAttention(
    (out_proj): NonDynamicallyQuantizableLinear(in_features=768, out_features=768, bias=True)
  )
  (ln_1): LayerNorm((768,), eps=1e-05, elementwise_affine=True)
  (mlp): Sequential(
    (c_fc): Linear(in_features=768, out_features=3072, bias=True)
    (gelu): QuickGELU()
    (c_proj): Linear(in_features=3072, out_features=768, bias=True)
  )
  (ln_2): LayerNorm((768,), eps=1e-05, elementwise_affine=True)
)
Residual Attention Block 9: ResidualAttentionBlock(
  (attn): MultiheadAttention(
    (out_proj): NonDynamicallyQuantizableLinear(in_features=768, out_features=768, bias=True)
  )
  (ln_1): LayerNorm((768,), eps=1e-05, elementwise_affine=True)
  (mlp): Sequential(
    (c_fc): Linear(in_features=768, out_features=3072, bias=True)
    (gelu): QuickGELU()
    (c_proj): Linear(in_features=3072, out_features=768, bias=True)
  )
  (ln_2): LayerNorm((768,), eps=1e-05, elementwise_affine=True)
)
Residual Attention Block 10: ResidualAttentionBlock(
  (attn): MultiheadAttention(
    (out_proj): NonDynamicallyQuantizableLinear(in_features=768, out_features=768, bias=True)
  )
  (ln_1): LayerNorm((768,), eps=1e-05, elementwise_affine=True)
  (mlp): Sequential(
    (c_fc): Linear(in_features=768, out_features=3072, bias=True)
    (gelu): QuickGELU()
    (c_proj): Linear(in_features=3072, out_features=768, bias=True)
  )
  (ln_2): LayerNorm((768,), eps=1e-05, elementwise_affine=True)
)
Residual Attention Block 11: ResidualAttentionBlock(
  (attn): MultiheadAttention(
    (out_proj): NonDynamicallyQuantizableLinear(in_features=768, out_features=768, bias=True)
  )
  (ln_1): LayerNorm((768,), eps=1e-05, elementwise_affine=True)
  (mlp): Sequential(
    (c_fc): Linear(in_features=768, out_features=3072, bias=True)
    (gelu): QuickGELU()
    (c_proj): Linear(in_features=3072, out_features=768, bias=True)
  )
  (ln_2): LayerNorm((768,), eps=1e-05, elementwise_affine=True)
)
LR: 0.000200, Acc: 75.6757, Loss: 0.7558
LR: 0.000200, Acc: 81.0811, Loss: 0.7643
LR: 0.000200, Acc: 68.9189, Loss: 0.9485
LR: 0.000200, Acc: 70.2703, Loss: 0.8683
LR: 0.000200, Acc: 71.6216, Loss: 1.0436
LR: 0.000200, Acc: 79.7297, Loss: 0.8158
LR: 0.000200, Acc: 78.3784, Loss: 0.7163
LR: 0.000200, Acc: 82.4324, Loss: 0.6357
LR: 0.000200, Acc: 77.0270, Loss: 0.6765
LR: 0.000200, Acc: 79.7297, Loss: 0.6926
LR: 0.000199, Acc: 82.4324, Loss: 0.6390
LR: 0.000199, Acc: 82.4324, Loss: 0.7064
LR: 0.000199, Acc: 86.4865, Loss: 0.4385
LR: 0.000199, Acc: 79.7297, Loss: 0.6024
LR: 0.000199, Acc: 89.1892, Loss: 0.4129
LR: 0.000199, Acc: 89.1892, Loss: 0.4807
LR: 0.000199, Acc: 85.1351, Loss: 0.5357
LR: 0.000199, Acc: 90.5405, Loss: 0.3741
LR: 0.000198, Acc: 85.1351, Loss: 0.5218
LR: 0.000198, Acc: 82.4324, Loss: 0.4999
LR: 0.000198, Acc: 79.7297, Loss: 0.4343
LR: 0.000198, Acc: 85.1351, Loss: 0.4635
LR: 0.000198, Acc: 89.1892, Loss: 0.4233
LR: 0.000197, Acc: 87.8378, Loss: 0.3507
LR: 0.000197, Acc: 95.9459, Loss: 0.1638
LR: 0.000197, Acc: 87.8378, Loss: 0.4007
LR: 0.000197, Acc: 87.8378, Loss: 0.3514
LR: 0.000197, Acc: 91.8919, Loss: 0.4283
LR: 0.000196, Acc: 91.8919, Loss: 0.2498
LR: 0.000196, Acc: 91.8919, Loss: 0.3276
LR: 0.000196, Acc: 93.2432, Loss: 0.3218
LR: 0.000196, Acc: 95.9459, Loss: 0.2130
LR: 0.000195, Acc: 90.5405, Loss: 0.4225
LR: 0.000195, Acc: 90.5405, Loss: 0.2896
LR: 0.000195, Acc: 93.2432, Loss: 0.2651
LR: 0.000194, Acc: 93.2432, Loss: 0.3195
LR: 0.000194, Acc: 97.2973, Loss: 0.1370
LR: 0.000194, Acc: 87.8378, Loss: 0.4513
LR: 0.000193, Acc: 85.1351, Loss: 0.4474
LR: 0.000193, Acc: 97.2973, Loss: 0.1828
LR: 0.000193, Acc: 94.5946, Loss: 0.3156
LR: 0.000192, Acc: 91.8919, Loss: 0.2416
LR: 0.000192, Acc: 94.5946, Loss: 0.2444
LR: 0.000192, Acc: 90.5405, Loss: 0.2030
LR: 0.000191, Acc: 86.4865, Loss: 0.5120
LR: 0.000191, Acc: 87.8378, Loss: 0.3318
LR: 0.000190, Acc: 94.5946, Loss: 0.2093
LR: 0.000190, Acc: 95.9459, Loss: 0.2149
LR: 0.000190, Acc: 94.5946, Loss: 0.1580
LR: 0.000189, Acc: 94.5946, Loss: 0.2115
LR: 0.000189, Acc: 91.8919, Loss: 0.2720
LR: 0.000188, Acc: 93.2432, Loss: 0.2529
LR: 0.000188, Acc: 89.1892, Loss: 0.3836
LR: 0.000187, Acc: 95.9459, Loss: 0.0910
LR: 0.000187, Acc: 89.1892, Loss: 0.4424
LR: 0.000186, Acc: 90.5405, Loss: 0.3046
LR: 0.000186, Acc: 87.8378, Loss: 0.5365
LR: 0.000186, Acc: 89.1892, Loss: 0.3241
LR: 0.000185, Acc: 91.8919, Loss: 0.2147
LR: 0.000185, Acc: 93.2432, Loss: 0.2051
LR: 0.000184, Acc: 94.5946, Loss: 0.3106
LR: 0.000183, Acc: 90.5405, Loss: 0.2553
LR: 0.000183, Acc: 91.8919, Loss: 0.3351
LR: 0.000182, Acc: 97.2973, Loss: 0.1573
LR: 0.000182, Acc: 90.5405, Loss: 0.3276
LR: 0.000181, Acc: 87.8378, Loss: 0.3780
LR: 0.000181, Acc: 89.1892, Loss: 0.3498
LR: 0.000180, Acc: 98.6486, Loss: 0.1113
LR: 0.000180, Acc: 97.2973, Loss: 0.1433
LR: 0.000179, Acc: 91.8919, Loss: 0.4469
LR: 0.000179, Acc: 93.2432, Loss: 0.1740
LR: 0.000178, Acc: 94.5946, Loss: 0.2006
LR: 0.000177, Acc: 91.8919, Loss: 0.1914
LR: 0.000177, Acc: 91.8919, Loss: 0.3223
LR: 0.000176, Acc: 90.5405, Loss: 0.3618
LR: 0.000176, Acc: 95.9459, Loss: 0.1720
LR: 0.000175, Acc: 91.8919, Loss: 0.2417
LR: 0.000174, Acc: 95.9459, Loss: 0.1788
LR: 0.000174, Acc: 90.5405, Loss: 0.3314
LR: 0.000173, Acc: 93.2432, Loss: 0.1938
LR: 0.000172, Acc: 93.2432, Loss: 0.2590
LR: 0.000172, Acc: 98.6486, Loss: 0.0885
LR: 0.000171, Acc: 95.9459, Loss: 0.1617
LR: 0.000170, Acc: 94.5946, Loss: 0.1650
LR: 0.000170, Acc: 98.6486, Loss: 0.1054
LR: 0.000169, Acc: 87.8378, Loss: 0.3503
LR: 0.000168, Acc: 94.5946, Loss: 0.2899
LR: 0.000168, Acc: 94.5946, Loss: 0.1745
LR: 0.000167, Acc: 95.9459, Loss: 0.1278
LR: 0.000166, Acc: 89.1892, Loss: 0.3148
LR: 0.000166, Acc: 98.6486, Loss: 0.0656
LR: 0.000165, Acc: 93.2432, Loss: 0.3576
LR: 0.000164, Acc: 97.2973, Loss: 0.1225
LR: 0.000163, Acc: 97.2973, Loss: 0.1162
LR: 0.000163, Acc: 94.5946, Loss: 0.1984
LR: 0.000162, Acc: 94.5946, Loss: 0.2418
LR: 0.000161, Acc: 97.2973, Loss: 0.1001
LR: 0.000160, Acc: 94.5946, Loss: 0.2104
LR: 0.000160, Acc: 89.1892, Loss: 0.3704
LR: 0.000159, Acc: 98.6486, Loss: 0.1001
LR: 0.000158, Acc: 95.9459, Loss: 0.0919
LR: 0.000157, Acc: 95.9459, Loss: 0.1379
LR: 0.000157, Acc: 93.2432, Loss: 0.2223
LR: 0.000156, Acc: 94.5946, Loss: 0.1934
LR: 0.000155, Acc: 98.6486, Loss: 0.0655
LR: 0.000154, Acc: 93.2432, Loss: 0.1471
LR: 0.000154, Acc: 95.9459, Loss: 0.2180
LR: 0.000153, Acc: 98.6486, Loss: 0.1201
LR: 0.000152, Acc: 94.5946, Loss: 0.2604
LR: 0.000151, Acc: 98.6486, Loss: 0.0970
LR: 0.000150, Acc: 95.9459, Loss: 0.1585
LR: 0.000150, Acc: 97.2973, Loss: 0.0715
LR: 0.000149, Acc: 91.8919, Loss: 0.2152
LR: 0.000148, Acc: 94.5946, Loss: 0.2274
LR: 0.000147, Acc: 97.2973, Loss: 0.0831
LR: 0.000146, Acc: 94.5946, Loss: 0.1142
LR: 0.000145, Acc: 94.5946, Loss: 0.1652
LR: 0.000145, Acc: 100.0000, Loss: 0.0304
LR: 0.000144, Acc: 95.9459, Loss: 0.1225
LR: 0.000143, Acc: 100.0000, Loss: 0.0332
LR: 0.000142, Acc: 97.2973, Loss: 0.1010
LR: 0.000141, Acc: 91.8919, Loss: 0.2346
LR: 0.000140, Acc: 97.2973, Loss: 0.0831
LR: 0.000139, Acc: 89.1892, Loss: 0.3620
LR: 0.000139, Acc: 95.9459, Loss: 0.1492
LR: 0.000138, Acc: 98.6486, Loss: 0.0862
LR: 0.000137, Acc: 98.6486, Loss: 0.1095
LR: 0.000136, Acc: 98.6486, Loss: 0.0702
LR: 0.000135, Acc: 98.6486, Loss: 0.0786
LR: 0.000134, Acc: 97.2973, Loss: 0.0858
LR: 0.000133, Acc: 95.9459, Loss: 0.1488
LR: 0.000132, Acc: 94.5946, Loss: 0.1800
LR: 0.000132, Acc: 95.9459, Loss: 0.1628
LR: 0.000131, Acc: 94.5946, Loss: 0.1835
LR: 0.000130, Acc: 93.2432, Loss: 0.2247
LR: 0.000129, Acc: 94.5946, Loss: 0.2109
LR: 0.000128, Acc: 93.2432, Loss: 0.1738
LR: 0.000127, Acc: 91.8919, Loss: 0.2359
LR: 0.000126, Acc: 97.2973, Loss: 0.1813
LR: 0.000125, Acc: 95.9459, Loss: 0.1285
LR: 0.000124, Acc: 95.9459, Loss: 0.1812
LR: 0.000123, Acc: 95.9459, Loss: 0.1390
LR: 0.000123, Acc: 95.9459, Loss: 0.1538
LR: 0.000122, Acc: 97.2973, Loss: 0.1055
LR: 0.000121, Acc: 98.6486, Loss: 0.1003
LR: 0.000120, Acc: 97.2973, Loss: 0.1592
LR: 0.000119, Acc: 91.8919, Loss: 0.3902
LR: 0.000118, Acc: 97.2973, Loss: 0.1135
LR: 0.000117, Acc: 95.9459, Loss: 0.1576
LR: 0.000116, Acc: 100.0000, Loss: 0.0381
LR: 0.000115, Acc: 97.2973, Loss: 0.1683
LR: 0.000114, Acc: 97.2973, Loss: 0.1318
LR: 0.000113, Acc: 95.9459, Loss: 0.2299
LR: 0.000112, Acc: 100.0000, Loss: 0.0372
LR: 0.000111, Acc: 97.2973, Loss: 0.1320
LR: 0.000110, Acc: 98.6486, Loss: 0.0259
LR: 0.000110, Acc: 95.9459, Loss: 0.1622
LR: 0.000109, Acc: 97.2973, Loss: 0.0972
LR: 0.000108, Acc: 90.5405, Loss: 0.2621
LR: 0.000107, Acc: 94.5946, Loss: 0.0929
LR: 0.000106, Acc: 97.2973, Loss: 0.0777
LR: 0.000105, Acc: 98.6486, Loss: 0.1168
LR: 0.000104, Acc: 98.6486, Loss: 0.0528
LR: 0.000103, Acc: 97.2973, Loss: 0.0629
LR: 0.000102, Acc: 98.6486, Loss: 0.0567
LR: 0.000101, Acc: 94.5946, Loss: 0.0808
LR: 0.000100, Acc: 98.6486, Loss: 0.1048
LR: 0.000099, Acc: 95.9459, Loss: 0.1514
LR: 0.000098, Acc: 97.2973, Loss: 0.1136
LR: 0.000097, Acc: 95.9459, Loss: 0.1442
LR: 0.000096, Acc: 97.2973, Loss: 0.1046
LR: 0.000096, Acc: 94.5946, Loss: 0.1710
LR: 0.000095, Acc: 98.6486, Loss: 0.0669
LR: 0.000094, Acc: 97.2973, Loss: 0.1297
LR: 0.000093, Acc: 95.9459, Loss: 0.1339
LR: 0.000092, Acc: 97.2973, Loss: 0.1093
LR: 0.000091, Acc: 95.9459, Loss: 0.1035
LR: 0.000090, Acc: 93.2432, Loss: 0.2045
LR: 0.000089, Acc: 97.2973, Loss: 0.1281
LR: 0.000088, Acc: 97.2973, Loss: 0.1273
LR: 0.000087, Acc: 97.2973, Loss: 0.1646
LR: 0.000086, Acc: 98.6486, Loss: 0.0827
LR: 0.000085, Acc: 94.5946, Loss: 0.1926
LR: 0.000084, Acc: 97.2973, Loss: 0.1026
LR: 0.000083, Acc: 98.6486, Loss: 0.0595
LR: 0.000082, Acc: 98.6486, Loss: 0.0245
LR: 0.000082, Acc: 94.5946, Loss: 0.1783
LR: 0.000081, Acc: 95.9459, Loss: 0.0966
LR: 0.000080, Acc: 98.6486, Loss: 0.0841
LR: 0.000079, Acc: 98.6486, Loss: 0.0596
LR: 0.000078, Acc: 97.2973, Loss: 0.1274
LR: 0.000077, Acc: 98.6486, Loss: 0.0575
LR: 0.000076, Acc: 98.6486, Loss: 0.0381
LR: 0.000075, Acc: 97.2973, Loss: 0.1534
LR: 0.000074, Acc: 98.6486, Loss: 0.0560
LR: 0.000073, Acc: 97.2973, Loss: 0.0442
LR: 0.000072, Acc: 97.2973, Loss: 0.0975
LR: 0.000072, Acc: 95.9459, Loss: 0.1692
LR: 0.000071, Acc: 94.5946, Loss: 0.1764
LR: 0.000070, Acc: 97.2973, Loss: 0.1162
LR: 0.000069, Acc: 97.2973, Loss: 0.1026
LR: 0.000068, Acc: 98.6486, Loss: 0.1043
LR: 0.000067, Acc: 97.2973, Loss: 0.1680
LR: 0.000066, Acc: 95.9459, Loss: 0.1728
LR: 0.000065, Acc: 95.9459, Loss: 0.1847
LR: 0.000064, Acc: 97.2973, Loss: 0.1541
LR: 0.000064, Acc: 95.9459, Loss: 0.1362
LR: 0.000063, Acc: 100.0000, Loss: 0.0301
LR: 0.000062, Acc: 95.9459, Loss: 0.0863
LR: 0.000061, Acc: 97.2973, Loss: 0.1011
LR: 0.000060, Acc: 91.8919, Loss: 0.2762
LR: 0.000059, Acc: 100.0000, Loss: 0.0183
LR: 0.000058, Acc: 98.6486, Loss: 0.0941
LR: 0.000058, Acc: 98.6486, Loss: 0.0798
LR: 0.000057, Acc: 100.0000, Loss: 0.0183
LR: 0.000056, Acc: 97.2973, Loss: 0.1334
LR: 0.000055, Acc: 98.6486, Loss: 0.0680
LR: 0.000054, Acc: 97.2973, Loss: 0.0895
LR: 0.000053, Acc: 98.6486, Loss: 0.1037
LR: 0.000053, Acc: 95.9459, Loss: 0.1332
LR: 0.000052, Acc: 95.9459, Loss: 0.1736
LR: 0.000051, Acc: 94.5946, Loss: 0.1693
LR: 0.000050, Acc: 94.5946, Loss: 0.2269
LR: 0.000049, Acc: 97.2973, Loss: 0.1363
LR: 0.000049, Acc: 100.0000, Loss: 0.0135
LR: 0.000048, Acc: 98.6486, Loss: 0.0869
LR: 0.000047, Acc: 98.6486, Loss: 0.0634
LR: 0.000046, Acc: 98.6486, Loss: 0.0608
LR: 0.000045, Acc: 97.2973, Loss: 0.1128
LR: 0.000045, Acc: 95.9459, Loss: 0.1821
LR: 0.000044, Acc: 94.5946, Loss: 0.2080
LR: 0.000043, Acc: 97.2973, Loss: 0.0984
LR: 0.000042, Acc: 98.6486, Loss: 0.0954
LR: 0.000042, Acc: 97.2973, Loss: 0.0737
LR: 0.000041, Acc: 97.2973, Loss: 0.1061
LR: 0.000040, Acc: 98.6486, Loss: 0.0847
LR: 0.000039, Acc: 97.2973, Loss: 0.0982
LR: 0.000039, Acc: 97.2973, Loss: 0.1313
LR: 0.000038, Acc: 97.2973, Loss: 0.0724
LR: 0.000037, Acc: 100.0000, Loss: 0.0138
LR: 0.000036, Acc: 98.6486, Loss: 0.0960
LR: 0.000036, Acc: 97.2973, Loss: 0.1437
LR: 0.000035, Acc: 98.6486, Loss: 0.0958
LR: 0.000034, Acc: 98.6486, Loss: 0.1038
LR: 0.000034, Acc: 97.2973, Loss: 0.1135
LR: 0.000033, Acc: 100.0000, Loss: 0.0173
LR: 0.000032, Acc: 98.6486, Loss: 0.0406
LR: 0.000031, Acc: 98.6486, Loss: 0.1349
LR: 0.000031, Acc: 98.6486, Loss: 0.0808
LR: 0.000030, Acc: 97.2973, Loss: 0.1387
LR: 0.000029, Acc: 100.0000, Loss: 0.0284
LR: 0.000029, Acc: 95.9459, Loss: 0.1542
LR: 0.000028, Acc: 98.6486, Loss: 0.0796
LR: 0.000028, Acc: 97.2973, Loss: 0.0691
LR: 0.000027, Acc: 98.6486, Loss: 0.0671
LR: 0.000026, Acc: 98.6486, Loss: 0.0443
LR: 0.000026, Acc: 97.2973, Loss: 0.1087
LR: 0.000025, Acc: 98.6486, Loss: 0.0443
LR: 0.000024, Acc: 97.2973, Loss: 0.0567
LR: 0.000024, Acc: 98.6486, Loss: 0.0640
LR: 0.000023, Acc: 97.2973, Loss: 0.0644
LR: 0.000023, Acc: 98.6486, Loss: 0.0594
LR: 0.000022, Acc: 98.6486, Loss: 0.0565
LR: 0.000021, Acc: 94.5946, Loss: 0.1179
LR: 0.000021, Acc: 100.0000, Loss: 0.0549
LR: 0.000020, Acc: 98.6486, Loss: 0.1314
LR: 0.000020, Acc: 97.2973, Loss: 0.0995
LR: 0.000019, Acc: 100.0000, Loss: 0.0472
LR: 0.000019, Acc: 98.6486, Loss: 0.0740
LR: 0.000018, Acc: 100.0000, Loss: 0.0330
LR: 0.000018, Acc: 97.2973, Loss: 0.1174
LR: 0.000017, Acc: 97.2973, Loss: 0.1004
LR: 0.000017, Acc: 94.5946, Loss: 0.2518
LR: 0.000016, Acc: 97.2973, Loss: 0.0953
LR: 0.000016, Acc: 97.2973, Loss: 0.1229
LR: 0.000015, Acc: 93.2432, Loss: 0.2451
LR: 0.000015, Acc: 97.2973, Loss: 0.1322
LR: 0.000014, Acc: 100.0000, Loss: 0.0596
LR: 0.000014, Acc: 98.6486, Loss: 0.0597
LR: 0.000013, Acc: 97.2973, Loss: 0.1232
LR: 0.000013, Acc: 98.6486, Loss: 0.0628
LR: 0.000012, Acc: 98.6486, Loss: 0.0348
LR: 0.000012, Acc: 97.2973, Loss: 0.1079
LR: 0.000012, Acc: 95.9459, Loss: 0.0774
LR: 0.000011, Acc: 98.6486, Loss: 0.0181
LR: 0.000011, Acc: 98.6486, Loss: 0.1028
LR: 0.000010, Acc: 100.0000, Loss: 0.0136
LR: 0.000010, Acc: 98.6486, Loss: 0.1079
LR: 0.000010, Acc: 97.2973, Loss: 0.1111
LR: 0.000009, Acc: 100.0000, Loss: 0.0273
LR: 0.000009, Acc: 98.6486, Loss: 0.0692
LR: 0.000008, Acc: 97.2973, Loss: 0.0660
LR: 0.000008, Acc: 97.2973, Loss: 0.1049
LR: 0.000008, Acc: 95.9459, Loss: 0.1180
LR: 0.000007, Acc: 98.6486, Loss: 0.0682
LR: 0.000007, Acc: 95.9459, Loss: 0.1468
LR: 0.000007, Acc: 97.2973, Loss: 0.0866
LR: 0.000006, Acc: 94.5946, Loss: 0.1701
LR: 0.000006, Acc: 98.6486, Loss: 0.0673
LR: 0.000006, Acc: 95.9459, Loss: 0.2258
LR: 0.000006, Acc: 98.6486, Loss: 0.0497
LR: 0.000005, Acc: 97.2973, Loss: 0.1194
LR: 0.000005, Acc: 95.9459, Loss: 0.1855
LR: 0.000005, Acc: 97.2973, Loss: 0.1345
LR: 0.000005, Acc: 93.2432, Loss: 0.2441
LR: 0.000004, Acc: 95.9459, Loss: 0.1146
LR: 0.000004, Acc: 100.0000, Loss: 0.0235
LR: 0.000004, Acc: 97.2973, Loss: 0.1226
LR: 0.000004, Acc: 97.2973, Loss: 0.0862
LR: 0.000003, Acc: 98.6486, Loss: 0.1445
LR: 0.000003, Acc: 98.6486, Loss: 0.0375
LR: 0.000003, Acc: 98.6486, Loss: 0.0694
LR: 0.000003, Acc: 97.2973, Loss: 0.0967
LR: 0.000003, Acc: 98.6486, Loss: 0.0995
LR: 0.000002, Acc: 95.9459, Loss: 0.1645
LR: 0.000002, Acc: 98.6486, Loss: 0.0588
LR: 0.000002, Acc: 93.2432, Loss: 0.2736
LR: 0.000002, Acc: 97.2973, Loss: 0.0571
LR: 0.000002, Acc: 97.2973, Loss: 0.0850
LR: 0.000002, Acc: 97.2973, Loss: 0.1016
LR: 0.000002, Acc: 95.9459, Loss: 0.1283
LR: 0.000002, Acc: 98.6486, Loss: 0.0891
LR: 0.000001, Acc: 95.9459, Loss: 0.0996
LR: 0.000001, Acc: 100.0000, Loss: 0.0236
LR: 0.000001, Acc: 98.6486, Loss: 0.0722
LR: 0.000001, Acc: 97.2973, Loss: 0.1015
LR: 0.000001, Acc: 97.2973, Loss: 0.0478
LR: 0.000001, Acc: 95.9459, Loss: 0.1402
LR: 0.000001, Acc: 95.9459, Loss: 0.1687
LR: 0.000001, Acc: 95.9459, Loss: 0.1566
LR: 0.000001, Acc: 97.2973, Loss: 0.1494
LR: 0.000001, Acc: 94.5946, Loss: 0.1895
LR: 0.000001, Acc: 98.6486, Loss: 0.0380
**** Final test accuracy: 90.95. ****

LoRA weights saved to weights/vitb16/oxford_pets/2shots/seed1/CLIP-LoRA_oxford_pets.pt
