created virtual environment CPython3.10.13.final.0-64 in 615ms
  creator CPython3Posix(dest=/localscratch/pedro36.56834453.0/env, clear=False, no_vcs_ignore=False, global=False)
  seeder FromAppData(download=False, pip=bundle, setuptools=bundle, wheel=bundle, via=copy, app_data_dir=/home/pedro36/.local/share/virtualenv)
    added seed packages: pip==25.1.1, setuptools==80.7.1, wheel==0.45.1+computecanada
  activators BashActivator,CShellActivator,FishActivator,NushellActivator,PowerShellActivator,PythonActivator
Looking in links: /cvmfs/soft.computecanada.ca/custom/python/wheelhouse/gentoo2023/x86-64-v4, /cvmfs/soft.computecanada.ca/custom/python/wheelhouse/gentoo2023/x86-64-v3, /cvmfs/soft.computecanada.ca/custom/python/wheelhouse/gentoo2023/generic, /cvmfs/soft.computecanada.ca/custom/python/wheelhouse/generic
Requirement already satisfied: pip in /localscratch/pedro36.56834453.0/env/lib/python3.10/site-packages (25.1.1)
Looking in links: /cvmfs/soft.computecanada.ca/custom/python/wheelhouse/gentoo2023/x86-64-v4, /cvmfs/soft.computecanada.ca/custom/python/wheelhouse/gentoo2023/x86-64-v3, /cvmfs/soft.computecanada.ca/custom/python/wheelhouse/gentoo2023/generic, /cvmfs/soft.computecanada.ca/custom/python/wheelhouse/generic
Processing /cvmfs/soft.computecanada.ca/custom/python/wheelhouse/gentoo2023/x86-64-v3/torch-2.6.0+computecanada-cp310-cp310-linux_x86_64.whl
Processing /cvmfs/soft.computecanada.ca/custom/python/wheelhouse/gentoo2023/generic/torchvision-0.21.0+computecanada-cp310-cp310-linux_x86_64.whl
Processing /cvmfs/soft.computecanada.ca/custom/python/wheelhouse/gentoo2023/x86-64-v3/torchaudio-2.6.0+computecanada-cp310-cp310-linux_x86_64.whl
Processing /cvmfs/soft.computecanada.ca/custom/python/wheelhouse/generic/ftfy-6.3.0+computecanada-py3-none-any.whl
Processing /cvmfs/soft.computecanada.ca/custom/python/wheelhouse/gentoo2023/generic/scipy-1.15.1+computecanada-cp310-cp310-linux_x86_64.whl
Processing /cvmfs/soft.computecanada.ca/custom/python/wheelhouse/generic/regex-2024.9.11+computecanada-cp310-cp310-linux_x86_64.whl
Processing /cvmfs/soft.computecanada.ca/custom/python/wheelhouse/generic/tqdm-4.67.1+computecanada-py3-none-any.whl
Processing /cvmfs/soft.computecanada.ca/custom/python/wheelhouse/generic/gdown-5.2.0+computecanada-py3-none-any.whl
Processing /cvmfs/soft.computecanada.ca/custom/python/wheelhouse/gentoo2023/x86-64-v3/pandas-2.2.3+computecanada-cp310-cp310-linux_x86_64.whl
Processing /cvmfs/soft.computecanada.ca/custom/python/wheelhouse/generic/filelock-3.18.0+computecanada-py3-none-any.whl (from torch)
Processing /cvmfs/soft.computecanada.ca/custom/python/wheelhouse/generic/typing_extensions-4.14.0+computecanada-py3-none-any.whl (from torch)
Processing /cvmfs/soft.computecanada.ca/custom/python/wheelhouse/generic/networkx-3.5+computecanada-py3-none-any.whl (from torch)
Processing /cvmfs/soft.computecanada.ca/custom/python/wheelhouse/generic/jinja2-3.1.6+computecanada-py3-none-any.whl (from torch)
Processing /cvmfs/soft.computecanada.ca/custom/python/wheelhouse/generic/fsspec-2025.5.1+computecanada-py3-none-any.whl (from torch)
Processing /cvmfs/soft.computecanada.ca/custom/python/wheelhouse/generic/sympy-1.13.1+computecanada-py3-none-any.whl (from torch)
Processing /cvmfs/soft.computecanada.ca/custom/python/wheelhouse/generic/mpmath-1.3.0+computecanada-py3-none-any.whl (from sympy==1.13.1->torch)
Processing /cvmfs/soft.computecanada.ca/custom/python/wheelhouse/gentoo2023/generic/numpy-2.2.2+computecanada-cp310-cp310-linux_x86_64.whl (from torchvision)
Processing /cvmfs/soft.computecanada.ca/custom/python/wheelhouse/gentoo2023/x86-64-v3/Pillow_SIMD-9.5.0.post2+computecanada-cp310-cp310-linux_x86_64.whl (from torchvision)
Processing /cvmfs/soft.computecanada.ca/custom/python/wheelhouse/generic/wcwidth-0.2.13+computecanada-py2.py3-none-any.whl (from ftfy)
Processing /cvmfs/soft.computecanada.ca/custom/python/wheelhouse/generic/beautifulsoup4-4.13.4+computecanada-py3-none-any.whl (from gdown)
Processing /cvmfs/soft.computecanada.ca/custom/python/wheelhouse/generic/requests-2.32.4+computecanada-py3-none-any.whl (from gdown)
Processing /cvmfs/soft.computecanada.ca/custom/python/wheelhouse/generic/python_dateutil-2.9.0.post0+computecanada-py2.py3-none-any.whl (from pandas)
Processing /cvmfs/soft.computecanada.ca/custom/python/wheelhouse/generic/pytz-2025.2+computecanada-py2.py3-none-any.whl (from pandas)
Processing /cvmfs/soft.computecanada.ca/custom/python/wheelhouse/generic/tzdata-2025.2+computecanada-py2.py3-none-any.whl (from pandas)
Processing /cvmfs/soft.computecanada.ca/custom/python/wheelhouse/generic/six-1.17.0+computecanada-py2.py3-none-any.whl (from python-dateutil>=2.8.2->pandas)
Processing /cvmfs/soft.computecanada.ca/custom/python/wheelhouse/generic/soupsieve-2.7+computecanada-py3-none-any.whl (from beautifulsoup4->gdown)
Processing /cvmfs/soft.computecanada.ca/custom/python/wheelhouse/generic/MarkupSafe-2.1.5+computecanada-cp310-cp310-linux_x86_64.whl (from jinja2->torch)
INFO: pip is looking at multiple versions of networkx to determine which version is compatible with other requirements. This could take a while.
Processing /cvmfs/soft.computecanada.ca/custom/python/wheelhouse/generic/networkx-3.4.2+computecanada-py3-none-any.whl (from torch)
Processing /cvmfs/soft.computecanada.ca/custom/python/wheelhouse/generic/charset_normalizer-3.4.2+computecanada-py3-none-any.whl (from requests[socks]->gdown)
Processing /cvmfs/soft.computecanada.ca/custom/python/wheelhouse/generic/idna-3.10+computecanada-py3-none-any.whl (from requests[socks]->gdown)
Processing /cvmfs/soft.computecanada.ca/custom/python/wheelhouse/generic/urllib3-2.5.0+computecanada-py3-none-any.whl (from requests[socks]->gdown)
Processing /cvmfs/soft.computecanada.ca/custom/python/wheelhouse/generic/certifi-2025.6.15+computecanada-py3-none-any.whl (from requests[socks]->gdown)
Processing /cvmfs/soft.computecanada.ca/custom/python/wheelhouse/generic/PySocks-1.7.1+computecanada-py3-none-any.whl (from requests[socks]->gdown)
Installing collected packages: wcwidth, pytz, mpmath, urllib3, tzdata, typing-extensions, tqdm, sympy, soupsieve, six, regex, PySocks, pillow-simd, numpy, networkx, MarkupSafe, idna, ftfy, fsspec, filelock, charset-normalizer, certifi, scipy, requests, python-dateutil, jinja2, beautifulsoup4, torch, pandas, torchvision, torchaudio, gdown

Successfully installed MarkupSafe-2.1.5+computecanada PySocks-1.7.1+computecanada beautifulsoup4-4.13.4+computecanada certifi-2025.6.15+computecanada charset-normalizer-3.4.2+computecanada filelock-3.18.0+computecanada fsspec-2025.5.1+computecanada ftfy-6.3.0+computecanada gdown-5.2.0+computecanada idna-3.10+computecanada jinja2-3.1.6+computecanada mpmath-1.3.0+computecanada networkx-3.4.2+computecanada numpy-2.2.2+computecanada pandas-2.2.3+computecanada pillow-simd-9.5.0.post2+computecanada python-dateutil-2.9.0.post0+computecanada pytz-2025.2+computecanada regex-2024.9.11+computecanada requests-2.32.4+computecanada scipy-1.15.1+computecanada six-1.17.0+computecanada soupsieve-2.7+computecanada sympy-1.13.1+computecanada torch-2.6.0+computecanada torchaudio-2.6.0+computecanada torchvision-0.21.0+computecanada tqdm-4.67.1+computecanada typing-extensions-4.14.0+computecanada tzdata-2025.2+computecanada urllib3-2.5.0+computecanada wcwidth-0.2.13+computecanada
Preparing dataset.
Reading split from /home/pedro36/projects/def-leszek/pedro36/datasets/DATA/OxfordPets/split_zhou_OxfordPets.json
Creating a 4-shot dataset
Creating a 4-shot dataset

Getting textual features as CLIP's classifier.

Loading visual features and labels from val set.

Loading visual features and labels from test set.

**** Zero-shot CLIP's test accuracy: 88.20. ****

Residual Attention Block 0: ResidualAttentionBlock(
  (attn): MultiheadAttention(
    (out_proj): NonDynamicallyQuantizableLinear(in_features=512, out_features=512, bias=True)
  )
  (ln_1): LayerNorm((512,), eps=1e-05, elementwise_affine=True)
  (mlp): Sequential(
    (c_fc): Linear(in_features=512, out_features=2048, bias=True)
    (gelu): QuickGELU()
    (c_proj): Linear(in_features=2048, out_features=512, bias=True)
  )
  (ln_2): LayerNorm((512,), eps=1e-05, elementwise_affine=True)
)
Residual Attention Block 1: ResidualAttentionBlock(
  (attn): MultiheadAttention(
    (out_proj): NonDynamicallyQuantizableLinear(in_features=512, out_features=512, bias=True)
  )
  (ln_1): LayerNorm((512,), eps=1e-05, elementwise_affine=True)
  (mlp): Sequential(
    (c_fc): Linear(in_features=512, out_features=2048, bias=True)
    (gelu): QuickGELU()
    (c_proj): Linear(in_features=2048, out_features=512, bias=True)
  )
  (ln_2): LayerNorm((512,), eps=1e-05, elementwise_affine=True)
)
Residual Attention Block 2: ResidualAttentionBlock(
  (attn): MultiheadAttention(
    (out_proj): NonDynamicallyQuantizableLinear(in_features=512, out_features=512, bias=True)
  )
  (ln_1): LayerNorm((512,), eps=1e-05, elementwise_affine=True)
  (mlp): Sequential(
    (c_fc): Linear(in_features=512, out_features=2048, bias=True)
    (gelu): QuickGELU()
    (c_proj): Linear(in_features=2048, out_features=512, bias=True)
  )
  (ln_2): LayerNorm((512,), eps=1e-05, elementwise_affine=True)
)
Residual Attention Block 3: ResidualAttentionBlock(
  (attn): MultiheadAttention(
    (out_proj): NonDynamicallyQuantizableLinear(in_features=512, out_features=512, bias=True)
  )
  (ln_1): LayerNorm((512,), eps=1e-05, elementwise_affine=True)
  (mlp): Sequential(
    (c_fc): Linear(in_features=512, out_features=2048, bias=True)
    (gelu): QuickGELU()
    (c_proj): Linear(in_features=2048, out_features=512, bias=True)
  )
  (ln_2): LayerNorm((512,), eps=1e-05, elementwise_affine=True)
)
Residual Attention Block 4: ResidualAttentionBlock(
  (attn): MultiheadAttention(
    (out_proj): NonDynamicallyQuantizableLinear(in_features=512, out_features=512, bias=True)
  )
  (ln_1): LayerNorm((512,), eps=1e-05, elementwise_affine=True)
  (mlp): Sequential(
    (c_fc): Linear(in_features=512, out_features=2048, bias=True)
    (gelu): QuickGELU()
    (c_proj): Linear(in_features=2048, out_features=512, bias=True)
  )
  (ln_2): LayerNorm((512,), eps=1e-05, elementwise_affine=True)
)
Residual Attention Block 5: ResidualAttentionBlock(
  (attn): MultiheadAttention(
    (out_proj): NonDynamicallyQuantizableLinear(in_features=512, out_features=512, bias=True)
  )
  (ln_1): LayerNorm((512,), eps=1e-05, elementwise_affine=True)
  (mlp): Sequential(
    (c_fc): Linear(in_features=512, out_features=2048, bias=True)
    (gelu): QuickGELU()
    (c_proj): Linear(in_features=2048, out_features=512, bias=True)
  )
  (ln_2): LayerNorm((512,), eps=1e-05, elementwise_affine=True)
)
Residual Attention Block 6: ResidualAttentionBlock(
  (attn): MultiheadAttention(
    (out_proj): NonDynamicallyQuantizableLinear(in_features=512, out_features=512, bias=True)
  )
  (ln_1): LayerNorm((512,), eps=1e-05, elementwise_affine=True)
  (mlp): Sequential(
    (c_fc): Linear(in_features=512, out_features=2048, bias=True)
    (gelu): QuickGELU()
    (c_proj): Linear(in_features=2048, out_features=512, bias=True)
  )
  (ln_2): LayerNorm((512,), eps=1e-05, elementwise_affine=True)
)
Residual Attention Block 7: ResidualAttentionBlock(
  (attn): MultiheadAttention(
    (out_proj): NonDynamicallyQuantizableLinear(in_features=512, out_features=512, bias=True)
  )
  (ln_1): LayerNorm((512,), eps=1e-05, elementwise_affine=True)
  (mlp): Sequential(
    (c_fc): Linear(in_features=512, out_features=2048, bias=True)
    (gelu): QuickGELU()
    (c_proj): Linear(in_features=2048, out_features=512, bias=True)
  )
  (ln_2): LayerNorm((512,), eps=1e-05, elementwise_affine=True)
)
Residual Attention Block 8: ResidualAttentionBlock(
  (attn): MultiheadAttention(
    (out_proj): NonDynamicallyQuantizableLinear(in_features=512, out_features=512, bias=True)
  )
  (ln_1): LayerNorm((512,), eps=1e-05, elementwise_affine=True)
  (mlp): Sequential(
    (c_fc): Linear(in_features=512, out_features=2048, bias=True)
    (gelu): QuickGELU()
    (c_proj): Linear(in_features=2048, out_features=512, bias=True)
  )
  (ln_2): LayerNorm((512,), eps=1e-05, elementwise_affine=True)
)
Residual Attention Block 9: ResidualAttentionBlock(
  (attn): MultiheadAttention(
    (out_proj): NonDynamicallyQuantizableLinear(in_features=512, out_features=512, bias=True)
  )
  (ln_1): LayerNorm((512,), eps=1e-05, elementwise_affine=True)
  (mlp): Sequential(
    (c_fc): Linear(in_features=512, out_features=2048, bias=True)
    (gelu): QuickGELU()
    (c_proj): Linear(in_features=2048, out_features=512, bias=True)
  )
  (ln_2): LayerNorm((512,), eps=1e-05, elementwise_affine=True)
)
Residual Attention Block 10: ResidualAttentionBlock(
  (attn): MultiheadAttention(
    (out_proj): NonDynamicallyQuantizableLinear(in_features=512, out_features=512, bias=True)
  )
  (ln_1): LayerNorm((512,), eps=1e-05, elementwise_affine=True)
  (mlp): Sequential(
    (c_fc): Linear(in_features=512, out_features=2048, bias=True)
    (gelu): QuickGELU()
    (c_proj): Linear(in_features=2048, out_features=512, bias=True)
  )
  (ln_2): LayerNorm((512,), eps=1e-05, elementwise_affine=True)
)
Residual Attention Block 11: ResidualAttentionBlock(
  (attn): MultiheadAttention(
    (out_proj): NonDynamicallyQuantizableLinear(in_features=512, out_features=512, bias=True)
  )
  (ln_1): LayerNorm((512,), eps=1e-05, elementwise_affine=True)
  (mlp): Sequential(
    (c_fc): Linear(in_features=512, out_features=2048, bias=True)
    (gelu): QuickGELU()
    (c_proj): Linear(in_features=2048, out_features=512, bias=True)
  )
  (ln_2): LayerNorm((512,), eps=1e-05, elementwise_affine=True)
)
Residual Attention Block 0: ResidualAttentionBlock(
  (attn): MultiheadAttention(
    (out_proj): NonDynamicallyQuantizableLinear(in_features=768, out_features=768, bias=True)
  )
  (ln_1): LayerNorm((768,), eps=1e-05, elementwise_affine=True)
  (mlp): Sequential(
    (c_fc): Linear(in_features=768, out_features=3072, bias=True)
    (gelu): QuickGELU()
    (c_proj): Linear(in_features=3072, out_features=768, bias=True)
  )
  (ln_2): LayerNorm((768,), eps=1e-05, elementwise_affine=True)
)
Residual Attention Block 1: ResidualAttentionBlock(
  (attn): MultiheadAttention(
    (out_proj): NonDynamicallyQuantizableLinear(in_features=768, out_features=768, bias=True)
  )
  (ln_1): LayerNorm((768,), eps=1e-05, elementwise_affine=True)
  (mlp): Sequential(
    (c_fc): Linear(in_features=768, out_features=3072, bias=True)
    (gelu): QuickGELU()
    (c_proj): Linear(in_features=3072, out_features=768, bias=True)
  )
  (ln_2): LayerNorm((768,), eps=1e-05, elementwise_affine=True)
)
Residual Attention Block 2: ResidualAttentionBlock(
  (attn): MultiheadAttention(
    (out_proj): NonDynamicallyQuantizableLinear(in_features=768, out_features=768, bias=True)
  )
  (ln_1): LayerNorm((768,), eps=1e-05, elementwise_affine=True)
  (mlp): Sequential(
    (c_fc): Linear(in_features=768, out_features=3072, bias=True)
    (gelu): QuickGELU()
    (c_proj): Linear(in_features=3072, out_features=768, bias=True)
  )
  (ln_2): LayerNorm((768,), eps=1e-05, elementwise_affine=True)
)
Residual Attention Block 3: ResidualAttentionBlock(
  (attn): MultiheadAttention(
    (out_proj): NonDynamicallyQuantizableLinear(in_features=768, out_features=768, bias=True)
  )
  (ln_1): LayerNorm((768,), eps=1e-05, elementwise_affine=True)
  (mlp): Sequential(
    (c_fc): Linear(in_features=768, out_features=3072, bias=True)
    (gelu): QuickGELU()
    (c_proj): Linear(in_features=3072, out_features=768, bias=True)
  )
  (ln_2): LayerNorm((768,), eps=1e-05, elementwise_affine=True)
)
Residual Attention Block 4: ResidualAttentionBlock(
  (attn): MultiheadAttention(
    (out_proj): NonDynamicallyQuantizableLinear(in_features=768, out_features=768, bias=True)
  )
  (ln_1): LayerNorm((768,), eps=1e-05, elementwise_affine=True)
  (mlp): Sequential(
    (c_fc): Linear(in_features=768, out_features=3072, bias=True)
    (gelu): QuickGELU()
    (c_proj): Linear(in_features=3072, out_features=768, bias=True)
  )
  (ln_2): LayerNorm((768,), eps=1e-05, elementwise_affine=True)
)
Residual Attention Block 5: ResidualAttentionBlock(
  (attn): MultiheadAttention(
    (out_proj): NonDynamicallyQuantizableLinear(in_features=768, out_features=768, bias=True)
  )
  (ln_1): LayerNorm((768,), eps=1e-05, elementwise_affine=True)
  (mlp): Sequential(
    (c_fc): Linear(in_features=768, out_features=3072, bias=True)
    (gelu): QuickGELU()
    (c_proj): Linear(in_features=3072, out_features=768, bias=True)
  )
  (ln_2): LayerNorm((768,), eps=1e-05, elementwise_affine=True)
)
Residual Attention Block 6: ResidualAttentionBlock(
  (attn): MultiheadAttention(
    (out_proj): NonDynamicallyQuantizableLinear(in_features=768, out_features=768, bias=True)
  )
  (ln_1): LayerNorm((768,), eps=1e-05, elementwise_affine=True)
  (mlp): Sequential(
    (c_fc): Linear(in_features=768, out_features=3072, bias=True)
    (gelu): QuickGELU()
    (c_proj): Linear(in_features=3072, out_features=768, bias=True)
  )
  (ln_2): LayerNorm((768,), eps=1e-05, elementwise_affine=True)
)
Residual Attention Block 7: ResidualAttentionBlock(
  (attn): MultiheadAttention(
    (out_proj): NonDynamicallyQuantizableLinear(in_features=768, out_features=768, bias=True)
  )
  (ln_1): LayerNorm((768,), eps=1e-05, elementwise_affine=True)
  (mlp): Sequential(
    (c_fc): Linear(in_features=768, out_features=3072, bias=True)
    (gelu): QuickGELU()
    (c_proj): Linear(in_features=3072, out_features=768, bias=True)
  )
  (ln_2): LayerNorm((768,), eps=1e-05, elementwise_affine=True)
)
Residual Attention Block 8: ResidualAttentionBlock(
  (attn): MultiheadAttention(
    (out_proj): NonDynamicallyQuantizableLinear(in_features=768, out_features=768, bias=True)
  )
  (ln_1): LayerNorm((768,), eps=1e-05, elementwise_affine=True)
  (mlp): Sequential(
    (c_fc): Linear(in_features=768, out_features=3072, bias=True)
    (gelu): QuickGELU()
    (c_proj): Linear(in_features=3072, out_features=768, bias=True)
  )
  (ln_2): LayerNorm((768,), eps=1e-05, elementwise_affine=True)
)
Residual Attention Block 9: ResidualAttentionBlock(
  (attn): MultiheadAttention(
    (out_proj): NonDynamicallyQuantizableLinear(in_features=768, out_features=768, bias=True)
  )
  (ln_1): LayerNorm((768,), eps=1e-05, elementwise_affine=True)
  (mlp): Sequential(
    (c_fc): Linear(in_features=768, out_features=3072, bias=True)
    (gelu): QuickGELU()
    (c_proj): Linear(in_features=3072, out_features=768, bias=True)
  )
  (ln_2): LayerNorm((768,), eps=1e-05, elementwise_affine=True)
)
Residual Attention Block 10: ResidualAttentionBlock(
  (attn): MultiheadAttention(
    (out_proj): NonDynamicallyQuantizableLinear(in_features=768, out_features=768, bias=True)
  )
  (ln_1): LayerNorm((768,), eps=1e-05, elementwise_affine=True)
  (mlp): Sequential(
    (c_fc): Linear(in_features=768, out_features=3072, bias=True)
    (gelu): QuickGELU()
    (c_proj): Linear(in_features=3072, out_features=768, bias=True)
  )
  (ln_2): LayerNorm((768,), eps=1e-05, elementwise_affine=True)
)
Residual Attention Block 11: ResidualAttentionBlock(
  (attn): MultiheadAttention(
    (out_proj): NonDynamicallyQuantizableLinear(in_features=768, out_features=768, bias=True)
  )
  (ln_1): LayerNorm((768,), eps=1e-05, elementwise_affine=True)
  (mlp): Sequential(
    (c_fc): Linear(in_features=768, out_features=3072, bias=True)
    (gelu): QuickGELU()
    (c_proj): Linear(in_features=3072, out_features=768, bias=True)
  )
  (ln_2): LayerNorm((768,), eps=1e-05, elementwise_affine=True)
)
LR: 0.000200, Acc: 71.6216, Loss: 0.9877
LR: 0.000200, Acc: 79.7297, Loss: 0.7262
LR: 0.000200, Acc: 70.9459, Loss: 1.0126
LR: 0.000200, Acc: 76.3514, Loss: 0.7610
LR: 0.000200, Acc: 77.7027, Loss: 0.6847
LR: 0.000200, Acc: 81.0811, Loss: 0.6235
LR: 0.000200, Acc: 82.4324, Loss: 0.6767
LR: 0.000200, Acc: 85.1351, Loss: 0.5479
LR: 0.000200, Acc: 85.1351, Loss: 0.4902
LR: 0.000200, Acc: 86.4865, Loss: 0.5102
LR: 0.000200, Acc: 85.1351, Loss: 0.4911
LR: 0.000200, Acc: 86.4865, Loss: 0.4202
LR: 0.000199, Acc: 87.8378, Loss: 0.4177
LR: 0.000199, Acc: 88.5135, Loss: 0.3523
LR: 0.000199, Acc: 85.1351, Loss: 0.3871
LR: 0.000199, Acc: 91.8919, Loss: 0.2738
LR: 0.000199, Acc: 87.1622, Loss: 0.4210
LR: 0.000199, Acc: 90.5405, Loss: 0.3048
LR: 0.000199, Acc: 89.1892, Loss: 0.3515
LR: 0.000199, Acc: 89.1892, Loss: 0.3820
LR: 0.000199, Acc: 95.9459, Loss: 0.2062
LR: 0.000199, Acc: 87.8378, Loss: 0.4699
LR: 0.000198, Acc: 93.2432, Loss: 0.3291
LR: 0.000198, Acc: 91.2162, Loss: 0.2783
LR: 0.000198, Acc: 91.2162, Loss: 0.2746
LR: 0.000198, Acc: 93.9189, Loss: 0.2679
LR: 0.000198, Acc: 88.5135, Loss: 0.3921
LR: 0.000198, Acc: 92.5676, Loss: 0.2597
LR: 0.000197, Acc: 89.8649, Loss: 0.3566
LR: 0.000197, Acc: 89.1892, Loss: 0.3556
LR: 0.000197, Acc: 91.2162, Loss: 0.2920
LR: 0.000197, Acc: 94.5946, Loss: 0.1947
LR: 0.000197, Acc: 92.5676, Loss: 0.2207
LR: 0.000196, Acc: 91.8919, Loss: 0.3876
LR: 0.000196, Acc: 95.2703, Loss: 0.1783
LR: 0.000196, Acc: 92.5676, Loss: 0.2417
LR: 0.000196, Acc: 95.9459, Loss: 0.1639
LR: 0.000196, Acc: 93.2432, Loss: 0.2654
LR: 0.000195, Acc: 91.2162, Loss: 0.2722
LR: 0.000195, Acc: 91.8919, Loss: 0.3247
LR: 0.000195, Acc: 93.2432, Loss: 0.2799
LR: 0.000195, Acc: 91.2162, Loss: 0.2951
LR: 0.000194, Acc: 95.9459, Loss: 0.1513
LR: 0.000194, Acc: 93.9189, Loss: 0.2088
LR: 0.000194, Acc: 93.2432, Loss: 0.2554
LR: 0.000194, Acc: 93.9189, Loss: 0.1707
LR: 0.000193, Acc: 89.8649, Loss: 0.2437
LR: 0.000193, Acc: 92.5676, Loss: 0.2703
LR: 0.000193, Acc: 95.2703, Loss: 0.1778
LR: 0.000192, Acc: 93.9189, Loss: 0.2750
LR: 0.000192, Acc: 91.2162, Loss: 0.3364
LR: 0.000192, Acc: 91.8919, Loss: 0.2961
LR: 0.000192, Acc: 91.8919, Loss: 0.2362
LR: 0.000191, Acc: 96.6216, Loss: 0.1869
LR: 0.000191, Acc: 92.5676, Loss: 0.2826
LR: 0.000191, Acc: 96.6216, Loss: 0.2229
LR: 0.000190, Acc: 92.5676, Loss: 0.2706
LR: 0.000190, Acc: 95.9459, Loss: 0.2191
LR: 0.000190, Acc: 95.2703, Loss: 0.1687
LR: 0.000189, Acc: 94.5946, Loss: 0.2137
LR: 0.000189, Acc: 94.5946, Loss: 0.2170
LR: 0.000188, Acc: 96.6216, Loss: 0.1182
LR: 0.000188, Acc: 92.5676, Loss: 0.2558
LR: 0.000188, Acc: 93.2432, Loss: 0.2686
LR: 0.000187, Acc: 91.8919, Loss: 0.2632
LR: 0.000187, Acc: 95.9459, Loss: 0.1498
LR: 0.000187, Acc: 93.2432, Loss: 0.2462
LR: 0.000186, Acc: 94.5946, Loss: 0.1839
LR: 0.000186, Acc: 93.9189, Loss: 0.2466
LR: 0.000185, Acc: 91.2162, Loss: 0.2547
LR: 0.000185, Acc: 94.5946, Loss: 0.1579
LR: 0.000185, Acc: 97.9730, Loss: 0.1244
LR: 0.000184, Acc: 93.9189, Loss: 0.2065
LR: 0.000184, Acc: 94.5946, Loss: 0.1629
LR: 0.000183, Acc: 95.9459, Loss: 0.1494
LR: 0.000183, Acc: 95.9459, Loss: 0.1869
LR: 0.000182, Acc: 92.5676, Loss: 0.2512
LR: 0.000182, Acc: 96.6216, Loss: 0.1549
LR: 0.000181, Acc: 93.9189, Loss: 0.2400
LR: 0.000181, Acc: 95.9459, Loss: 0.1835
LR: 0.000181, Acc: 95.2703, Loss: 0.2479
LR: 0.000180, Acc: 97.2973, Loss: 0.1045
LR: 0.000180, Acc: 95.2703, Loss: 0.1700
LR: 0.000179, Acc: 96.6216, Loss: 0.1197
LR: 0.000179, Acc: 93.2432, Loss: 0.2834
LR: 0.000178, Acc: 94.5946, Loss: 0.1823
LR: 0.000178, Acc: 93.9189, Loss: 0.1920
LR: 0.000177, Acc: 93.2432, Loss: 0.2231
LR: 0.000177, Acc: 93.9189, Loss: 0.1230
LR: 0.000176, Acc: 96.6216, Loss: 0.1818
LR: 0.000176, Acc: 95.2703, Loss: 0.1337
LR: 0.000175, Acc: 94.5946, Loss: 0.2138
LR: 0.000175, Acc: 95.9459, Loss: 0.1245
LR: 0.000174, Acc: 95.9459, Loss: 0.1710
LR: 0.000174, Acc: 93.2432, Loss: 0.2085
LR: 0.000173, Acc: 95.2703, Loss: 0.1622
LR: 0.000172, Acc: 97.9730, Loss: 0.0722
LR: 0.000172, Acc: 97.2973, Loss: 0.0731
LR: 0.000171, Acc: 95.2703, Loss: 0.1712
LR: 0.000171, Acc: 95.9459, Loss: 0.1498
LR: 0.000170, Acc: 97.2973, Loss: 0.0824
LR: 0.000170, Acc: 95.2703, Loss: 0.1631
LR: 0.000169, Acc: 95.9459, Loss: 0.1249
LR: 0.000169, Acc: 97.9730, Loss: 0.0732
LR: 0.000168, Acc: 95.2703, Loss: 0.1230
LR: 0.000167, Acc: 93.9189, Loss: 0.2303
LR: 0.000167, Acc: 96.6216, Loss: 0.1694
LR: 0.000166, Acc: 95.9459, Loss: 0.1636
LR: 0.000166, Acc: 92.5676, Loss: 0.2775
LR: 0.000165, Acc: 97.2973, Loss: 0.0855
LR: 0.000165, Acc: 95.9459, Loss: 0.1567
LR: 0.000164, Acc: 95.2703, Loss: 0.1790
LR: 0.000163, Acc: 98.6486, Loss: 0.0817
LR: 0.000163, Acc: 94.5946, Loss: 0.1923
LR: 0.000162, Acc: 97.9730, Loss: 0.0909
LR: 0.000161, Acc: 97.2973, Loss: 0.0824
LR: 0.000161, Acc: 97.2973, Loss: 0.0694
LR: 0.000160, Acc: 95.9459, Loss: 0.1267
LR: 0.000160, Acc: 94.5946, Loss: 0.1800
LR: 0.000159, Acc: 98.6486, Loss: 0.0920
LR: 0.000158, Acc: 96.6216, Loss: 0.1350
LR: 0.000158, Acc: 98.6486, Loss: 0.0731
LR: 0.000157, Acc: 95.2703, Loss: 0.1489
LR: 0.000156, Acc: 97.9730, Loss: 0.0812
LR: 0.000156, Acc: 97.2973, Loss: 0.1295
LR: 0.000155, Acc: 99.3243, Loss: 0.0761
LR: 0.000154, Acc: 97.9730, Loss: 0.1140
LR: 0.000154, Acc: 95.2703, Loss: 0.1632
LR: 0.000153, Acc: 96.6216, Loss: 0.1038
LR: 0.000152, Acc: 95.2703, Loss: 0.1746
LR: 0.000152, Acc: 96.6216, Loss: 0.1275
LR: 0.000151, Acc: 93.9189, Loss: 0.1918
LR: 0.000150, Acc: 96.6216, Loss: 0.1769
LR: 0.000150, Acc: 97.2973, Loss: 0.1057
LR: 0.000149, Acc: 98.6486, Loss: 0.0491
LR: 0.000148, Acc: 95.9459, Loss: 0.1393
LR: 0.000148, Acc: 95.9459, Loss: 0.1280
LR: 0.000147, Acc: 97.9730, Loss: 0.0828
LR: 0.000146, Acc: 95.2703, Loss: 0.1902
LR: 0.000146, Acc: 94.5946, Loss: 0.1581
LR: 0.000145, Acc: 96.6216, Loss: 0.1133
LR: 0.000144, Acc: 97.9730, Loss: 0.0863
LR: 0.000144, Acc: 95.9459, Loss: 0.1003
LR: 0.000143, Acc: 97.9730, Loss: 0.0907
LR: 0.000142, Acc: 97.9730, Loss: 0.0691
LR: 0.000141, Acc: 97.2973, Loss: 0.0918
LR: 0.000141, Acc: 96.6216, Loss: 0.0942
LR: 0.000140, Acc: 95.9459, Loss: 0.1104
LR: 0.000139, Acc: 97.9730, Loss: 0.0720
LR: 0.000139, Acc: 97.2973, Loss: 0.1013
LR: 0.000138, Acc: 96.6216, Loss: 0.0689
LR: 0.000137, Acc: 97.9730, Loss: 0.0790
LR: 0.000136, Acc: 97.9730, Loss: 0.0799
LR: 0.000136, Acc: 96.6216, Loss: 0.1403
LR: 0.000135, Acc: 97.9730, Loss: 0.0670
LR: 0.000134, Acc: 95.2703, Loss: 0.1252
LR: 0.000133, Acc: 96.6216, Loss: 0.1349
LR: 0.000133, Acc: 97.2973, Loss: 0.0980
LR: 0.000132, Acc: 97.2973, Loss: 0.0950
LR: 0.000131, Acc: 97.9730, Loss: 0.0825
LR: 0.000131, Acc: 97.9730, Loss: 0.0661
LR: 0.000130, Acc: 98.6486, Loss: 0.0853
LR: 0.000129, Acc: 96.6216, Loss: 0.1032
LR: 0.000128, Acc: 96.6216, Loss: 0.1371
LR: 0.000128, Acc: 97.2973, Loss: 0.1125
LR: 0.000127, Acc: 97.2973, Loss: 0.0750
LR: 0.000126, Acc: 99.3243, Loss: 0.0441
LR: 0.000125, Acc: 96.6216, Loss: 0.0863
LR: 0.000124, Acc: 98.6486, Loss: 0.1278
LR: 0.000124, Acc: 95.9459, Loss: 0.1420
LR: 0.000123, Acc: 97.2973, Loss: 0.0666
LR: 0.000122, Acc: 96.6216, Loss: 0.1030
LR: 0.000121, Acc: 98.6486, Loss: 0.0783
LR: 0.000121, Acc: 99.3243, Loss: 0.0368
LR: 0.000120, Acc: 96.6216, Loss: 0.1147
LR: 0.000119, Acc: 94.5946, Loss: 0.2232
LR: 0.000118, Acc: 97.9730, Loss: 0.0778
LR: 0.000118, Acc: 97.9730, Loss: 0.0844
LR: 0.000117, Acc: 93.2432, Loss: 0.1809
LR: 0.000116, Acc: 95.9459, Loss: 0.1430
LR: 0.000115, Acc: 97.9730, Loss: 0.0994
LR: 0.000115, Acc: 99.3243, Loss: 0.0383
LR: 0.000114, Acc: 97.9730, Loss: 0.0571
LR: 0.000113, Acc: 96.6216, Loss: 0.1325
LR: 0.000112, Acc: 99.3243, Loss: 0.0540
LR: 0.000111, Acc: 97.9730, Loss: 0.0699
LR: 0.000111, Acc: 97.2973, Loss: 0.1025
LR: 0.000110, Acc: 97.2973, Loss: 0.0769
LR: 0.000109, Acc: 97.2973, Loss: 0.0712
LR: 0.000108, Acc: 95.9459, Loss: 0.1089
LR: 0.000108, Acc: 97.2973, Loss: 0.0987
LR: 0.000107, Acc: 98.6486, Loss: 0.0463
LR: 0.000106, Acc: 96.6216, Loss: 0.1008
LR: 0.000105, Acc: 95.2703, Loss: 0.1232
LR: 0.000104, Acc: 95.2703, Loss: 0.0921
LR: 0.000104, Acc: 97.2973, Loss: 0.0866
LR: 0.000103, Acc: 99.3243, Loss: 0.0221
LR: 0.000102, Acc: 97.9730, Loss: 0.0754
LR: 0.000101, Acc: 96.6216, Loss: 0.0928
LR: 0.000100, Acc: 95.2703, Loss: 0.1181
LR: 0.000100, Acc: 97.2973, Loss: 0.0987
LR: 0.000099, Acc: 97.9730, Loss: 0.0832
LR: 0.000098, Acc: 97.9730, Loss: 0.0718
LR: 0.000097, Acc: 97.2973, Loss: 0.0842
LR: 0.000097, Acc: 97.9730, Loss: 0.0605
LR: 0.000096, Acc: 98.6486, Loss: 0.0797
LR: 0.000095, Acc: 98.6486, Loss: 0.0674
LR: 0.000094, Acc: 97.9730, Loss: 0.0774
LR: 0.000093, Acc: 97.9730, Loss: 0.0945
LR: 0.000093, Acc: 96.6216, Loss: 0.1140
LR: 0.000092, Acc: 97.9730, Loss: 0.0705
LR: 0.000091, Acc: 98.6486, Loss: 0.0576
LR: 0.000090, Acc: 99.3243, Loss: 0.0311
LR: 0.000090, Acc: 99.3243, Loss: 0.0453
LR: 0.000089, Acc: 99.3243, Loss: 0.0381
LR: 0.000088, Acc: 97.9730, Loss: 0.0640
LR: 0.000087, Acc: 94.5946, Loss: 0.1412
LR: 0.000086, Acc: 98.6486, Loss: 0.0309
LR: 0.000086, Acc: 95.9459, Loss: 0.1190
LR: 0.000085, Acc: 97.9730, Loss: 0.0668
LR: 0.000084, Acc: 97.9730, Loss: 0.0820
LR: 0.000083, Acc: 99.3243, Loss: 0.0625
LR: 0.000083, Acc: 98.6486, Loss: 0.0381
LR: 0.000082, Acc: 99.3243, Loss: 0.0608
LR: 0.000081, Acc: 95.9459, Loss: 0.1115
LR: 0.000080, Acc: 98.6486, Loss: 0.0517
LR: 0.000080, Acc: 98.6486, Loss: 0.0323
LR: 0.000079, Acc: 96.6216, Loss: 0.0975
LR: 0.000078, Acc: 97.2973, Loss: 0.1100
LR: 0.000077, Acc: 96.6216, Loss: 0.0948
LR: 0.000077, Acc: 98.6486, Loss: 0.0652
LR: 0.000076, Acc: 99.3243, Loss: 0.0365
LR: 0.000075, Acc: 97.2973, Loss: 0.0795
LR: 0.000074, Acc: 95.2703, Loss: 0.1492
LR: 0.000073, Acc: 96.6216, Loss: 0.0845
LR: 0.000073, Acc: 99.3243, Loss: 0.0522
LR: 0.000072, Acc: 97.9730, Loss: 0.0748
LR: 0.000071, Acc: 99.3243, Loss: 0.0429
LR: 0.000070, Acc: 98.6486, Loss: 0.0429
LR: 0.000070, Acc: 96.6216, Loss: 0.1223
LR: 0.000069, Acc: 97.2973, Loss: 0.0698
LR: 0.000068, Acc: 98.6486, Loss: 0.0442
LR: 0.000068, Acc: 97.9730, Loss: 0.0702
LR: 0.000067, Acc: 94.5946, Loss: 0.1241
LR: 0.000066, Acc: 96.6216, Loss: 0.0991
LR: 0.000065, Acc: 97.9730, Loss: 0.0723
LR: 0.000065, Acc: 95.9459, Loss: 0.0936
LR: 0.000064, Acc: 99.3243, Loss: 0.0313
LR: 0.000063, Acc: 97.9730, Loss: 0.0606
LR: 0.000062, Acc: 100.0000, Loss: 0.0231
LR: 0.000062, Acc: 100.0000, Loss: 0.0270
LR: 0.000061, Acc: 94.5946, Loss: 0.1974
LR: 0.000060, Acc: 99.3243, Loss: 0.0532
LR: 0.000060, Acc: 97.2973, Loss: 0.1201
LR: 0.000059, Acc: 97.9730, Loss: 0.0758
LR: 0.000058, Acc: 99.3243, Loss: 0.0598
LR: 0.000057, Acc: 98.6486, Loss: 0.0574
LR: 0.000057, Acc: 96.6216, Loss: 0.1099
LR: 0.000056, Acc: 96.6216, Loss: 0.0816
LR: 0.000055, Acc: 94.5946, Loss: 0.1695
LR: 0.000055, Acc: 97.9730, Loss: 0.1045
LR: 0.000054, Acc: 97.2973, Loss: 0.1020
LR: 0.000053, Acc: 98.6486, Loss: 0.0423
LR: 0.000053, Acc: 97.9730, Loss: 0.0841
LR: 0.000052, Acc: 98.6486, Loss: 0.0379
LR: 0.000051, Acc: 98.6486, Loss: 0.0525
LR: 0.000051, Acc: 97.2973, Loss: 0.0550
LR: 0.000050, Acc: 97.9730, Loss: 0.0576
LR: 0.000049, Acc: 97.9730, Loss: 0.0373
LR: 0.000049, Acc: 98.6486, Loss: 0.0565
LR: 0.000048, Acc: 98.6486, Loss: 0.0643
LR: 0.000047, Acc: 96.6216, Loss: 0.1227
LR: 0.000047, Acc: 97.9730, Loss: 0.0927
LR: 0.000046, Acc: 97.2973, Loss: 0.0958
LR: 0.000045, Acc: 99.3243, Loss: 0.0460
LR: 0.000045, Acc: 99.3243, Loss: 0.0320
LR: 0.000044, Acc: 99.3243, Loss: 0.0332
LR: 0.000043, Acc: 99.3243, Loss: 0.0613
LR: 0.000043, Acc: 97.2973, Loss: 0.0881
LR: 0.000042, Acc: 97.9730, Loss: 0.0744
LR: 0.000041, Acc: 99.3243, Loss: 0.0513
LR: 0.000041, Acc: 96.6216, Loss: 0.1067
LR: 0.000040, Acc: 96.6216, Loss: 0.0791
LR: 0.000040, Acc: 99.3243, Loss: 0.0328
LR: 0.000039, Acc: 99.3243, Loss: 0.0330
LR: 0.000038, Acc: 100.0000, Loss: 0.0102
LR: 0.000038, Acc: 97.9730, Loss: 0.0661
LR: 0.000037, Acc: 98.6486, Loss: 0.0531
LR: 0.000036, Acc: 95.2703, Loss: 0.1425
LR: 0.000036, Acc: 97.2973, Loss: 0.1171
LR: 0.000035, Acc: 97.9730, Loss: 0.0569
LR: 0.000035, Acc: 98.6486, Loss: 0.0844
LR: 0.000034, Acc: 97.9730, Loss: 0.0848
LR: 0.000034, Acc: 99.3243, Loss: 0.0210
LR: 0.000033, Acc: 99.3243, Loss: 0.0401
LR: 0.000032, Acc: 99.3243, Loss: 0.0204
LR: 0.000032, Acc: 97.2973, Loss: 0.0928
LR: 0.000031, Acc: 97.9730, Loss: 0.0691
LR: 0.000031, Acc: 98.6486, Loss: 0.0861
LR: 0.000030, Acc: 98.6486, Loss: 0.0737
LR: 0.000030, Acc: 97.9730, Loss: 0.0460
LR: 0.000029, Acc: 97.9730, Loss: 0.0631
LR: 0.000029, Acc: 97.9730, Loss: 0.0770
LR: 0.000028, Acc: 98.6486, Loss: 0.0636
LR: 0.000027, Acc: 98.6486, Loss: 0.0864
LR: 0.000027, Acc: 97.9730, Loss: 0.1014
LR: 0.000026, Acc: 97.9730, Loss: 0.0605
LR: 0.000026, Acc: 95.9459, Loss: 0.1180
LR: 0.000025, Acc: 97.2973, Loss: 0.1404
LR: 0.000025, Acc: 97.9730, Loss: 0.0965
LR: 0.000024, Acc: 97.2973, Loss: 0.1018
LR: 0.000024, Acc: 98.6486, Loss: 0.0453
LR: 0.000023, Acc: 98.6486, Loss: 0.0825
LR: 0.000023, Acc: 97.9730, Loss: 0.1167
LR: 0.000022, Acc: 97.2973, Loss: 0.0756
LR: 0.000022, Acc: 99.3243, Loss: 0.0418
LR: 0.000021, Acc: 98.6486, Loss: 0.0583
LR: 0.000021, Acc: 97.2973, Loss: 0.0670
LR: 0.000020, Acc: 99.3243, Loss: 0.0175
LR: 0.000020, Acc: 99.3243, Loss: 0.0292
LR: 0.000020, Acc: 94.5946, Loss: 0.1317
LR: 0.000019, Acc: 96.6216, Loss: 0.0969
LR: 0.000019, Acc: 98.6486, Loss: 0.0729
LR: 0.000018, Acc: 97.2973, Loss: 0.1141
LR: 0.000018, Acc: 96.6216, Loss: 0.0646
LR: 0.000017, Acc: 98.6486, Loss: 0.0457
LR: 0.000017, Acc: 98.6486, Loss: 0.0723
LR: 0.000016, Acc: 97.2973, Loss: 0.1027
LR: 0.000016, Acc: 98.6486, Loss: 0.0780
LR: 0.000016, Acc: 97.2973, Loss: 0.1040
LR: 0.000015, Acc: 97.2973, Loss: 0.0842
LR: 0.000015, Acc: 98.6486, Loss: 0.0735
LR: 0.000014, Acc: 99.3243, Loss: 0.0587
LR: 0.000014, Acc: 95.2703, Loss: 0.1937
LR: 0.000014, Acc: 99.3243, Loss: 0.0302
LR: 0.000013, Acc: 97.2973, Loss: 0.1012
LR: 0.000013, Acc: 97.2973, Loss: 0.0702
LR: 0.000013, Acc: 97.2973, Loss: 0.0859
LR: 0.000012, Acc: 98.6486, Loss: 0.0234
LR: 0.000012, Acc: 98.6486, Loss: 0.0523
LR: 0.000011, Acc: 95.9459, Loss: 0.1380
LR: 0.000011, Acc: 97.2973, Loss: 0.1033
LR: 0.000011, Acc: 97.2973, Loss: 0.0916
LR: 0.000010, Acc: 99.3243, Loss: 0.0440
LR: 0.000010, Acc: 96.6216, Loss: 0.0976
LR: 0.000010, Acc: 96.6216, Loss: 0.1233
LR: 0.000009, Acc: 96.6216, Loss: 0.0693
LR: 0.000009, Acc: 96.6216, Loss: 0.1567
LR: 0.000009, Acc: 99.3243, Loss: 0.0505
LR: 0.000009, Acc: 96.6216, Loss: 0.0621
LR: 0.000008, Acc: 97.9730, Loss: 0.0753
LR: 0.000008, Acc: 97.9730, Loss: 0.0525
LR: 0.000008, Acc: 99.3243, Loss: 0.0648
LR: 0.000007, Acc: 97.2973, Loss: 0.0924
LR: 0.000007, Acc: 99.3243, Loss: 0.0302
LR: 0.000007, Acc: 97.2973, Loss: 0.0881
LR: 0.000007, Acc: 98.6486, Loss: 0.0688
LR: 0.000006, Acc: 96.6216, Loss: 0.1151
LR: 0.000006, Acc: 97.9730, Loss: 0.0518
LR: 0.000006, Acc: 97.9730, Loss: 0.0847
LR: 0.000006, Acc: 97.2973, Loss: 0.0715
LR: 0.000005, Acc: 98.6486, Loss: 0.0390
LR: 0.000005, Acc: 95.9459, Loss: 0.1380
LR: 0.000005, Acc: 97.2973, Loss: 0.1021
LR: 0.000005, Acc: 99.3243, Loss: 0.0366
LR: 0.000005, Acc: 98.6486, Loss: 0.0407
LR: 0.000004, Acc: 99.3243, Loss: 0.0287
LR: 0.000004, Acc: 97.2973, Loss: 0.1116
LR: 0.000004, Acc: 98.6486, Loss: 0.0312
LR: 0.000004, Acc: 99.3243, Loss: 0.0240
LR: 0.000004, Acc: 98.6486, Loss: 0.0832
LR: 0.000003, Acc: 99.3243, Loss: 0.0392
LR: 0.000003, Acc: 98.6486, Loss: 0.1153
LR: 0.000003, Acc: 95.9459, Loss: 0.1218
LR: 0.000003, Acc: 99.3243, Loss: 0.0666
LR: 0.000003, Acc: 97.2973, Loss: 0.0842
LR: 0.000003, Acc: 96.6216, Loss: 0.1407
LR: 0.000002, Acc: 98.6486, Loss: 0.0321
LR: 0.000002, Acc: 95.9459, Loss: 0.0983
LR: 0.000002, Acc: 97.9730, Loss: 0.0848
LR: 0.000002, Acc: 99.3243, Loss: 0.0219
LR: 0.000002, Acc: 99.3243, Loss: 0.0358
LR: 0.000002, Acc: 100.0000, Loss: 0.0211
LR: 0.000002, Acc: 99.3243, Loss: 0.0301
LR: 0.000002, Acc: 97.9730, Loss: 0.0427
LR: 0.000002, Acc: 97.2973, Loss: 0.0657
LR: 0.000002, Acc: 96.6216, Loss: 0.1036
LR: 0.000001, Acc: 98.6486, Loss: 0.0354
LR: 0.000001, Acc: 97.2973, Loss: 0.0561
LR: 0.000001, Acc: 100.0000, Loss: 0.0204
LR: 0.000001, Acc: 97.9730, Loss: 0.0555
LR: 0.000001, Acc: 97.2973, Loss: 0.0744
LR: 0.000001, Acc: 96.6216, Loss: 0.0822
LR: 0.000001, Acc: 98.6486, Loss: 0.0497
LR: 0.000001, Acc: 97.2973, Loss: 0.0844
LR: 0.000001, Acc: 97.9730, Loss: 0.0579
LR: 0.000001, Acc: 98.6486, Loss: 0.0393
LR: 0.000001, Acc: 98.6486, Loss: 0.0408
LR: 0.000001, Acc: 97.2973, Loss: 0.0519
**** Final test accuracy: 90.27. ****

LoRA weights saved to weights/vitb16/oxford_pets/4shots/seed1/CLIP-LoRA_oxford_pets.pt
