created virtual environment CPython3.10.13.final.0-64 in 1970ms
  creator CPython3Posix(dest=/localscratch/pedro36.56834459.0/env, clear=False, no_vcs_ignore=False, global=False)
  seeder FromAppData(download=False, pip=bundle, setuptools=bundle, wheel=bundle, via=copy, app_data_dir=/home/pedro36/.local/share/virtualenv)
    added seed packages: pip==25.1.1, setuptools==80.7.1, wheel==0.45.1+computecanada
  activators BashActivator,CShellActivator,FishActivator,NushellActivator,PowerShellActivator,PythonActivator
Looking in links: /cvmfs/soft.computecanada.ca/custom/python/wheelhouse/gentoo2023/x86-64-v4, /cvmfs/soft.computecanada.ca/custom/python/wheelhouse/gentoo2023/x86-64-v3, /cvmfs/soft.computecanada.ca/custom/python/wheelhouse/gentoo2023/generic, /cvmfs/soft.computecanada.ca/custom/python/wheelhouse/generic
Requirement already satisfied: pip in /localscratch/pedro36.56834459.0/env/lib/python3.10/site-packages (25.1.1)
Looking in links: /cvmfs/soft.computecanada.ca/custom/python/wheelhouse/gentoo2023/x86-64-v4, /cvmfs/soft.computecanada.ca/custom/python/wheelhouse/gentoo2023/x86-64-v3, /cvmfs/soft.computecanada.ca/custom/python/wheelhouse/gentoo2023/generic, /cvmfs/soft.computecanada.ca/custom/python/wheelhouse/generic
Processing /cvmfs/soft.computecanada.ca/custom/python/wheelhouse/gentoo2023/x86-64-v3/torch-2.6.0+computecanada-cp310-cp310-linux_x86_64.whl
Processing /cvmfs/soft.computecanada.ca/custom/python/wheelhouse/gentoo2023/generic/torchvision-0.21.0+computecanada-cp310-cp310-linux_x86_64.whl
Processing /cvmfs/soft.computecanada.ca/custom/python/wheelhouse/gentoo2023/x86-64-v3/torchaudio-2.6.0+computecanada-cp310-cp310-linux_x86_64.whl
Processing /cvmfs/soft.computecanada.ca/custom/python/wheelhouse/generic/ftfy-6.3.0+computecanada-py3-none-any.whl
Processing /cvmfs/soft.computecanada.ca/custom/python/wheelhouse/gentoo2023/generic/scipy-1.15.1+computecanada-cp310-cp310-linux_x86_64.whl
Processing /cvmfs/soft.computecanada.ca/custom/python/wheelhouse/generic/regex-2024.9.11+computecanada-cp310-cp310-linux_x86_64.whl
Processing /cvmfs/soft.computecanada.ca/custom/python/wheelhouse/generic/tqdm-4.67.1+computecanada-py3-none-any.whl
Processing /cvmfs/soft.computecanada.ca/custom/python/wheelhouse/generic/gdown-5.2.0+computecanada-py3-none-any.whl
Processing /cvmfs/soft.computecanada.ca/custom/python/wheelhouse/gentoo2023/x86-64-v3/pandas-2.2.3+computecanada-cp310-cp310-linux_x86_64.whl
Processing /cvmfs/soft.computecanada.ca/custom/python/wheelhouse/generic/filelock-3.18.0+computecanada-py3-none-any.whl (from torch)
Processing /cvmfs/soft.computecanada.ca/custom/python/wheelhouse/generic/typing_extensions-4.14.0+computecanada-py3-none-any.whl (from torch)
Processing /cvmfs/soft.computecanada.ca/custom/python/wheelhouse/generic/networkx-3.5+computecanada-py3-none-any.whl (from torch)
Processing /cvmfs/soft.computecanada.ca/custom/python/wheelhouse/generic/jinja2-3.1.6+computecanada-py3-none-any.whl (from torch)
Processing /cvmfs/soft.computecanada.ca/custom/python/wheelhouse/generic/fsspec-2025.5.1+computecanada-py3-none-any.whl (from torch)
Processing /cvmfs/soft.computecanada.ca/custom/python/wheelhouse/generic/sympy-1.13.1+computecanada-py3-none-any.whl (from torch)
Processing /cvmfs/soft.computecanada.ca/custom/python/wheelhouse/generic/mpmath-1.3.0+computecanada-py3-none-any.whl (from sympy==1.13.1->torch)
Processing /cvmfs/soft.computecanada.ca/custom/python/wheelhouse/gentoo2023/generic/numpy-2.2.2+computecanada-cp310-cp310-linux_x86_64.whl (from torchvision)
Processing /cvmfs/soft.computecanada.ca/custom/python/wheelhouse/gentoo2023/x86-64-v3/Pillow_SIMD-9.5.0.post2+computecanada-cp310-cp310-linux_x86_64.whl (from torchvision)
Processing /cvmfs/soft.computecanada.ca/custom/python/wheelhouse/generic/wcwidth-0.2.13+computecanada-py2.py3-none-any.whl (from ftfy)
Processing /cvmfs/soft.computecanada.ca/custom/python/wheelhouse/generic/beautifulsoup4-4.13.4+computecanada-py3-none-any.whl (from gdown)
Processing /cvmfs/soft.computecanada.ca/custom/python/wheelhouse/generic/requests-2.32.4+computecanada-py3-none-any.whl (from gdown)
Processing /cvmfs/soft.computecanada.ca/custom/python/wheelhouse/generic/python_dateutil-2.9.0.post0+computecanada-py2.py3-none-any.whl (from pandas)
Processing /cvmfs/soft.computecanada.ca/custom/python/wheelhouse/generic/pytz-2025.2+computecanada-py2.py3-none-any.whl (from pandas)
Processing /cvmfs/soft.computecanada.ca/custom/python/wheelhouse/generic/tzdata-2025.2+computecanada-py2.py3-none-any.whl (from pandas)
Processing /cvmfs/soft.computecanada.ca/custom/python/wheelhouse/generic/six-1.17.0+computecanada-py2.py3-none-any.whl (from python-dateutil>=2.8.2->pandas)
Processing /cvmfs/soft.computecanada.ca/custom/python/wheelhouse/generic/soupsieve-2.7+computecanada-py3-none-any.whl (from beautifulsoup4->gdown)
Processing /cvmfs/soft.computecanada.ca/custom/python/wheelhouse/generic/MarkupSafe-2.1.5+computecanada-cp310-cp310-linux_x86_64.whl (from jinja2->torch)
INFO: pip is looking at multiple versions of networkx to determine which version is compatible with other requirements. This could take a while.
Processing /cvmfs/soft.computecanada.ca/custom/python/wheelhouse/generic/networkx-3.4.2+computecanada-py3-none-any.whl (from torch)
Processing /cvmfs/soft.computecanada.ca/custom/python/wheelhouse/generic/charset_normalizer-3.4.2+computecanada-py3-none-any.whl (from requests[socks]->gdown)
Processing /cvmfs/soft.computecanada.ca/custom/python/wheelhouse/generic/idna-3.10+computecanada-py3-none-any.whl (from requests[socks]->gdown)
Processing /cvmfs/soft.computecanada.ca/custom/python/wheelhouse/generic/urllib3-2.5.0+computecanada-py3-none-any.whl (from requests[socks]->gdown)
Processing /cvmfs/soft.computecanada.ca/custom/python/wheelhouse/generic/certifi-2025.6.15+computecanada-py3-none-any.whl (from requests[socks]->gdown)
Processing /cvmfs/soft.computecanada.ca/custom/python/wheelhouse/generic/PySocks-1.7.1+computecanada-py3-none-any.whl (from requests[socks]->gdown)
Installing collected packages: wcwidth, pytz, mpmath, urllib3, tzdata, typing-extensions, tqdm, sympy, soupsieve, six, regex, PySocks, pillow-simd, numpy, networkx, MarkupSafe, idna, ftfy, fsspec, filelock, charset-normalizer, certifi, scipy, requests, python-dateutil, jinja2, beautifulsoup4, torch, pandas, torchvision, torchaudio, gdown

Successfully installed MarkupSafe-2.1.5+computecanada PySocks-1.7.1+computecanada beautifulsoup4-4.13.4+computecanada certifi-2025.6.15+computecanada charset-normalizer-3.4.2+computecanada filelock-3.18.0+computecanada fsspec-2025.5.1+computecanada ftfy-6.3.0+computecanada gdown-5.2.0+computecanada idna-3.10+computecanada jinja2-3.1.6+computecanada mpmath-1.3.0+computecanada networkx-3.4.2+computecanada numpy-2.2.2+computecanada pandas-2.2.3+computecanada pillow-simd-9.5.0.post2+computecanada python-dateutil-2.9.0.post0+computecanada pytz-2025.2+computecanada regex-2024.9.11+computecanada requests-2.32.4+computecanada scipy-1.15.1+computecanada six-1.17.0+computecanada soupsieve-2.7+computecanada sympy-1.13.1+computecanada torch-2.6.0+computecanada torchaudio-2.6.0+computecanada torchvision-0.21.0+computecanada tqdm-4.67.1+computecanada typing-extensions-4.14.0+computecanada tzdata-2025.2+computecanada urllib3-2.5.0+computecanada wcwidth-0.2.13+computecanada
Preparing dataset.
Reading split from /home/pedro36/projects/def-leszek/pedro36/datasets/DATA/Flower102/split_zhou_OxfordFlowers.json
Creating a 4-shot dataset
Creating a 8-shot dataset

Getting textual features as CLIP's classifier.

Loading visual features and labels from val set.

Loading visual features and labels from test set.

**** Zero-shot CLIP's test accuracy: 67.36. ****

Residual Attention Block 0: ResidualAttentionBlock(
  (attn): MultiheadAttention(
    (out_proj): NonDynamicallyQuantizableLinear(in_features=512, out_features=512, bias=True)
  )
  (ln_1): LayerNorm((512,), eps=1e-05, elementwise_affine=True)
  (mlp): Sequential(
    (c_fc): Linear(in_features=512, out_features=2048, bias=True)
    (gelu): QuickGELU()
    (c_proj): Linear(in_features=2048, out_features=512, bias=True)
  )
  (ln_2): LayerNorm((512,), eps=1e-05, elementwise_affine=True)
)
Residual Attention Block 1: ResidualAttentionBlock(
  (attn): MultiheadAttention(
    (out_proj): NonDynamicallyQuantizableLinear(in_features=512, out_features=512, bias=True)
  )
  (ln_1): LayerNorm((512,), eps=1e-05, elementwise_affine=True)
  (mlp): Sequential(
    (c_fc): Linear(in_features=512, out_features=2048, bias=True)
    (gelu): QuickGELU()
    (c_proj): Linear(in_features=2048, out_features=512, bias=True)
  )
  (ln_2): LayerNorm((512,), eps=1e-05, elementwise_affine=True)
)
Residual Attention Block 2: ResidualAttentionBlock(
  (attn): MultiheadAttention(
    (out_proj): NonDynamicallyQuantizableLinear(in_features=512, out_features=512, bias=True)
  )
  (ln_1): LayerNorm((512,), eps=1e-05, elementwise_affine=True)
  (mlp): Sequential(
    (c_fc): Linear(in_features=512, out_features=2048, bias=True)
    (gelu): QuickGELU()
    (c_proj): Linear(in_features=2048, out_features=512, bias=True)
  )
  (ln_2): LayerNorm((512,), eps=1e-05, elementwise_affine=True)
)
Residual Attention Block 3: ResidualAttentionBlock(
  (attn): MultiheadAttention(
    (out_proj): NonDynamicallyQuantizableLinear(in_features=512, out_features=512, bias=True)
  )
  (ln_1): LayerNorm((512,), eps=1e-05, elementwise_affine=True)
  (mlp): Sequential(
    (c_fc): Linear(in_features=512, out_features=2048, bias=True)
    (gelu): QuickGELU()
    (c_proj): Linear(in_features=2048, out_features=512, bias=True)
  )
  (ln_2): LayerNorm((512,), eps=1e-05, elementwise_affine=True)
)
Residual Attention Block 4: ResidualAttentionBlock(
  (attn): MultiheadAttention(
    (out_proj): NonDynamicallyQuantizableLinear(in_features=512, out_features=512, bias=True)
  )
  (ln_1): LayerNorm((512,), eps=1e-05, elementwise_affine=True)
  (mlp): Sequential(
    (c_fc): Linear(in_features=512, out_features=2048, bias=True)
    (gelu): QuickGELU()
    (c_proj): Linear(in_features=2048, out_features=512, bias=True)
  )
  (ln_2): LayerNorm((512,), eps=1e-05, elementwise_affine=True)
)
Residual Attention Block 5: ResidualAttentionBlock(
  (attn): MultiheadAttention(
    (out_proj): NonDynamicallyQuantizableLinear(in_features=512, out_features=512, bias=True)
  )
  (ln_1): LayerNorm((512,), eps=1e-05, elementwise_affine=True)
  (mlp): Sequential(
    (c_fc): Linear(in_features=512, out_features=2048, bias=True)
    (gelu): QuickGELU()
    (c_proj): Linear(in_features=2048, out_features=512, bias=True)
  )
  (ln_2): LayerNorm((512,), eps=1e-05, elementwise_affine=True)
)
Residual Attention Block 6: ResidualAttentionBlock(
  (attn): MultiheadAttention(
    (out_proj): NonDynamicallyQuantizableLinear(in_features=512, out_features=512, bias=True)
  )
  (ln_1): LayerNorm((512,), eps=1e-05, elementwise_affine=True)
  (mlp): Sequential(
    (c_fc): Linear(in_features=512, out_features=2048, bias=True)
    (gelu): QuickGELU()
    (c_proj): Linear(in_features=2048, out_features=512, bias=True)
  )
  (ln_2): LayerNorm((512,), eps=1e-05, elementwise_affine=True)
)
Residual Attention Block 7: ResidualAttentionBlock(
  (attn): MultiheadAttention(
    (out_proj): NonDynamicallyQuantizableLinear(in_features=512, out_features=512, bias=True)
  )
  (ln_1): LayerNorm((512,), eps=1e-05, elementwise_affine=True)
  (mlp): Sequential(
    (c_fc): Linear(in_features=512, out_features=2048, bias=True)
    (gelu): QuickGELU()
    (c_proj): Linear(in_features=2048, out_features=512, bias=True)
  )
  (ln_2): LayerNorm((512,), eps=1e-05, elementwise_affine=True)
)
Residual Attention Block 8: ResidualAttentionBlock(
  (attn): MultiheadAttention(
    (out_proj): NonDynamicallyQuantizableLinear(in_features=512, out_features=512, bias=True)
  )
  (ln_1): LayerNorm((512,), eps=1e-05, elementwise_affine=True)
  (mlp): Sequential(
    (c_fc): Linear(in_features=512, out_features=2048, bias=True)
    (gelu): QuickGELU()
    (c_proj): Linear(in_features=2048, out_features=512, bias=True)
  )
  (ln_2): LayerNorm((512,), eps=1e-05, elementwise_affine=True)
)
Residual Attention Block 9: ResidualAttentionBlock(
  (attn): MultiheadAttention(
    (out_proj): NonDynamicallyQuantizableLinear(in_features=512, out_features=512, bias=True)
  )
  (ln_1): LayerNorm((512,), eps=1e-05, elementwise_affine=True)
  (mlp): Sequential(
    (c_fc): Linear(in_features=512, out_features=2048, bias=True)
    (gelu): QuickGELU()
    (c_proj): Linear(in_features=2048, out_features=512, bias=True)
  )
  (ln_2): LayerNorm((512,), eps=1e-05, elementwise_affine=True)
)
Residual Attention Block 10: ResidualAttentionBlock(
  (attn): MultiheadAttention(
    (out_proj): NonDynamicallyQuantizableLinear(in_features=512, out_features=512, bias=True)
  )
  (ln_1): LayerNorm((512,), eps=1e-05, elementwise_affine=True)
  (mlp): Sequential(
    (c_fc): Linear(in_features=512, out_features=2048, bias=True)
    (gelu): QuickGELU()
    (c_proj): Linear(in_features=2048, out_features=512, bias=True)
  )
  (ln_2): LayerNorm((512,), eps=1e-05, elementwise_affine=True)
)
Residual Attention Block 11: ResidualAttentionBlock(
  (attn): MultiheadAttention(
    (out_proj): NonDynamicallyQuantizableLinear(in_features=512, out_features=512, bias=True)
  )
  (ln_1): LayerNorm((512,), eps=1e-05, elementwise_affine=True)
  (mlp): Sequential(
    (c_fc): Linear(in_features=512, out_features=2048, bias=True)
    (gelu): QuickGELU()
    (c_proj): Linear(in_features=2048, out_features=512, bias=True)
  )
  (ln_2): LayerNorm((512,), eps=1e-05, elementwise_affine=True)
)
Residual Attention Block 0: ResidualAttentionBlock(
  (attn): MultiheadAttention(
    (out_proj): NonDynamicallyQuantizableLinear(in_features=768, out_features=768, bias=True)
  )
  (ln_1): LayerNorm((768,), eps=1e-05, elementwise_affine=True)
  (mlp): Sequential(
    (c_fc): Linear(in_features=768, out_features=3072, bias=True)
    (gelu): QuickGELU()
    (c_proj): Linear(in_features=3072, out_features=768, bias=True)
  )
  (ln_2): LayerNorm((768,), eps=1e-05, elementwise_affine=True)
)
Residual Attention Block 1: ResidualAttentionBlock(
  (attn): MultiheadAttention(
    (out_proj): NonDynamicallyQuantizableLinear(in_features=768, out_features=768, bias=True)
  )
  (ln_1): LayerNorm((768,), eps=1e-05, elementwise_affine=True)
  (mlp): Sequential(
    (c_fc): Linear(in_features=768, out_features=3072, bias=True)
    (gelu): QuickGELU()
    (c_proj): Linear(in_features=3072, out_features=768, bias=True)
  )
  (ln_2): LayerNorm((768,), eps=1e-05, elementwise_affine=True)
)
Residual Attention Block 2: ResidualAttentionBlock(
  (attn): MultiheadAttention(
    (out_proj): NonDynamicallyQuantizableLinear(in_features=768, out_features=768, bias=True)
  )
  (ln_1): LayerNorm((768,), eps=1e-05, elementwise_affine=True)
  (mlp): Sequential(
    (c_fc): Linear(in_features=768, out_features=3072, bias=True)
    (gelu): QuickGELU()
    (c_proj): Linear(in_features=3072, out_features=768, bias=True)
  )
  (ln_2): LayerNorm((768,), eps=1e-05, elementwise_affine=True)
)
Residual Attention Block 3: ResidualAttentionBlock(
  (attn): MultiheadAttention(
    (out_proj): NonDynamicallyQuantizableLinear(in_features=768, out_features=768, bias=True)
  )
  (ln_1): LayerNorm((768,), eps=1e-05, elementwise_affine=True)
  (mlp): Sequential(
    (c_fc): Linear(in_features=768, out_features=3072, bias=True)
    (gelu): QuickGELU()
    (c_proj): Linear(in_features=3072, out_features=768, bias=True)
  )
  (ln_2): LayerNorm((768,), eps=1e-05, elementwise_affine=True)
)
Residual Attention Block 4: ResidualAttentionBlock(
  (attn): MultiheadAttention(
    (out_proj): NonDynamicallyQuantizableLinear(in_features=768, out_features=768, bias=True)
  )
  (ln_1): LayerNorm((768,), eps=1e-05, elementwise_affine=True)
  (mlp): Sequential(
    (c_fc): Linear(in_features=768, out_features=3072, bias=True)
    (gelu): QuickGELU()
    (c_proj): Linear(in_features=3072, out_features=768, bias=True)
  )
  (ln_2): LayerNorm((768,), eps=1e-05, elementwise_affine=True)
)
Residual Attention Block 5: ResidualAttentionBlock(
  (attn): MultiheadAttention(
    (out_proj): NonDynamicallyQuantizableLinear(in_features=768, out_features=768, bias=True)
  )
  (ln_1): LayerNorm((768,), eps=1e-05, elementwise_affine=True)
  (mlp): Sequential(
    (c_fc): Linear(in_features=768, out_features=3072, bias=True)
    (gelu): QuickGELU()
    (c_proj): Linear(in_features=3072, out_features=768, bias=True)
  )
  (ln_2): LayerNorm((768,), eps=1e-05, elementwise_affine=True)
)
Residual Attention Block 6: ResidualAttentionBlock(
  (attn): MultiheadAttention(
    (out_proj): NonDynamicallyQuantizableLinear(in_features=768, out_features=768, bias=True)
  )
  (ln_1): LayerNorm((768,), eps=1e-05, elementwise_affine=True)
  (mlp): Sequential(
    (c_fc): Linear(in_features=768, out_features=3072, bias=True)
    (gelu): QuickGELU()
    (c_proj): Linear(in_features=3072, out_features=768, bias=True)
  )
  (ln_2): LayerNorm((768,), eps=1e-05, elementwise_affine=True)
)
Residual Attention Block 7: ResidualAttentionBlock(
  (attn): MultiheadAttention(
    (out_proj): NonDynamicallyQuantizableLinear(in_features=768, out_features=768, bias=True)
  )
  (ln_1): LayerNorm((768,), eps=1e-05, elementwise_affine=True)
  (mlp): Sequential(
    (c_fc): Linear(in_features=768, out_features=3072, bias=True)
    (gelu): QuickGELU()
    (c_proj): Linear(in_features=3072, out_features=768, bias=True)
  )
  (ln_2): LayerNorm((768,), eps=1e-05, elementwise_affine=True)
)
Residual Attention Block 8: ResidualAttentionBlock(
  (attn): MultiheadAttention(
    (out_proj): NonDynamicallyQuantizableLinear(in_features=768, out_features=768, bias=True)
  )
  (ln_1): LayerNorm((768,), eps=1e-05, elementwise_affine=True)
  (mlp): Sequential(
    (c_fc): Linear(in_features=768, out_features=3072, bias=True)
    (gelu): QuickGELU()
    (c_proj): Linear(in_features=3072, out_features=768, bias=True)
  )
  (ln_2): LayerNorm((768,), eps=1e-05, elementwise_affine=True)
)
Residual Attention Block 9: ResidualAttentionBlock(
  (attn): MultiheadAttention(
    (out_proj): NonDynamicallyQuantizableLinear(in_features=768, out_features=768, bias=True)
  )
  (ln_1): LayerNorm((768,), eps=1e-05, elementwise_affine=True)
  (mlp): Sequential(
    (c_fc): Linear(in_features=768, out_features=3072, bias=True)
    (gelu): QuickGELU()
    (c_proj): Linear(in_features=3072, out_features=768, bias=True)
  )
  (ln_2): LayerNorm((768,), eps=1e-05, elementwise_affine=True)
)
Residual Attention Block 10: ResidualAttentionBlock(
  (attn): MultiheadAttention(
    (out_proj): NonDynamicallyQuantizableLinear(in_features=768, out_features=768, bias=True)
  )
  (ln_1): LayerNorm((768,), eps=1e-05, elementwise_affine=True)
  (mlp): Sequential(
    (c_fc): Linear(in_features=768, out_features=3072, bias=True)
    (gelu): QuickGELU()
    (c_proj): Linear(in_features=3072, out_features=768, bias=True)
  )
  (ln_2): LayerNorm((768,), eps=1e-05, elementwise_affine=True)
)
Residual Attention Block 11: ResidualAttentionBlock(
  (attn): MultiheadAttention(
    (out_proj): NonDynamicallyQuantizableLinear(in_features=768, out_features=768, bias=True)
  )
  (ln_1): LayerNorm((768,), eps=1e-05, elementwise_affine=True)
  (mlp): Sequential(
    (c_fc): Linear(in_features=768, out_features=3072, bias=True)
    (gelu): QuickGELU()
    (c_proj): Linear(in_features=3072, out_features=768, bias=True)
  )
  (ln_2): LayerNorm((768,), eps=1e-05, elementwise_affine=True)
)
LR: 0.000200, Acc: 63.9706, Loss: 1.9371
LR: 0.000200, Acc: 66.1765, Loss: 1.6676
LR: 0.000200, Acc: 68.0147, Loss: 1.3774
LR: 0.000200, Acc: 69.9755, Loss: 1.1184
LR: 0.000199, Acc: 75.7353, Loss: 0.8652
LR: 0.000199, Acc: 80.6373, Loss: 0.7104
LR: 0.000199, Acc: 84.6814, Loss: 0.5951
LR: 0.000199, Acc: 84.6814, Loss: 0.5662
LR: 0.000198, Acc: 86.1520, Loss: 0.5249
LR: 0.000198, Acc: 87.5000, Loss: 0.4634
LR: 0.000198, Acc: 90.3186, Loss: 0.3846
LR: 0.000197, Acc: 91.1765, Loss: 0.3497
LR: 0.000197, Acc: 91.6667, Loss: 0.3221
LR: 0.000196, Acc: 91.1765, Loss: 0.3456
LR: 0.000195, Acc: 92.2794, Loss: 0.2888
LR: 0.000195, Acc: 91.7892, Loss: 0.2962
LR: 0.000194, Acc: 91.7892, Loss: 0.2638
LR: 0.000193, Acc: 93.6275, Loss: 0.2250
LR: 0.000193, Acc: 93.6275, Loss: 0.2569
LR: 0.000192, Acc: 91.9118, Loss: 0.2625
LR: 0.000191, Acc: 94.7304, Loss: 0.2354
LR: 0.000190, Acc: 94.9755, Loss: 0.1797
LR: 0.000189, Acc: 95.3431, Loss: 0.1739
LR: 0.000188, Acc: 94.7304, Loss: 0.1935
LR: 0.000187, Acc: 96.0784, Loss: 0.1477
LR: 0.000186, Acc: 96.3235, Loss: 0.1580
LR: 0.000185, Acc: 95.7108, Loss: 0.1571
LR: 0.000184, Acc: 94.1176, Loss: 0.2128
LR: 0.000183, Acc: 95.7108, Loss: 0.2013
LR: 0.000182, Acc: 94.4853, Loss: 0.1944
LR: 0.000181, Acc: 94.9755, Loss: 0.1587
LR: 0.000180, Acc: 95.5882, Loss: 0.1793
LR: 0.000178, Acc: 95.2206, Loss: 0.1748
LR: 0.000177, Acc: 96.3235, Loss: 0.1580
LR: 0.000176, Acc: 96.0784, Loss: 0.1381
LR: 0.000174, Acc: 97.4265, Loss: 0.0979
LR: 0.000173, Acc: 96.0784, Loss: 0.1659
LR: 0.000172, Acc: 95.7108, Loss: 0.1523
LR: 0.000170, Acc: 96.4461, Loss: 0.1498
LR: 0.000169, Acc: 95.7108, Loss: 0.1649
LR: 0.000167, Acc: 96.3235, Loss: 0.1438
LR: 0.000166, Acc: 97.0588, Loss: 0.1149
LR: 0.000164, Acc: 96.4461, Loss: 0.1129
LR: 0.000162, Acc: 96.6912, Loss: 0.1229
LR: 0.000161, Acc: 96.2010, Loss: 0.1275
LR: 0.000159, Acc: 97.0588, Loss: 0.1093
LR: 0.000158, Acc: 97.6716, Loss: 0.1026
LR: 0.000156, Acc: 96.8137, Loss: 0.1148
LR: 0.000154, Acc: 96.3235, Loss: 0.1274
LR: 0.000152, Acc: 96.6912, Loss: 0.1050
LR: 0.000151, Acc: 97.1814, Loss: 0.1034
LR: 0.000149, Acc: 97.0588, Loss: 0.1046
LR: 0.000147, Acc: 97.0588, Loss: 0.1038
LR: 0.000145, Acc: 96.5686, Loss: 0.1140
LR: 0.000144, Acc: 96.8137, Loss: 0.1030
LR: 0.000142, Acc: 96.2010, Loss: 0.1580
LR: 0.000140, Acc: 97.6716, Loss: 0.0814
LR: 0.000138, Acc: 97.6716, Loss: 0.1002
LR: 0.000136, Acc: 96.5686, Loss: 0.1036
LR: 0.000134, Acc: 96.2010, Loss: 0.1283
LR: 0.000132, Acc: 97.3039, Loss: 0.1074
LR: 0.000130, Acc: 97.3039, Loss: 0.0956
LR: 0.000128, Acc: 97.3039, Loss: 0.1050
LR: 0.000126, Acc: 97.7941, Loss: 0.0983
LR: 0.000124, Acc: 97.3039, Loss: 0.0990
LR: 0.000123, Acc: 96.4461, Loss: 0.1406
LR: 0.000121, Acc: 97.4265, Loss: 0.0916
LR: 0.000119, Acc: 98.4069, Loss: 0.0649
LR: 0.000117, Acc: 97.4265, Loss: 0.1148
LR: 0.000115, Acc: 96.5686, Loss: 0.1291
LR: 0.000113, Acc: 97.4265, Loss: 0.1149
LR: 0.000110, Acc: 97.0588, Loss: 0.1043
LR: 0.000108, Acc: 97.4265, Loss: 0.0886
LR: 0.000106, Acc: 97.3039, Loss: 0.0991
LR: 0.000104, Acc: 98.0392, Loss: 0.0859
LR: 0.000102, Acc: 98.0392, Loss: 0.0780
LR: 0.000100, Acc: 98.7745, Loss: 0.0564
LR: 0.000098, Acc: 96.8137, Loss: 0.1230
LR: 0.000096, Acc: 97.9167, Loss: 0.0836
LR: 0.000094, Acc: 98.4069, Loss: 0.0653
LR: 0.000092, Acc: 97.0588, Loss: 0.0935
LR: 0.000090, Acc: 97.5490, Loss: 0.0907
LR: 0.000088, Acc: 97.4265, Loss: 0.0948
LR: 0.000086, Acc: 97.3039, Loss: 0.1028
LR: 0.000084, Acc: 98.1618, Loss: 0.0586
LR: 0.000082, Acc: 97.6716, Loss: 0.0924
LR: 0.000080, Acc: 97.0588, Loss: 0.0938
LR: 0.000078, Acc: 96.9363, Loss: 0.1229
LR: 0.000076, Acc: 98.6520, Loss: 0.0583
LR: 0.000074, Acc: 98.0392, Loss: 0.0805
LR: 0.000072, Acc: 98.4069, Loss: 0.0677
LR: 0.000070, Acc: 97.7941, Loss: 0.0616
LR: 0.000068, Acc: 98.1618, Loss: 0.0775
LR: 0.000067, Acc: 97.9167, Loss: 0.0810
LR: 0.000065, Acc: 98.0392, Loss: 0.0801
LR: 0.000063, Acc: 97.9167, Loss: 0.0629
LR: 0.000061, Acc: 97.9167, Loss: 0.0688
LR: 0.000059, Acc: 98.6520, Loss: 0.0470
LR: 0.000057, Acc: 98.5294, Loss: 0.0563
LR: 0.000055, Acc: 97.9167, Loss: 0.0761
LR: 0.000054, Acc: 97.9167, Loss: 0.0766
LR: 0.000052, Acc: 98.4069, Loss: 0.0449
LR: 0.000050, Acc: 97.7941, Loss: 0.0817
LR: 0.000048, Acc: 98.4069, Loss: 0.0725
LR: 0.000047, Acc: 97.9167, Loss: 0.0712
LR: 0.000045, Acc: 98.5294, Loss: 0.0772
LR: 0.000043, Acc: 98.5294, Loss: 0.0639
LR: 0.000042, Acc: 98.8971, Loss: 0.0656
LR: 0.000040, Acc: 97.4265, Loss: 0.0960
LR: 0.000038, Acc: 98.2843, Loss: 0.0599
LR: 0.000037, Acc: 97.5490, Loss: 0.0854
LR: 0.000035, Acc: 98.7745, Loss: 0.0672
LR: 0.000034, Acc: 99.1422, Loss: 0.0431
LR: 0.000032, Acc: 98.1618, Loss: 0.0805
LR: 0.000031, Acc: 98.5294, Loss: 0.0629
LR: 0.000029, Acc: 98.4069, Loss: 0.0524
LR: 0.000028, Acc: 98.4069, Loss: 0.0706
LR: 0.000026, Acc: 98.2843, Loss: 0.0862
LR: 0.000025, Acc: 97.9167, Loss: 0.0705
LR: 0.000024, Acc: 97.0588, Loss: 0.1031
LR: 0.000023, Acc: 99.0196, Loss: 0.0655
LR: 0.000021, Acc: 98.5294, Loss: 0.0585
LR: 0.000020, Acc: 98.0392, Loss: 0.0652
LR: 0.000019, Acc: 98.7745, Loss: 0.0468
LR: 0.000018, Acc: 97.4265, Loss: 0.1045
LR: 0.000017, Acc: 98.5294, Loss: 0.0590
LR: 0.000016, Acc: 98.4069, Loss: 0.0449
LR: 0.000015, Acc: 98.8971, Loss: 0.0354
LR: 0.000014, Acc: 98.4069, Loss: 0.0492
LR: 0.000013, Acc: 98.8971, Loss: 0.0450
LR: 0.000012, Acc: 98.1618, Loss: 0.0672
LR: 0.000011, Acc: 97.9167, Loss: 0.0692
LR: 0.000010, Acc: 97.9167, Loss: 0.0637
LR: 0.000009, Acc: 97.9167, Loss: 0.0928
LR: 0.000008, Acc: 97.9167, Loss: 0.0731
LR: 0.000008, Acc: 98.6520, Loss: 0.0443
LR: 0.000007, Acc: 98.5294, Loss: 0.0561
LR: 0.000006, Acc: 99.3873, Loss: 0.0305
LR: 0.000006, Acc: 98.0392, Loss: 0.0746
LR: 0.000005, Acc: 98.2843, Loss: 0.0701
LR: 0.000004, Acc: 97.7941, Loss: 0.0814
LR: 0.000004, Acc: 98.5294, Loss: 0.0446
LR: 0.000003, Acc: 98.5294, Loss: 0.0494
LR: 0.000003, Acc: 98.6520, Loss: 0.0510
LR: 0.000003, Acc: 98.1618, Loss: 0.0633
LR: 0.000002, Acc: 97.9167, Loss: 0.0746
LR: 0.000002, Acc: 97.1814, Loss: 0.1045
LR: 0.000002, Acc: 98.1618, Loss: 0.0599
LR: 0.000001, Acc: 98.6520, Loss: 0.0488
LR: 0.000001, Acc: 98.7745, Loss: 0.0436
LR: 0.000001, Acc: 98.5294, Loss: 0.0675
LR: 0.000001, Acc: 98.6520, Loss: 0.0582
LR: 0.000001, Acc: 97.7941, Loss: 0.0754
**** Final test accuracy: 96.43. ****

LoRA weights saved to weights/vitb16/oxford_flowers/8shots/seed1/CLIP-LoRA_oxford_flowers.pt
