created virtual environment CPython3.10.13.final.0-64 in 5034ms
  creator CPython3Posix(dest=/localscratch/pedro36.56834455.0/env, clear=False, no_vcs_ignore=False, global=False)
  seeder FromAppData(download=False, pip=bundle, setuptools=bundle, wheel=bundle, via=copy, app_data_dir=/home/pedro36/.local/share/virtualenv)
    added seed packages: pip==25.1.1, setuptools==80.7.1, wheel==0.45.1+computecanada
  activators BashActivator,CShellActivator,FishActivator,NushellActivator,PowerShellActivator,PythonActivator
Looking in links: /cvmfs/soft.computecanada.ca/custom/python/wheelhouse/gentoo2023/x86-64-v4, /cvmfs/soft.computecanada.ca/custom/python/wheelhouse/gentoo2023/x86-64-v3, /cvmfs/soft.computecanada.ca/custom/python/wheelhouse/gentoo2023/generic, /cvmfs/soft.computecanada.ca/custom/python/wheelhouse/generic
Requirement already satisfied: pip in /localscratch/pedro36.56834455.0/env/lib/python3.10/site-packages (25.1.1)
Looking in links: /cvmfs/soft.computecanada.ca/custom/python/wheelhouse/gentoo2023/x86-64-v4, /cvmfs/soft.computecanada.ca/custom/python/wheelhouse/gentoo2023/x86-64-v3, /cvmfs/soft.computecanada.ca/custom/python/wheelhouse/gentoo2023/generic, /cvmfs/soft.computecanada.ca/custom/python/wheelhouse/generic
Processing /cvmfs/soft.computecanada.ca/custom/python/wheelhouse/gentoo2023/x86-64-v3/torch-2.6.0+computecanada-cp310-cp310-linux_x86_64.whl
Processing /cvmfs/soft.computecanada.ca/custom/python/wheelhouse/gentoo2023/generic/torchvision-0.21.0+computecanada-cp310-cp310-linux_x86_64.whl
Processing /cvmfs/soft.computecanada.ca/custom/python/wheelhouse/gentoo2023/x86-64-v3/torchaudio-2.6.0+computecanada-cp310-cp310-linux_x86_64.whl
Processing /cvmfs/soft.computecanada.ca/custom/python/wheelhouse/generic/ftfy-6.3.0+computecanada-py3-none-any.whl
Processing /cvmfs/soft.computecanada.ca/custom/python/wheelhouse/gentoo2023/generic/scipy-1.15.1+computecanada-cp310-cp310-linux_x86_64.whl
Processing /cvmfs/soft.computecanada.ca/custom/python/wheelhouse/generic/regex-2024.9.11+computecanada-cp310-cp310-linux_x86_64.whl
Processing /cvmfs/soft.computecanada.ca/custom/python/wheelhouse/generic/tqdm-4.67.1+computecanada-py3-none-any.whl
Processing /cvmfs/soft.computecanada.ca/custom/python/wheelhouse/generic/gdown-5.2.0+computecanada-py3-none-any.whl
Processing /cvmfs/soft.computecanada.ca/custom/python/wheelhouse/gentoo2023/x86-64-v3/pandas-2.2.3+computecanada-cp310-cp310-linux_x86_64.whl
Processing /cvmfs/soft.computecanada.ca/custom/python/wheelhouse/generic/filelock-3.18.0+computecanada-py3-none-any.whl (from torch)
Processing /cvmfs/soft.computecanada.ca/custom/python/wheelhouse/generic/typing_extensions-4.14.0+computecanada-py3-none-any.whl (from torch)
Processing /cvmfs/soft.computecanada.ca/custom/python/wheelhouse/generic/networkx-3.5+computecanada-py3-none-any.whl (from torch)
Processing /cvmfs/soft.computecanada.ca/custom/python/wheelhouse/generic/jinja2-3.1.6+computecanada-py3-none-any.whl (from torch)
Processing /cvmfs/soft.computecanada.ca/custom/python/wheelhouse/generic/fsspec-2025.5.1+computecanada-py3-none-any.whl (from torch)
Processing /cvmfs/soft.computecanada.ca/custom/python/wheelhouse/generic/sympy-1.13.1+computecanada-py3-none-any.whl (from torch)
Processing /cvmfs/soft.computecanada.ca/custom/python/wheelhouse/generic/mpmath-1.3.0+computecanada-py3-none-any.whl (from sympy==1.13.1->torch)
Processing /cvmfs/soft.computecanada.ca/custom/python/wheelhouse/gentoo2023/generic/numpy-2.2.2+computecanada-cp310-cp310-linux_x86_64.whl (from torchvision)
Processing /cvmfs/soft.computecanada.ca/custom/python/wheelhouse/gentoo2023/x86-64-v3/Pillow_SIMD-9.5.0.post2+computecanada-cp310-cp310-linux_x86_64.whl (from torchvision)
Processing /cvmfs/soft.computecanada.ca/custom/python/wheelhouse/generic/wcwidth-0.2.13+computecanada-py2.py3-none-any.whl (from ftfy)
Processing /cvmfs/soft.computecanada.ca/custom/python/wheelhouse/generic/beautifulsoup4-4.13.4+computecanada-py3-none-any.whl (from gdown)
Processing /cvmfs/soft.computecanada.ca/custom/python/wheelhouse/generic/requests-2.32.4+computecanada-py3-none-any.whl (from gdown)
Processing /cvmfs/soft.computecanada.ca/custom/python/wheelhouse/generic/python_dateutil-2.9.0.post0+computecanada-py2.py3-none-any.whl (from pandas)
Processing /cvmfs/soft.computecanada.ca/custom/python/wheelhouse/generic/pytz-2025.2+computecanada-py2.py3-none-any.whl (from pandas)
Processing /cvmfs/soft.computecanada.ca/custom/python/wheelhouse/generic/tzdata-2025.2+computecanada-py2.py3-none-any.whl (from pandas)
Processing /cvmfs/soft.computecanada.ca/custom/python/wheelhouse/generic/six-1.17.0+computecanada-py2.py3-none-any.whl (from python-dateutil>=2.8.2->pandas)
Processing /cvmfs/soft.computecanada.ca/custom/python/wheelhouse/generic/soupsieve-2.7+computecanada-py3-none-any.whl (from beautifulsoup4->gdown)
Processing /cvmfs/soft.computecanada.ca/custom/python/wheelhouse/generic/MarkupSafe-2.1.5+computecanada-cp310-cp310-linux_x86_64.whl (from jinja2->torch)
INFO: pip is looking at multiple versions of networkx to determine which version is compatible with other requirements. This could take a while.
Processing /cvmfs/soft.computecanada.ca/custom/python/wheelhouse/generic/networkx-3.4.2+computecanada-py3-none-any.whl (from torch)
Processing /cvmfs/soft.computecanada.ca/custom/python/wheelhouse/generic/charset_normalizer-3.4.2+computecanada-py3-none-any.whl (from requests[socks]->gdown)
Processing /cvmfs/soft.computecanada.ca/custom/python/wheelhouse/generic/idna-3.10+computecanada-py3-none-any.whl (from requests[socks]->gdown)
Processing /cvmfs/soft.computecanada.ca/custom/python/wheelhouse/generic/urllib3-2.5.0+computecanada-py3-none-any.whl (from requests[socks]->gdown)
Processing /cvmfs/soft.computecanada.ca/custom/python/wheelhouse/generic/certifi-2025.6.15+computecanada-py3-none-any.whl (from requests[socks]->gdown)
Processing /cvmfs/soft.computecanada.ca/custom/python/wheelhouse/generic/PySocks-1.7.1+computecanada-py3-none-any.whl (from requests[socks]->gdown)
Installing collected packages: wcwidth, pytz, mpmath, urllib3, tzdata, typing-extensions, tqdm, sympy, soupsieve, six, regex, PySocks, pillow-simd, numpy, networkx, MarkupSafe, idna, ftfy, fsspec, filelock, charset-normalizer, certifi, scipy, requests, python-dateutil, jinja2, beautifulsoup4, torch, pandas, torchvision, torchaudio, gdown

Successfully installed MarkupSafe-2.1.5+computecanada PySocks-1.7.1+computecanada beautifulsoup4-4.13.4+computecanada certifi-2025.6.15+computecanada charset-normalizer-3.4.2+computecanada filelock-3.18.0+computecanada fsspec-2025.5.1+computecanada ftfy-6.3.0+computecanada gdown-5.2.0+computecanada idna-3.10+computecanada jinja2-3.1.6+computecanada mpmath-1.3.0+computecanada networkx-3.4.2+computecanada numpy-2.2.2+computecanada pandas-2.2.3+computecanada pillow-simd-9.5.0.post2+computecanada python-dateutil-2.9.0.post0+computecanada pytz-2025.2+computecanada regex-2024.9.11+computecanada requests-2.32.4+computecanada scipy-1.15.1+computecanada six-1.17.0+computecanada soupsieve-2.7+computecanada sympy-1.13.1+computecanada torch-2.6.0+computecanada torchaudio-2.6.0+computecanada torchvision-0.21.0+computecanada tqdm-4.67.1+computecanada typing-extensions-4.14.0+computecanada tzdata-2025.2+computecanada urllib3-2.5.0+computecanada wcwidth-0.2.13+computecanada
Preparing dataset.
Reading split from /home/pedro36/projects/def-leszek/pedro36/datasets/DATA/OxfordPets/split_zhou_OxfordPets.json
Creating a 4-shot dataset
Creating a 16-shot dataset

Getting textual features as CLIP's classifier.

Loading visual features and labels from val set.

Loading visual features and labels from test set.

**** Zero-shot CLIP's test accuracy: 88.20. ****

Residual Attention Block 0: ResidualAttentionBlock(
  (attn): MultiheadAttention(
    (out_proj): NonDynamicallyQuantizableLinear(in_features=512, out_features=512, bias=True)
  )
  (ln_1): LayerNorm((512,), eps=1e-05, elementwise_affine=True)
  (mlp): Sequential(
    (c_fc): Linear(in_features=512, out_features=2048, bias=True)
    (gelu): QuickGELU()
    (c_proj): Linear(in_features=2048, out_features=512, bias=True)
  )
  (ln_2): LayerNorm((512,), eps=1e-05, elementwise_affine=True)
)
Residual Attention Block 1: ResidualAttentionBlock(
  (attn): MultiheadAttention(
    (out_proj): NonDynamicallyQuantizableLinear(in_features=512, out_features=512, bias=True)
  )
  (ln_1): LayerNorm((512,), eps=1e-05, elementwise_affine=True)
  (mlp): Sequential(
    (c_fc): Linear(in_features=512, out_features=2048, bias=True)
    (gelu): QuickGELU()
    (c_proj): Linear(in_features=2048, out_features=512, bias=True)
  )
  (ln_2): LayerNorm((512,), eps=1e-05, elementwise_affine=True)
)
Residual Attention Block 2: ResidualAttentionBlock(
  (attn): MultiheadAttention(
    (out_proj): NonDynamicallyQuantizableLinear(in_features=512, out_features=512, bias=True)
  )
  (ln_1): LayerNorm((512,), eps=1e-05, elementwise_affine=True)
  (mlp): Sequential(
    (c_fc): Linear(in_features=512, out_features=2048, bias=True)
    (gelu): QuickGELU()
    (c_proj): Linear(in_features=2048, out_features=512, bias=True)
  )
  (ln_2): LayerNorm((512,), eps=1e-05, elementwise_affine=True)
)
Residual Attention Block 3: ResidualAttentionBlock(
  (attn): MultiheadAttention(
    (out_proj): NonDynamicallyQuantizableLinear(in_features=512, out_features=512, bias=True)
  )
  (ln_1): LayerNorm((512,), eps=1e-05, elementwise_affine=True)
  (mlp): Sequential(
    (c_fc): Linear(in_features=512, out_features=2048, bias=True)
    (gelu): QuickGELU()
    (c_proj): Linear(in_features=2048, out_features=512, bias=True)
  )
  (ln_2): LayerNorm((512,), eps=1e-05, elementwise_affine=True)
)
Residual Attention Block 4: ResidualAttentionBlock(
  (attn): MultiheadAttention(
    (out_proj): NonDynamicallyQuantizableLinear(in_features=512, out_features=512, bias=True)
  )
  (ln_1): LayerNorm((512,), eps=1e-05, elementwise_affine=True)
  (mlp): Sequential(
    (c_fc): Linear(in_features=512, out_features=2048, bias=True)
    (gelu): QuickGELU()
    (c_proj): Linear(in_features=2048, out_features=512, bias=True)
  )
  (ln_2): LayerNorm((512,), eps=1e-05, elementwise_affine=True)
)
Residual Attention Block 5: ResidualAttentionBlock(
  (attn): MultiheadAttention(
    (out_proj): NonDynamicallyQuantizableLinear(in_features=512, out_features=512, bias=True)
  )
  (ln_1): LayerNorm((512,), eps=1e-05, elementwise_affine=True)
  (mlp): Sequential(
    (c_fc): Linear(in_features=512, out_features=2048, bias=True)
    (gelu): QuickGELU()
    (c_proj): Linear(in_features=2048, out_features=512, bias=True)
  )
  (ln_2): LayerNorm((512,), eps=1e-05, elementwise_affine=True)
)
Residual Attention Block 6: ResidualAttentionBlock(
  (attn): MultiheadAttention(
    (out_proj): NonDynamicallyQuantizableLinear(in_features=512, out_features=512, bias=True)
  )
  (ln_1): LayerNorm((512,), eps=1e-05, elementwise_affine=True)
  (mlp): Sequential(
    (c_fc): Linear(in_features=512, out_features=2048, bias=True)
    (gelu): QuickGELU()
    (c_proj): Linear(in_features=2048, out_features=512, bias=True)
  )
  (ln_2): LayerNorm((512,), eps=1e-05, elementwise_affine=True)
)
Residual Attention Block 7: ResidualAttentionBlock(
  (attn): MultiheadAttention(
    (out_proj): NonDynamicallyQuantizableLinear(in_features=512, out_features=512, bias=True)
  )
  (ln_1): LayerNorm((512,), eps=1e-05, elementwise_affine=True)
  (mlp): Sequential(
    (c_fc): Linear(in_features=512, out_features=2048, bias=True)
    (gelu): QuickGELU()
    (c_proj): Linear(in_features=2048, out_features=512, bias=True)
  )
  (ln_2): LayerNorm((512,), eps=1e-05, elementwise_affine=True)
)
Residual Attention Block 8: ResidualAttentionBlock(
  (attn): MultiheadAttention(
    (out_proj): NonDynamicallyQuantizableLinear(in_features=512, out_features=512, bias=True)
  )
  (ln_1): LayerNorm((512,), eps=1e-05, elementwise_affine=True)
  (mlp): Sequential(
    (c_fc): Linear(in_features=512, out_features=2048, bias=True)
    (gelu): QuickGELU()
    (c_proj): Linear(in_features=2048, out_features=512, bias=True)
  )
  (ln_2): LayerNorm((512,), eps=1e-05, elementwise_affine=True)
)
Residual Attention Block 9: ResidualAttentionBlock(
  (attn): MultiheadAttention(
    (out_proj): NonDynamicallyQuantizableLinear(in_features=512, out_features=512, bias=True)
  )
  (ln_1): LayerNorm((512,), eps=1e-05, elementwise_affine=True)
  (mlp): Sequential(
    (c_fc): Linear(in_features=512, out_features=2048, bias=True)
    (gelu): QuickGELU()
    (c_proj): Linear(in_features=2048, out_features=512, bias=True)
  )
  (ln_2): LayerNorm((512,), eps=1e-05, elementwise_affine=True)
)
Residual Attention Block 10: ResidualAttentionBlock(
  (attn): MultiheadAttention(
    (out_proj): NonDynamicallyQuantizableLinear(in_features=512, out_features=512, bias=True)
  )
  (ln_1): LayerNorm((512,), eps=1e-05, elementwise_affine=True)
  (mlp): Sequential(
    (c_fc): Linear(in_features=512, out_features=2048, bias=True)
    (gelu): QuickGELU()
    (c_proj): Linear(in_features=2048, out_features=512, bias=True)
  )
  (ln_2): LayerNorm((512,), eps=1e-05, elementwise_affine=True)
)
Residual Attention Block 11: ResidualAttentionBlock(
  (attn): MultiheadAttention(
    (out_proj): NonDynamicallyQuantizableLinear(in_features=512, out_features=512, bias=True)
  )
  (ln_1): LayerNorm((512,), eps=1e-05, elementwise_affine=True)
  (mlp): Sequential(
    (c_fc): Linear(in_features=512, out_features=2048, bias=True)
    (gelu): QuickGELU()
    (c_proj): Linear(in_features=2048, out_features=512, bias=True)
  )
  (ln_2): LayerNorm((512,), eps=1e-05, elementwise_affine=True)
)
Residual Attention Block 0: ResidualAttentionBlock(
  (attn): MultiheadAttention(
    (out_proj): NonDynamicallyQuantizableLinear(in_features=768, out_features=768, bias=True)
  )
  (ln_1): LayerNorm((768,), eps=1e-05, elementwise_affine=True)
  (mlp): Sequential(
    (c_fc): Linear(in_features=768, out_features=3072, bias=True)
    (gelu): QuickGELU()
    (c_proj): Linear(in_features=3072, out_features=768, bias=True)
  )
  (ln_2): LayerNorm((768,), eps=1e-05, elementwise_affine=True)
)
Residual Attention Block 1: ResidualAttentionBlock(
  (attn): MultiheadAttention(
    (out_proj): NonDynamicallyQuantizableLinear(in_features=768, out_features=768, bias=True)
  )
  (ln_1): LayerNorm((768,), eps=1e-05, elementwise_affine=True)
  (mlp): Sequential(
    (c_fc): Linear(in_features=768, out_features=3072, bias=True)
    (gelu): QuickGELU()
    (c_proj): Linear(in_features=3072, out_features=768, bias=True)
  )
  (ln_2): LayerNorm((768,), eps=1e-05, elementwise_affine=True)
)
Residual Attention Block 2: ResidualAttentionBlock(
  (attn): MultiheadAttention(
    (out_proj): NonDynamicallyQuantizableLinear(in_features=768, out_features=768, bias=True)
  )
  (ln_1): LayerNorm((768,), eps=1e-05, elementwise_affine=True)
  (mlp): Sequential(
    (c_fc): Linear(in_features=768, out_features=3072, bias=True)
    (gelu): QuickGELU()
    (c_proj): Linear(in_features=3072, out_features=768, bias=True)
  )
  (ln_2): LayerNorm((768,), eps=1e-05, elementwise_affine=True)
)
Residual Attention Block 3: ResidualAttentionBlock(
  (attn): MultiheadAttention(
    (out_proj): NonDynamicallyQuantizableLinear(in_features=768, out_features=768, bias=True)
  )
  (ln_1): LayerNorm((768,), eps=1e-05, elementwise_affine=True)
  (mlp): Sequential(
    (c_fc): Linear(in_features=768, out_features=3072, bias=True)
    (gelu): QuickGELU()
    (c_proj): Linear(in_features=3072, out_features=768, bias=True)
  )
  (ln_2): LayerNorm((768,), eps=1e-05, elementwise_affine=True)
)
Residual Attention Block 4: ResidualAttentionBlock(
  (attn): MultiheadAttention(
    (out_proj): NonDynamicallyQuantizableLinear(in_features=768, out_features=768, bias=True)
  )
  (ln_1): LayerNorm((768,), eps=1e-05, elementwise_affine=True)
  (mlp): Sequential(
    (c_fc): Linear(in_features=768, out_features=3072, bias=True)
    (gelu): QuickGELU()
    (c_proj): Linear(in_features=3072, out_features=768, bias=True)
  )
  (ln_2): LayerNorm((768,), eps=1e-05, elementwise_affine=True)
)
Residual Attention Block 5: ResidualAttentionBlock(
  (attn): MultiheadAttention(
    (out_proj): NonDynamicallyQuantizableLinear(in_features=768, out_features=768, bias=True)
  )
  (ln_1): LayerNorm((768,), eps=1e-05, elementwise_affine=True)
  (mlp): Sequential(
    (c_fc): Linear(in_features=768, out_features=3072, bias=True)
    (gelu): QuickGELU()
    (c_proj): Linear(in_features=3072, out_features=768, bias=True)
  )
  (ln_2): LayerNorm((768,), eps=1e-05, elementwise_affine=True)
)
Residual Attention Block 6: ResidualAttentionBlock(
  (attn): MultiheadAttention(
    (out_proj): NonDynamicallyQuantizableLinear(in_features=768, out_features=768, bias=True)
  )
  (ln_1): LayerNorm((768,), eps=1e-05, elementwise_affine=True)
  (mlp): Sequential(
    (c_fc): Linear(in_features=768, out_features=3072, bias=True)
    (gelu): QuickGELU()
    (c_proj): Linear(in_features=3072, out_features=768, bias=True)
  )
  (ln_2): LayerNorm((768,), eps=1e-05, elementwise_affine=True)
)
Residual Attention Block 7: ResidualAttentionBlock(
  (attn): MultiheadAttention(
    (out_proj): NonDynamicallyQuantizableLinear(in_features=768, out_features=768, bias=True)
  )
  (ln_1): LayerNorm((768,), eps=1e-05, elementwise_affine=True)
  (mlp): Sequential(
    (c_fc): Linear(in_features=768, out_features=3072, bias=True)
    (gelu): QuickGELU()
    (c_proj): Linear(in_features=3072, out_features=768, bias=True)
  )
  (ln_2): LayerNorm((768,), eps=1e-05, elementwise_affine=True)
)
Residual Attention Block 8: ResidualAttentionBlock(
  (attn): MultiheadAttention(
    (out_proj): NonDynamicallyQuantizableLinear(in_features=768, out_features=768, bias=True)
  )
  (ln_1): LayerNorm((768,), eps=1e-05, elementwise_affine=True)
  (mlp): Sequential(
    (c_fc): Linear(in_features=768, out_features=3072, bias=True)
    (gelu): QuickGELU()
    (c_proj): Linear(in_features=3072, out_features=768, bias=True)
  )
  (ln_2): LayerNorm((768,), eps=1e-05, elementwise_affine=True)
)
Residual Attention Block 9: ResidualAttentionBlock(
  (attn): MultiheadAttention(
    (out_proj): NonDynamicallyQuantizableLinear(in_features=768, out_features=768, bias=True)
  )
  (ln_1): LayerNorm((768,), eps=1e-05, elementwise_affine=True)
  (mlp): Sequential(
    (c_fc): Linear(in_features=768, out_features=3072, bias=True)
    (gelu): QuickGELU()
    (c_proj): Linear(in_features=3072, out_features=768, bias=True)
  )
  (ln_2): LayerNorm((768,), eps=1e-05, elementwise_affine=True)
)
Residual Attention Block 10: ResidualAttentionBlock(
  (attn): MultiheadAttention(
    (out_proj): NonDynamicallyQuantizableLinear(in_features=768, out_features=768, bias=True)
  )
  (ln_1): LayerNorm((768,), eps=1e-05, elementwise_affine=True)
  (mlp): Sequential(
    (c_fc): Linear(in_features=768, out_features=3072, bias=True)
    (gelu): QuickGELU()
    (c_proj): Linear(in_features=3072, out_features=768, bias=True)
  )
  (ln_2): LayerNorm((768,), eps=1e-05, elementwise_affine=True)
)
Residual Attention Block 11: ResidualAttentionBlock(
  (attn): MultiheadAttention(
    (out_proj): NonDynamicallyQuantizableLinear(in_features=768, out_features=768, bias=True)
  )
  (ln_1): LayerNorm((768,), eps=1e-05, elementwise_affine=True)
  (mlp): Sequential(
    (c_fc): Linear(in_features=768, out_features=3072, bias=True)
    (gelu): QuickGELU()
    (c_proj): Linear(in_features=3072, out_features=768, bias=True)
  )
  (ln_2): LayerNorm((768,), eps=1e-05, elementwise_affine=True)
)
LR: 0.000200, Acc: 74.1554, Loss: 0.9509
LR: 0.000200, Acc: 73.4797, Loss: 0.8562
LR: 0.000200, Acc: 80.7432, Loss: 0.6411
LR: 0.000200, Acc: 82.0946, Loss: 0.5385
LR: 0.000200, Acc: 85.3041, Loss: 0.4997
LR: 0.000200, Acc: 83.6149, Loss: 0.5434
LR: 0.000200, Acc: 85.4730, Loss: 0.4939
LR: 0.000200, Acc: 84.4595, Loss: 0.4890
LR: 0.000200, Acc: 86.4865, Loss: 0.4508
LR: 0.000200, Acc: 88.0068, Loss: 0.4101
LR: 0.000200, Acc: 86.1486, Loss: 0.4694
LR: 0.000200, Acc: 85.4730, Loss: 0.4547
LR: 0.000200, Acc: 87.3311, Loss: 0.3992
LR: 0.000199, Acc: 90.5405, Loss: 0.3418
LR: 0.000199, Acc: 87.5000, Loss: 0.4224
LR: 0.000199, Acc: 90.0338, Loss: 0.3222
LR: 0.000199, Acc: 89.5270, Loss: 0.3340
LR: 0.000199, Acc: 89.5270, Loss: 0.3685
LR: 0.000199, Acc: 88.1757, Loss: 0.4330
LR: 0.000199, Acc: 90.2027, Loss: 0.3343
LR: 0.000199, Acc: 90.5405, Loss: 0.3177
LR: 0.000199, Acc: 90.0338, Loss: 0.3572
LR: 0.000199, Acc: 89.8649, Loss: 0.3478
LR: 0.000198, Acc: 90.7095, Loss: 0.3194
LR: 0.000198, Acc: 89.5270, Loss: 0.3425
LR: 0.000198, Acc: 91.7230, Loss: 0.2458
LR: 0.000198, Acc: 93.2432, Loss: 0.2536
LR: 0.000198, Acc: 91.5541, Loss: 0.2713
LR: 0.000198, Acc: 90.5405, Loss: 0.2730
LR: 0.000198, Acc: 91.5541, Loss: 0.2914
LR: 0.000197, Acc: 89.8649, Loss: 0.3234
LR: 0.000197, Acc: 91.0473, Loss: 0.3055
LR: 0.000197, Acc: 90.7095, Loss: 0.2995
LR: 0.000197, Acc: 91.2162, Loss: 0.2727
LR: 0.000197, Acc: 92.2297, Loss: 0.2390
LR: 0.000196, Acc: 92.5676, Loss: 0.2374
LR: 0.000196, Acc: 93.9189, Loss: 0.2249
LR: 0.000196, Acc: 94.2568, Loss: 0.1954
LR: 0.000196, Acc: 92.3986, Loss: 0.2362
LR: 0.000196, Acc: 93.7500, Loss: 0.2538
LR: 0.000195, Acc: 91.8919, Loss: 0.3073
LR: 0.000195, Acc: 91.8919, Loss: 0.2673
LR: 0.000195, Acc: 94.9324, Loss: 0.1942
LR: 0.000195, Acc: 92.5676, Loss: 0.2154
LR: 0.000194, Acc: 94.5946, Loss: 0.1569
LR: 0.000194, Acc: 92.9054, Loss: 0.2647
LR: 0.000194, Acc: 92.7365, Loss: 0.2456
LR: 0.000194, Acc: 93.2432, Loss: 0.2296
LR: 0.000193, Acc: 91.8919, Loss: 0.2424
LR: 0.000193, Acc: 94.4257, Loss: 0.2041
LR: 0.000193, Acc: 91.8919, Loss: 0.2622
LR: 0.000193, Acc: 93.7500, Loss: 0.2010
LR: 0.000192, Acc: 93.2432, Loss: 0.2199
LR: 0.000192, Acc: 92.9054, Loss: 0.2557
LR: 0.000192, Acc: 93.5811, Loss: 0.1887
LR: 0.000191, Acc: 92.3986, Loss: 0.2373
LR: 0.000191, Acc: 92.7365, Loss: 0.2342
LR: 0.000191, Acc: 93.2432, Loss: 0.2176
LR: 0.000191, Acc: 95.4392, Loss: 0.1768
LR: 0.000190, Acc: 93.4122, Loss: 0.2135
LR: 0.000190, Acc: 93.7500, Loss: 0.2110
LR: 0.000190, Acc: 94.5946, Loss: 0.1983
LR: 0.000189, Acc: 93.4122, Loss: 0.2252
LR: 0.000189, Acc: 94.2568, Loss: 0.1763
LR: 0.000189, Acc: 92.3986, Loss: 0.2821
LR: 0.000188, Acc: 92.7365, Loss: 0.2295
LR: 0.000188, Acc: 91.7230, Loss: 0.2460
LR: 0.000187, Acc: 94.7635, Loss: 0.1602
LR: 0.000187, Acc: 93.7500, Loss: 0.2293
LR: 0.000187, Acc: 94.4257, Loss: 0.1748
LR: 0.000186, Acc: 93.9189, Loss: 0.2218
LR: 0.000186, Acc: 95.1014, Loss: 0.1931
LR: 0.000186, Acc: 93.7500, Loss: 0.2235
LR: 0.000185, Acc: 95.6081, Loss: 0.1588
LR: 0.000185, Acc: 94.7635, Loss: 0.1801
LR: 0.000184, Acc: 93.5811, Loss: 0.1892
LR: 0.000184, Acc: 95.6081, Loss: 0.1576
LR: 0.000184, Acc: 94.0878, Loss: 0.2209
LR: 0.000183, Acc: 95.7770, Loss: 0.1608
LR: 0.000183, Acc: 95.4392, Loss: 0.1437
LR: 0.000182, Acc: 93.7500, Loss: 0.2089
LR: 0.000182, Acc: 94.0878, Loss: 0.2017
LR: 0.000182, Acc: 94.4257, Loss: 0.2072
LR: 0.000181, Acc: 94.0878, Loss: 0.1856
LR: 0.000181, Acc: 96.4527, Loss: 0.1270
LR: 0.000180, Acc: 95.9459, Loss: 0.1216
LR: 0.000180, Acc: 96.4527, Loss: 0.1614
LR: 0.000179, Acc: 94.5946, Loss: 0.1907
LR: 0.000179, Acc: 94.2568, Loss: 0.1703
LR: 0.000178, Acc: 96.6216, Loss: 0.1303
LR: 0.000178, Acc: 95.9459, Loss: 0.1651
LR: 0.000177, Acc: 95.9459, Loss: 0.1543
LR: 0.000177, Acc: 96.4527, Loss: 0.1275
LR: 0.000177, Acc: 95.7770, Loss: 0.1695
LR: 0.000176, Acc: 97.4662, Loss: 0.1174
LR: 0.000176, Acc: 95.9459, Loss: 0.1075
LR: 0.000175, Acc: 96.6216, Loss: 0.1175
LR: 0.000175, Acc: 95.9459, Loss: 0.1592
LR: 0.000174, Acc: 95.1014, Loss: 0.1837
LR: 0.000174, Acc: 94.5946, Loss: 0.1760
LR: 0.000173, Acc: 96.7905, Loss: 0.1351
LR: 0.000173, Acc: 95.2703, Loss: 0.1483
LR: 0.000172, Acc: 94.5946, Loss: 0.1553
LR: 0.000172, Acc: 96.9595, Loss: 0.1059
LR: 0.000171, Acc: 95.2703, Loss: 0.1773
LR: 0.000170, Acc: 96.2838, Loss: 0.1565
LR: 0.000170, Acc: 95.7770, Loss: 0.1335
LR: 0.000169, Acc: 94.5946, Loss: 0.2000
LR: 0.000169, Acc: 96.6216, Loss: 0.1161
LR: 0.000168, Acc: 96.7905, Loss: 0.1321
LR: 0.000168, Acc: 95.2703, Loss: 0.1727
LR: 0.000167, Acc: 96.2838, Loss: 0.1066
LR: 0.000167, Acc: 96.6216, Loss: 0.1202
LR: 0.000166, Acc: 95.6081, Loss: 0.1362
LR: 0.000166, Acc: 95.2703, Loss: 0.1652
LR: 0.000165, Acc: 96.7905, Loss: 0.1046
LR: 0.000164, Acc: 96.2838, Loss: 0.1136
LR: 0.000164, Acc: 95.9459, Loss: 0.1236
LR: 0.000163, Acc: 95.2703, Loss: 0.1462
LR: 0.000163, Acc: 94.9324, Loss: 0.1610
LR: 0.000162, Acc: 95.4392, Loss: 0.1739
LR: 0.000162, Acc: 96.2838, Loss: 0.1189
LR: 0.000161, Acc: 97.2973, Loss: 0.1066
LR: 0.000160, Acc: 97.2973, Loss: 0.0912
LR: 0.000160, Acc: 95.6081, Loss: 0.1335
LR: 0.000159, Acc: 96.2838, Loss: 0.1353
LR: 0.000159, Acc: 96.4527, Loss: 0.1435
LR: 0.000158, Acc: 96.7905, Loss: 0.1295
LR: 0.000157, Acc: 97.1284, Loss: 0.1053
LR: 0.000157, Acc: 96.7905, Loss: 0.1172
LR: 0.000156, Acc: 96.4527, Loss: 0.1176
LR: 0.000156, Acc: 95.7770, Loss: 0.1664
LR: 0.000155, Acc: 95.4392, Loss: 0.1358
LR: 0.000154, Acc: 97.1284, Loss: 0.1170
LR: 0.000154, Acc: 96.4527, Loss: 0.1215
LR: 0.000153, Acc: 96.4527, Loss: 0.1146
LR: 0.000152, Acc: 95.2703, Loss: 0.1315
LR: 0.000152, Acc: 97.1284, Loss: 0.0967
LR: 0.000151, Acc: 97.6351, Loss: 0.0867
LR: 0.000150, Acc: 95.7770, Loss: 0.1264
LR: 0.000150, Acc: 96.9595, Loss: 0.1129
LR: 0.000149, Acc: 95.7770, Loss: 0.1367
LR: 0.000149, Acc: 96.6216, Loss: 0.1203
LR: 0.000148, Acc: 96.1149, Loss: 0.1303
LR: 0.000147, Acc: 97.9730, Loss: 0.0923
LR: 0.000147, Acc: 96.7905, Loss: 0.1292
LR: 0.000146, Acc: 97.2973, Loss: 0.1017
LR: 0.000145, Acc: 96.4527, Loss: 0.1421
LR: 0.000145, Acc: 96.7905, Loss: 0.1048
LR: 0.000144, Acc: 97.2973, Loss: 0.1041
LR: 0.000143, Acc: 97.8041, Loss: 0.1039
LR: 0.000143, Acc: 96.6216, Loss: 0.1146
LR: 0.000142, Acc: 97.2973, Loss: 0.1073
LR: 0.000141, Acc: 96.4527, Loss: 0.1109
LR: 0.000141, Acc: 96.9595, Loss: 0.1003
LR: 0.000140, Acc: 97.2973, Loss: 0.1058
LR: 0.000139, Acc: 96.6216, Loss: 0.1131
LR: 0.000139, Acc: 98.1419, Loss: 0.0893
LR: 0.000138, Acc: 97.4662, Loss: 0.0876
LR: 0.000137, Acc: 97.2973, Loss: 0.1093
LR: 0.000136, Acc: 97.6351, Loss: 0.0865
LR: 0.000136, Acc: 97.8041, Loss: 0.0743
LR: 0.000135, Acc: 97.4662, Loss: 0.0786
LR: 0.000134, Acc: 96.1149, Loss: 0.1109
LR: 0.000134, Acc: 96.7905, Loss: 0.1202
LR: 0.000133, Acc: 97.8041, Loss: 0.0942
LR: 0.000132, Acc: 97.9730, Loss: 0.0847
LR: 0.000132, Acc: 96.2838, Loss: 0.1250
LR: 0.000131, Acc: 96.9595, Loss: 0.1180
LR: 0.000130, Acc: 97.8041, Loss: 0.0882
LR: 0.000129, Acc: 97.1284, Loss: 0.1110
LR: 0.000129, Acc: 97.2973, Loss: 0.0935
LR: 0.000128, Acc: 97.6351, Loss: 0.0747
LR: 0.000127, Acc: 97.2973, Loss: 0.0656
LR: 0.000127, Acc: 96.2838, Loss: 0.1115
LR: 0.000126, Acc: 97.8041, Loss: 0.0784
LR: 0.000125, Acc: 97.6351, Loss: 0.0778
LR: 0.000124, Acc: 97.2973, Loss: 0.0956
LR: 0.000124, Acc: 97.6351, Loss: 0.0848
LR: 0.000123, Acc: 97.8041, Loss: 0.0857
LR: 0.000122, Acc: 96.4527, Loss: 0.1093
LR: 0.000122, Acc: 96.9595, Loss: 0.1095
LR: 0.000121, Acc: 96.7905, Loss: 0.0970
LR: 0.000120, Acc: 96.4527, Loss: 0.1303
LR: 0.000119, Acc: 96.6216, Loss: 0.1011
LR: 0.000119, Acc: 96.9595, Loss: 0.0949
LR: 0.000118, Acc: 95.6081, Loss: 0.1526
LR: 0.000117, Acc: 96.4527, Loss: 0.1242
LR: 0.000116, Acc: 97.9730, Loss: 0.0657
LR: 0.000116, Acc: 97.6351, Loss: 0.0878
LR: 0.000115, Acc: 96.9595, Loss: 0.1160
LR: 0.000114, Acc: 97.2973, Loss: 0.0840
LR: 0.000113, Acc: 97.9730, Loss: 0.0823
LR: 0.000113, Acc: 98.4797, Loss: 0.0561
LR: 0.000112, Acc: 97.1284, Loss: 0.0942
LR: 0.000111, Acc: 96.9595, Loss: 0.1095
LR: 0.000111, Acc: 97.6351, Loss: 0.0951
LR: 0.000110, Acc: 96.4527, Loss: 0.1098
LR: 0.000109, Acc: 96.2838, Loss: 0.1209
LR: 0.000108, Acc: 98.1419, Loss: 0.0786
LR: 0.000108, Acc: 96.9595, Loss: 0.0917
LR: 0.000107, Acc: 98.1419, Loss: 0.0722
LR: 0.000106, Acc: 97.8041, Loss: 0.0933
LR: 0.000105, Acc: 97.2973, Loss: 0.0943
LR: 0.000105, Acc: 97.8041, Loss: 0.0811
LR: 0.000104, Acc: 97.1284, Loss: 0.1102
LR: 0.000103, Acc: 96.6216, Loss: 0.1211
LR: 0.000102, Acc: 98.1419, Loss: 0.0560
LR: 0.000102, Acc: 96.7905, Loss: 0.1118
LR: 0.000101, Acc: 96.6216, Loss: 0.1111
LR: 0.000100, Acc: 97.6351, Loss: 0.0740
LR: 0.000099, Acc: 96.2838, Loss: 0.1462
LR: 0.000099, Acc: 97.6351, Loss: 0.0725
LR: 0.000098, Acc: 97.2973, Loss: 0.0770
LR: 0.000097, Acc: 97.6351, Loss: 0.0880
LR: 0.000096, Acc: 97.2973, Loss: 0.1051
LR: 0.000096, Acc: 96.2838, Loss: 0.1136
LR: 0.000095, Acc: 97.6351, Loss: 0.0957
LR: 0.000094, Acc: 98.1419, Loss: 0.0942
LR: 0.000093, Acc: 97.4662, Loss: 0.0926
LR: 0.000093, Acc: 96.7905, Loss: 0.1171
LR: 0.000092, Acc: 97.9730, Loss: 0.0694
LR: 0.000091, Acc: 97.6351, Loss: 0.0787
LR: 0.000091, Acc: 96.4527, Loss: 0.1340
LR: 0.000090, Acc: 97.4662, Loss: 0.0831
LR: 0.000089, Acc: 97.9730, Loss: 0.0714
LR: 0.000088, Acc: 97.6351, Loss: 0.0697
LR: 0.000088, Acc: 97.2973, Loss: 0.0821
LR: 0.000087, Acc: 98.1419, Loss: 0.0768
LR: 0.000086, Acc: 96.6216, Loss: 0.1268
LR: 0.000085, Acc: 97.1284, Loss: 0.1000
LR: 0.000085, Acc: 98.4797, Loss: 0.0554
LR: 0.000084, Acc: 98.3108, Loss: 0.0762
LR: 0.000083, Acc: 97.4662, Loss: 0.0779
LR: 0.000082, Acc: 97.2973, Loss: 0.0843
LR: 0.000082, Acc: 97.1284, Loss: 0.0917
LR: 0.000081, Acc: 98.3108, Loss: 0.0731
LR: 0.000080, Acc: 97.9730, Loss: 0.0725
LR: 0.000080, Acc: 98.8176, Loss: 0.0538
LR: 0.000079, Acc: 97.6351, Loss: 0.0966
LR: 0.000078, Acc: 96.9595, Loss: 0.1010
LR: 0.000077, Acc: 97.6351, Loss: 0.0781
LR: 0.000077, Acc: 96.7905, Loss: 0.1027
LR: 0.000076, Acc: 97.9730, Loss: 0.0897
LR: 0.000075, Acc: 97.1284, Loss: 0.0956
LR: 0.000074, Acc: 97.2973, Loss: 0.0773
LR: 0.000074, Acc: 97.9730, Loss: 0.0764
LR: 0.000073, Acc: 97.8041, Loss: 0.0661
LR: 0.000072, Acc: 96.2838, Loss: 0.1314
LR: 0.000072, Acc: 97.9730, Loss: 0.0967
LR: 0.000071, Acc: 97.1284, Loss: 0.0867
LR: 0.000070, Acc: 97.8041, Loss: 0.1070
LR: 0.000069, Acc: 97.9730, Loss: 0.0892
LR: 0.000069, Acc: 97.4662, Loss: 0.0860
LR: 0.000068, Acc: 97.2973, Loss: 0.0940
LR: 0.000067, Acc: 98.1419, Loss: 0.0789
LR: 0.000067, Acc: 97.9730, Loss: 0.0688
LR: 0.000066, Acc: 97.4662, Loss: 0.0784
LR: 0.000065, Acc: 96.9595, Loss: 0.1025
LR: 0.000065, Acc: 97.4662, Loss: 0.0799
LR: 0.000064, Acc: 98.3108, Loss: 0.0569
LR: 0.000063, Acc: 97.6351, Loss: 0.0684
LR: 0.000063, Acc: 98.1419, Loss: 0.0664
LR: 0.000062, Acc: 97.2973, Loss: 0.0890
LR: 0.000061, Acc: 98.4797, Loss: 0.0536
LR: 0.000060, Acc: 98.1419, Loss: 0.0657
LR: 0.000060, Acc: 97.4662, Loss: 0.0931
LR: 0.000059, Acc: 97.8041, Loss: 0.0724
LR: 0.000058, Acc: 97.9730, Loss: 0.0740
LR: 0.000058, Acc: 98.1419, Loss: 0.0665
LR: 0.000057, Acc: 96.1149, Loss: 0.1306
LR: 0.000056, Acc: 99.3243, Loss: 0.0366
LR: 0.000056, Acc: 96.4527, Loss: 0.1180
LR: 0.000055, Acc: 97.4662, Loss: 0.1020
LR: 0.000054, Acc: 97.6351, Loss: 0.0764
LR: 0.000054, Acc: 97.4662, Loss: 0.0894
LR: 0.000053, Acc: 97.8041, Loss: 0.0839
LR: 0.000052, Acc: 97.8041, Loss: 0.1013
LR: 0.000052, Acc: 97.2973, Loss: 0.0933
LR: 0.000051, Acc: 97.1284, Loss: 0.0969
LR: 0.000051, Acc: 97.6351, Loss: 0.0797
LR: 0.000050, Acc: 98.6486, Loss: 0.0464
LR: 0.000049, Acc: 98.6486, Loss: 0.0608
LR: 0.000049, Acc: 97.8041, Loss: 0.0762
LR: 0.000048, Acc: 98.3108, Loss: 0.0598
LR: 0.000047, Acc: 98.3108, Loss: 0.0739
LR: 0.000047, Acc: 98.6486, Loss: 0.0676
LR: 0.000046, Acc: 97.8041, Loss: 0.0638
LR: 0.000046, Acc: 98.1419, Loss: 0.0770
LR: 0.000045, Acc: 98.3108, Loss: 0.0615
LR: 0.000044, Acc: 97.1284, Loss: 0.0798
LR: 0.000044, Acc: 96.4527, Loss: 0.1160
LR: 0.000043, Acc: 96.7905, Loss: 0.1084
LR: 0.000042, Acc: 97.1284, Loss: 0.0881
LR: 0.000042, Acc: 97.9730, Loss: 0.0614
LR: 0.000041, Acc: 98.4797, Loss: 0.0482
LR: 0.000041, Acc: 97.8041, Loss: 0.0826
LR: 0.000040, Acc: 98.6486, Loss: 0.0587
LR: 0.000039, Acc: 96.4527, Loss: 0.1282
LR: 0.000039, Acc: 97.8041, Loss: 0.0751
LR: 0.000038, Acc: 98.1419, Loss: 0.0474
LR: 0.000038, Acc: 98.6486, Loss: 0.0695
LR: 0.000037, Acc: 98.1419, Loss: 0.0604
LR: 0.000037, Acc: 97.1284, Loss: 0.1037
LR: 0.000036, Acc: 95.9459, Loss: 0.1150
LR: 0.000035, Acc: 97.9730, Loss: 0.0653
LR: 0.000035, Acc: 97.2973, Loss: 0.0788
LR: 0.000034, Acc: 97.8041, Loss: 0.0750
LR: 0.000034, Acc: 97.2973, Loss: 0.0852
LR: 0.000033, Acc: 97.8041, Loss: 0.0724
LR: 0.000033, Acc: 97.8041, Loss: 0.0864
LR: 0.000032, Acc: 97.6351, Loss: 0.0855
LR: 0.000032, Acc: 98.8176, Loss: 0.0493
LR: 0.000031, Acc: 98.3108, Loss: 0.0603
LR: 0.000031, Acc: 97.2973, Loss: 0.1018
LR: 0.000030, Acc: 98.9865, Loss: 0.0534
LR: 0.000030, Acc: 97.6351, Loss: 0.0851
LR: 0.000029, Acc: 97.8041, Loss: 0.0700
LR: 0.000028, Acc: 98.6486, Loss: 0.0582
LR: 0.000028, Acc: 98.6486, Loss: 0.0606
LR: 0.000027, Acc: 97.8041, Loss: 0.0743
LR: 0.000027, Acc: 98.6486, Loss: 0.0601
LR: 0.000026, Acc: 98.3108, Loss: 0.0469
LR: 0.000026, Acc: 98.1419, Loss: 0.0670
LR: 0.000025, Acc: 97.4662, Loss: 0.0954
LR: 0.000025, Acc: 98.6486, Loss: 0.0543
LR: 0.000025, Acc: 97.9730, Loss: 0.0640
LR: 0.000024, Acc: 98.1419, Loss: 0.0773
LR: 0.000024, Acc: 97.9730, Loss: 0.0727
LR: 0.000023, Acc: 97.9730, Loss: 0.0637
LR: 0.000023, Acc: 97.4662, Loss: 0.0945
LR: 0.000022, Acc: 98.4797, Loss: 0.0549
LR: 0.000022, Acc: 96.7905, Loss: 0.1197
LR: 0.000021, Acc: 99.3243, Loss: 0.0454
LR: 0.000021, Acc: 98.6486, Loss: 0.0459
LR: 0.000020, Acc: 97.4662, Loss: 0.0776
LR: 0.000020, Acc: 97.2973, Loss: 0.0905
LR: 0.000020, Acc: 97.4662, Loss: 0.0628
LR: 0.000019, Acc: 98.3108, Loss: 0.0771
LR: 0.000019, Acc: 98.3108, Loss: 0.0587
LR: 0.000018, Acc: 97.8041, Loss: 0.0845
LR: 0.000018, Acc: 98.1419, Loss: 0.0760
LR: 0.000017, Acc: 97.4662, Loss: 0.0838
LR: 0.000017, Acc: 98.4797, Loss: 0.0633
LR: 0.000017, Acc: 97.6351, Loss: 0.0731
LR: 0.000016, Acc: 97.8041, Loss: 0.0790
LR: 0.000016, Acc: 99.1554, Loss: 0.0303
LR: 0.000015, Acc: 96.9595, Loss: 0.1043
LR: 0.000015, Acc: 98.3108, Loss: 0.0780
LR: 0.000015, Acc: 98.8176, Loss: 0.0533
LR: 0.000014, Acc: 97.1284, Loss: 0.1017
LR: 0.000014, Acc: 97.4662, Loss: 0.0824
LR: 0.000014, Acc: 98.1419, Loss: 0.0693
LR: 0.000013, Acc: 98.1419, Loss: 0.0813
LR: 0.000013, Acc: 98.4797, Loss: 0.0508
LR: 0.000012, Acc: 97.2973, Loss: 0.0803
LR: 0.000012, Acc: 96.6216, Loss: 0.1075
LR: 0.000012, Acc: 97.9730, Loss: 0.0728
LR: 0.000011, Acc: 98.3108, Loss: 0.0585
LR: 0.000011, Acc: 97.9730, Loss: 0.0922
LR: 0.000011, Acc: 97.9730, Loss: 0.0756
LR: 0.000011, Acc: 98.8176, Loss: 0.0495
LR: 0.000010, Acc: 98.1419, Loss: 0.0649
LR: 0.000010, Acc: 98.4797, Loss: 0.0496
LR: 0.000010, Acc: 98.1419, Loss: 0.0493
LR: 0.000009, Acc: 98.9865, Loss: 0.0447
LR: 0.000009, Acc: 98.3108, Loss: 0.0652
LR: 0.000009, Acc: 98.9865, Loss: 0.0452
LR: 0.000008, Acc: 97.6351, Loss: 0.0776
LR: 0.000008, Acc: 97.9730, Loss: 0.0627
LR: 0.000008, Acc: 97.9730, Loss: 0.0654
LR: 0.000008, Acc: 98.1419, Loss: 0.0705
LR: 0.000007, Acc: 97.9730, Loss: 0.0708
LR: 0.000007, Acc: 98.8176, Loss: 0.0574
LR: 0.000007, Acc: 97.6351, Loss: 0.0851
LR: 0.000007, Acc: 98.4797, Loss: 0.0436
LR: 0.000006, Acc: 98.3108, Loss: 0.0638
LR: 0.000006, Acc: 98.4797, Loss: 0.0894
LR: 0.000006, Acc: 97.4662, Loss: 0.0952
LR: 0.000006, Acc: 97.8041, Loss: 0.0739
LR: 0.000005, Acc: 98.3108, Loss: 0.0461
LR: 0.000005, Acc: 98.4797, Loss: 0.0454
LR: 0.000005, Acc: 98.3108, Loss: 0.0794
LR: 0.000005, Acc: 97.9730, Loss: 0.0607
LR: 0.000005, Acc: 97.4662, Loss: 0.0867
LR: 0.000004, Acc: 97.6351, Loss: 0.0973
LR: 0.000004, Acc: 97.8041, Loss: 0.0686
LR: 0.000004, Acc: 97.2973, Loss: 0.0958
LR: 0.000004, Acc: 97.6351, Loss: 0.0798
LR: 0.000004, Acc: 97.8041, Loss: 0.0804
LR: 0.000003, Acc: 98.3108, Loss: 0.0561
LR: 0.000003, Acc: 98.4797, Loss: 0.0614
LR: 0.000003, Acc: 97.2973, Loss: 0.0770
LR: 0.000003, Acc: 98.1419, Loss: 0.0527
LR: 0.000003, Acc: 96.2838, Loss: 0.1218
LR: 0.000003, Acc: 97.6351, Loss: 0.0859
LR: 0.000003, Acc: 98.4797, Loss: 0.0344
LR: 0.000002, Acc: 97.6351, Loss: 0.0689
LR: 0.000002, Acc: 97.8041, Loss: 0.0926
LR: 0.000002, Acc: 98.1419, Loss: 0.0525
LR: 0.000002, Acc: 98.3108, Loss: 0.0716
LR: 0.000002, Acc: 97.6351, Loss: 0.0688
LR: 0.000002, Acc: 98.1419, Loss: 0.0658
LR: 0.000002, Acc: 98.1419, Loss: 0.0566
LR: 0.000002, Acc: 98.9865, Loss: 0.0353
LR: 0.000002, Acc: 97.2973, Loss: 0.0755
LR: 0.000002, Acc: 98.1419, Loss: 0.0544
LR: 0.000001, Acc: 97.8041, Loss: 0.0809
LR: 0.000001, Acc: 98.3108, Loss: 0.0547
LR: 0.000001, Acc: 98.6486, Loss: 0.0534
LR: 0.000001, Acc: 98.3108, Loss: 0.0489
LR: 0.000001, Acc: 97.9730, Loss: 0.0762
LR: 0.000001, Acc: 97.6351, Loss: 0.0924
LR: 0.000001, Acc: 98.8176, Loss: 0.0407
LR: 0.000001, Acc: 98.9865, Loss: 0.0492
LR: 0.000001, Acc: 97.1284, Loss: 0.0873
LR: 0.000001, Acc: 97.9730, Loss: 0.0630
LR: 0.000001, Acc: 98.1419, Loss: 0.0708
LR: 0.000001, Acc: 97.2973, Loss: 0.0818
LR: 0.000001, Acc: 97.4662, Loss: 0.1116
LR: 0.000001, Acc: 98.6486, Loss: 0.0675
**** Final test accuracy: 91.66. ****

LoRA weights saved to weights/vitb16/oxford_pets/16shots/seed1/CLIP-LoRA_oxford_pets.pt
