created virtual environment CPython3.10.13.final.0-64 in 4945ms
  creator CPython3Posix(dest=/localscratch/pedro36.56834457.0/env, clear=False, no_vcs_ignore=False, global=False)
  seeder FromAppData(download=False, pip=bundle, setuptools=bundle, wheel=bundle, via=copy, app_data_dir=/home/pedro36/.local/share/virtualenv)
    added seed packages: pip==25.1.1, setuptools==80.7.1, wheel==0.45.1+computecanada
  activators BashActivator,CShellActivator,FishActivator,NushellActivator,PowerShellActivator,PythonActivator
Looking in links: /cvmfs/soft.computecanada.ca/custom/python/wheelhouse/gentoo2023/x86-64-v4, /cvmfs/soft.computecanada.ca/custom/python/wheelhouse/gentoo2023/x86-64-v3, /cvmfs/soft.computecanada.ca/custom/python/wheelhouse/gentoo2023/generic, /cvmfs/soft.computecanada.ca/custom/python/wheelhouse/generic
Requirement already satisfied: pip in /localscratch/pedro36.56834457.0/env/lib/python3.10/site-packages (25.1.1)
Looking in links: /cvmfs/soft.computecanada.ca/custom/python/wheelhouse/gentoo2023/x86-64-v4, /cvmfs/soft.computecanada.ca/custom/python/wheelhouse/gentoo2023/x86-64-v3, /cvmfs/soft.computecanada.ca/custom/python/wheelhouse/gentoo2023/generic, /cvmfs/soft.computecanada.ca/custom/python/wheelhouse/generic
Processing /cvmfs/soft.computecanada.ca/custom/python/wheelhouse/gentoo2023/x86-64-v3/torch-2.6.0+computecanada-cp310-cp310-linux_x86_64.whl
Processing /cvmfs/soft.computecanada.ca/custom/python/wheelhouse/gentoo2023/generic/torchvision-0.21.0+computecanada-cp310-cp310-linux_x86_64.whl
Processing /cvmfs/soft.computecanada.ca/custom/python/wheelhouse/gentoo2023/x86-64-v3/torchaudio-2.6.0+computecanada-cp310-cp310-linux_x86_64.whl
Processing /cvmfs/soft.computecanada.ca/custom/python/wheelhouse/generic/ftfy-6.3.0+computecanada-py3-none-any.whl
Processing /cvmfs/soft.computecanada.ca/custom/python/wheelhouse/gentoo2023/generic/scipy-1.15.1+computecanada-cp310-cp310-linux_x86_64.whl
Processing /cvmfs/soft.computecanada.ca/custom/python/wheelhouse/generic/regex-2024.9.11+computecanada-cp310-cp310-linux_x86_64.whl
Processing /cvmfs/soft.computecanada.ca/custom/python/wheelhouse/generic/tqdm-4.67.1+computecanada-py3-none-any.whl
Processing /cvmfs/soft.computecanada.ca/custom/python/wheelhouse/generic/gdown-5.2.0+computecanada-py3-none-any.whl
Processing /cvmfs/soft.computecanada.ca/custom/python/wheelhouse/gentoo2023/x86-64-v3/pandas-2.2.3+computecanada-cp310-cp310-linux_x86_64.whl
Processing /cvmfs/soft.computecanada.ca/custom/python/wheelhouse/generic/filelock-3.18.0+computecanada-py3-none-any.whl (from torch)
Processing /cvmfs/soft.computecanada.ca/custom/python/wheelhouse/generic/typing_extensions-4.14.0+computecanada-py3-none-any.whl (from torch)
Processing /cvmfs/soft.computecanada.ca/custom/python/wheelhouse/generic/networkx-3.5+computecanada-py3-none-any.whl (from torch)
Processing /cvmfs/soft.computecanada.ca/custom/python/wheelhouse/generic/jinja2-3.1.6+computecanada-py3-none-any.whl (from torch)
Processing /cvmfs/soft.computecanada.ca/custom/python/wheelhouse/generic/fsspec-2025.5.1+computecanada-py3-none-any.whl (from torch)
Processing /cvmfs/soft.computecanada.ca/custom/python/wheelhouse/generic/sympy-1.13.1+computecanada-py3-none-any.whl (from torch)
Processing /cvmfs/soft.computecanada.ca/custom/python/wheelhouse/generic/mpmath-1.3.0+computecanada-py3-none-any.whl (from sympy==1.13.1->torch)
Processing /cvmfs/soft.computecanada.ca/custom/python/wheelhouse/gentoo2023/generic/numpy-2.2.2+computecanada-cp310-cp310-linux_x86_64.whl (from torchvision)
Processing /cvmfs/soft.computecanada.ca/custom/python/wheelhouse/gentoo2023/x86-64-v3/Pillow_SIMD-9.5.0.post2+computecanada-cp310-cp310-linux_x86_64.whl (from torchvision)
Processing /cvmfs/soft.computecanada.ca/custom/python/wheelhouse/generic/wcwidth-0.2.13+computecanada-py2.py3-none-any.whl (from ftfy)
Processing /cvmfs/soft.computecanada.ca/custom/python/wheelhouse/generic/beautifulsoup4-4.13.4+computecanada-py3-none-any.whl (from gdown)
Processing /cvmfs/soft.computecanada.ca/custom/python/wheelhouse/generic/requests-2.32.4+computecanada-py3-none-any.whl (from gdown)
Processing /cvmfs/soft.computecanada.ca/custom/python/wheelhouse/generic/python_dateutil-2.9.0.post0+computecanada-py2.py3-none-any.whl (from pandas)
Processing /cvmfs/soft.computecanada.ca/custom/python/wheelhouse/generic/pytz-2025.2+computecanada-py2.py3-none-any.whl (from pandas)
Processing /cvmfs/soft.computecanada.ca/custom/python/wheelhouse/generic/tzdata-2025.2+computecanada-py2.py3-none-any.whl (from pandas)
Processing /cvmfs/soft.computecanada.ca/custom/python/wheelhouse/generic/six-1.17.0+computecanada-py2.py3-none-any.whl (from python-dateutil>=2.8.2->pandas)
Processing /cvmfs/soft.computecanada.ca/custom/python/wheelhouse/generic/soupsieve-2.7+computecanada-py3-none-any.whl (from beautifulsoup4->gdown)
Processing /cvmfs/soft.computecanada.ca/custom/python/wheelhouse/generic/MarkupSafe-2.1.5+computecanada-cp310-cp310-linux_x86_64.whl (from jinja2->torch)
INFO: pip is looking at multiple versions of networkx to determine which version is compatible with other requirements. This could take a while.
Processing /cvmfs/soft.computecanada.ca/custom/python/wheelhouse/generic/networkx-3.4.2+computecanada-py3-none-any.whl (from torch)
Processing /cvmfs/soft.computecanada.ca/custom/python/wheelhouse/generic/charset_normalizer-3.4.2+computecanada-py3-none-any.whl (from requests[socks]->gdown)
Processing /cvmfs/soft.computecanada.ca/custom/python/wheelhouse/generic/idna-3.10+computecanada-py3-none-any.whl (from requests[socks]->gdown)
Processing /cvmfs/soft.computecanada.ca/custom/python/wheelhouse/generic/urllib3-2.5.0+computecanada-py3-none-any.whl (from requests[socks]->gdown)
Processing /cvmfs/soft.computecanada.ca/custom/python/wheelhouse/generic/certifi-2025.6.15+computecanada-py3-none-any.whl (from requests[socks]->gdown)
Processing /cvmfs/soft.computecanada.ca/custom/python/wheelhouse/generic/PySocks-1.7.1+computecanada-py3-none-any.whl (from requests[socks]->gdown)
Installing collected packages: wcwidth, pytz, mpmath, urllib3, tzdata, typing-extensions, tqdm, sympy, soupsieve, six, regex, PySocks, pillow-simd, numpy, networkx, MarkupSafe, idna, ftfy, fsspec, filelock, charset-normalizer, certifi, scipy, requests, python-dateutil, jinja2, beautifulsoup4, torch, pandas, torchvision, torchaudio, gdown

Successfully installed MarkupSafe-2.1.5+computecanada PySocks-1.7.1+computecanada beautifulsoup4-4.13.4+computecanada certifi-2025.6.15+computecanada charset-normalizer-3.4.2+computecanada filelock-3.18.0+computecanada fsspec-2025.5.1+computecanada ftfy-6.3.0+computecanada gdown-5.2.0+computecanada idna-3.10+computecanada jinja2-3.1.6+computecanada mpmath-1.3.0+computecanada networkx-3.4.2+computecanada numpy-2.2.2+computecanada pandas-2.2.3+computecanada pillow-simd-9.5.0.post2+computecanada python-dateutil-2.9.0.post0+computecanada pytz-2025.2+computecanada regex-2024.9.11+computecanada requests-2.32.4+computecanada scipy-1.15.1+computecanada six-1.17.0+computecanada soupsieve-2.7+computecanada sympy-1.13.1+computecanada torch-2.6.0+computecanada torchaudio-2.6.0+computecanada torchvision-0.21.0+computecanada tqdm-4.67.1+computecanada typing-extensions-4.14.0+computecanada tzdata-2025.2+computecanada urllib3-2.5.0+computecanada wcwidth-0.2.13+computecanada
Preparing dataset.
Reading split from /home/pedro36/projects/def-leszek/pedro36/datasets/DATA/Flower102/split_zhou_OxfordFlowers.json
Creating a 2-shot dataset
Creating a 2-shot dataset

Getting textual features as CLIP's classifier.

Loading visual features and labels from val set.

Loading visual features and labels from test set.

**** Zero-shot CLIP's test accuracy: 67.36. ****

Residual Attention Block 0: ResidualAttentionBlock(
  (attn): MultiheadAttention(
    (out_proj): NonDynamicallyQuantizableLinear(in_features=512, out_features=512, bias=True)
  )
  (ln_1): LayerNorm((512,), eps=1e-05, elementwise_affine=True)
  (mlp): Sequential(
    (c_fc): Linear(in_features=512, out_features=2048, bias=True)
    (gelu): QuickGELU()
    (c_proj): Linear(in_features=2048, out_features=512, bias=True)
  )
  (ln_2): LayerNorm((512,), eps=1e-05, elementwise_affine=True)
)
Residual Attention Block 1: ResidualAttentionBlock(
  (attn): MultiheadAttention(
    (out_proj): NonDynamicallyQuantizableLinear(in_features=512, out_features=512, bias=True)
  )
  (ln_1): LayerNorm((512,), eps=1e-05, elementwise_affine=True)
  (mlp): Sequential(
    (c_fc): Linear(in_features=512, out_features=2048, bias=True)
    (gelu): QuickGELU()
    (c_proj): Linear(in_features=2048, out_features=512, bias=True)
  )
  (ln_2): LayerNorm((512,), eps=1e-05, elementwise_affine=True)
)
Residual Attention Block 2: ResidualAttentionBlock(
  (attn): MultiheadAttention(
    (out_proj): NonDynamicallyQuantizableLinear(in_features=512, out_features=512, bias=True)
  )
  (ln_1): LayerNorm((512,), eps=1e-05, elementwise_affine=True)
  (mlp): Sequential(
    (c_fc): Linear(in_features=512, out_features=2048, bias=True)
    (gelu): QuickGELU()
    (c_proj): Linear(in_features=2048, out_features=512, bias=True)
  )
  (ln_2): LayerNorm((512,), eps=1e-05, elementwise_affine=True)
)
Residual Attention Block 3: ResidualAttentionBlock(
  (attn): MultiheadAttention(
    (out_proj): NonDynamicallyQuantizableLinear(in_features=512, out_features=512, bias=True)
  )
  (ln_1): LayerNorm((512,), eps=1e-05, elementwise_affine=True)
  (mlp): Sequential(
    (c_fc): Linear(in_features=512, out_features=2048, bias=True)
    (gelu): QuickGELU()
    (c_proj): Linear(in_features=2048, out_features=512, bias=True)
  )
  (ln_2): LayerNorm((512,), eps=1e-05, elementwise_affine=True)
)
Residual Attention Block 4: ResidualAttentionBlock(
  (attn): MultiheadAttention(
    (out_proj): NonDynamicallyQuantizableLinear(in_features=512, out_features=512, bias=True)
  )
  (ln_1): LayerNorm((512,), eps=1e-05, elementwise_affine=True)
  (mlp): Sequential(
    (c_fc): Linear(in_features=512, out_features=2048, bias=True)
    (gelu): QuickGELU()
    (c_proj): Linear(in_features=2048, out_features=512, bias=True)
  )
  (ln_2): LayerNorm((512,), eps=1e-05, elementwise_affine=True)
)
Residual Attention Block 5: ResidualAttentionBlock(
  (attn): MultiheadAttention(
    (out_proj): NonDynamicallyQuantizableLinear(in_features=512, out_features=512, bias=True)
  )
  (ln_1): LayerNorm((512,), eps=1e-05, elementwise_affine=True)
  (mlp): Sequential(
    (c_fc): Linear(in_features=512, out_features=2048, bias=True)
    (gelu): QuickGELU()
    (c_proj): Linear(in_features=2048, out_features=512, bias=True)
  )
  (ln_2): LayerNorm((512,), eps=1e-05, elementwise_affine=True)
)
Residual Attention Block 6: ResidualAttentionBlock(
  (attn): MultiheadAttention(
    (out_proj): NonDynamicallyQuantizableLinear(in_features=512, out_features=512, bias=True)
  )
  (ln_1): LayerNorm((512,), eps=1e-05, elementwise_affine=True)
  (mlp): Sequential(
    (c_fc): Linear(in_features=512, out_features=2048, bias=True)
    (gelu): QuickGELU()
    (c_proj): Linear(in_features=2048, out_features=512, bias=True)
  )
  (ln_2): LayerNorm((512,), eps=1e-05, elementwise_affine=True)
)
Residual Attention Block 7: ResidualAttentionBlock(
  (attn): MultiheadAttention(
    (out_proj): NonDynamicallyQuantizableLinear(in_features=512, out_features=512, bias=True)
  )
  (ln_1): LayerNorm((512,), eps=1e-05, elementwise_affine=True)
  (mlp): Sequential(
    (c_fc): Linear(in_features=512, out_features=2048, bias=True)
    (gelu): QuickGELU()
    (c_proj): Linear(in_features=2048, out_features=512, bias=True)
  )
  (ln_2): LayerNorm((512,), eps=1e-05, elementwise_affine=True)
)
Residual Attention Block 8: ResidualAttentionBlock(
  (attn): MultiheadAttention(
    (out_proj): NonDynamicallyQuantizableLinear(in_features=512, out_features=512, bias=True)
  )
  (ln_1): LayerNorm((512,), eps=1e-05, elementwise_affine=True)
  (mlp): Sequential(
    (c_fc): Linear(in_features=512, out_features=2048, bias=True)
    (gelu): QuickGELU()
    (c_proj): Linear(in_features=2048, out_features=512, bias=True)
  )
  (ln_2): LayerNorm((512,), eps=1e-05, elementwise_affine=True)
)
Residual Attention Block 9: ResidualAttentionBlock(
  (attn): MultiheadAttention(
    (out_proj): NonDynamicallyQuantizableLinear(in_features=512, out_features=512, bias=True)
  )
  (ln_1): LayerNorm((512,), eps=1e-05, elementwise_affine=True)
  (mlp): Sequential(
    (c_fc): Linear(in_features=512, out_features=2048, bias=True)
    (gelu): QuickGELU()
    (c_proj): Linear(in_features=2048, out_features=512, bias=True)
  )
  (ln_2): LayerNorm((512,), eps=1e-05, elementwise_affine=True)
)
Residual Attention Block 10: ResidualAttentionBlock(
  (attn): MultiheadAttention(
    (out_proj): NonDynamicallyQuantizableLinear(in_features=512, out_features=512, bias=True)
  )
  (ln_1): LayerNorm((512,), eps=1e-05, elementwise_affine=True)
  (mlp): Sequential(
    (c_fc): Linear(in_features=512, out_features=2048, bias=True)
    (gelu): QuickGELU()
    (c_proj): Linear(in_features=2048, out_features=512, bias=True)
  )
  (ln_2): LayerNorm((512,), eps=1e-05, elementwise_affine=True)
)
Residual Attention Block 11: ResidualAttentionBlock(
  (attn): MultiheadAttention(
    (out_proj): NonDynamicallyQuantizableLinear(in_features=512, out_features=512, bias=True)
  )
  (ln_1): LayerNorm((512,), eps=1e-05, elementwise_affine=True)
  (mlp): Sequential(
    (c_fc): Linear(in_features=512, out_features=2048, bias=True)
    (gelu): QuickGELU()
    (c_proj): Linear(in_features=2048, out_features=512, bias=True)
  )
  (ln_2): LayerNorm((512,), eps=1e-05, elementwise_affine=True)
)
Residual Attention Block 0: ResidualAttentionBlock(
  (attn): MultiheadAttention(
    (out_proj): NonDynamicallyQuantizableLinear(in_features=768, out_features=768, bias=True)
  )
  (ln_1): LayerNorm((768,), eps=1e-05, elementwise_affine=True)
  (mlp): Sequential(
    (c_fc): Linear(in_features=768, out_features=3072, bias=True)
    (gelu): QuickGELU()
    (c_proj): Linear(in_features=3072, out_features=768, bias=True)
  )
  (ln_2): LayerNorm((768,), eps=1e-05, elementwise_affine=True)
)
Residual Attention Block 1: ResidualAttentionBlock(
  (attn): MultiheadAttention(
    (out_proj): NonDynamicallyQuantizableLinear(in_features=768, out_features=768, bias=True)
  )
  (ln_1): LayerNorm((768,), eps=1e-05, elementwise_affine=True)
  (mlp): Sequential(
    (c_fc): Linear(in_features=768, out_features=3072, bias=True)
    (gelu): QuickGELU()
    (c_proj): Linear(in_features=3072, out_features=768, bias=True)
  )
  (ln_2): LayerNorm((768,), eps=1e-05, elementwise_affine=True)
)
Residual Attention Block 2: ResidualAttentionBlock(
  (attn): MultiheadAttention(
    (out_proj): NonDynamicallyQuantizableLinear(in_features=768, out_features=768, bias=True)
  )
  (ln_1): LayerNorm((768,), eps=1e-05, elementwise_affine=True)
  (mlp): Sequential(
    (c_fc): Linear(in_features=768, out_features=3072, bias=True)
    (gelu): QuickGELU()
    (c_proj): Linear(in_features=3072, out_features=768, bias=True)
  )
  (ln_2): LayerNorm((768,), eps=1e-05, elementwise_affine=True)
)
Residual Attention Block 3: ResidualAttentionBlock(
  (attn): MultiheadAttention(
    (out_proj): NonDynamicallyQuantizableLinear(in_features=768, out_features=768, bias=True)
  )
  (ln_1): LayerNorm((768,), eps=1e-05, elementwise_affine=True)
  (mlp): Sequential(
    (c_fc): Linear(in_features=768, out_features=3072, bias=True)
    (gelu): QuickGELU()
    (c_proj): Linear(in_features=3072, out_features=768, bias=True)
  )
  (ln_2): LayerNorm((768,), eps=1e-05, elementwise_affine=True)
)
Residual Attention Block 4: ResidualAttentionBlock(
  (attn): MultiheadAttention(
    (out_proj): NonDynamicallyQuantizableLinear(in_features=768, out_features=768, bias=True)
  )
  (ln_1): LayerNorm((768,), eps=1e-05, elementwise_affine=True)
  (mlp): Sequential(
    (c_fc): Linear(in_features=768, out_features=3072, bias=True)
    (gelu): QuickGELU()
    (c_proj): Linear(in_features=3072, out_features=768, bias=True)
  )
  (ln_2): LayerNorm((768,), eps=1e-05, elementwise_affine=True)
)
Residual Attention Block 5: ResidualAttentionBlock(
  (attn): MultiheadAttention(
    (out_proj): NonDynamicallyQuantizableLinear(in_features=768, out_features=768, bias=True)
  )
  (ln_1): LayerNorm((768,), eps=1e-05, elementwise_affine=True)
  (mlp): Sequential(
    (c_fc): Linear(in_features=768, out_features=3072, bias=True)
    (gelu): QuickGELU()
    (c_proj): Linear(in_features=3072, out_features=768, bias=True)
  )
  (ln_2): LayerNorm((768,), eps=1e-05, elementwise_affine=True)
)
Residual Attention Block 6: ResidualAttentionBlock(
  (attn): MultiheadAttention(
    (out_proj): NonDynamicallyQuantizableLinear(in_features=768, out_features=768, bias=True)
  )
  (ln_1): LayerNorm((768,), eps=1e-05, elementwise_affine=True)
  (mlp): Sequential(
    (c_fc): Linear(in_features=768, out_features=3072, bias=True)
    (gelu): QuickGELU()
    (c_proj): Linear(in_features=3072, out_features=768, bias=True)
  )
  (ln_2): LayerNorm((768,), eps=1e-05, elementwise_affine=True)
)
Residual Attention Block 7: ResidualAttentionBlock(
  (attn): MultiheadAttention(
    (out_proj): NonDynamicallyQuantizableLinear(in_features=768, out_features=768, bias=True)
  )
  (ln_1): LayerNorm((768,), eps=1e-05, elementwise_affine=True)
  (mlp): Sequential(
    (c_fc): Linear(in_features=768, out_features=3072, bias=True)
    (gelu): QuickGELU()
    (c_proj): Linear(in_features=3072, out_features=768, bias=True)
  )
  (ln_2): LayerNorm((768,), eps=1e-05, elementwise_affine=True)
)
Residual Attention Block 8: ResidualAttentionBlock(
  (attn): MultiheadAttention(
    (out_proj): NonDynamicallyQuantizableLinear(in_features=768, out_features=768, bias=True)
  )
  (ln_1): LayerNorm((768,), eps=1e-05, elementwise_affine=True)
  (mlp): Sequential(
    (c_fc): Linear(in_features=768, out_features=3072, bias=True)
    (gelu): QuickGELU()
    (c_proj): Linear(in_features=3072, out_features=768, bias=True)
  )
  (ln_2): LayerNorm((768,), eps=1e-05, elementwise_affine=True)
)
Residual Attention Block 9: ResidualAttentionBlock(
  (attn): MultiheadAttention(
    (out_proj): NonDynamicallyQuantizableLinear(in_features=768, out_features=768, bias=True)
  )
  (ln_1): LayerNorm((768,), eps=1e-05, elementwise_affine=True)
  (mlp): Sequential(
    (c_fc): Linear(in_features=768, out_features=3072, bias=True)
    (gelu): QuickGELU()
    (c_proj): Linear(in_features=3072, out_features=768, bias=True)
  )
  (ln_2): LayerNorm((768,), eps=1e-05, elementwise_affine=True)
)
Residual Attention Block 10: ResidualAttentionBlock(
  (attn): MultiheadAttention(
    (out_proj): NonDynamicallyQuantizableLinear(in_features=768, out_features=768, bias=True)
  )
  (ln_1): LayerNorm((768,), eps=1e-05, elementwise_affine=True)
  (mlp): Sequential(
    (c_fc): Linear(in_features=768, out_features=3072, bias=True)
    (gelu): QuickGELU()
    (c_proj): Linear(in_features=3072, out_features=768, bias=True)
  )
  (ln_2): LayerNorm((768,), eps=1e-05, elementwise_affine=True)
)
Residual Attention Block 11: ResidualAttentionBlock(
  (attn): MultiheadAttention(
    (out_proj): NonDynamicallyQuantizableLinear(in_features=768, out_features=768, bias=True)
  )
  (ln_1): LayerNorm((768,), eps=1e-05, elementwise_affine=True)
  (mlp): Sequential(
    (c_fc): Linear(in_features=768, out_features=3072, bias=True)
    (gelu): QuickGELU()
    (c_proj): Linear(in_features=3072, out_features=768, bias=True)
  )
  (ln_2): LayerNorm((768,), eps=1e-05, elementwise_affine=True)
)
LR: 0.000200, Acc: 56.3725, Loss: 2.2558
LR: 0.000200, Acc: 59.3137, Loss: 2.0418
LR: 0.000200, Acc: 58.8235, Loss: 2.0422
LR: 0.000200, Acc: 60.7843, Loss: 1.9201
LR: 0.000199, Acc: 60.7843, Loss: 1.8919
LR: 0.000199, Acc: 66.1765, Loss: 1.7320
LR: 0.000199, Acc: 65.6863, Loss: 1.6487
LR: 0.000198, Acc: 66.1765, Loss: 1.4797
LR: 0.000198, Acc: 62.7451, Loss: 1.4877
LR: 0.000198, Acc: 65.1961, Loss: 1.3448
LR: 0.000197, Acc: 68.6275, Loss: 1.2446
LR: 0.000197, Acc: 71.5686, Loss: 1.0652
LR: 0.000196, Acc: 73.0392, Loss: 1.1031
LR: 0.000195, Acc: 69.6078, Loss: 0.9943
LR: 0.000195, Acc: 75.4902, Loss: 0.8436
LR: 0.000194, Acc: 78.9216, Loss: 0.7793
LR: 0.000193, Acc: 79.4118, Loss: 0.8159
LR: 0.000192, Acc: 81.3725, Loss: 0.7719
LR: 0.000191, Acc: 78.4314, Loss: 0.7167
LR: 0.000191, Acc: 84.3137, Loss: 0.5988
LR: 0.000190, Acc: 85.7843, Loss: 0.5584
LR: 0.000189, Acc: 88.7255, Loss: 0.5355
LR: 0.000188, Acc: 90.1961, Loss: 0.4489
LR: 0.000186, Acc: 88.2353, Loss: 0.4489
LR: 0.000185, Acc: 90.1961, Loss: 0.4173
LR: 0.000184, Acc: 84.8039, Loss: 0.4574
LR: 0.000183, Acc: 89.2157, Loss: 0.4010
LR: 0.000182, Acc: 91.6667, Loss: 0.3049
LR: 0.000180, Acc: 92.1569, Loss: 0.3411
LR: 0.000179, Acc: 91.6667, Loss: 0.4059
LR: 0.000178, Acc: 89.7059, Loss: 0.4517
LR: 0.000176, Acc: 91.6667, Loss: 0.3146
LR: 0.000175, Acc: 92.6471, Loss: 0.2300
LR: 0.000173, Acc: 92.1569, Loss: 0.3805
LR: 0.000172, Acc: 93.6275, Loss: 0.3001
LR: 0.000170, Acc: 92.6471, Loss: 0.3256
LR: 0.000169, Acc: 94.1176, Loss: 0.2705
LR: 0.000167, Acc: 91.1765, Loss: 0.3039
LR: 0.000166, Acc: 92.1569, Loss: 0.3167
LR: 0.000164, Acc: 93.1373, Loss: 0.2784
LR: 0.000162, Acc: 92.1569, Loss: 0.3184
LR: 0.000160, Acc: 95.5882, Loss: 0.1968
LR: 0.000159, Acc: 93.1373, Loss: 0.2332
LR: 0.000157, Acc: 96.5686, Loss: 0.1690
LR: 0.000155, Acc: 92.6471, Loss: 0.3532
LR: 0.000153, Acc: 95.0980, Loss: 0.2686
LR: 0.000151, Acc: 94.6078, Loss: 0.1960
LR: 0.000150, Acc: 92.6471, Loss: 0.2971
LR: 0.000148, Acc: 97.5490, Loss: 0.1497
LR: 0.000146, Acc: 95.0980, Loss: 0.2232
LR: 0.000144, Acc: 95.5882, Loss: 0.2232
LR: 0.000142, Acc: 97.0588, Loss: 0.1394
LR: 0.000140, Acc: 98.0392, Loss: 0.1030
LR: 0.000138, Acc: 94.1176, Loss: 0.2532
LR: 0.000136, Acc: 97.0588, Loss: 0.1338
LR: 0.000134, Acc: 94.1176, Loss: 0.2103
LR: 0.000132, Acc: 96.0784, Loss: 0.1872
LR: 0.000129, Acc: 94.1176, Loss: 0.2022
LR: 0.000127, Acc: 96.0784, Loss: 0.1553
LR: 0.000125, Acc: 95.5882, Loss: 0.2091
LR: 0.000123, Acc: 97.0588, Loss: 0.1453
LR: 0.000121, Acc: 96.5686, Loss: 0.1284
LR: 0.000119, Acc: 94.6078, Loss: 0.2195
LR: 0.000117, Acc: 95.5882, Loss: 0.2000
LR: 0.000115, Acc: 95.0980, Loss: 0.1930
LR: 0.000112, Acc: 97.5490, Loss: 0.1084
LR: 0.000110, Acc: 95.0980, Loss: 0.1668
LR: 0.000108, Acc: 97.0588, Loss: 0.1082
LR: 0.000106, Acc: 97.0588, Loss: 0.1138
LR: 0.000104, Acc: 97.5490, Loss: 0.1508
LR: 0.000101, Acc: 96.5686, Loss: 0.1786
LR: 0.000099, Acc: 95.5882, Loss: 0.2229
LR: 0.000097, Acc: 97.0588, Loss: 0.1206
LR: 0.000095, Acc: 95.0980, Loss: 0.2686
LR: 0.000093, Acc: 97.0588, Loss: 0.1388
LR: 0.000091, Acc: 97.5490, Loss: 0.0913
LR: 0.000088, Acc: 99.0196, Loss: 0.0797
LR: 0.000086, Acc: 97.0588, Loss: 0.1375
LR: 0.000084, Acc: 96.5686, Loss: 0.1395
LR: 0.000082, Acc: 94.1176, Loss: 0.1695
LR: 0.000080, Acc: 95.0980, Loss: 0.1684
LR: 0.000078, Acc: 98.0392, Loss: 0.0838
LR: 0.000075, Acc: 96.5686, Loss: 0.1524
LR: 0.000073, Acc: 96.0784, Loss: 0.1967
LR: 0.000071, Acc: 97.5490, Loss: 0.1061
LR: 0.000069, Acc: 98.0392, Loss: 0.0938
LR: 0.000067, Acc: 95.0980, Loss: 0.2101
LR: 0.000065, Acc: 96.0784, Loss: 0.1267
LR: 0.000063, Acc: 98.5294, Loss: 0.0764
LR: 0.000061, Acc: 97.0588, Loss: 0.1549
LR: 0.000059, Acc: 98.5294, Loss: 0.1071
LR: 0.000057, Acc: 96.0784, Loss: 0.1803
LR: 0.000055, Acc: 97.5490, Loss: 0.1160
LR: 0.000053, Acc: 96.5686, Loss: 0.1321
LR: 0.000051, Acc: 95.5882, Loss: 0.1424
LR: 0.000049, Acc: 96.5686, Loss: 0.0922
LR: 0.000047, Acc: 97.0588, Loss: 0.1089
LR: 0.000046, Acc: 98.0392, Loss: 0.1218
LR: 0.000044, Acc: 98.0392, Loss: 0.0760
LR: 0.000042, Acc: 96.0784, Loss: 0.1697
LR: 0.000040, Acc: 96.5686, Loss: 0.1412
LR: 0.000039, Acc: 98.5294, Loss: 0.0603
LR: 0.000037, Acc: 97.5490, Loss: 0.0968
LR: 0.000035, Acc: 98.5294, Loss: 0.0744
LR: 0.000034, Acc: 97.5490, Loss: 0.0937
LR: 0.000032, Acc: 99.5098, Loss: 0.0611
LR: 0.000030, Acc: 96.0784, Loss: 0.1269
LR: 0.000029, Acc: 96.0784, Loss: 0.1359
LR: 0.000027, Acc: 96.5686, Loss: 0.1325
LR: 0.000026, Acc: 99.0196, Loss: 0.0525
LR: 0.000024, Acc: 97.0588, Loss: 0.0872
LR: 0.000023, Acc: 96.0784, Loss: 0.1311
LR: 0.000022, Acc: 96.5686, Loss: 0.0933
LR: 0.000020, Acc: 97.5490, Loss: 0.0846
LR: 0.000019, Acc: 98.0392, Loss: 0.0952
LR: 0.000018, Acc: 97.0588, Loss: 0.1494
LR: 0.000017, Acc: 98.0392, Loss: 0.1268
LR: 0.000015, Acc: 97.0588, Loss: 0.1065
LR: 0.000014, Acc: 97.0588, Loss: 0.1139
LR: 0.000013, Acc: 96.0784, Loss: 0.1345
LR: 0.000012, Acc: 98.0392, Loss: 0.0865
LR: 0.000011, Acc: 98.0392, Loss: 0.1495
LR: 0.000010, Acc: 98.0392, Loss: 0.0857
LR: 0.000009, Acc: 97.5490, Loss: 0.1041
LR: 0.000009, Acc: 97.0588, Loss: 0.1078
LR: 0.000008, Acc: 97.0588, Loss: 0.0850
LR: 0.000007, Acc: 96.0784, Loss: 0.1009
LR: 0.000006, Acc: 96.5686, Loss: 0.1247
LR: 0.000006, Acc: 99.0196, Loss: 0.0593
LR: 0.000005, Acc: 98.0392, Loss: 0.0834
LR: 0.000004, Acc: 96.5686, Loss: 0.1018
LR: 0.000004, Acc: 97.5490, Loss: 0.1261
LR: 0.000003, Acc: 96.0784, Loss: 0.1492
LR: 0.000003, Acc: 95.5882, Loss: 0.2135
LR: 0.000002, Acc: 98.0392, Loss: 0.0994
LR: 0.000002, Acc: 99.0196, Loss: 0.0510
LR: 0.000002, Acc: 97.5490, Loss: 0.0864
LR: 0.000002, Acc: 98.0392, Loss: 0.0759
LR: 0.000001, Acc: 96.0784, Loss: 0.1541
LR: 0.000001, Acc: 97.0588, Loss: 0.0863
LR: 0.000001, Acc: 97.0588, Loss: 0.0965
LR: 0.000001, Acc: 97.0588, Loss: 0.1071
**** Final test accuracy: 89.57. ****

LoRA weights saved to weights/vitb16/oxford_flowers/2shots/seed1/CLIP-LoRA_oxford_flowers.pt
